{"event":{"EVENT":{"EventData":{"AuthenticationPackageName":"NTLM","FailureReason":"%%2313","IpAddress":"45.227.253.61","IpPort":"0","KeyLength":"0","LmPackageName":"-","LogonProcessName":"NtLmSsp","LogonType":"3","ProcessId":"0x0","ProcessName":"-","Status":"0xc000006d","SubStatus":"0xc0000064","SubjectDomainName":"-","SubjectLogonId":"0x0","SubjectUserName":"-","SubjectUserSid":"S-1-0-0","TargetDomainName":"WINDOWS-SERVER-2022-AAC9C41D-E0A3-4E7E-88B8-33936AB93238-0","TargetUserName":"Admin","TargetUserSid":"S-1-0-0","TransmittedServices":"-","WorkstationName":"WIN-56DH2BBHACU"},"System":{"Channel":"Security","Computer":"windows-server-2022-aac9c41d-e0a3-4e7e-88b8-33936ab93238-0","Correlation":{"ActivityID":"{55ae049b-37ef-0001-ee39-a76a4ac5db01}"},"EventID":"4625","EventRecordID":"4417738","Execution":{"ProcessID":"648","ThreadID":"2096"},"Keywords":"0x8010000000000000","Level":"0","Opcode":"0","Provider":{"Guid":"{54849625-5478-4994-a5ba-3e3b0328c30d}","Name":"Microsoft-Windows-Security-Auditing"},"Security":"","Task":"12544","TimeCreated":{"SystemTime":"2025-06-10T02:44:20.2564821Z"},"Version":"0","_event_id":"4625"}}},"routing":{"arch":2,"did":"","event_id":"aaae54af-bbdc-4043-9b46-e4c1e506ef05","event_time":1749523461263,"event_type":"WEL","ext_ip":"34.171.104.183","hostname":"windows-server-2022-aac9c41d-e0a3-4e7e-88b8-33936ab93238-0.c.lc-demo-infra.internal.","iid":"09774cc8-cb43-4164-abd3-87230031c142","int_ip":"10.128.15.201","latency":2,"moduleid":2,"oid":"aac9c41d-e0a3-4e7e-88b8-33936ab93238","plat":268435456,"sid":"17b8710a-7337-4e64-9c18-2955e86f2d0d","tags":["fim","lc:stable","windows"],"this":"39ce1fe5a01782b9cc3b378768479c05"},"ts":"2025-06-10 02:44:21"}
{"event":{"ENVIRONMENT_VARIABLES":["ALLUSERSPROFILE=C:\\ProgramData","APPDATA=C:\\Windows\\system32\\config\\systemprofile\\AppData\\Roaming","CommonProgramFiles=C:\\Program Files\\Common Files","CommonProgramFiles(x86)=C:\\Program Files (x86)\\Common Files","CommonProgramW6432=C:\\Program Files\\Common Files","COMPUTERNAME=DESKTOP-C2A1841","ComSpec=C:\\Windows\\system32\\cmd.exe","DriverData=C:\\Windows\\System32\\Drivers\\DriverData","GooGetRoot=C:\\ProgramData\\GooGet","LOCALAPPDATA=C:\\Windows\\system32\\config\\systemprofile\\AppData\\Local","NUMBER_OF_PROCESSORS=2","OS=Windows_NT","Path=C:\\Windows\\system32;C:\\Windows;C:\\Windows\\System32\\Wbem;C:\\Windows\\System32\\WindowsPowerShell\\v1.0\\;C:\\Windows\\System32\\OpenSSH\\;C:\\ProgramData\\GooGet;C:\\Program Files\\Google\\Compute Engine\\metadata_scripts;C:\\Program Files\\Google\\Compute Engine\\sysprep;C:\\Windows\\system32\\config\\systemprofile\\AppData\\Local\\Microsoft\\WindowsApps","PATHEXT=.COM;.EXE;.BAT;.CMD;.VBS;.VBE;.JS;.JSE;.WSF;.WSH;.MSC","PROCESSOR_ARCHITECTURE=AMD64","PROCESSOR_IDENTIFIER=Intel64 Family 6 Model 79 Stepping 0, GenuineIntel","PROCESSOR_LEVEL=6","PROCESSOR_REVISION=4f00","ProgramData=C:\\ProgramData","ProgramFiles=C:\\Program Files","ProgramFiles(x86)=C:\\Program Files (x86)","ProgramW6432=C:\\Program Files","PSModulePath=%ProgramFiles%\\WindowsPowerShell\\Modules;C:\\Windows\\system32\\WindowsPowerShell\\v1.0\\Modules","PUBLIC=C:\\Users\\Public","SystemDrive=C:","SystemRoot=C:\\Windows","TEMP=C:\\Windows\\TEMP","TMP=C:\\Windows\\TEMP","USERDOMAIN=WORKGROUP","USERNAME=DESKTOP-C2A1841$","USERPROFILE=C:\\Windows\\system32\\config\\systemprofile","windir=C:\\Windows"],"PROCESS_ID":12304},"routing":{"arch":2,"did":"","event_id":"f85ffb8d-4437-4fa7-a64e-09e3e2da1c93","event_time":1749523461108,"event_type":"PROCESS_ENVIRONMENT","ext_ip":"34.58.90.170","hostname":"desktop-c2a1841.c.lc-demo-infra.internal.","iid":"09774cc8-cb43-4164-abd3-87230031c142","int_ip":"10.128.15.200","latency":-28,"moduleid":2,"oid":"aac9c41d-e0a3-4e7e-88b8-33936ab93238","parent":"ba75eb785d7f0b3cdf53eab568479c05","plat":268435456,"sid":"c4ba6121-d13d-4871-82f8-4b5c5556761e","tags":["lc:testtag","windows"],"this":"07d26605d83c71aed989528968479c05"},"ts":"2025-06-10 02:44:21"}
{"event":{"ENVIRONMENT_VARIABLES":["ALLUSERSPROFILE=C:\\ProgramData","APPDATA=C:\\Windows\\system32\\config\\systemprofile\\AppData\\Roaming","CommonProgramFiles=C:\\Program Files\\Common Files","CommonProgramFiles(x86)=C:\\Program Files (x86)\\Common Files","CommonProgramW6432=C:\\Program Files\\Common Files","COMPUTERNAME=DESKTOP-C2A1841","ComSpec=C:\\Windows\\system32\\cmd.exe","DriverData=C:\\Windows\\System32\\Drivers\\DriverData","GooGetRoot=C:\\ProgramData\\GooGet","LOCALAPPDATA=C:\\Windows\\system32\\config\\systemprofile\\AppData\\Local","NUMBER_OF_PROCESSORS=2","OS=Windows_NT","Path=C:\\Windows\\system32;C:\\Windows;C:\\Windows\\System32\\Wbem;C:\\Windows\\System32\\WindowsPowerShell\\v1.0\\;C:\\Windows\\System32\\OpenSSH\\;C:\\ProgramData\\GooGet;C:\\Program Files\\Google\\Compute Engine\\metadata_scripts;C:\\Program Files\\Google\\Compute Engine\\sysprep;C:\\Windows\\system32\\config\\systemprofile\\AppData\\Local\\Microsoft\\WindowsApps","PATHEXT=.COM;.EXE;.BAT;.CMD;.VBS;.VBE;.JS;.JSE;.WSF;.WSH;.MSC","PROCESSOR_ARCHITECTURE=AMD64","PROCESSOR_IDENTIFIER=Intel64 Family 6 Model 79 Stepping 0, GenuineIntel","PROCESSOR_LEVEL=6","PROCESSOR_REVISION=4f00","ProgramData=C:\\ProgramData","ProgramFiles=C:\\Program Files","ProgramFiles(x86)=C:\\Program Files (x86)","ProgramW6432=C:\\Program Files","PSModulePath=%ProgramFiles%\\WindowsPowerShell\\Modules;C:\\Windows\\system32\\WindowsPowerShell\\v1.0\\Modules","PUBLIC=C:\\Users\\Public","SystemDrive=C:","SystemRoot=C:\\Windows","TEMP=C:\\Windows\\TEMP","TMP=C:\\Windows\\TEMP","USERDOMAIN=WORKGROUP","USERNAME=DESKTOP-C2A1841$","USERPROFILE=C:\\Windows\\system32\\config\\systemprofile","windir=C:\\Windows"],"PROCESS_ID":8004},"routing":{"arch":2,"did":"","event_id":"cb5ea777-12fe-482e-aef4-5e0a29418ba4","event_time":1749523461108,"event_type":"PROCESS_ENVIRONMENT","ext_ip":"34.58.90.170","hostname":"desktop-c2a1841.c.lc-demo-infra.internal.","iid":"09774cc8-cb43-4164-abd3-87230031c142","int_ip":"10.128.15.200","latency":-16,"moduleid":2,"oid":"aac9c41d-e0a3-4e7e-88b8-33936ab93238","parent":"47ec1e3b53ccb6a96ffbe1e768479c05","plat":268435456,"sid":"c4ba6121-d13d-4871-82f8-4b5c5556761e","tags":["lc:testtag","windows"],"this":"778c1c1df0753c4a8cb4dba068479c05"},"ts":"2025-06-10 02:44:21"}
{"event":{"EVENT":{"EventData":{"AuthenticationPackageName":"Negotiate","ElevatedToken":"%%1842","ImpersonationLevel":"%%1833","IpAddress":"-","IpPort":"-","KeyLength":"0","LmPackageName":"-","LogonGuid":"{00000000-0000-0000-0000-000000000000}","LogonProcessName":"Advapi","LogonType":"5","ProcessId":"0x270","ProcessName":"C:\\Windows\\System32\\services.exe","RestrictedAdminMode":"-","SubjectDomainName":"WORKGROUP","SubjectLogonId":"0x3e7","SubjectUserName":"DESKTOP-C2A1841$","SubjectUserSid":"S-1-5-18","TargetDomainName":"NT AUTHORITY","TargetLinkedLogonId":"0x0","TargetLogonId":"0x3e7","TargetOutboundDomainName":"-","TargetOutboundUserName":"-","TargetUserName":"SYSTEM","TargetUserSid":"S-1-5-18","TransmittedServices":"-","VirtualAccount":"%%1843","WorkstationName":"-"},"System":{"Channel":"Security","Computer":"DESKTOP-C2A1841","Correlation":{"ActivityID":"{352b8892-aa45-0001-ddca-25f63c52db01}"},"EventID":"4624","EventRecordID":"4683389","Execution":{"ProcessID":"648","ThreadID":"4000"},"Keywords":"0x8020000000000000","Level":"0","Opcode":"0","Provider":{"Guid":"{54849625-5478-4994-a5ba-3e3b0328c30d}","Name":"Microsoft-Windows-Security-Auditing"},"Security":"","Task":"12544","TimeCreated":{"SystemTime":"2025-06-10T02:44:19.1447298Z"},"Version":"2","_event_id":"4624"}}},"routing":{"arch":2,"did":"","event_id":"183b3b3a-8e1d-4990-a1c6-f80888841c59","event_time":1749523461156,"event_type":"WEL","ext_ip":"34.58.90.170","hostname":"desktop-c2a1841.c.lc-demo-infra.internal.","iid":"09774cc8-cb43-4164-abd3-87230031c142","int_ip":"10.128.15.200","latency":-21,"moduleid":2,"oid":"aac9c41d-e0a3-4e7e-88b8-33936ab93238","plat":268435456,"sid":"c4ba6121-d13d-4871-82f8-4b5c5556761e","tags":["lc:testtag","windows"],"this":"dd8df54bddd5d81e34e2918e68479c05"},"ts":"2025-06-10 02:44:21"}
{"event":{"EVENT":{"EventData":{"PrivilegeList":"SeAssignPrimaryTokenPrivilege\n\t\t\tSeTcbPrivilege\n\t\t\tSeSecurityPrivilege\n\t\t\tSeTakeOwnershipPrivilege\n\t\t\tSeLoadDriverPrivilege\n\t\t\tSeBackupPrivilege\n\t\t\tSeRestorePrivilege\n\t\t\tSeDebugPrivilege\n\t\t\tSeAuditPrivilege\n\t\t\tSeSystemEnvironmentPrivilege\n\t\t\tSeImpersonatePrivilege\n\t\t\tSeDelegateSessionUserImpersonatePrivilege","SubjectDomainName":"NT AUTHORITY","SubjectLogonId":"0x3e7","SubjectUserName":"SYSTEM","SubjectUserSid":"S-1-5-18"},"System":{"Channel":"Security","Computer":"DESKTOP-C2A1841","Correlation":{"ActivityID":"{352b8892-aa45-0001-ddca-25f63c52db01}"},"EventID":"4672","EventRecordID":"4683390","Execution":{"ProcessID":"648","ThreadID":"4000"},"Keywords":"0x8020000000000000","Level":"0","Opcode":"0","Provider":{"Guid":"{54849625-5478-4994-a5ba-3e3b0328c30d}","Name":"Microsoft-Windows-Security-Auditing"},"Security":"","Task":"12548","TimeCreated":{"SystemTime":"2025-06-10T02:44:19.1447401Z"},"Version":"0","_event_id":"4672"}}},"routing":{"arch":2,"did":"","event_id":"0a578671-3bfc-42bd-aa2c-28bda3ba9175","event_time":1749523461156,"event_type":"WEL","ext_ip":"34.58.90.170","hostname":"desktop-c2a1841.c.lc-demo-infra.internal.","iid":"09774cc8-cb43-4164-abd3-87230031c142","int_ip":"10.128.15.200","latency":-20,"moduleid":2,"oid":"aac9c41d-e0a3-4e7e-88b8-33936ab93238","plat":268435456,"sid":"c4ba6121-d13d-4871-82f8-4b5c5556761e","tags":["lc:testtag","windows"],"this":"db156a5bf65e0e06f06cd4e768479c05"},"ts":"2025-06-10 02:44:21"}
{"event":{"DNS_TYPE":1,"DOMAIN_NAME":"logging.googleapis.com","IP_ADDRESS":"142.251.184.95","MESSAGE_ID":47479,"PROCESS_ID":1912},"routing":{"arch":2,"did":"","event_id":"3f4297b4-e2c8-474e-b22c-ab4f9fe526da","event_time":1749523461548,"event_type":"DNS_REQUEST","ext_ip":"34.58.90.170","hostname":"desktop-c2a1841.c.lc-demo-infra.internal.","iid":"09774cc8-cb43-4164-abd3-87230031c142","int_ip":"10.128.15.200","latency":721,"moduleid":2,"oid":"aac9c41d-e0a3-4e7e-88b8-33936ab93238","parent":"5e6b7b034a93c77d07a534f16818de60","plat":268435456,"sid":"c4ba6121-d13d-4871-82f8-4b5c5556761e","tags":["lc:testtag","windows"],"this":"cbb995b29a2d256975babed068479c06"},"ts":"2025-06-10 02:44:21"}
{"event":{"PARENT_PROCESS_ID":1688,"PROCESS_ID":16612},"routing":{"arch":2,"did":"","event_id":"0ccd7385-3ab5-4eb2-8a94-7ac4a30c7d5c","event_time":1749523461390,"event_type":"TERMINATE_PROCESS","ext_ip":"34.58.90.170","hostname":"desktop-c2a1841.c.lc-demo-infra.internal.","iid":"09774cc8-cb43-4164-abd3-87230031c142","int_ip":"10.128.15.200","latency":3977,"moduleid":2,"oid":"aac9c41d-e0a3-4e7e-88b8-33936ab93238","parent":"e5fd507f989b91b57d4c903368479c04","plat":268435456,"sid":"c4ba6121-d13d-4871-82f8-4b5c5556761e","tags":["lc:testtag","windows"],"this":"e3e95d786149baa28fd1fd1368479c09"},"ts":"2025-06-10 02:44:21"}
{"event":{"PARENT_PROCESS_ID":16612,"PROCESS_ID":17228},"routing":{"arch":2,"did":"","event_id":"3aec78a7-c842-459d-86cc-b17e0f9817be","event_time":1749523461390,"event_type":"TERMINATE_PROCESS","ext_ip":"34.58.90.170","hostname":"desktop-c2a1841.c.lc-demo-infra.internal.","iid":"09774cc8-cb43-4164-abd3-87230031c142","int_ip":"10.128.15.200","latency":3978,"moduleid":2,"oid":"aac9c41d-e0a3-4e7e-88b8-33936ab93238","parent":"4fddf5149645906734c1754368479c04","plat":268435456,"sid":"c4ba6121-d13d-4871-82f8-4b5c5556761e","tags":["lc:testtag","windows"],"this":"5f87dd0f819518a7a78c8d0268479c09"},"ts":"2025-06-10 02:44:21"}
{"event":{"PARENT_PROCESS_ID":1688,"PROCESS_ID":8224},"routing":{"arch":2,"did":"","event_id":"7a655ce1-6745-4afc-a693-3ff23a81e626","event_time":1749523461390,"event_type":"TERMINATE_PROCESS","ext_ip":"34.58.90.170","hostname":"desktop-c2a1841.c.lc-demo-infra.internal.","iid":"09774cc8-cb43-4164-abd3-87230031c142","int_ip":"10.128.15.200","latency":3978,"moduleid":2,"oid":"aac9c41d-e0a3-4e7e-88b8-33936ab93238","parent":"c1343988025de4d57cf9362668479c04","plat":268435456,"sid":"c4ba6121-d13d-4871-82f8-4b5c5556761e","tags":["lc:testtag","windows"],"this":"0df8580216f676ceb044a37e68479c09"},"ts":"2025-06-10 02:44:21"}
{"event":{"PARENT_PROCESS_ID":8224,"PROCESS_ID":14304},"routing":{"arch":2,"did":"","event_id":"b32ae600-8c20-4e18-99d1-2a195c6b48a8","event_time":1749523461390,"event_type":"TERMINATE_PROCESS","ext_ip":"34.58.90.170","hostname":"desktop-c2a1841.c.lc-demo-infra.internal.","iid":"09774cc8-cb43-4164-abd3-87230031c142","int_ip":"10.128.15.200","latency":3978,"moduleid":2,"oid":"aac9c41d-e0a3-4e7e-88b8-33936ab93238","parent":"616f83c31bb2123c3df8ca9368479c04","plat":268435456,"sid":"c4ba6121-d13d-4871-82f8-4b5c5556761e","tags":["lc:testtag","windows"],"this":"cbd0e689396bdee94386422d68479c09"},"ts":"2025-06-10 02:44:21"}
{"event":{"PARENT_PROCESS_ID":1688,"PROCESS_ID":16772},"routing":{"arch":2,"did":"","event_id":"0e69db84-c4ab-4f63-bd91-7eef707e9939","event_time":1749523461390,"event_type":"TERMINATE_PROCESS","ext_ip":"34.58.90.170","hostname":"desktop-c2a1841.c.lc-demo-infra.internal.","iid":"09774cc8-cb43-4164-abd3-87230031c142","int_ip":"10.128.15.200","latency":3979,"moduleid":2,"oid":"aac9c41d-e0a3-4e7e-88b8-33936ab93238","parent":"71cd2fe3347dba40266accf268479c05","plat":268435456,"sid":"c4ba6121-d13d-4871-82f8-4b5c5556761e","tags":["lc:testtag","windows"],"this":"8006ec976483a20a38e9024a68479c09"},"ts":"2025-06-10 02:44:21"}
{"event":{"PARENT_PROCESS_ID":16772,"PROCESS_ID":15948},"routing":{"arch":2,"did":"","event_id":"169f1a3e-a8bf-4523-9327-12657bb40751","event_time":1749523461390,"event_type":"TERMINATE_PROCESS","ext_ip":"34.58.90.170","hostname":"desktop-c2a1841.c.lc-demo-infra.internal.","iid":"09774cc8-cb43-4164-abd3-87230031c142","int_ip":"10.128.15.200","latency":3979,"moduleid":2,"oid":"aac9c41d-e0a3-4e7e-88b8-33936ab93238","parent":"3be5e42bf2ba07db5da91d9168479c05","plat":268435456,"sid":"c4ba6121-d13d-4871-82f8-4b5c5556761e","tags":["lc:testtag","windows"],"this":"bd89210c499758170b951d9c68479c09"},"ts":"2025-06-10 02:44:21"}
{"event":{"PARENT_PROCESS_ID":1688,"PROCESS_ID":11908},"routing":{"arch":2,"did":"","event_id":"b2e01dff-8ab9-406c-b757-d09fd9175af9","event_time":1749523461390,"event_type":"TERMINATE_PROCESS","ext_ip":"34.58.90.170","hostname":"desktop-c2a1841.c.lc-demo-infra.internal.","iid":"09774cc8-cb43-4164-abd3-87230031c142","int_ip":"10.128.15.200","latency":3979,"moduleid":2,"oid":"aac9c41d-e0a3-4e7e-88b8-33936ab93238","parent":"5fd8a6873e8ea9dd3b9ade3d68479c05","plat":268435456,"sid":"c4ba6121-d13d-4871-82f8-4b5c5556761e","tags":["lc:testtag","windows"],"this":"c1ba2402df18222044c8c38368479c09"},"ts":"2025-06-10 02:44:21"}
{"event":{"PARENT_PROCESS_ID":11908,"PROCESS_ID":15952},"routing":{"arch":2,"did":"","event_id":"2b8fa427-9354-45ea-b3eb-1e6bf6ee83a5","event_time":1749523461390,"event_type":"TERMINATE_PROCESS","ext_ip":"34.58.90.170","hostname":"desktop-c2a1841.c.lc-demo-infra.internal.","iid":"09774cc8-cb43-4164-abd3-87230031c142","int_ip":"10.128.15.200","latency":3979,"moduleid":2,"oid":"aac9c41d-e0a3-4e7e-88b8-33936ab93238","parent":"202f0bb5f1c136003a5009af68479c05","plat":268435456,"sid":"c4ba6121-d13d-4871-82f8-4b5c5556761e","tags":["lc:testtag","windows"],"this":"fb7b2dff7f44620c491d119368479c09"},"ts":"2025-06-10 02:44:21"}
{"event":{"ENVIRONMENT_VARIABLES":["ALLUSERSPROFILE=C:\\ProgramData","APPDATA=C:\\Windows\\system32\\config\\systemprofile\\AppData\\Roaming","CommonProgramFiles=C:\\Program Files\\Common Files","CommonProgramFiles(x86)=C:\\Program Files (x86)\\Common Files","CommonProgramW6432=C:\\Program Files\\Common Files","COMPUTERNAME=DESKTOP-C2A1841","ComSpec=C:\\Windows\\system32\\cmd.exe","DriverData=C:\\Windows\\System32\\Drivers\\DriverData","GooGetRoot=C:\\ProgramData\\GooGet","LOCALAPPDATA=C:\\Windows\\system32\\config\\systemprofile\\AppData\\Local","NUMBER_OF_PROCESSORS=2","OS=Windows_NT","Path=C:\\Windows\\system32;C:\\Windows;C:\\Windows\\System32\\Wbem;C:\\Windows\\System32\\WindowsPowerShell\\v1.0\\;C:\\Windows\\System32\\OpenSSH\\;C:\\ProgramData\\GooGet;C:\\Program Files\\Google\\Compute Engine\\metadata_scripts;C:\\Program Files\\Google\\Compute Engine\\sysprep;C:\\Windows\\system32\\config\\systemprofile\\AppData\\Local\\Microsoft\\WindowsApps","PATHEXT=.COM;.EXE;.BAT;.CMD;.VBS;.VBE;.JS;.JSE;.WSF;.WSH;.MSC","PROCESSOR_ARCHITECTURE=AMD64","PROCESSOR_IDENTIFIER=Intel64 Family 6 Model 79 Stepping 0, GenuineIntel","PROCESSOR_LEVEL=6","PROCESSOR_REVISION=4f00","ProgramData=C:\\ProgramData","ProgramFiles=C:\\Program Files","ProgramFiles(x86)=C:\\Program Files (x86)","ProgramW6432=C:\\Program Files","PSModulePath=%ProgramFiles%\\WindowsPowerShell\\Modules;C:\\Windows\\system32\\WindowsPowerShell\\v1.0\\Modules","PUBLIC=C:\\Users\\Public","SystemDrive=C:","SystemRoot=C:\\Windows","TEMP=C:\\Windows\\TEMP","TMP=C:\\Windows\\TEMP","USERDOMAIN=WORKGROUP","USERNAME=DESKTOP-C2A1841$","USERPROFILE=C:\\Windows\\system32\\config\\systemprofile","windir=C:\\Windows"],"PROCESS_ID":7580},"routing":{"arch":2,"did":"","event_id":"d6b5fcb5-5557-4281-a956-26b402e77455","event_time":1749523460052,"event_type":"PROCESS_ENVIRONMENT","ext_ip":"34.58.90.170","hostname":"desktop-c2a1841.c.lc-demo-infra.internal.","iid":"09774cc8-cb43-4164-abd3-87230031c142","int_ip":"10.128.15.200","latency":-21,"moduleid":2,"oid":"aac9c41d-e0a3-4e7e-88b8-33936ab93238","parent":"705e409680b6f35486e98adf68479c04","plat":268435456,"sid":"c4ba6121-d13d-4871-82f8-4b5c5556761e","tags":["lc:testtag","windows"],"this":"81cc4dbf0b3b54eb8230c1c868479c04"},"ts":"2025-06-10 02:44:20"}
{"event":{"ENVIRONMENT_VARIABLES":["ALLUSERSPROFILE=C:\\ProgramData","APPDATA=C:\\Windows\\system32\\config\\systemprofile\\AppData\\Roaming","CommonProgramFiles=C:\\Program Files\\Common Files","CommonProgramFiles(x86)=C:\\Program Files (x86)\\Common Files","CommonProgramW6432=C:\\Program Files\\Common Files","COMPUTERNAME=DESKTOP-C2A1841","ComSpec=C:\\Windows\\system32\\cmd.exe","DriverData=C:\\Windows\\System32\\Drivers\\DriverData","GooGetRoot=C:\\ProgramData\\GooGet","LOCALAPPDATA=C:\\Windows\\system32\\config\\systemprofile\\AppData\\Local","NUMBER_OF_PROCESSORS=2","OS=Windows_NT","Path=C:\\Windows\\system32;C:\\Windows;C:\\Windows\\System32\\Wbem;C:\\Windows\\System32\\WindowsPowerShell\\v1.0\\;C:\\Windows\\System32\\OpenSSH\\;C:\\ProgramData\\GooGet;C:\\Program Files\\Google\\Compute Engine\\metadata_scripts;C:\\Program Files\\Google\\Compute Engine\\sysprep;C:\\Windows\\system32\\config\\systemprofile\\AppData\\Local\\Microsoft\\WindowsApps","PATHEXT=.COM;.EXE;.BAT;.CMD;.VBS;.VBE;.JS;.JSE;.WSF;.WSH;.MSC","PROCESSOR_ARCHITECTURE=AMD64","PROCESSOR_IDENTIFIER=Intel64 Family 6 Model 79 Stepping 0, GenuineIntel","PROCESSOR_LEVEL=6","PROCESSOR_REVISION=4f00","ProgramData=C:\\ProgramData","ProgramFiles=C:\\Program Files","ProgramFiles(x86)=C:\\Program Files (x86)","ProgramW6432=C:\\Program Files","PSModulePath=C:\\Program Files\\WindowsPowerShell\\Modules;C:\\Windows\\system32\\WindowsPowerShell\\v1.0\\Modules","PUBLIC=C:\\Users\\Public","SystemDrive=C:","SystemRoot=C:\\Windows","TEMP=C:\\Windows\\TEMP","TMP=C:\\Windows\\TEMP","USERDOMAIN=WORKGROUP","USERNAME=DESKTOP-C2A1841$","USERPROFILE=C:\\Windows\\system32\\config\\systemprofile","windir=C:\\Windows"],"PROCESS_ID":8224},"routing":{"arch":2,"did":"","event_id":"3a818ea8-4249-4f19-a66c-3ebdd41dad02","event_time":1749523460070,"event_type":"PROCESS_ENVIRONMENT","ext_ip":"34.58.90.170","hostname":"desktop-c2a1841.c.lc-demo-infra.internal.","iid":"09774cc8-cb43-4164-abd3-87230031c142","int_ip":"10.128.15.200","latency":-29,"moduleid":2,"oid":"aac9c41d-e0a3-4e7e-88b8-33936ab93238","parent":"c1343988025de4d57cf9362668479c04","plat":268435456,"sid":"c4ba6121-d13d-4871-82f8-4b5c5556761e","tags":["lc:testtag","windows"],"this":"de71e8166e924e42235b15fa68479c04"},"ts":"2025-06-10 02:44:20"}
{"event":{"ENVIRONMENT_VARIABLES":["ALLUSERSPROFILE=C:\\ProgramData","APPDATA=C:\\Windows\\system32\\config\\systemprofile\\AppData\\Roaming","CommonProgramFiles=C:\\Program Files\\Common Files","CommonProgramFiles(x86)=C:\\Program Files (x86)\\Common Files","CommonProgramW6432=C:\\Program Files\\Common Files","COMPUTERNAME=DESKTOP-C2A1841","ComSpec=C:\\Windows\\system32\\cmd.exe","DriverData=C:\\Windows\\System32\\Drivers\\DriverData","GooGetRoot=C:\\ProgramData\\GooGet","LOCALAPPDATA=C:\\Windows\\system32\\config\\systemprofile\\AppData\\Local","NUMBER_OF_PROCESSORS=2","OS=Windows_NT","Path=C:\\Windows\\system32;C:\\Windows;C:\\Windows\\System32\\Wbem;C:\\Windows\\System32\\WindowsPowerShell\\v1.0\\;C:\\Windows\\System32\\OpenSSH\\;C:\\ProgramData\\GooGet;C:\\Program Files\\Google\\Compute Engine\\metadata_scripts;C:\\Program Files\\Google\\Compute Engine\\sysprep;C:\\Windows\\system32\\config\\systemprofile\\AppData\\Local\\Microsoft\\WindowsApps","PATHEXT=.COM;.EXE;.BAT;.CMD;.VBS;.VBE;.JS;.JSE;.WSF;.WSH;.MSC","PROCESSOR_ARCHITECTURE=AMD64","PROCESSOR_IDENTIFIER=Intel64 Family 6 Model 79 Stepping 0, GenuineIntel","PROCESSOR_LEVEL=6","PROCESSOR_REVISION=4f00","ProgramData=C:\\ProgramData","ProgramFiles=C:\\Program Files","ProgramFiles(x86)=C:\\Program Files (x86)","ProgramW6432=C:\\Program Files","PSModulePath=C:\\Program Files\\WindowsPowerShell\\Modules;C:\\Windows\\system32\\WindowsPowerShell\\v1.0\\Modules","PUBLIC=C:\\Users\\Public","SystemDrive=C:","SystemRoot=C:\\Windows","TEMP=C:\\Windows\\TEMP","TMP=C:\\Windows\\TEMP","USERDOMAIN=WORKGROUP","USERNAME=DESKTOP-C2A1841$","USERPROFILE=C:\\Windows\\system32\\config\\systemprofile","windir=C:\\Windows"],"PROCESS_ID":14304},"routing":{"arch":2,"did":"","event_id":"de5c85b4-cb34-482e-8fd7-8655b9e4215a","event_time":1749523460070,"event_type":"PROCESS_ENVIRONMENT","ext_ip":"34.58.90.170","hostname":"desktop-c2a1841.c.lc-demo-infra.internal.","iid":"09774cc8-cb43-4164-abd3-87230031c142","int_ip":"10.128.15.200","latency":-16,"moduleid":2,"oid":"aac9c41d-e0a3-4e7e-88b8-33936ab93238","parent":"616f83c31bb2123c3df8ca9368479c04","plat":268435456,"sid":"c4ba6121-d13d-4871-82f8-4b5c5556761e","tags":["lc:testtag","windows"],"this":"b3f037eefa1a70a4c1f5489068479c04"},"ts":"2025-06-10 02:44:20"}
{"event":{"EVENT":{"EventData":{"Data":"2025-06-10T02:44:19.4691Z OSConfigAgent Error inventory.go:50: packages.GetInstalledPackages() error: error listing installed Windows updates: error running agent to query for WUA updates, err: exit status 1, stderr: \"error calling GetWUAUpdateCollection with query \\\"IsInstalled=1\\\": error calling method Search on IUpdateSearcher: Exception occurred. (The service cannot be started, either because it is disabled or because it has no enabled devices associated with it.\\r\\n) SCODE: 0x80070422\""},"System":{"Channel":"Application","Computer":"DESKTOP-C2A1841","Correlation":"","EventID":{"Qualifiers":"0","content":"882"},"EventRecordID":"26840","Execution":{"ProcessID":"0","ThreadID":"0"},"Keywords":"0x80000000000000","Level":"2","Opcode":"0","Provider":{"Name":"OSConfigAgent"},"Security":"","Task":"0","TimeCreated":{"SystemTime":"2025-06-10T02:44:19.4691972Z"},"Version":"0","_event_id":"882"}}},"routing":{"arch":2,"did":"","event_id":"bf881fef-1a70-4e62-b33a-0c7a4d035d78","event_time":1749523460470,"event_type":"WEL","ext_ip":"34.58.90.170","hostname":"desktop-c2a1841.c.lc-demo-infra.internal.","iid":"09774cc8-cb43-4164-abd3-87230031c142","int_ip":"10.128.15.200","latency":-30,"moduleid":2,"oid":"aac9c41d-e0a3-4e7e-88b8-33936ab93238","plat":268435456,"sid":"c4ba6121-d13d-4871-82f8-4b5c5556761e","tags":["lc:testtag","windows"],"this":"be0328b526966b8e18ae3fde68479c04"},"ts":"2025-06-10 02:44:20"}
{"event":{"EVENT":{"EventData":{"Data":"INFO : 2025/06/10 02:44:19.600039 client.go:185: Fetching repo content for https://packages.cloud.google.com/yuck/repos/google-compute-engine-stable, cache either doesn't exist or is older than 3m0s"},"System":{"Channel":"Application","Computer":"DESKTOP-C2A1841","Correlation":"","EventID":{"Qualifiers":"0","content":"1"},"EventRecordID":"26841","Execution":{"ProcessID":"0","ThreadID":"0"},"Keywords":"0x80000000000000","Level":"4","Opcode":"0","Provider":{"Name":"GooGet"},"Security":"","Task":"0","TimeCreated":{"SystemTime":"2025-06-10T02:44:19.6409957Z"},"Version":"0","_event_id":"1"}}},"routing":{"arch":2,"did":"","event_id":"c99cdbe8-7df8-433d-9528-5db164c5cb29","event_time":1749523460642,"event_type":"WEL","ext_ip":"34.58.90.170","hostname":"desktop-c2a1841.c.lc-demo-infra.internal.","iid":"09774cc8-cb43-4164-abd3-87230031c142","int_ip":"10.128.15.200","latency":-30,"moduleid":2,"oid":"aac9c41d-e0a3-4e7e-88b8-33936ab93238","plat":268435456,"sid":"c4ba6121-d13d-4871-82f8-4b5c5556761e","tags":["lc:testtag","windows"],"this":"eec5806e9642c7159ffe98ee68479c04"},"ts":"2025-06-10 02:44:20"}
{"event":{"EVENT":{"EventData":{"Data":"INFO : 2025/06/10 02:44:19.642010 client.go:247: Fetching \"https://packages.cloud.google.com/yuck/repos/google-compute-engine-stable/index.gz\""},"System":{"Channel":"Application","Computer":"DESKTOP-C2A1841","Correlation":"","EventID":{"Qualifiers":"0","content":"1"},"EventRecordID":"26842","Execution":{"ProcessID":"0","ThreadID":"0"},"Keywords":"0x80000000000000","Level":"4","Opcode":"0","Provider":{"Name":"GooGet"},"Security":"","Task":"0","TimeCreated":{"SystemTime":"2025-06-10T02:44:19.6420101Z"},"Version":"0","_event_id":"1"}}},"routing":{"arch":2,"did":"","event_id":"424b54fb-ad36-41e1-a79b-ae1bc87341f7","event_time":1749523460642,"event_type":"WEL","ext_ip":"34.58.90.170","hostname":"desktop-c2a1841.c.lc-demo-infra.internal.","iid":"09774cc8-cb43-4164-abd3-87230031c142","int_ip":"10.128.15.200","latency":-29,"moduleid":2,"oid":"aac9c41d-e0a3-4e7e-88b8-33936ab93238","plat":268435456,"sid":"c4ba6121-d13d-4871-82f8-4b5c5556761e","tags":["lc:testtag","windows"],"this":"7d7372087386dd4e3d0aaa4668479c04"},"ts":"2025-06-10 02:44:20"}
{"event":{"EVENT":{"EventData":{"Data":"INFO : 2025/06/10 02:44:19.727454 googet_update.go:122: Update for package google-compute-engine-sysprep.noarch, 20240122.00@1 installed and 20250414.00@1 available from https://packages.cloud.google.com/yuck/repos/google-compute-engine-stable."},"System":{"Channel":"Application","Computer":"DESKTOP-C2A1841","Correlation":"","EventID":{"Qualifiers":"0","content":"1"},"EventRecordID":"26843","Execution":{"ProcessID":"0","ThreadID":"0"},"Keywords":"0x80000000000000","Level":"4","Opcode":"0","Provider":{"Name":"GooGet"},"Security":"","Task":"0","TimeCreated":{"SystemTime":"2025-06-10T02:44:19.7274540Z"},"Version":"0","_event_id":"1"}}},"routing":{"arch":2,"did":"","event_id":"350305d8-3a47-4e77-8f5f-5d9615cd310d","event_time":1749523460728,"event_type":"WEL","ext_ip":"34.58.90.170","hostname":"desktop-c2a1841.c.lc-demo-infra.internal.","iid":"09774cc8-cb43-4164-abd3-87230031c142","int_ip":"10.128.15.200","latency":-30,"moduleid":2,"oid":"aac9c41d-e0a3-4e7e-88b8-33936ab93238","plat":268435456,"sid":"c4ba6121-d13d-4871-82f8-4b5c5556761e","tags":["lc:testtag","windows"],"this":"9e54e93d31a05af1698f7f9e68479c04"},"ts":"2025-06-10 02:44:20"}
{"event":{"EVENT":{"EventData":{"Data":"INFO : 2025/06/10 02:44:19.728292 googet_update.go:126: google-compute-engine-driver-pvpanic.x86_64 - latest version installed"},"System":{"Channel":"Application","Computer":"DESKTOP-C2A1841","Correlation":"","EventID":{"Qualifiers":"0","content":"1"},"EventRecordID":"26844","Execution":{"ProcessID":"0","ThreadID":"0"},"Keywords":"0x80000000000000","Level":"4","Opcode":"0","Provider":{"Name":"GooGet"},"Security":"","Task":"0","TimeCreated":{"SystemTime":"2025-06-10T02:44:19.7282923Z"},"Version":"0","_event_id":"1"}}},"routing":{"arch":2,"did":"","event_id":"659d0ad7-fab3-43cb-98c7-d19adfbef595","event_time":1749523460729,"event_type":"WEL","ext_ip":"34.58.90.170","hostname":"desktop-c2a1841.c.lc-demo-infra.internal.","iid":"09774cc8-cb43-4164-abd3-87230031c142","int_ip":"10.128.15.200","latency":-29,"moduleid":2,"oid":"aac9c41d-e0a3-4e7e-88b8-33936ab93238","plat":268435456,"sid":"c4ba6121-d13d-4871-82f8-4b5c5556761e","tags":["lc:testtag","windows"],"this":"39a821807e8f3cfcfa11883468479c04"},"ts":"2025-06-10 02:44:20"}
{"event":{"EVENT":{"EventData":{"Data":"INFO : 2025/06/10 02:44:19.728886 googet_update.go:122: Update for package google-osconfig-agent.x86_64, 20240320.00.0+win@1 installed and 20250520.00.0+win@1 available from https://packages.cloud.google.com/yuck/repos/google-compute-engine-stable."},"System":{"Channel":"Application","Computer":"DESKTOP-C2A1841","Correlation":"","EventID":{"Qualifiers":"0","content":"1"},"EventRecordID":"26845","Execution":{"ProcessID":"0","ThreadID":"0"},"Keywords":"0x80000000000000","Level":"4","Opcode":"0","Provider":{"Name":"GooGet"},"Security":"","Task":"0","TimeCreated":{"SystemTime":"2025-06-10T02:44:19.7288869Z"},"Version":"0","_event_id":"1"}}},"routing":{"arch":2,"did":"","event_id":"a21ae481-22da-4b78-abcb-1d60303a34ba","event_time":1749523460729,"event_type":"WEL","ext_ip":"34.58.90.170","hostname":"desktop-c2a1841.c.lc-demo-infra.internal.","iid":"09774cc8-cb43-4164-abd3-87230031c142","int_ip":"10.128.15.200","latency":-29,"moduleid":2,"oid":"aac9c41d-e0a3-4e7e-88b8-33936ab93238","plat":268435456,"sid":"c4ba6121-d13d-4871-82f8-4b5c5556761e","tags":["lc:testtag","windows"],"this":"7ac5064dc5178d6db8050fdb68479c04"},"ts":"2025-06-10 02:44:20"}
{"event":{"EVENT":{"EventData":{"Data":"INFO : 2025/06/10 02:44:19.729091 googet_update.go:126: googet.x86_64 - latest version installed"},"System":{"Channel":"Application","Computer":"DESKTOP-C2A1841","Correlation":"","EventID":{"Qualifiers":"0","content":"1"},"EventRecordID":"26846","Execution":{"ProcessID":"0","ThreadID":"0"},"Keywords":"0x80000000000000","Level":"4","Opcode":"0","Provider":{"Name":"GooGet"},"Security":"","Task":"0","TimeCreated":{"SystemTime":"2025-06-10T02:44:19.7290917Z"},"Version":"0","_event_id":"1"}}},"routing":{"arch":2,"did":"","event_id":"f03a3b10-9afa-4f78-8ac8-54e08fa49046","event_time":1749523460730,"event_type":"WEL","ext_ip":"34.58.90.170","hostname":"desktop-c2a1841.c.lc-demo-infra.internal.","iid":"09774cc8-cb43-4164-abd3-87230031c142","int_ip":"10.128.15.200","latency":-30,"moduleid":2,"oid":"aac9c41d-e0a3-4e7e-88b8-33936ab93238","plat":268435456,"sid":"c4ba6121-d13d-4871-82f8-4b5c5556761e","tags":["lc:testtag","windows"],"this":"0198c13fde36ed323d44475968479c04"},"ts":"2025-06-10 02:44:20"}
{"event":{"EVENT":{"EventData":{"Data":"INFO : 2025/06/10 02:44:19.729091 googet_update.go:122: Update for package google-compute-engine-metadata-scripts.x86_64, 20240109.00.0@1 installed and 20250414.00.0@1 available from https://packages.cloud.google.com/yuck/repos/google-compute-engine-stable."},"System":{"Channel":"Application","Computer":"DESKTOP-C2A1841","Correlation":"","EventID":{"Qualifiers":"0","content":"1"},"EventRecordID":"26847","Execution":{"ProcessID":"0","ThreadID":"0"},"Keywords":"0x80000000000000","Level":"4","Opcode":"0","Provider":{"Name":"GooGet"},"Security":"","Task":"0","TimeCreated":{"SystemTime":"2025-06-10T02:44:19.7290917Z"},"Version":"0","_event_id":"1"}}},"routing":{"arch":2,"did":"","event_id":"d55009d9-9516-4ca6-93e4-9898906adbfd","event_time":1749523460730,"event_type":"WEL","ext_ip":"34.58.90.170","hostname":"desktop-c2a1841.c.lc-demo-infra.internal.","iid":"09774cc8-cb43-4164-abd3-87230031c142","int_ip":"10.128.15.200","latency":-29,"moduleid":2,"oid":"aac9c41d-e0a3-4e7e-88b8-33936ab93238","plat":268435456,"sid":"c4ba6121-d13d-4871-82f8-4b5c5556761e","tags":["lc:testtag","windows"],"this":"74279840dd7c4e8eafe82fd568479c04"},"ts":"2025-06-10 02:44:20"}
{"event":{"EVENT":{"EventData":{"Data":"INFO : 2025/06/10 02:44:19.729865 googet_update.go:126: google-compute-engine-powershell.noarch - latest version installed"},"System":{"Channel":"Application","Computer":"DESKTOP-C2A1841","Correlation":"","EventID":{"Qualifiers":"0","content":"1"},"EventRecordID":"26848","Execution":{"ProcessID":"0","ThreadID":"0"},"Keywords":"0x80000000000000","Level":"4","Opcode":"0","Provider":{"Name":"GooGet"},"Security":"","Task":"0","TimeCreated":{"SystemTime":"2025-06-10T02:44:19.7298657Z"},"Version":"0","_event_id":"1"}}},"routing":{"arch":2,"did":"","event_id":"6b975df6-88cb-4157-aa2c-5519e39d5864","event_time":1749523460731,"event_type":"WEL","ext_ip":"34.58.90.170","hostname":"desktop-c2a1841.c.lc-demo-infra.internal.","iid":"09774cc8-cb43-4164-abd3-87230031c142","int_ip":"10.128.15.200","latency":-30,"moduleid":2,"oid":"aac9c41d-e0a3-4e7e-88b8-33936ab93238","plat":268435456,"sid":"c4ba6121-d13d-4871-82f8-4b5c5556761e","tags":["lc:testtag","windows"],"this":"a44b5c395adfd2dcac23786f68479c04"},"ts":"2025-06-10 02:44:20"}
{"event":{"EVENT":{"EventData":{"Data":"INFO : 2025/06/10 02:44:19.730278 googet_update.go:126: certgen.x86_64 - latest version installed"},"System":{"Channel":"Application","Computer":"DESKTOP-C2A1841","Correlation":"","EventID":{"Qualifiers":"0","content":"1"},"EventRecordID":"26849","Execution":{"ProcessID":"0","ThreadID":"0"},"Keywords":"0x80000000000000","Level":"4","Opcode":"0","Provider":{"Name":"GooGet"},"Security":"","Task":"0","TimeCreated":{"SystemTime":"2025-06-10T02:44:19.7302780Z"},"Version":"0","_event_id":"1"}}},"routing":{"arch":2,"did":"","event_id":"f5d46d6f-a280-4ce6-a13c-23bace7c2a14","event_time":1749523460731,"event_type":"WEL","ext_ip":"34.58.90.170","hostname":"desktop-c2a1841.c.lc-demo-infra.internal.","iid":"09774cc8-cb43-4164-abd3-87230031c142","int_ip":"10.128.15.200","latency":-29,"moduleid":2,"oid":"aac9c41d-e0a3-4e7e-88b8-33936ab93238","plat":268435456,"sid":"c4ba6121-d13d-4871-82f8-4b5c5556761e","tags":["lc:testtag","windows"],"this":"45a4c5deee4d4e662f8dba5868479c04"},"ts":"2025-06-10 02:44:20"}
{"event":{"EVENT":{"EventData":{"Data":"INFO : 2025/06/10 02:44:19.730278 googet_update.go:122: Update for package google-compute-engine-windows.x86_64, 20240109.00.0@1 installed and 20250414.00.0@1 available from https://packages.cloud.google.com/yuck/repos/google-compute-engine-stable."},"System":{"Channel":"Application","Computer":"DESKTOP-C2A1841","Correlation":"","EventID":{"Qualifiers":"0","content":"1"},"EventRecordID":"26850","Execution":{"ProcessID":"0","ThreadID":"0"},"Keywords":"0x80000000000000","Level":"4","Opcode":"0","Provider":{"Name":"GooGet"},"Security":"","Task":"0","TimeCreated":{"SystemTime":"2025-06-10T02:44:19.7302780Z"},"Version":"0","_event_id":"1"}}},"routing":{"arch":2,"did":"","event_id":"0439f1ac-2afe-4741-a524-3c2d770e6afa","event_time":1749523460731,"event_type":"WEL","ext_ip":"34.58.90.170","hostname":"desktop-c2a1841.c.lc-demo-infra.internal.","iid":"09774cc8-cb43-4164-abd3-87230031c142","int_ip":"10.128.15.200","latency":-29,"moduleid":2,"oid":"aac9c41d-e0a3-4e7e-88b8-33936ab93238","plat":268435456,"sid":"c4ba6121-d13d-4871-82f8-4b5c5556761e","tags":["lc:testtag","windows"],"this":"a61f37ba45a32675c3f50bee68479c04"},"ts":"2025-06-10 02:44:20"}
{"event":{"EVENT":{"EventData":{"Data":"INFO : 2025/06/10 02:44:19.730831 googet_update.go:126: google-compute-engine-driver-balloon.x86_64 - latest version installed"},"System":{"Channel":"Application","Computer":"DESKTOP-C2A1841","Correlation":"","EventID":{"Qualifiers":"0","content":"1"},"EventRecordID":"26851","Execution":{"ProcessID":"0","ThreadID":"0"},"Keywords":"0x80000000000000","Level":"4","Opcode":"0","Provider":{"Name":"GooGet"},"Security":"","Task":"0","TimeCreated":{"SystemTime":"2025-06-10T02:44:19.7308319Z"},"Version":"0","_event_id":"1"}}},"routing":{"arch":2,"did":"","event_id":"925dc47b-41f6-4935-b20e-f072ae7a16b6","event_time":1749523460732,"event_type":"WEL","ext_ip":"34.58.90.170","hostname":"desktop-c2a1841.c.lc-demo-infra.internal.","iid":"09774cc8-cb43-4164-abd3-87230031c142","int_ip":"10.128.15.200","latency":-29,"moduleid":2,"oid":"aac9c41d-e0a3-4e7e-88b8-33936ab93238","plat":268435456,"sid":"c4ba6121-d13d-4871-82f8-4b5c5556761e","tags":["lc:testtag","windows"],"this":"1e3a009a0edc433623821b2868479c04"},"ts":"2025-06-10 02:44:20"}
{"event":{"EVENT":{"EventData":{"Data":"2025-06-10T02:44:19.8852Z OSConfigAgent Error inventory.go:55: packages.GetPackageUpdates() error: error listing installed Windows updates: error running agent to query for WUA updates, err: exit status 1, stderr: \"error calling GetWUAUpdateCollection with query \\\"IsInstalled=0\\\": error calling method Search on IUpdateSearcher: Exception occurred. (The service cannot be started, either because it is disabled or because it has no enabled devices associated with it.\\r\\n) SCODE: 0x80070422\""},"System":{"Channel":"Application","Computer":"DESKTOP-C2A1841","Correlation":"","EventID":{"Qualifiers":"0","content":"882"},"EventRecordID":"26852","Execution":{"ProcessID":"0","ThreadID":"0"},"Keywords":"0x80000000000000","Level":"2","Opcode":"0","Provider":{"Name":"OSConfigAgent"},"Security":"","Task":"0","TimeCreated":{"SystemTime":"2025-06-10T02:44:19.8852436Z"},"Version":"0","_event_id":"882"}}},"routing":{"arch":2,"did":"","event_id":"0de69f59-fe3e-41a8-8ca4-d004d1d566fb","event_time":1749523460885,"event_type":"WEL","ext_ip":"34.58.90.170","hostname":"desktop-c2a1841.c.lc-demo-infra.internal.","iid":"09774cc8-cb43-4164-abd3-87230031c142","int_ip":"10.128.15.200","latency":-30,"moduleid":2,"oid":"aac9c41d-e0a3-4e7e-88b8-33936ab93238","plat":268435456,"sid":"c4ba6121-d13d-4871-82f8-4b5c5556761e","tags":["lc:testtag","windows"],"this":"2386ce9ea11ef890080b410768479c04"},"ts":"2025-06-10 02:44:20"}
{"event":{"BASE_ADDRESS":140699567259648,"COMMAND_LINE":"C:\\Windows\\servicing\\TrustedInstaller.exe","FILE_IS_SIGNED":1,"FILE_PATH":"C:\\Windows\\servicing\\TrustedInstaller.exe","HASH":"7f0e3e2682a24a6b27484226cc0c7b30f837ea08b01f82c7b7ac094bf0a88ce5","MEMORY_USAGE":7512064,"PARENT":{"FILE_IS_SIGNED":1,"FILE_PATH":"\\Device\\HarddiskVolume3\\Windows\\System32\\services.exe","HASH":"dfbea9e8c316d9bc118b454b0c722cd674c30d0a256340200e2c3a7480cba674","MEMORY_USAGE":7938048,"PARENT_ATOM":"2f4ae26b214080d8fe7e92e56818de5d","PARENT_PROCESS_ID":496,"PROCESS_ID":624,"THIS_ATOM":"132cae85f72455fc640afd1a6818de5e","THREADS":8,"TIMESTAMP":1746460254365,"USER_NAME":"NT AUTHORITY\\SYSTEM"},"PARENT_PROCESS_ID":624,"PROCESS_ID":12304,"THREADS":8,"USER_NAME":"NT AUTHORITY\\SYSTEM"},"routing":{"arch":2,"did":"","event_id":"44c4726d-35a3-4226-bd55-b89b841004dd","event_time":1749523460143,"event_type":"NEW_PROCESS","ext_ip":"34.58.90.170","hostname":"desktop-c2a1841.c.lc-demo-infra.internal.","iid":"09774cc8-cb43-4164-abd3-87230031c142","int_ip":"10.128.15.200","latency":934,"moduleid":2,"oid":"aac9c41d-e0a3-4e7e-88b8-33936ab93238","parent":"132cae85f72455fc640afd1a6818de5e","plat":268435456,"sid":"c4ba6121-d13d-4871-82f8-4b5c5556761e","tags":["lc:testtag","windows"],"this":"ba75eb785d7f0b3cdf53eab568479c05"},"ts":"2025-06-10 02:44:20"}
{"event":{"PROCESS_ID":12304,"REGISTRY_KEY":"\\REGISTRY\\MACHINE\\SOFTWARE\\Microsoft\\Windows\\CurrentVersion\\Component Based Servicing\\TiRunning"},"routing":{"arch":2,"did":"","event_id":"605d92c4-51a5-4b0b-9a8f-86a08a16f5db","event_time":1749523460143,"event_type":"REGISTRY_CREATE","ext_ip":"34.58.90.170","hostname":"desktop-c2a1841.c.lc-demo-infra.internal.","iid":"09774cc8-cb43-4164-abd3-87230031c142","int_ip":"10.128.15.200","latency":936,"moduleid":2,"oid":"aac9c41d-e0a3-4e7e-88b8-33936ab93238","parent":"ba75eb785d7f0b3cdf53eab568479c05","plat":268435456,"sid":"c4ba6121-d13d-4871-82f8-4b5c5556761e","tags":["lc:testtag","windows"],"this":"486bc184387e2ec5dc3b7ea668479c05"},"ts":"2025-06-10 02:44:20"}
{"event":{"BASE_ADDRESS":140694916825088,"COMMAND_LINE":"C:\\Windows\\winsxs\\amd64_microsoft-windows-servicingstack_31bf3856ad364e35_10.0.19041.1940_none_7dd80d767cb5c7b0\\TiWorker.exe -Embedding","FILE_IS_SIGNED":1,"FILE_PATH":"C:\\Windows\\winsxs\\amd64_microsoft-windows-servicingstack_31bf3856ad364e35_10.0.19041.1940_none_7dd80d767cb5c7b0\\TiWorker.exe","HASH":"b87f907f63f3b6059759dbfbcef2a10a5745fa1bc35bdf28c300553922926864","MEMORY_USAGE":10850304,"PARENT":{"BASE_ADDRESS":140700938862592,"COMMAND_LINE":"C:\\Windows\\system32\\svchost.exe -k DcomLaunch -p","CREATION_TIME":1734629975978,"FILE_IS_SIGNED":1,"FILE_PATH":"C:\\Windows\\system32\\svchost.exe","HASH":"add683a6910abbbf0e28b557fad0ba998166394932ae2aca069d9aa19ea8fe88","MEMORY_USAGE":73998336,"PARENT_ATOM":"132cae85f72455fc640afd1a6818de5e","PARENT_PROCESS_ID":624,"PROCESS_ID":752,"THIS_ATOM":"3e4851ea8ec1a98e49341a176818de5e","THREADS":11,"TIMESTAMP":1746460254443,"USER_NAME":"NT AUTHORITY\\SYSTEM"},"PARENT_PROCESS_ID":752,"PROCESS_ID":8004,"THREADS":6,"USER_NAME":"NT AUTHORITY\\SYSTEM"},"routing":{"arch":2,"did":"","event_id":"71498a03-4b2d-4dad-a0f0-c7d1669102cf","event_time":1749523460159,"event_type":"NEW_PROCESS","ext_ip":"34.58.90.170","hostname":"desktop-c2a1841.c.lc-demo-infra.internal.","iid":"09774cc8-cb43-4164-abd3-87230031c142","int_ip":"10.128.15.200","latency":930,"moduleid":2,"oid":"aac9c41d-e0a3-4e7e-88b8-33936ab93238","parent":"3e4851ea8ec1a98e49341a176818de5e","plat":268435456,"sid":"c4ba6121-d13d-4871-82f8-4b5c5556761e","tags":["lc:testtag","windows"],"this":"47ec1e3b53ccb6a96ffbe1e768479c05"},"ts":"2025-06-10 02:44:20"}
{"event":{"FILE_PATH":"C:\\Windows\\Logs\\CBS\\CBS.log","PROCESS_ID":8004},"routing":{"arch":2,"did":"","event_id":"584d75c2-4874-4fff-910a-be496b500ed5","event_time":1749523460175,"event_type":"FILE_MODIFIED","ext_ip":"34.58.90.170","hostname":"desktop-c2a1841.c.lc-demo-infra.internal.","iid":"09774cc8-cb43-4164-abd3-87230031c142","int_ip":"10.128.15.200","latency":916,"moduleid":2,"oid":"aac9c41d-e0a3-4e7e-88b8-33936ab93238","parent":"47ec1e3b53ccb6a96ffbe1e768479c05","plat":268435456,"sid":"c4ba6121-d13d-4871-82f8-4b5c5556761e","tags":["lc:testtag","windows"],"this":"df8bda1ee3281ab37612b47468479c05"},"ts":"2025-06-10 02:44:20"}
{"event":{"PROCESS_ID":8004,"REGISTRY_KEY":"\\REGISTRY\\MACHINE\\SOFTWARE\\Microsoft\\Windows\\CurrentVersion\\Component Based Servicing\\SessionIdHigh","REGISTRY_VALUE":"sdnbAQ==","SIZE":4,"TYPE":4},"routing":{"arch":2,"did":"","event_id":"b40b88c2-2abf-4aa9-839e-96120f39e375","event_time":1749523460190,"event_type":"REGISTRY_WRITE","ext_ip":"34.58.90.170","hostname":"desktop-c2a1841.c.lc-demo-infra.internal.","iid":"09774cc8-cb43-4164-abd3-87230031c142","int_ip":"10.128.15.200","latency":901,"moduleid":2,"oid":"aac9c41d-e0a3-4e7e-88b8-33936ab93238","parent":"47ec1e3b53ccb6a96ffbe1e768479c05","plat":268435456,"sid":"c4ba6121-d13d-4871-82f8-4b5c5556761e","tags":["lc:testtag","windows"],"this":"993033a68280b45d1fb16d3468479c05"},"ts":"2025-06-10 02:44:20"}
{"event":{"PROCESS_ID":8004,"REGISTRY_KEY":"\\REGISTRY\\MACHINE\\SOFTWARE\\Microsoft\\Windows\\CurrentVersion\\Component Based Servicing\\SessionIdLow","REGISTRY_VALUE":"dmBbkA==","SIZE":4,"TYPE":4},"routing":{"arch":2,"did":"","event_id":"1e3d6e1f-c0be-41dd-9aa5-cf9c5b244e3b","event_time":1749523460190,"event_type":"REGISTRY_WRITE","ext_ip":"34.58.90.170","hostname":"desktop-c2a1841.c.lc-demo-infra.internal.","iid":"09774cc8-cb43-4164-abd3-87230031c142","int_ip":"10.128.15.200","latency":901,"moduleid":2,"oid":"aac9c41d-e0a3-4e7e-88b8-33936ab93238","parent":"47ec1e3b53ccb6a96ffbe1e768479c05","plat":268435456,"sid":"c4ba6121-d13d-4871-82f8-4b5c5556761e","tags":["lc:testtag","windows"],"this":"4957f6a978ef91336ad5abe668479c05"},"ts":"2025-06-10 02:44:20"}
{"event":{"COMMAND_LINE":"C:\\ProgramData\\GooGet\\googet.exe update","FILE_IS_SIGNED":0,"FILE_PATH":"C:\\ProgramData\\GooGet\\googet.exe","HASH":"9ab693244ec4fe589fc54720c12385d443f4703237d4a28803df765042780297","PARENT":{"BASE_ADDRESS":5570560,"COMMAND_LINE":"\"C:\\Program Files\\Google\\OSConfig\\google_osconfig_agent.exe\"","CREATION_TIME":1734629977340,"FILE_IS_SIGNED":1,"FILE_PATH":"C:\\Program Files\\Google\\OSConfig\\google_osconfig_agent.exe","HASH":"7c9caadf107fd9ace6dfe11c04fbea55794c0a61360c28c4c2715c3c296c7e6a","MEMORY_USAGE":8740864,"PARENT_ATOM":"132cae85f72455fc640afd1a6818de5e","PARENT_PROCESS_ID":624,"PROCESS_ID":1688,"THIS_ATOM":"8ad559d685b23631a0e32a616818de5f","THREADS":10,"TIMESTAMP":1746460255992,"USER_NAME":"NT AUTHORITY\\SYSTEM"},"PARENT_PROCESS_ID":1688,"PROCESS_ID":16772},"routing":{"arch":2,"did":"","event_id":"44c5a8d6-041f-41a4-b9f8-10bf484db244","event_time":1749523460540,"event_type":"NEW_PROCESS","ext_ip":"34.58.90.170","hostname":"desktop-c2a1841.c.lc-demo-infra.internal.","iid":"09774cc8-cb43-4164-abd3-87230031c142","int_ip":"10.128.15.200","latency":552,"moduleid":2,"oid":"aac9c41d-e0a3-4e7e-88b8-33936ab93238","parent":"8ad559d685b23631a0e32a616818de5f","plat":268435456,"sid":"c4ba6121-d13d-4871-82f8-4b5c5556761e","tags":["lc:testtag","windows"],"this":"71cd2fe3347dba40266accf268479c05"},"ts":"2025-06-10 02:44:20"}
{"event":{"COMMAND_LINE":"\\??\\C:\\Windows\\system32\\conhost.exe 0xffffffff -ForceV1","FILE_IS_SIGNED":1,"FILE_PATH":"C:\\Windows\\System32\\Conhost.exe","HASH":"3c1c6d813d2b031d988204155fc198fe4f32ff56c05dabbcfcd5486131f4fb9d","PARENT":{"COMMAND_LINE":"C:\\ProgramData\\GooGet\\googet.exe update","FILE_IS_SIGNED":0,"FILE_PATH":"C:\\ProgramData\\GooGet\\googet.exe","HASH":"9ab693244ec4fe589fc54720c12385d443f4703237d4a28803df765042780297","PARENT_ATOM":"8ad559d685b23631a0e32a616818de5f","PARENT_PROCESS_ID":1688,"PROCESS_ID":16772,"THIS_ATOM":"71cd2fe3347dba40266accf268479c05","TIMESTAMP":1749523460540},"PARENT_PROCESS_ID":16772,"PROCESS_ID":15948},"routing":{"arch":2,"did":"","event_id":"b2eb42fa-fb87-4709-89f9-af66af11e39f","event_time":1749523460543,"event_type":"NEW_PROCESS","ext_ip":"34.58.90.170","hostname":"desktop-c2a1841.c.lc-demo-infra.internal.","iid":"09774cc8-cb43-4164-abd3-87230031c142","int_ip":"10.128.15.200","latency":550,"moduleid":2,"oid":"aac9c41d-e0a3-4e7e-88b8-33936ab93238","parent":"71cd2fe3347dba40266accf268479c05","plat":268435456,"sid":"c4ba6121-d13d-4871-82f8-4b5c5556761e","tags":["lc:testtag","windows"],"this":"3be5e42bf2ba07db5da91d9168479c05"},"ts":"2025-06-10 02:44:20"}
{"event":{"COMMAND_LINE":"\"C:\\Program Files\\Google\\OSConfig\\google_osconfig_agent.exe\" wuaupdates IsInstalled=0","FILE_IS_SIGNED":1,"FILE_PATH":"C:\\Program Files\\Google\\OSConfig\\google_osconfig_agent.exe","HASH":"7c9caadf107fd9ace6dfe11c04fbea55794c0a61360c28c4c2715c3c296c7e6a","PARENT":{"BASE_ADDRESS":5570560,"COMMAND_LINE":"\"C:\\Program Files\\Google\\OSConfig\\google_osconfig_agent.exe\"","CREATION_TIME":1734629977340,"FILE_IS_SIGNED":1,"FILE_PATH":"C:\\Program Files\\Google\\OSConfig\\google_osconfig_agent.exe","HASH":"7c9caadf107fd9ace6dfe11c04fbea55794c0a61360c28c4c2715c3c296c7e6a","MEMORY_USAGE":8740864,"PARENT_ATOM":"132cae85f72455fc640afd1a6818de5e","PARENT_PROCESS_ID":624,"PROCESS_ID":1688,"THIS_ATOM":"8ad559d685b23631a0e32a616818de5f","THREADS":10,"TIMESTAMP":1746460255992,"USER_NAME":"NT AUTHORITY\\SYSTEM"},"PARENT_PROCESS_ID":1688,"PROCESS_ID":11908},"routing":{"arch":2,"did":"","event_id":"b2ba4fb3-be44-4ce3-98c8-cf95cb0681d7","event_time":1749523460749,"event_type":"NEW_PROCESS","ext_ip":"34.58.90.170","hostname":"desktop-c2a1841.c.lc-demo-infra.internal.","iid":"09774cc8-cb43-4164-abd3-87230031c142","int_ip":"10.128.15.200","latency":345,"moduleid":2,"oid":"aac9c41d-e0a3-4e7e-88b8-33936ab93238","parent":"8ad559d685b23631a0e32a616818de5f","plat":268435456,"sid":"c4ba6121-d13d-4871-82f8-4b5c5556761e","tags":["lc:testtag","windows"],"this":"5fd8a6873e8ea9dd3b9ade3d68479c05"},"ts":"2025-06-10 02:44:20"}
