{"event":{"COMMAND_LINE":"\\??\\C:\\Windows\\system32\\conhost.exe 0xffffffff -ForceV1","FILE_IS_SIGNED":1,"FILE_PATH":"C:\\Windows\\System32\\Conhost.exe","HASH":"3c1c6d813d2b031d988204155fc198fe4f32ff56c05dabbcfcd5486131f4fb9d","PARENT":{"COMMAND_LINE":"C:\\Windows\\system32\\cmd.exe /C whoami /groups","FILE_IS_SIGNED":1,"FILE_PATH":"C:\\Windows\\system32\\cmd.exe","HASH":"b99d61d874728edc0918ca0eb10eab93d381e7367e377406e65963366c874450","MEMORY_USAGE":36864,"PARENT_ATOM":"1f7d51435a96b7487a36ddd86818de60","PARENT_PROCESS_ID":2232,"PROCESS_ID":18188,"THIS_ATOM":"7c0dd3735ead772c32922ffa68479cf7","TIMESTAMP":1749523703425,"USER_NAME":"NT AUTHORITY\\SYSTEM"},"PARENT_PROCESS_ID":18188,"PROCESS_ID":15476},"routing":{"arch":2,"did":"","event_id":"2014d123-c999-4139-bd98-e2b24f38c321","event_time":1749523703425,"event_type":"NEW_PROCESS","ext_ip":"34.58.90.170","hostname":"desktop-c2a1841.c.lc-demo-infra.internal.","iid":"09774cc8-cb43-4164-abd3-87230031c142","int_ip":"10.128.15.200","latency":518,"moduleid":2,"oid":"aac9c41d-e0a3-4e7e-88b8-33936ab93238","parent":"7c0dd3735ead772c32922ffa68479cf7","plat":268435456,"sid":"c4ba6121-d13d-4871-82f8-4b5c5556761e","tags":["lc:testtag","windows"],"this":"5f5820251b6a76b7798c5e1c68479cf7"},"ts":"2025-06-10 02:48:23"}
{"event":{"COMMAND_LINE":"whoami  /groups","FILE_IS_SIGNED":1,"FILE_PATH":"C:\\Windows\\system32\\whoami.exe","HASH":"1d4902a04d99e8ccbfe7085e63155955fee397449d386453f6c452ae407b8743","MEMORY_USAGE":36864,"PARENT":{"COMMAND_LINE":"C:\\Windows\\system32\\cmd.exe /C whoami /groups","FILE_IS_SIGNED":1,"FILE_PATH":"C:\\Windows\\system32\\cmd.exe","HASH":"b99d61d874728edc0918ca0eb10eab93d381e7367e377406e65963366c874450","MEMORY_USAGE":36864,"PARENT_ATOM":"1f7d51435a96b7487a36ddd86818de60","PARENT_PROCESS_ID":2232,"PROCESS_ID":18188,"THIS_ATOM":"7c0dd3735ead772c32922ffa68479cf7","TIMESTAMP":1749523703425,"USER_NAME":"NT AUTHORITY\\SYSTEM"},"PARENT_PROCESS_ID":18188,"PROCESS_ID":15156,"USER_NAME":"NT AUTHORITY\\SYSTEM"},"routing":{"arch":2,"did":"","event_id":"995248c4-3fa9-4fd6-8e4a-e62b2654c45c","event_time":1749523703472,"event_type":"NEW_PROCESS","ext_ip":"34.58.90.170","hostname":"desktop-c2a1841.c.lc-demo-infra.internal.","iid":"09774cc8-cb43-4164-abd3-87230031c142","int_ip":"10.128.15.200","latency":488,"moduleid":2,"oid":"aac9c41d-e0a3-4e7e-88b8-33936ab93238","parent":"7c0dd3735ead772c32922ffa68479cf7","plat":268435456,"sid":"c4ba6121-d13d-4871-82f8-4b5c5556761e","tags":["lc:testtag","windows"],"this":"c1c5539d2d8cfaefe901dce468479cf7"},"ts":"2025-06-10 02:48:23"}
{"event":{"COMMAND_LINE":"C:\\Windows\\system32\\cmd.exe /C tasklist /v","FILE_IS_SIGNED":1,"FILE_PATH":"C:\\Windows\\system32\\cmd.exe","HASH":"b99d61d874728edc0918ca0eb10eab93d381e7367e377406e65963366c874450","MEMORY_USAGE":36864,"PARENT":{"BASE_ADDRESS":140698865238016,"COMMAND_LINE":"C:\\Windows\\System32\\rundll32.exe","CREATION_TIME":1734629995072,"FILE_IS_SIGNED":1,"FILE_PATH":"C:\\Windows\\System32\\rundll32.exe","HASH":"b53f3c0cd32d7f20849850768da6431e5f876b7bfa61db0aa0700b02873393fa","MEMORY_USAGE":7294976,"PARENT_PROCESS_ID":2844,"PROCESS_ID":2232,"THIS_ATOM":"1f7d51435a96b7487a36ddd86818de60","THREADS":3,"TIMESTAMP":1746460256775,"USER_NAME":"NT AUTHORITY\\SYSTEM"},"PARENT_PROCESS_ID":2232,"PROCESS_ID":17332,"USER_NAME":"NT AUTHORITY\\SYSTEM"},"routing":{"arch":2,"did":"","event_id":"7f1ab2f0-e9aa-487a-8ef2-cb6b7ce0164d","event_time":1749523703488,"event_type":"NEW_PROCESS","ext_ip":"34.58.90.170","hostname":"desktop-c2a1841.c.lc-demo-infra.internal.","iid":"09774cc8-cb43-4164-abd3-87230031c142","int_ip":"10.128.15.200","latency":561,"moduleid":2,"oid":"aac9c41d-e0a3-4e7e-88b8-33936ab93238","parent":"1f7d51435a96b7487a36ddd86818de60","plat":268435456,"sid":"c4ba6121-d13d-4871-82f8-4b5c5556761e","tags":["lc:testtag","windows"],"this":"7d7f69a56beac0de536f7a1968479cf8"},"ts":"2025-06-10 02:48:23"}
{"event":{"COMMAND_LINE":"\\??\\C:\\Windows\\system32\\conhost.exe 0xffffffff -ForceV1","FILE_IS_SIGNED":1,"FILE_PATH":"C:\\Windows\\System32\\Conhost.exe","HASH":"3c1c6d813d2b031d988204155fc198fe4f32ff56c05dabbcfcd5486131f4fb9d","PARENT":{"COMMAND_LINE":"C:\\Windows\\system32\\cmd.exe /C tasklist /v","FILE_IS_SIGNED":1,"FILE_PATH":"C:\\Windows\\system32\\cmd.exe","HASH":"b99d61d874728edc0918ca0eb10eab93d381e7367e377406e65963366c874450","MEMORY_USAGE":36864,"PARENT_ATOM":"1f7d51435a96b7487a36ddd86818de60","PARENT_PROCESS_ID":2232,"PROCESS_ID":17332,"THIS_ATOM":"7d7f69a56beac0de536f7a1968479cf8","TIMESTAMP":1749523703488,"USER_NAME":"NT AUTHORITY\\SYSTEM"},"PARENT_PROCESS_ID":17332,"PROCESS_ID":17532},"routing":{"arch":2,"did":"","event_id":"5b8d6368-ddcb-4a3f-8c20-6021114a0757","event_time":1749523703503,"event_type":"NEW_PROCESS","ext_ip":"34.58.90.170","hostname":"desktop-c2a1841.c.lc-demo-infra.internal.","iid":"09774cc8-cb43-4164-abd3-87230031c142","int_ip":"10.128.15.200","latency":626,"moduleid":2,"oid":"aac9c41d-e0a3-4e7e-88b8-33936ab93238","parent":"7d7f69a56beac0de536f7a1968479cf8","plat":268435456,"sid":"c4ba6121-d13d-4871-82f8-4b5c5556761e","tags":["lc:testtag","windows"],"this":"1b310173af17c6b1c8b114af68479cf8"},"ts":"2025-06-10 02:48:23"}
{"event":{"COMMAND_LINE":"tasklist  /v","FILE_IS_SIGNED":1,"FILE_PATH":"C:\\Windows\\system32\\tasklist.exe","HASH":"be7241a74fe9a9d30e0631e41533a362b21c8f7aae3e5b6ad319cc15c024ec3f","MEMORY_USAGE":36864,"PARENT":{"COMMAND_LINE":"C:\\Windows\\system32\\cmd.exe /C tasklist /v","FILE_IS_SIGNED":1,"FILE_PATH":"C:\\Windows\\system32\\cmd.exe","HASH":"b99d61d874728edc0918ca0eb10eab93d381e7367e377406e65963366c874450","MEMORY_USAGE":36864,"PARENT_ATOM":"1f7d51435a96b7487a36ddd86818de60","PARENT_PROCESS_ID":2232,"PROCESS_ID":17332,"THIS_ATOM":"7d7f69a56beac0de536f7a1968479cf8","TIMESTAMP":1749523703488,"USER_NAME":"NT AUTHORITY\\SYSTEM"},"PARENT_PROCESS_ID":17332,"PROCESS_ID":17924,"USER_NAME":"NT AUTHORITY\\SYSTEM"},"routing":{"arch":2,"did":"","event_id":"dc1e35be-4395-4147-bf7f-7d1c2e58d54a","event_time":1749523703534,"event_type":"NEW_PROCESS","ext_ip":"34.58.90.170","hostname":"desktop-c2a1841.c.lc-demo-infra.internal.","iid":"09774cc8-cb43-4164-abd3-87230031c142","int_ip":"10.128.15.200","latency":611,"moduleid":2,"oid":"aac9c41d-e0a3-4e7e-88b8-33936ab93238","parent":"7d7f69a56beac0de536f7a1968479cf8","plat":268435456,"sid":"c4ba6121-d13d-4871-82f8-4b5c5556761e","tags":["lc:testtag","windows"],"this":"3bfde19f8df3f73a38c29dd368479cf8"},"ts":"2025-06-10 02:48:23"}
{"event":{"BASE_ADDRESS":140699389984768,"COMMAND_LINE":"C:\\Windows\\system32\\wbem\\wmiprvse.exe -secured -Embedding","FILE_IS_SIGNED":1,"FILE_PATH":"C:\\Windows\\system32\\wbem\\wmiprvse.exe","HASH":"2198a7b58bccb758036b969ddae6cc2ece07565e2659a7c541a313a0492231a3","MEMORY_USAGE":12427264,"PARENT":{"BASE_ADDRESS":140700938862592,"COMMAND_LINE":"C:\\Windows\\system32\\svchost.exe -k DcomLaunch -p","CREATION_TIME":1734629975978,"FILE_IS_SIGNED":1,"FILE_PATH":"C:\\Windows\\system32\\svchost.exe","HASH":"add683a6910abbbf0e28b557fad0ba998166394932ae2aca069d9aa19ea8fe88","MEMORY_USAGE":73998336,"PARENT_ATOM":"132cae85f72455fc640afd1a6818de5e","PARENT_PROCESS_ID":624,"PROCESS_ID":752,"THIS_ATOM":"3e4851ea8ec1a98e49341a176818de5e","THREADS":11,"TIMESTAMP":1746460254443,"USER_NAME":"NT AUTHORITY\\SYSTEM"},"PARENT_PROCESS_ID":752,"PROCESS_ID":11820,"THREADS":10,"USER_NAME":"NT AUTHORITY\\NETWORK SERVICE"},"routing":{"arch":2,"did":"","event_id":"312e71a9-93c1-4bdd-89ab-ce2cb6d3e572","event_time":1749523703581,"event_type":"NEW_PROCESS","ext_ip":"34.58.90.170","hostname":"desktop-c2a1841.c.lc-demo-infra.internal.","iid":"09774cc8-cb43-4164-abd3-87230031c142","int_ip":"10.128.15.200","latency":660,"moduleid":2,"oid":"aac9c41d-e0a3-4e7e-88b8-33936ab93238","parent":"3e4851ea8ec1a98e49341a176818de5e","plat":268435456,"sid":"c4ba6121-d13d-4871-82f8-4b5c5556761e","tags":["lc:testtag","windows"],"this":"4d416e0735a462c3f1cda35a68479cf8"},"ts":"2025-06-10 02:48:23"}
{"event":{"COMMAND_LINE":"C:\\Windows\\system32\\cmd.exe /C netstat -na | findstr \"EST\"","FILE_IS_SIGNED":1,"FILE_PATH":"C:\\Windows\\system32\\cmd.exe","HASH":"b99d61d874728edc0918ca0eb10eab93d381e7367e377406e65963366c874450","MEMORY_USAGE":36864,"PARENT":{"BASE_ADDRESS":140698865238016,"COMMAND_LINE":"C:\\Windows\\System32\\rundll32.exe","CREATION_TIME":1734629995072,"FILE_IS_SIGNED":1,"FILE_PATH":"C:\\Windows\\System32\\rundll32.exe","HASH":"b53f3c0cd32d7f20849850768da6431e5f876b7bfa61db0aa0700b02873393fa","MEMORY_USAGE":7294976,"PARENT_PROCESS_ID":2844,"PROCESS_ID":2232,"THIS_ATOM":"1f7d51435a96b7487a36ddd86818de60","THREADS":3,"TIMESTAMP":1746460256775,"USER_NAME":"NT AUTHORITY\\SYSTEM"},"PARENT_PROCESS_ID":2232,"PROCESS_ID":15708,"USER_NAME":"NT AUTHORITY\\SYSTEM"},"routing":{"arch":2,"did":"","event_id":"18ba0c6f-7bb4-444f-9759-f22615f866d8","event_time":1749523703941,"event_type":"NEW_PROCESS","ext_ip":"34.58.90.170","hostname":"desktop-c2a1841.c.lc-demo-infra.internal.","iid":"09774cc8-cb43-4164-abd3-87230031c142","int_ip":"10.128.15.200","latency":1339,"moduleid":2,"oid":"aac9c41d-e0a3-4e7e-88b8-33936ab93238","parent":"1f7d51435a96b7487a36ddd86818de60","plat":268435456,"sid":"c4ba6121-d13d-4871-82f8-4b5c5556761e","tags":["lc:testtag","windows"],"this":"60a132804ccc46950895190568479cf9"},"ts":"2025-06-10 02:48:23"}
{"event":{"COMMAND_LINE":"\\??\\C:\\Windows\\system32\\conhost.exe 0xffffffff -ForceV1","FILE_IS_SIGNED":1,"FILE_PATH":"C:\\Windows\\System32\\Conhost.exe","HASH":"3c1c6d813d2b031d988204155fc198fe4f32ff56c05dabbcfcd5486131f4fb9d","PARENT":{"COMMAND_LINE":"C:\\Windows\\system32\\cmd.exe /C netstat -na | findstr \"EST\"","FILE_IS_SIGNED":1,"FILE_PATH":"C:\\Windows\\system32\\cmd.exe","HASH":"b99d61d874728edc0918ca0eb10eab93d381e7367e377406e65963366c874450","MEMORY_USAGE":36864,"PARENT_ATOM":"1f7d51435a96b7487a36ddd86818de60","PARENT_PROCESS_ID":2232,"PROCESS_ID":15708,"THIS_ATOM":"60a132804ccc46950895190568479cf9","TIMESTAMP":1749523703941,"USER_NAME":"NT AUTHORITY\\SYSTEM"},"PARENT_PROCESS_ID":15708,"PROCESS_ID":16232},"routing":{"arch":2,"did":"","event_id":"08985c2f-fc57-4af1-ad75-e5da1dbd0aea","event_time":1749523703941,"event_type":"NEW_PROCESS","ext_ip":"34.58.90.170","hostname":"desktop-c2a1841.c.lc-demo-infra.internal.","iid":"09774cc8-cb43-4164-abd3-87230031c142","int_ip":"10.128.15.200","latency":1406,"moduleid":2,"oid":"aac9c41d-e0a3-4e7e-88b8-33936ab93238","parent":"60a132804ccc46950895190568479cf9","plat":268435456,"sid":"c4ba6121-d13d-4871-82f8-4b5c5556761e","tags":["lc:testtag","windows"],"this":"5a22e8cf2fbb6fe827fb244c68479cf9"},"ts":"2025-06-10 02:48:23"}
{"event":{"COMMAND_LINE":"netstat  -na ","FILE_IS_SIGNED":1,"FILE_PATH":"C:\\Windows\\system32\\NETSTAT.EXE","HASH":"b094e827af70241d71bed9767ec1a254fdc4164a646b2ba4c7105cd783adba0d","PARENT":{"COMMAND_LINE":"C:\\Windows\\system32\\cmd.exe /C netstat -na | findstr \"EST\"","FILE_IS_SIGNED":1,"FILE_PATH":"C:\\Windows\\system32\\cmd.exe","HASH":"b99d61d874728edc0918ca0eb10eab93d381e7367e377406e65963366c874450","MEMORY_USAGE":36864,"PARENT_ATOM":"1f7d51435a96b7487a36ddd86818de60","PARENT_PROCESS_ID":2232,"PROCESS_ID":15708,"THIS_ATOM":"60a132804ccc46950895190568479cf9","TIMESTAMP":1749523703941,"USER_NAME":"NT AUTHORITY\\SYSTEM"},"PARENT_PROCESS_ID":15708,"PROCESS_ID":15372},"routing":{"arch":2,"did":"","event_id":"c13ad028-3614-4d24-affd-7272a5827a80","event_time":1749523703972,"event_type":"NEW_PROCESS","ext_ip":"34.58.90.170","hostname":"desktop-c2a1841.c.lc-demo-infra.internal.","iid":"09774cc8-cb43-4164-abd3-87230031c142","int_ip":"10.128.15.200","latency":1378,"moduleid":2,"oid":"aac9c41d-e0a3-4e7e-88b8-33936ab93238","parent":"60a132804ccc46950895190568479cf9","plat":268435456,"sid":"c4ba6121-d13d-4871-82f8-4b5c5556761e","tags":["lc:testtag","windows"],"this":"483cac470285770dee1ae82468479cf9"},"ts":"2025-06-10 02:48:23"}
{"event":{"PROCESS_ID":15372,"REGISTRY_KEY":"\\REGISTRY\\MACHINE\\SOFTWARE\\Microsoft\\RFC1156Agent\\CurrentVersion\\Parameters\\TrapPollTimeMilliSecs","REGISTRY_VALUE":"mDoAAA==","SIZE":4,"TYPE":4},"routing":{"arch":2,"did":"","event_id":"aaaaf96f-b4b8-4eae-9366-6181c522b7b7","event_time":1749523703988,"event_type":"REGISTRY_WRITE","ext_ip":"34.58.90.170","hostname":"desktop-c2a1841.c.lc-demo-infra.internal.","iid":"09774cc8-cb43-4164-abd3-87230031c142","int_ip":"10.128.15.200","latency":1364,"moduleid":2,"oid":"aac9c41d-e0a3-4e7e-88b8-33936ab93238","parent":"483cac470285770dee1ae82468479cf9","plat":268435456,"sid":"c4ba6121-d13d-4871-82f8-4b5c5556761e","tags":["lc:testtag","windows"],"this":"dc173b16a50c797656a0534068479cf9"},"ts":"2025-06-10 02:48:23"}
{"event":{"COMMAND_LINE":"findstr  \"EST\"","FILE_IS_SIGNED":1,"FILE_PATH":"C:\\Windows\\system32\\findstr.exe","HASH":"b29be6da54121f5d9350c545ececce26f30a7f209ce0d9aaea8e00c27dda27a2","MEMORY_USAGE":32768,"PARENT":{"COMMAND_LINE":"C:\\Windows\\system32\\cmd.exe /C netstat -na | findstr \"EST\"","FILE_IS_SIGNED":1,"FILE_PATH":"C:\\Windows\\system32\\cmd.exe","HASH":"b99d61d874728edc0918ca0eb10eab93d381e7367e377406e65963366c874450","MEMORY_USAGE":36864,"PARENT_ATOM":"1f7d51435a96b7487a36ddd86818de60","PARENT_PROCESS_ID":2232,"PROCESS_ID":15708,"THIS_ATOM":"60a132804ccc46950895190568479cf9","TIMESTAMP":1749523703941,"USER_NAME":"NT AUTHORITY\\SYSTEM"},"PARENT_PROCESS_ID":15708,"PROCESS_ID":5648,"USER_NAME":"NT AUTHORITY\\SYSTEM"},"routing":{"arch":2,"did":"","event_id":"65eff0a1-1e66-4902-8082-ef684421e407","event_time":1749523703988,"event_type":"NEW_PROCESS","ext_ip":"34.58.90.170","hostname":"desktop-c2a1841.c.lc-demo-infra.internal.","iid":"09774cc8-cb43-4164-abd3-87230031c142","int_ip":"10.128.15.200","latency":1372,"moduleid":2,"oid":"aac9c41d-e0a3-4e7e-88b8-33936ab93238","parent":"60a132804ccc46950895190568479cf9","plat":268435456,"sid":"c4ba6121-d13d-4871-82f8-4b5c5556761e","tags":["lc:testtag","windows"],"this":"cb6a7c41f17f6aaa6022658a68479cf9"},"ts":"2025-06-10 02:48:23"}
{"event":{"EVENT":{"EventData":{"AuthenticationPackageName":"NTLM","FailureReason":"%%2313","IpAddress":"194.180.48.29","IpPort":"0","KeyLength":"0","LmPackageName":"-","LogonProcessName":"NtLmSsp","LogonType":"3","ProcessId":"0x0","ProcessName":"-","Status":"0xc000006d","SubStatus":"0xc000006a","SubjectDomainName":"-","SubjectLogonId":"0x0","SubjectUserName":"-","SubjectUserSid":"S-1-0-0","TargetDomainName":"-","TargetUserName":"ADMINISTRATOR","TargetUserSid":"S-1-0-0","TransmittedServices":"-","WorkstationName":"-"},"System":{"Channel":"Security","Computer":"windows-server-2022-aac9c41d-e0a3-4e7e-88b8-33936ab93238-0","Correlation":{"ActivityID":"{55ae049b-37ef-0001-ee39-a76a4ac5db01}"},"EventID":"4625","EventRecordID":"4417905","Execution":{"ProcessID":"648","ThreadID":"2096"},"Keywords":"0x8010000000000000","Level":"0","Opcode":"0","Provider":{"Guid":"{54849625-5478-4994-a5ba-3e3b0328c30d}","Name":"Microsoft-Windows-Security-Auditing"},"Security":"","Task":"12544","TimeCreated":{"SystemTime":"2025-06-10T02:48:21.1682212Z"},"Version":"0","_event_id":"4625"}}},"routing":{"arch":2,"did":"","event_id":"daca7dab-d4be-4011-96cd-636cd0ff856d","event_time":1749523702183,"event_type":"WEL","ext_ip":"34.171.104.183","hostname":"windows-server-2022-aac9c41d-e0a3-4e7e-88b8-33936ab93238-0.c.lc-demo-infra.internal.","iid":"09774cc8-cb43-4164-abd3-87230031c142","int_ip":"10.128.15.201","latency":2,"moduleid":2,"oid":"aac9c41d-e0a3-4e7e-88b8-33936ab93238","plat":268435456,"sid":"17b8710a-7337-4e64-9c18-2955e86f2d0d","tags":["fim","lc:stable","windows"],"this":"f5f498edc33cefe9d4595d6b68479cf6"},"ts":"2025-06-10 02:48:22"}
{"event":{"EVENT":{"EventData":{"AuthenticationPackageName":"NTLM","FailureReason":"%%2313","IpAddress":"45.227.253.61","IpPort":"0","KeyLength":"0","LmPackageName":"-","LogonProcessName":"NtLmSsp","LogonType":"3","ProcessId":"0x0","ProcessName":"-","Status":"0xc000006d","SubStatus":"0xc0000064","SubjectDomainName":"-","SubjectLogonId":"0x0","SubjectUserName":"-","SubjectUserSid":"S-1-0-0","TargetDomainName":"WINDOWS-SERVER-2022-AAC9C41D-E0A3-4E7E-88B8-33936AB93238-0","TargetUserName":"Admin","TargetUserSid":"S-1-0-0","TransmittedServices":"-","WorkstationName":"WIN-56DH2BBHACU"},"System":{"Channel":"Security","Computer":"windows-server-2022-aac9c41d-e0a3-4e7e-88b8-33936ab93238-0","Correlation":{"ActivityID":"{55ae049b-37ef-0001-ee39-a76a4ac5db01}"},"EventID":"4625","EventRecordID":"4417906","Execution":{"ProcessID":"648","ThreadID":"2096"},"Keywords":"0x8010000000000000","Level":"0","Opcode":"0","Provider":{"Guid":"{54849625-5478-4994-a5ba-3e3b0328c30d}","Name":"Microsoft-Windows-Security-Auditing"},"Security":"","Task":"12544","TimeCreated":{"SystemTime":"2025-06-10T02:48:21.2351881Z"},"Version":"0","_event_id":"4625"}}},"routing":{"arch":2,"did":"","event_id":"ee48d391-0e11-4352-a9ce-07bf11824ea2","event_time":1749523702183,"event_type":"WEL","ext_ip":"34.171.104.183","hostname":"windows-server-2022-aac9c41d-e0a3-4e7e-88b8-33936ab93238-0.c.lc-demo-infra.internal.","iid":"09774cc8-cb43-4164-abd3-87230031c142","int_ip":"10.128.15.201","latency":4,"moduleid":2,"oid":"aac9c41d-e0a3-4e7e-88b8-33936ab93238","plat":268435456,"sid":"17b8710a-7337-4e64-9c18-2955e86f2d0d","tags":["fim","lc:stable","windows"],"this":"c22d325bad361df2c97ebdc468479cf6"},"ts":"2025-06-10 02:48:22"}
{"event":{"ACTION":"modified","FILE_PATH":"C:\\Windows\\Logs\\CBS\\CBS.log","HASH":"413c2f048669e8a3e290c9e0012f0e7f45c9a106832ee6f4bcd3deae15b0d397","PROCESS":{"BASE_ADDRESS":140699317829632,"COMMAND_LINE":"C:\\Windows\\winsxs\\amd64_microsoft-windows-servicingstack_31bf3856ad364e35_10.0.20348.3691_none_b1bc9560f9934ed7\\TiWorker.exe -Embedding","FILE_IS_SIGNED":1,"FILE_PATH":"C:\\Windows\\winsxs\\amd64_microsoft-windows-servicingstack_31bf3856ad364e35_10.0.20348.3691_none_b1bc9560f9934ed7\\TiWorker.exe","HASH":"08301a417991545830b55eacf276dd3d47ad0a1559ae477c34a65031c4de3caf","MEMORY_USAGE":13463552,"PARENT_ATOM":"32ab94087088c4967913285d68256120","PARENT_PROCESS_ID":756,"PROCESS_ID":3756,"THIS_ATOM":"952e25b77f9aa92902ac360268479cf2","THREADS":8,"TIMESTAMP":1749523697737,"USER_NAME":"NT AUTHORITY\\SYSTEM"},"PROCESS_ID":3756},"routing":{"arch":2,"did":"","event_id":"a98d2574-4793-412d-bf99-bec9f640c8ea","event_time":1749523702683,"event_type":"FIM_HIT","ext_ip":"34.171.104.183","hostname":"windows-server-2022-aac9c41d-e0a3-4e7e-88b8-33936ab93238-0.c.lc-demo-infra.internal.","iid":"09774cc8-cb43-4164-abd3-87230031c142","int_ip":"10.128.15.201","latency":866,"moduleid":2,"oid":"aac9c41d-e0a3-4e7e-88b8-33936ab93238","parent":"952e25b77f9aa92902ac360268479cf2","plat":268435456,"sid":"17b8710a-7337-4e64-9c18-2955e86f2d0d","tags":["fim","lc:stable","windows"],"this":"cac210b1f5cea5c3fb93dd6c68479cf7"},"ts":"2025-06-10 02:48:22"}
{"event":{"ACTION":"modified","FILE_PATH":"C:\\Windows\\Logs\\CBS\\CBS.log","HASH":"413c2f048669e8a3e290c9e0012f0e7f45c9a106832ee6f4bcd3deae15b0d397","PROCESS":{"BASE_ADDRESS":140698117144576,"COMMAND_LINE":"C:\\Windows\\servicing\\TrustedInstaller.exe","FILE_IS_SIGNED":1,"FILE_PATH":"C:\\Windows\\servicing\\TrustedInstaller.exe","HASH":"ecbddd355d829c616b3936887a77638806c589fb2ca8bd13aa75de2c549c2c3a","MEMORY_USAGE":8048640,"PARENT_ATOM":"b56d4120493c4260490c5b186825611e","PARENT_PROCESS_ID":628,"PROCESS_ID":7552,"THIS_ATOM":"13b96af49624fec5142ed14368479cf2","THREADS":8,"TIMESTAMP":1749523697706,"USER_NAME":"NT AUTHORITY\\SYSTEM"},"PROCESS_ID":7552},"routing":{"arch":2,"did":"","event_id":"ce7efc6d-dc37-4700-bb83-b930648a0b2e","event_time":1749523702683,"event_type":"FIM_HIT","ext_ip":"34.171.104.183","hostname":"windows-server-2022-aac9c41d-e0a3-4e7e-88b8-33936ab93238-0.c.lc-demo-infra.internal.","iid":"09774cc8-cb43-4164-abd3-87230031c142","int_ip":"10.128.15.201","latency":922,"moduleid":2,"oid":"aac9c41d-e0a3-4e7e-88b8-33936ab93238","parent":"13b96af49624fec5142ed14368479cf2","plat":268435456,"sid":"17b8710a-7337-4e64-9c18-2955e86f2d0d","tags":["fim","lc:stable","windows"],"this":"b5e8c91956e3e98aa46b37ec68479cf7"},"ts":"2025-06-10 02:48:22"}
{"event":{"ACTION":"modified","FILE_PATH":"C:\\Windows\\Logs\\CBS\\CBS.log","HASH":"413c2f048669e8a3e290c9e0012f0e7f45c9a106832ee6f4bcd3deae15b0d397","PROCESS":{"BASE_ADDRESS":140699317829632,"COMMAND_LINE":"C:\\Windows\\winsxs\\amd64_microsoft-windows-servicingstack_31bf3856ad364e35_10.0.20348.3691_none_b1bc9560f9934ed7\\TiWorker.exe -Embedding","FILE_IS_SIGNED":1,"FILE_PATH":"C:\\Windows\\winsxs\\amd64_microsoft-windows-servicingstack_31bf3856ad364e35_10.0.20348.3691_none_b1bc9560f9934ed7\\TiWorker.exe","HASH":"08301a417991545830b55eacf276dd3d47ad0a1559ae477c34a65031c4de3caf","MEMORY_USAGE":13463552,"PARENT_ATOM":"32ab94087088c4967913285d68256120","PARENT_PROCESS_ID":756,"PROCESS_ID":3756,"THIS_ATOM":"952e25b77f9aa92902ac360268479cf2","THREADS":8,"TIMESTAMP":1749523697737,"USER_NAME":"NT AUTHORITY\\SYSTEM"},"PROCESS_ID":3756},"routing":{"arch":2,"did":"","event_id":"ad90849d-35a8-42b2-ab4d-e34818e63549","event_time":1749523702683,"event_type":"FIM_HIT","ext_ip":"34.171.104.183","hostname":"windows-server-2022-aac9c41d-e0a3-4e7e-88b8-33936ab93238-0.c.lc-demo-infra.internal.","iid":"09774cc8-cb43-4164-abd3-87230031c142","int_ip":"10.128.15.201","latency":977,"moduleid":2,"oid":"aac9c41d-e0a3-4e7e-88b8-33936ab93238","parent":"952e25b77f9aa92902ac360268479cf2","plat":268435456,"sid":"17b8710a-7337-4e64-9c18-2955e86f2d0d","tags":["fim","lc:stable","windows"],"this":"f7e5086de9b32b493eab95a968479cf7"},"ts":"2025-06-10 02:48:22"}
{"event":{"ACTION":"modified","FILE_PATH":"C:\\Windows\\Logs\\CBS\\CBS.log","HASH":"413c2f048669e8a3e290c9e0012f0e7f45c9a106832ee6f4bcd3deae15b0d397","PROCESS":{"BASE_ADDRESS":140698117144576,"COMMAND_LINE":"C:\\Windows\\servicing\\TrustedInstaller.exe","FILE_IS_SIGNED":1,"FILE_PATH":"C:\\Windows\\servicing\\TrustedInstaller.exe","HASH":"ecbddd355d829c616b3936887a77638806c589fb2ca8bd13aa75de2c549c2c3a","MEMORY_USAGE":8048640,"PARENT_ATOM":"b56d4120493c4260490c5b186825611e","PARENT_PROCESS_ID":628,"PROCESS_ID":7552,"THIS_ATOM":"13b96af49624fec5142ed14368479cf2","THREADS":8,"TIMESTAMP":1749523697706,"USER_NAME":"NT AUTHORITY\\SYSTEM"},"PROCESS_ID":7552},"routing":{"arch":2,"did":"","event_id":"c5a3bff4-0b9d-4a70-bfe5-20b68397f9d5","event_time":1749523702683,"event_type":"FIM_HIT","ext_ip":"34.171.104.183","hostname":"windows-server-2022-aac9c41d-e0a3-4e7e-88b8-33936ab93238-0.c.lc-demo-infra.internal.","iid":"09774cc8-cb43-4164-abd3-87230031c142","int_ip":"10.128.15.201","latency":1055,"moduleid":2,"oid":"aac9c41d-e0a3-4e7e-88b8-33936ab93238","parent":"13b96af49624fec5142ed14368479cf2","plat":268435456,"sid":"17b8710a-7337-4e64-9c18-2955e86f2d0d","tags":["fim","lc:stable","windows"],"this":"e74dd7277b541d5847144ce168479cf7"},"ts":"2025-06-10 02:48:22"}
{"event":{"PARENT_PROCESS_ID":664,"PROCESS_ID":7276},"routing":{"arch":2,"did":"","event_id":"e453a12d-9168-4095-85df-b25e3329354a","event_time":1749523702933,"event_type":"TERMINATE_PROCESS","ext_ip":"34.171.104.183","hostname":"windows-server-2022-aac9c41d-e0a3-4e7e-88b8-33936ab93238-0.c.lc-demo-infra.internal.","iid":"09774cc8-cb43-4164-abd3-87230031c142","int_ip":"10.128.15.201","latency":4007,"moduleid":2,"oid":"aac9c41d-e0a3-4e7e-88b8-33936ab93238","parent":"9753afbf1103553c6bb1858b68479cf0","plat":268435456,"sid":"17b8710a-7337-4e64-9c18-2955e86f2d0d","tags":["fim","lc:stable","windows"],"this":"4c3a7cd2694cc5041dc99f0968479cfa"},"ts":"2025-06-10 02:48:22"}
{"event":{"PARENT_PROCESS_ID":7276,"PROCESS_ID":2916},"routing":{"arch":2,"did":"","event_id":"51f7415a-f571-4b91-8f33-85d7c1721266","event_time":1749523702933,"event_type":"TERMINATE_PROCESS","ext_ip":"34.171.104.183","hostname":"windows-server-2022-aac9c41d-e0a3-4e7e-88b8-33936ab93238-0.c.lc-demo-infra.internal.","iid":"09774cc8-cb43-4164-abd3-87230031c142","int_ip":"10.128.15.201","latency":4008,"moduleid":2,"oid":"aac9c41d-e0a3-4e7e-88b8-33936ab93238","parent":"51037d5e5bd07917162f07f268479cf0","plat":268435456,"sid":"17b8710a-7337-4e64-9c18-2955e86f2d0d","tags":["fim","lc:stable","windows"],"this":"82375141dfd0a34832cfd95068479cfa"},"ts":"2025-06-10 02:48:22"}
{"event":{"PARENT_PROCESS_ID":664,"PROCESS_ID":7624},"routing":{"arch":2,"did":"","event_id":"14356658-22c3-45e5-87c9-201f1ccc7f32","event_time":1749523702933,"event_type":"TERMINATE_PROCESS","ext_ip":"34.171.104.183","hostname":"windows-server-2022-aac9c41d-e0a3-4e7e-88b8-33936ab93238-0.c.lc-demo-infra.internal.","iid":"09774cc8-cb43-4164-abd3-87230031c142","int_ip":"10.128.15.201","latency":4008,"moduleid":2,"oid":"aac9c41d-e0a3-4e7e-88b8-33936ab93238","parent":"a9637b7cc9df15b18e0e837268479cf5","plat":268435456,"sid":"17b8710a-7337-4e64-9c18-2955e86f2d0d","tags":["fim","lc:stable","windows"],"this":"902042964aaff73b411015df68479cfa"},"ts":"2025-06-10 02:48:22"}
{"event":{"PARENT_PROCESS_ID":7624,"PROCESS_ID":7828},"routing":{"arch":2,"did":"","event_id":"1d061a35-a9dc-4265-82da-664a1cf4b6a7","event_time":1749523702933,"event_type":"TERMINATE_PROCESS","ext_ip":"34.171.104.183","hostname":"windows-server-2022-aac9c41d-e0a3-4e7e-88b8-33936ab93238-0.c.lc-demo-infra.internal.","iid":"09774cc8-cb43-4164-abd3-87230031c142","int_ip":"10.128.15.201","latency":4009,"moduleid":2,"oid":"aac9c41d-e0a3-4e7e-88b8-33936ab93238","parent":"d17761a41efc0748934efb2468479cf5","plat":268435456,"sid":"17b8710a-7337-4e64-9c18-2955e86f2d0d","tags":["fim","lc:stable","windows"],"this":"d08c023fa8779c5e975d341e68479cfa"},"ts":"2025-06-10 02:48:22"}
{"event":{"ACTION":"modified","FILE_PATH":"C:\\Windows\\Logs\\CBS\\CBS.log","HASH":"24c0869fc3e0dd3630f69a35e4adf2d2efb8b99eb0bfb75af053885790424af1","PROCESS":{"BASE_ADDRESS":140699317829632,"COMMAND_LINE":"C:\\Windows\\winsxs\\amd64_microsoft-windows-servicingstack_31bf3856ad364e35_10.0.20348.3691_none_b1bc9560f9934ed7\\TiWorker.exe -Embedding","FILE_IS_SIGNED":1,"FILE_PATH":"C:\\Windows\\winsxs\\amd64_microsoft-windows-servicingstack_31bf3856ad364e35_10.0.20348.3691_none_b1bc9560f9934ed7\\TiWorker.exe","HASH":"08301a417991545830b55eacf276dd3d47ad0a1559ae477c34a65031c4de3caf","MEMORY_USAGE":13463552,"PARENT_ATOM":"32ab94087088c4967913285d68256120","PARENT_PROCESS_ID":756,"PROCESS_ID":3756,"THIS_ATOM":"952e25b77f9aa92902ac360268479cf2","THREADS":8,"TIMESTAMP":1749523697737,"USER_NAME":"NT AUTHORITY\\SYSTEM"},"PROCESS_ID":3756},"routing":{"arch":2,"did":"","event_id":"203db6b9-fd96-42a3-ac6d-da4ce085dff4","event_time":1749523701163,"event_type":"FIM_HIT","ext_ip":"34.171.104.183","hostname":"windows-server-2022-aac9c41d-e0a3-4e7e-88b8-33936ab93238-0.c.lc-demo-infra.internal.","iid":"09774cc8-cb43-4164-abd3-87230031c142","int_ip":"10.128.15.201","latency":188,"moduleid":2,"oid":"aac9c41d-e0a3-4e7e-88b8-33936ab93238","parent":"952e25b77f9aa92902ac360268479cf2","plat":268435456,"sid":"17b8710a-7337-4e64-9c18-2955e86f2d0d","tags":["fim","lc:stable","windows"],"this":"a7a547e4a95085ec8cc0307868479cf5"},"ts":"2025-06-10 02:48:21"}
{"event":{"EVENT":{"EventData":{"Data":"INFO : 2025/06/10 02:48:21.664442 client.go:185: Fetching repo content for https://packages.cloud.google.com/yuck/repos/google-compute-engine-stable, cache either doesn't exist or is older than 3m0s"},"System":{"Channel":"Application","Computer":"windows-server-2022-aac9c41d-e0a3-4e7e-88b8-33936ab93238-0","Correlation":"","EventID":{"Qualifiers":"0","content":"1"},"EventRecordID":"70340","Execution":{"ProcessID":"0","ThreadID":"0"},"Keywords":"0x80000000000000","Level":"4","Opcode":"0","Provider":{"Name":"GooGet"},"Security":"","Task":"0","TimeCreated":{"SystemTime":"2025-06-10T02:48:21.6644424Z"},"Version":"0","_event_id":"1"}}},"routing":{"arch":2,"did":"","event_id":"d3e8833a-7ff3-4d03-b38e-511cf96c0b2d","event_time":1749523701665,"event_type":"WEL","ext_ip":"34.171.104.183","hostname":"windows-server-2022-aac9c41d-e0a3-4e7e-88b8-33936ab93238-0.c.lc-demo-infra.internal.","iid":"09774cc8-cb43-4164-abd3-87230031c142","int_ip":"10.128.15.201","latency":2,"moduleid":2,"oid":"aac9c41d-e0a3-4e7e-88b8-33936ab93238","plat":268435456,"sid":"17b8710a-7337-4e64-9c18-2955e86f2d0d","tags":["fim","lc:stable","windows"],"this":"6a24955ba26409a5396fd55368479cf5"},"ts":"2025-06-10 02:48:21"}
{"event":{"EVENT":{"EventData":{"Data":"INFO : 2025/06/10 02:48:21.665432 client.go:247: Fetching \"https://packages.cloud.google.com/yuck/repos/google-compute-engine-stable/index.gz\""},"System":{"Channel":"Application","Computer":"windows-server-2022-aac9c41d-e0a3-4e7e-88b8-33936ab93238-0","Correlation":"","EventID":{"Qualifiers":"0","content":"1"},"EventRecordID":"70341","Execution":{"ProcessID":"0","ThreadID":"0"},"Keywords":"0x80000000000000","Level":"4","Opcode":"0","Provider":{"Name":"GooGet"},"Security":"","Task":"0","TimeCreated":{"SystemTime":"2025-06-10T02:48:21.6654324Z"},"Version":"0","_event_id":"1"}}},"routing":{"arch":2,"did":"","event_id":"6a6dad40-f789-46ca-bb09-30cc1eb00496","event_time":1749523701666,"event_type":"WEL","ext_ip":"34.171.104.183","hostname":"windows-server-2022-aac9c41d-e0a3-4e7e-88b8-33936ab93238-0.c.lc-demo-infra.internal.","iid":"09774cc8-cb43-4164-abd3-87230031c142","int_ip":"10.128.15.201","latency":2,"moduleid":2,"oid":"aac9c41d-e0a3-4e7e-88b8-33936ab93238","plat":268435456,"sid":"17b8710a-7337-4e64-9c18-2955e86f2d0d","tags":["fim","lc:stable","windows"],"this":"070344bc4ad2c54156804dec68479cf5"},"ts":"2025-06-10 02:48:21"}
{"event":{"BASE_ADDRESS":8388608,"COMMAND_LINE":"C:\\ProgramData\\GooGet\\googet.exe update","FILE_IS_SIGNED":0,"FILE_PATH":"C:\\ProgramData\\GooGet\\googet.exe","HASH":"9ab693244ec4fe589fc54720c12385d443f4703237d4a28803df765042780297","MEMORY_USAGE":15966208,"PARENT":{"BASE_ADDRESS":2162688,"COMMAND_LINE":"\"C:\\Program Files\\Google\\OSConfig\\google_osconfig_agent.exe\"","CREATION_TIME":1747280143066,"FILE_IS_SIGNED":1,"FILE_PATH":"C:\\Program Files\\Google\\OSConfig\\google_osconfig_agent.exe","HASH":"5749b2693aaf2042fb068b00ee5b29614b738545f9f3bcc9028597a49d7a3714","MEMORY_USAGE":21397504,"PARENT_ATOM":"b56d4120493c4260490c5b186825611e","PARENT_PROCESS_ID":628,"PROCESS_ID":664,"THIS_ATOM":"e583082c3131f150bbd6f25e6825611e","THREADS":13,"TIMESTAMP":1747280158629,"USER_NAME":"NT AUTHORITY\\SYSTEM"},"PARENT_PROCESS_ID":664,"PROCESS_ID":7624,"THREADS":7,"USER_NAME":"NT AUTHORITY\\SYSTEM"},"routing":{"arch":2,"did":"","event_id":"a763697f-9c83-429d-9f59-8a9308fce366","event_time":1749523701601,"event_type":"NEW_PROCESS","ext_ip":"34.171.104.183","hostname":"windows-server-2022-aac9c41d-e0a3-4e7e-88b8-33936ab93238-0.c.lc-demo-infra.internal.","iid":"09774cc8-cb43-4164-abd3-87230031c142","int_ip":"10.128.15.201","latency":149,"moduleid":2,"oid":"aac9c41d-e0a3-4e7e-88b8-33936ab93238","parent":"e583082c3131f150bbd6f25e6825611e","plat":268435456,"sid":"17b8710a-7337-4e64-9c18-2955e86f2d0d","tags":["fim","lc:stable","windows"],"this":"a9637b7cc9df15b18e0e837268479cf5"},"ts":"2025-06-10 02:48:21"}
{"event":{"EVENT":{"EventData":{"Data":"INFO : 2025/06/10 02:48:21.745955 googet_update.go:126: google-compute-engine-powershell.noarch - latest version installed"},"System":{"Channel":"Application","Computer":"windows-server-2022-aac9c41d-e0a3-4e7e-88b8-33936ab93238-0","Correlation":"","EventID":{"Qualifiers":"0","content":"1"},"EventRecordID":"70342","Execution":{"ProcessID":"0","ThreadID":"0"},"Keywords":"0x80000000000000","Level":"4","Opcode":"0","Provider":{"Name":"GooGet"},"Security":"","Task":"0","TimeCreated":{"SystemTime":"2025-06-10T02:48:21.7459555Z"},"Version":"0","_event_id":"1"}}},"routing":{"arch":2,"did":"","event_id":"b11c9ed4-98b2-4dca-9baf-0f2440db215d","event_time":1749523701753,"event_type":"WEL","ext_ip":"34.171.104.183","hostname":"windows-server-2022-aac9c41d-e0a3-4e7e-88b8-33936ab93238-0.c.lc-demo-infra.internal.","iid":"09774cc8-cb43-4164-abd3-87230031c142","int_ip":"10.128.15.201","latency":2,"moduleid":2,"oid":"aac9c41d-e0a3-4e7e-88b8-33936ab93238","plat":268435456,"sid":"17b8710a-7337-4e64-9c18-2955e86f2d0d","tags":["fim","lc:stable","windows"],"this":"f104e8c197bf4a207dd2e71668479cf5"},"ts":"2025-06-10 02:48:21"}
{"event":{"EVENT":{"EventData":{"Data":"INFO : 2025/06/10 02:48:21.754285 googet_update.go:122: Update for package google-compute-engine-driver-gvnic.x86_64, 1.0.3@60 installed and 2.0.13@46 available from https://packages.cloud.google.com/yuck/repos/google-compute-engine-stable."},"System":{"Channel":"Application","Computer":"windows-server-2022-aac9c41d-e0a3-4e7e-88b8-33936ab93238-0","Correlation":"","EventID":{"Qualifiers":"0","content":"1"},"EventRecordID":"70343","Execution":{"ProcessID":"0","ThreadID":"0"},"Keywords":"0x80000000000000","Level":"4","Opcode":"0","Provider":{"Name":"GooGet"},"Security":"","Task":"0","TimeCreated":{"SystemTime":"2025-06-10T02:48:21.7542850Z"},"Version":"0","_event_id":"1"}}},"routing":{"arch":2,"did":"","event_id":"5715f7b8-88db-47ee-ac57-341e1a4811d5","event_time":1749523701754,"event_type":"WEL","ext_ip":"34.171.104.183","hostname":"windows-server-2022-aac9c41d-e0a3-4e7e-88b8-33936ab93238-0.c.lc-demo-infra.internal.","iid":"09774cc8-cb43-4164-abd3-87230031c142","int_ip":"10.128.15.201","latency":2,"moduleid":2,"oid":"aac9c41d-e0a3-4e7e-88b8-33936ab93238","plat":268435456,"sid":"17b8710a-7337-4e64-9c18-2955e86f2d0d","tags":["fim","lc:stable","windows"],"this":"ff646101a9db584e18d2675e68479cf5"},"ts":"2025-06-10 02:48:21"}
{"event":{"BASE_ADDRESS":140700357165056,"COMMAND_LINE":"\\??\\C:\\Windows\\system32\\conhost.exe 0xffffffff -ForceV1","FILE_IS_SIGNED":1,"FILE_PATH":"C:\\Windows\\System32\\Conhost.exe","HASH":"91c5c21d07fbc2f5344dc2a5e9e0b83a9f051f92d3dc2b25ff1c18ad96ae773a","MEMORY_USAGE":13828096,"PARENT":{"BASE_ADDRESS":8388608,"COMMAND_LINE":"C:\\ProgramData\\GooGet\\googet.exe update","FILE_IS_SIGNED":0,"FILE_PATH":"C:\\ProgramData\\GooGet\\googet.exe","HASH":"9ab693244ec4fe589fc54720c12385d443f4703237d4a28803df765042780297","MEMORY_USAGE":15966208,"PARENT_ATOM":"e583082c3131f150bbd6f25e6825611e","PARENT_PROCESS_ID":664,"PROCESS_ID":7624,"THIS_ATOM":"a9637b7cc9df15b18e0e837268479cf5","THREADS":7,"TIMESTAMP":1749523701601,"USER_NAME":"NT AUTHORITY\\SYSTEM"},"PARENT_PROCESS_ID":7624,"PROCESS_ID":7828,"THREADS":5,"USER_NAME":"NT AUTHORITY\\SYSTEM"},"routing":{"arch":2,"did":"","event_id":"3043054f-c5ef-4cdb-b78a-9f6dc2e82da6","event_time":1749523701604,"event_type":"NEW_PROCESS","ext_ip":"34.171.104.183","hostname":"windows-server-2022-aac9c41d-e0a3-4e7e-88b8-33936ab93238-0.c.lc-demo-infra.internal.","iid":"09774cc8-cb43-4164-abd3-87230031c142","int_ip":"10.128.15.201","latency":153,"moduleid":2,"oid":"aac9c41d-e0a3-4e7e-88b8-33936ab93238","parent":"a9637b7cc9df15b18e0e837268479cf5","plat":268435456,"sid":"17b8710a-7337-4e64-9c18-2955e86f2d0d","tags":["fim","lc:stable","windows"],"this":"d17761a41efc0748934efb2468479cf5"},"ts":"2025-06-10 02:48:21"}
{"event":{"EVENT":{"EventData":{"Data":"INFO : 2025/06/10 02:48:21.755282 googet_update.go:122: Update for package google-compute-engine-driver-netkvm.x86_64, 16.1.3@18 installed and 16.1.8@76 available from https://packages.cloud.google.com/yuck/repos/google-compute-engine-stable."},"System":{"Channel":"Application","Computer":"windows-server-2022-aac9c41d-e0a3-4e7e-88b8-33936ab93238-0","Correlation":"","EventID":{"Qualifiers":"0","content":"1"},"EventRecordID":"70344","Execution":{"ProcessID":"0","ThreadID":"0"},"Keywords":"0x80000000000000","Level":"4","Opcode":"0","Provider":{"Name":"GooGet"},"Security":"","Task":"0","TimeCreated":{"SystemTime":"2025-06-10T02:48:21.7552821Z"},"Version":"0","_event_id":"1"}}},"routing":{"arch":2,"did":"","event_id":"f994b02c-62a2-4741-80d4-7784b1ffb0bf","event_time":1749523701756,"event_type":"WEL","ext_ip":"34.171.104.183","hostname":"windows-server-2022-aac9c41d-e0a3-4e7e-88b8-33936ab93238-0.c.lc-demo-infra.internal.","iid":"09774cc8-cb43-4164-abd3-87230031c142","int_ip":"10.128.15.201","latency":3,"moduleid":2,"oid":"aac9c41d-e0a3-4e7e-88b8-33936ab93238","plat":268435456,"sid":"17b8710a-7337-4e64-9c18-2955e86f2d0d","tags":["fim","lc:stable","windows"],"this":"1bbb9afbd1c555c07c78435268479cf5"},"ts":"2025-06-10 02:48:21"}
{"event":{"EVENT":{"EventData":{"Data":"INFO : 2025/06/10 02:48:21.756696 googet_update.go:122: Update for package google-osconfig-agent.x86_64, 20230403.00.0+win@1 installed and 20250520.00.0+win@1 available from https://packages.cloud.google.com/yuck/repos/google-compute-engine-stable."},"System":{"Channel":"Application","Computer":"windows-server-2022-aac9c41d-e0a3-4e7e-88b8-33936ab93238-0","Correlation":"","EventID":{"Qualifiers":"0","content":"1"},"EventRecordID":"70345","Execution":{"ProcessID":"0","ThreadID":"0"},"Keywords":"0x80000000000000","Level":"4","Opcode":"0","Provider":{"Name":"GooGet"},"Security":"","Task":"0","TimeCreated":{"SystemTime":"2025-06-10T02:48:21.7566962Z"},"Version":"0","_event_id":"1"}}},"routing":{"arch":2,"did":"","event_id":"0e591059-3c71-496e-bf21-477a60772899","event_time":1749523701757,"event_type":"WEL","ext_ip":"34.171.104.183","hostname":"windows-server-2022-aac9c41d-e0a3-4e7e-88b8-33936ab93238-0.c.lc-demo-infra.internal.","iid":"09774cc8-cb43-4164-abd3-87230031c142","int_ip":"10.128.15.201","latency":3,"moduleid":2,"oid":"aac9c41d-e0a3-4e7e-88b8-33936ab93238","plat":268435456,"sid":"17b8710a-7337-4e64-9c18-2955e86f2d0d","tags":["fim","lc:stable","windows"],"this":"d3114f604fb172091160655168479cf5"},"ts":"2025-06-10 02:48:21"}
{"event":{"EVENT":{"EventData":{"Data":"INFO : 2025/06/10 02:48:21.757245 googet_update.go:126: googet.x86_64 - latest version installed"},"System":{"Channel":"Application","Computer":"windows-server-2022-aac9c41d-e0a3-4e7e-88b8-33936ab93238-0","Correlation":"","EventID":{"Qualifiers":"0","content":"1"},"EventRecordID":"70346","Execution":{"ProcessID":"0","ThreadID":"0"},"Keywords":"0x80000000000000","Level":"4","Opcode":"0","Provider":{"Name":"GooGet"},"Security":"","Task":"0","TimeCreated":{"SystemTime":"2025-06-10T02:48:21.7572453Z"},"Version":"0","_event_id":"1"}}},"routing":{"arch":2,"did":"","event_id":"29e4030c-cbc2-4c94-bd16-4ef4259c2bd5","event_time":1749523701758,"event_type":"WEL","ext_ip":"34.171.104.183","hostname":"windows-server-2022-aac9c41d-e0a3-4e7e-88b8-33936ab93238-0.c.lc-demo-infra.internal.","iid":"09774cc8-cb43-4164-abd3-87230031c142","int_ip":"10.128.15.201","latency":2,"moduleid":2,"oid":"aac9c41d-e0a3-4e7e-88b8-33936ab93238","plat":268435456,"sid":"17b8710a-7337-4e64-9c18-2955e86f2d0d","tags":["fim","lc:stable","windows"],"this":"1910e956cf2b1c58f56e4dc168479cf5"},"ts":"2025-06-10 02:48:21"}
{"event":{"EVENT":{"EventData":{"Data":"INFO : 2025/06/10 02:48:21.758246 googet_update.go:122: Update for package google-compute-engine-driver-vioscsi.x86_64, 16.1.3@18 installed and 16.1.11@23 available from https://packages.cloud.google.com/yuck/repos/google-compute-engine-stable."},"System":{"Channel":"Application","Computer":"windows-server-2022-aac9c41d-e0a3-4e7e-88b8-33936ab93238-0","Correlation":"","EventID":{"Qualifiers":"0","content":"1"},"EventRecordID":"70347","Execution":{"ProcessID":"0","ThreadID":"0"},"Keywords":"0x80000000000000","Level":"4","Opcode":"0","Provider":{"Name":"GooGet"},"Security":"","Task":"0","TimeCreated":{"SystemTime":"2025-06-10T02:48:21.7582467Z"},"Version":"0","_event_id":"1"}}},"routing":{"arch":2,"did":"","event_id":"e13e463a-a7ea-48dd-9c71-f841abaf9afd","event_time":1749523701758,"event_type":"WEL","ext_ip":"34.171.104.183","hostname":"windows-server-2022-aac9c41d-e0a3-4e7e-88b8-33936ab93238-0.c.lc-demo-infra.internal.","iid":"09774cc8-cb43-4164-abd3-87230031c142","int_ip":"10.128.15.201","latency":3,"moduleid":2,"oid":"aac9c41d-e0a3-4e7e-88b8-33936ab93238","plat":268435456,"sid":"17b8710a-7337-4e64-9c18-2955e86f2d0d","tags":["fim","lc:stable","windows"],"this":"e7d1d7470910307cf95fd08768479cf5"},"ts":"2025-06-10 02:48:21"}
{"event":{"EVENT":{"EventData":{"Data":"INFO : 2025/06/10 02:48:21.758246 googet_update.go:122: Update for package google-compute-engine-windows.x86_64, 20230403.00.0@1 installed and 20250414.00.0@1 available from https://packages.cloud.google.com/yuck/repos/google-compute-engine-stable."},"System":{"Channel":"Application","Computer":"windows-server-2022-aac9c41d-e0a3-4e7e-88b8-33936ab93238-0","Correlation":"","EventID":{"Qualifiers":"0","content":"1"},"EventRecordID":"70348","Execution":{"ProcessID":"0","ThreadID":"0"},"Keywords":"0x80000000000000","Level":"4","Opcode":"0","Provider":{"Name":"GooGet"},"Security":"","Task":"0","TimeCreated":{"SystemTime":"2025-06-10T02:48:21.7591320Z"},"Version":"0","_event_id":"1"}}},"routing":{"arch":2,"did":"","event_id":"5b3d9da5-d680-4406-a2b6-e1800e297776","event_time":1749523701759,"event_type":"WEL","ext_ip":"34.171.104.183","hostname":"windows-server-2022-aac9c41d-e0a3-4e7e-88b8-33936ab93238-0.c.lc-demo-infra.internal.","iid":"09774cc8-cb43-4164-abd3-87230031c142","int_ip":"10.128.15.201","latency":2,"moduleid":2,"oid":"aac9c41d-e0a3-4e7e-88b8-33936ab93238","plat":268435456,"sid":"17b8710a-7337-4e64-9c18-2955e86f2d0d","tags":["fim","lc:stable","windows"],"this":"0f483b6538be40f92102e5af68479cf5"},"ts":"2025-06-10 02:48:21"}
{"event":{"EVENT":{"EventData":{"Data":"INFO : 2025/06/10 02:48:21.759309 googet_update.go:126: certgen.x86_64 - latest version installed"},"System":{"Channel":"Application","Computer":"windows-server-2022-aac9c41d-e0a3-4e7e-88b8-33936ab93238-0","Correlation":"","EventID":{"Qualifiers":"0","content":"1"},"EventRecordID":"70349","Execution":{"ProcessID":"0","ThreadID":"0"},"Keywords":"0x80000000000000","Level":"4","Opcode":"0","Provider":{"Name":"GooGet"},"Security":"","Task":"0","TimeCreated":{"SystemTime":"2025-06-10T02:48:21.7593099Z"},"Version":"0","_event_id":"1"}}},"routing":{"arch":2,"did":"","event_id":"e95c710a-d401-487f-ae38-0500b5043dbe","event_time":1749523701759,"event_type":"WEL","ext_ip":"34.171.104.183","hostname":"windows-server-2022-aac9c41d-e0a3-4e7e-88b8-33936ab93238-0.c.lc-demo-infra.internal.","iid":"09774cc8-cb43-4164-abd3-87230031c142","int_ip":"10.128.15.201","latency":3,"moduleid":2,"oid":"aac9c41d-e0a3-4e7e-88b8-33936ab93238","plat":268435456,"sid":"17b8710a-7337-4e64-9c18-2955e86f2d0d","tags":["fim","lc:stable","windows"],"this":"27b4cab4cbdde66d078cb65168479cf5"},"ts":"2025-06-10 02:48:21"}
{"event":{"EVENT":{"EventData":{"Data":"INFO : 2025/06/10 02:48:21.759309 googet_update.go:122: Update for package google-compute-engine-sysprep.noarch, 20221104.02@1 installed and 20250414.00@1 available from https://packages.cloud.google.com/yuck/repos/google-compute-engine-stable."},"System":{"Channel":"Application","Computer":"windows-server-2022-aac9c41d-e0a3-4e7e-88b8-33936ab93238-0","Correlation":"","EventID":{"Qualifiers":"0","content":"1"},"EventRecordID":"70350","Execution":{"ProcessID":"0","ThreadID":"0"},"Keywords":"0x80000000000000","Level":"4","Opcode":"0","Provider":{"Name":"GooGet"},"Security":"","Task":"0","TimeCreated":{"SystemTime":"2025-06-10T02:48:21.7593099Z"},"Version":"0","_event_id":"1"}}},"routing":{"arch":2,"did":"","event_id":"b68bc23c-eb29-48bc-9ec1-0e3614d0722e","event_time":1749523701760,"event_type":"WEL","ext_ip":"34.171.104.183","hostname":"windows-server-2022-aac9c41d-e0a3-4e7e-88b8-33936ab93238-0.c.lc-demo-infra.internal.","iid":"09774cc8-cb43-4164-abd3-87230031c142","int_ip":"10.128.15.201","latency":3,"moduleid":2,"oid":"aac9c41d-e0a3-4e7e-88b8-33936ab93238","plat":268435456,"sid":"17b8710a-7337-4e64-9c18-2955e86f2d0d","tags":["fim","lc:stable","windows"],"this":"30c5652f00aa79287ebd6e4668479cf5"},"ts":"2025-06-10 02:48:21"}
{"event":{"EVENT":{"EventData":{"Data":"INFO : 2025/06/10 02:48:21.759309 googet_update.go:122: Update for package google-compute-engine-driver-pvpanic.x86_64, 16.1.6@49 installed and 16.1.8@9 available from https://packages.cloud.google.com/yuck/repos/google-compute-engine-stable."},"System":{"Channel":"Application","Computer":"windows-server-2022-aac9c41d-e0a3-4e7e-88b8-33936ab93238-0","Correlation":"","EventID":{"Qualifiers":"0","content":"1"},"EventRecordID":"70351","Execution":{"ProcessID":"0","ThreadID":"0"},"Keywords":"0x80000000000000","Level":"4","Opcode":"0","Provider":{"Name":"GooGet"},"Security":"","Task":"0","TimeCreated":{"SystemTime":"2025-06-10T02:48:21.7593099Z"},"Version":"0","_event_id":"1"}}},"routing":{"arch":2,"did":"","event_id":"7a2e0596-a2fc-4b3d-9999-995cfa36b654","event_time":1749523701760,"event_type":"WEL","ext_ip":"34.171.104.183","hostname":"windows-server-2022-aac9c41d-e0a3-4e7e-88b8-33936ab93238-0.c.lc-demo-infra.internal.","iid":"09774cc8-cb43-4164-abd3-87230031c142","int_ip":"10.128.15.201","latency":3,"moduleid":2,"oid":"aac9c41d-e0a3-4e7e-88b8-33936ab93238","plat":268435456,"sid":"17b8710a-7337-4e64-9c18-2955e86f2d0d","tags":["fim","lc:stable","windows"],"this":"5f7eb2915672783864925afa68479cf5"},"ts":"2025-06-10 02:48:21"}
{"event":{"EVENT":{"EventData":{"Data":"INFO : 2025/06/10 02:48:21.760302 googet_update.go:122: Update for package google-compute-engine-driver-gga.x86_64, 1.1.5@37 installed and 1.1.9@23 available from https://packages.cloud.google.com/yuck/repos/google-compute-engine-stable."},"System":{"Channel":"Application","Computer":"windows-server-2022-aac9c41d-e0a3-4e7e-88b8-33936ab93238-0","Correlation":"","EventID":{"Qualifiers":"0","content":"1"},"EventRecordID":"70352","Execution":{"ProcessID":"0","ThreadID":"0"},"Keywords":"0x80000000000000","Level":"4","Opcode":"0","Provider":{"Name":"GooGet"},"Security":"","Task":"0","TimeCreated":{"SystemTime":"2025-06-10T02:48:21.7603025Z"},"Version":"0","_event_id":"1"}}},"routing":{"arch":2,"did":"","event_id":"e942e8a7-4e2e-485e-934b-1e6f66caf140","event_time":1749523701761,"event_type":"WEL","ext_ip":"34.171.104.183","hostname":"windows-server-2022-aac9c41d-e0a3-4e7e-88b8-33936ab93238-0.c.lc-demo-infra.internal.","iid":"09774cc8-cb43-4164-abd3-87230031c142","int_ip":"10.128.15.201","latency":3,"moduleid":2,"oid":"aac9c41d-e0a3-4e7e-88b8-33936ab93238","plat":268435456,"sid":"17b8710a-7337-4e64-9c18-2955e86f2d0d","tags":["fim","lc:stable","windows"],"this":"ff91194acb51ffe9788bbce968479cf5"},"ts":"2025-06-10 02:48:21"}
{"event":{"EVENT":{"EventData":{"Data":"INFO : 2025/06/10 02:48:21.760302 googet_update.go:122: Update for package google-compute-engine-metadata-scripts.x86_64, 20230403.00.0@1 installed and 20250414.00.0@1 available from https://packages.cloud.google.com/yuck/repos/google-compute-engine-stable."},"System":{"Channel":"Application","Computer":"windows-server-2022-aac9c41d-e0a3-4e7e-88b8-33936ab93238-0","Correlation":"","EventID":{"Qualifiers":"0","content":"1"},"EventRecordID":"70353","Execution":{"ProcessID":"0","ThreadID":"0"},"Keywords":"0x80000000000000","Level":"4","Opcode":"0","Provider":{"Name":"GooGet"},"Security":"","Task":"0","TimeCreated":{"SystemTime":"2025-06-10T02:48:21.7603025Z"},"Version":"0","_event_id":"1"}}},"routing":{"arch":2,"did":"","event_id":"99b9d8f1-25c0-4290-a4e6-701858bb9cdb","event_time":1749523701761,"event_type":"WEL","ext_ip":"34.171.104.183","hostname":"windows-server-2022-aac9c41d-e0a3-4e7e-88b8-33936ab93238-0.c.lc-demo-infra.internal.","iid":"09774cc8-cb43-4164-abd3-87230031c142","int_ip":"10.128.15.201","latency":3,"moduleid":2,"oid":"aac9c41d-e0a3-4e7e-88b8-33936ab93238","plat":268435456,"sid":"17b8710a-7337-4e64-9c18-2955e86f2d0d","tags":["fim","lc:stable","windows"],"this":"04f653adfb0436b7a133c4be68479cf5"},"ts":"2025-06-10 02:48:21"}
{"event":{"EVENT":{"EventData":{"Data":"INFO : 2025/06/10 02:48:21.760302 googet_update.go:122: Update for package google-compute-engine-driver-balloon.x86_64, 16.1.6@49 installed and 16.1.8@9 available from https://packages.cloud.google.com/yuck/repos/google-compute-engine-stable."},"System":{"Channel":"Application","Computer":"windows-server-2022-aac9c41d-e0a3-4e7e-88b8-33936ab93238-0","Correlation":"","EventID":{"Qualifiers":"0","content":"1"},"EventRecordID":"70354","Execution":{"ProcessID":"0","ThreadID":"0"},"Keywords":"0x80000000000000","Level":"4","Opcode":"0","Provider":{"Name":"GooGet"},"Security":"","Task":"0","TimeCreated":{"SystemTime":"2025-06-10T02:48:21.7610884Z"},"Version":"0","_event_id":"1"}}},"routing":{"arch":2,"did":"","event_id":"65ff39f7-4066-491a-85bf-ab0ea45a02bc","event_time":1749523701761,"event_type":"WEL","ext_ip":"34.171.104.183","hostname":"windows-server-2022-aac9c41d-e0a3-4e7e-88b8-33936ab93238-0.c.lc-demo-infra.internal.","iid":"09774cc8-cb43-4164-abd3-87230031c142","int_ip":"10.128.15.201","latency":3,"moduleid":2,"oid":"aac9c41d-e0a3-4e7e-88b8-33936ab93238","plat":268435456,"sid":"17b8710a-7337-4e64-9c18-2955e86f2d0d","tags":["fim","lc:stable","windows"],"this":"4006a949ce4d0385ebc9169c68479cf5"},"ts":"2025-06-10 02:48:21"}
{"event":{"EVENT":{"EventData":{"Data":"INFO : 2025/06/10 02:48:21.761088 googet_update.go:126: google-compute-engine-diagnostics.x86_64 - latest version installed"},"System":{"Channel":"Application","Computer":"windows-server-2022-aac9c41d-e0a3-4e7e-88b8-33936ab93238-0","Correlation":"","EventID":{"Qualifiers":"0","content":"1"},"EventRecordID":"70355","Execution":{"ProcessID":"0","ThreadID":"0"},"Keywords":"0x80000000000000","Level":"4","Opcode":"0","Provider":{"Name":"GooGet"},"Security":"","Task":"0","TimeCreated":{"SystemTime":"2025-06-10T02:48:21.7615027Z"},"Version":"0","_event_id":"1"}}},"routing":{"arch":2,"did":"","event_id":"07b03f4b-4a57-4da2-b613-6a2503e14b6c","event_time":1749523701762,"event_type":"WEL","ext_ip":"34.171.104.183","hostname":"windows-server-2022-aac9c41d-e0a3-4e7e-88b8-33936ab93238-0.c.lc-demo-infra.internal.","iid":"09774cc8-cb43-4164-abd3-87230031c142","int_ip":"10.128.15.201","latency":3,"moduleid":2,"oid":"aac9c41d-e0a3-4e7e-88b8-33936ab93238","plat":268435456,"sid":"17b8710a-7337-4e64-9c18-2955e86f2d0d","tags":["fim","lc:stable","windows"],"this":"d71dd536f6f20c47577df3a668479cf5"},"ts":"2025-06-10 02:48:21"}
