{"event":{"EVENT":{"EventData":{"AuthenticationPackageName":"NTLM","FailureReason":"%%2313","IpAddress":"45.227.253.61","IpPort":"0","KeyLength":"0","LmPackageName":"-","LogonProcessName":"NtLmSsp","LogonType":"3","ProcessId":"0x0","ProcessName":"-","Status":"0xc000006d","SubStatus":"0xc0000064","SubjectDomainName":"-","SubjectLogonId":"0x0","SubjectUserName":"-","SubjectUserSid":"S-1-0-0","TargetDomainName":"WINDOWS-SERVER-2022-AAC9C41D-E0A3-4E7E-88B8-33936AB93238-0","TargetUserName":"Admin","TargetUserSid":"S-1-0-0","TransmittedServices":"-","WorkstationName":"WIN-56DH2BBHACU"},"System":{"Channel":"Security","Computer":"windows-server-2022-aac9c41d-e0a3-4e7e-88b8-33936ab93238-0","Correlation":{"ActivityID":"{55ae049b-37ef-0001-ee39-a76a4ac5db01}"},"EventID":"4625","EventRecordID":"4417920","Execution":{"ProcessID":"648","ThreadID":"8848"},"Keywords":"0x8010000000000000","Level":"0","Opcode":"0","Provider":{"Guid":"{54849625-5478-4994-a5ba-3e3b0328c30d}","Name":"Microsoft-Windows-Security-Auditing"},"Security":"","Task":"12544","TimeCreated":{"SystemTime":"2025-06-10T02:48:44.6950265Z"},"Version":"0","_event_id":"4625"}}},"routing":{"arch":2,"did":"","event_id":"e311352b-f941-45f4-83c9-036543863757","event_time":1749523725693,"event_type":"WEL","ext_ip":"34.171.104.183","hostname":"windows-server-2022-aac9c41d-e0a3-4e7e-88b8-33936ab93238-0.c.lc-demo-infra.internal.","iid":"09774cc8-cb43-4164-abd3-87230031c142","int_ip":"10.128.15.201","latency":3,"moduleid":2,"oid":"aac9c41d-e0a3-4e7e-88b8-33936ab93238","plat":268435456,"sid":"17b8710a-7337-4e64-9c18-2955e86f2d0d","tags":["fim","lc:stable","windows"],"this":"6deb96005f6b29677f5959d768479d0d"},"ts":"2025-06-10 02:48:45"}
{"event":{"EVENT":{"EventData":{"AuthenticationPackageName":"NTLM","FailureReason":"%%2313","IpAddress":"45.227.253.61","IpPort":"0","KeyLength":"0","LmPackageName":"-","LogonProcessName":"NtLmSsp","LogonType":"3","ProcessId":"0x0","ProcessName":"-","Status":"0xc000006d","SubStatus":"0xc0000064","SubjectDomainName":"-","SubjectLogonId":"0x0","SubjectUserName":"-","SubjectUserSid":"S-1-0-0","TargetDomainName":"WINDOWS-SERVER-2022-AAC9C41D-E0A3-4E7E-88B8-33936AB93238-0","TargetUserName":"Admin","TargetUserSid":"S-1-0-0","TransmittedServices":"-","WorkstationName":"WIN-56DH2BBHACU"},"System":{"Channel":"Security","Computer":"windows-server-2022-aac9c41d-e0a3-4e7e-88b8-33936ab93238-0","Correlation":{"ActivityID":"{55ae049b-37ef-0001-ee39-a76a4ac5db01}"},"EventID":"4625","EventRecordID":"4417919","Execution":{"ProcessID":"648","ThreadID":"8848"},"Keywords":"0x8010000000000000","Level":"0","Opcode":"0","Provider":{"Guid":"{54849625-5478-4994-a5ba-3e3b0328c30d}","Name":"Microsoft-Windows-Security-Auditing"},"Security":"","Task":"12544","TimeCreated":{"SystemTime":"2025-06-10T02:48:42.9308010Z"},"Version":"0","_event_id":"4625"}}},"routing":{"arch":2,"did":"","event_id":"65f56ee3-67fe-451f-a484-c68c77017bd0","event_time":1749523723924,"event_type":"WEL","ext_ip":"34.171.104.183","hostname":"windows-server-2022-aac9c41d-e0a3-4e7e-88b8-33936ab93238-0.c.lc-demo-infra.internal.","iid":"09774cc8-cb43-4164-abd3-87230031c142","int_ip":"10.128.15.201","latency":4,"moduleid":2,"oid":"aac9c41d-e0a3-4e7e-88b8-33936ab93238","plat":268435456,"sid":"17b8710a-7337-4e64-9c18-2955e86f2d0d","tags":["fim","lc:stable","windows"],"this":"92fdd345e08cb57d2ab7baf668479d0b"},"ts":"2025-06-10 02:48:43"}
{"event":{"FILE_PATH":"C:\\ProgramData\\limacharlie\\hcp_hbs_status.json","PROCESS_ID":3216},"routing":{"arch":2,"did":"","event_id":"c98decec-f32a-4264-be1c-682d22c8537f","event_time":1749523723042,"event_type":"FILE_MODIFIED","ext_ip":"34.58.90.170","hostname":"desktop-c2a1841.c.lc-demo-infra.internal.","iid":"09774cc8-cb43-4164-abd3-87230031c142","int_ip":"10.128.15.200","latency":47,"moduleid":2,"oid":"aac9c41d-e0a3-4e7e-88b8-33936ab93238","parent":"c3af4f132829cd072763d0706818de61","plat":268435456,"sid":"c4ba6121-d13d-4871-82f8-4b5c5556761e","tags":["lc:testtag","windows"],"this":"21aaf3887b1dcb1a5413f83b68479d0b"},"ts":"2025-06-10 02:48:43"}
{"event":{"EVENT":{"EventData":{"AuthenticationPackageName":"NTLM","FailureReason":"%%2313","IpAddress":"45.227.253.61","IpPort":"0","KeyLength":"0","LmPackageName":"-","LogonProcessName":"NtLmSsp","LogonType":"3","ProcessId":"0x0","ProcessName":"-","Status":"0xc000006d","SubStatus":"0xc0000064","SubjectDomainName":"-","SubjectLogonId":"0x0","SubjectUserName":"-","SubjectUserSid":"S-1-0-0","TargetDomainName":"WINDOWS-SERVER-2022-AAC9C41D-E0A3-4E7E-88B8-33936AB93238-0","TargetUserName":"Admin","TargetUserSid":"S-1-0-0","TransmittedServices":"-","WorkstationName":"WIN-56DH2BBHACU"},"System":{"Channel":"Security","Computer":"windows-server-2022-aac9c41d-e0a3-4e7e-88b8-33936ab93238-0","Correlation":{"ActivityID":"{55ae049b-37ef-0001-ee39-a76a4ac5db01}"},"EventID":"4625","EventRecordID":"4417918","Execution":{"ProcessID":"648","ThreadID":"8848"},"Keywords":"0x8010000000000000","Level":"0","Opcode":"0","Provider":{"Guid":"{54849625-5478-4994-a5ba-3e3b0328c30d}","Name":"Microsoft-Windows-Security-Auditing"},"Security":"","Task":"12544","TimeCreated":{"SystemTime":"2025-06-10T02:48:41.1215980Z"},"Version":"0","_event_id":"4625"}}},"routing":{"arch":2,"did":"","event_id":"95d463b9-7e2a-4dd9-b801-f58c516130c9","event_time":1749523722110,"event_type":"WEL","ext_ip":"34.171.104.183","hostname":"windows-server-2022-aac9c41d-e0a3-4e7e-88b8-33936ab93238-0.c.lc-demo-infra.internal.","iid":"09774cc8-cb43-4164-abd3-87230031c142","int_ip":"10.128.15.201","latency":3,"moduleid":2,"oid":"aac9c41d-e0a3-4e7e-88b8-33936ab93238","plat":268435456,"sid":"17b8710a-7337-4e64-9c18-2955e86f2d0d","tags":["fim","lc:stable","windows"],"this":"0f62852c27cabe978087bf0768479d0a"},"ts":"2025-06-10 02:48:42"}
{"event":{"EVENT":{"EventData":{"AuthenticationPackageName":"NTLM","FailureReason":"%%2313","IpAddress":"45.227.253.61","IpPort":"0","KeyLength":"0","LmPackageName":"-","LogonProcessName":"NtLmSsp","LogonType":"3","ProcessId":"0x0","ProcessName":"-","Status":"0xc000006d","SubStatus":"0xc0000064","SubjectDomainName":"-","SubjectLogonId":"0x0","SubjectUserName":"-","SubjectUserSid":"S-1-0-0","TargetDomainName":"WINDOWS-SERVER-2022-AAC9C41D-E0A3-4E7E-88B8-33936AB93238-0","TargetUserName":"Admin","TargetUserSid":"S-1-0-0","TransmittedServices":"-","WorkstationName":"WIN-56DH2BBHACU"},"System":{"Channel":"Security","Computer":"windows-server-2022-aac9c41d-e0a3-4e7e-88b8-33936ab93238-0","Correlation":{"ActivityID":"{55ae049b-37ef-0001-ee39-a76a4ac5db01}"},"EventID":"4625","EventRecordID":"4417917","Execution":{"ProcessID":"648","ThreadID":"8848"},"Keywords":"0x8010000000000000","Level":"0","Opcode":"0","Provider":{"Guid":"{54849625-5478-4994-a5ba-3e3b0328c30d}","Name":"Microsoft-Windows-Security-Auditing"},"Security":"","Task":"12544","TimeCreated":{"SystemTime":"2025-06-10T02:48:39.3721496Z"},"Version":"0","_event_id":"4625"}}},"routing":{"arch":2,"did":"","event_id":"4bb8ef06-726d-4a3f-b92f-86b00ac70fb4","event_time":1749523720359,"event_type":"WEL","ext_ip":"34.171.104.183","hostname":"windows-server-2022-aac9c41d-e0a3-4e7e-88b8-33936ab93238-0.c.lc-demo-infra.internal.","iid":"09774cc8-cb43-4164-abd3-87230031c142","int_ip":"10.128.15.201","latency":3,"moduleid":2,"oid":"aac9c41d-e0a3-4e7e-88b8-33936ab93238","plat":268435456,"sid":"17b8710a-7337-4e64-9c18-2955e86f2d0d","tags":["fim","lc:stable","windows"],"this":"5aeffdd497ba6b4ac4a8fb4c68479d08"},"ts":"2025-06-10 02:48:40"}
{"event":{"EVENT":{"EventData":{"AuthenticationPackageName":"NTLM","FailureReason":"%%2313","IpAddress":"104.161.43.115","IpPort":"0","KeyLength":"0","LmPackageName":"-","LogonProcessName":"NtLmSsp","LogonType":"3","ProcessId":"0x0","ProcessName":"-","Status":"0xc000006d","SubStatus":"0xc000006a","SubjectDomainName":"-","SubjectLogonId":"0x0","SubjectUserName":"-","SubjectUserSid":"S-1-0-0","TargetDomainName":"","TargetUserName":"Administrator","TargetUserSid":"S-1-0-0","TransmittedServices":"-","WorkstationName":"workstation"},"System":{"Channel":"Security","Computer":"DESKTOP-C2A1841","Correlation":{"ActivityID":"{352b8892-aa45-0001-ddca-25f63c52db01}"},"EventID":"4625","EventRecordID":"4683431","Execution":{"ProcessID":"648","ThreadID":"15328"},"Keywords":"0x8010000000000000","Level":"0","Opcode":"0","Provider":{"Guid":"{54849625-5478-4994-a5ba-3e3b0328c30d}","Name":"Microsoft-Windows-Security-Auditing"},"Security":"","Task":"12544","TimeCreated":{"SystemTime":"2025-06-10T02:48:38.1379131Z"},"Version":"0","_event_id":"4625"}}},"routing":{"arch":2,"did":"","event_id":"51008224-a30a-4cff-9ea1-0751d674a2df","event_time":1749523720132,"event_type":"WEL","ext_ip":"34.58.90.170","hostname":"desktop-c2a1841.c.lc-demo-infra.internal.","iid":"09774cc8-cb43-4164-abd3-87230031c142","int_ip":"10.128.15.200","latency":-30,"moduleid":2,"oid":"aac9c41d-e0a3-4e7e-88b8-33936ab93238","plat":268435456,"sid":"c4ba6121-d13d-4871-82f8-4b5c5556761e","tags":["lc:testtag","windows"],"this":"9e2157b0a3ddc7b6d7174f3e68479d08"},"ts":"2025-06-10 02:48:40"}
{"event":{"CNAME":"win-global-asimov-leafs-events-data.trafficmanager.net","DNS_TYPE":5,"DOMAIN_NAME":"v10.events.data.microsoft.com","MESSAGE_ID":29293,"PROCESS_ID":1664},"routing":{"arch":2,"did":"","event_id":"f4b49983-a9da-453a-9fb4-754e8dd23762","event_time":1749523719906,"event_type":"DNS_REQUEST","ext_ip":"34.171.104.183","hostname":"windows-server-2022-aac9c41d-e0a3-4e7e-88b8-33936ab93238-0.c.lc-demo-infra.internal.","iid":"09774cc8-cb43-4164-abd3-87230031c142","int_ip":"10.128.15.201","latency":533,"moduleid":2,"oid":"aac9c41d-e0a3-4e7e-88b8-33936ab93238","parent":"c5c7b27cabe36d9ede5463b468256120","plat":268435456,"sid":"17b8710a-7337-4e64-9c18-2955e86f2d0d","tags":["fim","lc:stable","windows"],"this":"167b98019e0b4cb925d6084568479d08"},"ts":"2025-06-10 02:48:39"}
{"event":{"CNAME":"onedscolprduks01.uksouth.cloudapp.azure.com","DNS_TYPE":5,"DOMAIN_NAME":"win-global-asimov-leafs-events-data.trafficmanager.net","MESSAGE_ID":29293,"PROCESS_ID":1664},"routing":{"arch":2,"did":"","event_id":"a5f13c8d-3dba-4015-ae56-1ab3a7787abc","event_time":1749523719906,"event_type":"DNS_REQUEST","ext_ip":"34.171.104.183","hostname":"windows-server-2022-aac9c41d-e0a3-4e7e-88b8-33936ab93238-0.c.lc-demo-infra.internal.","iid":"09774cc8-cb43-4164-abd3-87230031c142","int_ip":"10.128.15.201","latency":535,"moduleid":2,"oid":"aac9c41d-e0a3-4e7e-88b8-33936ab93238","parent":"c5c7b27cabe36d9ede5463b468256120","plat":268435456,"sid":"17b8710a-7337-4e64-9c18-2955e86f2d0d","tags":["fim","lc:stable","windows"],"this":"9cfb84d08ac2ea6498bd64b468479d08"},"ts":"2025-06-10 02:48:39"}
{"event":{"DNS_TYPE":1,"DOMAIN_NAME":"onedscolprduks01.uksouth.cloudapp.azure.com","IP_ADDRESS":"51.104.15.252","MESSAGE_ID":29293,"PROCESS_ID":1664},"routing":{"arch":2,"did":"","event_id":"ec77204c-a39b-40e7-a803-d451bc37bf97","event_time":1749523719906,"event_type":"DNS_REQUEST","ext_ip":"34.171.104.183","hostname":"windows-server-2022-aac9c41d-e0a3-4e7e-88b8-33936ab93238-0.c.lc-demo-infra.internal.","iid":"09774cc8-cb43-4164-abd3-87230031c142","int_ip":"10.128.15.201","latency":535,"moduleid":2,"oid":"aac9c41d-e0a3-4e7e-88b8-33936ab93238","parent":"c5c7b27cabe36d9ede5463b468256120","plat":268435456,"sid":"17b8710a-7337-4e64-9c18-2955e86f2d0d","tags":["fim","lc:stable","windows"],"this":"9e4dc7151393d4977d838bc268479d08"},"ts":"2025-06-10 02:48:39"}
{"event":{"PROCESS_ID":648,"REGISTRY_KEY":"\\REGISTRY\\MACHINE\\SAM\\SAM\\Domains\\Account\\Users\\000001F4\\F","REGISTRY_VALUE":"AwABAAAAAAAAAAAAAAAAAA==","SIZE":3,"TYPE":3},"routing":{"arch":2,"did":"","event_id":"3070a641-aa6f-4c57-9058-3c426ab996bc","event_time":1749523719129,"event_type":"REGISTRY_WRITE","ext_ip":"34.58.90.170","hostname":"desktop-c2a1841.c.lc-demo-infra.internal.","iid":"09774cc8-cb43-4164-abd3-87230031c142","int_ip":"10.128.15.200","latency":614,"moduleid":2,"oid":"aac9c41d-e0a3-4e7e-88b8-33936ab93238","parent":"8ced3bfcbf30b0dc5810c9e36818de5e","plat":268435456,"sid":"c4ba6121-d13d-4871-82f8-4b5c5556761e","tags":["lc:testtag","windows"],"this":"8e544339f999bd35ac176b8a68479d07"},"ts":"2025-06-10 02:48:39"}
{"event":{"EVENT":{"EventData":{"AuthenticationPackageName":"NTLM","FailureReason":"%%2313","IpAddress":"45.227.253.61","IpPort":"0","KeyLength":"0","LmPackageName":"-","LogonProcessName":"NtLmSsp","LogonType":"3","ProcessId":"0x0","ProcessName":"-","Status":"0xc000006d","SubStatus":"0xc0000064","SubjectDomainName":"-","SubjectLogonId":"0x0","SubjectUserName":"-","SubjectUserSid":"S-1-0-0","TargetDomainName":"WINDOWS-SERVER-2022-AAC9C41D-E0A3-4E7E-88B8-33936AB93238-0","TargetUserName":"Admin","TargetUserSid":"S-1-0-0","TransmittedServices":"-","WorkstationName":"WIN-56DH2BBHACU"},"System":{"Channel":"Security","Computer":"windows-server-2022-aac9c41d-e0a3-4e7e-88b8-33936ab93238-0","Correlation":{"ActivityID":"{55ae049b-37ef-0001-ee39-a76a4ac5db01}"},"EventID":"4625","EventRecordID":"4417916","Execution":{"ProcessID":"648","ThreadID":"8848"},"Keywords":"0x8010000000000000","Level":"0","Opcode":"0","Provider":{"Guid":"{54849625-5478-4994-a5ba-3e3b0328c30d}","Name":"Microsoft-Windows-Security-Auditing"},"Security":"","Task":"12544","TimeCreated":{"SystemTime":"2025-06-10T02:48:37.6039102Z"},"Version":"0","_event_id":"4625"}}},"routing":{"arch":2,"did":"","event_id":"df7ef494-914c-4abf-b0dc-e3d1b16fac4b","event_time":1749523718608,"event_type":"WEL","ext_ip":"34.171.104.183","hostname":"windows-server-2022-aac9c41d-e0a3-4e7e-88b8-33936ab93238-0.c.lc-demo-infra.internal.","iid":"09774cc8-cb43-4164-abd3-87230031c142","int_ip":"10.128.15.201","latency":2,"moduleid":2,"oid":"aac9c41d-e0a3-4e7e-88b8-33936ab93238","plat":268435456,"sid":"17b8710a-7337-4e64-9c18-2955e86f2d0d","tags":["fim","lc:stable","windows"],"this":"b2f584ad2e544415a7aabaf968479d06"},"ts":"2025-06-10 02:48:38"}
{"event":{"PARENT_PROCESS_ID":664,"PROCESS_ID":748},"routing":{"arch":2,"did":"","event_id":"6f702250-7683-4738-96d5-b57d13cdef15","event_time":1749523718952,"event_type":"TERMINATE_PROCESS","ext_ip":"34.171.104.183","hostname":"windows-server-2022-aac9c41d-e0a3-4e7e-88b8-33936ab93238-0.c.lc-demo-infra.internal.","iid":"09774cc8-cb43-4164-abd3-87230031c142","int_ip":"10.128.15.201","latency":4033,"moduleid":2,"oid":"aac9c41d-e0a3-4e7e-88b8-33936ab93238","parent":"8ef10afa6b47874502a90bd168479cf6","plat":268435456,"sid":"17b8710a-7337-4e64-9c18-2955e86f2d0d","tags":["fim","lc:stable","windows"],"this":"57078ae84a38d96568daf56368479d0a"},"ts":"2025-06-10 02:48:38"}
{"event":{"PARENT_PROCESS_ID":748,"PROCESS_ID":7952},"routing":{"arch":2,"did":"","event_id":"00d75ef1-8a40-43b7-90e1-300d7a15787b","event_time":1749523718952,"event_type":"TERMINATE_PROCESS","ext_ip":"34.171.104.183","hostname":"windows-server-2022-aac9c41d-e0a3-4e7e-88b8-33936ab93238-0.c.lc-demo-infra.internal.","iid":"09774cc8-cb43-4164-abd3-87230031c142","int_ip":"10.128.15.201","latency":4051,"moduleid":2,"oid":"aac9c41d-e0a3-4e7e-88b8-33936ab93238","parent":"c71767c678e327680bd990f768479cf6","plat":268435456,"sid":"17b8710a-7337-4e64-9c18-2955e86f2d0d","tags":["fim","lc:stable","windows"],"this":"cbca0ba6f95bd62ee2f2db6d68479d0a"},"ts":"2025-06-10 02:48:38"}
{"event":{"ACTION":"modified","FILE_PATH":"C:\\Windows\\SoftwareDistribution\\DataStore\\Logs\\edb.log","HASH":"393cc7e5fe06ca74cca9d8fb192dcc82a60dbb8010dee69aa420d4c14d60439c","PROCESS":{"BASE_ADDRESS":140699902017536,"COMMAND_LINE":"C:\\Windows\\system32\\svchost.exe -k netsvcs -p -s wuauserv","FILE_IS_SIGNED":1,"FILE_PATH":"C:\\Windows\\system32\\svchost.exe","HASH":"d7f10571f58adbe122f615b869eb42b05286770148067cbf88054c38f1bca4c4","MEMORY_USAGE":26820608,"PARENT_ATOM":"b56d4120493c4260490c5b186825611e","PARENT_PROCESS_ID":628,"PROCESS_ID":5972,"THIS_ATOM":"e8698090a70b1d48652145dc68373e26","THREADS":20,"TIMESTAMP":1748450853376,"USER_NAME":"NT AUTHORITY\\SYSTEM"},"PROCESS_ID":5972},"routing":{"arch":2,"did":"","event_id":"24edcc60-6672-4558-9dd4-80cfc432ee00","event_time":1749523717697,"event_type":"FIM_HIT","ext_ip":"34.171.104.183","hostname":"windows-server-2022-aac9c41d-e0a3-4e7e-88b8-33936ab93238-0.c.lc-demo-infra.internal.","iid":"09774cc8-cb43-4164-abd3-87230031c142","int_ip":"10.128.15.201","latency":127,"moduleid":2,"oid":"aac9c41d-e0a3-4e7e-88b8-33936ab93238","parent":"e8698090a70b1d48652145dc68373e26","plat":268435456,"sid":"17b8710a-7337-4e64-9c18-2955e86f2d0d","tags":["fim","lc:stable","windows"],"this":"79f031e5e88e69b5963c187868479d05"},"ts":"2025-06-10 02:48:37"}
{"event":{"FILE_PATH":"C:\\Windows\\System32\\winevt\\Logs\\Security.evtx","PROCESS_ID":1124},"routing":{"arch":2,"did":"","event_id":"10f70b44-7bf6-4aa7-91ff-861bc883feee","event_time":1749523717001,"event_type":"FILE_MODIFIED","ext_ip":"34.58.90.170","hostname":"desktop-c2a1841.c.lc-demo-infra.internal.","iid":"09774cc8-cb43-4164-abd3-87230031c142","int_ip":"10.128.15.200","latency":47,"moduleid":2,"oid":"aac9c41d-e0a3-4e7e-88b8-33936ab93238","parent":"61bdeee1e8f3f3b6abfc4e6b6818de5e","plat":268435456,"sid":"c4ba6121-d13d-4871-82f8-4b5c5556761e","tags":["lc:testtag","windows"],"this":"7d186889d2ff5af1204d4bb568479d05"},"ts":"2025-06-10 02:48:37"}
{"event":{"EVENT":{"EventData":{"AuthenticationPackageName":"NTLM","FailureReason":"%%2313","IpAddress":"45.227.253.61","IpPort":"0","KeyLength":"0","LmPackageName":"-","LogonProcessName":"NtLmSsp","LogonType":"3","ProcessId":"0x0","ProcessName":"-","Status":"0xc000006d","SubStatus":"0xc0000064","SubjectDomainName":"-","SubjectLogonId":"0x0","SubjectUserName":"-","SubjectUserSid":"S-1-0-0","TargetDomainName":"WINDOWS-SERVER-2022-AAC9C41D-E0A3-4E7E-88B8-33936AB93238-0","TargetUserName":"Admin","TargetUserSid":"S-1-0-0","TransmittedServices":"-","WorkstationName":"WIN-56DH2BBHACU"},"System":{"Channel":"Security","Computer":"windows-server-2022-aac9c41d-e0a3-4e7e-88b8-33936ab93238-0","Correlation":{"ActivityID":"{55ae049b-37ef-0001-ee39-a76a4ac5db01}"},"EventID":"4625","EventRecordID":"4417915","Execution":{"ProcessID":"648","ThreadID":"8848"},"Keywords":"0x8010000000000000","Level":"0","Opcode":"0","Provider":{"Guid":"{54849625-5478-4994-a5ba-3e3b0328c30d}","Name":"Microsoft-Windows-Security-Auditing"},"Security":"","Task":"12544","TimeCreated":{"SystemTime":"2025-06-10T02:48:35.8260291Z"},"Version":"0","_event_id":"4625"}}},"routing":{"arch":2,"did":"","event_id":"4d625627-ce6d-493f-93d9-1cc187e766b8","event_time":1749523716837,"event_type":"WEL","ext_ip":"34.171.104.183","hostname":"windows-server-2022-aac9c41d-e0a3-4e7e-88b8-33936ab93238-0.c.lc-demo-infra.internal.","iid":"09774cc8-cb43-4164-abd3-87230031c142","int_ip":"10.128.15.201","latency":3,"moduleid":2,"oid":"aac9c41d-e0a3-4e7e-88b8-33936ab93238","plat":268435456,"sid":"17b8710a-7337-4e64-9c18-2955e86f2d0d","tags":["fim","lc:stable","windows"],"this":"2a668a93dd6907cbcd92332b68479d04"},"ts":"2025-06-10 02:48:36"}
{"event":{"EVENT":{"EventData":{"AuthenticationPackageName":"NTLM","FailureReason":"%%2313","IpAddress":"45.227.253.61","IpPort":"0","KeyLength":"0","LmPackageName":"-","LogonProcessName":"NtLmSsp","LogonType":"3","ProcessId":"0x0","ProcessName":"-","Status":"0xc000006d","SubStatus":"0xc0000064","SubjectDomainName":"-","SubjectLogonId":"0x0","SubjectUserName":"-","SubjectUserSid":"S-1-0-0","TargetDomainName":"WINDOWS-SERVER-2022-AAC9C41D-E0A3-4E7E-88B8-33936AB93238-0","TargetUserName":"Admin","TargetUserSid":"S-1-0-0","TransmittedServices":"-","WorkstationName":"WIN-56DH2BBHACU"},"System":{"Channel":"Security","Computer":"windows-server-2022-aac9c41d-e0a3-4e7e-88b8-33936ab93238-0","Correlation":{"ActivityID":"{55ae049b-37ef-0001-ee39-a76a4ac5db01}"},"EventID":"4625","EventRecordID":"4417914","Execution":{"ProcessID":"648","ThreadID":"8848"},"Keywords":"0x8010000000000000","Level":"0","Opcode":"0","Provider":{"Guid":"{54849625-5478-4994-a5ba-3e3b0328c30d}","Name":"Microsoft-Windows-Security-Auditing"},"Security":"","Task":"12544","TimeCreated":{"SystemTime":"2025-06-10T02:48:34.0672110Z"},"Version":"0","_event_id":"4625"}}},"routing":{"arch":2,"did":"","event_id":"4ce0011a-446f-4dff-8e8f-9c7cdf1eb4a0","event_time":1749523715054,"event_type":"WEL","ext_ip":"34.171.104.183","hostname":"windows-server-2022-aac9c41d-e0a3-4e7e-88b8-33936ab93238-0.c.lc-demo-infra.internal.","iid":"09774cc8-cb43-4164-abd3-87230031c142","int_ip":"10.128.15.201","latency":3,"moduleid":2,"oid":"aac9c41d-e0a3-4e7e-88b8-33936ab93238","plat":268435456,"sid":"17b8710a-7337-4e64-9c18-2955e86f2d0d","tags":["fim","lc:stable","windows"],"this":"cf86d92ff5a377f77a640a5968479d03"},"ts":"2025-06-10 02:48:35"}
{"event":{"FILE_PATH":"C:\\Windows\\Prefetch\\TRUSTEDINSTALLER.EXE-766EFF52.pf","PROCESS_ID":1748},"routing":{"arch":2,"did":"","event_id":"9e2c8f7e-4bd1-44f2-917d-d8c2761c31f2","event_time":1749523715688,"event_type":"FILE_MODIFIED","ext_ip":"34.58.90.170","hostname":"desktop-c2a1841.c.lc-demo-infra.internal.","iid":"09774cc8-cb43-4164-abd3-87230031c142","int_ip":"10.128.15.200","latency":348,"moduleid":2,"oid":"aac9c41d-e0a3-4e7e-88b8-33936ab93238","parent":"55ff55c5f3c5efdfb63413c16818de60","plat":268435456,"sid":"c4ba6121-d13d-4871-82f8-4b5c5556761e","tags":["lc:testtag","windows"],"this":"f954287620078fc0d51a0db668479d04"},"ts":"2025-06-10 02:48:35"}
{"event":{"FILE_PATH":"C:\\Windows\\Prefetch\\TIWORKER.EXE-252288BE.pf","PROCESS_ID":1748},"routing":{"arch":2,"did":"","event_id":"0f41f531-253f-4180-874a-ad62ae90f582","event_time":1749523715719,"event_type":"FILE_MODIFIED","ext_ip":"34.58.90.170","hostname":"desktop-c2a1841.c.lc-demo-infra.internal.","iid":"09774cc8-cb43-4164-abd3-87230031c142","int_ip":"10.128.15.200","latency":320,"moduleid":2,"oid":"aac9c41d-e0a3-4e7e-88b8-33936ab93238","parent":"55ff55c5f3c5efdfb63413c16818de60","plat":268435456,"sid":"c4ba6121-d13d-4871-82f8-4b5c5556761e","tags":["lc:testtag","windows"],"this":"c7e5d8d629983e880f536db068479d04"},"ts":"2025-06-10 02:48:35"}
{"event":{"EVENT":{"EventData":{"AuthenticationPackageName":"NTLM","FailureReason":"%%2313","IpAddress":"162.19.88.104","IpPort":"0","KeyLength":"0","LmPackageName":"-","LogonProcessName":"NtLmSsp","LogonType":"3","ProcessId":"0x0","ProcessName":"-","Status":"0xc000006d","SubStatus":"0xc000006a","SubjectDomainName":"-","SubjectLogonId":"0x0","SubjectUserName":"-","SubjectUserSid":"S-1-0-0","TargetDomainName":"","TargetUserName":"ADMINISTRATOR","TargetUserSid":"S-1-0-0","TransmittedServices":"-","WorkstationName":"-"},"System":{"Channel":"Security","Computer":"DESKTOP-C2A1841","Correlation":{"ActivityID":"{352b8892-aa45-0001-ddca-25f63c52db01}"},"EventID":"4625","EventRecordID":"4683430","Execution":{"ProcessID":"648","ThreadID":"15328"},"Keywords":"0x8010000000000000","Level":"0","Opcode":"0","Provider":{"Guid":"{54849625-5478-4994-a5ba-3e3b0328c30d}","Name":"Microsoft-Windows-Security-Auditing"},"Security":"","Task":"12544","TimeCreated":{"SystemTime":"2025-06-10T02:48:32.3358598Z"},"Version":"0","_event_id":"4625"}}},"routing":{"arch":2,"did":"","event_id":"e0471ef2-db6a-4733-9052-a69a837fc583","event_time":1749523714343,"event_type":"WEL","ext_ip":"34.58.90.170","hostname":"desktop-c2a1841.c.lc-demo-infra.internal.","iid":"09774cc8-cb43-4164-abd3-87230031c142","int_ip":"10.128.15.200","latency":-4,"moduleid":2,"oid":"aac9c41d-e0a3-4e7e-88b8-33936ab93238","plat":268435456,"sid":"c4ba6121-d13d-4871-82f8-4b5c5556761e","tags":["lc:testtag","windows"],"this":"a226aa7c0ead8d915b81f71b68479d02"},"ts":"2025-06-10 02:48:34"}
{"event":{"EVENT":{"EventData":{"AuthenticationPackageName":"NTLM","FailureReason":"%%2313","IpAddress":"45.227.253.61","IpPort":"0","KeyLength":"0","LmPackageName":"-","LogonProcessName":"NtLmSsp","LogonType":"3","ProcessId":"0x0","ProcessName":"-","Status":"0xc000006d","SubStatus":"0xc0000064","SubjectDomainName":"-","SubjectLogonId":"0x0","SubjectUserName":"-","SubjectUserSid":"S-1-0-0","TargetDomainName":"WINDOWS-SERVER-2022-AAC9C41D-E0A3-4E7E-88B8-33936AB93238-0","TargetUserName":"Admin","TargetUserSid":"S-1-0-0","TransmittedServices":"-","WorkstationName":"WIN-56DH2BBHACU"},"System":{"Channel":"Security","Computer":"windows-server-2022-aac9c41d-e0a3-4e7e-88b8-33936ab93238-0","Correlation":{"ActivityID":"{55ae049b-37ef-0001-ee39-a76a4ac5db01}"},"EventID":"4625","EventRecordID":"4417913","Execution":{"ProcessID":"648","ThreadID":"8848"},"Keywords":"0x8010000000000000","Level":"0","Opcode":"0","Provider":{"Guid":"{54849625-5478-4994-a5ba-3e3b0328c30d}","Name":"Microsoft-Windows-Security-Auditing"},"Security":"","Task":"12544","TimeCreated":{"SystemTime":"2025-06-10T02:48:32.2340029Z"},"Version":"0","_event_id":"4625"}}},"routing":{"arch":2,"did":"","event_id":"29359e94-928f-4cb5-9520-a235d9b318a9","event_time":1749523713224,"event_type":"WEL","ext_ip":"34.171.104.183","hostname":"windows-server-2022-aac9c41d-e0a3-4e7e-88b8-33936ab93238-0.c.lc-demo-infra.internal.","iid":"09774cc8-cb43-4164-abd3-87230031c142","int_ip":"10.128.15.201","latency":2,"moduleid":2,"oid":"aac9c41d-e0a3-4e7e-88b8-33936ab93238","plat":268435456,"sid":"17b8710a-7337-4e64-9c18-2955e86f2d0d","tags":["fim","lc:stable","windows"],"this":"2edad6db7d759e1c5d92e47068479d01"},"ts":"2025-06-10 02:48:33"}
{"event":{"PROCESS_ID":648,"REGISTRY_KEY":"\\REGISTRY\\MACHINE\\SAM\\SAM\\Domains\\Account\\Users\\000001F4\\F","REGISTRY_VALUE":"AwABAAAAAAAAAAAAAAAAAA==","SIZE":3,"TYPE":3},"routing":{"arch":2,"did":"","event_id":"4539fb25-0a61-4589-b7d4-113902593eab","event_time":1749523713327,"event_type":"REGISTRY_WRITE","ext_ip":"34.58.90.170","hostname":"desktop-c2a1841.c.lc-demo-infra.internal.","iid":"09774cc8-cb43-4164-abd3-87230031c142","int_ip":"10.128.15.200","latency":394,"moduleid":2,"oid":"aac9c41d-e0a3-4e7e-88b8-33936ab93238","parent":"8ced3bfcbf30b0dc5810c9e36818de5e","plat":268435456,"sid":"c4ba6121-d13d-4871-82f8-4b5c5556761e","tags":["lc:testtag","windows"],"this":"6917b1df8d15264406a6dd4d68479d01"},"ts":"2025-06-10 02:48:33"}
{"event":{"FILE_PATH":"C:\\Windows\\Prefetch\\WMIPRVSE.EXE-E8B8DD29.pf","PROCESS_ID":1748},"routing":{"arch":2,"did":"","event_id":"2be32c41-bcce-4aeb-b4c3-25cbe0d83c76","event_time":1749523713624,"event_type":"FILE_MODIFIED","ext_ip":"34.58.90.170","hostname":"desktop-c2a1841.c.lc-demo-infra.internal.","iid":"09774cc8-cb43-4164-abd3-87230031c142","int_ip":"10.128.15.200","latency":396,"moduleid":2,"oid":"aac9c41d-e0a3-4e7e-88b8-33936ab93238","parent":"55ff55c5f3c5efdfb63413c16818de60","plat":268435456,"sid":"c4ba6121-d13d-4871-82f8-4b5c5556761e","tags":["lc:testtag","windows"],"this":"79049241d58fed26aa7de39068479d02"},"ts":"2025-06-10 02:48:33"}
{"event":{"EVENT":{"EventData":{"AuthenticationPackageName":"NTLM","FailureReason":"%%2313","IpAddress":"45.227.253.61","IpPort":"0","KeyLength":"0","LmPackageName":"-","LogonProcessName":"NtLmSsp","LogonType":"3","ProcessId":"0x0","ProcessName":"-","Status":"0xc000006d","SubStatus":"0xc0000064","SubjectDomainName":"-","SubjectLogonId":"0x0","SubjectUserName":"-","SubjectUserSid":"S-1-0-0","TargetDomainName":"WINDOWS-SERVER-2022-AAC9C41D-E0A3-4E7E-88B8-33936AB93238-0","TargetUserName":"Admin","TargetUserSid":"S-1-0-0","TransmittedServices":"-","WorkstationName":"WIN-56DH2BBHACU"},"System":{"Channel":"Security","Computer":"windows-server-2022-aac9c41d-e0a3-4e7e-88b8-33936ab93238-0","Correlation":{"ActivityID":"{55ae049b-37ef-0001-ee39-a76a4ac5db01}"},"EventID":"4625","EventRecordID":"4417912","Execution":{"ProcessID":"648","ThreadID":"8848"},"Keywords":"0x8010000000000000","Level":"0","Opcode":"0","Provider":{"Guid":"{54849625-5478-4994-a5ba-3e3b0328c30d}","Name":"Microsoft-Windows-Security-Auditing"},"Security":"","Task":"12544","TimeCreated":{"SystemTime":"2025-06-10T02:48:30.4848775Z"},"Version":"0","_event_id":"4625"}}},"routing":{"arch":2,"did":"","event_id":"870608dd-12ca-496b-a137-16a374ed406e","event_time":1749523711487,"event_type":"WEL","ext_ip":"34.171.104.183","hostname":"windows-server-2022-aac9c41d-e0a3-4e7e-88b8-33936ab93238-0.c.lc-demo-infra.internal.","iid":"09774cc8-cb43-4164-abd3-87230031c142","int_ip":"10.128.15.201","latency":2,"moduleid":2,"oid":"aac9c41d-e0a3-4e7e-88b8-33936ab93238","plat":268435456,"sid":"17b8710a-7337-4e64-9c18-2955e86f2d0d","tags":["fim","lc:stable","windows"],"this":"1055b8bbe69be829be21f68668479cff"},"ts":"2025-06-10 02:48:31"}
{"event":{"PARENT_PROCESS_ID":4576,"PROCESS_ID":6492},"routing":{"arch":2,"did":"","event_id":"9c975c75-c150-45a4-a58d-95297169d78a","event_time":1749523710940,"event_type":"TERMINATE_PROCESS","ext_ip":"34.171.104.183","hostname":"windows-server-2022-aac9c41d-e0a3-4e7e-88b8-33936ab93238-0.c.lc-demo-infra.internal.","iid":"09774cc8-cb43-4164-abd3-87230031c142","int_ip":"10.128.15.201","latency":4007,"moduleid":2,"oid":"aac9c41d-e0a3-4e7e-88b8-33936ab93238","parent":"ed217722afd78f587ab60df568479cfd","plat":268435456,"sid":"17b8710a-7337-4e64-9c18-2955e86f2d0d","tags":["fim","lc:stable","windows"],"this":"60472e87e6aeebbae57bdf6268479d02"},"ts":"2025-06-10 02:48:30"}
{"event":{"EVENTS":[{"event":{"BASE_ADDRESS":140694709731328,"COMMAND_LINE":"C:\\Windows\\system32\\lsass.exe","CREATION_TIME":1747280141656,"FILE_IS_SIGNED":1,"FILE_PATH":"C:\\Windows\\system32\\lsass.exe","HASH":"2f5eee700a18d1457bcf1a27b23d721bb762ccfc1e6f82ae7df27cb2e4a88ce5","MEMORY_USAGE":16502784,"PARENT":{"FILE_IS_SIGNED":1,"FILE_PATH":"\\Device\\HarddiskVolume3\\Windows\\System32\\wininit.exe","HASH":"6a427b5aea3c30ba91dc2ed1014561ea9226483e11fb48fc9ede07a42376cf14","MEMORY_USAGE":7421952,"PARENT_PROCESS_ID":408,"PROCESS_ID":488,"THIS_ATOM":"30f4c8d36afcbb0f8b6f1f6b6825611e","THREADS":8,"TIMESTAMP":1747280158426,"USER_NAME":"NT AUTHORITY\\SYSTEM"},"PARENT_PROCESS_ID":488,"PROCESS_ID":648,"THREADS":12,"USER_NAME":"NT AUTHORITY\\SYSTEM"},"routing":{"arch":2,"did":"","event_id":"4025432d-1c72-46d0-92ce-4a8c226d3de8","event_time":1747280158614,"event_type":"EXISTING_PROCESS","ext_ip":"34.171.104.183","hostname":"windows-server-2022-aac9c41d-e0a3-4e7e-88b8-33936ab93238-0.c.lc-demo-infra.internal.","iid":"09774cc8-cb43-4164-abd3-87230031c142","int_ip":"10.128.15.201","latency":2243550674,"moduleid":2,"oid":"aac9c41d-e0a3-4e7e-88b8-33936ab93238","parent":"30f4c8d36afcbb0f8b6f1f6b6825611e","plat":268435456,"sid":"17b8710a-7337-4e64-9c18-2955e86f2d0d","tags":["fim","lc:stable","windows"],"this":"e8c31d58de119f51f86baa856825611e"}},{"event":{"ACCESS_FLAGS":4112,"PARENT_PROCESS_ID":6492,"PROCESS_ID":648,"SOURCE":{"BASE_ADDRESS":140699920498688,"COMMAND_LINE":"C:\\Windows\\system32\\rundll32.exe","FILE_IS_SIGNED":1,"FILE_PATH":"C:\\Windows\\system32\\rundll32.exe","HASH":"02f6a04b3373f195152fb1b4aeafe25bf8ef4411dc020c2238c541bcc3dc309b","MEMORY_USAGE":9773056,"PARENT_ATOM":"fdef27258c485456799b40c268256125","PARENT_PROCESS_ID":4576,"PROCESS_ID":6492,"THIS_ATOM":"ed217722afd78f587ab60df568479cfd","THREADS":3,"TIMESTAMP":1749523708236,"USER_NAME":"NT AUTHORITY\\SYSTEM"},"TARGET":{"BASE_ADDRESS":140694709731328,"COMMAND_LINE":"C:\\Windows\\system32\\lsass.exe","CREATION_TIME":1747280141656,"FILE_IS_SIGNED":1,"FILE_PATH":"C:\\Windows\\system32\\lsass.exe","HASH":"2f5eee700a18d1457bcf1a27b23d721bb762ccfc1e6f82ae7df27cb2e4a88ce5","MEMORY_USAGE":16502784,"PARENT_ATOM":"30f4c8d36afcbb0f8b6f1f6b6825611e","PARENT_PROCESS_ID":488,"PROCESS_ID":648,"THIS_ATOM":"e8c31d58de119f51f86baa856825611e","THREADS":12,"TIMESTAMP":1747280158614,"USER_NAME":"NT AUTHORITY\\SYSTEM"}},"routing":{"arch":2,"did":"","event_id":"80ed354b-99c0-4d79-9386-9c7c5a674b67","event_time":1749523708876,"event_type":"REMOTE_PROCESS_HANDLE","ext_ip":"34.171.104.183","hostname":"windows-server-2022-aac9c41d-e0a3-4e7e-88b8-33936ab93238-0.c.lc-demo-infra.internal.","iid":"09774cc8-cb43-4164-abd3-87230031c142","int_ip":"10.128.15.201","latency":412,"moduleid":2,"oid":"aac9c41d-e0a3-4e7e-88b8-33936ab93238","parent":"ed217722afd78f587ab60df568479cfd","plat":268435456,"sid":"17b8710a-7337-4e64-9c18-2955e86f2d0d","tags":["fim","lc:stable","windows"],"target":"e8c31d58de119f51f86baa856825611e","this":"5382037c35b32c01e19c055768479cfd"}}]},"routing":{"arch":2,"did":"","event_id":"8c5dbfec-ff9a-456a-b722-039b3a8f4f29","event_time":1749523709283,"event_type":"SENSITIVE_PROCESS_ACCESS","ext_ip":"34.171.104.183","hostname":"windows-server-2022-aac9c41d-e0a3-4e7e-88b8-33936ab93238-0.c.lc-demo-infra.internal.","iid":"09774cc8-cb43-4164-abd3-87230031c142","int_ip":"10.128.15.201","latency":5,"moduleid":2,"oid":"aac9c41d-e0a3-4e7e-88b8-33936ab93238","parent":"ed217722afd78f587ab60df568479cfd","plat":268435456,"sid":"17b8710a-7337-4e64-9c18-2955e86f2d0d","tags":["fim","lc:stable","windows"],"target":"e8c31d58de119f51f86baa856825611e","this":"a0ced896caf5e20579dc57e268479cfd"},"ts":"2025-06-10 02:48:29"}
{"event":{"EVENT":{"EventData":{"AuthenticationPackageName":"NTLM","FailureReason":"%%2313","IpAddress":"45.227.253.61","IpPort":"0","KeyLength":"0","LmPackageName":"-","LogonProcessName":"NtLmSsp","LogonType":"3","ProcessId":"0x0","ProcessName":"-","Status":"0xc000006d","SubStatus":"0xc0000064","SubjectDomainName":"-","SubjectLogonId":"0x0","SubjectUserName":"-","SubjectUserSid":"S-1-0-0","TargetDomainName":"WINDOWS-SERVER-2022-AAC9C41D-E0A3-4E7E-88B8-33936AB93238-0","TargetUserName":"Admin","TargetUserSid":"S-1-0-0","TransmittedServices":"-","WorkstationName":"WIN-56DH2BBHACU"},"System":{"Channel":"Security","Computer":"windows-server-2022-aac9c41d-e0a3-4e7e-88b8-33936ab93238-0","Correlation":{"ActivityID":"{55ae049b-37ef-0001-ee39-a76a4ac5db01}"},"EventID":"4625","EventRecordID":"4417911","Execution":{"ProcessID":"648","ThreadID":"8848"},"Keywords":"0x8010000000000000","Level":"0","Opcode":"0","Provider":{"Guid":"{54849625-5478-4994-a5ba-3e3b0328c30d}","Name":"Microsoft-Windows-Security-Auditing"},"Security":"","Task":"12544","TimeCreated":{"SystemTime":"2025-06-10T02:48:28.7110398Z"},"Version":"0","_event_id":"4625"}}},"routing":{"arch":2,"did":"","event_id":"2bf18bd3-fe41-4f3e-a868-f36526e8a6f7","event_time":1749523709720,"event_type":"WEL","ext_ip":"34.171.104.183","hostname":"windows-server-2022-aac9c41d-e0a3-4e7e-88b8-33936ab93238-0.c.lc-demo-infra.internal.","iid":"09774cc8-cb43-4164-abd3-87230031c142","int_ip":"10.128.15.201","latency":3,"moduleid":2,"oid":"aac9c41d-e0a3-4e7e-88b8-33936ab93238","plat":268435456,"sid":"17b8710a-7337-4e64-9c18-2955e86f2d0d","tags":["fim","lc:stable","windows"],"this":"87f84dc0879c76d7a1e4d52068479cfd"},"ts":"2025-06-10 02:48:29"}
{"event":{"PARENT_PROCESS_ID":2232,"PROCESS_ID":17500},"routing":{"arch":2,"did":"","event_id":"c110394c-4bbf-48fb-87c6-c95081ce1145","event_time":1749523709792,"event_type":"TERMINATE_PROCESS","ext_ip":"34.58.90.170","hostname":"desktop-c2a1841.c.lc-demo-infra.internal.","iid":"09774cc8-cb43-4164-abd3-87230031c142","int_ip":"10.128.15.200","latency":3974,"moduleid":2,"oid":"aac9c41d-e0a3-4e7e-88b8-33936ab93238","parent":"67a22db6e5c4ede56b2f4a3f68479cfa","plat":268435456,"sid":"c4ba6121-d13d-4871-82f8-4b5c5556761e","tags":["lc:testtag","windows"],"this":"d01ca9af99f277aceb52b93f68479d01"},"ts":"2025-06-10 02:48:29"}
{"event":{"BASE_ADDRESS":140699920498688,"COMMAND_LINE":"C:\\Windows\\system32\\rundll32.exe","FILE_IS_SIGNED":1,"FILE_PATH":"C:\\Windows\\system32\\rundll32.exe","HASH":"02f6a04b3373f195152fb1b4aeafe25bf8ef4411dc020c2238c541bcc3dc309b","MEMORY_USAGE":9773056,"PARENT":{"BASE_ADDRESS":140699920498688,"COMMAND_LINE":"C:\\Windows\\System32\\rundll32.exe","FILE_IS_SIGNED":1,"FILE_PATH":"C:\\Windows\\System32\\rundll32.exe","HASH":"02f6a04b3373f195152fb1b4aeafe25bf8ef4411dc020c2238c541bcc3dc309b","MEMORY_USAGE":10584064,"PARENT_ATOM":"ea0e323ff091a2712a29c65f68256125","PARENT_PROCESS_ID":4432,"PROCESS_ID":4576,"THIS_ATOM":"fdef27258c485456799b40c268256125","THREADS":6,"TIMESTAMP":1747280158786,"USER_NAME":"NT AUTHORITY\\SYSTEM"},"PARENT_PROCESS_ID":4576,"PROCESS_ID":6492,"THREADS":3,"USER_NAME":"NT AUTHORITY\\SYSTEM"},"routing":{"arch":2,"did":"","event_id":"9ed139e9-0c86-4038-93ae-0163c37f6a17","event_time":1749523708236,"event_type":"NEW_PROCESS","ext_ip":"34.171.104.183","hostname":"windows-server-2022-aac9c41d-e0a3-4e7e-88b8-33936ab93238-0.c.lc-demo-infra.internal.","iid":"09774cc8-cb43-4164-abd3-87230031c142","int_ip":"10.128.15.201","latency":989,"moduleid":2,"oid":"aac9c41d-e0a3-4e7e-88b8-33936ab93238","parent":"fdef27258c485456799b40c268256125","plat":268435456,"sid":"17b8710a-7337-4e64-9c18-2955e86f2d0d","tags":["fim","lc:stable","windows"],"this":"ed217722afd78f587ab60df568479cfd"},"ts":"2025-06-10 02:48:28"}
{"event":{"PARENT_PROCESS_ID":4576,"PROCESS_ID":2264},"routing":{"arch":2,"did":"","event_id":"b56d71ff-47e4-4931-b689-1b2e706c8da1","event_time":1749523708939,"event_type":"TERMINATE_PROCESS","ext_ip":"34.171.104.183","hostname":"windows-server-2022-aac9c41d-e0a3-4e7e-88b8-33936ab93238-0.c.lc-demo-infra.internal.","iid":"09774cc8-cb43-4164-abd3-87230031c142","int_ip":"10.128.15.201","latency":4005,"moduleid":2,"oid":"aac9c41d-e0a3-4e7e-88b8-33936ab93238","parent":"a8dbf70d824eaf4922e3023668479cfa","plat":268435456,"sid":"17b8710a-7337-4e64-9c18-2955e86f2d0d","tags":["fim","lc:stable","windows"],"this":"581be5432f0deafa1dac6a4268479d00"},"ts":"2025-06-10 02:48:28"}
{"event":{"PARENT_PROCESS_ID":2264,"PROCESS_ID":3188},"routing":{"arch":2,"did":"","event_id":"e40ba0cf-c366-4bfe-ab08-1956f1c5af0f","event_time":1749523708939,"event_type":"TERMINATE_PROCESS","ext_ip":"34.171.104.183","hostname":"windows-server-2022-aac9c41d-e0a3-4e7e-88b8-33936ab93238-0.c.lc-demo-infra.internal.","iid":"09774cc8-cb43-4164-abd3-87230031c142","int_ip":"10.128.15.201","latency":4006,"moduleid":2,"oid":"aac9c41d-e0a3-4e7e-88b8-33936ab93238","parent":"ffa2129999e83cb5cf034dd868479cfb","plat":268435456,"sid":"17b8710a-7337-4e64-9c18-2955e86f2d0d","tags":["fim","lc:stable","windows"],"this":"a129cae545154fc7fbcb1a9c68479d00"},"ts":"2025-06-10 02:48:28"}
{"event":{"PARENT_PROCESS_ID":2264,"PROCESS_ID":7496},"routing":{"arch":2,"did":"","event_id":"54fce58a-1433-46a7-8cea-9198eea1e9ec","event_time":1749523708939,"event_type":"TERMINATE_PROCESS","ext_ip":"34.171.104.183","hostname":"windows-server-2022-aac9c41d-e0a3-4e7e-88b8-33936ab93238-0.c.lc-demo-infra.internal.","iid":"09774cc8-cb43-4164-abd3-87230031c142","int_ip":"10.128.15.201","latency":4006,"moduleid":2,"oid":"aac9c41d-e0a3-4e7e-88b8-33936ab93238","parent":"710580d8688cf7ca0bcc905568479cfb","plat":268435456,"sid":"17b8710a-7337-4e64-9c18-2955e86f2d0d","tags":["fim","lc:stable","windows"],"this":"d7e6d39e9b0a048f9001f55568479d00"},"ts":"2025-06-10 02:48:28"}
{"event":{"PARENT_PROCESS_ID":2264,"PROCESS_ID":1112},"routing":{"arch":2,"did":"","event_id":"c7d6f7d5-3418-4f2f-9ce8-5cb6d8196882","event_time":1749523708939,"event_type":"TERMINATE_PROCESS","ext_ip":"34.171.104.183","hostname":"windows-server-2022-aac9c41d-e0a3-4e7e-88b8-33936ab93238-0.c.lc-demo-infra.internal.","iid":"09774cc8-cb43-4164-abd3-87230031c142","int_ip":"10.128.15.201","latency":4007,"moduleid":2,"oid":"aac9c41d-e0a3-4e7e-88b8-33936ab93238","parent":"90eb609fb9f5aeffa44b09c068479cfb","plat":268435456,"sid":"17b8710a-7337-4e64-9c18-2955e86f2d0d","tags":["fim","lc:stable","windows"],"this":"56a6708edc25650c4863049f68479d00"},"ts":"2025-06-10 02:48:28"}
{"event":{"PARENT_PROCESS_ID":4576,"PROCESS_ID":6744},"routing":{"arch":2,"did":"","event_id":"3d1e4b74-4c31-4202-8bfe-7bb251eb32dc","event_time":1749523708939,"event_type":"TERMINATE_PROCESS","ext_ip":"34.171.104.183","hostname":"windows-server-2022-aac9c41d-e0a3-4e7e-88b8-33936ab93238-0.c.lc-demo-infra.internal.","iid":"09774cc8-cb43-4164-abd3-87230031c142","int_ip":"10.128.15.201","latency":4007,"moduleid":2,"oid":"aac9c41d-e0a3-4e7e-88b8-33936ab93238","parent":"9349cd870d0d1c2e7d4bfab068479cfb","plat":268435456,"sid":"17b8710a-7337-4e64-9c18-2955e86f2d0d","tags":["fim","lc:stable","windows"],"this":"a8ab4a47671a09ef22c99d1868479d00"},"ts":"2025-06-10 02:48:28"}
{"event":{"PARENT_PROCESS_ID":6744,"PROCESS_ID":6880},"routing":{"arch":2,"did":"","event_id":"22a0e1f2-2819-4d51-9a00-ba8f3df541ee","event_time":1749523708939,"event_type":"TERMINATE_PROCESS","ext_ip":"34.171.104.183","hostname":"windows-server-2022-aac9c41d-e0a3-4e7e-88b8-33936ab93238-0.c.lc-demo-infra.internal.","iid":"09774cc8-cb43-4164-abd3-87230031c142","int_ip":"10.128.15.201","latency":4007,"moduleid":2,"oid":"aac9c41d-e0a3-4e7e-88b8-33936ab93238","parent":"ffcd0cb94aa134e93ea49cdb68479cfb","plat":268435456,"sid":"17b8710a-7337-4e64-9c18-2955e86f2d0d","tags":["fim","lc:stable","windows"],"this":"94d569d0788d7e7e470c3aa668479d00"},"ts":"2025-06-10 02:48:28"}
{"event":{"PARENT_PROCESS_ID":6744,"PROCESS_ID":8016},"routing":{"arch":2,"did":"","event_id":"fabe9a83-a93f-407d-943f-10641294d892","event_time":1749523708939,"event_type":"TERMINATE_PROCESS","ext_ip":"34.171.104.183","hostname":"windows-server-2022-aac9c41d-e0a3-4e7e-88b8-33936ab93238-0.c.lc-demo-infra.internal.","iid":"09774cc8-cb43-4164-abd3-87230031c142","int_ip":"10.128.15.201","latency":4007,"moduleid":2,"oid":"aac9c41d-e0a3-4e7e-88b8-33936ab93238","parent":"128c000ec5cece07aef3b2b768479cfb","plat":268435456,"sid":"17b8710a-7337-4e64-9c18-2955e86f2d0d","tags":["fim","lc:stable","windows"],"this":"97ea25043e1537df89c4e99968479d00"},"ts":"2025-06-10 02:48:28"}
{"event":{"FILE_PATH":"C:\\Windows\\Prefetch\\RUNDLL32.EXE-C9A39DDE.pf","PROCESS_ID":1748},"routing":{"arch":2,"did":"","event_id":"0191f132-5ca7-4931-825e-15c461914186","event_time":1749523708258,"event_type":"FILE_MODIFIED","ext_ip":"34.58.90.170","hostname":"desktop-c2a1841.c.lc-demo-infra.internal.","iid":"09774cc8-cb43-4164-abd3-87230031c142","int_ip":"10.128.15.200","latency":718,"moduleid":2,"oid":"aac9c41d-e0a3-4e7e-88b8-33936ab93238","parent":"55ff55c5f3c5efdfb63413c16818de60","plat":268435456,"sid":"c4ba6121-d13d-4871-82f8-4b5c5556761e","tags":["lc:testtag","windows"],"this":"072918991cd2e14fe69c47d168479cfd"},"ts":"2025-06-10 02:48:28"}
{"event":{"EVENT":{"EventData":{"AuthenticationPackageName":"NTLM","FailureReason":"%%2313","IpAddress":"45.227.253.61","IpPort":"0","KeyLength":"0","LmPackageName":"-","LogonProcessName":"NtLmSsp","LogonType":"3","ProcessId":"0x0","ProcessName":"-","Status":"0xc000006d","SubStatus":"0xc0000064","SubjectDomainName":"-","SubjectLogonId":"0x0","SubjectUserName":"-","SubjectUserSid":"S-1-0-0","TargetDomainName":"WINDOWS-SERVER-2022-AAC9C41D-E0A3-4E7E-88B8-33936AB93238-0","TargetUserName":"Admin","TargetUserSid":"S-1-0-0","TransmittedServices":"-","WorkstationName":"WIN-56DH2BBHACU"},"System":{"Channel":"Security","Computer":"windows-server-2022-aac9c41d-e0a3-4e7e-88b8-33936ab93238-0","Correlation":{"ActivityID":"{55ae049b-37ef-0001-ee39-a76a4ac5db01}"},"EventID":"4625","EventRecordID":"4417909","Execution":{"ProcessID":"648","ThreadID":"2096"},"Keywords":"0x8010000000000000","Level":"0","Opcode":"0","Provider":{"Guid":"{54849625-5478-4994-a5ba-3e3b0328c30d}","Name":"Microsoft-Windows-Security-Auditing"},"Security":"","Task":"12544","TimeCreated":{"SystemTime":"2025-06-10T02:48:26.8673999Z"},"Version":"0","_event_id":"4625"}}},"routing":{"arch":2,"did":"","event_id":"9a0ffb02-bac6-4f14-9a42-8a31a9fcd4b4","event_time":1749523707875,"event_type":"WEL","ext_ip":"34.171.104.183","hostname":"windows-server-2022-aac9c41d-e0a3-4e7e-88b8-33936ab93238-0.c.lc-demo-infra.internal.","iid":"09774cc8-cb43-4164-abd3-87230031c142","int_ip":"10.128.15.201","latency":3,"moduleid":2,"oid":"aac9c41d-e0a3-4e7e-88b8-33936ab93238","plat":268435456,"sid":"17b8710a-7337-4e64-9c18-2955e86f2d0d","tags":["fim","lc:stable","windows"],"this":"96110f4d023054e03c5be68968479cfb"},"ts":"2025-06-10 02:48:27"}
{"event":{"EVENT":{"EventData":{"AuthenticationPackageName":"NTLM","FailureReason":"%%2313","IpAddress":"193.122.94.68","IpPort":"0","KeyLength":"0","LmPackageName":"-","LogonProcessName":"NtLmSsp","LogonType":"3","ProcessId":"0x0","ProcessName":"-","Status":"0xc000006d","SubStatus":"0xc000006a","SubjectDomainName":"-","SubjectLogonId":"0x0","SubjectUserName":"-","SubjectUserSid":"S-1-0-0","TargetDomainName":"domain","TargetUserName":"Administrator","TargetUserSid":"S-1-0-0","TransmittedServices":"-","WorkstationName":"-"},"System":{"Channel":"Security","Computer":"windows-server-2022-aac9c41d-e0a3-4e7e-88b8-33936ab93238-0","Correlation":{"ActivityID":"{55ae049b-37ef-0001-ee39-a76a4ac5db01}"},"EventID":"4625","EventRecordID":"4417910","Execution":{"ProcessID":"648","ThreadID":"2096"},"Keywords":"0x8010000000000000","Level":"0","Opcode":"0","Provider":{"Guid":"{54849625-5478-4994-a5ba-3e3b0328c30d}","Name":"Microsoft-Windows-Security-Auditing"},"Security":"","Task":"12544","TimeCreated":{"SystemTime":"2025-06-10T02:48:27.0084873Z"},"Version":"0","_event_id":"4625"}}},"routing":{"arch":2,"did":"","event_id":"37c7baf0-1362-467f-8fa0-897a8c5035e5","event_time":1749523707875,"event_type":"WEL","ext_ip":"34.171.104.183","hostname":"windows-server-2022-aac9c41d-e0a3-4e7e-88b8-33936ab93238-0.c.lc-demo-infra.internal.","iid":"09774cc8-cb43-4164-abd3-87230031c142","int_ip":"10.128.15.201","latency":4,"moduleid":2,"oid":"aac9c41d-e0a3-4e7e-88b8-33936ab93238","plat":268435456,"sid":"17b8710a-7337-4e64-9c18-2955e86f2d0d","tags":["fim","lc:stable","windows"],"this":"51aa2bba71b3860a4c78211168479cfb"},"ts":"2025-06-10 02:48:27"}
{"event":{"BASE_ADDRESS":140698767654912,"COMMAND_LINE":"C:\\Windows\\system32\\wbem\\wmiprvse.exe -secured -Embedding","FILE_IS_SIGNED":1,"FILE_PATH":"C:\\Windows\\system32\\wbem\\wmiprvse.exe","HASH":"1792731e030b7fe35a7eb21c9f907eae6e4ac381de918003f2709185c4ce0a5a","MEMORY_USAGE":8884224,"PARENT":{"BASE_ADDRESS":140699902017536,"COMMAND_LINE":"C:\\Windows\\system32\\svchost.exe -k DcomLaunch -p","CREATION_TIME":1747280142240,"FILE_IS_SIGNED":1,"FILE_PATH":"C:\\Windows\\system32\\svchost.exe","HASH":"d7f10571f58adbe122f615b869eb42b05286770148067cbf88054c38f1bca4c4","MEMORY_USAGE":14282752,"PARENT_ATOM":"b56d4120493c4260490c5b186825611e","PARENT_PROCESS_ID":628,"PROCESS_ID":756,"THIS_ATOM":"32ab94087088c4967913285d68256120","THREADS":15,"TIMESTAMP":1747280160281,"USER_NAME":"NT AUTHORITY\\SYSTEM"},"PARENT_PROCESS_ID":756,"PROCESS_ID":6664,"THREADS":8,"USER_NAME":"NT AUTHORITY\\LOCAL SERVICE"},"routing":{"arch":2,"did":"","event_id":"13b415b4-ba9f-42f5-ad75-e8889de15c18","event_time":1749523707688,"event_type":"NEW_PROCESS","ext_ip":"34.171.104.183","hostname":"windows-server-2022-aac9c41d-e0a3-4e7e-88b8-33936ab93238-0.c.lc-demo-infra.internal.","iid":"09774cc8-cb43-4164-abd3-87230031c142","int_ip":"10.128.15.201","latency":513,"moduleid":2,"oid":"aac9c41d-e0a3-4e7e-88b8-33936ab93238","parent":"32ab94087088c4967913285d68256120","plat":268435456,"sid":"17b8710a-7337-4e64-9c18-2955e86f2d0d","tags":["fim","lc:stable","windows"],"this":"358be89dc9abacd7080a405268479cfc"},"ts":"2025-06-10 02:48:27"}
{"event":{"ACTION":"modified","FILE_PATH":"C:\\Windows\\Logs\\CBS\\CBS.log","HASH":"c681ea4bbe4475f6adf34c6044359f9a96a3ee07dcde9c14e2f5539630b9b386","PROCESS":{"BASE_ADDRESS":140699317829632,"COMMAND_LINE":"C:\\Windows\\winsxs\\amd64_microsoft-windows-servicingstack_31bf3856ad364e35_10.0.20348.3691_none_b1bc9560f9934ed7\\TiWorker.exe -Embedding","FILE_IS_SIGNED":1,"FILE_PATH":"C:\\Windows\\winsxs\\amd64_microsoft-windows-servicingstack_31bf3856ad364e35_10.0.20348.3691_none_b1bc9560f9934ed7\\TiWorker.exe","HASH":"08301a417991545830b55eacf276dd3d47ad0a1559ae477c34a65031c4de3caf","MEMORY_USAGE":13463552,"PARENT_ATOM":"32ab94087088c4967913285d68256120","PARENT_PROCESS_ID":756,"PROCESS_ID":3756,"THIS_ATOM":"952e25b77f9aa92902ac360268479cf2","THREADS":8,"TIMESTAMP":1749523697737,"USER_NAME":"NT AUTHORITY\\SYSTEM"},"PROCESS_ID":3756},"routing":{"arch":2,"did":"","event_id":"79f62346-c540-40fd-98dd-5a671ff7fb27","event_time":1749523707782,"event_type":"FIM_HIT","ext_ip":"34.171.104.183","hostname":"windows-server-2022-aac9c41d-e0a3-4e7e-88b8-33936ab93238-0.c.lc-demo-infra.internal.","iid":"09774cc8-cb43-4164-abd3-87230031c142","int_ip":"10.128.15.201","latency":1007,"moduleid":2,"oid":"aac9c41d-e0a3-4e7e-88b8-33936ab93238","parent":"952e25b77f9aa92902ac360268479cf2","plat":268435456,"sid":"17b8710a-7337-4e64-9c18-2955e86f2d0d","tags":["fim","lc:stable","windows"],"this":"bbfd69cb45fb40f0b40942ba68479cfc"},"ts":"2025-06-10 02:48:27"}
