{"event":{"BASE_ADDRESS":140694994681856,"COMMAND_LINE":"tasklist  /v","FILE_IS_SIGNED":1,"FILE_PATH":"C:\\Windows\\system32\\tasklist.exe","HASH":"31e6a056eb1e722d8ec8c7e152e6a410b12d6055140bc38ffa1ccbd56ad4e623","MEMORY_USAGE":9015296,"PARENT":{"BASE_ADDRESS":140696877596672,"COMMAND_LINE":"C:\\Windows\\system32\\cmd.exe /C tasklist /v","FILE_IS_SIGNED":1,"FILE_PATH":"C:\\Windows\\system32\\cmd.exe","HASH":"fc45691495eec0f9de50ccd574ead3a2d83e3088f1a3ad514f46ed84a70efa21","MEMORY_USAGE":4259840,"PARENT_ATOM":"fdef27258c485456799b40c268256125","PARENT_PROCESS_ID":4576,"PROCESS_ID":1072,"THIS_ATOM":"45d323a0017ddda810c8558168479cf9","THREADS":3,"TIMESTAMP":1749523705734,"USER_NAME":"NT AUTHORITY\\SYSTEM"},"PARENT_PROCESS_ID":1072,"PROCESS_ID":8200,"THREADS":6,"USER_NAME":"NT AUTHORITY\\SYSTEM"},"routing":{"arch":2,"did":"","event_id":"4e416caf-2015-45d7-a664-1b027a25073f","event_time":1749523705765,"event_type":"NEW_PROCESS","ext_ip":"34.171.104.183","hostname":"windows-server-2022-aac9c41d-e0a3-4e7e-88b8-33936ab93238-0.c.lc-demo-infra.internal.","iid":"09774cc8-cb43-4164-abd3-87230031c142","int_ip":"10.128.15.201","latency":233,"moduleid":2,"oid":"aac9c41d-e0a3-4e7e-88b8-33936ab93238","parent":"45d323a0017ddda810c8558168479cf9","plat":268435456,"sid":"17b8710a-7337-4e64-9c18-2955e86f2d0d","tags":["fim","lc:stable","windows"],"this":"6ac2a3456b06a8227f3a01e768479cf9"},"ts":"2025-06-10 02:48:25"}
{"event":{"ENVIRONMENT_VARIABLES":["=C:=C:\\Windows\\System32","ALLUSERSPROFILE=C:\\ProgramData","APPDATA=C:\\Windows\\system32\\config\\systemprofile\\AppData\\Roaming","CommonProgramFiles=C:\\Program Files\\Common Files","CommonProgramFiles(x86)=C:\\Program Files (x86)\\Common Files","CommonProgramW6432=C:\\Program Files\\Common Files","COMPUTERNAME=DESKTOP-C2A1841","ComSpec=C:\\Windows\\system32\\cmd.exe","DriverData=C:\\Windows\\System32\\Drivers\\DriverData","FPS_BROWSER_APP_PROFILE_STRING=Internet Explorer","FPS_BROWSER_USER_PROFILE_STRING=Default","GooGetRoot=C:\\ProgramData\\GooGet","LOCALAPPDATA=C:\\Windows\\system32\\config\\systemprofile\\AppData\\Local","NUMBER_OF_PROCESSORS=2","OS=Windows_NT","Path=C:\\Windows\\system32;C:\\Windows;C:\\Windows\\System32\\Wbem;C:\\Windows\\System32\\WindowsPowerShell\\v1.0\\;C:\\Windows\\System32\\OpenSSH\\;C:\\ProgramData\\GooGet;C:\\Program Files\\Google\\Compute Engine\\metadata_scripts;C:\\Program Files\\Google\\Compute Engine\\sysprep;C:\\Windows\\system32\\config\\systemprofile\\AppData\\Local\\Microsoft\\WindowsApps","PATHEXT=.COM;.EXE;.BAT;.CMD;.VBS;.VBE;.JS;.JSE;.WSF;.WSH;.MSC","PROCESSOR_ARCHITECTURE=AMD64","PROCESSOR_IDENTIFIER=Intel64 Family 6 Model 79 Stepping 0, GenuineIntel","PROCESSOR_LEVEL=6","PROCESSOR_REVISION=4f00","ProgramData=C:\\ProgramData","ProgramFiles=C:\\Program Files","ProgramFiles(x86)=C:\\Program Files (x86)","ProgramW6432=C:\\Program Files","PROMPT=$P$G","PSModulePath=C:\\Program Files\\WindowsPowerShell\\Modules;C:\\Windows\\system32\\WindowsPowerShell\\v1.0\\Modules","PUBLIC=C:\\Users\\Public","SystemDrive=C:","SystemRoot=C:\\Windows","TEMP=C:\\Windows\\TEMP","TMP=C:\\Windows\\TEMP","USERDOMAIN=WORKGROUP","USERNAME=DESKTOP-C2A1841$","USERPROFILE=C:\\Windows\\system32\\config\\systemprofile","windir=C:\\Windows"],"PROCESS_ID":17652},"routing":{"arch":2,"did":"","event_id":"9c8e6fe4-334c-4051-8525-bf1fb1a98496","event_time":1749523705472,"event_type":"PROCESS_ENVIRONMENT","ext_ip":"34.58.90.170","hostname":"desktop-c2a1841.c.lc-demo-infra.internal.","iid":"09774cc8-cb43-4164-abd3-87230031c142","int_ip":"10.128.15.200","latency":-24,"moduleid":2,"oid":"aac9c41d-e0a3-4e7e-88b8-33936ab93238","parent":"8ff2ad1fc041eaa4c42c7d0e68479cf9","plat":268435456,"sid":"c4ba6121-d13d-4871-82f8-4b5c5556761e","tags":["lc:testtag","windows"],"this":"213c45c83a86ecd02572221c68479cf9"},"ts":"2025-06-10 02:48:25"}
{"event":{"ENVIRONMENT_VARIABLES":["ALLUSERSPROFILE=C:\\ProgramData","APPDATA=C:\\Windows\\system32\\config\\systemprofile\\AppData\\Roaming","CommonProgramFiles=C:\\Program Files\\Common Files","CommonProgramFiles(x86)=C:\\Program Files (x86)\\Common Files","CommonProgramW6432=C:\\Program Files\\Common Files","COMPUTERNAME=DESKTOP-C2A1841","ComSpec=C:\\Windows\\system32\\cmd.exe","DriverData=C:\\Windows\\System32\\Drivers\\DriverData","FPS_BROWSER_APP_PROFILE_STRING=Internet Explorer","FPS_BROWSER_USER_PROFILE_STRING=Default","GooGetRoot=C:\\ProgramData\\GooGet","LOCALAPPDATA=C:\\Windows\\system32\\config\\systemprofile\\AppData\\Local","NUMBER_OF_PROCESSORS=2","OS=Windows_NT","Path=C:\\Windows\\system32;C:\\Windows;C:\\Windows\\System32\\Wbem;C:\\Windows\\System32\\WindowsPowerShell\\v1.0\\;C:\\Windows\\System32\\OpenSSH\\;C:\\ProgramData\\GooGet;C:\\Program Files\\Google\\Compute Engine\\metadata_scripts;C:\\Program Files\\Google\\Compute Engine\\sysprep;C:\\Windows\\system32\\config\\systemprofile\\AppData\\Local\\Microsoft\\WindowsApps","PATHEXT=.COM;.EXE;.BAT;.CMD;.VBS;.VBE;.JS;.JSE;.WSF;.WSH;.MSC","PROCESSOR_ARCHITECTURE=AMD64","PROCESSOR_IDENTIFIER=Intel64 Family 6 Model 79 Stepping 0, GenuineIntel","PROCESSOR_LEVEL=6","PROCESSOR_REVISION=4f00","ProgramData=C:\\ProgramData","ProgramFiles=C:\\Program Files","ProgramFiles(x86)=C:\\Program Files (x86)","ProgramW6432=C:\\Program Files","PSModulePath=C:\\Program Files\\WindowsPowerShell\\Modules;C:\\Windows\\system32\\WindowsPowerShell\\v1.0\\Modules","PUBLIC=C:\\Users\\Public","SystemDrive=C:","SystemRoot=C:\\Windows","TEMP=C:\\Windows\\TEMP","TMP=C:\\Windows\\TEMP","USERDOMAIN=WORKGROUP","USERNAME=DESKTOP-C2A1841$","USERPROFILE=C:\\Windows\\system32\\config\\systemprofile","windir=C:\\Windows"],"PROCESS_ID":18384},"routing":{"arch":2,"did":"","event_id":"c67159ca-86b8-4a6c-8802-ea4be34e7fa4","event_time":1749523705488,"event_type":"PROCESS_ENVIRONMENT","ext_ip":"34.58.90.170","hostname":"desktop-c2a1841.c.lc-demo-infra.internal.","iid":"09774cc8-cb43-4164-abd3-87230031c142","int_ip":"10.128.15.200","latency":-22,"moduleid":2,"oid":"aac9c41d-e0a3-4e7e-88b8-33936ab93238","parent":"4fae1713d62b3db6e4258d0368479cf9","plat":268435456,"sid":"c4ba6121-d13d-4871-82f8-4b5c5556761e","tags":["lc:testtag","windows"],"this":"ec89576d45ddf72b2ea57bf868479cf9"},"ts":"2025-06-10 02:48:25"}
{"event":{"ENVIRONMENT_VARIABLES":["=C:=C:\\Windows\\System32","ALLUSERSPROFILE=C:\\ProgramData","APPDATA=C:\\Windows\\system32\\config\\systemprofile\\AppData\\Roaming","CommonProgramFiles=C:\\Program Files\\Common Files","CommonProgramFiles(x86)=C:\\Program Files (x86)\\Common Files","CommonProgramW6432=C:\\Program Files\\Common Files","COMPUTERNAME=DESKTOP-C2A1841","ComSpec=C:\\Windows\\system32\\cmd.exe","DriverData=C:\\Windows\\System32\\Drivers\\DriverData","FPS_BROWSER_APP_PROFILE_STRING=Internet Explorer","FPS_BROWSER_USER_PROFILE_STRING=Default","GooGetRoot=C:\\ProgramData\\GooGet","LOCALAPPDATA=C:\\Windows\\system32\\config\\systemprofile\\AppData\\Local","NUMBER_OF_PROCESSORS=2","OS=Windows_NT","Path=C:\\Windows\\system32;C:\\Windows;C:\\Windows\\System32\\Wbem;C:\\Windows\\System32\\WindowsPowerShell\\v1.0\\;C:\\Windows\\System32\\OpenSSH\\;C:\\ProgramData\\GooGet;C:\\Program Files\\Google\\Compute Engine\\metadata_scripts;C:\\Program Files\\Google\\Compute Engine\\sysprep;C:\\Windows\\system32\\config\\systemprofile\\AppData\\Local\\Microsoft\\WindowsApps","PATHEXT=.COM;.EXE;.BAT;.CMD;.VBS;.VBE;.JS;.JSE;.WSF;.WSH;.MSC","PROCESSOR_ARCHITECTURE=AMD64","PROCESSOR_IDENTIFIER=Intel64 Family 6 Model 79 Stepping 0, GenuineIntel","PROCESSOR_LEVEL=6","PROCESSOR_REVISION=4f00","ProgramData=C:\\ProgramData","ProgramFiles=C:\\Program Files","ProgramFiles(x86)=C:\\Program Files (x86)","ProgramW6432=C:\\Program Files","PROMPT=$P$G","PSModulePath=C:\\Program Files\\WindowsPowerShell\\Modules;C:\\Windows\\system32\\WindowsPowerShell\\v1.0\\Modules","PUBLIC=C:\\Users\\Public","SystemDrive=C:","SystemRoot=C:\\Windows","TEMP=C:\\Windows\\TEMP","TMP=C:\\Windows\\TEMP","USERDOMAIN=WORKGROUP","USERNAME=DESKTOP-C2A1841$","USERPROFILE=C:\\Windows\\system32\\config\\systemprofile","windir=C:\\Windows"],"PROCESS_ID":18200},"routing":{"arch":2,"did":"","event_id":"75d2f81d-f9fa-4a1e-9d6e-47523c042804","event_time":1749523705503,"event_type":"PROCESS_ENVIRONMENT","ext_ip":"34.58.90.170","hostname":"desktop-c2a1841.c.lc-demo-infra.internal.","iid":"09774cc8-cb43-4164-abd3-87230031c142","int_ip":"10.128.15.200","latency":-12,"moduleid":2,"oid":"aac9c41d-e0a3-4e7e-88b8-33936ab93238","parent":"9d51c218ef60423aadfa8f4d68479cf9","plat":268435456,"sid":"c4ba6121-d13d-4871-82f8-4b5c5556761e","tags":["lc:testtag","windows"],"this":"5167a8c77ce80e0e2f0a753a68479cf9"},"ts":"2025-06-10 02:48:25"}
{"event":{"BASE_ADDRESS":140699389984768,"COMMAND_LINE":"C:\\Windows\\system32\\wbem\\wmiprvse.exe -secured -Embedding","FILE_IS_SIGNED":1,"FILE_PATH":"C:\\Windows\\system32\\wbem\\wmiprvse.exe","HASH":"2198a7b58bccb758036b969ddae6cc2ece07565e2659a7c541a313a0492231a3","MEMORY_USAGE":8855552,"PARENT":{"BASE_ADDRESS":140700938862592,"COMMAND_LINE":"C:\\Windows\\system32\\svchost.exe -k DcomLaunch -p","CREATION_TIME":1734629975978,"FILE_IS_SIGNED":1,"FILE_PATH":"C:\\Windows\\system32\\svchost.exe","HASH":"add683a6910abbbf0e28b557fad0ba998166394932ae2aca069d9aa19ea8fe88","MEMORY_USAGE":73998336,"PARENT_ATOM":"132cae85f72455fc640afd1a6818de5e","PARENT_PROCESS_ID":624,"PROCESS_ID":752,"THIS_ATOM":"3e4851ea8ec1a98e49341a176818de5e","THREADS":11,"TIMESTAMP":1746460254443,"USER_NAME":"NT AUTHORITY\\SYSTEM"},"PARENT_PROCESS_ID":752,"PROCESS_ID":17228,"THREADS":9,"USER_NAME":"NT AUTHORITY\\LOCAL SERVICE"},"routing":{"arch":2,"did":"","event_id":"39c431f3-d85b-4a24-bce5-27d40f290e52","event_time":1749523705535,"event_type":"NEW_PROCESS","ext_ip":"34.58.90.170","hostname":"desktop-c2a1841.c.lc-demo-infra.internal.","iid":"09774cc8-cb43-4164-abd3-87230031c142","int_ip":"10.128.15.200","latency":964,"moduleid":2,"oid":"aac9c41d-e0a3-4e7e-88b8-33936ab93238","parent":"3e4851ea8ec1a98e49341a176818de5e","plat":268435456,"sid":"c4ba6121-d13d-4871-82f8-4b5c5556761e","tags":["lc:testtag","windows"],"this":"2785f0577123fd5d2bcb461e68479cfa"},"ts":"2025-06-10 02:48:25"}
{"event":{"BASE_ADDRESS":140699567259648,"COMMAND_LINE":"C:\\Windows\\servicing\\TrustedInstaller.exe","FILE_IS_SIGNED":1,"FILE_PATH":"C:\\Windows\\servicing\\TrustedInstaller.exe","HASH":"7f0e3e2682a24a6b27484226cc0c7b30f837ea08b01f82c7b7ac094bf0a88ce5","MEMORY_USAGE":7540736,"PARENT":{"FILE_IS_SIGNED":1,"FILE_PATH":"\\Device\\HarddiskVolume3\\Windows\\System32\\services.exe","HASH":"dfbea9e8c316d9bc118b454b0c722cd674c30d0a256340200e2c3a7480cba674","MEMORY_USAGE":7938048,"PARENT_ATOM":"2f4ae26b214080d8fe7e92e56818de5d","PARENT_PROCESS_ID":496,"PROCESS_ID":624,"THIS_ATOM":"132cae85f72455fc640afd1a6818de5e","THREADS":8,"TIMESTAMP":1746460254365,"USER_NAME":"NT AUTHORITY\\SYSTEM"},"PARENT_PROCESS_ID":624,"PROCESS_ID":12028,"THREADS":8,"USER_NAME":"NT AUTHORITY\\SYSTEM"},"routing":{"arch":2,"did":"","event_id":"5c559a25-7161-46da-af81-be00f80a1c2a","event_time":1749523705630,"event_type":"NEW_PROCESS","ext_ip":"34.58.90.170","hostname":"desktop-c2a1841.c.lc-demo-infra.internal.","iid":"09774cc8-cb43-4164-abd3-87230031c142","int_ip":"10.128.15.200","latency":881,"moduleid":2,"oid":"aac9c41d-e0a3-4e7e-88b8-33936ab93238","parent":"132cae85f72455fc640afd1a6818de5e","plat":268435456,"sid":"c4ba6121-d13d-4871-82f8-4b5c5556761e","tags":["lc:testtag","windows"],"this":"e4d53cac89318e0ae6a4865568479cfa"},"ts":"2025-06-10 02:48:25"}
{"event":{"PROCESS_ID":12028,"REGISTRY_KEY":"\\REGISTRY\\MACHINE\\SOFTWARE\\Microsoft\\Windows\\CurrentVersion\\Component Based Servicing\\TiRunning"},"routing":{"arch":2,"did":"","event_id":"7ecf0e63-1212-40fb-bd23-8f91f6efabec","event_time":1749523705645,"event_type":"REGISTRY_CREATE","ext_ip":"34.58.90.170","hostname":"desktop-c2a1841.c.lc-demo-infra.internal.","iid":"09774cc8-cb43-4164-abd3-87230031c142","int_ip":"10.128.15.200","latency":868,"moduleid":2,"oid":"aac9c41d-e0a3-4e7e-88b8-33936ab93238","parent":"e4d53cac89318e0ae6a4865568479cfa","plat":268435456,"sid":"c4ba6121-d13d-4871-82f8-4b5c5556761e","tags":["lc:testtag","windows"],"this":"f44c253d52d1aefd21d0b25468479cfa"},"ts":"2025-06-10 02:48:25"}
{"event":{"BASE_ADDRESS":140694916825088,"COMMAND_LINE":"C:\\Windows\\winsxs\\amd64_microsoft-windows-servicingstack_31bf3856ad364e35_10.0.19041.1940_none_7dd80d767cb5c7b0\\TiWorker.exe -Embedding","FILE_IS_SIGNED":1,"FILE_PATH":"C:\\Windows\\winsxs\\amd64_microsoft-windows-servicingstack_31bf3856ad364e35_10.0.19041.1940_none_7dd80d767cb5c7b0\\TiWorker.exe","HASH":"b87f907f63f3b6059759dbfbcef2a10a5745fa1bc35bdf28c300553922926864","MEMORY_USAGE":10801152,"PARENT":{"BASE_ADDRESS":140700938862592,"COMMAND_LINE":"C:\\Windows\\system32\\svchost.exe -k DcomLaunch -p","CREATION_TIME":1734629975978,"FILE_IS_SIGNED":1,"FILE_PATH":"C:\\Windows\\system32\\svchost.exe","HASH":"add683a6910abbbf0e28b557fad0ba998166394932ae2aca069d9aa19ea8fe88","MEMORY_USAGE":73998336,"PARENT_ATOM":"132cae85f72455fc640afd1a6818de5e","PARENT_PROCESS_ID":624,"PROCESS_ID":752,"THIS_ATOM":"3e4851ea8ec1a98e49341a176818de5e","THREADS":11,"TIMESTAMP":1746460254443,"USER_NAME":"NT AUTHORITY\\SYSTEM"},"PARENT_PROCESS_ID":752,"PROCESS_ID":8080,"THREADS":6,"USER_NAME":"NT AUTHORITY\\SYSTEM"},"routing":{"arch":2,"did":"","event_id":"5755c150-5e36-41c4-bef2-a84c2dc7f3f7","event_time":1749523705661,"event_type":"NEW_PROCESS","ext_ip":"34.58.90.170","hostname":"desktop-c2a1841.c.lc-demo-infra.internal.","iid":"09774cc8-cb43-4164-abd3-87230031c142","int_ip":"10.128.15.200","latency":862,"moduleid":2,"oid":"aac9c41d-e0a3-4e7e-88b8-33936ab93238","parent":"3e4851ea8ec1a98e49341a176818de5e","plat":268435456,"sid":"c4ba6121-d13d-4871-82f8-4b5c5556761e","tags":["lc:testtag","windows"],"this":"f68d9762f5d1f47fe615617868479cfa"},"ts":"2025-06-10 02:48:25"}
{"event":{"PROCESS_ID":8080,"REGISTRY_KEY":"\\REGISTRY\\MACHINE\\SOFTWARE\\Microsoft\\Windows\\CurrentVersion\\Component Based Servicing\\SessionIdHigh","REGISTRY_VALUE":"stnbAQ==","SIZE":4,"TYPE":4},"routing":{"arch":2,"did":"","event_id":"49e7d0b3-665f-4413-a639-5a0052af85ae","event_time":1749523705708,"event_type":"REGISTRY_WRITE","ext_ip":"34.58.90.170","hostname":"desktop-c2a1841.c.lc-demo-infra.internal.","iid":"09774cc8-cb43-4164-abd3-87230031c142","int_ip":"10.128.15.200","latency":971,"moduleid":2,"oid":"aac9c41d-e0a3-4e7e-88b8-33936ab93238","parent":"f68d9762f5d1f47fe615617868479cfa","plat":268435456,"sid":"c4ba6121-d13d-4871-82f8-4b5c5556761e","tags":["lc:testtag","windows"],"this":"a9a099743d5a6b8201c8a76268479cfa"},"ts":"2025-06-10 02:48:25"}
{"event":{"PROCESS_ID":8080,"REGISTRY_KEY":"\\REGISTRY\\MACHINE\\SOFTWARE\\Microsoft\\Windows\\CurrentVersion\\Component Based Servicing\\SessionIdLow","REGISTRY_VALUE":"M2SyIg==","SIZE":4,"TYPE":4},"routing":{"arch":2,"did":"","event_id":"2b205007-bcc9-4a36-8a1a-c222b802972a","event_time":1749523705708,"event_type":"REGISTRY_WRITE","ext_ip":"34.58.90.170","hostname":"desktop-c2a1841.c.lc-demo-infra.internal.","iid":"09774cc8-cb43-4164-abd3-87230031c142","int_ip":"10.128.15.200","latency":972,"moduleid":2,"oid":"aac9c41d-e0a3-4e7e-88b8-33936ab93238","parent":"f68d9762f5d1f47fe615617868479cfa","plat":268435456,"sid":"c4ba6121-d13d-4871-82f8-4b5c5556761e","tags":["lc:testtag","windows"],"this":"e76048d2491ab3b0136b88ad68479cfa"},"ts":"2025-06-10 02:48:25"}
{"event":{"PARENT_PROCESS_ID":2232,"PROCESS_ID":18188},"routing":{"arch":2,"did":"","event_id":"c7ef4d98-405f-457b-b88c-61c2aa90eeef","event_time":1749523705786,"event_type":"TERMINATE_PROCESS","ext_ip":"34.58.90.170","hostname":"desktop-c2a1841.c.lc-demo-infra.internal.","iid":"09774cc8-cb43-4164-abd3-87230031c142","int_ip":"10.128.15.200","latency":3977,"moduleid":2,"oid":"aac9c41d-e0a3-4e7e-88b8-33936ab93238","parent":"7c0dd3735ead772c32922ffa68479cf7","plat":268435456,"sid":"c4ba6121-d13d-4871-82f8-4b5c5556761e","tags":["lc:testtag","windows"],"this":"c9abce31214bcab18712900368479cfd"},"ts":"2025-06-10 02:48:25"}
{"event":{"PARENT_PROCESS_ID":18188,"PROCESS_ID":15476},"routing":{"arch":2,"did":"","event_id":"24d81df6-e39d-4a4a-9afc-8d7dd117bfa9","event_time":1749523705786,"event_type":"TERMINATE_PROCESS","ext_ip":"34.58.90.170","hostname":"desktop-c2a1841.c.lc-demo-infra.internal.","iid":"09774cc8-cb43-4164-abd3-87230031c142","int_ip":"10.128.15.200","latency":3977,"moduleid":2,"oid":"aac9c41d-e0a3-4e7e-88b8-33936ab93238","parent":"5f5820251b6a76b7798c5e1c68479cf7","plat":268435456,"sid":"c4ba6121-d13d-4871-82f8-4b5c5556761e","tags":["lc:testtag","windows"],"this":"bead72c5a088e96bf17b2ca368479cfd"},"ts":"2025-06-10 02:48:25"}
{"event":{"PARENT_PROCESS_ID":18188,"PROCESS_ID":15156},"routing":{"arch":2,"did":"","event_id":"a5335561-4409-4cf4-bfc4-75284940d82b","event_time":1749523705786,"event_type":"TERMINATE_PROCESS","ext_ip":"34.58.90.170","hostname":"desktop-c2a1841.c.lc-demo-infra.internal.","iid":"09774cc8-cb43-4164-abd3-87230031c142","int_ip":"10.128.15.200","latency":3977,"moduleid":2,"oid":"aac9c41d-e0a3-4e7e-88b8-33936ab93238","parent":"c1c5539d2d8cfaefe901dce468479cf7","plat":268435456,"sid":"c4ba6121-d13d-4871-82f8-4b5c5556761e","tags":["lc:testtag","windows"],"this":"1c12ced879e28e4f7eecd6ef68479cfd"},"ts":"2025-06-10 02:48:25"}
{"event":{"PARENT_PROCESS_ID":2232,"PROCESS_ID":17332},"routing":{"arch":2,"did":"","event_id":"9587fdd2-9ad8-4e6c-b9c2-0953c58410c5","event_time":1749523705786,"event_type":"TERMINATE_PROCESS","ext_ip":"34.58.90.170","hostname":"desktop-c2a1841.c.lc-demo-infra.internal.","iid":"09774cc8-cb43-4164-abd3-87230031c142","int_ip":"10.128.15.200","latency":3977,"moduleid":2,"oid":"aac9c41d-e0a3-4e7e-88b8-33936ab93238","parent":"7d7f69a56beac0de536f7a1968479cf8","plat":268435456,"sid":"c4ba6121-d13d-4871-82f8-4b5c5556761e","tags":["lc:testtag","windows"],"this":"c6f4fea555fb0e7f2dedfd2868479cfd"},"ts":"2025-06-10 02:48:25"}
{"event":{"PARENT_PROCESS_ID":17332,"PROCESS_ID":17532},"routing":{"arch":2,"did":"","event_id":"5adc2794-106e-451d-b106-ac5bec2bc34d","event_time":1749523705786,"event_type":"TERMINATE_PROCESS","ext_ip":"34.58.90.170","hostname":"desktop-c2a1841.c.lc-demo-infra.internal.","iid":"09774cc8-cb43-4164-abd3-87230031c142","int_ip":"10.128.15.200","latency":3977,"moduleid":2,"oid":"aac9c41d-e0a3-4e7e-88b8-33936ab93238","parent":"1b310173af17c6b1c8b114af68479cf8","plat":268435456,"sid":"c4ba6121-d13d-4871-82f8-4b5c5556761e","tags":["lc:testtag","windows"],"this":"272c4a34f439f669d3712fdd68479cfd"},"ts":"2025-06-10 02:48:25"}
{"event":{"PARENT_PROCESS_ID":17332,"PROCESS_ID":17924},"routing":{"arch":2,"did":"","event_id":"36a6153a-996b-49cb-83e4-838c15ceea0c","event_time":1749523705786,"event_type":"TERMINATE_PROCESS","ext_ip":"34.58.90.170","hostname":"desktop-c2a1841.c.lc-demo-infra.internal.","iid":"09774cc8-cb43-4164-abd3-87230031c142","int_ip":"10.128.15.200","latency":3978,"moduleid":2,"oid":"aac9c41d-e0a3-4e7e-88b8-33936ab93238","parent":"3bfde19f8df3f73a38c29dd368479cf8","plat":268435456,"sid":"c4ba6121-d13d-4871-82f8-4b5c5556761e","tags":["lc:testtag","windows"],"this":"e8a182b55454fad9b021f3df68479cfd"},"ts":"2025-06-10 02:48:25"}
{"event":{"PARENT_PROCESS_ID":2232,"PROCESS_ID":15708},"routing":{"arch":2,"did":"","event_id":"d2a950e5-d1ba-46f4-91b9-ffd77d88b863","event_time":1749523705786,"event_type":"TERMINATE_PROCESS","ext_ip":"34.58.90.170","hostname":"desktop-c2a1841.c.lc-demo-infra.internal.","iid":"09774cc8-cb43-4164-abd3-87230031c142","int_ip":"10.128.15.200","latency":3978,"moduleid":2,"oid":"aac9c41d-e0a3-4e7e-88b8-33936ab93238","parent":"60a132804ccc46950895190568479cf9","plat":268435456,"sid":"c4ba6121-d13d-4871-82f8-4b5c5556761e","tags":["lc:testtag","windows"],"this":"c85663199e8e6f3d85247a3268479cfd"},"ts":"2025-06-10 02:48:25"}
{"event":{"PARENT_PROCESS_ID":15708,"PROCESS_ID":16232},"routing":{"arch":2,"did":"","event_id":"38b75e86-587e-4fd0-b62f-371fb75f6db5","event_time":1749523705786,"event_type":"TERMINATE_PROCESS","ext_ip":"34.58.90.170","hostname":"desktop-c2a1841.c.lc-demo-infra.internal.","iid":"09774cc8-cb43-4164-abd3-87230031c142","int_ip":"10.128.15.200","latency":3978,"moduleid":2,"oid":"aac9c41d-e0a3-4e7e-88b8-33936ab93238","parent":"5a22e8cf2fbb6fe827fb244c68479cf9","plat":268435456,"sid":"c4ba6121-d13d-4871-82f8-4b5c5556761e","tags":["lc:testtag","windows"],"this":"058391dc866d7afc31ada81668479cfd"},"ts":"2025-06-10 02:48:25"}
{"event":{"PARENT_PROCESS_ID":15708,"PROCESS_ID":15372},"routing":{"arch":2,"did":"","event_id":"0794721c-210f-456c-9aa7-e6335c32ff7b","event_time":1749523705786,"event_type":"TERMINATE_PROCESS","ext_ip":"34.58.90.170","hostname":"desktop-c2a1841.c.lc-demo-infra.internal.","iid":"09774cc8-cb43-4164-abd3-87230031c142","int_ip":"10.128.15.200","latency":3978,"moduleid":2,"oid":"aac9c41d-e0a3-4e7e-88b8-33936ab93238","parent":"483cac470285770dee1ae82468479cf9","plat":268435456,"sid":"c4ba6121-d13d-4871-82f8-4b5c5556761e","tags":["lc:testtag","windows"],"this":"cebd28364426509d4c7c60b868479cfd"},"ts":"2025-06-10 02:48:25"}
{"event":{"PARENT_PROCESS_ID":15708,"PROCESS_ID":5648},"routing":{"arch":2,"did":"","event_id":"61719d45-245a-4fec-bff5-ef148d1c0a3f","event_time":1749523705786,"event_type":"TERMINATE_PROCESS","ext_ip":"34.58.90.170","hostname":"desktop-c2a1841.c.lc-demo-infra.internal.","iid":"09774cc8-cb43-4164-abd3-87230031c142","int_ip":"10.128.15.200","latency":3978,"moduleid":2,"oid":"aac9c41d-e0a3-4e7e-88b8-33936ab93238","parent":"cb6a7c41f17f6aaa6022658a68479cf9","plat":268435456,"sid":"c4ba6121-d13d-4871-82f8-4b5c5556761e","tags":["lc:testtag","windows"],"this":"f444b53a53bbdf6fc024573068479cfd"},"ts":"2025-06-10 02:48:25"}
{"event":{"EVENT":{"EventData":{"AuthenticationPackageName":"NTLM","FailureReason":"%%2313","IpAddress":"45.227.253.61","IpPort":"0","KeyLength":"0","LmPackageName":"-","LogonProcessName":"NtLmSsp","LogonType":"3","ProcessId":"0x0","ProcessName":"-","Status":"0xc000006d","SubStatus":"0xc0000064","SubjectDomainName":"-","SubjectLogonId":"0x0","SubjectUserName":"-","SubjectUserSid":"S-1-0-0","TargetDomainName":"WINDOWS-SERVER-2022-AAC9C41D-E0A3-4E7E-88B8-33936AB93238-0","TargetUserName":"Admin","TargetUserSid":"S-1-0-0","TransmittedServices":"-","WorkstationName":"WIN-56DH2BBHACU"},"System":{"Channel":"Security","Computer":"windows-server-2022-aac9c41d-e0a3-4e7e-88b8-33936ab93238-0","Correlation":{"ActivityID":"{55ae049b-37ef-0001-ee39-a76a4ac5db01}"},"EventID":"4625","EventRecordID":"4417907","Execution":{"ProcessID":"648","ThreadID":"2096"},"Keywords":"0x8010000000000000","Level":"0","Opcode":"0","Provider":{"Guid":"{54849625-5478-4994-a5ba-3e3b0328c30d}","Name":"Microsoft-Windows-Security-Auditing"},"Security":"","Task":"12544","TimeCreated":{"SystemTime":"2025-06-10T02:48:23.3333081Z"},"Version":"0","_event_id":"4625"}}},"routing":{"arch":2,"did":"","event_id":"3a54240d-acc1-44f7-b9e0-0ad86d23dfe3","event_time":1749523704340,"event_type":"WEL","ext_ip":"34.171.104.183","hostname":"windows-server-2022-aac9c41d-e0a3-4e7e-88b8-33936ab93238-0.c.lc-demo-infra.internal.","iid":"09774cc8-cb43-4164-abd3-87230031c142","int_ip":"10.128.15.201","latency":3,"moduleid":2,"oid":"aac9c41d-e0a3-4e7e-88b8-33936ab93238","plat":268435456,"sid":"17b8710a-7337-4e64-9c18-2955e86f2d0d","tags":["fim","lc:stable","windows"],"this":"0bd6a924bd5ed83f223afd8d68479cf8"},"ts":"2025-06-10 02:48:24"}
{"event":{"ENVIRONMENT_VARIABLES":["ALLUSERSPROFILE=C:\\ProgramData","APPDATA=C:\\Windows\\system32\\config\\systemprofile\\AppData\\Roaming","CommonProgramFiles=C:\\Program Files\\Common Files","CommonProgramFiles(x86)=C:\\Program Files (x86)\\Common Files","CommonProgramW6432=C:\\Program Files\\Common Files","COMPUTERNAME=DESKTOP-C2A1841","ComSpec=C:\\Windows\\system32\\cmd.exe","DriverData=C:\\Windows\\System32\\Drivers\\DriverData","GooGetRoot=C:\\ProgramData\\GooGet","LOCALAPPDATA=C:\\Windows\\system32\\config\\systemprofile\\AppData\\Local","NUMBER_OF_PROCESSORS=2","OS=Windows_NT","Path=C:\\Windows\\system32;C:\\Windows;C:\\Windows\\System32\\Wbem;C:\\Windows\\System32\\WindowsPowerShell\\v1.0\\;C:\\Windows\\System32\\OpenSSH\\;C:\\ProgramData\\GooGet;C:\\Program Files\\Google\\Compute Engine\\metadata_scripts;C:\\Program Files\\Google\\Compute Engine\\sysprep;C:\\Windows\\system32\\config\\systemprofile\\AppData\\Local\\Microsoft\\WindowsApps","PATHEXT=.COM;.EXE;.BAT;.CMD;.VBS;.VBE;.JS;.JSE;.WSF;.WSH;.MSC","PROCESSOR_ARCHITECTURE=AMD64","PROCESSOR_IDENTIFIER=Intel64 Family 6 Model 79 Stepping 0, GenuineIntel","PROCESSOR_LEVEL=6","PROCESSOR_REVISION=4f00","ProgramData=C:\\ProgramData","ProgramFiles=C:\\Program Files","ProgramFiles(x86)=C:\\Program Files (x86)","ProgramW6432=C:\\Program Files","PSModulePath=%ProgramFiles%\\WindowsPowerShell\\Modules;C:\\Windows\\system32\\WindowsPowerShell\\v1.0\\Modules","PUBLIC=C:\\Users\\Public","SystemDrive=C:","SystemRoot=C:\\Windows","TEMP=C:\\Windows\\TEMP","TMP=C:\\Windows\\TEMP","USERDOMAIN=WORKGROUP","USERNAME=DESKTOP-C2A1841$","USERPROFILE=C:\\Windows\\system32\\config\\systemprofile","windir=C:\\Windows"],"PROCESS_ID":11820},"routing":{"arch":2,"did":"","event_id":"e3563775-d195-461a-b574-4decf7cb53fa","event_time":1749523704269,"event_type":"PROCESS_ENVIRONMENT","ext_ip":"34.58.90.170","hostname":"desktop-c2a1841.c.lc-demo-infra.internal.","iid":"09774cc8-cb43-4164-abd3-87230031c142","int_ip":"10.128.15.200","latency":-26,"moduleid":2,"oid":"aac9c41d-e0a3-4e7e-88b8-33936ab93238","parent":"4d416e0735a462c3f1cda35a68479cf8","plat":268435456,"sid":"c4ba6121-d13d-4871-82f8-4b5c5556761e","tags":["lc:testtag","windows"],"this":"2bce69fc463fbe1bd28f1efd68479cf8"},"ts":"2025-06-10 02:48:24"}
{"event":{"EVENTS":[{"event":{"BASE_ADDRESS":140695173398528,"COMMAND_LINE":"C:\\Windows\\system32\\lsass.exe","CREATION_TIME":1734629975444,"FILE_IS_SIGNED":1,"FILE_PATH":"C:\\Windows\\system32\\lsass.exe","HASH":"e69356111240657e6435edf2e3a4bbac9c89957ef2d34fc620b8b7dbf564a862","MEMORY_USAGE":23429120,"PARENT":{"FILE_IS_SIGNED":1,"FILE_PATH":"\\Device\\HarddiskVolume3\\Windows\\System32\\wininit.exe","HASH":"fe7a0b26e504062b3a424d540e3f1f5cab8f2db5a421fbbb8b779122d11bd2af","MEMORY_USAGE":1646592,"PARENT_PROCESS_ID":408,"PROCESS_ID":496,"THIS_ATOM":"2f4ae26b214080d8fe7e92e56818de5d","THREADS":3,"TIMESTAMP":1746460253959,"USER_NAME":"NT AUTHORITY\\SYSTEM"},"PARENT_PROCESS_ID":496,"PROCESS_ID":648,"THREADS":9,"USER_NAME":"NT AUTHORITY\\SYSTEM"},"routing":{"arch":2,"did":"","event_id":"1f4fe124-1f96-4c60-b359-acabb79f0b69","event_time":1746460254397,"event_type":"EXISTING_PROCESS","ext_ip":"34.58.90.170","hostname":"desktop-c2a1841.c.lc-demo-infra.internal.","iid":"09774cc8-cb43-4164-abd3-87230031c142","int_ip":"10.128.15.200","latency":3063450047,"moduleid":2,"oid":"aac9c41d-e0a3-4e7e-88b8-33936ab93238","parent":"2f4ae26b214080d8fe7e92e56818de5d","plat":268435456,"sid":"c4ba6121-d13d-4871-82f8-4b5c5556761e","tags":["lc:testtag","windows"],"this":"8ced3bfcbf30b0dc5810c9e36818de5e"}},{"event":{"ACCESS_FLAGS":5136,"PARENT_PROCESS_ID":11820,"PROCESS_ID":648,"SOURCE":{"BASE_ADDRESS":140699389984768,"COMMAND_LINE":"C:\\Windows\\system32\\wbem\\wmiprvse.exe -secured -Embedding","FILE_IS_SIGNED":1,"FILE_PATH":"C:\\Windows\\system32\\wbem\\wmiprvse.exe","HASH":"2198a7b58bccb758036b969ddae6cc2ece07565e2659a7c541a313a0492231a3","MEMORY_USAGE":12427264,"PARENT_ATOM":"3e4851ea8ec1a98e49341a176818de5e","PARENT_PROCESS_ID":752,"PROCESS_ID":11820,"THIS_ATOM":"4d416e0735a462c3f1cda35a68479cf8","THREADS":10,"TIMESTAMP":1749523703581,"USER_NAME":"NT AUTHORITY\\NETWORK SERVICE"},"TARGET":{"BASE_ADDRESS":140695173398528,"COMMAND_LINE":"C:\\Windows\\system32\\lsass.exe","CREATION_TIME":1734629975444,"FILE_IS_SIGNED":1,"FILE_PATH":"C:\\Windows\\system32\\lsass.exe","HASH":"e69356111240657e6435edf2e3a4bbac9c89957ef2d34fc620b8b7dbf564a862","MEMORY_USAGE":23429120,"PARENT_ATOM":"2f4ae26b214080d8fe7e92e56818de5d","PARENT_PROCESS_ID":496,"PROCESS_ID":648,"THIS_ATOM":"8ced3bfcbf30b0dc5810c9e36818de5e","THREADS":9,"TIMESTAMP":1746460254397,"USER_NAME":"NT AUTHORITY\\SYSTEM"}},"routing":{"arch":2,"did":"","event_id":"977f70d8-4a87-4a45-85e2-cb36ee170f1d","event_time":1749523703659,"event_type":"REMOTE_PROCESS_HANDLE","ext_ip":"34.58.90.170","hostname":"desktop-c2a1841.c.lc-demo-infra.internal.","iid":"09774cc8-cb43-4164-abd3-87230031c142","int_ip":"10.128.15.200","latency":785,"moduleid":2,"oid":"aac9c41d-e0a3-4e7e-88b8-33936ab93238","parent":"4d416e0735a462c3f1cda35a68479cf8","plat":268435456,"sid":"c4ba6121-d13d-4871-82f8-4b5c5556761e","tags":["lc:testtag","windows"],"target":"8ced3bfcbf30b0dc5810c9e36818de5e","this":"ca35ae7635ba22a91861aa3968479cf8"}}]},"routing":{"arch":2,"did":"","event_id":"62a55211-bb45-4e45-91aa-af1c450b9580","event_time":1749523704472,"event_type":"SENSITIVE_PROCESS_ACCESS","ext_ip":"34.58.90.170","hostname":"desktop-c2a1841.c.lc-demo-infra.internal.","iid":"09774cc8-cb43-4164-abd3-87230031c142","int_ip":"10.128.15.200","latency":-27,"moduleid":2,"oid":"aac9c41d-e0a3-4e7e-88b8-33936ab93238","parent":"4d416e0735a462c3f1cda35a68479cf8","plat":268435456,"sid":"c4ba6121-d13d-4871-82f8-4b5c5556761e","tags":["lc:testtag","windows"],"target":"8ced3bfcbf30b0dc5810c9e36818de5e","this":"0acae82be7ef9897ffb1273868479cf8"},"ts":"2025-06-10 02:48:24"}
{"event":{"BASE_ADDRESS":140703021793280,"COMMAND_LINE":"C:\\Windows\\system32\\cmd.exe /C systeminfo","FILE_IS_SIGNED":1,"FILE_PATH":"C:\\Windows\\system32\\cmd.exe","HASH":"b99d61d874728edc0918ca0eb10eab93d381e7367e377406e65963366c874450","MEMORY_USAGE":4001792,"PARENT":{"BASE_ADDRESS":140698865238016,"COMMAND_LINE":"C:\\Windows\\System32\\rundll32.exe","CREATION_TIME":1734629995072,"FILE_IS_SIGNED":1,"FILE_PATH":"C:\\Windows\\System32\\rundll32.exe","HASH":"b53f3c0cd32d7f20849850768da6431e5f876b7bfa61db0aa0700b02873393fa","MEMORY_USAGE":7294976,"PARENT_PROCESS_ID":2844,"PROCESS_ID":2232,"THIS_ATOM":"1f7d51435a96b7487a36ddd86818de60","THREADS":3,"TIMESTAMP":1746460256775,"USER_NAME":"NT AUTHORITY\\SYSTEM"},"PARENT_PROCESS_ID":2232,"PROCESS_ID":17652,"THREADS":3,"USER_NAME":"NT AUTHORITY\\SYSTEM"},"routing":{"arch":2,"did":"","event_id":"9728f80e-0639-4de6-8f59-8db6966746f4","event_time":1749523704003,"event_type":"NEW_PROCESS","ext_ip":"34.58.90.170","hostname":"desktop-c2a1841.c.lc-demo-infra.internal.","iid":"09774cc8-cb43-4164-abd3-87230031c142","int_ip":"10.128.15.200","latency":1441,"moduleid":2,"oid":"aac9c41d-e0a3-4e7e-88b8-33936ab93238","parent":"1f7d51435a96b7487a36ddd86818de60","plat":268435456,"sid":"c4ba6121-d13d-4871-82f8-4b5c5556761e","tags":["lc:testtag","windows"],"this":"8ff2ad1fc041eaa4c42c7d0e68479cf9"},"ts":"2025-06-10 02:48:24"}
{"event":{"BASE_ADDRESS":140698829848576,"COMMAND_LINE":"\\??\\C:\\Windows\\system32\\conhost.exe 0xffffffff -ForceV1","FILE_IS_SIGNED":1,"FILE_PATH":"C:\\Windows\\System32\\Conhost.exe","HASH":"3c1c6d813d2b031d988204155fc198fe4f32ff56c05dabbcfcd5486131f4fb9d","MEMORY_USAGE":11272192,"PARENT":{"BASE_ADDRESS":140703021793280,"COMMAND_LINE":"C:\\Windows\\system32\\cmd.exe /C systeminfo","FILE_IS_SIGNED":1,"FILE_PATH":"C:\\Windows\\system32\\cmd.exe","HASH":"b99d61d874728edc0918ca0eb10eab93d381e7367e377406e65963366c874450","MEMORY_USAGE":4001792,"PARENT_ATOM":"1f7d51435a96b7487a36ddd86818de60","PARENT_PROCESS_ID":2232,"PROCESS_ID":17652,"THIS_ATOM":"8ff2ad1fc041eaa4c42c7d0e68479cf9","THREADS":3,"TIMESTAMP":1749523704003,"USER_NAME":"NT AUTHORITY\\SYSTEM"},"PARENT_PROCESS_ID":17652,"PROCESS_ID":18384,"THREADS":5,"USER_NAME":"NT AUTHORITY\\SYSTEM"},"routing":{"arch":2,"did":"","event_id":"ffe3a10f-c274-4bc5-8380-301c6b1455ee","event_time":1749523704003,"event_type":"NEW_PROCESS","ext_ip":"34.58.90.170","hostname":"desktop-c2a1841.c.lc-demo-infra.internal.","iid":"09774cc8-cb43-4164-abd3-87230031c142","int_ip":"10.128.15.200","latency":1461,"moduleid":2,"oid":"aac9c41d-e0a3-4e7e-88b8-33936ab93238","parent":"8ff2ad1fc041eaa4c42c7d0e68479cf9","plat":268435456,"sid":"c4ba6121-d13d-4871-82f8-4b5c5556761e","tags":["lc:testtag","windows"],"this":"4fae1713d62b3db6e4258d0368479cf9"},"ts":"2025-06-10 02:48:24"}
{"event":{"BASE_ADDRESS":140696983568384,"COMMAND_LINE":"systeminfo","FILE_IS_SIGNED":1,"FILE_PATH":"C:\\Windows\\system32\\systeminfo.exe","HASH":"6f87caa51bdea802045bb281fc2686a3c76364c26a3ffe6c2ccac4af5f9db37b","MEMORY_USAGE":8691712,"PARENT":{"BASE_ADDRESS":140703021793280,"COMMAND_LINE":"C:\\Windows\\system32\\cmd.exe /C systeminfo","FILE_IS_SIGNED":1,"FILE_PATH":"C:\\Windows\\system32\\cmd.exe","HASH":"b99d61d874728edc0918ca0eb10eab93d381e7367e377406e65963366c874450","MEMORY_USAGE":4001792,"PARENT_ATOM":"1f7d51435a96b7487a36ddd86818de60","PARENT_PROCESS_ID":2232,"PROCESS_ID":17652,"THIS_ATOM":"8ff2ad1fc041eaa4c42c7d0e68479cf9","THREADS":3,"TIMESTAMP":1749523704003,"USER_NAME":"NT AUTHORITY\\SYSTEM"},"PARENT_PROCESS_ID":17652,"PROCESS_ID":18200,"THREADS":6,"USER_NAME":"NT AUTHORITY\\SYSTEM"},"routing":{"arch":2,"did":"","event_id":"6196777b-fddb-4e2e-8dec-3e77a83368e3","event_time":1749523704034,"event_type":"NEW_PROCESS","ext_ip":"34.58.90.170","hostname":"desktop-c2a1841.c.lc-demo-infra.internal.","iid":"09774cc8-cb43-4164-abd3-87230031c142","int_ip":"10.128.15.200","latency":1454,"moduleid":2,"oid":"aac9c41d-e0a3-4e7e-88b8-33936ab93238","parent":"8ff2ad1fc041eaa4c42c7d0e68479cf9","plat":268435456,"sid":"c4ba6121-d13d-4871-82f8-4b5c5556761e","tags":["lc:testtag","windows"],"this":"9d51c218ef60423aadfa8f4d68479cf9"},"ts":"2025-06-10 02:48:24"}
{"event":{"COMMAND_LINE":"\"C:\\Program Files\\Google\\OSConfig\\google_osconfig_agent.exe\"","CREATION_TIME":1747280143066,"FILE_IS_SIGNED":1,"FILE_PATH":"C:\\Program Files\\Google\\OSConfig\\google_osconfig_agent.exe","HASH":"5749b2693aaf2042fb068b00ee5b29614b738545f9f3bcc9028597a49d7a3714","NETWORK_ACTIVITY":[{"DESTINATION":{"IP_ADDRESS":"173.194.194.95","PORT":443},"IS_OUTGOING":1,"PROTOCOL":"tcp4","SOURCE":{"IP_ADDRESS":"10.128.15.201","PORT":59577},"TIMESTAMP":1749523695789},{"DESTINATION":{"IP_ADDRESS":"169.254.169.254","PORT":80},"IS_OUTGOING":1,"PROTOCOL":"tcp4","SOURCE":{"IP_ADDRESS":"10.128.15.201","PORT":59578},"TIMESTAMP":1749523695938},{"DESTINATION":{"IP_ADDRESS":"173.194.194.95","PORT":443},"IS_OUTGOING":1,"PROTOCOL":"tcp4","SOURCE":{"IP_ADDRESS":"10.128.15.201","PORT":59579},"TIMESTAMP":1749523695942}],"PARENT_PROCESS_ID":628,"PROCESS_ID":664,"USER_NAME":"NT AUTHORITY\\SYSTEM"},"routing":{"arch":2,"did":"","event_id":"bb60d42b-b9ee-4f53-b604-e90a3ec93bee","event_time":1749523703215,"event_type":"NETWORK_CONNECTIONS","ext_ip":"34.171.104.183","hostname":"windows-server-2022-aac9c41d-e0a3-4e7e-88b8-33936ab93238-0.c.lc-demo-infra.internal.","iid":"09774cc8-cb43-4164-abd3-87230031c142","int_ip":"10.128.15.201","latency":2,"moduleid":2,"oid":"aac9c41d-e0a3-4e7e-88b8-33936ab93238","parent":"e583082c3131f150bbd6f25e6825611e","plat":268435456,"sid":"17b8710a-7337-4e64-9c18-2955e86f2d0d","tags":["fim","lc:stable","windows"],"this":"207002d6ec809c2006bf05d968479cf7"},"ts":"2025-06-10 02:48:23"}
{"event":{"COMMAND_LINE":"C:\\Windows\\System32\\svchost.exe -k termsvcs -s TermService","CREATION_TIME":1747280142928,"FILE_IS_SIGNED":1,"FILE_PATH":"C:\\Windows\\System32\\svchost.exe","HASH":"d7f10571f58adbe122f615b869eb42b05286770148067cbf88054c38f1bca4c4","NETWORK_ACTIVITY":[{"DESTINATION":{"IP_ADDRESS":"10.128.15.201","PORT":3389},"IS_OUTGOING":0,"PROTOCOL":"tcp4","SOURCE":{"IP_ADDRESS":"45.227.253.61","PORT":56346},"TIMESTAMP":1749523672759},{"DESTINATION":{"IP_ADDRESS":"10.128.15.201","PORT":3389},"IS_OUTGOING":0,"PROTOCOL":"tcp4","SOURCE":{"IP_ADDRESS":"45.227.253.61","PORT":13453},"TIMESTAMP":1749523674542},{"DESTINATION":{"IP_ADDRESS":"10.128.15.201","PORT":3389},"IS_OUTGOING":0,"PROTOCOL":"tcp4","SOURCE":{"IP_ADDRESS":"45.227.253.61","PORT":29270},"TIMESTAMP":1749523676497},{"DESTINATION":{"IP_ADDRESS":"10.128.15.201","PORT":3389},"IS_OUTGOING":0,"PROTOCOL":"tcp4","SOURCE":{"IP_ADDRESS":"45.227.253.61","PORT":45549},"TIMESTAMP":1749523678281},{"DESTINATION":{"IP_ADDRESS":"10.128.15.201","PORT":3389},"IS_OUTGOING":0,"PROTOCOL":"tcp4","SOURCE":{"IP_ADDRESS":"197.210.194.240","PORT":59791},"TIMESTAMP":1749523678937},{"DESTINATION":{"IP_ADDRESS":"10.128.15.201","PORT":3389},"IS_OUTGOING":0,"PROTOCOL":"tcp4","SOURCE":{"IP_ADDRESS":"45.227.253.61","PORT":2490},"TIMESTAMP":1749523680063},{"DESTINATION":{"IP_ADDRESS":"10.128.15.201","PORT":3389},"IS_OUTGOING":0,"PROTOCOL":"tcp4","SOURCE":{"IP_ADDRESS":"45.227.253.61","PORT":18384},"TIMESTAMP":1749523681970},{"DESTINATION":{"IP_ADDRESS":"10.128.15.201","PORT":3389},"IS_OUTGOING":0,"PROTOCOL":"tcp4","SOURCE":{"IP_ADDRESS":"45.227.253.61","PORT":34617},"TIMESTAMP":1749523683752},{"DESTINATION":{"IP_ADDRESS":"10.128.15.201","PORT":3389},"IS_OUTGOING":0,"PROTOCOL":"tcp4","SOURCE":{"IP_ADDRESS":"45.227.253.61","PORT":50476},"TIMESTAMP":1749523685552},{"DESTINATION":{"IP_ADDRESS":"10.128.15.201","PORT":3389},"IS_OUTGOING":0,"PROTOCOL":"tcp4","SOURCE":{"IP_ADDRESS":"45.227.253.61","PORT":6508},"TIMESTAMP":1749523687428},{"DESTINATION":{"IP_ADDRESS":"10.128.15.201","PORT":3389},"IS_OUTGOING":0,"PROTOCOL":"tcp4","SOURCE":{"IP_ADDRESS":"194.180.48.29","PORT":26302},"TIMESTAMP":1749523689148},{"DESTINATION":{"IP_ADDRESS":"10.128.15.201","PORT":3389},"IS_OUTGOING":0,"PROTOCOL":"tcp4","SOURCE":{"IP_ADDRESS":"45.227.253.61","PORT":23698},"TIMESTAMP":1749523689242},{"DESTINATION":{"IP_ADDRESS":"10.128.15.201","PORT":3389},"IS_OUTGOING":0,"PROTOCOL":"tcp4","SOURCE":{"IP_ADDRESS":"45.227.253.61","PORT":39189},"TIMESTAMP":1749523691024},{"DESTINATION":{"IP_ADDRESS":"10.128.15.201","PORT":3389},"IS_OUTGOING":0,"PROTOCOL":"tcp4","SOURCE":{"IP_ADDRESS":"45.227.253.61","PORT":55624},"TIMESTAMP":1749523693119},{"DESTINATION":{"IP_ADDRESS":"10.128.15.201","PORT":3389},"IS_OUTGOING":0,"PROTOCOL":"tcp4","SOURCE":{"IP_ADDRESS":"45.227.253.61","PORT":13860},"TIMESTAMP":1749523694934},{"DESTINATION":{"IP_ADDRESS":"10.128.15.201","PORT":3389},"IS_OUTGOING":0,"PROTOCOL":"tcp4","SOURCE":{"IP_ADDRESS":"159.203.177.123","PORT":60176},"TIMESTAMP":1749523696173},{"DESTINATION":{"IP_ADDRESS":"10.128.15.201","PORT":3389},"IS_OUTGOING":0,"PROTOCOL":"tcp4","SOURCE":{"IP_ADDRESS":"45.227.253.61","PORT":28937},"TIMESTAMP":1749523696706},{"DESTINATION":{"IP_ADDRESS":"10.128.15.201","PORT":3389},"IS_OUTGOING":0,"PROTOCOL":"tcp4","SOURCE":{"IP_ADDRESS":"45.227.253.61","PORT":44774},"TIMESTAMP":1749523698566},{"DESTINATION":{"IP_ADDRESS":"10.128.15.201","PORT":3389},"IS_OUTGOING":0,"PROTOCOL":"tcp4","SOURCE":{"IP_ADDRESS":"194.180.48.29","PORT":2442},"TIMESTAMP":1749523700458},{"DESTINATION":{"IP_ADDRESS":"10.128.15.201","PORT":3389},"IS_OUTGOING":0,"PROTOCOL":"tcp4","SOURCE":{"IP_ADDRESS":"45.227.253.61","PORT":2316},"TIMESTAMP":1749523700458},{"DESTINATION":{"IP_ADDRESS":"10.128.15.201","PORT":3389},"IS_OUTGOING":0,"PROTOCOL":"tcp4","SOURCE":{"IP_ADDRESS":"45.227.253.61","PORT":19300},"TIMESTAMP":1749523702574}],"PARENT_PROCESS_ID":628,"PROCESS_ID":1000,"USER_NAME":"NT AUTHORITY\\NETWORK SERVICE"},"routing":{"arch":2,"did":"","event_id":"417aa369-a4f1-4b6a-ba24-fe3a3a23c032","event_time":1749523703215,"event_type":"NETWORK_CONNECTIONS","ext_ip":"34.171.104.183","hostname":"windows-server-2022-aac9c41d-e0a3-4e7e-88b8-33936ab93238-0.c.lc-demo-infra.internal.","iid":"09774cc8-cb43-4164-abd3-87230031c142","int_ip":"10.128.15.201","latency":4,"moduleid":2,"oid":"aac9c41d-e0a3-4e7e-88b8-33936ab93238","parent":"05ab479aa6538d9ae515552b68256120","plat":268435456,"sid":"17b8710a-7337-4e64-9c18-2955e86f2d0d","tags":["fim","lc:stable","windows"],"this":"bad695b2e5f445b64e60eade68479cf7"},"ts":"2025-06-10 02:48:23"}
{"event":{"COMMAND_LINE":"C:\\Windows\\system32\\svchost.exe -k NetworkService -p -s Dnscache","CREATION_TIME":1747280143905,"FILE_IS_SIGNED":1,"FILE_PATH":"C:\\Windows\\system32\\svchost.exe","HASH":"d7f10571f58adbe122f615b869eb42b05286770148067cbf88054c38f1bca4c4","NETWORK_ACTIVITY":[{"DESTINATION":{"IP_ADDRESS":"10.128.0.1","PORT":53},"IS_OUTGOING":1,"PROTOCOL":"udp4","SOURCE":{"IP_ADDRESS":"10.128.15.201","PORT":59450},"TIMESTAMP":1749523695783}],"PARENT_PROCESS_ID":628,"PROCESS_ID":1664,"USER_NAME":"NT AUTHORITY\\NETWORK SERVICE"},"routing":{"arch":2,"did":"","event_id":"8fd016b6-b964-4af3-a8af-5aa77a205893","event_time":1749523703215,"event_type":"NETWORK_CONNECTIONS","ext_ip":"34.171.104.183","hostname":"windows-server-2022-aac9c41d-e0a3-4e7e-88b8-33936ab93238-0.c.lc-demo-infra.internal.","iid":"09774cc8-cb43-4164-abd3-87230031c142","int_ip":"10.128.15.201","latency":5,"moduleid":2,"oid":"aac9c41d-e0a3-4e7e-88b8-33936ab93238","parent":"c5c7b27cabe36d9ede5463b468256120","plat":268435456,"sid":"17b8710a-7337-4e64-9c18-2955e86f2d0d","tags":["fim","lc:stable","windows"],"this":"be2b49170bc704951e90e38268479cf7"},"ts":"2025-06-10 02:48:23"}
{"event":{"COMMAND_LINE":"C:\\Windows\\System32\\svchost.exe -k utcsvc -p","CREATION_TIME":1747280144982,"FILE_IS_SIGNED":1,"FILE_PATH":"C:\\Windows\\System32\\svchost.exe","HASH":"d7f10571f58adbe122f615b869eb42b05286770148067cbf88054c38f1bca4c4","NETWORK_ACTIVITY":[{"DESTINATION":{"IP_ADDRESS":"20.189.173.17","PORT":443},"IS_OUTGOING":1,"PROTOCOL":"tcp4","SOURCE":{"IP_ADDRESS":"10.128.15.201","PORT":59580},"TIMESTAMP":1749523697456},{"DESTINATION":{"IP_ADDRESS":"20.189.173.17","PORT":443},"IS_OUTGOING":1,"PROTOCOL":"tcp4","SOURCE":{"IP_ADDRESS":"10.128.15.201","PORT":59583},"TIMESTAMP":1749523699691},{"DESTINATION":{"IP_ADDRESS":"20.189.173.17","PORT":443},"IS_OUTGOING":1,"PROTOCOL":"tcp4","SOURCE":{"IP_ADDRESS":"10.128.15.201","PORT":59585},"TIMESTAMP":1749523701995}],"PARENT_PROCESS_ID":628,"PROCESS_ID":2504,"USER_NAME":"NT AUTHORITY\\SYSTEM"},"routing":{"arch":2,"did":"","event_id":"e5ad623f-136e-467c-808d-51319ee22609","event_time":1749523703215,"event_type":"NETWORK_CONNECTIONS","ext_ip":"34.171.104.183","hostname":"windows-server-2022-aac9c41d-e0a3-4e7e-88b8-33936ab93238-0.c.lc-demo-infra.internal.","iid":"09774cc8-cb43-4164-abd3-87230031c142","int_ip":"10.128.15.201","latency":6,"moduleid":2,"oid":"aac9c41d-e0a3-4e7e-88b8-33936ab93238","parent":"bf2460adabfe277ff6f8ee7568256120","plat":268435456,"sid":"17b8710a-7337-4e64-9c18-2955e86f2d0d","tags":["fim","lc:stable","windows"],"this":"0efc644e5b468c09703858c868479cf7"},"ts":"2025-06-10 02:48:23"}
{"event":{"COMMAND_LINE":"C:\\Windows\\system32\\svchost.exe -k netsvcs -p -s wuauserv","FILE_IS_SIGNED":1,"FILE_PATH":"C:\\Windows\\system32\\svchost.exe","HASH":"d7f10571f58adbe122f615b869eb42b05286770148067cbf88054c38f1bca4c4","NETWORK_ACTIVITY":[{"DESTINATION":{"IP_ADDRESS":"134.33.185.96","PORT":443},"IS_OUTGOING":1,"PROTOCOL":"tcp4","SOURCE":{"IP_ADDRESS":"10.128.15.201","PORT":59581},"TIMESTAMP":1749523697972},{"DESTINATION":{"IP_ADDRESS":"20.242.39.171","PORT":443},"IS_OUTGOING":1,"PROTOCOL":"tcp4","SOURCE":{"IP_ADDRESS":"10.128.15.201","PORT":59582},"TIMESTAMP":1749523699223}],"PARENT_PROCESS_ID":628,"PROCESS_ID":5972,"USER_NAME":"NT AUTHORITY\\SYSTEM"},"routing":{"arch":2,"did":"","event_id":"a6b1e338-d962-4070-aef9-8100b2109f32","event_time":1749523703215,"event_type":"NETWORK_CONNECTIONS","ext_ip":"34.171.104.183","hostname":"windows-server-2022-aac9c41d-e0a3-4e7e-88b8-33936ab93238-0.c.lc-demo-infra.internal.","iid":"09774cc8-cb43-4164-abd3-87230031c142","int_ip":"10.128.15.201","latency":6,"moduleid":2,"oid":"aac9c41d-e0a3-4e7e-88b8-33936ab93238","parent":"e8698090a70b1d48652145dc68373e26","plat":268435456,"sid":"17b8710a-7337-4e64-9c18-2955e86f2d0d","tags":["fim","lc:stable","windows"],"this":"1685b67a4220d280158e4e2f68479cf7"},"ts":"2025-06-10 02:48:23"}
{"event":{"COMMAND_LINE":"C:\\ProgramData\\GooGet\\googet.exe update","FILE_IS_SIGNED":0,"FILE_PATH":"C:\\ProgramData\\GooGet\\googet.exe","HASH":"9ab693244ec4fe589fc54720c12385d443f4703237d4a28803df765042780297","NETWORK_ACTIVITY":[{"DESTINATION":{"IP_ADDRESS":"142.250.152.102","PORT":443},"IS_OUTGOING":1,"PROTOCOL":"tcp4","SOURCE":{"IP_ADDRESS":"10.128.15.201","PORT":59584},"TIMESTAMP":1749523701676}],"PARENT_PROCESS_ID":664,"PROCESS_ID":7624,"USER_NAME":"NT AUTHORITY\\SYSTEM"},"routing":{"arch":2,"did":"","event_id":"88adb3b4-2d37-4399-ac19-bda881d0a2d7","event_time":1749523703215,"event_type":"NETWORK_CONNECTIONS","ext_ip":"34.171.104.183","hostname":"windows-server-2022-aac9c41d-e0a3-4e7e-88b8-33936ab93238-0.c.lc-demo-infra.internal.","iid":"09774cc8-cb43-4164-abd3-87230031c142","int_ip":"10.128.15.201","latency":7,"moduleid":2,"oid":"aac9c41d-e0a3-4e7e-88b8-33936ab93238","parent":"a9637b7cc9df15b18e0e837268479cf5","plat":268435456,"sid":"17b8710a-7337-4e64-9c18-2955e86f2d0d","tags":["fim","lc:stable","windows"],"this":"60c59433e1e6611f788efd3c68479cf7"},"ts":"2025-06-10 02:48:23"}
{"event":{"ACTION":"modified","FILE_PATH":"C:\\Windows\\SoftwareDistribution\\DataStore\\Logs\\edb.log","HASH":"b9c51cf6f5b6033042c2855cb8c86cc389251652f751250497d94f4916d1282b","PROCESS":{"BASE_ADDRESS":140699902017536,"COMMAND_LINE":"C:\\Windows\\system32\\svchost.exe -k netsvcs -p -s wuauserv","FILE_IS_SIGNED":1,"FILE_PATH":"C:\\Windows\\system32\\svchost.exe","HASH":"d7f10571f58adbe122f615b869eb42b05286770148067cbf88054c38f1bca4c4","MEMORY_USAGE":26820608,"PARENT_ATOM":"b56d4120493c4260490c5b186825611e","PARENT_PROCESS_ID":628,"PROCESS_ID":5972,"THIS_ATOM":"e8698090a70b1d48652145dc68373e26","THREADS":20,"TIMESTAMP":1748450853376,"USER_NAME":"NT AUTHORITY\\SYSTEM"},"PROCESS_ID":5972},"routing":{"arch":2,"did":"","event_id":"07cceaf8-856b-4e19-960e-53718da42ed0","event_time":1749523703058,"event_type":"FIM_HIT","ext_ip":"34.171.104.183","hostname":"windows-server-2022-aac9c41d-e0a3-4e7e-88b8-33936ab93238-0.c.lc-demo-infra.internal.","iid":"09774cc8-cb43-4164-abd3-87230031c142","int_ip":"10.128.15.201","latency":702,"moduleid":2,"oid":"aac9c41d-e0a3-4e7e-88b8-33936ab93238","parent":"e8698090a70b1d48652145dc68373e26","plat":268435456,"sid":"17b8710a-7337-4e64-9c18-2955e86f2d0d","tags":["fim","lc:stable","windows"],"this":"4e6abc7814f6112ae550c9f968479cf7"},"ts":"2025-06-10 02:48:23"}
{"event":{"ACTION":"removed","FILE_PATH":"C:\\Windows\\Logs\\WindowsUpdate\\WindowsUpdate.20250528.164733.392.1278.etl","PROCESS":{"BASE_ADDRESS":140699902017536,"COMMAND_LINE":"C:\\Windows\\system32\\svchost.exe -k netsvcs -p -s wuauserv","FILE_IS_SIGNED":1,"FILE_PATH":"C:\\Windows\\system32\\svchost.exe","HASH":"d7f10571f58adbe122f615b869eb42b05286770148067cbf88054c38f1bca4c4","MEMORY_USAGE":26820608,"PARENT_ATOM":"b56d4120493c4260490c5b186825611e","PARENT_PROCESS_ID":628,"PROCESS_ID":5972,"THIS_ATOM":"e8698090a70b1d48652145dc68373e26","THREADS":20,"TIMESTAMP":1748450853376,"USER_NAME":"NT AUTHORITY\\SYSTEM"},"PROCESS_ID":5972},"routing":{"arch":2,"did":"","event_id":"9466e9c4-bb78-4961-9d9f-6d9928d5a04e","event_time":1749523703121,"event_type":"FIM_HIT","ext_ip":"34.171.104.183","hostname":"windows-server-2022-aac9c41d-e0a3-4e7e-88b8-33936ab93238-0.c.lc-demo-infra.internal.","iid":"09774cc8-cb43-4164-abd3-87230031c142","int_ip":"10.128.15.201","latency":639,"moduleid":2,"oid":"aac9c41d-e0a3-4e7e-88b8-33936ab93238","parent":"e8698090a70b1d48652145dc68373e26","plat":268435456,"sid":"17b8710a-7337-4e64-9c18-2955e86f2d0d","tags":["fim","lc:stable","windows"],"this":"bdd47fdc4de0678f0f8b8cb068479cf7"},"ts":"2025-06-10 02:48:23"}
{"event":{"COMMAND_LINE":"C:\\Windows\\system32\\cmd.exe /C whoami /groups","FILE_IS_SIGNED":1,"FILE_PATH":"C:\\Windows\\system32\\cmd.exe","HASH":"b99d61d874728edc0918ca0eb10eab93d381e7367e377406e65963366c874450","MEMORY_USAGE":36864,"PARENT":{"BASE_ADDRESS":140698865238016,"COMMAND_LINE":"C:\\Windows\\System32\\rundll32.exe","CREATION_TIME":1734629995072,"FILE_IS_SIGNED":1,"FILE_PATH":"C:\\Windows\\System32\\rundll32.exe","HASH":"b53f3c0cd32d7f20849850768da6431e5f876b7bfa61db0aa0700b02873393fa","MEMORY_USAGE":7294976,"PARENT_PROCESS_ID":2844,"PROCESS_ID":2232,"THIS_ATOM":"1f7d51435a96b7487a36ddd86818de60","THREADS":3,"TIMESTAMP":1746460256775,"USER_NAME":"NT AUTHORITY\\SYSTEM"},"PARENT_PROCESS_ID":2232,"PROCESS_ID":18188,"USER_NAME":"NT AUTHORITY\\SYSTEM"},"routing":{"arch":2,"did":"","event_id":"43ff1612-bf01-47fa-8a40-966fd80986c7","event_time":1749523703425,"event_type":"NEW_PROCESS","ext_ip":"34.58.90.170","hostname":"desktop-c2a1841.c.lc-demo-infra.internal.","iid":"09774cc8-cb43-4164-abd3-87230031c142","int_ip":"10.128.15.200","latency":437,"moduleid":2,"oid":"aac9c41d-e0a3-4e7e-88b8-33936ab93238","parent":"1f7d51435a96b7487a36ddd86818de60","plat":268435456,"sid":"c4ba6121-d13d-4871-82f8-4b5c5556761e","tags":["lc:testtag","windows"],"this":"7c0dd3735ead772c32922ffa68479cf7"},"ts":"2025-06-10 02:48:23"}
{"event":{"FILE_PATH":"C:\\Windows\\Prefetch\\TASKLIST.EXE-F58BCF08.pf","PROCESS_ID":1748},"routing":{"arch":2,"did":"","event_id":"773826a8-4c93-4c9a-90ca-87e8029527c7","event_time":1749523703925,"event_type":"FILE_MODIFIED","ext_ip":"34.58.90.170","hostname":"desktop-c2a1841.c.lc-demo-infra.internal.","iid":"09774cc8-cb43-4164-abd3-87230031c142","int_ip":"10.128.15.200","latency":16,"moduleid":2,"oid":"aac9c41d-e0a3-4e7e-88b8-33936ab93238","parent":"55ff55c5f3c5efdfb63413c16818de60","plat":268435456,"sid":"c4ba6121-d13d-4871-82f8-4b5c5556761e","tags":["lc:testtag","windows"],"this":"11cc0cce947b69758d2f9d1a68479cf7"},"ts":"2025-06-10 02:48:23"}
