{"event":{"EVENT":{"EventData":{"Data":"INFO : 2025/06/10 02:48:21.762139 googet_update.go:122: Update for package google-compute-engine-vss.x86_64, 1.1.9@56 installed and 1.1.10@3 available from https://packages.cloud.google.com/yuck/repos/google-compute-engine-stable."},"System":{"Channel":"Application","Computer":"windows-server-2022-aac9c41d-e0a3-4e7e-88b8-33936ab93238-0","Correlation":"","EventID":{"Qualifiers":"0","content":"1"},"EventRecordID":"70356","Execution":{"ProcessID":"0","ThreadID":"0"},"Keywords":"0x80000000000000","Level":"4","Opcode":"0","Provider":{"Name":"GooGet"},"Security":"","Task":"0","TimeCreated":{"SystemTime":"2025-06-10T02:48:21.7621395Z"},"Version":"0","_event_id":"1"}}},"routing":{"arch":2,"did":"","event_id":"971750db-8621-4156-8459-5abd01bb0ec9","event_time":1749523701762,"event_type":"WEL","ext_ip":"34.171.104.183","hostname":"windows-server-2022-aac9c41d-e0a3-4e7e-88b8-33936ab93238-0.c.lc-demo-infra.internal.","iid":"09774cc8-cb43-4164-abd3-87230031c142","int_ip":"10.128.15.201","latency":3,"moduleid":2,"oid":"aac9c41d-e0a3-4e7e-88b8-33936ab93238","plat":268435456,"sid":"17b8710a-7337-4e64-9c18-2955e86f2d0d","tags":["fim","lc:stable","windows"],"this":"ff708a9d17085104a4b0a9be68479cf5"},"ts":"2025-06-10 02:48:21"}
{"event":{"CNAME":"www3.l.google.com","DNS_TYPE":5,"DOMAIN_NAME":"packages.cloud.google.com","MESSAGE_ID":11915,"PROCESS_ID":1664},"routing":{"arch":2,"did":"","event_id":"4ddba19b-e472-4e83-a807-5c2ab768712f","event_time":1749523701673,"event_type":"DNS_REQUEST","ext_ip":"34.171.104.183","hostname":"windows-server-2022-aac9c41d-e0a3-4e7e-88b8-33936ab93238-0.c.lc-demo-infra.internal.","iid":"09774cc8-cb43-4164-abd3-87230031c142","int_ip":"10.128.15.201","latency":703,"moduleid":2,"oid":"aac9c41d-e0a3-4e7e-88b8-33936ab93238","parent":"c5c7b27cabe36d9ede5463b468256120","plat":268435456,"sid":"17b8710a-7337-4e64-9c18-2955e86f2d0d","tags":["fim","lc:stable","windows"],"this":"6f41d19c5f0c14c651bc46c168479cf6"},"ts":"2025-06-10 02:48:21"}
{"event":{"DNS_TYPE":1,"DOMAIN_NAME":"www3.l.google.com","IP_ADDRESS":"142.250.152.102","MESSAGE_ID":11915,"PROCESS_ID":1664},"routing":{"arch":2,"did":"","event_id":"72cc9113-6ca0-4ac7-a4e4-ad75783c4639","event_time":1749523701673,"event_type":"DNS_REQUEST","ext_ip":"34.171.104.183","hostname":"windows-server-2022-aac9c41d-e0a3-4e7e-88b8-33936ab93238-0.c.lc-demo-infra.internal.","iid":"09774cc8-cb43-4164-abd3-87230031c142","int_ip":"10.128.15.201","latency":703,"moduleid":2,"oid":"aac9c41d-e0a3-4e7e-88b8-33936ab93238","parent":"c5c7b27cabe36d9ede5463b468256120","plat":268435456,"sid":"17b8710a-7337-4e64-9c18-2955e86f2d0d","tags":["fim","lc:stable","windows"],"this":"1e88d82bb20875da4963356068479cf6"},"ts":"2025-06-10 02:48:21"}
{"event":{"DNS_TYPE":1,"DOMAIN_NAME":"www3.l.google.com","IP_ADDRESS":"142.250.152.113","MESSAGE_ID":11915,"PROCESS_ID":1664},"routing":{"arch":2,"did":"","event_id":"0e7809e5-7215-49cd-9b40-29ed7a420b2d","event_time":1749523701673,"event_type":"DNS_REQUEST","ext_ip":"34.171.104.183","hostname":"windows-server-2022-aac9c41d-e0a3-4e7e-88b8-33936ab93238-0.c.lc-demo-infra.internal.","iid":"09774cc8-cb43-4164-abd3-87230031c142","int_ip":"10.128.15.201","latency":703,"moduleid":2,"oid":"aac9c41d-e0a3-4e7e-88b8-33936ab93238","parent":"c5c7b27cabe36d9ede5463b468256120","plat":268435456,"sid":"17b8710a-7337-4e64-9c18-2955e86f2d0d","tags":["fim","lc:stable","windows"],"this":"06d5873a11814be67bbf47b868479cf6"},"ts":"2025-06-10 02:48:21"}
{"event":{"DNS_TYPE":1,"DOMAIN_NAME":"www3.l.google.com","IP_ADDRESS":"142.250.152.100","MESSAGE_ID":11915,"PROCESS_ID":1664},"routing":{"arch":2,"did":"","event_id":"a4afbfd6-ca54-4a8a-af7c-013b4dc80234","event_time":1749523701673,"event_type":"DNS_REQUEST","ext_ip":"34.171.104.183","hostname":"windows-server-2022-aac9c41d-e0a3-4e7e-88b8-33936ab93238-0.c.lc-demo-infra.internal.","iid":"09774cc8-cb43-4164-abd3-87230031c142","int_ip":"10.128.15.201","latency":703,"moduleid":2,"oid":"aac9c41d-e0a3-4e7e-88b8-33936ab93238","parent":"c5c7b27cabe36d9ede5463b468256120","plat":268435456,"sid":"17b8710a-7337-4e64-9c18-2955e86f2d0d","tags":["fim","lc:stable","windows"],"this":"d346beb9dc8ff5fd2ecb57ee68479cf6"},"ts":"2025-06-10 02:48:21"}
{"event":{"DNS_TYPE":1,"DOMAIN_NAME":"www3.l.google.com","IP_ADDRESS":"142.250.152.138","MESSAGE_ID":11915,"PROCESS_ID":1664},"routing":{"arch":2,"did":"","event_id":"80889a54-a292-43ae-8fbc-a558a5dbb33c","event_time":1749523701673,"event_type":"DNS_REQUEST","ext_ip":"34.171.104.183","hostname":"windows-server-2022-aac9c41d-e0a3-4e7e-88b8-33936ab93238-0.c.lc-demo-infra.internal.","iid":"09774cc8-cb43-4164-abd3-87230031c142","int_ip":"10.128.15.201","latency":704,"moduleid":2,"oid":"aac9c41d-e0a3-4e7e-88b8-33936ab93238","parent":"c5c7b27cabe36d9ede5463b468256120","plat":268435456,"sid":"17b8710a-7337-4e64-9c18-2955e86f2d0d","tags":["fim","lc:stable","windows"],"this":"e20a38c8f37d3ee071ae3f7068479cf6"},"ts":"2025-06-10 02:48:21"}
{"event":{"DNS_TYPE":1,"DOMAIN_NAME":"www3.l.google.com","IP_ADDRESS":"142.250.152.101","MESSAGE_ID":11915,"PROCESS_ID":1664},"routing":{"arch":2,"did":"","event_id":"f10d1d15-cafe-4ed2-9e69-3f7309e1ef6e","event_time":1749523701673,"event_type":"DNS_REQUEST","ext_ip":"34.171.104.183","hostname":"windows-server-2022-aac9c41d-e0a3-4e7e-88b8-33936ab93238-0.c.lc-demo-infra.internal.","iid":"09774cc8-cb43-4164-abd3-87230031c142","int_ip":"10.128.15.201","latency":706,"moduleid":2,"oid":"aac9c41d-e0a3-4e7e-88b8-33936ab93238","parent":"c5c7b27cabe36d9ede5463b468256120","plat":268435456,"sid":"17b8710a-7337-4e64-9c18-2955e86f2d0d","tags":["fim","lc:stable","windows"],"this":"09431f7da3e37301ce4d439e68479cf6"},"ts":"2025-06-10 02:48:21"}
{"event":{"DNS_TYPE":1,"DOMAIN_NAME":"www3.l.google.com","IP_ADDRESS":"142.250.152.139","MESSAGE_ID":11915,"PROCESS_ID":1664},"routing":{"arch":2,"did":"","event_id":"06b4a05b-df04-4a70-9e7e-9f3996a40cd4","event_time":1749523701673,"event_type":"DNS_REQUEST","ext_ip":"34.171.104.183","hostname":"windows-server-2022-aac9c41d-e0a3-4e7e-88b8-33936ab93238-0.c.lc-demo-infra.internal.","iid":"09774cc8-cb43-4164-abd3-87230031c142","int_ip":"10.128.15.201","latency":707,"moduleid":2,"oid":"aac9c41d-e0a3-4e7e-88b8-33936ab93238","parent":"c5c7b27cabe36d9ede5463b468256120","plat":268435456,"sid":"17b8710a-7337-4e64-9c18-2955e86f2d0d","tags":["fim","lc:stable","windows"],"this":"54120dadc78f276d6ed3281c68479cf6"},"ts":"2025-06-10 02:48:21"}
{"event":{"ACTION":"modified","FILE_PATH":"C:\\Windows\\Logs\\CBS\\CBS.log","HASH":"c23a34038bcb82c2ed0f71c87e285a2b73887e2af77f28a0ac1f66f555743a61","PROCESS":{"BASE_ADDRESS":140699317829632,"COMMAND_LINE":"C:\\Windows\\winsxs\\amd64_microsoft-windows-servicingstack_31bf3856ad364e35_10.0.20348.3691_none_b1bc9560f9934ed7\\TiWorker.exe -Embedding","FILE_IS_SIGNED":1,"FILE_PATH":"C:\\Windows\\winsxs\\amd64_microsoft-windows-servicingstack_31bf3856ad364e35_10.0.20348.3691_none_b1bc9560f9934ed7\\TiWorker.exe","HASH":"08301a417991545830b55eacf276dd3d47ad0a1559ae477c34a65031c4de3caf","MEMORY_USAGE":13463552,"PARENT_ATOM":"32ab94087088c4967913285d68256120","PARENT_PROCESS_ID":756,"PROCESS_ID":3756,"THIS_ATOM":"952e25b77f9aa92902ac360268479cf2","THREADS":8,"TIMESTAMP":1749523697737,"USER_NAME":"NT AUTHORITY\\SYSTEM"},"PROCESS_ID":3756},"routing":{"arch":2,"did":"","event_id":"c44b164b-721a-41c6-be4d-94c02cf68b6e","event_time":1749523701428,"event_type":"FIM_HIT","ext_ip":"34.171.104.183","hostname":"windows-server-2022-aac9c41d-e0a3-4e7e-88b8-33936ab93238-0.c.lc-demo-infra.internal.","iid":"09774cc8-cb43-4164-abd3-87230031c142","int_ip":"10.128.15.201","latency":987,"moduleid":2,"oid":"aac9c41d-e0a3-4e7e-88b8-33936ab93238","parent":"952e25b77f9aa92902ac360268479cf2","plat":268435456,"sid":"17b8710a-7337-4e64-9c18-2955e86f2d0d","tags":["fim","lc:stable","windows"],"this":"b0c637f8470ab9980700fbe568479cf6"},"ts":"2025-06-10 02:48:21"}
{"event":{"ACTION":"added","FILE_PATH":"C:\\ProgramData\\GooGet\\googet.lock","PROCESS":{"BASE_ADDRESS":8388608,"COMMAND_LINE":"C:\\ProgramData\\GooGet\\googet.exe update","FILE_IS_SIGNED":0,"FILE_PATH":"C:\\ProgramData\\GooGet\\googet.exe","HASH":"9ab693244ec4fe589fc54720c12385d443f4703237d4a28803df765042780297","MEMORY_USAGE":15966208,"PARENT_ATOM":"e583082c3131f150bbd6f25e6825611e","PARENT_PROCESS_ID":664,"PROCESS_ID":7624,"THIS_ATOM":"a9637b7cc9df15b18e0e837268479cf5","THREADS":7,"TIMESTAMP":1749523701601,"USER_NAME":"NT AUTHORITY\\SYSTEM"},"PROCESS_ID":7624},"routing":{"arch":2,"did":"","event_id":"fd656090-8656-4ff8-97ca-1c47c5da5a2a","event_time":1749523701659,"event_type":"FIM_HIT","ext_ip":"34.171.104.183","hostname":"windows-server-2022-aac9c41d-e0a3-4e7e-88b8-33936ab93238-0.c.lc-demo-infra.internal.","iid":"09774cc8-cb43-4164-abd3-87230031c142","int_ip":"10.128.15.201","latency":759,"moduleid":2,"oid":"aac9c41d-e0a3-4e7e-88b8-33936ab93238","parent":"a9637b7cc9df15b18e0e837268479cf5","plat":268435456,"sid":"17b8710a-7337-4e64-9c18-2955e86f2d0d","tags":["fim","lc:stable","windows"],"this":"053ad6d2143c1978ad910ac568479cf6"},"ts":"2025-06-10 02:48:21"}
{"event":{"ACTION":"modified","FILE_PATH":"C:\\ProgramData\\GooGet\\googet.log","HASH":"7a4d6861bad382ec8cb94687d9a7099191ba176d44c615d3b90b1e1266fd9eda","PROCESS":{"BASE_ADDRESS":8388608,"COMMAND_LINE":"C:\\ProgramData\\GooGet\\googet.exe update","FILE_IS_SIGNED":0,"FILE_PATH":"C:\\ProgramData\\GooGet\\googet.exe","HASH":"9ab693244ec4fe589fc54720c12385d443f4703237d4a28803df765042780297","MEMORY_USAGE":15966208,"PARENT_ATOM":"e583082c3131f150bbd6f25e6825611e","PARENT_PROCESS_ID":664,"PROCESS_ID":7624,"THIS_ATOM":"a9637b7cc9df15b18e0e837268479cf5","THREADS":7,"TIMESTAMP":1749523701601,"USER_NAME":"NT AUTHORITY\\SYSTEM"},"PROCESS_ID":7624},"routing":{"arch":2,"did":"","event_id":"fbf70513-1e16-414d-80ed-983d2317e9d8","event_time":1749523701664,"event_type":"FIM_HIT","ext_ip":"34.171.104.183","hostname":"windows-server-2022-aac9c41d-e0a3-4e7e-88b8-33936ab93238-0.c.lc-demo-infra.internal.","iid":"09774cc8-cb43-4164-abd3-87230031c142","int_ip":"10.128.15.201","latency":824,"moduleid":2,"oid":"aac9c41d-e0a3-4e7e-88b8-33936ab93238","parent":"a9637b7cc9df15b18e0e837268479cf5","plat":268435456,"sid":"17b8710a-7337-4e64-9c18-2955e86f2d0d","tags":["fim","lc:stable","windows"],"this":"fac2b6ece02d77ca80b64d9268479cf6"},"ts":"2025-06-10 02:48:21"}
{"event":{"ACTION":"modified","FILE_PATH":"C:\\ProgramData\\GooGet\\cache\\d1113db916c9bf34f48262f24f2e7e0392d14d5409e4dcff26b3aa26ef8ea1c4.rs","HASH":"062460287ccf5defb0e98dad59f17a62ab4731a6bdcb0a0a864a1104b2d9062f","PROCESS":{"BASE_ADDRESS":8388608,"COMMAND_LINE":"C:\\ProgramData\\GooGet\\googet.exe update","FILE_IS_SIGNED":0,"FILE_PATH":"C:\\ProgramData\\GooGet\\googet.exe","HASH":"9ab693244ec4fe589fc54720c12385d443f4703237d4a28803df765042780297","MEMORY_USAGE":15966208,"PARENT_ATOM":"e583082c3131f150bbd6f25e6825611e","PARENT_PROCESS_ID":664,"PROCESS_ID":7624,"THIS_ATOM":"a9637b7cc9df15b18e0e837268479cf5","THREADS":7,"TIMESTAMP":1749523701601,"USER_NAME":"NT AUTHORITY\\SYSTEM"},"PROCESS_ID":7624},"routing":{"arch":2,"did":"","event_id":"71d0225c-4981-4798-81c1-d40041a94eac","event_time":1749523701745,"event_type":"FIM_HIT","ext_ip":"34.171.104.183","hostname":"windows-server-2022-aac9c41d-e0a3-4e7e-88b8-33936ab93238-0.c.lc-demo-infra.internal.","iid":"09774cc8-cb43-4164-abd3-87230031c142","int_ip":"10.128.15.201","latency":745,"moduleid":2,"oid":"aac9c41d-e0a3-4e7e-88b8-33936ab93238","parent":"a9637b7cc9df15b18e0e837268479cf5","plat":268435456,"sid":"17b8710a-7337-4e64-9c18-2955e86f2d0d","tags":["fim","lc:stable","windows"],"this":"556ad7f72e5c6a12d639992e68479cf6"},"ts":"2025-06-10 02:48:21"}
{"event":{"ACTION":"modified","FILE_PATH":"C:\\ProgramData\\GooGet\\cache\\d1113db916c9bf34f48262f24f2e7e0392d14d5409e4dcff26b3aa26ef8ea1c4.url","HASH":"d1113db916c9bf34f48262f24f2e7e0392d14d5409e4dcff26b3aa26ef8ea1c4","PROCESS":{"BASE_ADDRESS":8388608,"COMMAND_LINE":"C:\\ProgramData\\GooGet\\googet.exe update","FILE_IS_SIGNED":0,"FILE_PATH":"C:\\ProgramData\\GooGet\\googet.exe","HASH":"9ab693244ec4fe589fc54720c12385d443f4703237d4a28803df765042780297","MEMORY_USAGE":15966208,"PARENT_ATOM":"e583082c3131f150bbd6f25e6825611e","PARENT_PROCESS_ID":664,"PROCESS_ID":7624,"THIS_ATOM":"a9637b7cc9df15b18e0e837268479cf5","THREADS":7,"TIMESTAMP":1749523701601,"USER_NAME":"NT AUTHORITY\\SYSTEM"},"PROCESS_ID":7624},"routing":{"arch":2,"did":"","event_id":"c9de0eba-47cc-45aa-8f3b-ea98f6516a17","event_time":1749523701745,"event_type":"FIM_HIT","ext_ip":"34.171.104.183","hostname":"windows-server-2022-aac9c41d-e0a3-4e7e-88b8-33936ab93238-0.c.lc-demo-infra.internal.","iid":"09774cc8-cb43-4164-abd3-87230031c142","int_ip":"10.128.15.201","latency":746,"moduleid":2,"oid":"aac9c41d-e0a3-4e7e-88b8-33936ab93238","parent":"a9637b7cc9df15b18e0e837268479cf5","plat":268435456,"sid":"17b8710a-7337-4e64-9c18-2955e86f2d0d","tags":["fim","lc:stable","windows"],"this":"c92c7ce94ffd4d3e32e35ff168479cf6"},"ts":"2025-06-10 02:48:21"}
{"event":{"ACTION":"removed","FILE_PATH":"C:\\ProgramData\\GooGet\\googet.lock","PROCESS":{"BASE_ADDRESS":8388608,"COMMAND_LINE":"C:\\ProgramData\\GooGet\\googet.exe update","FILE_IS_SIGNED":0,"FILE_PATH":"C:\\ProgramData\\GooGet\\googet.exe","HASH":"9ab693244ec4fe589fc54720c12385d443f4703237d4a28803df765042780297","MEMORY_USAGE":15966208,"PARENT_ATOM":"e583082c3131f150bbd6f25e6825611e","PARENT_PROCESS_ID":664,"PROCESS_ID":7624,"THIS_ATOM":"a9637b7cc9df15b18e0e837268479cf5","THREADS":7,"TIMESTAMP":1749523701601,"USER_NAME":"NT AUTHORITY\\SYSTEM"},"PROCESS_ID":7624},"routing":{"arch":2,"did":"","event_id":"fea0c111-1cec-42a2-952f-5b9a42524a80","event_time":1749523701762,"event_type":"FIM_HIT","ext_ip":"34.171.104.183","hostname":"windows-server-2022-aac9c41d-e0a3-4e7e-88b8-33936ab93238-0.c.lc-demo-infra.internal.","iid":"09774cc8-cb43-4164-abd3-87230031c142","int_ip":"10.128.15.201","latency":730,"moduleid":2,"oid":"aac9c41d-e0a3-4e7e-88b8-33936ab93238","parent":"a9637b7cc9df15b18e0e837268479cf5","plat":268435456,"sid":"17b8710a-7337-4e64-9c18-2955e86f2d0d","tags":["fim","lc:stable","windows"],"this":"c60c70b85aaf8623a3af4b2368479cf6"},"ts":"2025-06-10 02:48:21"}
{"event":{"BASE_ADDRESS":2162688,"COMMAND_LINE":"\"C:\\Program Files\\Google\\OSConfig\\google_osconfig_agent.exe\" wuaupdates IsInstalled=0","FILE_IS_SIGNED":1,"FILE_PATH":"C:\\Program Files\\Google\\OSConfig\\google_osconfig_agent.exe","HASH":"5749b2693aaf2042fb068b00ee5b29614b738545f9f3bcc9028597a49d7a3714","MEMORY_USAGE":23642112,"PARENT":{"BASE_ADDRESS":2162688,"COMMAND_LINE":"\"C:\\Program Files\\Google\\OSConfig\\google_osconfig_agent.exe\"","CREATION_TIME":1747280143066,"FILE_IS_SIGNED":1,"FILE_PATH":"C:\\Program Files\\Google\\OSConfig\\google_osconfig_agent.exe","HASH":"5749b2693aaf2042fb068b00ee5b29614b738545f9f3bcc9028597a49d7a3714","MEMORY_USAGE":21397504,"PARENT_ATOM":"b56d4120493c4260490c5b186825611e","PARENT_PROCESS_ID":628,"PROCESS_ID":664,"THIS_ATOM":"e583082c3131f150bbd6f25e6825611e","THREADS":13,"TIMESTAMP":1747280158629,"USER_NAME":"NT AUTHORITY\\SYSTEM"},"PARENT_PROCESS_ID":664,"PROCESS_ID":748,"THREADS":12,"USER_NAME":"NT AUTHORITY\\SYSTEM"},"routing":{"arch":2,"did":"","event_id":"91c316a7-0329-4441-82c5-ef3be313f2e6","event_time":1749523701794,"event_type":"NEW_PROCESS","ext_ip":"34.171.104.183","hostname":"windows-server-2022-aac9c41d-e0a3-4e7e-88b8-33936ab93238-0.c.lc-demo-infra.internal.","iid":"09774cc8-cb43-4164-abd3-87230031c142","int_ip":"10.128.15.201","latency":993,"moduleid":2,"oid":"aac9c41d-e0a3-4e7e-88b8-33936ab93238","parent":"e583082c3131f150bbd6f25e6825611e","plat":268435456,"sid":"17b8710a-7337-4e64-9c18-2955e86f2d0d","tags":["fim","lc:stable","windows"],"this":"8ef10afa6b47874502a90bd168479cf6"},"ts":"2025-06-10 02:48:21"}
{"event":{"BASE_ADDRESS":140700357165056,"COMMAND_LINE":"\\??\\C:\\Windows\\system32\\conhost.exe 0xffffffff -ForceV1","FILE_IS_SIGNED":1,"FILE_PATH":"C:\\Windows\\System32\\Conhost.exe","HASH":"91c5c21d07fbc2f5344dc2a5e9e0b83a9f051f92d3dc2b25ff1c18ad96ae773a","MEMORY_USAGE":13864960,"PARENT":{"BASE_ADDRESS":2162688,"COMMAND_LINE":"\"C:\\Program Files\\Google\\OSConfig\\google_osconfig_agent.exe\" wuaupdates IsInstalled=0","FILE_IS_SIGNED":1,"FILE_PATH":"C:\\Program Files\\Google\\OSConfig\\google_osconfig_agent.exe","HASH":"5749b2693aaf2042fb068b00ee5b29614b738545f9f3bcc9028597a49d7a3714","MEMORY_USAGE":23642112,"PARENT_ATOM":"e583082c3131f150bbd6f25e6825611e","PARENT_PROCESS_ID":664,"PROCESS_ID":748,"THIS_ATOM":"8ef10afa6b47874502a90bd168479cf6","THREADS":12,"TIMESTAMP":1749523701794,"USER_NAME":"NT AUTHORITY\\SYSTEM"},"PARENT_PROCESS_ID":748,"PROCESS_ID":7952,"THREADS":6,"USER_NAME":"NT AUTHORITY\\SYSTEM"},"routing":{"arch":2,"did":"","event_id":"14c392c2-c68f-4074-b1b9-3fef9e27217b","event_time":1749523701798,"event_type":"NEW_PROCESS","ext_ip":"34.171.104.183","hostname":"windows-server-2022-aac9c41d-e0a3-4e7e-88b8-33936ab93238-0.c.lc-demo-infra.internal.","iid":"09774cc8-cb43-4164-abd3-87230031c142","int_ip":"10.128.15.201","latency":998,"moduleid":2,"oid":"aac9c41d-e0a3-4e7e-88b8-33936ab93238","parent":"8ef10afa6b47874502a90bd168479cf6","plat":268435456,"sid":"17b8710a-7337-4e64-9c18-2955e86f2d0d","tags":["fim","lc:stable","windows"],"this":"c71767c678e327680bd990f768479cf6"},"ts":"2025-06-10 02:48:21"}
{"event":{"EVENT":{"EventData":{"AuthenticationPackageName":"NTLM","FailureReason":"%%2313","IpAddress":"45.227.253.61","IpPort":"0","KeyLength":"0","LmPackageName":"-","LogonProcessName":"NtLmSsp","LogonType":"3","ProcessId":"0x0","ProcessName":"-","Status":"0xc000006d","SubStatus":"0xc0000064","SubjectDomainName":"-","SubjectLogonId":"0x0","SubjectUserName":"-","SubjectUserSid":"S-1-0-0","TargetDomainName":"WINDOWS-SERVER-2022-AAC9C41D-E0A3-4E7E-88B8-33936AB93238-0","TargetUserName":"Admin","TargetUserSid":"S-1-0-0","TransmittedServices":"-","WorkstationName":"WIN-56DH2BBHACU"},"System":{"Channel":"Security","Computer":"windows-server-2022-aac9c41d-e0a3-4e7e-88b8-33936ab93238-0","Correlation":{"ActivityID":"{55ae049b-37ef-0001-ee39-a76a4ac5db01}"},"EventID":"4625","EventRecordID":"4417904","Execution":{"ProcessID":"648","ThreadID":"2096"},"Keywords":"0x8010000000000000","Level":"0","Opcode":"0","Provider":{"Guid":"{54849625-5478-4994-a5ba-3e3b0328c30d}","Name":"Microsoft-Windows-Security-Auditing"},"Security":"","Task":"12544","TimeCreated":{"SystemTime":"2025-06-10T02:48:19.3393484Z"},"Version":"0","_event_id":"4625"}}},"routing":{"arch":2,"did":"","event_id":"202f6eab-3b12-4808-a612-63983bb212a4","event_time":1749523700333,"event_type":"WEL","ext_ip":"34.171.104.183","hostname":"windows-server-2022-aac9c41d-e0a3-4e7e-88b8-33936ab93238-0.c.lc-demo-infra.internal.","iid":"09774cc8-cb43-4164-abd3-87230031c142","int_ip":"10.128.15.201","latency":2,"moduleid":2,"oid":"aac9c41d-e0a3-4e7e-88b8-33936ab93238","plat":268435456,"sid":"17b8710a-7337-4e64-9c18-2955e86f2d0d","tags":["fim","lc:stable","windows"],"this":"bb2c367aa3696f41afd995f568479cf4"},"ts":"2025-06-10 02:48:20"}
{"event":{"CNAME":"fe3.delivery.mp.microsoft.com","DNS_TYPE":5,"DOMAIN_NAME":"fe3cr.delivery.mp.microsoft.com","MESSAGE_ID":17394,"PROCESS_ID":1664},"routing":{"arch":2,"did":"","event_id":"fabbcb89-a3a6-4d6e-a471-1eb90135fc1b","event_time":1749523699223,"event_type":"DNS_REQUEST","ext_ip":"34.171.104.183","hostname":"windows-server-2022-aac9c41d-e0a3-4e7e-88b8-33936ab93238-0.c.lc-demo-infra.internal.","iid":"09774cc8-cb43-4164-abd3-87230031c142","int_ip":"10.128.15.201","latency":142,"moduleid":2,"oid":"aac9c41d-e0a3-4e7e-88b8-33936ab93238","parent":"c5c7b27cabe36d9ede5463b468256120","plat":268435456,"sid":"17b8710a-7337-4e64-9c18-2955e86f2d0d","tags":["fim","lc:stable","windows"],"this":"cab33025f28a9b2f971b887068479cf3"},"ts":"2025-06-10 02:48:19"}
{"event":{"CNAME":"glb.cws.prod.dcat.dsp.trafficmanager.net","DNS_TYPE":5,"DOMAIN_NAME":"fe3.delivery.mp.microsoft.com","MESSAGE_ID":17394,"PROCESS_ID":1664},"routing":{"arch":2,"did":"","event_id":"8705f6ea-d3a3-42ed-99d0-da1d55a409c7","event_time":1749523699223,"event_type":"DNS_REQUEST","ext_ip":"34.171.104.183","hostname":"windows-server-2022-aac9c41d-e0a3-4e7e-88b8-33936ab93238-0.c.lc-demo-infra.internal.","iid":"09774cc8-cb43-4164-abd3-87230031c142","int_ip":"10.128.15.201","latency":143,"moduleid":2,"oid":"aac9c41d-e0a3-4e7e-88b8-33936ab93238","parent":"c5c7b27cabe36d9ede5463b468256120","plat":268435456,"sid":"17b8710a-7337-4e64-9c18-2955e86f2d0d","tags":["fim","lc:stable","windows"],"this":"cf2e93fb02ecc689ccc68b5568479cf3"},"ts":"2025-06-10 02:48:19"}
{"event":{"DNS_TYPE":1,"DOMAIN_NAME":"glb.cws.prod.dcat.dsp.trafficmanager.net","IP_ADDRESS":"20.242.39.171","MESSAGE_ID":17394,"PROCESS_ID":1664},"routing":{"arch":2,"did":"","event_id":"0c854e27-0d38-46a7-b2e3-b35a9326fd33","event_time":1749523699223,"event_type":"DNS_REQUEST","ext_ip":"34.171.104.183","hostname":"windows-server-2022-aac9c41d-e0a3-4e7e-88b8-33936ab93238-0.c.lc-demo-infra.internal.","iid":"09774cc8-cb43-4164-abd3-87230031c142","int_ip":"10.128.15.201","latency":143,"moduleid":2,"oid":"aac9c41d-e0a3-4e7e-88b8-33936ab93238","parent":"c5c7b27cabe36d9ede5463b468256120","plat":268435456,"sid":"17b8710a-7337-4e64-9c18-2955e86f2d0d","tags":["fim","lc:stable","windows"],"this":"451c87a980e63396b80cd1ae68479cf3"},"ts":"2025-06-10 02:48:19"}
{"event":{"ACTION":"added","FILE_PATH":"C:\\Windows\\Logs\\WindowsUpdate\\WindowsUpdate.20250528.164733.392.1308.etl","HASH":"a79039de89356fb84732a0a1583a858b47bb718a4022a3fc6549ed16621e841e","PROCESS":{"MEMORY_USAGE":139264,"PARENT_PROCESS_ID":0,"PROCESS_ID":4,"THIS_ATOM":"d828e3a86ac48000b8808c7f6825611e","THREADS":91,"TIMESTAMP":1747280158364,"USER_NAME":"NT AUTHORITY\\SYSTEM"},"PROCESS_ID":4},"routing":{"arch":2,"did":"","event_id":"a74dde43-6c79-4154-9abf-9e50a58b7b0e","event_time":1749523699160,"event_type":"FIM_HIT","ext_ip":"34.171.104.183","hostname":"windows-server-2022-aac9c41d-e0a3-4e7e-88b8-33936ab93238-0.c.lc-demo-infra.internal.","iid":"09774cc8-cb43-4164-abd3-87230031c142","int_ip":"10.128.15.201","latency":1121,"moduleid":2,"oid":"aac9c41d-e0a3-4e7e-88b8-33936ab93238","parent":"d828e3a86ac48000b8808c7f6825611e","plat":268435456,"sid":"17b8710a-7337-4e64-9c18-2955e86f2d0d","tags":["fim","lc:stable","windows"],"this":"52758d0eb02944cb1014202468479cf4"},"ts":"2025-06-10 02:48:19"}
{"event":{"ACTION":"modified","FILE_PATH":"C:\\Windows\\SoftwareDistribution\\DataStore\\Logs\\edb.log","HASH":"56693fe83ba0fb0353de30be1818731e6a68693e1ee20827da5fab96eea1af11","PROCESS":{"BASE_ADDRESS":140699902017536,"COMMAND_LINE":"C:\\Windows\\system32\\svchost.exe -k netsvcs -p -s wuauserv","FILE_IS_SIGNED":1,"FILE_PATH":"C:\\Windows\\system32\\svchost.exe","HASH":"d7f10571f58adbe122f615b869eb42b05286770148067cbf88054c38f1bca4c4","MEMORY_USAGE":26820608,"PARENT_ATOM":"b56d4120493c4260490c5b186825611e","PARENT_PROCESS_ID":628,"PROCESS_ID":5972,"THIS_ATOM":"e8698090a70b1d48652145dc68373e26","THREADS":20,"TIMESTAMP":1748450853376,"USER_NAME":"NT AUTHORITY\\SYSTEM"},"PROCESS_ID":5972},"routing":{"arch":2,"did":"","event_id":"aef6364f-a1d6-43ad-b244-d5cc05c0a847","event_time":1749523699770,"event_type":"FIM_HIT","ext_ip":"34.171.104.183","hostname":"windows-server-2022-aac9c41d-e0a3-4e7e-88b8-33936ab93238-0.c.lc-demo-infra.internal.","iid":"09774cc8-cb43-4164-abd3-87230031c142","int_ip":"10.128.15.201","latency":528,"moduleid":2,"oid":"aac9c41d-e0a3-4e7e-88b8-33936ab93238","parent":"e8698090a70b1d48652145dc68373e26","plat":268435456,"sid":"17b8710a-7337-4e64-9c18-2955e86f2d0d","tags":["fim","lc:stable","windows"],"this":"7a3225de042349a4a56301c068479cf4"},"ts":"2025-06-10 02:48:19"}
{"event":{"COMMAND_LINE":"C:\\Windows\\System32\\svchost.exe -k NetworkService -s TermService","CREATION_TIME":1734629976659,"FILE_IS_SIGNED":1,"FILE_PATH":"C:\\Windows\\System32\\svchost.exe","HASH":"add683a6910abbbf0e28b557fad0ba998166394932ae2aca069d9aa19ea8fe88","NETWORK_ACTIVITY":[{"DESTINATION":{"IP_ADDRESS":"10.128.15.200","PORT":3389},"IS_OUTGOING":0,"PROTOCOL":"tcp4","SOURCE":{"IP_ADDRESS":"58.97.5.203","PORT":63123},"TIMESTAMP":1749523668209},{"DESTINATION":{"IP_ADDRESS":"10.128.15.200","PORT":3389},"IS_OUTGOING":0,"PROTOCOL":"tcp4","SOURCE":{"IP_ADDRESS":"38.210.210.44","PORT":58455},"TIMESTAMP":1749523676233},{"DESTINATION":{"IP_ADDRESS":"10.128.15.200","PORT":3389},"IS_OUTGOING":0,"PROTOCOL":"tcp4","SOURCE":{"IP_ADDRESS":"41.59.227.213","PORT":12887},"TIMESTAMP":1749523677046},{"DESTINATION":{"IP_ADDRESS":"10.128.15.200","PORT":3389},"IS_OUTGOING":0,"PROTOCOL":"tcp4","SOURCE":{"IP_ADDRESS":"194.180.48.29","PORT":14821},"TIMESTAMP":1749523685338},{"DESTINATION":{"IP_ADDRESS":"10.128.15.200","PORT":3389},"IS_OUTGOING":0,"PROTOCOL":"tcp4","SOURCE":{"IP_ADDRESS":"194.180.48.29","PORT":49648},"TIMESTAMP":1749523696632}],"PARENT_PROCESS_ID":624,"PROCESS_ID":724,"USER_NAME":"NT AUTHORITY\\NETWORK SERVICE"},"routing":{"arch":2,"did":"","event_id":"6f233a2b-bdef-4482-93bb-7f45ba97da3c","event_time":1749523699418,"event_type":"NETWORK_CONNECTIONS","ext_ip":"34.58.90.170","hostname":"desktop-c2a1841.c.lc-demo-infra.internal.","iid":"09774cc8-cb43-4164-abd3-87230031c142","int_ip":"10.128.15.200","latency":-30,"moduleid":2,"oid":"aac9c41d-e0a3-4e7e-88b8-33936ab93238","parent":"ebe07115d0a293acb22d4c106818de5e","plat":268435456,"sid":"c4ba6121-d13d-4871-82f8-4b5c5556761e","tags":["lc:testtag","windows"],"this":"8edd7d89e296ad23fd2fee0e68479cf3"},"ts":"2025-06-10 02:48:19"}
{"event":{"COMMAND_LINE":"C:\\Windows\\system32\\svchost.exe -k LocalService -s W32Time","CREATION_TIME":1734629977351,"FILE_IS_SIGNED":1,"FILE_PATH":"C:\\Windows\\system32\\svchost.exe","HASH":"add683a6910abbbf0e28b557fad0ba998166394932ae2aca069d9aa19ea8fe88","NETWORK_ACTIVITY":[{"DESTINATION":{"IP_ADDRESS":"169.254.169.254","PORT":123},"IS_OUTGOING":1,"PROTOCOL":"udp4","SOURCE":{"IP_ADDRESS":"10.128.15.200","PORT":123},"TIMESTAMP":1749523682006}],"PARENT_PROCESS_ID":624,"PROCESS_ID":1700,"USER_NAME":"NT AUTHORITY\\LOCAL SERVICE"},"routing":{"arch":2,"did":"","event_id":"34aab6c1-7cc8-48f4-99e8-6f2ffa9669a8","event_time":1749523699418,"event_type":"NETWORK_CONNECTIONS","ext_ip":"34.58.90.170","hostname":"desktop-c2a1841.c.lc-demo-infra.internal.","iid":"09774cc8-cb43-4164-abd3-87230031c142","int_ip":"10.128.15.200","latency":-27,"moduleid":2,"oid":"aac9c41d-e0a3-4e7e-88b8-33936ab93238","parent":"00932aee1fa7975d2ec0b08a6818de60","plat":268435456,"sid":"c4ba6121-d13d-4871-82f8-4b5c5556761e","tags":["lc:testtag","windows"],"this":"a5e7b4af6b73df2ac4eefdcf68479cf3"},"ts":"2025-06-10 02:48:19"}
{"event":{"EVENT":{"EventData":{"AuthenticationPackageName":"NTLM","FailureReason":"%%2313","IpAddress":"45.227.253.61","IpPort":"0","KeyLength":"0","LmPackageName":"-","LogonProcessName":"NtLmSsp","LogonType":"3","ProcessId":"0x0","ProcessName":"-","Status":"0xc000006d","SubStatus":"0xc0000064","SubjectDomainName":"-","SubjectLogonId":"0x0","SubjectUserName":"-","SubjectUserSid":"S-1-0-0","TargetDomainName":"WINDOWS-SERVER-2022-AAC9C41D-E0A3-4E7E-88B8-33936AB93238-0","TargetUserName":"Admin","TargetUserSid":"S-1-0-0","TransmittedServices":"-","WorkstationName":"WIN-56DH2BBHACU"},"System":{"Channel":"Security","Computer":"windows-server-2022-aac9c41d-e0a3-4e7e-88b8-33936ab93238-0","Correlation":{"ActivityID":"{55ae049b-37ef-0001-ee39-a76a4ac5db01}"},"EventID":"4625","EventRecordID":"4417901","Execution":{"ProcessID":"648","ThreadID":"2096"},"Keywords":"0x8010000000000000","Level":"0","Opcode":"0","Provider":{"Guid":"{54849625-5478-4994-a5ba-3e3b0328c30d}","Name":"Microsoft-Windows-Security-Auditing"},"Security":"","Task":"12544","TimeCreated":{"SystemTime":"2025-06-10T02:48:17.4431910Z"},"Version":"0","_event_id":"4625"}}},"routing":{"arch":2,"did":"","event_id":"f230e4b2-dbca-40d3-a6b2-0e18aaf542c5","event_time":1749523698441,"event_type":"WEL","ext_ip":"34.171.104.183","hostname":"windows-server-2022-aac9c41d-e0a3-4e7e-88b8-33936ab93238-0.c.lc-demo-infra.internal.","iid":"09774cc8-cb43-4164-abd3-87230031c142","int_ip":"10.128.15.201","latency":3,"moduleid":2,"oid":"aac9c41d-e0a3-4e7e-88b8-33936ab93238","plat":268435456,"sid":"17b8710a-7337-4e64-9c18-2955e86f2d0d","tags":["fim","lc:stable","windows"],"this":"234bc4712c482608e637ca4b68479cf2"},"ts":"2025-06-10 02:48:18"}
{"event":{"EVENT":{"EventData":{"AuthenticationPackageName":"Negotiate","ElevatedToken":"%%1842","ImpersonationLevel":"%%1833","IpAddress":"-","IpPort":"-","KeyLength":"0","LmPackageName":"-","LogonGuid":"{00000000-0000-0000-0000-000000000000}","LogonProcessName":"Advapi","LogonType":"5","ProcessId":"0x274","ProcessName":"C:\\Windows\\System32\\services.exe","RestrictedAdminMode":"-","SubjectDomainName":"WORKGROUP","SubjectLogonId":"0x3e7","SubjectUserName":"WINDOWS-SERVER-$","SubjectUserSid":"S-1-5-18","TargetDomainName":"NT AUTHORITY","TargetLinkedLogonId":"0x0","TargetLogonId":"0x3e7","TargetOutboundDomainName":"-","TargetOutboundUserName":"-","TargetUserName":"SYSTEM","TargetUserSid":"S-1-5-18","TransmittedServices":"-","VirtualAccount":"%%1843","WorkstationName":"-"},"System":{"Channel":"Security","Computer":"windows-server-2022-aac9c41d-e0a3-4e7e-88b8-33936ab93238-0","Correlation":{"ActivityID":"{55ae049b-37ef-0001-ee39-a76a4ac5db01}"},"EventID":"4624","EventRecordID":"4417902","Execution":{"ProcessID":"648","ThreadID":"8848"},"Keywords":"0x8020000000000000","Level":"0","Opcode":"0","Provider":{"Guid":"{54849625-5478-4994-a5ba-3e3b0328c30d}","Name":"Microsoft-Windows-Security-Auditing"},"Security":"","Task":"12544","TimeCreated":{"SystemTime":"2025-06-10T02:48:17.7050369Z"},"Version":"2","_event_id":"4624"}}},"routing":{"arch":2,"did":"","event_id":"a58323ba-a877-401a-b1e4-9f6db2639b9b","event_time":1749523698441,"event_type":"WEL","ext_ip":"34.171.104.183","hostname":"windows-server-2022-aac9c41d-e0a3-4e7e-88b8-33936ab93238-0.c.lc-demo-infra.internal.","iid":"09774cc8-cb43-4164-abd3-87230031c142","int_ip":"10.128.15.201","latency":4,"moduleid":2,"oid":"aac9c41d-e0a3-4e7e-88b8-33936ab93238","plat":268435456,"sid":"17b8710a-7337-4e64-9c18-2955e86f2d0d","tags":["fim","lc:stable","windows"],"this":"443d53594ad86ff67ce5be1968479cf2"},"ts":"2025-06-10 02:48:18"}
{"event":{"EVENT":{"EventData":{"PrivilegeList":"SeAssignPrimaryTokenPrivilege\n\t\t\tSeTcbPrivilege\n\t\t\tSeSecurityPrivilege\n\t\t\tSeTakeOwnershipPrivilege\n\t\t\tSeLoadDriverPrivilege\n\t\t\tSeBackupPrivilege\n\t\t\tSeRestorePrivilege\n\t\t\tSeDebugPrivilege\n\t\t\tSeAuditPrivilege\n\t\t\tSeSystemEnvironmentPrivilege\n\t\t\tSeImpersonatePrivilege\n\t\t\tSeDelegateSessionUserImpersonatePrivilege","SubjectDomainName":"NT AUTHORITY","SubjectLogonId":"0x3e7","SubjectUserName":"SYSTEM","SubjectUserSid":"S-1-5-18"},"System":{"Channel":"Security","Computer":"windows-server-2022-aac9c41d-e0a3-4e7e-88b8-33936ab93238-0","Correlation":{"ActivityID":"{55ae049b-37ef-0001-ee39-a76a4ac5db01}"},"EventID":"4672","EventRecordID":"4417903","Execution":{"ProcessID":"648","ThreadID":"8848"},"Keywords":"0x8020000000000000","Level":"0","Opcode":"0","Provider":{"Guid":"{54849625-5478-4994-a5ba-3e3b0328c30d}","Name":"Microsoft-Windows-Security-Auditing"},"Security":"","Task":"12548","TimeCreated":{"SystemTime":"2025-06-10T02:48:17.7050475Z"},"Version":"0","_event_id":"4672"}}},"routing":{"arch":2,"did":"","event_id":"019f98eb-3e49-46c9-82a9-16d06b14b2a1","event_time":1749523698441,"event_type":"WEL","ext_ip":"34.171.104.183","hostname":"windows-server-2022-aac9c41d-e0a3-4e7e-88b8-33936ab93238-0.c.lc-demo-infra.internal.","iid":"09774cc8-cb43-4164-abd3-87230031c142","int_ip":"10.128.15.201","latency":5,"moduleid":2,"oid":"aac9c41d-e0a3-4e7e-88b8-33936ab93238","plat":268435456,"sid":"17b8710a-7337-4e64-9c18-2955e86f2d0d","tags":["fim","lc:stable","windows"],"this":"562764bd5c63f82366824c6268479cf2"},"ts":"2025-06-10 02:48:18"}
{"event":{"EVENT":{"EventData":{"param1":"Windows Modules Installer","param2":"running"},"System":{"Channel":"System","Computer":"windows-server-2022-aac9c41d-e0a3-4e7e-88b8-33936ab93238-0","Correlation":"","EventID":{"Qualifiers":"16384","content":"7036"},"EventRecordID":"83099","Execution":{"ProcessID":"628","ThreadID":"9048"},"Keywords":"0x8080000000000000","Level":"4","Opcode":"0","Provider":{"EventSourceName":"Service Control Manager","Guid":"{555908d1-a6d7-4695-8e1e-26931d2012f4}","Name":"Service Control Manager"},"Security":"","Task":"0","TimeCreated":{"SystemTime":"2025-06-10T02:48:17.7220756Z"},"Version":"0","_event_id":"7036"}}},"routing":{"arch":2,"did":"","event_id":"274bbf4c-b65c-4b6f-9cf5-3fa22b0acd96","event_time":1749523698457,"event_type":"WEL","ext_ip":"34.171.104.183","hostname":"windows-server-2022-aac9c41d-e0a3-4e7e-88b8-33936ab93238-0.c.lc-demo-infra.internal.","iid":"09774cc8-cb43-4164-abd3-87230031c142","int_ip":"10.128.15.201","latency":2,"moduleid":2,"oid":"aac9c41d-e0a3-4e7e-88b8-33936ab93238","plat":268435456,"sid":"17b8710a-7337-4e64-9c18-2955e86f2d0d","tags":["fim","lc:stable","windows"],"this":"3328b5405141e4a7fdcee0c368479cf2"},"ts":"2025-06-10 02:48:18"}
{"event":{"ACTION":"modified","FILE_PATH":"C:\\Windows\\System32\\config\\systemprofile\\AppData\\LocalLow\\Microsoft\\CryptnetUrlCache\\MetaData\\57C8EDB95DF3F0AD4EE2DC2B8CFD4157","HASH":"e14573ad381907a7d80d7e90cd5637f90d6f5fb42bbadfcc24d3f4d437789c41","PROCESS":{"BASE_ADDRESS":140699902017536,"COMMAND_LINE":"C:\\Windows\\system32\\svchost.exe -k NetworkService -p -s CryptSvc","CREATION_TIME":1747280144972,"FILE_IS_SIGNED":1,"FILE_PATH":"C:\\Windows\\system32\\svchost.exe","HASH":"d7f10571f58adbe122f615b869eb42b05286770148067cbf88054c38f1bca4c4","MEMORY_USAGE":11485184,"PARENT_ATOM":"b56d4120493c4260490c5b186825611e","PARENT_PROCESS_ID":628,"PROCESS_ID":2492,"THIS_ATOM":"389f5b1a71cff84c3390141668256120","THREADS":9,"TIMESTAMP":1747280160601,"USER_NAME":"NT AUTHORITY\\NETWORK SERVICE"},"PROCESS_ID":2492},"routing":{"arch":2,"did":"","event_id":"1a196f7b-47ba-4715-9583-3cc607c90772","event_time":1749523698034,"event_type":"FIM_HIT","ext_ip":"34.171.104.183","hostname":"windows-server-2022-aac9c41d-e0a3-4e7e-88b8-33936ab93238-0.c.lc-demo-infra.internal.","iid":"09774cc8-cb43-4164-abd3-87230031c142","int_ip":"10.128.15.201","latency":1005,"moduleid":2,"oid":"aac9c41d-e0a3-4e7e-88b8-33936ab93238","parent":"389f5b1a71cff84c3390141668256120","plat":268435456,"sid":"17b8710a-7337-4e64-9c18-2955e86f2d0d","tags":["fim","lc:stable","windows"],"this":"ca951f73844f4381d740def368479cf3"},"ts":"2025-06-10 02:48:18"}
{"event":{"ACTION":"modified","FILE_PATH":"C:\\Windows\\System32\\config\\systemprofile\\AppData\\LocalLow\\Microsoft\\CryptnetUrlCache\\MetaData\\57C8EDB95DF3F0AD4EE2DC2B8CFD4157","HASH":"e14573ad381907a7d80d7e90cd5637f90d6f5fb42bbadfcc24d3f4d437789c41","PROCESS":{"BASE_ADDRESS":140699902017536,"COMMAND_LINE":"C:\\Windows\\system32\\svchost.exe -k NetworkService -p -s CryptSvc","CREATION_TIME":1747280144972,"FILE_IS_SIGNED":1,"FILE_PATH":"C:\\Windows\\system32\\svchost.exe","HASH":"d7f10571f58adbe122f615b869eb42b05286770148067cbf88054c38f1bca4c4","MEMORY_USAGE":11485184,"PARENT_ATOM":"b56d4120493c4260490c5b186825611e","PARENT_PROCESS_ID":628,"PROCESS_ID":2492,"THIS_ATOM":"389f5b1a71cff84c3390141668256120","THREADS":9,"TIMESTAMP":1747280160601,"USER_NAME":"NT AUTHORITY\\NETWORK SERVICE"},"PROCESS_ID":2492},"routing":{"arch":2,"did":"","event_id":"e26a8732-b10d-4d62-89d7-06a3adb7f99d","event_time":1749523698034,"event_type":"FIM_HIT","ext_ip":"34.171.104.183","hostname":"windows-server-2022-aac9c41d-e0a3-4e7e-88b8-33936ab93238-0.c.lc-demo-infra.internal.","iid":"09774cc8-cb43-4164-abd3-87230031c142","int_ip":"10.128.15.201","latency":1007,"moduleid":2,"oid":"aac9c41d-e0a3-4e7e-88b8-33936ab93238","parent":"389f5b1a71cff84c3390141668256120","plat":268435456,"sid":"17b8710a-7337-4e64-9c18-2955e86f2d0d","tags":["fim","lc:stable","windows"],"this":"edb887bdd615d75a2461e00168479cf3"},"ts":"2025-06-10 02:48:18"}
{"event":{"ACTION":"modified","FILE_PATH":"C:\\Windows\\SoftwareDistribution\\DataStore\\Logs\\edb.log","HASH":"ad6b15bc0070822d5263dea4350643b8e28018f3205a3cb99c65edf1a9cc9c0d","PROCESS":{"BASE_ADDRESS":140699902017536,"COMMAND_LINE":"C:\\Windows\\system32\\svchost.exe -k netsvcs -p -s wuauserv","FILE_IS_SIGNED":1,"FILE_PATH":"C:\\Windows\\system32\\svchost.exe","HASH":"d7f10571f58adbe122f615b869eb42b05286770148067cbf88054c38f1bca4c4","MEMORY_USAGE":26820608,"PARENT_ATOM":"b56d4120493c4260490c5b186825611e","PARENT_PROCESS_ID":628,"PROCESS_ID":5972,"THIS_ATOM":"e8698090a70b1d48652145dc68373e26","THREADS":20,"TIMESTAMP":1748450853376,"USER_NAME":"NT AUTHORITY\\SYSTEM"},"PROCESS_ID":5972},"routing":{"arch":2,"did":"","event_id":"7bc1fbbe-4310-45f3-83d3-86f25c6b002b","event_time":1749523698191,"event_type":"FIM_HIT","ext_ip":"34.171.104.183","hostname":"windows-server-2022-aac9c41d-e0a3-4e7e-88b8-33936ab93238-0.c.lc-demo-infra.internal.","iid":"09774cc8-cb43-4164-abd3-87230031c142","int_ip":"10.128.15.201","latency":864,"moduleid":2,"oid":"aac9c41d-e0a3-4e7e-88b8-33936ab93238","parent":"e8698090a70b1d48652145dc68373e26","plat":268435456,"sid":"17b8710a-7337-4e64-9c18-2955e86f2d0d","tags":["fim","lc:stable","windows"],"this":"c04d77b855988218e7f9069868479cf3"},"ts":"2025-06-10 02:48:18"}
{"event":{"ACTION":"modified","FILE_PATH":"C:\\Windows\\SoftwareDistribution\\DataStore\\DataStore.edb","HASH":"7620e71292a57b667afd3d0d61f942b9d17b32718c5f160381bacc39cf37123f","PROCESS":{"BASE_ADDRESS":140699902017536,"COMMAND_LINE":"C:\\Windows\\system32\\svchost.exe -k netsvcs -p -s wuauserv","FILE_IS_SIGNED":1,"FILE_PATH":"C:\\Windows\\system32\\svchost.exe","HASH":"d7f10571f58adbe122f615b869eb42b05286770148067cbf88054c38f1bca4c4","MEMORY_USAGE":26820608,"PARENT_ATOM":"b56d4120493c4260490c5b186825611e","PARENT_PROCESS_ID":628,"PROCESS_ID":5972,"THIS_ATOM":"e8698090a70b1d48652145dc68373e26","THREADS":20,"TIMESTAMP":1748450853376,"USER_NAME":"NT AUTHORITY\\SYSTEM"},"PROCESS_ID":5972},"routing":{"arch":2,"did":"","event_id":"d258e109-709b-44b3-8dac-62db8b7a022c","event_time":1749523698926,"event_type":"FIM_HIT","ext_ip":"34.171.104.183","hostname":"windows-server-2022-aac9c41d-e0a3-4e7e-88b8-33936ab93238-0.c.lc-demo-infra.internal.","iid":"09774cc8-cb43-4164-abd3-87230031c142","int_ip":"10.128.15.201","latency":1353,"moduleid":2,"oid":"aac9c41d-e0a3-4e7e-88b8-33936ab93238","parent":"e8698090a70b1d48652145dc68373e26","plat":268435456,"sid":"17b8710a-7337-4e64-9c18-2955e86f2d0d","tags":["fim","lc:stable","windows"],"this":"ddafd3eb839ff849365de50e68479cf4"},"ts":"2025-06-10 02:48:18"}
{"event":{"EVENT":{"EventData":{"AuthenticationPackageName":"NTLM","FailureReason":"%%2313","IpAddress":"194.180.48.29","IpPort":"0","KeyLength":"0","LmPackageName":"-","LogonProcessName":"NtLmSsp","LogonType":"3","ProcessId":"0x0","ProcessName":"-","Status":"0xc000006d","SubStatus":"0xc000006a","SubjectDomainName":"-","SubjectLogonId":"0x0","SubjectUserName":"-","SubjectUserSid":"S-1-0-0","TargetDomainName":"","TargetUserName":"ADMINISTRATOR","TargetUserSid":"S-1-0-0","TransmittedServices":"-","WorkstationName":"-"},"System":{"Channel":"Security","Computer":"DESKTOP-C2A1841","Correlation":{"ActivityID":"{352b8892-aa45-0001-ddca-25f63c52db01}"},"EventID":"4625","EventRecordID":"4683427","Execution":{"ProcessID":"648","ThreadID":"15328"},"Keywords":"0x8010000000000000","Level":"0","Opcode":"0","Provider":{"Guid":"{54849625-5478-4994-a5ba-3e3b0328c30d}","Name":"Microsoft-Windows-Security-Auditing"},"Security":"","Task":"12544","TimeCreated":{"SystemTime":"2025-06-10T02:48:16.2974842Z"},"Version":"0","_event_id":"4625"}}},"routing":{"arch":2,"did":"","event_id":"74c62949-25d2-4880-b6c7-f4cb940eb509","event_time":1749523698291,"event_type":"WEL","ext_ip":"34.58.90.170","hostname":"desktop-c2a1841.c.lc-demo-infra.internal.","iid":"09774cc8-cb43-4164-abd3-87230031c142","int_ip":"10.128.15.200","latency":-28,"moduleid":2,"oid":"aac9c41d-e0a3-4e7e-88b8-33936ab93238","plat":268435456,"sid":"c4ba6121-d13d-4871-82f8-4b5c5556761e","tags":["lc:testtag","windows"],"this":"f2616ced70b68eababd5147f68479cf2"},"ts":"2025-06-10 02:48:18"}
{"event":{"EVENT":{"EventData":{"param1":"Software Protection","param2":"running"},"System":{"Channel":"System","Computer":"windows-server-2022-aac9c41d-e0a3-4e7e-88b8-33936ab93238-0","Correlation":"","EventID":{"Qualifiers":"16384","content":"7036"},"EventRecordID":"83098","Execution":{"ProcessID":"628","ThreadID":"9048"},"Keywords":"0x8080000000000000","Level":"4","Opcode":"0","Provider":{"EventSourceName":"Service Control Manager","Guid":"{555908d1-a6d7-4695-8e1e-26931d2012f4}","Name":"Service Control Manager"},"Security":"","Task":"0","TimeCreated":{"SystemTime":"2025-06-10T02:48:16.4085670Z"},"Version":"0","_event_id":"7036"}}},"routing":{"arch":2,"did":"","event_id":"a7e73eb1-4da5-4a70-aa91-4fa83b657f2c","event_time":1749523697331,"event_type":"WEL","ext_ip":"34.171.104.183","hostname":"windows-server-2022-aac9c41d-e0a3-4e7e-88b8-33936ab93238-0.c.lc-demo-infra.internal.","iid":"09774cc8-cb43-4164-abd3-87230031c142","int_ip":"10.128.15.201","latency":43,"moduleid":2,"oid":"aac9c41d-e0a3-4e7e-88b8-33936ab93238","plat":268435456,"sid":"17b8710a-7337-4e64-9c18-2955e86f2d0d","tags":["fim","lc:stable","windows"],"this":"f891d7de7376837e4887c68468479cf1"},"ts":"2025-06-10 02:48:17"}
{"event":{"CNAME":"win-global-asimov-leafs-events-data.trafficmanager.net","DNS_TYPE":5,"DOMAIN_NAME":"v10.events.data.microsoft.com","MESSAGE_ID":47314,"PROCESS_ID":1664},"routing":{"arch":2,"did":"","event_id":"917183c6-76c4-45fa-afb3-ba569b1f5fba","event_time":1749523697456,"event_type":"DNS_REQUEST","ext_ip":"34.171.104.183","hostname":"windows-server-2022-aac9c41d-e0a3-4e7e-88b8-33936ab93238-0.c.lc-demo-infra.internal.","iid":"09774cc8-cb43-4164-abd3-87230031c142","int_ip":"10.128.15.201","latency":916,"moduleid":2,"oid":"aac9c41d-e0a3-4e7e-88b8-33936ab93238","parent":"c5c7b27cabe36d9ede5463b468256120","plat":268435456,"sid":"17b8710a-7337-4e64-9c18-2955e86f2d0d","tags":["fim","lc:stable","windows"],"this":"95c5755aa4b916c44268549b68479cf2"},"ts":"2025-06-10 02:48:17"}
{"event":{"CNAME":"onedscolprdwus22.westus.cloudapp.azure.com","DNS_TYPE":5,"DOMAIN_NAME":"win-global-asimov-leafs-events-data.trafficmanager.net","MESSAGE_ID":47314,"PROCESS_ID":1664},"routing":{"arch":2,"did":"","event_id":"c8ab855d-c556-459f-bea8-736995ccaa30","event_time":1749523697456,"event_type":"DNS_REQUEST","ext_ip":"34.171.104.183","hostname":"windows-server-2022-aac9c41d-e0a3-4e7e-88b8-33936ab93238-0.c.lc-demo-infra.internal.","iid":"09774cc8-cb43-4164-abd3-87230031c142","int_ip":"10.128.15.201","latency":916,"moduleid":2,"oid":"aac9c41d-e0a3-4e7e-88b8-33936ab93238","parent":"c5c7b27cabe36d9ede5463b468256120","plat":268435456,"sid":"17b8710a-7337-4e64-9c18-2955e86f2d0d","tags":["fim","lc:stable","windows"],"this":"8f06072adb683b44851d75e468479cf2"},"ts":"2025-06-10 02:48:17"}
{"event":{"DNS_TYPE":1,"DOMAIN_NAME":"onedscolprdwus22.westus.cloudapp.azure.com","IP_ADDRESS":"20.189.173.17","MESSAGE_ID":47314,"PROCESS_ID":1664},"routing":{"arch":2,"did":"","event_id":"6d5632a1-7033-4bfc-8107-6d4974be0338","event_time":1749523697456,"event_type":"DNS_REQUEST","ext_ip":"34.171.104.183","hostname":"windows-server-2022-aac9c41d-e0a3-4e7e-88b8-33936ab93238-0.c.lc-demo-infra.internal.","iid":"09774cc8-cb43-4164-abd3-87230031c142","int_ip":"10.128.15.201","latency":916,"moduleid":2,"oid":"aac9c41d-e0a3-4e7e-88b8-33936ab93238","parent":"c5c7b27cabe36d9ede5463b468256120","plat":268435456,"sid":"17b8710a-7337-4e64-9c18-2955e86f2d0d","tags":["fim","lc:stable","windows"],"this":"703d8f5d42b055b11794425168479cf2"},"ts":"2025-06-10 02:48:17"}
{"event":{"CNAME":"fe2cr.update.msft.com.trafficmanager.net","DNS_TYPE":5,"DOMAIN_NAME":"fe2cr.update.microsoft.com","MESSAGE_ID":5751,"PROCESS_ID":1664},"routing":{"arch":2,"did":"","event_id":"10439c89-f44f-4602-b754-2b5a9ade76ef","event_time":1749523697972,"event_type":"DNS_REQUEST","ext_ip":"34.171.104.183","hostname":"windows-server-2022-aac9c41d-e0a3-4e7e-88b8-33936ab93238-0.c.lc-demo-infra.internal.","iid":"09774cc8-cb43-4164-abd3-87230031c142","int_ip":"10.128.15.201","latency":400,"moduleid":2,"oid":"aac9c41d-e0a3-4e7e-88b8-33936ab93238","parent":"c5c7b27cabe36d9ede5463b468256120","plat":268435456,"sid":"17b8710a-7337-4e64-9c18-2955e86f2d0d","tags":["fim","lc:stable","windows"],"this":"b60e41a16ba0e932cb2d931c68479cf2"},"ts":"2025-06-10 02:48:17"}
{"event":{"DNS_TYPE":1,"DOMAIN_NAME":"fe2cr.update.msft.com.trafficmanager.net","IP_ADDRESS":"134.33.185.96","MESSAGE_ID":5751,"PROCESS_ID":1664},"routing":{"arch":2,"did":"","event_id":"7b092620-c19f-4c4c-aef8-6a2f25bbcc34","event_time":1749523697972,"event_type":"DNS_REQUEST","ext_ip":"34.171.104.183","hostname":"windows-server-2022-aac9c41d-e0a3-4e7e-88b8-33936ab93238-0.c.lc-demo-infra.internal.","iid":"09774cc8-cb43-4164-abd3-87230031c142","int_ip":"10.128.15.201","latency":401,"moduleid":2,"oid":"aac9c41d-e0a3-4e7e-88b8-33936ab93238","parent":"c5c7b27cabe36d9ede5463b468256120","plat":268435456,"sid":"17b8710a-7337-4e64-9c18-2955e86f2d0d","tags":["fim","lc:stable","windows"],"this":"c852018e4d4339a6fed2a1f868479cf2"},"ts":"2025-06-10 02:48:17"}
{"event":{"DNS_TYPE":1,"DOMAIN_NAME":"fe2cr.update.msft.com.trafficmanager.net","IP_ADDRESS":"134.33.185.99","MESSAGE_ID":5751,"PROCESS_ID":1664},"routing":{"arch":2,"did":"","event_id":"bc3ee64c-6b00-4d15-bd81-f53030e5c932","event_time":1749523697972,"event_type":"DNS_REQUEST","ext_ip":"34.171.104.183","hostname":"windows-server-2022-aac9c41d-e0a3-4e7e-88b8-33936ab93238-0.c.lc-demo-infra.internal.","iid":"09774cc8-cb43-4164-abd3-87230031c142","int_ip":"10.128.15.201","latency":401,"moduleid":2,"oid":"aac9c41d-e0a3-4e7e-88b8-33936ab93238","parent":"c5c7b27cabe36d9ede5463b468256120","plat":268435456,"sid":"17b8710a-7337-4e64-9c18-2955e86f2d0d","tags":["fim","lc:stable","windows"],"this":"3569ec46715b87d380e792d368479cf2"},"ts":"2025-06-10 02:48:17"}
{"event":{"BASE_ADDRESS":140698117144576,"COMMAND_LINE":"C:\\Windows\\servicing\\TrustedInstaller.exe","FILE_IS_SIGNED":1,"FILE_PATH":"C:\\Windows\\servicing\\TrustedInstaller.exe","HASH":"ecbddd355d829c616b3936887a77638806c589fb2ca8bd13aa75de2c549c2c3a","MEMORY_USAGE":8048640,"PARENT":{"FILE_IS_SIGNED":1,"FILE_PATH":"\\Device\\HarddiskVolume3\\Windows\\System32\\services.exe","HASH":"61480752127c47ea71a61217dd2d46fda104b0b48af9905ded6c607b946da3d1","MEMORY_USAGE":9588736,"PARENT_ATOM":"30f4c8d36afcbb0f8b6f1f6b6825611e","PARENT_PROCESS_ID":488,"PROCESS_ID":628,"THIS_ATOM":"b56d4120493c4260490c5b186825611e","THREADS":37,"TIMESTAMP":1747280158567,"USER_NAME":"NT AUTHORITY\\SYSTEM"},"PARENT_PROCESS_ID":628,"PROCESS_ID":7552,"THREADS":8,"USER_NAME":"NT AUTHORITY\\SYSTEM"},"routing":{"arch":2,"did":"","event_id":"41e7dc68-280b-4227-bc9e-7045a1b19a6f","event_time":1749523697706,"event_type":"NEW_PROCESS","ext_ip":"34.171.104.183","hostname":"windows-server-2022-aac9c41d-e0a3-4e7e-88b8-33936ab93238-0.c.lc-demo-infra.internal.","iid":"09774cc8-cb43-4164-abd3-87230031c142","int_ip":"10.128.15.201","latency":983,"moduleid":2,"oid":"aac9c41d-e0a3-4e7e-88b8-33936ab93238","parent":"b56d4120493c4260490c5b186825611e","plat":268435456,"sid":"17b8710a-7337-4e64-9c18-2955e86f2d0d","tags":["fim","lc:stable","windows"],"this":"13b96af49624fec5142ed14368479cf2"},"ts":"2025-06-10 02:48:17"}
