{"event":{"EVENT":{"EventData":{"AuthenticationPackageName":"NTLM","FailureReason":"%%2313","IpAddress":"66.129.87.228","IpPort":"0","KeyLength":"0","LmPackageName":"-","LogonProcessName":"NtLmSsp","LogonType":"3","ProcessId":"0x0","ProcessName":"-","Status":"0xc000006d","SubStatus":"0xc000006a","SubjectDomainName":"-","SubjectLogonId":"0x0","SubjectUserName":"-","SubjectUserSid":"S-1-0-0","TargetDomainName":"-","TargetUserName":"administrator","TargetUserSid":"S-1-0-0","TransmittedServices":"-","WorkstationName":"workstation"},"System":{"Channel":"Security","Computer":"windows-server-2022-aac9c41d-e0a3-4e7e-88b8-33936ab93238-0","Correlation":{"ActivityID":"{55ae049b-37ef-0001-ee39-a76a4ac5db01}"},"EventID":"4625","EventRecordID":"4417975","Execution":{"ProcessID":"648","ThreadID":"2096"},"Keywords":"0x8010000000000000","Level":"0","Opcode":"0","Provider":{"Guid":"{54849625-5478-4994-a5ba-3e3b0328c30d}","Name":"Microsoft-Windows-Security-Auditing"},"Security":"","Task":"12544","TimeCreated":{"SystemTime":"2025-06-10T02:49:36.0761477Z"},"Version":"0","_event_id":"4625"}}},"routing":{"arch":2,"did":"","event_id":"b59ab875-7020-4ef7-9cf4-a7a903dfda00","event_time":1749523777067,"event_type":"WEL","ext_ip":"34.171.104.183","hostname":"windows-server-2022-aac9c41d-e0a3-4e7e-88b8-33936ab93238-0.c.lc-demo-infra.internal.","iid":"09774cc8-cb43-4164-abd3-87230031c142","int_ip":"10.128.15.201","latency":5,"moduleid":2,"oid":"aac9c41d-e0a3-4e7e-88b8-33936ab93238","plat":268435456,"sid":"17b8710a-7337-4e64-9c18-2955e86f2d0d","tags":["fim","lc:stable","windows"],"this":"9dad4593c7c585647965440968479d41"},"ts":"2025-06-10 02:49:37"}
{"event":{"EVENT":{"EventData":{"AuthenticationPackageName":"NTLM","FailureReason":"%%2313","IpAddress":"194.180.48.29","IpPort":"0","KeyLength":"0","LmPackageName":"-","LogonProcessName":"NtLmSsp","LogonType":"3","ProcessId":"0x0","ProcessName":"-","Status":"0xc000006d","SubStatus":"0xc000006a","SubjectDomainName":"-","SubjectLogonId":"0x0","SubjectUserName":"-","SubjectUserSid":"S-1-0-0","TargetDomainName":"-","TargetUserName":"ADMINISTRATOR","TargetUserSid":"S-1-0-0","TransmittedServices":"-","WorkstationName":"-"},"System":{"Channel":"Security","Computer":"windows-server-2022-aac9c41d-e0a3-4e7e-88b8-33936ab93238-0","Correlation":{"ActivityID":"{55ae049b-37ef-0001-ee39-a76a4ac5db01}"},"EventID":"4625","EventRecordID":"4417976","Execution":{"ProcessID":"648","ThreadID":"2096"},"Keywords":"0x8010000000000000","Level":"0","Opcode":"0","Provider":{"Guid":"{54849625-5478-4994-a5ba-3e3b0328c30d}","Name":"Microsoft-Windows-Security-Auditing"},"Security":"","Task":"12544","TimeCreated":{"SystemTime":"2025-06-10T02:49:36.2908978Z"},"Version":"0","_event_id":"4625"}}},"routing":{"arch":2,"did":"","event_id":"aebe59d2-26bd-47f7-93f2-5b0847cba919","event_time":1749523777067,"event_type":"WEL","ext_ip":"34.171.104.183","hostname":"windows-server-2022-aac9c41d-e0a3-4e7e-88b8-33936ab93238-0.c.lc-demo-infra.internal.","iid":"09774cc8-cb43-4164-abd3-87230031c142","int_ip":"10.128.15.201","latency":8,"moduleid":2,"oid":"aac9c41d-e0a3-4e7e-88b8-33936ab93238","plat":268435456,"sid":"17b8710a-7337-4e64-9c18-2955e86f2d0d","tags":["fim","lc:stable","windows"],"this":"1009ba4222a8e5ad6a81911468479d41"},"ts":"2025-06-10 02:49:37"}
{"event":{"EVENT":{"EventData":{"AuthenticationPackageName":"NTLM","FailureReason":"%%2313","IpAddress":"92.63.197.197","IpPort":"0","KeyLength":"0","LmPackageName":"-","LogonProcessName":"NtLmSsp","LogonType":"3","ProcessId":"0x0","ProcessName":"-","Status":"0xc000006d","SubStatus":"0xc000006a","SubjectDomainName":"-","SubjectLogonId":"0x0","SubjectUserName":"-","SubjectUserSid":"S-1-0-0","TargetDomainName":"windows-server-2022-aac9c41d-e0a3-4e7e-88b8-33936ab93238-0","TargetUserName":"administrator","TargetUserSid":"S-1-0-0","TransmittedServices":"-","WorkstationName":"E06S19"},"System":{"Channel":"Security","Computer":"windows-server-2022-aac9c41d-e0a3-4e7e-88b8-33936ab93238-0","Correlation":{"ActivityID":"{55ae049b-37ef-0001-ee39-a76a4ac5db01}"},"EventID":"4625","EventRecordID":"4417977","Execution":{"ProcessID":"648","ThreadID":"2096"},"Keywords":"0x8010000000000000","Level":"0","Opcode":"0","Provider":{"Guid":"{54849625-5478-4994-a5ba-3e3b0328c30d}","Name":"Microsoft-Windows-Security-Auditing"},"Security":"","Task":"12544","TimeCreated":{"SystemTime":"2025-06-10T02:49:36.5192650Z"},"Version":"0","_event_id":"4625"}}},"routing":{"arch":2,"did":"","event_id":"1bc4a73e-fe7a-4710-b45e-77d0430b202e","event_time":1749523777067,"event_type":"WEL","ext_ip":"34.171.104.183","hostname":"windows-server-2022-aac9c41d-e0a3-4e7e-88b8-33936ab93238-0.c.lc-demo-infra.internal.","iid":"09774cc8-cb43-4164-abd3-87230031c142","int_ip":"10.128.15.201","latency":19,"moduleid":2,"oid":"aac9c41d-e0a3-4e7e-88b8-33936ab93238","plat":268435456,"sid":"17b8710a-7337-4e64-9c18-2955e86f2d0d","tags":["fim","lc:stable","windows"],"this":"a39452a1ecc40c35d999242b68479d41"},"ts":"2025-06-10 02:49:37"}
{"event":{"EVENT":{"EventData":{"AuthenticationPackageName":"NTLM","FailureReason":"%%2313","IpAddress":"92.63.197.197","IpPort":"0","KeyLength":"0","LmPackageName":"-","LogonProcessName":"NtLmSsp","LogonType":"3","ProcessId":"0x0","ProcessName":"-","Status":"0xc000006d","SubStatus":"0xc000006a","SubjectDomainName":"-","SubjectLogonId":"0x0","SubjectUserName":"-","SubjectUserSid":"S-1-0-0","TargetDomainName":"windows-server-2022-aac9c41d-e0a3-4e7e-88b8-33936ab93238-0","TargetUserName":"administrator","TargetUserSid":"S-1-0-0","TransmittedServices":"-","WorkstationName":"E06S19"},"System":{"Channel":"Security","Computer":"windows-server-2022-aac9c41d-e0a3-4e7e-88b8-33936ab93238-0","Correlation":{"ActivityID":"{55ae049b-37ef-0001-ee39-a76a4ac5db01}"},"EventID":"4625","EventRecordID":"4417973","Execution":{"ProcessID":"648","ThreadID":"2096"},"Keywords":"0x8010000000000000","Level":"0","Opcode":"0","Provider":{"Guid":"{54849625-5478-4994-a5ba-3e3b0328c30d}","Name":"Microsoft-Windows-Security-Auditing"},"Security":"","Task":"12544","TimeCreated":{"SystemTime":"2025-06-10T02:49:34.8905358Z"},"Version":"0","_event_id":"4625"}}},"routing":{"arch":2,"did":"","event_id":"3de4249c-ce98-4d6a-b3e9-569546aa48ab","event_time":1749523775878,"event_type":"WEL","ext_ip":"34.171.104.183","hostname":"windows-server-2022-aac9c41d-e0a3-4e7e-88b8-33936ab93238-0.c.lc-demo-infra.internal.","iid":"09774cc8-cb43-4164-abd3-87230031c142","int_ip":"10.128.15.201","latency":7,"moduleid":2,"oid":"aac9c41d-e0a3-4e7e-88b8-33936ab93238","plat":268435456,"sid":"17b8710a-7337-4e64-9c18-2955e86f2d0d","tags":["fim","lc:stable","windows"],"this":"b888463bdd4cefd613abf62d68479d3f"},"ts":"2025-06-10 02:49:35"}
{"event":{"EVENT":{"EventData":{"AuthenticationPackageName":"NTLM","FailureReason":"%%2313","IpAddress":"45.227.253.61","IpPort":"0","KeyLength":"0","LmPackageName":"-","LogonProcessName":"NtLmSsp","LogonType":"3","ProcessId":"0x0","ProcessName":"-","Status":"0xc000006d","SubStatus":"0xc0000064","SubjectDomainName":"-","SubjectLogonId":"0x0","SubjectUserName":"-","SubjectUserSid":"S-1-0-0","TargetDomainName":"WINDOWS-SERVER-2022-AAC9C41D-E0A3-4E7E-88B8-33936AB93238-0","TargetUserName":"Admin","TargetUserSid":"S-1-0-0","TransmittedServices":"-","WorkstationName":"WIN-56DH2BBHACU"},"System":{"Channel":"Security","Computer":"windows-server-2022-aac9c41d-e0a3-4e7e-88b8-33936ab93238-0","Correlation":{"ActivityID":"{55ae049b-37ef-0001-ee39-a76a4ac5db01}"},"EventID":"4625","EventRecordID":"4417974","Execution":{"ProcessID":"648","ThreadID":"2096"},"Keywords":"0x8010000000000000","Level":"0","Opcode":"0","Provider":{"Guid":"{54849625-5478-4994-a5ba-3e3b0328c30d}","Name":"Microsoft-Windows-Security-Auditing"},"Security":"","Task":"12544","TimeCreated":{"SystemTime":"2025-06-10T02:49:35.3731263Z"},"Version":"0","_event_id":"4625"}}},"routing":{"arch":2,"did":"","event_id":"9dfbdaf0-34bb-4ef0-96c5-79ff25d5be83","event_time":1749523775878,"event_type":"WEL","ext_ip":"34.171.104.183","hostname":"windows-server-2022-aac9c41d-e0a3-4e7e-88b8-33936ab93238-0.c.lc-demo-infra.internal.","iid":"09774cc8-cb43-4164-abd3-87230031c142","int_ip":"10.128.15.201","latency":12,"moduleid":2,"oid":"aac9c41d-e0a3-4e7e-88b8-33936ab93238","plat":268435456,"sid":"17b8710a-7337-4e64-9c18-2955e86f2d0d","tags":["fim","lc:stable","windows"],"this":"af2a5010fc0444bbf74b65f968479d3f"},"ts":"2025-06-10 02:49:35"}
{"event":{"EVENT":{"EventData":{"AuthenticationPackageName":"NTLM","FailureReason":"%%2313","IpAddress":"92.63.197.197","IpPort":"0","KeyLength":"0","LmPackageName":"-","LogonProcessName":"NtLmSsp","LogonType":"3","ProcessId":"0x0","ProcessName":"-","Status":"0xc000006d","SubStatus":"0xc000006a","SubjectDomainName":"-","SubjectLogonId":"0x0","SubjectUserName":"-","SubjectUserSid":"S-1-0-0","TargetDomainName":"windows-server-2022-aac9c41d-e0a3-4e7e-88b8-33936ab93238-0","TargetUserName":"administrator","TargetUserSid":"S-1-0-0","TransmittedServices":"-","WorkstationName":"E06S19"},"System":{"Channel":"Security","Computer":"windows-server-2022-aac9c41d-e0a3-4e7e-88b8-33936ab93238-0","Correlation":{"ActivityID":"{55ae049b-37ef-0001-ee39-a76a4ac5db01}"},"EventID":"4625","EventRecordID":"4417970","Execution":{"ProcessID":"648","ThreadID":"2096"},"Keywords":"0x8010000000000000","Level":"0","Opcode":"0","Provider":{"Guid":"{54849625-5478-4994-a5ba-3e3b0328c30d}","Name":"Microsoft-Windows-Security-Auditing"},"Security":"","Task":"12544","TimeCreated":{"SystemTime":"2025-06-10T02:49:33.2518802Z"},"Version":"0","_event_id":"4625"}}},"routing":{"arch":2,"did":"","event_id":"d1caa638-e91b-4016-99b8-c927198bf77d","event_time":1749523774266,"event_type":"WEL","ext_ip":"34.171.104.183","hostname":"windows-server-2022-aac9c41d-e0a3-4e7e-88b8-33936ab93238-0.c.lc-demo-infra.internal.","iid":"09774cc8-cb43-4164-abd3-87230031c142","int_ip":"10.128.15.201","latency":2,"moduleid":2,"oid":"aac9c41d-e0a3-4e7e-88b8-33936ab93238","plat":268435456,"sid":"17b8710a-7337-4e64-9c18-2955e86f2d0d","tags":["fim","lc:stable","windows"],"this":"22c03e816cd24913f37fd1a168479d3e"},"ts":"2025-06-10 02:49:34"}
{"event":{"EVENT":{"EventData":{"AuthenticationPackageName":"NTLM","FailureReason":"%%2313","IpAddress":"45.227.253.61","IpPort":"0","KeyLength":"0","LmPackageName":"-","LogonProcessName":"NtLmSsp","LogonType":"3","ProcessId":"0x0","ProcessName":"-","Status":"0xc000006d","SubStatus":"0xc0000064","SubjectDomainName":"-","SubjectLogonId":"0x0","SubjectUserName":"-","SubjectUserSid":"S-1-0-0","TargetDomainName":"WINDOWS-SERVER-2022-AAC9C41D-E0A3-4E7E-88B8-33936AB93238-0","TargetUserName":"Admin","TargetUserSid":"S-1-0-0","TransmittedServices":"-","WorkstationName":"WIN-56DH2BBHACU"},"System":{"Channel":"Security","Computer":"windows-server-2022-aac9c41d-e0a3-4e7e-88b8-33936ab93238-0","Correlation":{"ActivityID":"{55ae049b-37ef-0001-ee39-a76a4ac5db01}"},"EventID":"4625","EventRecordID":"4417971","Execution":{"ProcessID":"648","ThreadID":"2096"},"Keywords":"0x8010000000000000","Level":"0","Opcode":"0","Provider":{"Guid":"{54849625-5478-4994-a5ba-3e3b0328c30d}","Name":"Microsoft-Windows-Security-Auditing"},"Security":"","Task":"12544","TimeCreated":{"SystemTime":"2025-06-10T02:49:33.5955819Z"},"Version":"0","_event_id":"4625"}}},"routing":{"arch":2,"did":"","event_id":"2e917004-ba07-49b9-b2b6-c93ff3eb0a44","event_time":1749523774266,"event_type":"WEL","ext_ip":"34.171.104.183","hostname":"windows-server-2022-aac9c41d-e0a3-4e7e-88b8-33936ab93238-0.c.lc-demo-infra.internal.","iid":"09774cc8-cb43-4164-abd3-87230031c142","int_ip":"10.128.15.201","latency":3,"moduleid":2,"oid":"aac9c41d-e0a3-4e7e-88b8-33936ab93238","plat":268435456,"sid":"17b8710a-7337-4e64-9c18-2955e86f2d0d","tags":["fim","lc:stable","windows"],"this":"7292b571479f0c39236c47f468479d3e"},"ts":"2025-06-10 02:49:34"}
{"event":{"EVENT":{"EventData":{"AuthenticationPackageName":"NTLM","FailureReason":"%%2313","IpAddress":"195.26.253.27","IpPort":"0","KeyLength":"0","LmPackageName":"-","LogonProcessName":"NtLmSsp","LogonType":"3","ProcessId":"0x0","ProcessName":"-","Status":"0xc000006d","SubStatus":"0xc000006a","SubjectDomainName":"-","SubjectLogonId":"0x0","SubjectUserName":"-","SubjectUserSid":"S-1-0-0","TargetDomainName":"-","TargetUserName":"Administrator","TargetUserSid":"S-1-0-0","TransmittedServices":"-","WorkstationName":"workstation"},"System":{"Channel":"Security","Computer":"windows-server-2022-aac9c41d-e0a3-4e7e-88b8-33936ab93238-0","Correlation":{"ActivityID":"{55ae049b-37ef-0001-ee39-a76a4ac5db01}"},"EventID":"4625","EventRecordID":"4417972","Execution":{"ProcessID":"648","ThreadID":"2096"},"Keywords":"0x8010000000000000","Level":"0","Opcode":"0","Provider":{"Guid":"{54849625-5478-4994-a5ba-3e3b0328c30d}","Name":"Microsoft-Windows-Security-Auditing"},"Security":"","Task":"12544","TimeCreated":{"SystemTime":"2025-06-10T02:49:33.5983525Z"},"Version":"0","_event_id":"4625"}}},"routing":{"arch":2,"did":"","event_id":"d7ef35a2-cc22-4455-a1d3-64a7c3fd7571","event_time":1749523774266,"event_type":"WEL","ext_ip":"34.171.104.183","hostname":"windows-server-2022-aac9c41d-e0a3-4e7e-88b8-33936ab93238-0.c.lc-demo-infra.internal.","iid":"09774cc8-cb43-4164-abd3-87230031c142","int_ip":"10.128.15.201","latency":3,"moduleid":2,"oid":"aac9c41d-e0a3-4e7e-88b8-33936ab93238","plat":268435456,"sid":"17b8710a-7337-4e64-9c18-2955e86f2d0d","tags":["fim","lc:stable","windows"],"this":"6b935c5f070a826bf45dcbf968479d3e"},"ts":"2025-06-10 02:49:34"}
{"event":{"EVENT":{"EventData":{"AuthenticationPackageName":"NTLM","FailureReason":"%%2313","IpAddress":"118.193.77.87","IpPort":"0","KeyLength":"0","LmPackageName":"-","LogonProcessName":"NtLmSsp","LogonType":"3","ProcessId":"0x0","ProcessName":"-","Status":"0xc000006d","SubStatus":"0xc000006a","SubjectDomainName":"-","SubjectLogonId":"0x0","SubjectUserName":"-","SubjectUserSid":"S-1-0-0","TargetDomainName":"","TargetUserName":"Administrator","TargetUserSid":"S-1-0-0","TransmittedServices":"-","WorkstationName":"workstation"},"System":{"Channel":"Security","Computer":"DESKTOP-C2A1841","Correlation":{"ActivityID":"{352b8892-aa45-0001-ddca-25f63c52db01}"},"EventID":"4625","EventRecordID":"4683439","Execution":{"ProcessID":"648","ThreadID":"16540"},"Keywords":"0x8010000000000000","Level":"0","Opcode":"0","Provider":{"Guid":"{54849625-5478-4994-a5ba-3e3b0328c30d}","Name":"Microsoft-Windows-Security-Auditing"},"Security":"","Task":"12544","TimeCreated":{"SystemTime":"2025-06-10T02:49:31.9598831Z"},"Version":"0","_event_id":"4625"}}},"routing":{"arch":2,"did":"","event_id":"b2389d62-fc9d-4d93-8fc1-c66a9f12036a","event_time":1749523773953,"event_type":"WEL","ext_ip":"34.58.90.170","hostname":"desktop-c2a1841.c.lc-demo-infra.internal.","iid":"09774cc8-cb43-4164-abd3-87230031c142","int_ip":"10.128.15.200","latency":-29,"moduleid":2,"oid":"aac9c41d-e0a3-4e7e-88b8-33936ab93238","plat":268435456,"sid":"c4ba6121-d13d-4871-82f8-4b5c5556761e","tags":["lc:testtag","windows"],"this":"bd60a5879dbf30309e91e11468479d3d"},"ts":"2025-06-10 02:49:33"}
{"event":{"EVENT":{"EventData":{"AuthenticationPackageName":"NTLM","FailureReason":"%%2313","IpAddress":"119.167.77.62","IpPort":"0","KeyLength":"0","LmPackageName":"-","LogonProcessName":"NtLmSsp","LogonType":"3","ProcessId":"0x0","ProcessName":"-","Status":"0xc000006d","SubStatus":"0xc000006a","SubjectDomainName":"-","SubjectLogonId":"0x0","SubjectUserName":"-","SubjectUserSid":"S-1-0-0","TargetDomainName":"","TargetUserName":"administrator","TargetUserSid":"S-1-0-0","TransmittedServices":"-","WorkstationName":"workstation"},"System":{"Channel":"Security","Computer":"DESKTOP-C2A1841","Correlation":{"ActivityID":"{352b8892-aa45-0001-ddca-25f63c52db01}"},"EventID":"4625","EventRecordID":"4683440","Execution":{"ProcessID":"648","ThreadID":"16540"},"Keywords":"0x8010000000000000","Level":"0","Opcode":"0","Provider":{"Guid":"{54849625-5478-4994-a5ba-3e3b0328c30d}","Name":"Microsoft-Windows-Security-Auditing"},"Security":"","Task":"12544","TimeCreated":{"SystemTime":"2025-06-10T02:49:32.4560871Z"},"Version":"0","_event_id":"4625"}}},"routing":{"arch":2,"did":"","event_id":"13f59dbb-42bc-4d3c-a3b9-2ac772e32329","event_time":1749523773953,"event_type":"WEL","ext_ip":"34.58.90.170","hostname":"desktop-c2a1841.c.lc-demo-infra.internal.","iid":"09774cc8-cb43-4164-abd3-87230031c142","int_ip":"10.128.15.200","latency":-28,"moduleid":2,"oid":"aac9c41d-e0a3-4e7e-88b8-33936ab93238","plat":268435456,"sid":"c4ba6121-d13d-4871-82f8-4b5c5556761e","tags":["lc:testtag","windows"],"this":"b5fc5302d9c8c6bf4c42ac2b68479d3d"},"ts":"2025-06-10 02:49:33"}
{"event":{"PROCESS_ID":648,"REGISTRY_KEY":"\\REGISTRY\\MACHINE\\SAM\\SAM\\Domains\\Account\\Users\\000001F4\\F","REGISTRY_VALUE":"AwABAAAAAAAAAAAAAAAAAA==","SIZE":3,"TYPE":3},"routing":{"arch":2,"did":"","event_id":"e4c30771-b8f3-4d9e-8668-3cdde53fd324","event_time":1749523773453,"event_type":"REGISTRY_WRITE","ext_ip":"34.58.90.170","hostname":"desktop-c2a1841.c.lc-demo-infra.internal.","iid":"09774cc8-cb43-4164-abd3-87230031c142","int_ip":"10.128.15.200","latency":658,"moduleid":2,"oid":"aac9c41d-e0a3-4e7e-88b8-33936ab93238","parent":"8ced3bfcbf30b0dc5810c9e36818de5e","plat":268435456,"sid":"c4ba6121-d13d-4871-82f8-4b5c5556761e","tags":["lc:testtag","windows"],"this":"50fd949993c352a8ffbe18e868479d3e"},"ts":"2025-06-10 02:49:33"}
{"event":{"EVENT":{"EventData":{"AuthenticationPackageName":"NTLM","FailureReason":"%%2313","IpAddress":"41.59.227.213","IpPort":"0","KeyLength":"0","LmPackageName":"-","LogonProcessName":"NtLmSsp","LogonType":"3","ProcessId":"0x0","ProcessName":"-","Status":"0xc000006d","SubStatus":"0xc000006a","SubjectDomainName":"-","SubjectLogonId":"0x0","SubjectUserName":"-","SubjectUserSid":"S-1-0-0","TargetDomainName":"","TargetUserName":"Administrator","TargetUserSid":"S-1-0-0","TransmittedServices":"-","WorkstationName":"workstation"},"System":{"Channel":"Security","Computer":"DESKTOP-C2A1841","Correlation":{"ActivityID":"{352b8892-aa45-0001-ddca-25f63c52db01}"},"EventID":"4625","EventRecordID":"4683437","Execution":{"ProcessID":"648","ThreadID":"16540"},"Keywords":"0x8010000000000000","Level":"0","Opcode":"0","Provider":{"Guid":"{54849625-5478-4994-a5ba-3e3b0328c30d}","Name":"Microsoft-Windows-Security-Auditing"},"Security":"","Task":"12544","TimeCreated":{"SystemTime":"2025-06-10T02:49:30.6754690Z"},"Version":"0","_event_id":"4625"}}},"routing":{"arch":2,"did":"","event_id":"ff56aae6-8a65-4982-b6d9-eb657168bcf0","event_time":1749523772670,"event_type":"WEL","ext_ip":"34.58.90.170","hostname":"desktop-c2a1841.c.lc-demo-infra.internal.","iid":"09774cc8-cb43-4164-abd3-87230031c142","int_ip":"10.128.15.200","latency":-29,"moduleid":2,"oid":"aac9c41d-e0a3-4e7e-88b8-33936ab93238","plat":268435456,"sid":"c4ba6121-d13d-4871-82f8-4b5c5556761e","tags":["lc:testtag","windows"],"this":"b0ec869402bcab939c64b02468479d3c"},"ts":"2025-06-10 02:49:32"}
{"event":{"EVENT":{"EventData":{"AuthenticationPackageName":"NTLM","FailureReason":"%%2313","IpAddress":"194.180.48.29","IpPort":"0","KeyLength":"0","LmPackageName":"-","LogonProcessName":"NtLmSsp","LogonType":"3","ProcessId":"0x0","ProcessName":"-","Status":"0xc000006d","SubStatus":"0xc000006a","SubjectDomainName":"-","SubjectLogonId":"0x0","SubjectUserName":"-","SubjectUserSid":"S-1-0-0","TargetDomainName":"","TargetUserName":"ADMINISTRATOR","TargetUserSid":"S-1-0-0","TransmittedServices":"-","WorkstationName":"-"},"System":{"Channel":"Security","Computer":"DESKTOP-C2A1841","Correlation":{"ActivityID":"{352b8892-aa45-0001-ddca-25f63c52db01}"},"EventID":"4625","EventRecordID":"4683438","Execution":{"ProcessID":"648","ThreadID":"16540"},"Keywords":"0x8010000000000000","Level":"0","Opcode":"0","Provider":{"Guid":"{54849625-5478-4994-a5ba-3e3b0328c30d}","Name":"Microsoft-Windows-Security-Auditing"},"Security":"","Task":"12544","TimeCreated":{"SystemTime":"2025-06-10T02:49:31.4764919Z"},"Version":"0","_event_id":"4625"}}},"routing":{"arch":2,"did":"","event_id":"fe6c7eb5-f89d-4b35-9e21-18f0317db206","event_time":1749523772670,"event_type":"WEL","ext_ip":"34.58.90.170","hostname":"desktop-c2a1841.c.lc-demo-infra.internal.","iid":"09774cc8-cb43-4164-abd3-87230031c142","int_ip":"10.128.15.200","latency":-28,"moduleid":2,"oid":"aac9c41d-e0a3-4e7e-88b8-33936ab93238","plat":268435456,"sid":"c4ba6121-d13d-4871-82f8-4b5c5556761e","tags":["lc:testtag","windows"],"this":"607b5177d5aaa08e33156f5b68479d3c"},"ts":"2025-06-10 02:49:32"}
{"event":{"PROCESS_ID":648,"REGISTRY_KEY":"\\REGISTRY\\MACHINE\\SAM\\SAM\\Domains\\Account\\Users\\000001F4\\F","REGISTRY_VALUE":"AwABAAAAAAAAAAAAAAAAAA==","SIZE":3,"TYPE":3},"routing":{"arch":2,"did":"","event_id":"6b9a2bc1-a60e-49b5-9c11-15e2ca0f1ce2","event_time":1749523772467,"event_type":"REGISTRY_WRITE","ext_ip":"34.58.90.170","hostname":"desktop-c2a1841.c.lc-demo-infra.internal.","iid":"09774cc8-cb43-4164-abd3-87230031c142","int_ip":"10.128.15.200","latency":628,"moduleid":2,"oid":"aac9c41d-e0a3-4e7e-88b8-33936ab93238","parent":"8ced3bfcbf30b0dc5810c9e36818de5e","plat":268435456,"sid":"c4ba6121-d13d-4871-82f8-4b5c5556761e","tags":["lc:testtag","windows"],"this":"a78e19be253ecaa9c6f434f368479d3d"},"ts":"2025-06-10 02:49:32"}
{"event":{"PROCESS_ID":648,"REGISTRY_KEY":"\\REGISTRY\\MACHINE\\SAM\\SAM\\Domains\\Account\\Users\\000001F4\\F","REGISTRY_VALUE":"AwABAAAAAAAAAAAAAAAAAA==","SIZE":3,"TYPE":3},"routing":{"arch":2,"did":"","event_id":"da060d30-3799-43fb-b4a8-e74fe75f9482","event_time":1749523772951,"event_type":"REGISTRY_WRITE","ext_ip":"34.58.90.170","hostname":"desktop-c2a1841.c.lc-demo-infra.internal.","iid":"09774cc8-cb43-4164-abd3-87230031c142","int_ip":"10.128.15.200","latency":145,"moduleid":2,"oid":"aac9c41d-e0a3-4e7e-88b8-33936ab93238","parent":"8ced3bfcbf30b0dc5810c9e36818de5e","plat":268435456,"sid":"c4ba6121-d13d-4871-82f8-4b5c5556761e","tags":["lc:testtag","windows"],"this":"227a25b9f0547bc783b7093868479d3d"},"ts":"2025-06-10 02:49:32"}
{"event":{"EVENT":{"EventData":{"AuthenticationPackageName":"NTLM","FailureReason":"%%2313","IpAddress":"92.63.197.197","IpPort":"0","KeyLength":"0","LmPackageName":"-","LogonProcessName":"NtLmSsp","LogonType":"3","ProcessId":"0x0","ProcessName":"-","Status":"0xc000006d","SubStatus":"0xc000006a","SubjectDomainName":"-","SubjectLogonId":"0x0","SubjectUserName":"-","SubjectUserSid":"S-1-0-0","TargetDomainName":"windows-server-2022-aac9c41d-e0a3-4e7e-88b8-33936ab93238-0","TargetUserName":"administrator","TargetUserSid":"S-1-0-0","TransmittedServices":"-","WorkstationName":"E06S19"},"System":{"Channel":"Security","Computer":"windows-server-2022-aac9c41d-e0a3-4e7e-88b8-33936ab93238-0","Correlation":{"ActivityID":"{55ae049b-37ef-0001-ee39-a76a4ac5db01}"},"EventID":"4625","EventRecordID":"4417968","Execution":{"ProcessID":"648","ThreadID":"2096"},"Keywords":"0x8010000000000000","Level":"0","Opcode":"0","Provider":{"Guid":"{54849625-5478-4994-a5ba-3e3b0328c30d}","Name":"Microsoft-Windows-Security-Auditing"},"Security":"","Task":"12544","TimeCreated":{"SystemTime":"2025-06-10T02:49:31.6217133Z"},"Version":"0","_event_id":"4625"}}},"routing":{"arch":2,"did":"","event_id":"93635115-2184-4398-b47e-499680be615c","event_time":1749523772622,"event_type":"WEL","ext_ip":"34.171.104.183","hostname":"windows-server-2022-aac9c41d-e0a3-4e7e-88b8-33936ab93238-0.c.lc-demo-infra.internal.","iid":"09774cc8-cb43-4164-abd3-87230031c142","int_ip":"10.128.15.201","latency":2,"moduleid":2,"oid":"aac9c41d-e0a3-4e7e-88b8-33936ab93238","plat":268435456,"sid":"17b8710a-7337-4e64-9c18-2955e86f2d0d","tags":["fim","lc:stable","windows"],"this":"776ff0e0722c68115f71637968479d3c"},"ts":"2025-06-10 02:49:32"}
{"event":{"EVENT":{"EventData":{"AuthenticationPackageName":"NTLM","FailureReason":"%%2313","IpAddress":"45.227.253.61","IpPort":"0","KeyLength":"0","LmPackageName":"-","LogonProcessName":"NtLmSsp","LogonType":"3","ProcessId":"0x0","ProcessName":"-","Status":"0xc000006d","SubStatus":"0xc0000064","SubjectDomainName":"-","SubjectLogonId":"0x0","SubjectUserName":"-","SubjectUserSid":"S-1-0-0","TargetDomainName":"WINDOWS-SERVER-2022-AAC9C41D-E0A3-4E7E-88B8-33936AB93238-0","TargetUserName":"Admin","TargetUserSid":"S-1-0-0","TransmittedServices":"-","WorkstationName":"WIN-56DH2BBHACU"},"System":{"Channel":"Security","Computer":"windows-server-2022-aac9c41d-e0a3-4e7e-88b8-33936ab93238-0","Correlation":{"ActivityID":"{55ae049b-37ef-0001-ee39-a76a4ac5db01}"},"EventID":"4625","EventRecordID":"4417969","Execution":{"ProcessID":"648","ThreadID":"2096"},"Keywords":"0x8010000000000000","Level":"0","Opcode":"0","Provider":{"Guid":"{54849625-5478-4994-a5ba-3e3b0328c30d}","Name":"Microsoft-Windows-Security-Auditing"},"Security":"","Task":"12544","TimeCreated":{"SystemTime":"2025-06-10T02:49:31.8394609Z"},"Version":"0","_event_id":"4625"}}},"routing":{"arch":2,"did":"","event_id":"0d2495f9-ba79-4415-b938-ccee46b123fd","event_time":1749523772622,"event_type":"WEL","ext_ip":"34.171.104.183","hostname":"windows-server-2022-aac9c41d-e0a3-4e7e-88b8-33936ab93238-0.c.lc-demo-infra.internal.","iid":"09774cc8-cb43-4164-abd3-87230031c142","int_ip":"10.128.15.201","latency":12,"moduleid":2,"oid":"aac9c41d-e0a3-4e7e-88b8-33936ab93238","plat":268435456,"sid":"17b8710a-7337-4e64-9c18-2955e86f2d0d","tags":["fim","lc:stable","windows"],"this":"497d80cfddaba7abf7b6e15368479d3c"},"ts":"2025-06-10 02:49:32"}
{"event":{"PROCESS_ID":648,"REGISTRY_KEY":"\\REGISTRY\\MACHINE\\SAM\\SAM\\Domains\\Account\\Users\\000001F4\\F","REGISTRY_VALUE":"AwABAAAAAAAAAAAAAAAAAA==","SIZE":3,"TYPE":3},"routing":{"arch":2,"did":"","event_id":"177bc890-f564-4a41-b69b-481ef848a376","event_time":1749523771669,"event_type":"REGISTRY_WRITE","ext_ip":"34.58.90.170","hostname":"desktop-c2a1841.c.lc-demo-infra.internal.","iid":"09774cc8-cb43-4164-abd3-87230031c142","int_ip":"10.128.15.200","latency":424,"moduleid":2,"oid":"aac9c41d-e0a3-4e7e-88b8-33936ab93238","parent":"8ced3bfcbf30b0dc5810c9e36818de5e","plat":268435456,"sid":"c4ba6121-d13d-4871-82f8-4b5c5556761e","tags":["lc:testtag","windows"],"this":"d22521f885f6cfbb6e3a014268479d3c"},"ts":"2025-06-10 02:49:31"}
{"event":{"EVENT":{"EventData":{"AuthenticationPackageName":"NTLM","FailureReason":"%%2313","IpAddress":"92.63.197.197","IpPort":"0","KeyLength":"0","LmPackageName":"-","LogonProcessName":"NtLmSsp","LogonType":"3","ProcessId":"0x0","ProcessName":"-","Status":"0xc000006d","SubStatus":"0xc000006a","SubjectDomainName":"-","SubjectLogonId":"0x0","SubjectUserName":"-","SubjectUserSid":"S-1-0-0","TargetDomainName":"windows-server-2022-aac9c41d-e0a3-4e7e-88b8-33936ab93238-0","TargetUserName":"administrator","TargetUserSid":"S-1-0-0","TransmittedServices":"-","WorkstationName":"E06S19"},"System":{"Channel":"Security","Computer":"windows-server-2022-aac9c41d-e0a3-4e7e-88b8-33936ab93238-0","Correlation":{"ActivityID":"{55ae049b-37ef-0001-ee39-a76a4ac5db01}"},"EventID":"4625","EventRecordID":"4417966","Execution":{"ProcessID":"648","ThreadID":"2096"},"Keywords":"0x8010000000000000","Level":"0","Opcode":"0","Provider":{"Guid":"{54849625-5478-4994-a5ba-3e3b0328c30d}","Name":"Microsoft-Windows-Security-Auditing"},"Security":"","Task":"12544","TimeCreated":{"SystemTime":"2025-06-10T02:49:29.9952439Z"},"Version":"0","_event_id":"4625"}}},"routing":{"arch":2,"did":"","event_id":"1d46b367-4fb7-4b20-b1cb-1c3c4367b83f","event_time":1749523770980,"event_type":"WEL","ext_ip":"34.171.104.183","hostname":"windows-server-2022-aac9c41d-e0a3-4e7e-88b8-33936ab93238-0.c.lc-demo-infra.internal.","iid":"09774cc8-cb43-4164-abd3-87230031c142","int_ip":"10.128.15.201","latency":3,"moduleid":2,"oid":"aac9c41d-e0a3-4e7e-88b8-33936ab93238","plat":268435456,"sid":"17b8710a-7337-4e64-9c18-2955e86f2d0d","tags":["fim","lc:stable","windows"],"this":"469672d2d0d58bd25c40defc68479d3a"},"ts":"2025-06-10 02:49:30"}
{"event":{"EVENT":{"EventData":{"AuthenticationPackageName":"NTLM","FailureReason":"%%2313","IpAddress":"45.227.253.61","IpPort":"0","KeyLength":"0","LmPackageName":"-","LogonProcessName":"NtLmSsp","LogonType":"3","ProcessId":"0x0","ProcessName":"-","Status":"0xc000006d","SubStatus":"0xc0000064","SubjectDomainName":"-","SubjectLogonId":"0x0","SubjectUserName":"-","SubjectUserSid":"S-1-0-0","TargetDomainName":"WINDOWS-SERVER-2022-AAC9C41D-E0A3-4E7E-88B8-33936AB93238-0","TargetUserName":"Admin","TargetUserSid":"S-1-0-0","TransmittedServices":"-","WorkstationName":"WIN-56DH2BBHACU"},"System":{"Channel":"Security","Computer":"windows-server-2022-aac9c41d-e0a3-4e7e-88b8-33936ab93238-0","Correlation":{"ActivityID":"{55ae049b-37ef-0001-ee39-a76a4ac5db01}"},"EventID":"4625","EventRecordID":"4417967","Execution":{"ProcessID":"648","ThreadID":"2096"},"Keywords":"0x8010000000000000","Level":"0","Opcode":"0","Provider":{"Guid":"{54849625-5478-4994-a5ba-3e3b0328c30d}","Name":"Microsoft-Windows-Security-Auditing"},"Security":"","Task":"12544","TimeCreated":{"SystemTime":"2025-06-10T02:49:30.0466439Z"},"Version":"0","_event_id":"4625"}}},"routing":{"arch":2,"did":"","event_id":"92c0cb44-37cf-498e-9c17-924acbfb485f","event_time":1749523770980,"event_type":"WEL","ext_ip":"34.171.104.183","hostname":"windows-server-2022-aac9c41d-e0a3-4e7e-88b8-33936ab93238-0.c.lc-demo-infra.internal.","iid":"09774cc8-cb43-4164-abd3-87230031c142","int_ip":"10.128.15.201","latency":4,"moduleid":2,"oid":"aac9c41d-e0a3-4e7e-88b8-33936ab93238","plat":268435456,"sid":"17b8710a-7337-4e64-9c18-2955e86f2d0d","tags":["fim","lc:stable","windows"],"this":"2b2b53ceeaa28c88bd353dfc68479d3a"},"ts":"2025-06-10 02:49:30"}
{"event":{"EVENT":{"EventData":{"AuthenticationPackageName":"NTLM","FailureReason":"%%2313","IpAddress":"173.163.187.1","IpPort":"0","KeyLength":"0","LmPackageName":"-","LogonProcessName":"NtLmSsp","LogonType":"3","ProcessId":"0x0","ProcessName":"-","Status":"0xc000006d","SubStatus":"0xc000006a","SubjectDomainName":"-","SubjectLogonId":"0x0","SubjectUserName":"-","SubjectUserSid":"S-1-0-0","TargetDomainName":"","TargetUserName":"administrator","TargetUserSid":"S-1-0-0","TransmittedServices":"-","WorkstationName":"workstation"},"System":{"Channel":"Security","Computer":"DESKTOP-C2A1841","Correlation":{"ActivityID":"{352b8892-aa45-0001-ddca-25f63c52db01}"},"EventID":"4625","EventRecordID":"4683436","Execution":{"ProcessID":"648","ThreadID":"16540"},"Keywords":"0x8010000000000000","Level":"0","Opcode":"0","Provider":{"Guid":"{54849625-5478-4994-a5ba-3e3b0328c30d}","Name":"Microsoft-Windows-Security-Auditing"},"Security":"","Task":"12544","TimeCreated":{"SystemTime":"2025-06-10T02:49:27.6973011Z"},"Version":"0","_event_id":"4625"}}},"routing":{"arch":2,"did":"","event_id":"83e9371f-2615-4083-a4a0-a329cee40f4d","event_time":1749523769698,"event_type":"WEL","ext_ip":"34.58.90.170","hostname":"desktop-c2a1841.c.lc-demo-infra.internal.","iid":"09774cc8-cb43-4164-abd3-87230031c142","int_ip":"10.128.15.200","latency":-29,"moduleid":2,"oid":"aac9c41d-e0a3-4e7e-88b8-33936ab93238","plat":268435456,"sid":"c4ba6121-d13d-4871-82f8-4b5c5556761e","tags":["lc:testtag","windows"],"this":"5531549ad74b3880e10a4fa468479d39"},"ts":"2025-06-10 02:49:29"}
{"event":{"EVENT":{"EventData":{"AuthenticationPackageName":"NTLM","FailureReason":"%%2313","IpAddress":"45.227.253.61","IpPort":"0","KeyLength":"0","LmPackageName":"-","LogonProcessName":"NtLmSsp","LogonType":"3","ProcessId":"0x0","ProcessName":"-","Status":"0xc000006d","SubStatus":"0xc0000064","SubjectDomainName":"-","SubjectLogonId":"0x0","SubjectUserName":"-","SubjectUserSid":"S-1-0-0","TargetDomainName":"WINDOWS-SERVER-2022-AAC9C41D-E0A3-4E7E-88B8-33936AB93238-0","TargetUserName":"Admin","TargetUserSid":"S-1-0-0","TransmittedServices":"-","WorkstationName":"WIN-56DH2BBHACU"},"System":{"Channel":"Security","Computer":"windows-server-2022-aac9c41d-e0a3-4e7e-88b8-33936ab93238-0","Correlation":{"ActivityID":"{55ae049b-37ef-0001-ee39-a76a4ac5db01}"},"EventID":"4625","EventRecordID":"4417964","Execution":{"ProcessID":"648","ThreadID":"2096"},"Keywords":"0x8010000000000000","Level":"0","Opcode":"0","Provider":{"Guid":"{54849625-5478-4994-a5ba-3e3b0328c30d}","Name":"Microsoft-Windows-Security-Auditing"},"Security":"","Task":"12544","TimeCreated":{"SystemTime":"2025-06-10T02:49:28.1865772Z"},"Version":"0","_event_id":"4625"}}},"routing":{"arch":2,"did":"","event_id":"94dc5d0d-7e32-4d58-adf1-746c49d21e95","event_time":1749523769198,"event_type":"WEL","ext_ip":"34.171.104.183","hostname":"windows-server-2022-aac9c41d-e0a3-4e7e-88b8-33936ab93238-0.c.lc-demo-infra.internal.","iid":"09774cc8-cb43-4164-abd3-87230031c142","int_ip":"10.128.15.201","latency":3,"moduleid":2,"oid":"aac9c41d-e0a3-4e7e-88b8-33936ab93238","plat":268435456,"sid":"17b8710a-7337-4e64-9c18-2955e86f2d0d","tags":["fim","lc:stable","windows"],"this":"e151997a9a3f3ad53a0d64bc68479d39"},"ts":"2025-06-10 02:49:29"}
{"event":{"EVENT":{"EventData":{"AuthenticationPackageName":"NTLM","FailureReason":"%%2313","IpAddress":"92.63.197.197","IpPort":"0","KeyLength":"0","LmPackageName":"-","LogonProcessName":"NtLmSsp","LogonType":"3","ProcessId":"0x0","ProcessName":"-","Status":"0xc000006d","SubStatus":"0xc000006a","SubjectDomainName":"-","SubjectLogonId":"0x0","SubjectUserName":"-","SubjectUserSid":"S-1-0-0","TargetDomainName":"windows-server-2022-aac9c41d-e0a3-4e7e-88b8-33936ab93238-0","TargetUserName":"administrator","TargetUserSid":"S-1-0-0","TransmittedServices":"-","WorkstationName":"E06S19"},"System":{"Channel":"Security","Computer":"windows-server-2022-aac9c41d-e0a3-4e7e-88b8-33936ab93238-0","Correlation":{"ActivityID":"{55ae049b-37ef-0001-ee39-a76a4ac5db01}"},"EventID":"4625","EventRecordID":"4417965","Execution":{"ProcessID":"648","ThreadID":"2096"},"Keywords":"0x8010000000000000","Level":"0","Opcode":"0","Provider":{"Guid":"{54849625-5478-4994-a5ba-3e3b0328c30d}","Name":"Microsoft-Windows-Security-Auditing"},"Security":"","Task":"12544","TimeCreated":{"SystemTime":"2025-06-10T02:49:28.3681207Z"},"Version":"0","_event_id":"4625"}}},"routing":{"arch":2,"did":"","event_id":"1a0c5a5c-2553-45b2-b558-5a73fd8e7f0a","event_time":1749523769198,"event_type":"WEL","ext_ip":"34.171.104.183","hostname":"windows-server-2022-aac9c41d-e0a3-4e7e-88b8-33936ab93238-0.c.lc-demo-infra.internal.","iid":"09774cc8-cb43-4164-abd3-87230031c142","int_ip":"10.128.15.201","latency":7,"moduleid":2,"oid":"aac9c41d-e0a3-4e7e-88b8-33936ab93238","plat":268435456,"sid":"17b8710a-7337-4e64-9c18-2955e86f2d0d","tags":["fim","lc:stable","windows"],"this":"e7d444af92c37c644bef0f8568479d39"},"ts":"2025-06-10 02:49:29"}
{"event":{"PROCESS_ID":648,"REGISTRY_KEY":"\\REGISTRY\\MACHINE\\SAM\\SAM\\Domains\\Account\\Users\\000001F4\\F","REGISTRY_VALUE":"AwABAAAAAAAAAAAAAAAAAA==","SIZE":3,"TYPE":3},"routing":{"arch":2,"did":"","event_id":"ba8099dd-1b22-445d-aae2-fe438e45bd71","event_time":1749523768696,"event_type":"REGISTRY_WRITE","ext_ip":"34.58.90.170","hostname":"desktop-c2a1841.c.lc-demo-infra.internal.","iid":"09774cc8-cb43-4164-abd3-87230031c142","int_ip":"10.128.15.200","latency":376,"moduleid":2,"oid":"aac9c41d-e0a3-4e7e-88b8-33936ab93238","parent":"8ced3bfcbf30b0dc5810c9e36818de5e","plat":268435456,"sid":"c4ba6121-d13d-4871-82f8-4b5c5556761e","tags":["lc:testtag","windows"],"this":"f25d330363e5f86774e489ed68479d39"},"ts":"2025-06-10 02:49:28"}
{"event":{"EVENT":{"EventData":{"AuthenticationPackageName":"NTLM","FailureReason":"%%2313","IpAddress":"45.227.253.61","IpPort":"0","KeyLength":"0","LmPackageName":"-","LogonProcessName":"NtLmSsp","LogonType":"3","ProcessId":"0x0","ProcessName":"-","Status":"0xc000006d","SubStatus":"0xc0000064","SubjectDomainName":"-","SubjectLogonId":"0x0","SubjectUserName":"-","SubjectUserSid":"S-1-0-0","TargetDomainName":"WINDOWS-SERVER-2022-AAC9C41D-E0A3-4E7E-88B8-33936AB93238-0","TargetUserName":"Admin","TargetUserSid":"S-1-0-0","TransmittedServices":"-","WorkstationName":"WIN-56DH2BBHACU"},"System":{"Channel":"Security","Computer":"windows-server-2022-aac9c41d-e0a3-4e7e-88b8-33936ab93238-0","Correlation":{"ActivityID":"{55ae049b-37ef-0001-ee39-a76a4ac5db01}"},"EventID":"4625","EventRecordID":"4417962","Execution":{"ProcessID":"648","ThreadID":"2096"},"Keywords":"0x8010000000000000","Level":"0","Opcode":"0","Provider":{"Guid":"{54849625-5478-4994-a5ba-3e3b0328c30d}","Name":"Microsoft-Windows-Security-Auditing"},"Security":"","Task":"12544","TimeCreated":{"SystemTime":"2025-06-10T02:49:26.4259854Z"},"Version":"0","_event_id":"4625"}}},"routing":{"arch":2,"did":"","event_id":"9b8bf1f6-1d05-44a3-b371-6aecbfc9595b","event_time":1749523767416,"event_type":"WEL","ext_ip":"34.171.104.183","hostname":"windows-server-2022-aac9c41d-e0a3-4e7e-88b8-33936ab93238-0.c.lc-demo-infra.internal.","iid":"09774cc8-cb43-4164-abd3-87230031c142","int_ip":"10.128.15.201","latency":2,"moduleid":2,"oid":"aac9c41d-e0a3-4e7e-88b8-33936ab93238","plat":268435456,"sid":"17b8710a-7337-4e64-9c18-2955e86f2d0d","tags":["fim","lc:stable","windows"],"this":"5568335fbcd5d1e88c10eeaf68479d37"},"ts":"2025-06-10 02:49:27"}
{"event":{"EVENT":{"EventData":{"AuthenticationPackageName":"NTLM","FailureReason":"%%2313","IpAddress":"92.63.197.197","IpPort":"0","KeyLength":"0","LmPackageName":"-","LogonProcessName":"NtLmSsp","LogonType":"3","ProcessId":"0x0","ProcessName":"-","Status":"0xc000006d","SubStatus":"0xc000006a","SubjectDomainName":"-","SubjectLogonId":"0x0","SubjectUserName":"-","SubjectUserSid":"S-1-0-0","TargetDomainName":"windows-server-2022-aac9c41d-e0a3-4e7e-88b8-33936ab93238-0","TargetUserName":"administrator","TargetUserSid":"S-1-0-0","TransmittedServices":"-","WorkstationName":"E06S19"},"System":{"Channel":"Security","Computer":"windows-server-2022-aac9c41d-e0a3-4e7e-88b8-33936ab93238-0","Correlation":{"ActivityID":"{55ae049b-37ef-0001-ee39-a76a4ac5db01}"},"EventID":"4625","EventRecordID":"4417963","Execution":{"ProcessID":"648","ThreadID":"2096"},"Keywords":"0x8010000000000000","Level":"0","Opcode":"0","Provider":{"Guid":"{54849625-5478-4994-a5ba-3e3b0328c30d}","Name":"Microsoft-Windows-Security-Auditing"},"Security":"","Task":"12544","TimeCreated":{"SystemTime":"2025-06-10T02:49:26.7346768Z"},"Version":"0","_event_id":"4625"}}},"routing":{"arch":2,"did":"","event_id":"671f36f1-d011-439e-af83-e56a696fd2b4","event_time":1749523767416,"event_type":"WEL","ext_ip":"34.171.104.183","hostname":"windows-server-2022-aac9c41d-e0a3-4e7e-88b8-33936ab93238-0.c.lc-demo-infra.internal.","iid":"09774cc8-cb43-4164-abd3-87230031c142","int_ip":"10.128.15.201","latency":4,"moduleid":2,"oid":"aac9c41d-e0a3-4e7e-88b8-33936ab93238","plat":268435456,"sid":"17b8710a-7337-4e64-9c18-2955e86f2d0d","tags":["fim","lc:stable","windows"],"this":"736098d7ec64f9ed2c4246ae68479d37"},"ts":"2025-06-10 02:49:27"}
{"event":{"COMMAND_LINE":"C:\\Windows\\System32\\svchost.exe -k termsvcs -s TermService","CREATION_TIME":1747280142928,"FILE_IS_SIGNED":1,"FILE_PATH":"C:\\Windows\\System32\\svchost.exe","HASH":"d7f10571f58adbe122f615b869eb42b05286770148067cbf88054c38f1bca4c4","NETWORK_ACTIVITY":[{"DESTINATION":{"IP_ADDRESS":"10.128.15.201","PORT":3389},"IS_OUTGOING":0,"PROTOCOL":"tcp4","SOURCE":{"IP_ADDRESS":"45.227.253.61","PORT":9210},"TIMESTAMP":1749523734809},{"DESTINATION":{"IP_ADDRESS":"10.128.15.201","PORT":3389},"IS_OUTGOING":0,"PROTOCOL":"tcp4","SOURCE":{"IP_ADDRESS":"197.210.194.240","PORT":56317},"TIMESTAMP":1749523735075},{"DESTINATION":{"IP_ADDRESS":"10.128.15.201","PORT":3389},"IS_OUTGOING":0,"PROTOCOL":"tcp4","SOURCE":{"IP_ADDRESS":"45.227.253.61","PORT":25351},"TIMESTAMP":1749523736560},{"DESTINATION":{"IP_ADDRESS":"10.128.15.201","PORT":3389},"IS_OUTGOING":0,"PROTOCOL":"tcp4","SOURCE":{"IP_ADDRESS":"38.255.59.5","PORT":52719},"TIMESTAMP":1749523736952},{"DESTINATION":{"IP_ADDRESS":"10.128.15.201","PORT":3389},"IS_OUTGOING":0,"PROTOCOL":"tcp4","SOURCE":{"IP_ADDRESS":"45.227.253.61","PORT":40985},"TIMESTAMP":1749523738344},{"DESTINATION":{"IP_ADDRESS":"10.128.15.201","PORT":3389},"IS_OUTGOING":0,"PROTOCOL":"tcp4","SOURCE":{"IP_ADDRESS":"45.227.253.61","PORT":56489},"TIMESTAMP":1749523740110},{"DESTINATION":{"IP_ADDRESS":"10.128.15.201","PORT":3389},"IS_OUTGOING":0,"PROTOCOL":"tcp4","SOURCE":{"IP_ADDRESS":"185.45.228.192","PORT":58357},"TIMESTAMP":1749523740766},{"DESTINATION":{"IP_ADDRESS":"10.128.15.201","PORT":3389},"IS_OUTGOING":0,"PROTOCOL":"tcp4","SOURCE":{"IP_ADDRESS":"155.254.30.153","PORT":65270},"TIMESTAMP":1749523741407},{"DESTINATION":{"IP_ADDRESS":"10.128.15.201","PORT":3389},"IS_OUTGOING":0,"PROTOCOL":"tcp4","SOURCE":{"IP_ADDRESS":"45.227.253.61","PORT":13556},"TIMESTAMP":1749523741861},{"DESTINATION":{"IP_ADDRESS":"10.128.15.201","PORT":3389},"IS_OUTGOING":0,"PROTOCOL":"tcp4","SOURCE":{"IP_ADDRESS":"45.227.253.61","PORT":29808},"TIMESTAMP":1749523743847},{"DESTINATION":{"IP_ADDRESS":"10.128.15.201","PORT":3389},"IS_OUTGOING":0,"PROTOCOL":"tcp4","SOURCE":{"IP_ADDRESS":"194.180.48.29","PORT":19721},"TIMESTAMP":1749523744441},{"DESTINATION":{"IP_ADDRESS":"10.128.15.201","PORT":3389},"IS_OUTGOING":0,"PROTOCOL":"tcp4","SOURCE":{"IP_ADDRESS":"92.63.197.197","PORT":12901},"TIMESTAMP":1749523744598},{"DESTINATION":{"IP_ADDRESS":"10.128.15.201","PORT":3389},"IS_OUTGOING":0,"PROTOCOL":"tcp4","SOURCE":{"IP_ADDRESS":"92.63.197.197","PORT":14723},"TIMESTAMP":1749523744817},{"DESTINATION":{"IP_ADDRESS":"10.128.15.201","PORT":3389},"IS_OUTGOING":0,"PROTOCOL":"tcp4","SOURCE":{"IP_ADDRESS":"45.227.253.61","PORT":46248},"TIMESTAMP":1749523745631},{"DESTINATION":{"IP_ADDRESS":"10.128.15.201","PORT":3389},"IS_OUTGOING":0,"PROTOCOL":"tcp4","SOURCE":{"IP_ADDRESS":"92.63.197.197","PORT":28451},"TIMESTAMP":1749523746443},{"DESTINATION":{"IP_ADDRESS":"10.128.15.201","PORT":3389},"IS_OUTGOING":0,"PROTOCOL":"tcp4","SOURCE":{"IP_ADDRESS":"45.227.253.61","PORT":2861},"TIMESTAMP":1749523747397},{"DESTINATION":{"IP_ADDRESS":"10.128.15.201","PORT":3389},"IS_OUTGOING":0,"PROTOCOL":"tcp4","SOURCE":{"IP_ADDRESS":"92.63.197.197","PORT":42014},"TIMESTAMP":1749523748069},{"DESTINATION":{"IP_ADDRESS":"10.128.15.201","PORT":3389},"IS_OUTGOING":0,"PROTOCOL":"tcp4","SOURCE":{"IP_ADDRESS":"45.227.253.61","PORT":19359},"TIMESTAMP":1749523749384},{"DESTINATION":{"IP_ADDRESS":"10.128.15.201","PORT":3389},"IS_OUTGOING":0,"PROTOCOL":"tcp4","SOURCE":{"IP_ADDRESS":"92.63.197.197","PORT":55259},"TIMESTAMP":1749523749712},{"DESTINATION":{"IP_ADDRESS":"10.128.15.201","PORT":3389},"IS_OUTGOING":0,"PROTOCOL":"tcp4","SOURCE":{"IP_ADDRESS":"172.81.128.225","PORT":59896},"TIMESTAMP":1749523749869},{"DESTINATION":{"IP_ADDRESS":"10.128.15.201","PORT":3389},"IS_OUTGOING":0,"PROTOCOL":"tcp4","SOURCE":{"IP_ADDRESS":"45.227.253.61","PORT":36658},"TIMESTAMP":1749523751150},{"DESTINATION":{"IP_ADDRESS":"10.128.15.201","PORT":3389},"IS_OUTGOING":0,"PROTOCOL":"tcp4","SOURCE":{"IP_ADDRESS":"92.63.197.197","PORT":9922},"TIMESTAMP":1749523751353},{"DESTINATION":{"IP_ADDRESS":"10.128.15.201","PORT":3389},"IS_OUTGOING":0,"PROTOCOL":"tcp4","SOURCE":{"IP_ADDRESS":"45.227.253.61","PORT":52336},"TIMESTAMP":1749523752917},{"DESTINATION":{"IP_ADDRESS":"10.128.15.201","PORT":3389},"IS_OUTGOING":0,"PROTOCOL":"tcp4","SOURCE":{"IP_ADDRESS":"92.63.197.197","PORT":23601},"TIMESTAMP":1749523752995},{"DESTINATION":{"IP_ADDRESS":"10.128.15.201","PORT":3389},"IS_OUTGOING":0,"PROTOCOL":"tcp4","SOURCE":{"IP_ADDRESS":"92.63.197.197","PORT":37084},"TIMESTAMP":1749523754622},{"DESTINATION":{"IP_ADDRESS":"10.128.15.201","PORT":3389},"IS_OUTGOING":0,"PROTOCOL":"tcp4","SOURCE":{"IP_ADDRESS":"45.227.253.61","PORT":9986},"TIMESTAMP":1749523754778},{"DESTINATION":{"IP_ADDRESS":"10.128.15.201","PORT":3389},"IS_OUTGOING":0,"PROTOCOL":"tcp4","SOURCE":{"IP_ADDRESS":"92.63.197.197","PORT":50457},"TIMESTAMP":1749523756249},{"DESTINATION":{"IP_ADDRESS":"10.128.15.201","PORT":3389},"IS_OUTGOING":0,"PROTOCOL":"tcp4","SOURCE":{"IP_ADDRESS":"45.227.253.61","PORT":26366},"TIMESTAMP":1749523756812},{"DESTINATION":{"IP_ADDRESS":"10.128.15.201","PORT":3389},"IS_OUTGOING":0,"PROTOCOL":"tcp4","SOURCE":{"IP_ADDRESS":"92.63.197.197","PORT":4585},"TIMESTAMP":1749523757890},{"DESTINATION":{"IP_ADDRESS":"10.128.15.201","PORT":3389},"IS_OUTGOING":0,"PROTOCOL":"tcp4","SOURCE":{"IP_ADDRESS":"45.227.253.61","PORT":42303},"TIMESTAMP":1749523758579},{"DESTINATION":{"IP_ADDRESS":"10.128.15.201","PORT":3389},"IS_OUTGOING":0,"PROTOCOL":"tcp4","SOURCE":{"IP_ADDRESS":"92.63.197.197","PORT":18411},"TIMESTAMP":1749523759548},{"DESTINATION":{"IP_ADDRESS":"10.128.15.201","PORT":3389},"IS_OUTGOING":0,"PROTOCOL":"tcp4","SOURCE":{"IP_ADDRESS":"45.227.253.61","PORT":58702},"TIMESTAMP":1749523760392},{"DESTINATION":{"IP_ADDRESS":"10.128.15.201","PORT":3389},"IS_OUTGOING":0,"PROTOCOL":"tcp4","SOURCE":{"IP_ADDRESS":"92.63.197.197","PORT":31896},"TIMESTAMP":1749523761174},{"DESTINATION":{"IP_ADDRESS":"10.128.15.201","PORT":3389},"IS_OUTGOING":0,"PROTOCOL":"tcp4","SOURCE":{"IP_ADDRESS":"45.227.253.61","PORT":15211},"TIMESTAMP":1749523762192},{"DESTINATION":{"IP_ADDRESS":"10.128.15.201","PORT":3389},"IS_OUTGOING":0,"PROTOCOL":"tcp4","SOURCE":{"IP_ADDRESS":"92.63.197.197","PORT":45331},"TIMESTAMP":1749523762801},{"DESTINATION":{"IP_ADDRESS":"10.128.15.201","PORT":3389},"IS_OUTGOING":0,"PROTOCOL":"tcp4","SOURCE":{"IP_ADDRESS":"45.227.253.61","PORT":31252},"TIMESTAMP":1749523763959},{"DESTINATION":{"IP_ADDRESS":"10.128.15.201","PORT":3389},"IS_OUTGOING":0,"PROTOCOL":"tcp4","SOURCE":{"IP_ADDRESS":"92.63.197.197","PORT":58695},"TIMESTAMP":1749523764429}],"PARENT_PROCESS_ID":628,"PROCESS_ID":1000,"USER_NAME":"NT AUTHORITY\\NETWORK SERVICE"},"routing":{"arch":2,"did":"","event_id":"c8ce0b9a-f52a-4294-9fae-742590f1f9ea","event_time":1749523765524,"event_type":"NETWORK_CONNECTIONS","ext_ip":"34.171.104.183","hostname":"windows-server-2022-aac9c41d-e0a3-4e7e-88b8-33936ab93238-0.c.lc-demo-infra.internal.","iid":"09774cc8-cb43-4164-abd3-87230031c142","int_ip":"10.128.15.201","latency":3,"moduleid":2,"oid":"aac9c41d-e0a3-4e7e-88b8-33936ab93238","parent":"05ab479aa6538d9ae515552b68256120","plat":268435456,"sid":"17b8710a-7337-4e64-9c18-2955e86f2d0d","tags":["fim","lc:stable","windows"],"this":"85cea3aff4d0a440b3d4d2be68479d35"},"ts":"2025-06-10 02:49:25"}
{"event":{"COMMAND_LINE":"C:\\Windows\\system32\\svchost.exe -k NetworkService -p -s CryptSvc","CREATION_TIME":1747280144972,"FILE_IS_SIGNED":1,"FILE_PATH":"C:\\Windows\\system32\\svchost.exe","HASH":"d7f10571f58adbe122f615b869eb42b05286770148067cbf88054c38f1bca4c4","NETWORK_ACTIVITY":[{"DESTINATION":{"IP_ADDRESS":"23.203.52.75","PORT":80},"IS_OUTGOING":1,"PROTOCOL":"tcp4","SOURCE":{"IP_ADDRESS":"10.128.15.201","PORT":59594},"TIMESTAMP":1749523758204}],"PARENT_PROCESS_ID":628,"PROCESS_ID":2492,"USER_NAME":"NT AUTHORITY\\NETWORK SERVICE"},"routing":{"arch":2,"did":"","event_id":"b436eed0-10de-4a3d-8ebd-456a0f38a47f","event_time":1749523765524,"event_type":"NETWORK_CONNECTIONS","ext_ip":"34.171.104.183","hostname":"windows-server-2022-aac9c41d-e0a3-4e7e-88b8-33936ab93238-0.c.lc-demo-infra.internal.","iid":"09774cc8-cb43-4164-abd3-87230031c142","int_ip":"10.128.15.201","latency":4,"moduleid":2,"oid":"aac9c41d-e0a3-4e7e-88b8-33936ab93238","parent":"389f5b1a71cff84c3390141668256120","plat":268435456,"sid":"17b8710a-7337-4e64-9c18-2955e86f2d0d","tags":["fim","lc:stable","windows"],"this":"67ed5c261f0718110137b06968479d35"},"ts":"2025-06-10 02:49:25"}
{"event":{"EVENT":{"EventData":{"AuthenticationPackageName":"NTLM","FailureReason":"%%2313","IpAddress":"45.227.253.61","IpPort":"0","KeyLength":"0","LmPackageName":"-","LogonProcessName":"NtLmSsp","LogonType":"3","ProcessId":"0x0","ProcessName":"-","Status":"0xc000006d","SubStatus":"0xc0000064","SubjectDomainName":"-","SubjectLogonId":"0x0","SubjectUserName":"-","SubjectUserSid":"S-1-0-0","TargetDomainName":"WINDOWS-SERVER-2022-AAC9C41D-E0A3-4E7E-88B8-33936AB93238-0","TargetUserName":"Admin","TargetUserSid":"S-1-0-0","TransmittedServices":"-","WorkstationName":"WIN-56DH2BBHACU"},"System":{"Channel":"Security","Computer":"windows-server-2022-aac9c41d-e0a3-4e7e-88b8-33936ab93238-0","Correlation":{"ActivityID":"{55ae049b-37ef-0001-ee39-a76a4ac5db01}"},"EventID":"4625","EventRecordID":"4417960","Execution":{"ProcessID":"648","ThreadID":"2096"},"Keywords":"0x8010000000000000","Level":"0","Opcode":"0","Provider":{"Guid":"{54849625-5478-4994-a5ba-3e3b0328c30d}","Name":"Microsoft-Windows-Security-Auditing"},"Security":"","Task":"12544","TimeCreated":{"SystemTime":"2025-06-10T02:49:24.6353106Z"},"Version":"0","_event_id":"4625"}}},"routing":{"arch":2,"did":"","event_id":"8e08120a-8be2-4625-8576-2a6ba64188d8","event_time":1749523765634,"event_type":"WEL","ext_ip":"34.171.104.183","hostname":"windows-server-2022-aac9c41d-e0a3-4e7e-88b8-33936ab93238-0.c.lc-demo-infra.internal.","iid":"09774cc8-cb43-4164-abd3-87230031c142","int_ip":"10.128.15.201","latency":2,"moduleid":2,"oid":"aac9c41d-e0a3-4e7e-88b8-33936ab93238","plat":268435456,"sid":"17b8710a-7337-4e64-9c18-2955e86f2d0d","tags":["fim","lc:stable","windows"],"this":"ffcb48cb124dc272e76da79568479d35"},"ts":"2025-06-10 02:49:25"}
