{"event":{"EVENTS":[{"event":{"BASE_ADDRESS":140695173398528,"COMMAND_LINE":"C:\\Windows\\system32\\lsass.exe","CREATION_TIME":1734629975444,"FILE_IS_SIGNED":1,"FILE_PATH":"C:\\Windows\\system32\\lsass.exe","HASH":"e69356111240657e6435edf2e3a4bbac9c89957ef2d34fc620b8b7dbf564a862","MEMORY_USAGE":23429120,"PARENT":{"FILE_IS_SIGNED":1,"FILE_PATH":"\\Device\\HarddiskVolume3\\Windows\\System32\\wininit.exe","HASH":"fe7a0b26e504062b3a424d540e3f1f5cab8f2db5a421fbbb8b779122d11bd2af","MEMORY_USAGE":1646592,"PARENT_PROCESS_ID":408,"PROCESS_ID":496,"THIS_ATOM":"2f4ae26b214080d8fe7e92e56818de5d","THREADS":3,"TIMESTAMP":1746460253959,"USER_NAME":"NT AUTHORITY\\SYSTEM"},"PARENT_PROCESS_ID":496,"PROCESS_ID":648,"THREADS":9,"USER_NAME":"NT AUTHORITY\\SYSTEM"},"routing":{"arch":2,"did":"","event_id":"e82b637b-2ae3-4b76-9724-4bb5de0ac8c7","event_time":1746460254397,"event_type":"EXISTING_PROCESS","ext_ip":"34.58.90.170","hostname":"desktop-c2a1841.c.lc-demo-infra.internal.","iid":"09774cc8-cb43-4164-abd3-87230031c142","int_ip":"10.128.15.200","latency":3063453081,"moduleid":2,"oid":"aac9c41d-e0a3-4e7e-88b8-33936ab93238","parent":"2f4ae26b214080d8fe7e92e56818de5d","plat":268435456,"sid":"c4ba6121-d13d-4871-82f8-4b5c5556761e","tags":["lc:testtag","windows"],"this":"8ced3bfcbf30b0dc5810c9e36818de5e"}},{"event":{"ACCESS_FLAGS":4112,"PARENT_PROCESS_ID":17500,"PROCESS_ID":648,"SOURCE":{"BASE_ADDRESS":140698865238016,"COMMAND_LINE":"C:\\Windows\\system32\\rundll32.exe","FILE_IS_SIGNED":1,"FILE_PATH":"C:\\Windows\\system32\\rundll32.exe","HASH":"b53f3c0cd32d7f20849850768da6431e5f876b7bfa61db0aa0700b02873393fa","MEMORY_USAGE":8048640,"PARENT_ATOM":"1f7d51435a96b7487a36ddd86818de60","PARENT_PROCESS_ID":2232,"PROCESS_ID":17500,"THIS_ATOM":"67a22db6e5c4ede56b2f4a3f68479cfa","THREADS":3,"TIMESTAMP":1749523706114,"USER_NAME":"NT AUTHORITY\\SYSTEM"},"TARGET":{"BASE_ADDRESS":140695173398528,"COMMAND_LINE":"C:\\Windows\\system32\\lsass.exe","CREATION_TIME":1734629975444,"FILE_IS_SIGNED":1,"FILE_PATH":"C:\\Windows\\system32\\lsass.exe","HASH":"e69356111240657e6435edf2e3a4bbac9c89957ef2d34fc620b8b7dbf564a862","MEMORY_USAGE":23429120,"PARENT_ATOM":"2f4ae26b214080d8fe7e92e56818de5d","PARENT_PROCESS_ID":496,"PROCESS_ID":648,"THIS_ATOM":"8ced3bfcbf30b0dc5810c9e36818de5e","THREADS":9,"TIMESTAMP":1746460254397,"USER_NAME":"NT AUTHORITY\\SYSTEM"}},"routing":{"arch":2,"did":"","event_id":"3d9d62ee-6e48-4c88-b614-f3acfd900e6f","event_time":1749523706755,"event_type":"REMOTE_PROCESS_HANDLE","ext_ip":"34.58.90.170","hostname":"desktop-c2a1841.c.lc-demo-infra.internal.","iid":"09774cc8-cb43-4164-abd3-87230031c142","int_ip":"10.128.15.200","latency":723,"moduleid":2,"oid":"aac9c41d-e0a3-4e7e-88b8-33936ab93238","parent":"67a22db6e5c4ede56b2f4a3f68479cfa","plat":268435456,"sid":"c4ba6121-d13d-4871-82f8-4b5c5556761e","tags":["lc:testtag","windows"],"target":"8ced3bfcbf30b0dc5810c9e36818de5e","this":"a6da7f3ca138bfd5455a178368479cfb"}}]},"routing":{"arch":2,"did":"","event_id":"8eea40c8-3f2e-4e78-ab50-155c4a062aa2","event_time":1749523707506,"event_type":"SENSITIVE_PROCESS_ACCESS","ext_ip":"34.58.90.170","hostname":"desktop-c2a1841.c.lc-demo-infra.internal.","iid":"09774cc8-cb43-4164-abd3-87230031c142","int_ip":"10.128.15.200","latency":-27,"moduleid":2,"oid":"aac9c41d-e0a3-4e7e-88b8-33936ab93238","parent":"67a22db6e5c4ede56b2f4a3f68479cfa","plat":268435456,"sid":"c4ba6121-d13d-4871-82f8-4b5c5556761e","tags":["lc:testtag","windows"],"target":"8ced3bfcbf30b0dc5810c9e36818de5e","this":"3a9732f42a24cd51474c2a1b68479cfb"},"ts":"2025-06-10 02:48:27"}
{"event":{"PARENT_PROCESS_ID":2232,"PROCESS_ID":17652},"routing":{"arch":2,"did":"","event_id":"0d58d4ef-c97b-495a-b155-d43eb0309742","event_time":1749523707787,"event_type":"TERMINATE_PROCESS","ext_ip":"34.58.90.170","hostname":"desktop-c2a1841.c.lc-demo-infra.internal.","iid":"09774cc8-cb43-4164-abd3-87230031c142","int_ip":"10.128.15.200","latency":3975,"moduleid":2,"oid":"aac9c41d-e0a3-4e7e-88b8-33936ab93238","parent":"8ff2ad1fc041eaa4c42c7d0e68479cf9","plat":268435456,"sid":"c4ba6121-d13d-4871-82f8-4b5c5556761e","tags":["lc:testtag","windows"],"this":"6810dad2a7ef48fbf419bf0a68479cff"},"ts":"2025-06-10 02:48:27"}
{"event":{"PARENT_PROCESS_ID":17652,"PROCESS_ID":18384},"routing":{"arch":2,"did":"","event_id":"c9791648-0646-4163-8b4b-f53cd1468c33","event_time":1749523707787,"event_type":"TERMINATE_PROCESS","ext_ip":"34.58.90.170","hostname":"desktop-c2a1841.c.lc-demo-infra.internal.","iid":"09774cc8-cb43-4164-abd3-87230031c142","int_ip":"10.128.15.200","latency":3978,"moduleid":2,"oid":"aac9c41d-e0a3-4e7e-88b8-33936ab93238","parent":"4fae1713d62b3db6e4258d0368479cf9","plat":268435456,"sid":"c4ba6121-d13d-4871-82f8-4b5c5556761e","tags":["lc:testtag","windows"],"this":"9e985b11037b29b386219fec68479cff"},"ts":"2025-06-10 02:48:27"}
{"event":{"PARENT_PROCESS_ID":17652,"PROCESS_ID":18200},"routing":{"arch":2,"did":"","event_id":"e3df1396-6943-4bee-9132-f064c64e0f2c","event_time":1749523707787,"event_type":"TERMINATE_PROCESS","ext_ip":"34.58.90.170","hostname":"desktop-c2a1841.c.lc-demo-infra.internal.","iid":"09774cc8-cb43-4164-abd3-87230031c142","int_ip":"10.128.15.200","latency":3979,"moduleid":2,"oid":"aac9c41d-e0a3-4e7e-88b8-33936ab93238","parent":"9d51c218ef60423aadfa8f4d68479cf9","plat":268435456,"sid":"c4ba6121-d13d-4871-82f8-4b5c5556761e","tags":["lc:testtag","windows"],"this":"e0f70bba4ea8d98f63194c7168479cff"},"ts":"2025-06-10 02:48:27"}
{"event":{"EVENT":{"EventData":{"AuthenticationPackageName":"NTLM","FailureReason":"%%2313","IpAddress":"45.227.253.61","IpPort":"0","KeyLength":"0","LmPackageName":"-","LogonProcessName":"NtLmSsp","LogonType":"3","ProcessId":"0x0","ProcessName":"-","Status":"0xc000006d","SubStatus":"0xc0000064","SubjectDomainName":"-","SubjectLogonId":"0x0","SubjectUserName":"-","SubjectUserSid":"S-1-0-0","TargetDomainName":"WINDOWS-SERVER-2022-AAC9C41D-E0A3-4E7E-88B8-33936AB93238-0","TargetUserName":"Admin","TargetUserSid":"S-1-0-0","TransmittedServices":"-","WorkstationName":"WIN-56DH2BBHACU"},"System":{"Channel":"Security","Computer":"windows-server-2022-aac9c41d-e0a3-4e7e-88b8-33936ab93238-0","Correlation":{"ActivityID":"{55ae049b-37ef-0001-ee39-a76a4ac5db01}"},"EventID":"4625","EventRecordID":"4417908","Execution":{"ProcessID":"648","ThreadID":"2096"},"Keywords":"0x8010000000000000","Level":"0","Opcode":"0","Provider":{"Guid":"{54849625-5478-4994-a5ba-3e3b0328c30d}","Name":"Microsoft-Windows-Security-Auditing"},"Security":"","Task":"12544","TimeCreated":{"SystemTime":"2025-06-10T02:48:25.0962073Z"},"Version":"0","_event_id":"4625"}}},"routing":{"arch":2,"did":"","event_id":"2766d185-f689-4ded-ac8f-77f4a6654e74","event_time":1749523706093,"event_type":"WEL","ext_ip":"34.171.104.183","hostname":"windows-server-2022-aac9c41d-e0a3-4e7e-88b8-33936ab93238-0.c.lc-demo-infra.internal.","iid":"09774cc8-cb43-4164-abd3-87230031c142","int_ip":"10.128.15.201","latency":2,"moduleid":2,"oid":"aac9c41d-e0a3-4e7e-88b8-33936ab93238","plat":268435456,"sid":"17b8710a-7337-4e64-9c18-2955e86f2d0d","tags":["fim","lc:stable","windows"],"this":"8294e3d1c423e28c9d363f4c68479cfa"},"ts":"2025-06-10 02:48:26"}
{"event":{"EVENTS":[{"event":{"BASE_ADDRESS":140694709731328,"COMMAND_LINE":"C:\\Windows\\system32\\lsass.exe","CREATION_TIME":1747280141656,"FILE_IS_SIGNED":1,"FILE_PATH":"C:\\Windows\\system32\\lsass.exe","HASH":"2f5eee700a18d1457bcf1a27b23d721bb762ccfc1e6f82ae7df27cb2e4a88ce5","MEMORY_USAGE":16502784,"PARENT":{"FILE_IS_SIGNED":1,"FILE_PATH":"\\Device\\HarddiskVolume3\\Windows\\System32\\wininit.exe","HASH":"6a427b5aea3c30ba91dc2ed1014561ea9226483e11fb48fc9ede07a42376cf14","MEMORY_USAGE":7421952,"PARENT_PROCESS_ID":408,"PROCESS_ID":488,"THIS_ATOM":"30f4c8d36afcbb0f8b6f1f6b6825611e","THREADS":8,"TIMESTAMP":1747280158426,"USER_NAME":"NT AUTHORITY\\SYSTEM"},"PARENT_PROCESS_ID":488,"PROCESS_ID":648,"THREADS":12,"USER_NAME":"NT AUTHORITY\\SYSTEM"},"routing":{"arch":2,"did":"","event_id":"2eb2e283-31a5-4eca-9f84-232c69cc4e70","event_time":1747280158614,"event_type":"EXISTING_PROCESS","ext_ip":"34.171.104.183","hostname":"windows-server-2022-aac9c41d-e0a3-4e7e-88b8-33936ab93238-0.c.lc-demo-infra.internal.","iid":"09774cc8-cb43-4164-abd3-87230031c142","int_ip":"10.128.15.201","latency":2243547598,"moduleid":2,"oid":"aac9c41d-e0a3-4e7e-88b8-33936ab93238","parent":"30f4c8d36afcbb0f8b6f1f6b6825611e","plat":268435456,"sid":"17b8710a-7337-4e64-9c18-2955e86f2d0d","tags":["fim","lc:stable","windows"],"this":"e8c31d58de119f51f86baa856825611e"}},{"event":{"ACCESS_FLAGS":5136,"PARENT_PROCESS_ID":6224,"PROCESS_ID":648,"SOURCE":{"BASE_ADDRESS":140698767654912,"COMMAND_LINE":"C:\\Windows\\system32\\wbem\\wmiprvse.exe -secured -Embedding","FILE_IS_SIGNED":1,"FILE_PATH":"C:\\Windows\\system32\\wbem\\wmiprvse.exe","HASH":"1792731e030b7fe35a7eb21c9f907eae6e4ac381de918003f2709185c4ce0a5a","MEMORY_USAGE":11243520,"PARENT_ATOM":"32ab94087088c4967913285d68256120","PARENT_PROCESS_ID":756,"PROCESS_ID":6224,"THIS_ATOM":"e62a73ad77322c7809239c9e68479cf0","THREADS":9,"TIMESTAMP":1749523695817,"USER_NAME":"NT AUTHORITY\\NETWORK SERVICE"},"TARGET":{"BASE_ADDRESS":140694709731328,"COMMAND_LINE":"C:\\Windows\\system32\\lsass.exe","CREATION_TIME":1747280141656,"FILE_IS_SIGNED":1,"FILE_PATH":"C:\\Windows\\system32\\lsass.exe","HASH":"2f5eee700a18d1457bcf1a27b23d721bb762ccfc1e6f82ae7df27cb2e4a88ce5","MEMORY_USAGE":16502784,"PARENT_ATOM":"30f4c8d36afcbb0f8b6f1f6b6825611e","PARENT_PROCESS_ID":488,"PROCESS_ID":648,"THIS_ATOM":"e8c31d58de119f51f86baa856825611e","THREADS":12,"TIMESTAMP":1747280158614,"USER_NAME":"NT AUTHORITY\\SYSTEM"}},"routing":{"arch":2,"did":"","event_id":"d6ba8cd5-ff25-45a8-9772-14a2be886e97","event_time":1749523705812,"event_type":"REMOTE_PROCESS_HANDLE","ext_ip":"34.171.104.183","hostname":"windows-server-2022-aac9c41d-e0a3-4e7e-88b8-33936ab93238-0.c.lc-demo-infra.internal.","iid":"09774cc8-cb43-4164-abd3-87230031c142","int_ip":"10.128.15.201","latency":400,"moduleid":2,"oid":"aac9c41d-e0a3-4e7e-88b8-33936ab93238","parent":"e62a73ad77322c7809239c9e68479cf0","plat":268435456,"sid":"17b8710a-7337-4e64-9c18-2955e86f2d0d","tags":["fim","lc:stable","windows"],"target":"e8c31d58de119f51f86baa856825611e","this":"3494d5cf249555a2e385350268479cfa"}}]},"routing":{"arch":2,"did":"","event_id":"4cf85326-1a87-41b2-9a62-22737f10ac47","event_time":1749523706203,"event_type":"SENSITIVE_PROCESS_ACCESS","ext_ip":"34.171.104.183","hostname":"windows-server-2022-aac9c41d-e0a3-4e7e-88b8-33936ab93238-0.c.lc-demo-infra.internal.","iid":"09774cc8-cb43-4164-abd3-87230031c142","int_ip":"10.128.15.201","latency":9,"moduleid":2,"oid":"aac9c41d-e0a3-4e7e-88b8-33936ab93238","parent":"e62a73ad77322c7809239c9e68479cf0","plat":268435456,"sid":"17b8710a-7337-4e64-9c18-2955e86f2d0d","tags":["fim","lc:stable","windows"],"target":"e8c31d58de119f51f86baa856825611e","this":"ed6e9d008d40d107b27baafb68479cfa"},"ts":"2025-06-10 02:48:26"}
{"event":{"COMMAND_LINE":"C:\\Windows\\system32\\cmd.exe /C netstat -na | findstr \"EST\"","FILE_IS_SIGNED":1,"FILE_PATH":"C:\\Windows\\system32\\cmd.exe","HASH":"fc45691495eec0f9de50ccd574ead3a2d83e3088f1a3ad514f46ed84a70efa21","MEMORY_USAGE":36864,"PARENT":{"BASE_ADDRESS":140699920498688,"COMMAND_LINE":"C:\\Windows\\System32\\rundll32.exe","FILE_IS_SIGNED":1,"FILE_PATH":"C:\\Windows\\System32\\rundll32.exe","HASH":"02f6a04b3373f195152fb1b4aeafe25bf8ef4411dc020c2238c541bcc3dc309b","MEMORY_USAGE":10584064,"PARENT_ATOM":"ea0e323ff091a2712a29c65f68256125","PARENT_PROCESS_ID":4432,"PROCESS_ID":4576,"THIS_ATOM":"fdef27258c485456799b40c268256125","THREADS":6,"TIMESTAMP":1747280158786,"USER_NAME":"NT AUTHORITY\\SYSTEM"},"PARENT_PROCESS_ID":4576,"PROCESS_ID":2264,"USER_NAME":"NT AUTHORITY\\SYSTEM"},"routing":{"arch":2,"did":"","event_id":"afc90289-d24d-41f7-8f9f-584631fe3cfd","event_time":1749523706093,"event_type":"NEW_PROCESS","ext_ip":"34.171.104.183","hostname":"windows-server-2022-aac9c41d-e0a3-4e7e-88b8-33936ab93238-0.c.lc-demo-infra.internal.","iid":"09774cc8-cb43-4164-abd3-87230031c142","int_ip":"10.128.15.201","latency":913,"moduleid":2,"oid":"aac9c41d-e0a3-4e7e-88b8-33936ab93238","parent":"fdef27258c485456799b40c268256125","plat":268435456,"sid":"17b8710a-7337-4e64-9c18-2955e86f2d0d","tags":["fim","lc:stable","windows"],"this":"a8dbf70d824eaf4922e3023668479cfa"},"ts":"2025-06-10 02:48:26"}
{"event":{"COMMAND_LINE":"\\??\\C:\\Windows\\system32\\conhost.exe 0xffffffff -ForceV1","FILE_IS_SIGNED":1,"FILE_PATH":"C:\\Windows\\System32\\Conhost.exe","HASH":"91c5c21d07fbc2f5344dc2a5e9e0b83a9f051f92d3dc2b25ff1c18ad96ae773a","PARENT":{"COMMAND_LINE":"C:\\Windows\\system32\\cmd.exe /C netstat -na | findstr \"EST\"","FILE_IS_SIGNED":1,"FILE_PATH":"C:\\Windows\\system32\\cmd.exe","HASH":"fc45691495eec0f9de50ccd574ead3a2d83e3088f1a3ad514f46ed84a70efa21","MEMORY_USAGE":36864,"PARENT_ATOM":"fdef27258c485456799b40c268256125","PARENT_PROCESS_ID":4576,"PROCESS_ID":2264,"THIS_ATOM":"a8dbf70d824eaf4922e3023668479cfa","TIMESTAMP":1749523706093,"USER_NAME":"NT AUTHORITY\\SYSTEM"},"PARENT_PROCESS_ID":2264,"PROCESS_ID":3188},"routing":{"arch":2,"did":"","event_id":"3d0d4ec8-c5e6-4a78-b1a1-be004603eaa8","event_time":1749523706093,"event_type":"NEW_PROCESS","ext_ip":"34.171.104.183","hostname":"windows-server-2022-aac9c41d-e0a3-4e7e-88b8-33936ab93238-0.c.lc-demo-infra.internal.","iid":"09774cc8-cb43-4164-abd3-87230031c142","int_ip":"10.128.15.201","latency":987,"moduleid":2,"oid":"aac9c41d-e0a3-4e7e-88b8-33936ab93238","parent":"a8dbf70d824eaf4922e3023668479cfa","plat":268435456,"sid":"17b8710a-7337-4e64-9c18-2955e86f2d0d","tags":["fim","lc:stable","windows"],"this":"ffa2129999e83cb5cf034dd868479cfb"},"ts":"2025-06-10 02:48:26"}
{"event":{"COMMAND_LINE":"netstat  -na ","FILE_IS_SIGNED":1,"FILE_PATH":"C:\\Windows\\system32\\NETSTAT.EXE","HASH":"8ad63014d94cf150b19b3af2e9c5ff5ec19b7acaff49d97afd3ac4c34b9df4f8","PARENT":{"COMMAND_LINE":"C:\\Windows\\system32\\cmd.exe /C netstat -na | findstr \"EST\"","FILE_IS_SIGNED":1,"FILE_PATH":"C:\\Windows\\system32\\cmd.exe","HASH":"fc45691495eec0f9de50ccd574ead3a2d83e3088f1a3ad514f46ed84a70efa21","MEMORY_USAGE":36864,"PARENT_ATOM":"fdef27258c485456799b40c268256125","PARENT_PROCESS_ID":4576,"PROCESS_ID":2264,"THIS_ATOM":"a8dbf70d824eaf4922e3023668479cfa","TIMESTAMP":1749523706093,"USER_NAME":"NT AUTHORITY\\SYSTEM"},"PARENT_PROCESS_ID":2264,"PROCESS_ID":7496},"routing":{"arch":2,"did":"","event_id":"2e36dfb5-a827-411b-a461-fdf99b4e4ff8","event_time":1749523706124,"event_type":"NEW_PROCESS","ext_ip":"34.171.104.183","hostname":"windows-server-2022-aac9c41d-e0a3-4e7e-88b8-33936ab93238-0.c.lc-demo-infra.internal.","iid":"09774cc8-cb43-4164-abd3-87230031c142","int_ip":"10.128.15.201","latency":959,"moduleid":2,"oid":"aac9c41d-e0a3-4e7e-88b8-33936ab93238","parent":"a8dbf70d824eaf4922e3023668479cfa","plat":268435456,"sid":"17b8710a-7337-4e64-9c18-2955e86f2d0d","tags":["fim","lc:stable","windows"],"this":"710580d8688cf7ca0bcc905568479cfb"},"ts":"2025-06-10 02:48:26"}
{"event":{"COMMAND_LINE":"findstr  \"EST\"","FILE_IS_SIGNED":1,"FILE_PATH":"C:\\Windows\\system32\\findstr.exe","HASH":"940cbec6750076f2a191cbc8da96aae1905f7d9709b48c839bbd52884eff1a45","MEMORY_USAGE":32768,"PARENT":{"COMMAND_LINE":"C:\\Windows\\system32\\cmd.exe /C netstat -na | findstr \"EST\"","FILE_IS_SIGNED":1,"FILE_PATH":"C:\\Windows\\system32\\cmd.exe","HASH":"fc45691495eec0f9de50ccd574ead3a2d83e3088f1a3ad514f46ed84a70efa21","MEMORY_USAGE":36864,"PARENT_ATOM":"fdef27258c485456799b40c268256125","PARENT_PROCESS_ID":4576,"PROCESS_ID":2264,"THIS_ATOM":"a8dbf70d824eaf4922e3023668479cfa","TIMESTAMP":1749523706093,"USER_NAME":"NT AUTHORITY\\SYSTEM"},"PARENT_PROCESS_ID":2264,"PROCESS_ID":1112,"USER_NAME":"NT AUTHORITY\\SYSTEM"},"routing":{"arch":2,"did":"","event_id":"6c15ed25-4c07-4e40-992f-a26566126859","event_time":1749523706140,"event_type":"NEW_PROCESS","ext_ip":"34.171.104.183","hostname":"windows-server-2022-aac9c41d-e0a3-4e7e-88b8-33936ab93238-0.c.lc-demo-infra.internal.","iid":"09774cc8-cb43-4164-abd3-87230031c142","int_ip":"10.128.15.201","latency":946,"moduleid":2,"oid":"aac9c41d-e0a3-4e7e-88b8-33936ab93238","parent":"a8dbf70d824eaf4922e3023668479cfa","plat":268435456,"sid":"17b8710a-7337-4e64-9c18-2955e86f2d0d","tags":["fim","lc:stable","windows"],"this":"90eb609fb9f5aeffa44b09c068479cfb"},"ts":"2025-06-10 02:48:26"}
{"event":{"BASE_ADDRESS":140696877596672,"COMMAND_LINE":"C:\\Windows\\system32\\cmd.exe /C systeminfo","FILE_IS_SIGNED":1,"FILE_PATH":"C:\\Windows\\system32\\cmd.exe","HASH":"fc45691495eec0f9de50ccd574ead3a2d83e3088f1a3ad514f46ed84a70efa21","MEMORY_USAGE":4259840,"PARENT":{"BASE_ADDRESS":140699920498688,"COMMAND_LINE":"C:\\Windows\\System32\\rundll32.exe","FILE_IS_SIGNED":1,"FILE_PATH":"C:\\Windows\\System32\\rundll32.exe","HASH":"02f6a04b3373f195152fb1b4aeafe25bf8ef4411dc020c2238c541bcc3dc309b","MEMORY_USAGE":10584064,"PARENT_ATOM":"ea0e323ff091a2712a29c65f68256125","PARENT_PROCESS_ID":4432,"PROCESS_ID":4576,"THIS_ATOM":"fdef27258c485456799b40c268256125","THREADS":6,"TIMESTAMP":1747280158786,"USER_NAME":"NT AUTHORITY\\SYSTEM"},"PARENT_PROCESS_ID":4576,"PROCESS_ID":6744,"THREADS":3,"USER_NAME":"NT AUTHORITY\\SYSTEM"},"routing":{"arch":2,"did":"","event_id":"ba05a207-e6c7-4eeb-9f4a-9146e37f64d7","event_time":1749523706296,"event_type":"NEW_PROCESS","ext_ip":"34.171.104.183","hostname":"windows-server-2022-aac9c41d-e0a3-4e7e-88b8-33936ab93238-0.c.lc-demo-infra.internal.","iid":"09774cc8-cb43-4164-abd3-87230031c142","int_ip":"10.128.15.201","latency":867,"moduleid":2,"oid":"aac9c41d-e0a3-4e7e-88b8-33936ab93238","parent":"fdef27258c485456799b40c268256125","plat":268435456,"sid":"17b8710a-7337-4e64-9c18-2955e86f2d0d","tags":["fim","lc:stable","windows"],"this":"9349cd870d0d1c2e7d4bfab068479cfb"},"ts":"2025-06-10 02:48:26"}
{"event":{"BASE_ADDRESS":140700357165056,"COMMAND_LINE":"\\??\\C:\\Windows\\system32\\conhost.exe 0xffffffff -ForceV1","FILE_IS_SIGNED":1,"FILE_PATH":"C:\\Windows\\System32\\Conhost.exe","HASH":"91c5c21d07fbc2f5344dc2a5e9e0b83a9f051f92d3dc2b25ff1c18ad96ae773a","MEMORY_USAGE":11739136,"PARENT":{"BASE_ADDRESS":140696877596672,"COMMAND_LINE":"C:\\Windows\\system32\\cmd.exe /C systeminfo","FILE_IS_SIGNED":1,"FILE_PATH":"C:\\Windows\\system32\\cmd.exe","HASH":"fc45691495eec0f9de50ccd574ead3a2d83e3088f1a3ad514f46ed84a70efa21","MEMORY_USAGE":4259840,"PARENT_ATOM":"fdef27258c485456799b40c268256125","PARENT_PROCESS_ID":4576,"PROCESS_ID":6744,"THIS_ATOM":"9349cd870d0d1c2e7d4bfab068479cfb","THREADS":3,"TIMESTAMP":1749523706296,"USER_NAME":"NT AUTHORITY\\SYSTEM"},"PARENT_PROCESS_ID":6744,"PROCESS_ID":6880,"THREADS":5,"USER_NAME":"NT AUTHORITY\\SYSTEM"},"routing":{"arch":2,"did":"","event_id":"14f0ce67-ea4d-49f6-a847-179dd25ae9a9","event_time":1749523706296,"event_type":"NEW_PROCESS","ext_ip":"34.171.104.183","hostname":"windows-server-2022-aac9c41d-e0a3-4e7e-88b8-33936ab93238-0.c.lc-demo-infra.internal.","iid":"09774cc8-cb43-4164-abd3-87230031c142","int_ip":"10.128.15.201","latency":873,"moduleid":2,"oid":"aac9c41d-e0a3-4e7e-88b8-33936ab93238","parent":"9349cd870d0d1c2e7d4bfab068479cfb","plat":268435456,"sid":"17b8710a-7337-4e64-9c18-2955e86f2d0d","tags":["fim","lc:stable","windows"],"this":"ffcd0cb94aa134e93ea49cdb68479cfb"},"ts":"2025-06-10 02:48:26"}
{"event":{"BASE_ADDRESS":140696290328576,"COMMAND_LINE":"systeminfo","FILE_IS_SIGNED":1,"FILE_PATH":"C:\\Windows\\system32\\systeminfo.exe","HASH":"2e85eaa3f38d773daf91846563e2fc466358db78cd4b73ba2dddb46edaed7238","MEMORY_USAGE":8593408,"PARENT":{"BASE_ADDRESS":140696877596672,"COMMAND_LINE":"C:\\Windows\\system32\\cmd.exe /C systeminfo","FILE_IS_SIGNED":1,"FILE_PATH":"C:\\Windows\\system32\\cmd.exe","HASH":"fc45691495eec0f9de50ccd574ead3a2d83e3088f1a3ad514f46ed84a70efa21","MEMORY_USAGE":4259840,"PARENT_ATOM":"fdef27258c485456799b40c268256125","PARENT_PROCESS_ID":4576,"PROCESS_ID":6744,"THIS_ATOM":"9349cd870d0d1c2e7d4bfab068479cfb","THREADS":3,"TIMESTAMP":1749523706296,"USER_NAME":"NT AUTHORITY\\SYSTEM"},"PARENT_PROCESS_ID":6744,"PROCESS_ID":8016,"THREADS":6,"USER_NAME":"NT AUTHORITY\\SYSTEM"},"routing":{"arch":2,"did":"","event_id":"8cf482ed-d43a-488a-b73e-2e0de389e874","event_time":1749523706328,"event_type":"NEW_PROCESS","ext_ip":"34.171.104.183","hostname":"windows-server-2022-aac9c41d-e0a3-4e7e-88b8-33936ab93238-0.c.lc-demo-infra.internal.","iid":"09774cc8-cb43-4164-abd3-87230031c142","int_ip":"10.128.15.201","latency":847,"moduleid":2,"oid":"aac9c41d-e0a3-4e7e-88b8-33936ab93238","parent":"9349cd870d0d1c2e7d4bfab068479cfb","plat":268435456,"sid":"17b8710a-7337-4e64-9c18-2955e86f2d0d","tags":["fim","lc:stable","windows"],"this":"128c000ec5cece07aef3b2b768479cfb"},"ts":"2025-06-10 02:48:26"}
{"event":{"PARENT_PROCESS_ID":4576,"PROCESS_ID":4176},"routing":{"arch":2,"did":"","event_id":"c9b9fe3f-3758-45de-b89a-ed5856d422a4","event_time":1749523706938,"event_type":"TERMINATE_PROCESS","ext_ip":"34.171.104.183","hostname":"windows-server-2022-aac9c41d-e0a3-4e7e-88b8-33936ab93238-0.c.lc-demo-infra.internal.","iid":"09774cc8-cb43-4164-abd3-87230031c142","int_ip":"10.128.15.201","latency":4051,"moduleid":2,"oid":"aac9c41d-e0a3-4e7e-88b8-33936ab93238","parent":"c1bcf66bb7a5a0e6abd6c50168479cf9","plat":268435456,"sid":"17b8710a-7337-4e64-9c18-2955e86f2d0d","tags":["fim","lc:stable","windows"],"this":"93e9b6eb3f8d26f4c8c126b768479cfe"},"ts":"2025-06-10 02:48:26"}
{"event":{"PARENT_PROCESS_ID":4176,"PROCESS_ID":6456},"routing":{"arch":2,"did":"","event_id":"0536d355-eeec-43eb-9623-ccf1567dfa74","event_time":1749523706938,"event_type":"TERMINATE_PROCESS","ext_ip":"34.171.104.183","hostname":"windows-server-2022-aac9c41d-e0a3-4e7e-88b8-33936ab93238-0.c.lc-demo-infra.internal.","iid":"09774cc8-cb43-4164-abd3-87230031c142","int_ip":"10.128.15.201","latency":4053,"moduleid":2,"oid":"aac9c41d-e0a3-4e7e-88b8-33936ab93238","parent":"dc52b83615dbfc56843b024d68479cf9","plat":268435456,"sid":"17b8710a-7337-4e64-9c18-2955e86f2d0d","tags":["fim","lc:stable","windows"],"this":"bc668b199bf5edfe59193e5668479cfe"},"ts":"2025-06-10 02:48:26"}
{"event":{"PARENT_PROCESS_ID":4176,"PROCESS_ID":6460},"routing":{"arch":2,"did":"","event_id":"af2bf187-3800-42a7-9429-a9f885af7770","event_time":1749523706938,"event_type":"TERMINATE_PROCESS","ext_ip":"34.171.104.183","hostname":"windows-server-2022-aac9c41d-e0a3-4e7e-88b8-33936ab93238-0.c.lc-demo-infra.internal.","iid":"09774cc8-cb43-4164-abd3-87230031c142","int_ip":"10.128.15.201","latency":4054,"moduleid":2,"oid":"aac9c41d-e0a3-4e7e-88b8-33936ab93238","parent":"e2f34ddff901f3c903a9ecc468479cf9","plat":268435456,"sid":"17b8710a-7337-4e64-9c18-2955e86f2d0d","tags":["fim","lc:stable","windows"],"this":"b728444b452c8d99bdf76f4d68479cfe"},"ts":"2025-06-10 02:48:26"}
{"event":{"PARENT_PROCESS_ID":4576,"PROCESS_ID":1072},"routing":{"arch":2,"did":"","event_id":"9aec036c-17a9-424d-b01a-f6f03afc095b","event_time":1749523706938,"event_type":"TERMINATE_PROCESS","ext_ip":"34.171.104.183","hostname":"windows-server-2022-aac9c41d-e0a3-4e7e-88b8-33936ab93238-0.c.lc-demo-infra.internal.","iid":"09774cc8-cb43-4164-abd3-87230031c142","int_ip":"10.128.15.201","latency":4055,"moduleid":2,"oid":"aac9c41d-e0a3-4e7e-88b8-33936ab93238","parent":"45d323a0017ddda810c8558168479cf9","plat":268435456,"sid":"17b8710a-7337-4e64-9c18-2955e86f2d0d","tags":["fim","lc:stable","windows"],"this":"1d791b676aaf0e8da329a3f468479cfe"},"ts":"2025-06-10 02:48:26"}
{"event":{"PARENT_PROCESS_ID":1072,"PROCESS_ID":8200},"routing":{"arch":2,"did":"","event_id":"d7809855-9331-42ca-9f71-25e2ae04b3f9","event_time":1749523706938,"event_type":"TERMINATE_PROCESS","ext_ip":"34.171.104.183","hostname":"windows-server-2022-aac9c41d-e0a3-4e7e-88b8-33936ab93238-0.c.lc-demo-infra.internal.","iid":"09774cc8-cb43-4164-abd3-87230031c142","int_ip":"10.128.15.201","latency":4057,"moduleid":2,"oid":"aac9c41d-e0a3-4e7e-88b8-33936ab93238","parent":"6ac2a3456b06a8227f3a01e768479cf9","plat":268435456,"sid":"17b8710a-7337-4e64-9c18-2955e86f2d0d","tags":["fim","lc:stable","windows"],"this":"4d889fd6dc161cccb747735168479cfe"},"ts":"2025-06-10 02:48:26"}
{"event":{"PARENT_PROCESS_ID":1072,"PROCESS_ID":4916},"routing":{"arch":2,"did":"","event_id":"d1f7d703-cde1-4af9-8193-91b8a84e569c","event_time":1749523706938,"event_type":"TERMINATE_PROCESS","ext_ip":"34.171.104.183","hostname":"windows-server-2022-aac9c41d-e0a3-4e7e-88b8-33936ab93238-0.c.lc-demo-infra.internal.","iid":"09774cc8-cb43-4164-abd3-87230031c142","int_ip":"10.128.15.201","latency":4055,"moduleid":2,"oid":"aac9c41d-e0a3-4e7e-88b8-33936ab93238","parent":"948647f2e63065463a898b5568479cf9","plat":268435456,"sid":"17b8710a-7337-4e64-9c18-2955e86f2d0d","tags":["fim","lc:stable","windows"],"this":"52fcd7b7be08f0011494176068479cfe"},"ts":"2025-06-10 02:48:26"}
{"event":{"ENVIRONMENT_VARIABLES":["ALLUSERSPROFILE=C:\\ProgramData","APPDATA=C:\\Windows\\system32\\config\\systemprofile\\AppData\\Roaming","CommonProgramFiles=C:\\Program Files\\Common Files","CommonProgramFiles(x86)=C:\\Program Files (x86)\\Common Files","CommonProgramW6432=C:\\Program Files\\Common Files","COMPUTERNAME=DESKTOP-C2A1841","ComSpec=C:\\Windows\\system32\\cmd.exe","DriverData=C:\\Windows\\System32\\Drivers\\DriverData","GooGetRoot=C:\\ProgramData\\GooGet","LOCALAPPDATA=C:\\Windows\\system32\\config\\systemprofile\\AppData\\Local","NUMBER_OF_PROCESSORS=2","OS=Windows_NT","Path=C:\\Windows\\system32;C:\\Windows;C:\\Windows\\System32\\Wbem;C:\\Windows\\System32\\WindowsPowerShell\\v1.0\\;C:\\Windows\\System32\\OpenSSH\\;C:\\ProgramData\\GooGet;C:\\Program Files\\Google\\Compute Engine\\metadata_scripts;C:\\Program Files\\Google\\Compute Engine\\sysprep;C:\\Windows\\system32\\config\\systemprofile\\AppData\\Local\\Microsoft\\WindowsApps","PATHEXT=.COM;.EXE;.BAT;.CMD;.VBS;.VBE;.JS;.JSE;.WSF;.WSH;.MSC","PROCESSOR_ARCHITECTURE=AMD64","PROCESSOR_IDENTIFIER=Intel64 Family 6 Model 79 Stepping 0, GenuineIntel","PROCESSOR_LEVEL=6","PROCESSOR_REVISION=4f00","ProgramData=C:\\ProgramData","ProgramFiles=C:\\Program Files","ProgramFiles(x86)=C:\\Program Files (x86)","ProgramW6432=C:\\Program Files","PSModulePath=%ProgramFiles%\\WindowsPowerShell\\Modules;C:\\Windows\\system32\\WindowsPowerShell\\v1.0\\Modules","PUBLIC=C:\\Users\\Public","SystemDrive=C:","SystemRoot=C:\\Windows","TEMP=C:\\Windows\\TEMP","TMP=C:\\Windows\\TEMP","USERDOMAIN=WORKGROUP","USERNAME=DESKTOP-C2A1841$","USERPROFILE=C:\\Windows\\system32\\config\\systemprofile","windir=C:\\Windows"],"PROCESS_ID":17228},"routing":{"arch":2,"did":"","event_id":"84f3e68a-7ab3-48bf-94b7-3928abca7fbe","event_time":1749523706520,"event_type":"PROCESS_ENVIRONMENT","ext_ip":"34.58.90.170","hostname":"desktop-c2a1841.c.lc-demo-infra.internal.","iid":"09774cc8-cb43-4164-abd3-87230031c142","int_ip":"10.128.15.200","latency":-18,"moduleid":2,"oid":"aac9c41d-e0a3-4e7e-88b8-33936ab93238","parent":"2785f0577123fd5d2bcb461e68479cfa","plat":268435456,"sid":"c4ba6121-d13d-4871-82f8-4b5c5556761e","tags":["lc:testtag","windows"],"this":"8e672d2f84feefa7bb19885068479cfa"},"ts":"2025-06-10 02:48:26"}
{"event":{"ENVIRONMENT_VARIABLES":["ALLUSERSPROFILE=C:\\ProgramData","APPDATA=C:\\Windows\\system32\\config\\systemprofile\\AppData\\Roaming","CommonProgramFiles=C:\\Program Files\\Common Files","CommonProgramFiles(x86)=C:\\Program Files (x86)\\Common Files","CommonProgramW6432=C:\\Program Files\\Common Files","COMPUTERNAME=DESKTOP-C2A1841","ComSpec=C:\\Windows\\system32\\cmd.exe","DriverData=C:\\Windows\\System32\\Drivers\\DriverData","GooGetRoot=C:\\ProgramData\\GooGet","LOCALAPPDATA=C:\\Windows\\system32\\config\\systemprofile\\AppData\\Local","NUMBER_OF_PROCESSORS=2","OS=Windows_NT","Path=C:\\Windows\\system32;C:\\Windows;C:\\Windows\\System32\\Wbem;C:\\Windows\\System32\\WindowsPowerShell\\v1.0\\;C:\\Windows\\System32\\OpenSSH\\;C:\\ProgramData\\GooGet;C:\\Program Files\\Google\\Compute Engine\\metadata_scripts;C:\\Program Files\\Google\\Compute Engine\\sysprep;C:\\Windows\\system32\\config\\systemprofile\\AppData\\Local\\Microsoft\\WindowsApps","PATHEXT=.COM;.EXE;.BAT;.CMD;.VBS;.VBE;.JS;.JSE;.WSF;.WSH;.MSC","PROCESSOR_ARCHITECTURE=AMD64","PROCESSOR_IDENTIFIER=Intel64 Family 6 Model 79 Stepping 0, GenuineIntel","PROCESSOR_LEVEL=6","PROCESSOR_REVISION=4f00","ProgramData=C:\\ProgramData","ProgramFiles=C:\\Program Files","ProgramFiles(x86)=C:\\Program Files (x86)","ProgramW6432=C:\\Program Files","PSModulePath=%ProgramFiles%\\WindowsPowerShell\\Modules;C:\\Windows\\system32\\WindowsPowerShell\\v1.0\\Modules","PUBLIC=C:\\Users\\Public","SystemDrive=C:","SystemRoot=C:\\Windows","TEMP=C:\\Windows\\TEMP","TMP=C:\\Windows\\TEMP","USERDOMAIN=WORKGROUP","USERNAME=DESKTOP-C2A1841$","USERPROFILE=C:\\Windows\\system32\\config\\systemprofile","windir=C:\\Windows"],"PROCESS_ID":12028},"routing":{"arch":2,"did":"","event_id":"d718f904-251a-4846-861c-80781ee4a33a","event_time":1749523706536,"event_type":"PROCESS_ENVIRONMENT","ext_ip":"34.58.90.170","hostname":"desktop-c2a1841.c.lc-demo-infra.internal.","iid":"09774cc8-cb43-4164-abd3-87230031c142","int_ip":"10.128.15.200","latency":-22,"moduleid":2,"oid":"aac9c41d-e0a3-4e7e-88b8-33936ab93238","parent":"e4d53cac89318e0ae6a4865568479cfa","plat":268435456,"sid":"c4ba6121-d13d-4871-82f8-4b5c5556761e","tags":["lc:testtag","windows"],"this":"17ae4775262ed471661963ef68479cfa"},"ts":"2025-06-10 02:48:26"}
{"event":{"ENVIRONMENT_VARIABLES":["ALLUSERSPROFILE=C:\\ProgramData","APPDATA=C:\\Windows\\system32\\config\\systemprofile\\AppData\\Roaming","CommonProgramFiles=C:\\Program Files\\Common Files","CommonProgramFiles(x86)=C:\\Program Files (x86)\\Common Files","CommonProgramW6432=C:\\Program Files\\Common Files","COMPUTERNAME=DESKTOP-C2A1841","ComSpec=C:\\Windows\\system32\\cmd.exe","DriverData=C:\\Windows\\System32\\Drivers\\DriverData","GooGetRoot=C:\\ProgramData\\GooGet","LOCALAPPDATA=C:\\Windows\\system32\\config\\systemprofile\\AppData\\Local","NUMBER_OF_PROCESSORS=2","OS=Windows_NT","Path=C:\\Windows\\system32;C:\\Windows;C:\\Windows\\System32\\Wbem;C:\\Windows\\System32\\WindowsPowerShell\\v1.0\\;C:\\Windows\\System32\\OpenSSH\\;C:\\ProgramData\\GooGet;C:\\Program Files\\Google\\Compute Engine\\metadata_scripts;C:\\Program Files\\Google\\Compute Engine\\sysprep;C:\\Windows\\system32\\config\\systemprofile\\AppData\\Local\\Microsoft\\WindowsApps","PATHEXT=.COM;.EXE;.BAT;.CMD;.VBS;.VBE;.JS;.JSE;.WSF;.WSH;.MSC","PROCESSOR_ARCHITECTURE=AMD64","PROCESSOR_IDENTIFIER=Intel64 Family 6 Model 79 Stepping 0, GenuineIntel","PROCESSOR_LEVEL=6","PROCESSOR_REVISION=4f00","ProgramData=C:\\ProgramData","ProgramFiles=C:\\Program Files","ProgramFiles(x86)=C:\\Program Files (x86)","ProgramW6432=C:\\Program Files","PSModulePath=%ProgramFiles%\\WindowsPowerShell\\Modules;C:\\Windows\\system32\\WindowsPowerShell\\v1.0\\Modules","PUBLIC=C:\\Users\\Public","SystemDrive=C:","SystemRoot=C:\\Windows","TEMP=C:\\Windows\\TEMP","TMP=C:\\Windows\\TEMP","USERDOMAIN=WORKGROUP","USERNAME=DESKTOP-C2A1841$","USERPROFILE=C:\\Windows\\system32\\config\\systemprofile","windir=C:\\Windows"],"PROCESS_ID":8080},"routing":{"arch":2,"did":"","event_id":"aacdbf8b-03e7-43b2-918c-f14a0639d64d","event_time":1749523706552,"event_type":"PROCESS_ENVIRONMENT","ext_ip":"34.58.90.170","hostname":"desktop-c2a1841.c.lc-demo-infra.internal.","iid":"09774cc8-cb43-4164-abd3-87230031c142","int_ip":"10.128.15.200","latency":-25,"moduleid":2,"oid":"aac9c41d-e0a3-4e7e-88b8-33936ab93238","parent":"f68d9762f5d1f47fe615617868479cfa","plat":268435456,"sid":"c4ba6121-d13d-4871-82f8-4b5c5556761e","tags":["lc:testtag","windows"],"this":"7a5074047217a498faeb0ae668479cfa"},"ts":"2025-06-10 02:48:26"}
{"event":{"ENVIRONMENT_VARIABLES":["ALLUSERSPROFILE=C:\\ProgramData","APPDATA=C:\\Windows\\system32\\config\\systemprofile\\AppData\\Roaming","CommonProgramFiles=C:\\Program Files\\Common Files","CommonProgramFiles(x86)=C:\\Program Files (x86)\\Common Files","CommonProgramW6432=C:\\Program Files\\Common Files","COMPUTERNAME=DESKTOP-C2A1841","ComSpec=C:\\Windows\\system32\\cmd.exe","DriverData=C:\\Windows\\System32\\Drivers\\DriverData","FPS_BROWSER_APP_PROFILE_STRING=Internet Explorer","FPS_BROWSER_USER_PROFILE_STRING=Default","GooGetRoot=C:\\ProgramData\\GooGet","LOCALAPPDATA=C:\\Windows\\system32\\config\\systemprofile\\AppData\\Local","NUMBER_OF_PROCESSORS=2","OS=Windows_NT","Path=C:\\Windows\\system32;C:\\Windows;C:\\Windows\\System32\\Wbem;C:\\Windows\\System32\\WindowsPowerShell\\v1.0\\;C:\\Windows\\System32\\OpenSSH\\;C:\\ProgramData\\GooGet;C:\\Program Files\\Google\\Compute Engine\\metadata_scripts;C:\\Program Files\\Google\\Compute Engine\\sysprep;C:\\Windows\\system32\\config\\systemprofile\\AppData\\Local\\Microsoft\\WindowsApps","PATHEXT=.COM;.EXE;.BAT;.CMD;.VBS;.VBE;.JS;.JSE;.WSF;.WSH;.MSC","PROCESSOR_ARCHITECTURE=AMD64","PROCESSOR_IDENTIFIER=Intel64 Family 6 Model 79 Stepping 0, GenuineIntel","PROCESSOR_LEVEL=6","PROCESSOR_REVISION=4f00","ProgramData=C:\\ProgramData","ProgramFiles=C:\\Program Files","ProgramFiles(x86)=C:\\Program Files (x86)","ProgramW6432=C:\\Program Files","PSModulePath=C:\\Program Files\\WindowsPowerShell\\Modules;C:\\Windows\\system32\\WindowsPowerShell\\v1.0\\Modules","PUBLIC=C:\\Users\\Public","SystemDrive=C:","SystemRoot=C:\\Windows","TEMP=C:\\Windows\\TEMP","TMP=C:\\Windows\\TEMP","USERDOMAIN=WORKGROUP","USERNAME=DESKTOP-C2A1841$","USERPROFILE=C:\\Windows\\system32\\config\\systemprofile","windir=C:\\Windows"],"PROCESS_ID":17500},"routing":{"arch":2,"did":"","event_id":"10d991fe-a7b3-4d32-ad70-14c7df199aec","event_time":1749523706567,"event_type":"PROCESS_ENVIRONMENT","ext_ip":"34.58.90.170","hostname":"desktop-c2a1841.c.lc-demo-infra.internal.","iid":"09774cc8-cb43-4164-abd3-87230031c142","int_ip":"10.128.15.200","latency":-27,"moduleid":2,"oid":"aac9c41d-e0a3-4e7e-88b8-33936ab93238","parent":"67a22db6e5c4ede56b2f4a3f68479cfa","plat":268435456,"sid":"c4ba6121-d13d-4871-82f8-4b5c5556761e","tags":["lc:testtag","windows"],"this":"a613b2c6865042b90716275668479cfa"},"ts":"2025-06-10 02:48:26"}
{"event":{"BASE_ADDRESS":140698865238016,"COMMAND_LINE":"C:\\Windows\\system32\\rundll32.exe","FILE_IS_SIGNED":1,"FILE_PATH":"C:\\Windows\\system32\\rundll32.exe","HASH":"b53f3c0cd32d7f20849850768da6431e5f876b7bfa61db0aa0700b02873393fa","MEMORY_USAGE":8048640,"PARENT":{"BASE_ADDRESS":140698865238016,"COMMAND_LINE":"C:\\Windows\\System32\\rundll32.exe","CREATION_TIME":1734629995072,"FILE_IS_SIGNED":1,"FILE_PATH":"C:\\Windows\\System32\\rundll32.exe","HASH":"b53f3c0cd32d7f20849850768da6431e5f876b7bfa61db0aa0700b02873393fa","MEMORY_USAGE":7294976,"PARENT_PROCESS_ID":2844,"PROCESS_ID":2232,"THIS_ATOM":"1f7d51435a96b7487a36ddd86818de60","THREADS":3,"TIMESTAMP":1746460256775,"USER_NAME":"NT AUTHORITY\\SYSTEM"},"PARENT_PROCESS_ID":2232,"PROCESS_ID":17500,"THREADS":3,"USER_NAME":"NT AUTHORITY\\SYSTEM"},"routing":{"arch":2,"did":"","event_id":"38dd021e-7958-4262-af2c-f6f435f6b10a","event_time":1749523706114,"event_type":"NEW_PROCESS","ext_ip":"34.58.90.170","hostname":"desktop-c2a1841.c.lc-demo-infra.internal.","iid":"09774cc8-cb43-4164-abd3-87230031c142","int_ip":"10.128.15.200","latency":423,"moduleid":2,"oid":"aac9c41d-e0a3-4e7e-88b8-33936ab93238","parent":"1f7d51435a96b7487a36ddd86818de60","plat":268435456,"sid":"c4ba6121-d13d-4871-82f8-4b5c5556761e","tags":["lc:testtag","windows"],"this":"67a22db6e5c4ede56b2f4a3f68479cfa"},"ts":"2025-06-10 02:48:26"}
{"event":{"EVENT":{"EventData":{"AuthenticationPackageName":"Negotiate","ElevatedToken":"%%1842","ImpersonationLevel":"%%1833","IpAddress":"-","IpPort":"-","KeyLength":"0","LmPackageName":"-","LogonGuid":"{00000000-0000-0000-0000-000000000000}","LogonProcessName":"Advapi","LogonType":"5","ProcessId":"0x270","ProcessName":"C:\\Windows\\System32\\services.exe","RestrictedAdminMode":"-","SubjectDomainName":"WORKGROUP","SubjectLogonId":"0x3e7","SubjectUserName":"DESKTOP-C2A1841$","SubjectUserSid":"S-1-5-18","TargetDomainName":"NT AUTHORITY","TargetLinkedLogonId":"0x0","TargetLogonId":"0x3e7","TargetOutboundDomainName":"-","TargetOutboundUserName":"-","TargetUserName":"SYSTEM","TargetUserSid":"S-1-5-18","TransmittedServices":"-","VirtualAccount":"%%1843","WorkstationName":"-"},"System":{"Channel":"Security","Computer":"DESKTOP-C2A1841","Correlation":{"ActivityID":"{352b8892-aa45-0001-ddca-25f63c52db01}"},"EventID":"4624","EventRecordID":"4683428","Execution":{"ProcessID":"648","ThreadID":"15328"},"Keywords":"0x8020000000000000","Level":"0","Opcode":"0","Provider":{"Guid":"{54849625-5478-4994-a5ba-3e3b0328c30d}","Name":"Microsoft-Windows-Security-Auditing"},"Security":"","Task":"12544","TimeCreated":{"SystemTime":"2025-06-10T02:48:24.6371920Z"},"Version":"2","_event_id":"4624"}}},"routing":{"arch":2,"did":"","event_id":"643db94e-184c-4e12-8c1e-15ba888ee66e","event_time":1749523706645,"event_type":"WEL","ext_ip":"34.58.90.170","hostname":"desktop-c2a1841.c.lc-demo-infra.internal.","iid":"09774cc8-cb43-4164-abd3-87230031c142","int_ip":"10.128.15.200","latency":-29,"moduleid":2,"oid":"aac9c41d-e0a3-4e7e-88b8-33936ab93238","plat":268435456,"sid":"c4ba6121-d13d-4871-82f8-4b5c5556761e","tags":["lc:testtag","windows"],"this":"e9eb5b9f55b8e7d517adc18968479cfa"},"ts":"2025-06-10 02:48:26"}
{"event":{"EVENT":{"EventData":{"PrivilegeList":"SeAssignPrimaryTokenPrivilege\n\t\t\tSeTcbPrivilege\n\t\t\tSeSecurityPrivilege\n\t\t\tSeTakeOwnershipPrivilege\n\t\t\tSeLoadDriverPrivilege\n\t\t\tSeBackupPrivilege\n\t\t\tSeRestorePrivilege\n\t\t\tSeDebugPrivilege\n\t\t\tSeAuditPrivilege\n\t\t\tSeSystemEnvironmentPrivilege\n\t\t\tSeImpersonatePrivilege\n\t\t\tSeDelegateSessionUserImpersonatePrivilege","SubjectDomainName":"NT AUTHORITY","SubjectLogonId":"0x3e7","SubjectUserName":"SYSTEM","SubjectUserSid":"S-1-5-18"},"System":{"Channel":"Security","Computer":"DESKTOP-C2A1841","Correlation":{"ActivityID":"{352b8892-aa45-0001-ddca-25f63c52db01}"},"EventID":"4672","EventRecordID":"4683429","Execution":{"ProcessID":"648","ThreadID":"15328"},"Keywords":"0x8020000000000000","Level":"0","Opcode":"0","Provider":{"Guid":"{54849625-5478-4994-a5ba-3e3b0328c30d}","Name":"Microsoft-Windows-Security-Auditing"},"Security":"","Task":"12548","TimeCreated":{"SystemTime":"2025-06-10T02:48:24.6372031Z"},"Version":"0","_event_id":"4672"}}},"routing":{"arch":2,"did":"","event_id":"c835780d-562e-458d-b6c5-6a8c1c2b6975","event_time":1749523706645,"event_type":"WEL","ext_ip":"34.58.90.170","hostname":"desktop-c2a1841.c.lc-demo-infra.internal.","iid":"09774cc8-cb43-4164-abd3-87230031c142","int_ip":"10.128.15.200","latency":-28,"moduleid":2,"oid":"aac9c41d-e0a3-4e7e-88b8-33936ab93238","plat":268435456,"sid":"c4ba6121-d13d-4871-82f8-4b5c5556761e","tags":["lc:testtag","windows"],"this":"e86fa57f95a4b75628303d6368479cfa"},"ts":"2025-06-10 02:48:26"}
{"event":{"FILE_PATH":"\\Device\\NamedPipe\\lsass","PROCESS_ID":11820},"routing":{"arch":2,"did":"","event_id":"51119534-4d83-440c-91db-51ad6883f5dd","event_time":1749523706083,"event_type":"OPEN_NAMED_PIPE","ext_ip":"34.58.90.170","hostname":"desktop-c2a1841.c.lc-demo-infra.internal.","iid":"09774cc8-cb43-4164-abd3-87230031c142","int_ip":"10.128.15.200","latency":891,"moduleid":2,"oid":"aac9c41d-e0a3-4e7e-88b8-33936ab93238","parent":"4d416e0735a462c3f1cda35a68479cf8","plat":268435456,"sid":"c4ba6121-d13d-4871-82f8-4b5c5556761e","tags":["lc:testtag","windows"],"this":"1e0953a8a582887d9bcb7d8168479cfb"},"ts":"2025-06-10 02:48:26"}
{"event":{"FILE_PATH":"\\Device\\NamedPipe\\srvsvc","PROCESS_ID":11820},"routing":{"arch":2,"did":"","event_id":"b1ea82c0-87e1-40c5-bc9d-d6a7756016df","event_time":1749523706083,"event_type":"OPEN_NAMED_PIPE","ext_ip":"34.58.90.170","hostname":"desktop-c2a1841.c.lc-demo-infra.internal.","iid":"09774cc8-cb43-4164-abd3-87230031c142","int_ip":"10.128.15.200","latency":892,"moduleid":2,"oid":"aac9c41d-e0a3-4e7e-88b8-33936ab93238","parent":"4d416e0735a462c3f1cda35a68479cf8","plat":268435456,"sid":"c4ba6121-d13d-4871-82f8-4b5c5556761e","tags":["lc:testtag","windows"],"this":"6eb9ff8a1ed66b55790fe39468479cfb"},"ts":"2025-06-10 02:48:26"}
{"event":{"FILE_PATH":"\\Device\\NamedPipe\\lsass","PROCESS_ID":11820},"routing":{"arch":2,"did":"","event_id":"4f4b1baf-6791-4adb-89dd-c20fd5f8ff95","event_time":1749523706083,"event_type":"OPEN_NAMED_PIPE","ext_ip":"34.58.90.170","hostname":"desktop-c2a1841.c.lc-demo-infra.internal.","iid":"09774cc8-cb43-4164-abd3-87230031c142","int_ip":"10.128.15.200","latency":892,"moduleid":2,"oid":"aac9c41d-e0a3-4e7e-88b8-33936ab93238","parent":"4d416e0735a462c3f1cda35a68479cf8","plat":268435456,"sid":"c4ba6121-d13d-4871-82f8-4b5c5556761e","tags":["lc:testtag","windows"],"this":"c16e444df8903e13001740f768479cfb"},"ts":"2025-06-10 02:48:26"}
{"event":{"FILE_PATH":"C:\\Windows\\Prefetch\\SYSTEMINFO.EXE-3EAAF1C2.pf","PROCESS_ID":1748},"routing":{"arch":2,"did":"","event_id":"1c312b91-ff4f-45ea-ada3-2ef3d96b6160","event_time":1749523706098,"event_type":"FILE_MODIFIED","ext_ip":"34.58.90.170","hostname":"desktop-c2a1841.c.lc-demo-infra.internal.","iid":"09774cc8-cb43-4164-abd3-87230031c142","int_ip":"10.128.15.200","latency":877,"moduleid":2,"oid":"aac9c41d-e0a3-4e7e-88b8-33936ab93238","parent":"55ff55c5f3c5efdfb63413c16818de60","plat":268435456,"sid":"c4ba6121-d13d-4871-82f8-4b5c5556761e","tags":["lc:testtag","windows"],"this":"b28d148a85edb582ab6d3c3868479cfb"},"ts":"2025-06-10 02:48:26"}
{"event":{"FILE_PATH":"\\Device\\NamedPipe\\postex_ae5f","PROCESS_ID":2232},"routing":{"arch":2,"did":"","event_id":"991bf79b-ea0a-4a3c-90e2-d67c4db0cab5","event_time":1749523706739,"event_type":"OPEN_NAMED_PIPE","ext_ip":"34.58.90.170","hostname":"desktop-c2a1841.c.lc-demo-infra.internal.","iid":"09774cc8-cb43-4164-abd3-87230031c142","int_ip":"10.128.15.200","latency":236,"moduleid":2,"oid":"aac9c41d-e0a3-4e7e-88b8-33936ab93238","parent":"1f7d51435a96b7487a36ddd86818de60","plat":268435456,"sid":"c4ba6121-d13d-4871-82f8-4b5c5556761e","tags":["lc:testtag","windows"],"this":"060937a97f36e89d75de66b168479cfb"},"ts":"2025-06-10 02:48:26"}
{"event":{"FILE_PATH":"\\Device\\NamedPipe\\postex_ae5f","PROCESS_ID":17500},"routing":{"arch":2,"did":"","event_id":"9349d790-01b4-4ff4-a613-3da91db570fe","event_time":1749523706239,"event_type":"NEW_NAMED_PIPE","ext_ip":"34.58.90.170","hostname":"desktop-c2a1841.c.lc-demo-infra.internal.","iid":"09774cc8-cb43-4164-abd3-87230031c142","int_ip":"10.128.15.200","latency":736,"moduleid":2,"oid":"aac9c41d-e0a3-4e7e-88b8-33936ab93238","parent":"67a22db6e5c4ede56b2f4a3f68479cfa","plat":268435456,"sid":"c4ba6121-d13d-4871-82f8-4b5c5556761e","tags":["lc:testtag","windows"],"this":"e539b5adb04d4b20b580708a68479cfb"},"ts":"2025-06-10 02:48:26"}
{"event":{"COMMAND_LINE":"C:\\Windows\\system32\\cmd.exe /C whoami /groups","FILE_IS_SIGNED":1,"FILE_PATH":"C:\\Windows\\system32\\cmd.exe","HASH":"fc45691495eec0f9de50ccd574ead3a2d83e3088f1a3ad514f46ed84a70efa21","MEMORY_USAGE":36864,"PARENT":{"BASE_ADDRESS":140699920498688,"COMMAND_LINE":"C:\\Windows\\System32\\rundll32.exe","FILE_IS_SIGNED":1,"FILE_PATH":"C:\\Windows\\System32\\rundll32.exe","HASH":"02f6a04b3373f195152fb1b4aeafe25bf8ef4411dc020c2238c541bcc3dc309b","MEMORY_USAGE":10584064,"PARENT_ATOM":"ea0e323ff091a2712a29c65f68256125","PARENT_PROCESS_ID":4432,"PROCESS_ID":4576,"THIS_ATOM":"fdef27258c485456799b40c268256125","THREADS":6,"TIMESTAMP":1747280158786,"USER_NAME":"NT AUTHORITY\\SYSTEM"},"PARENT_PROCESS_ID":4576,"PROCESS_ID":4176,"USER_NAME":"NT AUTHORITY\\SYSTEM"},"routing":{"arch":2,"did":"","event_id":"d8cdcd0c-b5c5-42d8-87b7-75a6029f2646","event_time":1749523705656,"event_type":"NEW_PROCESS","ext_ip":"34.171.104.183","hostname":"windows-server-2022-aac9c41d-e0a3-4e7e-88b8-33936ab93238-0.c.lc-demo-infra.internal.","iid":"09774cc8-cb43-4164-abd3-87230031c142","int_ip":"10.128.15.201","latency":171,"moduleid":2,"oid":"aac9c41d-e0a3-4e7e-88b8-33936ab93238","parent":"fdef27258c485456799b40c268256125","plat":268435456,"sid":"17b8710a-7337-4e64-9c18-2955e86f2d0d","tags":["fim","lc:stable","windows"],"this":"c1bcf66bb7a5a0e6abd6c50168479cf9"},"ts":"2025-06-10 02:48:25"}
{"event":{"COMMAND_LINE":"\\??\\C:\\Windows\\system32\\conhost.exe 0xffffffff -ForceV1","FILE_IS_SIGNED":1,"FILE_PATH":"C:\\Windows\\System32\\Conhost.exe","HASH":"91c5c21d07fbc2f5344dc2a5e9e0b83a9f051f92d3dc2b25ff1c18ad96ae773a","PARENT":{"COMMAND_LINE":"C:\\Windows\\system32\\cmd.exe /C whoami /groups","FILE_IS_SIGNED":1,"FILE_PATH":"C:\\Windows\\system32\\cmd.exe","HASH":"fc45691495eec0f9de50ccd574ead3a2d83e3088f1a3ad514f46ed84a70efa21","MEMORY_USAGE":36864,"PARENT_ATOM":"fdef27258c485456799b40c268256125","PARENT_PROCESS_ID":4576,"PROCESS_ID":4176,"THIS_ATOM":"c1bcf66bb7a5a0e6abd6c50168479cf9","TIMESTAMP":1749523705656,"USER_NAME":"NT AUTHORITY\\SYSTEM"},"PARENT_PROCESS_ID":4176,"PROCESS_ID":6456},"routing":{"arch":2,"did":"","event_id":"5c8b6991-f976-4981-8933-90876d7333cc","event_time":1749523705671,"event_type":"NEW_PROCESS","ext_ip":"34.171.104.183","hostname":"windows-server-2022-aac9c41d-e0a3-4e7e-88b8-33936ab93238-0.c.lc-demo-infra.internal.","iid":"09774cc8-cb43-4164-abd3-87230031c142","int_ip":"10.128.15.201","latency":221,"moduleid":2,"oid":"aac9c41d-e0a3-4e7e-88b8-33936ab93238","parent":"c1bcf66bb7a5a0e6abd6c50168479cf9","plat":268435456,"sid":"17b8710a-7337-4e64-9c18-2955e86f2d0d","tags":["fim","lc:stable","windows"],"this":"dc52b83615dbfc56843b024d68479cf9"},"ts":"2025-06-10 02:48:25"}
{"event":{"COMMAND_LINE":"whoami  /groups","FILE_IS_SIGNED":1,"FILE_PATH":"C:\\Windows\\system32\\whoami.exe","HASH":"a703fcbc2159f86fd6f7bdfdcb6140042eece715b108de843575b5d688adfbf5","MEMORY_USAGE":36864,"PARENT":{"COMMAND_LINE":"C:\\Windows\\system32\\cmd.exe /C whoami /groups","FILE_IS_SIGNED":1,"FILE_PATH":"C:\\Windows\\system32\\cmd.exe","HASH":"fc45691495eec0f9de50ccd574ead3a2d83e3088f1a3ad514f46ed84a70efa21","MEMORY_USAGE":36864,"PARENT_ATOM":"fdef27258c485456799b40c268256125","PARENT_PROCESS_ID":4576,"PROCESS_ID":4176,"THIS_ATOM":"c1bcf66bb7a5a0e6abd6c50168479cf9","TIMESTAMP":1749523705656,"USER_NAME":"NT AUTHORITY\\SYSTEM"},"PARENT_PROCESS_ID":4176,"PROCESS_ID":6460,"USER_NAME":"NT AUTHORITY\\SYSTEM"},"routing":{"arch":2,"did":"","event_id":"80b130ca-37e7-4cce-b1dd-355f3945d68b","event_time":1749523705703,"event_type":"NEW_PROCESS","ext_ip":"34.171.104.183","hostname":"windows-server-2022-aac9c41d-e0a3-4e7e-88b8-33936ab93238-0.c.lc-demo-infra.internal.","iid":"09774cc8-cb43-4164-abd3-87230031c142","int_ip":"10.128.15.201","latency":195,"moduleid":2,"oid":"aac9c41d-e0a3-4e7e-88b8-33936ab93238","parent":"c1bcf66bb7a5a0e6abd6c50168479cf9","plat":268435456,"sid":"17b8710a-7337-4e64-9c18-2955e86f2d0d","tags":["fim","lc:stable","windows"],"this":"e2f34ddff901f3c903a9ecc468479cf9"},"ts":"2025-06-10 02:48:25"}
{"event":{"BASE_ADDRESS":140696877596672,"COMMAND_LINE":"C:\\Windows\\system32\\cmd.exe /C tasklist /v","FILE_IS_SIGNED":1,"FILE_PATH":"C:\\Windows\\system32\\cmd.exe","HASH":"fc45691495eec0f9de50ccd574ead3a2d83e3088f1a3ad514f46ed84a70efa21","MEMORY_USAGE":4259840,"PARENT":{"BASE_ADDRESS":140699920498688,"COMMAND_LINE":"C:\\Windows\\System32\\rundll32.exe","FILE_IS_SIGNED":1,"FILE_PATH":"C:\\Windows\\System32\\rundll32.exe","HASH":"02f6a04b3373f195152fb1b4aeafe25bf8ef4411dc020c2238c541bcc3dc309b","MEMORY_USAGE":10584064,"PARENT_ATOM":"ea0e323ff091a2712a29c65f68256125","PARENT_PROCESS_ID":4432,"PROCESS_ID":4576,"THIS_ATOM":"fdef27258c485456799b40c268256125","THREADS":6,"TIMESTAMP":1747280158786,"USER_NAME":"NT AUTHORITY\\SYSTEM"},"PARENT_PROCESS_ID":4576,"PROCESS_ID":1072,"THREADS":3,"USER_NAME":"NT AUTHORITY\\SYSTEM"},"routing":{"arch":2,"did":"","event_id":"9e21205d-53af-444a-858b-7e4dc7cc42ab","event_time":1749523705734,"event_type":"NEW_PROCESS","ext_ip":"34.171.104.183","hostname":"windows-server-2022-aac9c41d-e0a3-4e7e-88b8-33936ab93238-0.c.lc-demo-infra.internal.","iid":"09774cc8-cb43-4164-abd3-87230031c142","int_ip":"10.128.15.201","latency":242,"moduleid":2,"oid":"aac9c41d-e0a3-4e7e-88b8-33936ab93238","parent":"fdef27258c485456799b40c268256125","plat":268435456,"sid":"17b8710a-7337-4e64-9c18-2955e86f2d0d","tags":["fim","lc:stable","windows"],"this":"45d323a0017ddda810c8558168479cf9"},"ts":"2025-06-10 02:48:25"}
{"event":{"BASE_ADDRESS":140700357165056,"COMMAND_LINE":"\\??\\C:\\Windows\\system32\\conhost.exe 0xffffffff -ForceV1","FILE_IS_SIGNED":1,"FILE_PATH":"C:\\Windows\\System32\\Conhost.exe","HASH":"91c5c21d07fbc2f5344dc2a5e9e0b83a9f051f92d3dc2b25ff1c18ad96ae773a","MEMORY_USAGE":11743232,"PARENT":{"BASE_ADDRESS":140696877596672,"COMMAND_LINE":"C:\\Windows\\system32\\cmd.exe /C tasklist /v","FILE_IS_SIGNED":1,"FILE_PATH":"C:\\Windows\\system32\\cmd.exe","HASH":"fc45691495eec0f9de50ccd574ead3a2d83e3088f1a3ad514f46ed84a70efa21","MEMORY_USAGE":4259840,"PARENT_ATOM":"fdef27258c485456799b40c268256125","PARENT_PROCESS_ID":4576,"PROCESS_ID":1072,"THIS_ATOM":"45d323a0017ddda810c8558168479cf9","THREADS":3,"TIMESTAMP":1749523705734,"USER_NAME":"NT AUTHORITY\\SYSTEM"},"PARENT_PROCESS_ID":1072,"PROCESS_ID":4916,"THREADS":5,"USER_NAME":"NT AUTHORITY\\SYSTEM"},"routing":{"arch":2,"did":"","event_id":"3353fb52-210a-441b-82ec-759252b0ed10","event_time":1749523705734,"event_type":"NEW_PROCESS","ext_ip":"34.171.104.183","hostname":"windows-server-2022-aac9c41d-e0a3-4e7e-88b8-33936ab93238-0.c.lc-demo-infra.internal.","iid":"09774cc8-cb43-4164-abd3-87230031c142","int_ip":"10.128.15.201","latency":249,"moduleid":2,"oid":"aac9c41d-e0a3-4e7e-88b8-33936ab93238","parent":"45d323a0017ddda810c8558168479cf9","plat":268435456,"sid":"17b8710a-7337-4e64-9c18-2955e86f2d0d","tags":["fim","lc:stable","windows"],"this":"948647f2e63065463a898b5568479cf9"},"ts":"2025-06-10 02:48:25"}
