{"event":{"EVENT":{"EventData":{"AuthenticationPackageName":"NTLM","FailureReason":"%%2313","IpAddress":"81.246.124.197","IpPort":"0","KeyLength":"0","LmPackageName":"-","LogonProcessName":"NtLmSsp","LogonType":"3","ProcessId":"0x0","ProcessName":"-","Status":"0xc000006d","SubStatus":"0xc000006a","SubjectDomainName":"-","SubjectLogonId":"0x0","SubjectUserName":"-","SubjectUserSid":"S-1-0-0","TargetDomainName":"-","TargetUserName":"administrator","TargetUserSid":"S-1-0-0","TransmittedServices":"-","WorkstationName":"workstation"},"System":{"Channel":"Security","Computer":"windows-server-2022-aac9c41d-e0a3-4e7e-88b8-33936ab93238-0","Correlation":{"ActivityID":"{55ae049b-37ef-0001-ee39-a76a4ac5db01}"},"EventID":"4625","EventRecordID":"4418051","Execution":{"ProcessID":"648","ThreadID":"8848"},"Keywords":"0x8010000000000000","Level":"0","Opcode":"0","Provider":{"Guid":"{54849625-5478-4994-a5ba-3e3b0328c30d}","Name":"Microsoft-Windows-Security-Auditing"},"Security":"","Task":"12544","TimeCreated":{"SystemTime":"2025-06-10T02:50:40.3985849Z"},"Version":"0","_event_id":"4625"}}},"routing":{"arch":2,"did":"","event_id":"8c2b61a3-f0ac-4bf0-b533-f6f52ae6fafd","event_time":1749523840680,"event_type":"WEL","ext_ip":"34.171.104.183","hostname":"windows-server-2022-aac9c41d-e0a3-4e7e-88b8-33936ab93238-0.c.lc-demo-infra.internal.","iid":"09774cc8-cb43-4164-abd3-87230031c142","int_ip":"10.128.15.201","latency":15,"moduleid":2,"oid":"aac9c41d-e0a3-4e7e-88b8-33936ab93238","plat":268435456,"sid":"17b8710a-7337-4e64-9c18-2955e86f2d0d","tags":["fim","lc:stable","windows"],"this":"c8102a435bb5bc2d43ea27bc68479d80"},"ts":"2025-06-10 02:50:40"}
{"event":{"DNS_TYPE":1,"DOMAIN_NAME":"us-central1-a-osconfig.googleapis.com","IP_ADDRESS":"192.178.129.95","MESSAGE_ID":62303,"PROCESS_ID":1912},"routing":{"arch":2,"did":"","event_id":"92f08105-bd1c-4e66-8418-9af329402cde","event_time":1749523839535,"event_type":"DNS_REQUEST","ext_ip":"34.58.90.170","hostname":"desktop-c2a1841.c.lc-demo-infra.internal.","iid":"09774cc8-cb43-4164-abd3-87230031c142","int_ip":"10.128.15.200","latency":305,"moduleid":2,"oid":"aac9c41d-e0a3-4e7e-88b8-33936ab93238","parent":"5e6b7b034a93c77d07a534f16818de60","plat":268435456,"sid":"c4ba6121-d13d-4871-82f8-4b5c5556761e","tags":["lc:testtag","windows"],"this":"5e0114f91f5a7b3eb84cf4d968479d7f"},"ts":"2025-06-10 02:50:39"}
{"event":{"DNS_TYPE":1,"DOMAIN_NAME":"us-central1-a-osconfig.googleapis.com","IP_ADDRESS":"142.250.125.95","MESSAGE_ID":62303,"PROCESS_ID":1912},"routing":{"arch":2,"did":"","event_id":"0f841bc6-c443-4c21-b680-8e9464b4f845","event_time":1749523839535,"event_type":"DNS_REQUEST","ext_ip":"34.58.90.170","hostname":"desktop-c2a1841.c.lc-demo-infra.internal.","iid":"09774cc8-cb43-4164-abd3-87230031c142","int_ip":"10.128.15.200","latency":322,"moduleid":2,"oid":"aac9c41d-e0a3-4e7e-88b8-33936ab93238","parent":"5e6b7b034a93c77d07a534f16818de60","plat":268435456,"sid":"c4ba6121-d13d-4871-82f8-4b5c5556761e","tags":["lc:testtag","windows"],"this":"58e82169fdc4080b09d32d4368479d7f"},"ts":"2025-06-10 02:50:39"}
{"event":{"DNS_TYPE":1,"DOMAIN_NAME":"us-central1-a-osconfig.googleapis.com","IP_ADDRESS":"209.85.200.95","MESSAGE_ID":62303,"PROCESS_ID":1912},"routing":{"arch":2,"did":"","event_id":"fad514e1-1037-40c5-a1db-380dae84662b","event_time":1749523839535,"event_type":"DNS_REQUEST","ext_ip":"34.58.90.170","hostname":"desktop-c2a1841.c.lc-demo-infra.internal.","iid":"09774cc8-cb43-4164-abd3-87230031c142","int_ip":"10.128.15.200","latency":335,"moduleid":2,"oid":"aac9c41d-e0a3-4e7e-88b8-33936ab93238","parent":"5e6b7b034a93c77d07a534f16818de60","plat":268435456,"sid":"c4ba6121-d13d-4871-82f8-4b5c5556761e","tags":["lc:testtag","windows"],"this":"1cf834bcd9c4060cb0f238d668479d7f"},"ts":"2025-06-10 02:50:39"}
{"event":{"DNS_TYPE":1,"DOMAIN_NAME":"us-central1-a-osconfig.googleapis.com","IP_ADDRESS":"173.194.206.95","MESSAGE_ID":62303,"PROCESS_ID":1912},"routing":{"arch":2,"did":"","event_id":"dfadcbdc-f061-42e2-b6e6-83c43062d383","event_time":1749523839535,"event_type":"DNS_REQUEST","ext_ip":"34.58.90.170","hostname":"desktop-c2a1841.c.lc-demo-infra.internal.","iid":"09774cc8-cb43-4164-abd3-87230031c142","int_ip":"10.128.15.200","latency":335,"moduleid":2,"oid":"aac9c41d-e0a3-4e7e-88b8-33936ab93238","parent":"5e6b7b034a93c77d07a534f16818de60","plat":268435456,"sid":"c4ba6121-d13d-4871-82f8-4b5c5556761e","tags":["lc:testtag","windows"],"this":"3280f451840866d3a99f5f0e68479d7f"},"ts":"2025-06-10 02:50:39"}
{"event":{"DNS_TYPE":1,"DOMAIN_NAME":"us-central1-a-osconfig.googleapis.com","IP_ADDRESS":"74.125.126.95","MESSAGE_ID":62303,"PROCESS_ID":1912},"routing":{"arch":2,"did":"","event_id":"efb2e7e8-9acc-4c1d-abd8-4ea8612f237e","event_time":1749523839535,"event_type":"DNS_REQUEST","ext_ip":"34.58.90.170","hostname":"desktop-c2a1841.c.lc-demo-infra.internal.","iid":"09774cc8-cb43-4164-abd3-87230031c142","int_ip":"10.128.15.200","latency":336,"moduleid":2,"oid":"aac9c41d-e0a3-4e7e-88b8-33936ab93238","parent":"5e6b7b034a93c77d07a534f16818de60","plat":268435456,"sid":"c4ba6121-d13d-4871-82f8-4b5c5556761e","tags":["lc:testtag","windows"],"this":"8eb86c69cfe20795fc2eb3c768479d7f"},"ts":"2025-06-10 02:50:39"}
{"event":{"DNS_TYPE":1,"DOMAIN_NAME":"us-central1-a-osconfig.googleapis.com","IP_ADDRESS":"74.125.132.95","MESSAGE_ID":62303,"PROCESS_ID":1912},"routing":{"arch":2,"did":"","event_id":"2efea744-479b-4692-b595-e05d24cc0516","event_time":1749523839535,"event_type":"DNS_REQUEST","ext_ip":"34.58.90.170","hostname":"desktop-c2a1841.c.lc-demo-infra.internal.","iid":"09774cc8-cb43-4164-abd3-87230031c142","int_ip":"10.128.15.200","latency":336,"moduleid":2,"oid":"aac9c41d-e0a3-4e7e-88b8-33936ab93238","parent":"5e6b7b034a93c77d07a534f16818de60","plat":268435456,"sid":"c4ba6121-d13d-4871-82f8-4b5c5556761e","tags":["lc:testtag","windows"],"this":"dfe07b8363584e22618a01e368479d7f"},"ts":"2025-06-10 02:50:39"}
{"event":{"DNS_TYPE":1,"DOMAIN_NAME":"us-central1-a-osconfig.googleapis.com","IP_ADDRESS":"74.125.201.95","MESSAGE_ID":62303,"PROCESS_ID":1912},"routing":{"arch":2,"did":"","event_id":"dee60355-c981-4c8d-b6bb-a013333461f9","event_time":1749523839535,"event_type":"DNS_REQUEST","ext_ip":"34.58.90.170","hostname":"desktop-c2a1841.c.lc-demo-infra.internal.","iid":"09774cc8-cb43-4164-abd3-87230031c142","int_ip":"10.128.15.200","latency":336,"moduleid":2,"oid":"aac9c41d-e0a3-4e7e-88b8-33936ab93238","parent":"5e6b7b034a93c77d07a534f16818de60","plat":268435456,"sid":"c4ba6121-d13d-4871-82f8-4b5c5556761e","tags":["lc:testtag","windows"],"this":"4e012b3ff6eb60ec87fec31668479d7f"},"ts":"2025-06-10 02:50:39"}
{"event":{"DNS_TYPE":1,"DOMAIN_NAME":"us-central1-a-osconfig.googleapis.com","IP_ADDRESS":"74.125.202.95","MESSAGE_ID":62303,"PROCESS_ID":1912},"routing":{"arch":2,"did":"","event_id":"afe92b04-5354-4d2f-b46e-d8a655f5788d","event_time":1749523839535,"event_type":"DNS_REQUEST","ext_ip":"34.58.90.170","hostname":"desktop-c2a1841.c.lc-demo-infra.internal.","iid":"09774cc8-cb43-4164-abd3-87230031c142","int_ip":"10.128.15.200","latency":336,"moduleid":2,"oid":"aac9c41d-e0a3-4e7e-88b8-33936ab93238","parent":"5e6b7b034a93c77d07a534f16818de60","plat":268435456,"sid":"c4ba6121-d13d-4871-82f8-4b5c5556761e","tags":["lc:testtag","windows"],"this":"a1e79adc48820b9d909b017268479d7f"},"ts":"2025-06-10 02:50:39"}
{"event":{"DNS_TYPE":1,"DOMAIN_NAME":"us-central1-a-osconfig.googleapis.com","IP_ADDRESS":"74.125.69.95","MESSAGE_ID":62303,"PROCESS_ID":1912},"routing":{"arch":2,"did":"","event_id":"ce5f6eda-92ac-4402-aff0-9a22a15c939f","event_time":1749523839535,"event_type":"DNS_REQUEST","ext_ip":"34.58.90.170","hostname":"desktop-c2a1841.c.lc-demo-infra.internal.","iid":"09774cc8-cb43-4164-abd3-87230031c142","int_ip":"10.128.15.200","latency":336,"moduleid":2,"oid":"aac9c41d-e0a3-4e7e-88b8-33936ab93238","parent":"5e6b7b034a93c77d07a534f16818de60","plat":268435456,"sid":"c4ba6121-d13d-4871-82f8-4b5c5556761e","tags":["lc:testtag","windows"],"this":"3c1071f6b0a6f11855af35a068479d7f"},"ts":"2025-06-10 02:50:39"}
{"event":{"DNS_TYPE":1,"DOMAIN_NAME":"us-central1-a-osconfig.googleapis.com","IP_ADDRESS":"64.233.181.95","MESSAGE_ID":62303,"PROCESS_ID":1912},"routing":{"arch":2,"did":"","event_id":"ac638cbf-1844-448e-b601-6885c1488d38","event_time":1749523839535,"event_type":"DNS_REQUEST","ext_ip":"34.58.90.170","hostname":"desktop-c2a1841.c.lc-demo-infra.internal.","iid":"09774cc8-cb43-4164-abd3-87230031c142","int_ip":"10.128.15.200","latency":336,"moduleid":2,"oid":"aac9c41d-e0a3-4e7e-88b8-33936ab93238","parent":"5e6b7b034a93c77d07a534f16818de60","plat":268435456,"sid":"c4ba6121-d13d-4871-82f8-4b5c5556761e","tags":["lc:testtag","windows"],"this":"cd0bee78c2be62dd9ec3922c68479d7f"},"ts":"2025-06-10 02:50:39"}
{"event":{"DNS_TYPE":1,"DOMAIN_NAME":"us-central1-a-osconfig.googleapis.com","IP_ADDRESS":"142.251.183.95","MESSAGE_ID":62303,"PROCESS_ID":1912},"routing":{"arch":2,"did":"","event_id":"65a2c381-b448-4ae0-9fe7-87fe892d8261","event_time":1749523839535,"event_type":"DNS_REQUEST","ext_ip":"34.58.90.170","hostname":"desktop-c2a1841.c.lc-demo-infra.internal.","iid":"09774cc8-cb43-4164-abd3-87230031c142","int_ip":"10.128.15.200","latency":337,"moduleid":2,"oid":"aac9c41d-e0a3-4e7e-88b8-33936ab93238","parent":"5e6b7b034a93c77d07a534f16818de60","plat":268435456,"sid":"c4ba6121-d13d-4871-82f8-4b5c5556761e","tags":["lc:testtag","windows"],"this":"2748db37be0ad63e9f10ff0668479d7f"},"ts":"2025-06-10 02:50:39"}
{"event":{"DNS_TYPE":1,"DOMAIN_NAME":"us-central1-a-osconfig.googleapis.com","IP_ADDRESS":"64.233.179.95","MESSAGE_ID":62303,"PROCESS_ID":1912},"routing":{"arch":2,"did":"","event_id":"c182a7b6-2db8-4486-a531-8fadfe7fbf7d","event_time":1749523839535,"event_type":"DNS_REQUEST","ext_ip":"34.58.90.170","hostname":"desktop-c2a1841.c.lc-demo-infra.internal.","iid":"09774cc8-cb43-4164-abd3-87230031c142","int_ip":"10.128.15.200","latency":337,"moduleid":2,"oid":"aac9c41d-e0a3-4e7e-88b8-33936ab93238","parent":"5e6b7b034a93c77d07a534f16818de60","plat":268435456,"sid":"c4ba6121-d13d-4871-82f8-4b5c5556761e","tags":["lc:testtag","windows"],"this":"70028cdd040d64671e2b270b68479d7f"},"ts":"2025-06-10 02:50:39"}
{"event":{"DNS_TYPE":1,"DOMAIN_NAME":"us-central1-a-osconfig.googleapis.com","IP_ADDRESS":"173.194.193.95","MESSAGE_ID":62303,"PROCESS_ID":1912},"routing":{"arch":2,"did":"","event_id":"22541dd0-dbd6-40d3-82e2-f7e58cda5be3","event_time":1749523839535,"event_type":"DNS_REQUEST","ext_ip":"34.58.90.170","hostname":"desktop-c2a1841.c.lc-demo-infra.internal.","iid":"09774cc8-cb43-4164-abd3-87230031c142","int_ip":"10.128.15.200","latency":337,"moduleid":2,"oid":"aac9c41d-e0a3-4e7e-88b8-33936ab93238","parent":"5e6b7b034a93c77d07a534f16818de60","plat":268435456,"sid":"c4ba6121-d13d-4871-82f8-4b5c5556761e","tags":["lc:testtag","windows"],"this":"d8a585e5a849575c5dce3b1168479d7f"},"ts":"2025-06-10 02:50:39"}
{"event":{"DNS_TYPE":1,"DOMAIN_NAME":"us-central1-a-osconfig.googleapis.com","IP_ADDRESS":"173.194.194.95","MESSAGE_ID":62303,"PROCESS_ID":1912},"routing":{"arch":2,"did":"","event_id":"f1f0c2ab-73f1-4b59-a75b-7d81e90c0234","event_time":1749523839535,"event_type":"DNS_REQUEST","ext_ip":"34.58.90.170","hostname":"desktop-c2a1841.c.lc-demo-infra.internal.","iid":"09774cc8-cb43-4164-abd3-87230031c142","int_ip":"10.128.15.200","latency":337,"moduleid":2,"oid":"aac9c41d-e0a3-4e7e-88b8-33936ab93238","parent":"5e6b7b034a93c77d07a534f16818de60","plat":268435456,"sid":"c4ba6121-d13d-4871-82f8-4b5c5556761e","tags":["lc:testtag","windows"],"this":"53ce4381729162faa1b9ebf368479d7f"},"ts":"2025-06-10 02:50:39"}
{"event":{"DNS_TYPE":1,"DOMAIN_NAME":"us-central1-a-osconfig.googleapis.com","IP_ADDRESS":"173.194.195.95","MESSAGE_ID":62303,"PROCESS_ID":1912},"routing":{"arch":2,"did":"","event_id":"3e854d19-d071-4640-96ea-bf5d58d1f3c2","event_time":1749523839535,"event_type":"DNS_REQUEST","ext_ip":"34.58.90.170","hostname":"desktop-c2a1841.c.lc-demo-infra.internal.","iid":"09774cc8-cb43-4164-abd3-87230031c142","int_ip":"10.128.15.200","latency":337,"moduleid":2,"oid":"aac9c41d-e0a3-4e7e-88b8-33936ab93238","parent":"5e6b7b034a93c77d07a534f16818de60","plat":268435456,"sid":"c4ba6121-d13d-4871-82f8-4b5c5556761e","tags":["lc:testtag","windows"],"this":"eb31bc054b83fd439e87218768479d7f"},"ts":"2025-06-10 02:50:39"}
{"event":{"DNS_TYPE":1,"DOMAIN_NAME":"us-central1-a-osconfig.googleapis.com","IP_ADDRESS":"172.217.214.95","MESSAGE_ID":62303,"PROCESS_ID":1912},"routing":{"arch":2,"did":"","event_id":"0f011ed8-bfbe-4d30-8fe5-6a2358adeb42","event_time":1749523839535,"event_type":"DNS_REQUEST","ext_ip":"34.58.90.170","hostname":"desktop-c2a1841.c.lc-demo-infra.internal.","iid":"09774cc8-cb43-4164-abd3-87230031c142","int_ip":"10.128.15.200","latency":338,"moduleid":2,"oid":"aac9c41d-e0a3-4e7e-88b8-33936ab93238","parent":"5e6b7b034a93c77d07a534f16818de60","plat":268435456,"sid":"c4ba6121-d13d-4871-82f8-4b5c5556761e","tags":["lc:testtag","windows"],"this":"71cf902a68350e7814b0c6d968479d7f"},"ts":"2025-06-10 02:50:39"}
{"event":{"EVENT":{"EventData":{"AuthenticationPackageName":"NTLM","FailureReason":"%%2313","IpAddress":"45.227.253.61","IpPort":"0","KeyLength":"0","LmPackageName":"-","LogonProcessName":"NtLmSsp","LogonType":"3","ProcessId":"0x0","ProcessName":"-","Status":"0xc000006d","SubStatus":"0xc0000064","SubjectDomainName":"-","SubjectLogonId":"0x0","SubjectUserName":"-","SubjectUserSid":"S-1-0-0","TargetDomainName":"WINDOWS-SERVER-2022-AAC9C41D-E0A3-4E7E-88B8-33936AB93238-0","TargetUserName":"Admin","TargetUserSid":"S-1-0-0","TransmittedServices":"-","WorkstationName":"WIN-56DH2BBHACU"},"System":{"Channel":"Security","Computer":"windows-server-2022-aac9c41d-e0a3-4e7e-88b8-33936ab93238-0","Correlation":{"ActivityID":"{55ae049b-37ef-0001-ee39-a76a4ac5db01}"},"EventID":"4625","EventRecordID":"4418049","Execution":{"ProcessID":"648","ThreadID":"8848"},"Keywords":"0x8010000000000000","Level":"0","Opcode":"0","Provider":{"Guid":"{54849625-5478-4994-a5ba-3e3b0328c30d}","Name":"Microsoft-Windows-Security-Auditing"},"Security":"","Task":"12544","TimeCreated":{"SystemTime":"2025-06-10T02:50:37.8280342Z"},"Version":"0","_event_id":"4625"}}},"routing":{"arch":2,"did":"","event_id":"a19d8d0a-0919-4fba-ab91-066f06c3fd72","event_time":1749523838820,"event_type":"WEL","ext_ip":"34.171.104.183","hostname":"windows-server-2022-aac9c41d-e0a3-4e7e-88b8-33936ab93238-0.c.lc-demo-infra.internal.","iid":"09774cc8-cb43-4164-abd3-87230031c142","int_ip":"10.128.15.201","latency":2,"moduleid":2,"oid":"aac9c41d-e0a3-4e7e-88b8-33936ab93238","plat":268435456,"sid":"17b8710a-7337-4e64-9c18-2955e86f2d0d","tags":["fim","lc:stable","windows"],"this":"8adcd33315995ac7ef3c274568479d7e"},"ts":"2025-06-10 02:50:38"}
{"event":{"EVENT":{"EventData":{"AuthenticationPackageName":"NTLM","FailureReason":"%%2313","IpAddress":"45.227.253.61","IpPort":"0","KeyLength":"0","LmPackageName":"-","LogonProcessName":"NtLmSsp","LogonType":"3","ProcessId":"0x0","ProcessName":"-","Status":"0xc000006d","SubStatus":"0xc0000064","SubjectDomainName":"-","SubjectLogonId":"0x0","SubjectUserName":"-","SubjectUserSid":"S-1-0-0","TargetDomainName":"WINDOWS-SERVER-2022-AAC9C41D-E0A3-4E7E-88B8-33936AB93238-0","TargetUserName":"Admin","TargetUserSid":"S-1-0-0","TransmittedServices":"-","WorkstationName":"WIN-56DH2BBHACU"},"System":{"Channel":"Security","Computer":"windows-server-2022-aac9c41d-e0a3-4e7e-88b8-33936ab93238-0","Correlation":{"ActivityID":"{55ae049b-37ef-0001-ee39-a76a4ac5db01}"},"EventID":"4625","EventRecordID":"4418048","Execution":{"ProcessID":"648","ThreadID":"8848"},"Keywords":"0x8010000000000000","Level":"0","Opcode":"0","Provider":{"Guid":"{54849625-5478-4994-a5ba-3e3b0328c30d}","Name":"Microsoft-Windows-Security-Auditing"},"Security":"","Task":"12544","TimeCreated":{"SystemTime":"2025-06-10T02:50:36.0644377Z"},"Version":"0","_event_id":"4625"}}},"routing":{"arch":2,"did":"","event_id":"6ead4e67-cffd-4c64-a390-4a8b00f4cc73","event_time":1749523837053,"event_type":"WEL","ext_ip":"34.171.104.183","hostname":"windows-server-2022-aac9c41d-e0a3-4e7e-88b8-33936ab93238-0.c.lc-demo-infra.internal.","iid":"09774cc8-cb43-4164-abd3-87230031c142","int_ip":"10.128.15.201","latency":2,"moduleid":2,"oid":"aac9c41d-e0a3-4e7e-88b8-33936ab93238","plat":268435456,"sid":"17b8710a-7337-4e64-9c18-2955e86f2d0d","tags":["fim","lc:stable","windows"],"this":"4bb7e08c89cafe3bfcc6d04e68479d7d"},"ts":"2025-06-10 02:50:37"}
{"event":{"EVENT":{"EventData":{"AuthenticationPackageName":"NTLM","FailureReason":"%%2313","IpAddress":"45.227.253.61","IpPort":"0","KeyLength":"0","LmPackageName":"-","LogonProcessName":"NtLmSsp","LogonType":"3","ProcessId":"0x0","ProcessName":"-","Status":"0xc000006d","SubStatus":"0xc0000064","SubjectDomainName":"-","SubjectLogonId":"0x0","SubjectUserName":"-","SubjectUserSid":"S-1-0-0","TargetDomainName":"WINDOWS-SERVER-2022-AAC9C41D-E0A3-4E7E-88B8-33936AB93238-0","TargetUserName":"Admin","TargetUserSid":"S-1-0-0","TransmittedServices":"-","WorkstationName":"WIN-56DH2BBHACU"},"System":{"Channel":"Security","Computer":"windows-server-2022-aac9c41d-e0a3-4e7e-88b8-33936ab93238-0","Correlation":{"ActivityID":"{55ae049b-37ef-0001-ee39-a76a4ac5db01}"},"EventID":"4625","EventRecordID":"4418047","Execution":{"ProcessID":"648","ThreadID":"8848"},"Keywords":"0x8010000000000000","Level":"0","Opcode":"0","Provider":{"Guid":"{54849625-5478-4994-a5ba-3e3b0328c30d}","Name":"Microsoft-Windows-Security-Auditing"},"Security":"","Task":"12544","TimeCreated":{"SystemTime":"2025-06-10T02:50:34.2962111Z"},"Version":"0","_event_id":"4625"}}},"routing":{"arch":2,"did":"","event_id":"e1c70e1b-7b6d-44b6-93c3-176337c431b2","event_time":1749523835285,"event_type":"WEL","ext_ip":"34.171.104.183","hostname":"windows-server-2022-aac9c41d-e0a3-4e7e-88b8-33936ab93238-0.c.lc-demo-infra.internal.","iid":"09774cc8-cb43-4164-abd3-87230031c142","int_ip":"10.128.15.201","latency":3,"moduleid":2,"oid":"aac9c41d-e0a3-4e7e-88b8-33936ab93238","plat":268435456,"sid":"17b8710a-7337-4e64-9c18-2955e86f2d0d","tags":["fim","lc:stable","windows"],"this":"ecb37d9ec014ae4a6212800368479d7b"},"ts":"2025-06-10 02:50:35"}
{"event":{"EVENT":{"EventData":{"AuthenticationPackageName":"NTLM","FailureReason":"%%2313","IpAddress":"76.191.100.20","IpPort":"0","KeyLength":"0","LmPackageName":"-","LogonProcessName":"NtLmSsp","LogonType":"3","ProcessId":"0x0","ProcessName":"-","Status":"0xc000006d","SubStatus":"0xc000006a","SubjectDomainName":"-","SubjectLogonId":"0x0","SubjectUserName":"-","SubjectUserSid":"S-1-0-0","TargetDomainName":"","TargetUserName":"Administrator","TargetUserSid":"S-1-0-0","TransmittedServices":"-","WorkstationName":"workstation"},"System":{"Channel":"Security","Computer":"DESKTOP-C2A1841","Correlation":{"ActivityID":"{352b8892-aa45-0001-ddca-25f63c52db01}"},"EventID":"4625","EventRecordID":"4683446","Execution":{"ProcessID":"648","ThreadID":"4000"},"Keywords":"0x8010000000000000","Level":"0","Opcode":"0","Provider":{"Guid":"{54849625-5478-4994-a5ba-3e3b0328c30d}","Name":"Microsoft-Windows-Security-Auditing"},"Security":"","Task":"12544","TimeCreated":{"SystemTime":"2025-06-10T02:50:33.5876326Z"},"Version":"0","_event_id":"4625"}}},"routing":{"arch":2,"did":"","event_id":"b9f0302b-bf8f-46dc-878e-55d5717e6d6e","event_time":1749523835591,"event_type":"WEL","ext_ip":"34.58.90.170","hostname":"desktop-c2a1841.c.lc-demo-infra.internal.","iid":"09774cc8-cb43-4164-abd3-87230031c142","int_ip":"10.128.15.200","latency":-29,"moduleid":2,"oid":"aac9c41d-e0a3-4e7e-88b8-33936ab93238","plat":268435456,"sid":"c4ba6121-d13d-4871-82f8-4b5c5556761e","tags":["lc:testtag","windows"],"this":"ce29f8387cd4f7265aecc08e68479d7b"},"ts":"2025-06-10 02:50:35"}
{"event":{"PROCESS_ID":648,"REGISTRY_KEY":"\\REGISTRY\\MACHINE\\SAM\\SAM\\Domains\\Account\\Users\\000001F4\\F","REGISTRY_VALUE":"AwABAAAAAAAAAAAAAAAAAA==","SIZE":3,"TYPE":3},"routing":{"arch":2,"did":"","event_id":"79ca0e97-6764-4a7a-817b-78f784921ef5","event_time":1749523834575,"event_type":"REGISTRY_WRITE","ext_ip":"34.58.90.170","hostname":"desktop-c2a1841.c.lc-demo-infra.internal.","iid":"09774cc8-cb43-4164-abd3-87230031c142","int_ip":"10.128.15.200","latency":971,"moduleid":2,"oid":"aac9c41d-e0a3-4e7e-88b8-33936ab93238","parent":"8ced3bfcbf30b0dc5810c9e36818de5e","plat":268435456,"sid":"c4ba6121-d13d-4871-82f8-4b5c5556761e","tags":["lc:testtag","windows"],"this":"a5f0b8553f6df008aeac012c68479d7b"},"ts":"2025-06-10 02:50:34"}
{"event":{"EVENT":{"EventData":{"AuthenticationPackageName":"NTLM","FailureReason":"%%2313","IpAddress":"45.227.253.61","IpPort":"0","KeyLength":"0","LmPackageName":"-","LogonProcessName":"NtLmSsp","LogonType":"3","ProcessId":"0x0","ProcessName":"-","Status":"0xc000006d","SubStatus":"0xc0000064","SubjectDomainName":"-","SubjectLogonId":"0x0","SubjectUserName":"-","SubjectUserSid":"S-1-0-0","TargetDomainName":"WINDOWS-SERVER-2022-AAC9C41D-E0A3-4E7E-88B8-33936AB93238-0","TargetUserName":"Admin","TargetUserSid":"S-1-0-0","TransmittedServices":"-","WorkstationName":"WIN-56DH2BBHACU"},"System":{"Channel":"Security","Computer":"windows-server-2022-aac9c41d-e0a3-4e7e-88b8-33936ab93238-0","Correlation":{"ActivityID":"{55ae049b-37ef-0001-ee39-a76a4ac5db01}"},"EventID":"4625","EventRecordID":"4418045","Execution":{"ProcessID":"648","ThreadID":"8848"},"Keywords":"0x8010000000000000","Level":"0","Opcode":"0","Provider":{"Guid":"{54849625-5478-4994-a5ba-3e3b0328c30d}","Name":"Microsoft-Windows-Security-Auditing"},"Security":"","Task":"12544","TimeCreated":{"SystemTime":"2025-06-10T02:50:32.4464316Z"},"Version":"0","_event_id":"4625"}}},"routing":{"arch":2,"did":"","event_id":"4219e09f-9c16-45fc-aab3-ae1192de813d","event_time":1749523833440,"event_type":"WEL","ext_ip":"34.171.104.183","hostname":"windows-server-2022-aac9c41d-e0a3-4e7e-88b8-33936ab93238-0.c.lc-demo-infra.internal.","iid":"09774cc8-cb43-4164-abd3-87230031c142","int_ip":"10.128.15.201","latency":2,"moduleid":2,"oid":"aac9c41d-e0a3-4e7e-88b8-33936ab93238","plat":268435456,"sid":"17b8710a-7337-4e64-9c18-2955e86f2d0d","tags":["fim","lc:stable","windows"],"this":"014f70aca58a7179cc09a58a68479d79"},"ts":"2025-06-10 02:50:33"}
{"event":{"EVENT":{"EventData":{"AuthenticationPackageName":"NTLM","FailureReason":"%%2313","IpAddress":"194.180.48.29","IpPort":"0","KeyLength":"0","LmPackageName":"-","LogonProcessName":"NtLmSsp","LogonType":"3","ProcessId":"0x0","ProcessName":"-","Status":"0xc000006d","SubStatus":"0xc000006a","SubjectDomainName":"-","SubjectLogonId":"0x0","SubjectUserName":"-","SubjectUserSid":"S-1-0-0","TargetDomainName":"-","TargetUserName":"ADMINISTRATOR","TargetUserSid":"S-1-0-0","TransmittedServices":"-","WorkstationName":"-"},"System":{"Channel":"Security","Computer":"windows-server-2022-aac9c41d-e0a3-4e7e-88b8-33936ab93238-0","Correlation":{"ActivityID":"{55ae049b-37ef-0001-ee39-a76a4ac5db01}"},"EventID":"4625","EventRecordID":"4418046","Execution":{"ProcessID":"648","ThreadID":"8848"},"Keywords":"0x8010000000000000","Level":"0","Opcode":"0","Provider":{"Guid":"{54849625-5478-4994-a5ba-3e3b0328c30d}","Name":"Microsoft-Windows-Security-Auditing"},"Security":"","Task":"12544","TimeCreated":{"SystemTime":"2025-06-10T02:50:32.5032466Z"},"Version":"0","_event_id":"4625"}}},"routing":{"arch":2,"did":"","event_id":"9d4e929f-144e-49ed-814a-12c29da40829","event_time":1749523833440,"event_type":"WEL","ext_ip":"34.171.104.183","hostname":"windows-server-2022-aac9c41d-e0a3-4e7e-88b8-33936ab93238-0.c.lc-demo-infra.internal.","iid":"09774cc8-cb43-4164-abd3-87230031c142","int_ip":"10.128.15.201","latency":3,"moduleid":2,"oid":"aac9c41d-e0a3-4e7e-88b8-33936ab93238","plat":268435456,"sid":"17b8710a-7337-4e64-9c18-2955e86f2d0d","tags":["fim","lc:stable","windows"],"this":"49f10f1fc29ea367eaf5bf2968479d79"},"ts":"2025-06-10 02:50:33"}
{"event":{"EVENT":{"EventData":{"AuthenticationPackageName":"NTLM","FailureReason":"%%2313","IpAddress":"45.227.253.61","IpPort":"0","KeyLength":"0","LmPackageName":"-","LogonProcessName":"NtLmSsp","LogonType":"3","ProcessId":"0x0","ProcessName":"-","Status":"0xc000006d","SubStatus":"0xc0000064","SubjectDomainName":"-","SubjectLogonId":"0x0","SubjectUserName":"-","SubjectUserSid":"S-1-0-0","TargetDomainName":"WINDOWS-SERVER-2022-AAC9C41D-E0A3-4E7E-88B8-33936AB93238-0","TargetUserName":"Admin","TargetUserSid":"S-1-0-0","TransmittedServices":"-","WorkstationName":"WIN-56DH2BBHACU"},"System":{"Channel":"Security","Computer":"windows-server-2022-aac9c41d-e0a3-4e7e-88b8-33936ab93238-0","Correlation":{"ActivityID":"{55ae049b-37ef-0001-ee39-a76a4ac5db01}"},"EventID":"4625","EventRecordID":"4418044","Execution":{"ProcessID":"648","ThreadID":"8848"},"Keywords":"0x8010000000000000","Level":"0","Opcode":"0","Provider":{"Guid":"{54849625-5478-4994-a5ba-3e3b0328c30d}","Name":"Microsoft-Windows-Security-Auditing"},"Security":"","Task":"12544","TimeCreated":{"SystemTime":"2025-06-10T02:50:30.6770117Z"},"Version":"0","_event_id":"4625"}}},"routing":{"arch":2,"did":"","event_id":"c62e9e77-2487-46f1-b2c1-291d420a9556","event_time":1749523831673,"event_type":"WEL","ext_ip":"34.171.104.183","hostname":"windows-server-2022-aac9c41d-e0a3-4e7e-88b8-33936ab93238-0.c.lc-demo-infra.internal.","iid":"09774cc8-cb43-4164-abd3-87230031c142","int_ip":"10.128.15.201","latency":3,"moduleid":2,"oid":"aac9c41d-e0a3-4e7e-88b8-33936ab93238","plat":268435456,"sid":"17b8710a-7337-4e64-9c18-2955e86f2d0d","tags":["fim","lc:stable","windows"],"this":"4c373be7976fdb9cad7868a568479d77"},"ts":"2025-06-10 02:50:31"}
{"event":{"EVENT":{"EventData":{"AuthenticationPackageName":"NTLM","FailureReason":"%%2313","IpAddress":"81.246.124.197","IpPort":"0","KeyLength":"0","LmPackageName":"-","LogonProcessName":"NtLmSsp","LogonType":"3","ProcessId":"0x0","ProcessName":"-","Status":"0xc000006d","SubStatus":"0xc000006a","SubjectDomainName":"-","SubjectLogonId":"0x0","SubjectUserName":"-","SubjectUserSid":"S-1-0-0","TargetDomainName":"","TargetUserName":"administrator","TargetUserSid":"S-1-0-0","TransmittedServices":"-","WorkstationName":"workstation"},"System":{"Channel":"Security","Computer":"DESKTOP-C2A1841","Correlation":{"ActivityID":"{352b8892-aa45-0001-ddca-25f63c52db01}"},"EventID":"4625","EventRecordID":"4683445","Execution":{"ProcessID":"648","ThreadID":"16540"},"Keywords":"0x8010000000000000","Level":"0","Opcode":"0","Provider":{"Guid":"{54849625-5478-4994-a5ba-3e3b0328c30d}","Name":"Microsoft-Windows-Security-Auditing"},"Security":"","Task":"12544","TimeCreated":{"SystemTime":"2025-06-10T02:50:28.8618625Z"},"Version":"0","_event_id":"4625"}}},"routing":{"arch":2,"did":"","event_id":"9f12c251-b08d-4b00-ab0e-3d2802fc5480","event_time":1749523830854,"event_type":"WEL","ext_ip":"34.58.90.170","hostname":"desktop-c2a1841.c.lc-demo-infra.internal.","iid":"09774cc8-cb43-4164-abd3-87230031c142","int_ip":"10.128.15.200","latency":221,"moduleid":2,"oid":"aac9c41d-e0a3-4e7e-88b8-33936ab93238","plat":268435456,"sid":"c4ba6121-d13d-4871-82f8-4b5c5556761e","tags":["lc:testtag","windows"],"this":"8a28f5fa97a491c771db2c3868479d76"},"ts":"2025-06-10 02:50:30"}
{"event":{"EVENT":{"EventData":{"AuthenticationPackageName":"NTLM","FailureReason":"%%2313","IpAddress":"102.88.21.217","IpPort":"0","KeyLength":"0","LmPackageName":"-","LogonProcessName":"NtLmSsp","LogonType":"3","ProcessId":"0x0","ProcessName":"-","Status":"0xc000006d","SubStatus":"0xc000006a","SubjectDomainName":"-","SubjectLogonId":"0x0","SubjectUserName":"-","SubjectUserSid":"S-1-0-0","TargetDomainName":"-","TargetUserName":"ADMINISTRATOR","TargetUserSid":"S-1-0-0","TransmittedServices":"-","WorkstationName":"-"},"System":{"Channel":"Security","Computer":"windows-server-2022-aac9c41d-e0a3-4e7e-88b8-33936ab93238-0","Correlation":{"ActivityID":"{55ae049b-37ef-0001-ee39-a76a4ac5db01}"},"EventID":"4625","EventRecordID":"4418042","Execution":{"ProcessID":"648","ThreadID":"8848"},"Keywords":"0x8010000000000000","Level":"0","Opcode":"0","Provider":{"Guid":"{54849625-5478-4994-a5ba-3e3b0328c30d}","Name":"Microsoft-Windows-Security-Auditing"},"Security":"","Task":"12544","TimeCreated":{"SystemTime":"2025-06-10T02:50:28.2113665Z"},"Version":"0","_event_id":"4625"}}},"routing":{"arch":2,"did":"","event_id":"d921ac31-b203-4e79-a289-5c6d919ddb03","event_time":1749523829202,"event_type":"WEL","ext_ip":"34.171.104.183","hostname":"windows-server-2022-aac9c41d-e0a3-4e7e-88b8-33936ab93238-0.c.lc-demo-infra.internal.","iid":"09774cc8-cb43-4164-abd3-87230031c142","int_ip":"10.128.15.201","latency":12,"moduleid":2,"oid":"aac9c41d-e0a3-4e7e-88b8-33936ab93238","plat":268435456,"sid":"17b8710a-7337-4e64-9c18-2955e86f2d0d","tags":["fim","lc:stable","windows"],"this":"e365c33571b8d09df5cfa9fe68479d75"},"ts":"2025-06-10 02:50:29"}
{"event":{"EVENT":{"EventData":{"AuthenticationPackageName":"NTLM","FailureReason":"%%2313","IpAddress":"45.227.253.61","IpPort":"0","KeyLength":"0","LmPackageName":"-","LogonProcessName":"NtLmSsp","LogonType":"3","ProcessId":"0x0","ProcessName":"-","Status":"0xc000006d","SubStatus":"0xc0000064","SubjectDomainName":"-","SubjectLogonId":"0x0","SubjectUserName":"-","SubjectUserSid":"S-1-0-0","TargetDomainName":"WINDOWS-SERVER-2022-AAC9C41D-E0A3-4E7E-88B8-33936AB93238-0","TargetUserName":"Admin","TargetUserSid":"S-1-0-0","TransmittedServices":"-","WorkstationName":"WIN-56DH2BBHACU"},"System":{"Channel":"Security","Computer":"windows-server-2022-aac9c41d-e0a3-4e7e-88b8-33936ab93238-0","Correlation":{"ActivityID":"{55ae049b-37ef-0001-ee39-a76a4ac5db01}"},"EventID":"4625","EventRecordID":"4418043","Execution":{"ProcessID":"648","ThreadID":"8848"},"Keywords":"0x8010000000000000","Level":"0","Opcode":"0","Provider":{"Guid":"{54849625-5478-4994-a5ba-3e3b0328c30d}","Name":"Microsoft-Windows-Security-Auditing"},"Security":"","Task":"12544","TimeCreated":{"SystemTime":"2025-06-10T02:50:28.9211568Z"},"Version":"0","_event_id":"4625"}}},"routing":{"arch":2,"did":"","event_id":"69280075-7581-40ea-951e-0d801187c36a","event_time":1749523829202,"event_type":"WEL","ext_ip":"34.171.104.183","hostname":"windows-server-2022-aac9c41d-e0a3-4e7e-88b8-33936ab93238-0.c.lc-demo-infra.internal.","iid":"09774cc8-cb43-4164-abd3-87230031c142","int_ip":"10.128.15.201","latency":16,"moduleid":2,"oid":"aac9c41d-e0a3-4e7e-88b8-33936ab93238","plat":268435456,"sid":"17b8710a-7337-4e64-9c18-2955e86f2d0d","tags":["fim","lc:stable","windows"],"this":"ac187561d82534acbd2309fc68479d75"},"ts":"2025-06-10 02:50:29"}
{"event":{"EVENT":{"EventData":{"param1":"Windows Modules Installer","param2":"stopped"},"System":{"Channel":"System","Computer":"windows-server-2022-aac9c41d-e0a3-4e7e-88b8-33936ab93238-0","Correlation":"","EventID":{"Qualifiers":"16384","content":"7036"},"EventRecordID":"83101","Execution":{"ProcessID":"628","ThreadID":"6064"},"Keywords":"0x8080000000000000","Level":"4","Opcode":"0","Provider":{"EventSourceName":"Service Control Manager","Guid":"{555908d1-a6d7-4695-8e1e-26931d2012f4}","Name":"Service Control Manager"},"Security":"","Task":"0","TimeCreated":{"SystemTime":"2025-06-10T02:50:28.6561113Z"},"Version":"0","_event_id":"7036"}}},"routing":{"arch":2,"did":"","event_id":"e7191d94-315a-481d-bae3-869aa85fd46a","event_time":1749523829671,"event_type":"WEL","ext_ip":"34.171.104.183","hostname":"windows-server-2022-aac9c41d-e0a3-4e7e-88b8-33936ab93238-0.c.lc-demo-infra.internal.","iid":"09774cc8-cb43-4164-abd3-87230031c142","int_ip":"10.128.15.201","latency":3,"moduleid":2,"oid":"aac9c41d-e0a3-4e7e-88b8-33936ab93238","plat":268435456,"sid":"17b8710a-7337-4e64-9c18-2955e86f2d0d","tags":["fim","lc:stable","windows"],"this":"45306383091cf2568ad8bc8968479d75"},"ts":"2025-06-10 02:50:29"}
{"event":{"PARENT_PROCESS_ID":628,"PROCESS_ID":7552},"routing":{"arch":2,"did":"","event_id":"818165eb-9a1e-4f9f-8cb1-00221b8a590e","event_time":1749523829062,"event_type":"TERMINATE_PROCESS","ext_ip":"34.171.104.183","hostname":"windows-server-2022-aac9c41d-e0a3-4e7e-88b8-33936ab93238-0.c.lc-demo-infra.internal.","iid":"09774cc8-cb43-4164-abd3-87230031c142","int_ip":"10.128.15.201","latency":4004,"moduleid":2,"oid":"aac9c41d-e0a3-4e7e-88b8-33936ab93238","parent":"13b96af49624fec5142ed14368479cf2","plat":268435456,"sid":"17b8710a-7337-4e64-9c18-2955e86f2d0d","tags":["fim","lc:stable","windows"],"this":"17d1e444c480feddacb6374d68479d79"},"ts":"2025-06-10 02:50:29"}
{"event":{"PARENT_PROCESS_ID":756,"PROCESS_ID":3756},"routing":{"arch":2,"did":"","event_id":"f68be287-d252-48b9-b055-6c1970e1f400","event_time":1749523829062,"event_type":"TERMINATE_PROCESS","ext_ip":"34.171.104.183","hostname":"windows-server-2022-aac9c41d-e0a3-4e7e-88b8-33936ab93238-0.c.lc-demo-infra.internal.","iid":"09774cc8-cb43-4164-abd3-87230031c142","int_ip":"10.128.15.201","latency":4005,"moduleid":2,"oid":"aac9c41d-e0a3-4e7e-88b8-33936ab93238","parent":"952e25b77f9aa92902ac360268479cf2","plat":268435456,"sid":"17b8710a-7337-4e64-9c18-2955e86f2d0d","tags":["fim","lc:stable","windows"],"this":"eb873fb5771081203006fce068479d79"},"ts":"2025-06-10 02:50:29"}
{"event":{"EVENT":{"EventData":{"AuthenticationPackageName":"NTLM","FailureReason":"%%2313","IpAddress":"194.180.48.29","IpPort":"0","KeyLength":"0","LmPackageName":"-","LogonProcessName":"NtLmSsp","LogonType":"3","ProcessId":"0x0","ProcessName":"-","Status":"0xc000006d","SubStatus":"0xc000006a","SubjectDomainName":"-","SubjectLogonId":"0x0","SubjectUserName":"-","SubjectUserSid":"S-1-0-0","TargetDomainName":"","TargetUserName":"ADMINISTRATOR","TargetUserSid":"S-1-0-0","TransmittedServices":"-","WorkstationName":"-"},"System":{"Channel":"Security","Computer":"DESKTOP-C2A1841","Correlation":{"ActivityID":"{352b8892-aa45-0001-ddca-25f63c52db01}"},"EventID":"4625","EventRecordID":"4683444","Execution":{"ProcessID":"648","ThreadID":"16540"},"Keywords":"0x8010000000000000","Level":"0","Opcode":"0","Provider":{"Guid":"{54849625-5478-4994-a5ba-3e3b0328c30d}","Name":"Microsoft-Windows-Security-Auditing"},"Security":"","Task":"12544","TimeCreated":{"SystemTime":"2025-06-10T02:50:27.6011181Z"},"Version":"0","_event_id":"4625"}}},"routing":{"arch":2,"did":"","event_id":"9571c264-4826-4ba2-8abc-9c36960ca7d5","event_time":1749523829602,"event_type":"WEL","ext_ip":"34.58.90.170","hostname":"desktop-c2a1841.c.lc-demo-infra.internal.","iid":"09774cc8-cb43-4164-abd3-87230031c142","int_ip":"10.128.15.200","latency":647,"moduleid":2,"oid":"aac9c41d-e0a3-4e7e-88b8-33936ab93238","plat":268435456,"sid":"c4ba6121-d13d-4871-82f8-4b5c5556761e","tags":["lc:testtag","windows"],"this":"25c67e4d923d4bfc065d3b4368479d75"},"ts":"2025-06-10 02:50:29"}
{"event":{"PROCESS_ID":648,"REGISTRY_KEY":"\\REGISTRY\\MACHINE\\SAM\\SAM\\Domains\\Account\\Users\\000001F4\\F","REGISTRY_VALUE":"AwABAAAAAAAAAAAAAAAAAA==","SIZE":3,"TYPE":3},"routing":{"arch":2,"did":"","event_id":"cf17357f-5802-45ca-9b57-26028ccd144c","event_time":1749523829852,"event_type":"REGISTRY_WRITE","ext_ip":"34.58.90.170","hostname":"desktop-c2a1841.c.lc-demo-infra.internal.","iid":"09774cc8-cb43-4164-abd3-87230031c142","int_ip":"10.128.15.200","latency":813,"moduleid":2,"oid":"aac9c41d-e0a3-4e7e-88b8-33936ab93238","parent":"8ced3bfcbf30b0dc5810c9e36818de5e","plat":268435456,"sid":"c4ba6121-d13d-4871-82f8-4b5c5556761e","tags":["lc:testtag","windows"],"this":"cdcd70368cbc03623de930fe68479d76"},"ts":"2025-06-10 02:50:29"}
{"event":{"EVENT":{"EventData":{"AuthenticationPackageName":"NTLM","FailureReason":"%%2313","IpAddress":"45.227.253.61","IpPort":"0","KeyLength":"0","LmPackageName":"-","LogonProcessName":"NtLmSsp","LogonType":"3","ProcessId":"0x0","ProcessName":"-","Status":"0xc000006d","SubStatus":"0xc0000064","SubjectDomainName":"-","SubjectLogonId":"0x0","SubjectUserName":"-","SubjectUserSid":"S-1-0-0","TargetDomainName":"WINDOWS-SERVER-2022-AAC9C41D-E0A3-4E7E-88B8-33936AB93238-0","TargetUserName":"Admin","TargetUserSid":"S-1-0-0","TransmittedServices":"-","WorkstationName":"WIN-56DH2BBHACU"},"System":{"Channel":"Security","Computer":"windows-server-2022-aac9c41d-e0a3-4e7e-88b8-33936ab93238-0","Correlation":{"ActivityID":"{55ae049b-37ef-0001-ee39-a76a4ac5db01}"},"EventID":"4625","EventRecordID":"4418041","Execution":{"ProcessID":"648","ThreadID":"8848"},"Keywords":"0x8010000000000000","Level":"0","Opcode":"0","Provider":{"Guid":"{54849625-5478-4994-a5ba-3e3b0328c30d}","Name":"Microsoft-Windows-Security-Auditing"},"Security":"","Task":"12544","TimeCreated":{"SystemTime":"2025-06-10T02:50:27.1322048Z"},"Version":"0","_event_id":"4625"}}},"routing":{"arch":2,"did":"","event_id":"653e79bf-576e-458e-bf4e-f2de52d8164d","event_time":1749523828139,"event_type":"WEL","ext_ip":"34.171.104.183","hostname":"windows-server-2022-aac9c41d-e0a3-4e7e-88b8-33936ab93238-0.c.lc-demo-infra.internal.","iid":"09774cc8-cb43-4164-abd3-87230031c142","int_ip":"10.128.15.201","latency":43,"moduleid":2,"oid":"aac9c41d-e0a3-4e7e-88b8-33936ab93238","plat":268435456,"sid":"17b8710a-7337-4e64-9c18-2955e86f2d0d","tags":["fim","lc:stable","windows"],"this":"4dfb8a92f7f40bf51a6da85968479d74"},"ts":"2025-06-10 02:50:28"}
{"event":{"ACTION":"modified","FILE_PATH":"C:\\Windows\\Logs\\CBS\\CBS.log","HASH":"724b0712e7ccf3878136a2eea6422a2d57eb35ec2be1629329cf9cf26b38f85c","PROCESS":{"BASE_ADDRESS":140698117144576,"COMMAND_LINE":"C:\\Windows\\servicing\\TrustedInstaller.exe","FILE_IS_SIGNED":1,"FILE_PATH":"C:\\Windows\\servicing\\TrustedInstaller.exe","HASH":"ecbddd355d829c616b3936887a77638806c589fb2ca8bd13aa75de2c549c2c3a","MEMORY_USAGE":8048640,"PARENT_ATOM":"b56d4120493c4260490c5b186825611e","PARENT_PROCESS_ID":628,"PROCESS_ID":7552,"THIS_ATOM":"13b96af49624fec5142ed14368479cf2","THREADS":8,"TIMESTAMP":1749523697706,"USER_NAME":"NT AUTHORITY\\SYSTEM"},"PROCESS_ID":7552},"routing":{"arch":2,"did":"","event_id":"7e2e199a-ccb8-400d-bda2-453711a02d3d","event_time":1749523828640,"event_type":"FIM_HIT","ext_ip":"34.171.104.183","hostname":"windows-server-2022-aac9c41d-e0a3-4e7e-88b8-33936ab93238-0.c.lc-demo-infra.internal.","iid":"09774cc8-cb43-4164-abd3-87230031c142","int_ip":"10.128.15.201","latency":335,"moduleid":2,"oid":"aac9c41d-e0a3-4e7e-88b8-33936ab93238","parent":"13b96af49624fec5142ed14368479cf2","plat":268435456,"sid":"17b8710a-7337-4e64-9c18-2955e86f2d0d","tags":["fim","lc:stable","windows"],"this":"0dfa8f966caa9fd71626b07468479d74"},"ts":"2025-06-10 02:50:28"}
{"event":{"ACTION":"modified","FILE_PATH":"C:\\Windows\\Logs\\CBS\\CBS.log","HASH":"724b0712e7ccf3878136a2eea6422a2d57eb35ec2be1629329cf9cf26b38f85c","PROCESS":{"BASE_ADDRESS":140699317829632,"COMMAND_LINE":"C:\\Windows\\winsxs\\amd64_microsoft-windows-servicingstack_31bf3856ad364e35_10.0.20348.3691_none_b1bc9560f9934ed7\\TiWorker.exe -Embedding","FILE_IS_SIGNED":1,"FILE_PATH":"C:\\Windows\\winsxs\\amd64_microsoft-windows-servicingstack_31bf3856ad364e35_10.0.20348.3691_none_b1bc9560f9934ed7\\TiWorker.exe","HASH":"08301a417991545830b55eacf276dd3d47ad0a1559ae477c34a65031c4de3caf","MEMORY_USAGE":13463552,"PARENT_ATOM":"32ab94087088c4967913285d68256120","PARENT_PROCESS_ID":756,"PROCESS_ID":3756,"THIS_ATOM":"952e25b77f9aa92902ac360268479cf2","THREADS":8,"TIMESTAMP":1749523697737,"USER_NAME":"NT AUTHORITY\\SYSTEM"},"PROCESS_ID":3756},"routing":{"arch":2,"did":"","event_id":"66c37b67-1e2c-48bd-b1fa-d2e51ed3ef23","event_time":1749523828640,"event_type":"FIM_HIT","ext_ip":"34.171.104.183","hostname":"windows-server-2022-aac9c41d-e0a3-4e7e-88b8-33936ab93238-0.c.lc-demo-infra.internal.","iid":"09774cc8-cb43-4164-abd3-87230031c142","int_ip":"10.128.15.201","latency":342,"moduleid":2,"oid":"aac9c41d-e0a3-4e7e-88b8-33936ab93238","parent":"952e25b77f9aa92902ac360268479cf2","plat":268435456,"sid":"17b8710a-7337-4e64-9c18-2955e86f2d0d","tags":["fim","lc:stable","windows"],"this":"44abe29e109681d967eea4ae68479d74"},"ts":"2025-06-10 02:50:28"}
{"event":{"ACTION":"modified","FILE_PATH":"C:\\Windows\\Logs\\CBS\\CBS.log","HASH":"724b0712e7ccf3878136a2eea6422a2d57eb35ec2be1629329cf9cf26b38f85c","PROCESS":{"BASE_ADDRESS":140698117144576,"COMMAND_LINE":"C:\\Windows\\servicing\\TrustedInstaller.exe","FILE_IS_SIGNED":1,"FILE_PATH":"C:\\Windows\\servicing\\TrustedInstaller.exe","HASH":"ecbddd355d829c616b3936887a77638806c589fb2ca8bd13aa75de2c549c2c3a","MEMORY_USAGE":8048640,"PARENT_ATOM":"b56d4120493c4260490c5b186825611e","PARENT_PROCESS_ID":628,"PROCESS_ID":7552,"THIS_ATOM":"13b96af49624fec5142ed14368479cf2","THREADS":8,"TIMESTAMP":1749523697706,"USER_NAME":"NT AUTHORITY\\SYSTEM"},"PROCESS_ID":7552},"routing":{"arch":2,"did":"","event_id":"7c7a3a02-32ea-48ab-a23c-7345ed0c58af","event_time":1749523828656,"event_type":"FIM_HIT","ext_ip":"34.171.104.183","hostname":"windows-server-2022-aac9c41d-e0a3-4e7e-88b8-33936ab93238-0.c.lc-demo-infra.internal.","iid":"09774cc8-cb43-4164-abd3-87230031c142","int_ip":"10.128.15.201","latency":357,"moduleid":2,"oid":"aac9c41d-e0a3-4e7e-88b8-33936ab93238","parent":"13b96af49624fec5142ed14368479cf2","plat":268435456,"sid":"17b8710a-7337-4e64-9c18-2955e86f2d0d","tags":["fim","lc:stable","windows"],"this":"06eb5ee45a6fff77c0fafe3c68479d74"},"ts":"2025-06-10 02:50:28"}
{"event":{"PROCESS_ID":648,"REGISTRY_KEY":"\\REGISTRY\\MACHINE\\SAM\\SAM\\Domains\\Account\\Users\\000001F4\\F","REGISTRY_VALUE":"AwABAAAAAAAAAAAAAAAAAA==","SIZE":3,"TYPE":3},"routing":{"arch":2,"did":"","event_id":"47b11928-e645-4904-9ac5-2d96a1ab50da","event_time":1749523828599,"event_type":"REGISTRY_WRITE","ext_ip":"34.58.90.170","hostname":"desktop-c2a1841.c.lc-demo-infra.internal.","iid":"09774cc8-cb43-4164-abd3-87230031c142","int_ip":"10.128.15.200","latency":971,"moduleid":2,"oid":"aac9c41d-e0a3-4e7e-88b8-33936ab93238","parent":"8ced3bfcbf30b0dc5810c9e36818de5e","plat":268435456,"sid":"c4ba6121-d13d-4871-82f8-4b5c5556761e","tags":["lc:testtag","windows"],"this":"8237a8d7c7e2cb55c706e35768479d75"},"ts":"2025-06-10 02:50:28"}
{"event":{"EVENT":{"EventData":{"AuthenticationPackageName":"NTLM","FailureReason":"%%2313","IpAddress":"92.63.197.197","IpPort":"0","KeyLength":"0","LmPackageName":"-","LogonProcessName":"NtLmSsp","LogonType":"3","ProcessId":"0x0","ProcessName":"-","Status":"0xc000006d","SubStatus":"0xc0000064","SubjectDomainName":"-","SubjectLogonId":"0x0","SubjectUserName":"-","SubjectUserSid":"S-1-0-0","TargetDomainName":"windows-server-2022-aac9c41d-e0a3-4e7e-88b8-33936ab93238-0","TargetUserName":"administrador","TargetUserSid":"S-1-0-0","TransmittedServices":"-","WorkstationName":"E06S19"},"System":{"Channel":"Security","Computer":"windows-server-2022-aac9c41d-e0a3-4e7e-88b8-33936ab93238-0","Correlation":{"ActivityID":"{55ae049b-37ef-0001-ee39-a76a4ac5db01}"},"EventID":"4625","EventRecordID":"4418040","Execution":{"ProcessID":"648","ThreadID":"8848"},"Keywords":"0x8010000000000000","Level":"0","Opcode":"0","Provider":{"Guid":"{54849625-5478-4994-a5ba-3e3b0328c30d}","Name":"Microsoft-Windows-Security-Auditing"},"Security":"","Task":"12544","TimeCreated":{"SystemTime":"2025-06-10T02:50:26.0874933Z"},"Version":"0","_event_id":"4625"}}},"routing":{"arch":2,"did":"","event_id":"fa4fecfd-ea3f-442f-816b-791feee9eb4d","event_time":1749523827077,"event_type":"WEL","ext_ip":"34.171.104.183","hostname":"windows-server-2022-aac9c41d-e0a3-4e7e-88b8-33936ab93238-0.c.lc-demo-infra.internal.","iid":"09774cc8-cb43-4164-abd3-87230031c142","int_ip":"10.128.15.201","latency":2,"moduleid":2,"oid":"aac9c41d-e0a3-4e7e-88b8-33936ab93238","plat":268435456,"sid":"17b8710a-7337-4e64-9c18-2955e86f2d0d","tags":["fim","lc:stable","windows"],"this":"62cb1100fc7aef4cd31b1ac068479d73"},"ts":"2025-06-10 02:50:27"}
