{"event":{"COMMAND_LINE":"\\??\\C:\\Windows\\system32\\conhost.exe 0xffffffff -ForceV1","FILE_IS_SIGNED":1,"FILE_PATH":"C:\\Windows\\System32\\Conhost.exe","HASH":"3c1c6d813d2b031d988204155fc198fe4f32ff56c05dabbcfcd5486131f4fb9d","PARENT":{"COMMAND_LINE":"\"C:\\Program Files\\Google\\OSConfig\\google_osconfig_agent.exe\" wuaupdates IsInstalled=0","FILE_IS_SIGNED":1,"FILE_PATH":"C:\\Program Files\\Google\\OSConfig\\google_osconfig_agent.exe","HASH":"7c9caadf107fd9ace6dfe11c04fbea55794c0a61360c28c4c2715c3c296c7e6a","PARENT_ATOM":"8ad559d685b23631a0e32a616818de5f","PARENT_PROCESS_ID":1688,"PROCESS_ID":11908,"THIS_ATOM":"5fd8a6873e8ea9dd3b9ade3d68479c05","TIMESTAMP":1749523460749},"PARENT_PROCESS_ID":11908,"PROCESS_ID":15952},"routing":{"arch":2,"did":"","event_id":"15fe8c5e-241b-4418-8ade-eaa01bcf3280","event_time":1749523460752,"event_type":"NEW_PROCESS","ext_ip":"34.58.90.170","hostname":"desktop-c2a1841.c.lc-demo-infra.internal.","iid":"09774cc8-cb43-4164-abd3-87230031c142","int_ip":"10.128.15.200","latency":344,"moduleid":2,"oid":"aac9c41d-e0a3-4e7e-88b8-33936ab93238","parent":"5fd8a6873e8ea9dd3b9ade3d68479c05","plat":268435456,"sid":"c4ba6121-d13d-4871-82f8-4b5c5556761e","tags":["lc:testtag","windows"],"this":"202f0bb5f1c136003a5009af68479c05"},"ts":"2025-06-10 02:44:20"}
{"event":{"FILE_PATH":"\\Device\\NamedPipe\\wkssvc","PROCESS_ID":7580},"routing":{"arch":2,"did":"","event_id":"d5997090-6592-413b-a120-888d235a7a11","event_time":1749523460982,"event_type":"OPEN_NAMED_PIPE","ext_ip":"34.58.90.170","hostname":"desktop-c2a1841.c.lc-demo-infra.internal.","iid":"09774cc8-cb43-4164-abd3-87230031c142","int_ip":"10.128.15.200","latency":252,"moduleid":2,"oid":"aac9c41d-e0a3-4e7e-88b8-33936ab93238","parent":"705e409680b6f35486e98adf68479c04","plat":268435456,"sid":"c4ba6121-d13d-4871-82f8-4b5c5556761e","tags":["lc:testtag","windows"],"this":"8e5443c71a81695c2e6be96668479c05"},"ts":"2025-06-10 02:44:20"}
{"event":{"FILE_PATH":"\\Device\\NamedPipe\\srvsvc","PROCESS_ID":7580},"routing":{"arch":2,"did":"","event_id":"6bc6b458-ae69-4d23-8b00-373e4fdfdb90","event_time":1749523460982,"event_type":"OPEN_NAMED_PIPE","ext_ip":"34.58.90.170","hostname":"desktop-c2a1841.c.lc-demo-infra.internal.","iid":"09774cc8-cb43-4164-abd3-87230031c142","int_ip":"10.128.15.200","latency":254,"moduleid":2,"oid":"aac9c41d-e0a3-4e7e-88b8-33936ab93238","parent":"705e409680b6f35486e98adf68479c04","plat":268435456,"sid":"c4ba6121-d13d-4871-82f8-4b5c5556761e","tags":["lc:testtag","windows"],"this":"4722d11a4ee5963e783c4f7868479c05"},"ts":"2025-06-10 02:44:20"}
{"event":{"FILE_PATH":"\\Device\\NamedPipe\\srvsvc","PROCESS_ID":7580},"routing":{"arch":2,"did":"","event_id":"1d3df060-1864-4b08-966b-a847bdb6be35","event_time":1749523460982,"event_type":"OPEN_NAMED_PIPE","ext_ip":"34.58.90.170","hostname":"desktop-c2a1841.c.lc-demo-infra.internal.","iid":"09774cc8-cb43-4164-abd3-87230031c142","int_ip":"10.128.15.200","latency":254,"moduleid":2,"oid":"aac9c41d-e0a3-4e7e-88b8-33936ab93238","parent":"705e409680b6f35486e98adf68479c04","plat":268435456,"sid":"c4ba6121-d13d-4871-82f8-4b5c5556761e","tags":["lc:testtag","windows"],"this":"5ce79a5d23daaa106e59e6db68479c05"},"ts":"2025-06-10 02:44:20"}
{"event":{"CNAME":"www3.l.google.com","DNS_TYPE":5,"DOMAIN_NAME":"packages.cloud.google.com","MESSAGE_ID":14472,"PROCESS_ID":1912},"routing":{"arch":2,"did":"","event_id":"2d0e743c-4d0f-4300-8c31-5a251ff23b75","event_time":1749523460647,"event_type":"DNS_REQUEST","ext_ip":"34.58.90.170","hostname":"desktop-c2a1841.c.lc-demo-infra.internal.","iid":"09774cc8-cb43-4164-abd3-87230031c142","int_ip":"10.128.15.200","latency":618,"moduleid":2,"oid":"aac9c41d-e0a3-4e7e-88b8-33936ab93238","parent":"5e6b7b034a93c77d07a534f16818de60","plat":268435456,"sid":"c4ba6121-d13d-4871-82f8-4b5c5556761e","tags":["lc:testtag","windows"],"this":"2d58acb15cb9d2f8fc225f7768479c05"},"ts":"2025-06-10 02:44:20"}
{"event":{"DNS_TYPE":1,"DOMAIN_NAME":"www3.l.google.com","IP_ADDRESS":"209.85.145.138","MESSAGE_ID":14472,"PROCESS_ID":1912},"routing":{"arch":2,"did":"","event_id":"ce44fd40-47e2-43dc-b415-021cf64deefa","event_time":1749523460647,"event_type":"DNS_REQUEST","ext_ip":"34.58.90.170","hostname":"desktop-c2a1841.c.lc-demo-infra.internal.","iid":"09774cc8-cb43-4164-abd3-87230031c142","int_ip":"10.128.15.200","latency":620,"moduleid":2,"oid":"aac9c41d-e0a3-4e7e-88b8-33936ab93238","parent":"5e6b7b034a93c77d07a534f16818de60","plat":268435456,"sid":"c4ba6121-d13d-4871-82f8-4b5c5556761e","tags":["lc:testtag","windows"],"this":"bc5576dd0268a4a68447090068479c05"},"ts":"2025-06-10 02:44:20"}
{"event":{"DNS_TYPE":1,"DOMAIN_NAME":"www3.l.google.com","IP_ADDRESS":"209.85.145.100","MESSAGE_ID":14472,"PROCESS_ID":1912},"routing":{"arch":2,"did":"","event_id":"27fbb2be-b112-4c40-a81b-de1eb2133c62","event_time":1749523460647,"event_type":"DNS_REQUEST","ext_ip":"34.58.90.170","hostname":"desktop-c2a1841.c.lc-demo-infra.internal.","iid":"09774cc8-cb43-4164-abd3-87230031c142","int_ip":"10.128.15.200","latency":620,"moduleid":2,"oid":"aac9c41d-e0a3-4e7e-88b8-33936ab93238","parent":"5e6b7b034a93c77d07a534f16818de60","plat":268435456,"sid":"c4ba6121-d13d-4871-82f8-4b5c5556761e","tags":["lc:testtag","windows"],"this":"42d4ae2f67d57dee6f016a9b68479c05"},"ts":"2025-06-10 02:44:20"}
{"event":{"DNS_TYPE":1,"DOMAIN_NAME":"www3.l.google.com","IP_ADDRESS":"209.85.145.113","MESSAGE_ID":14472,"PROCESS_ID":1912},"routing":{"arch":2,"did":"","event_id":"4b432749-6458-4759-9929-98747abe1c05","event_time":1749523460647,"event_type":"DNS_REQUEST","ext_ip":"34.58.90.170","hostname":"desktop-c2a1841.c.lc-demo-infra.internal.","iid":"09774cc8-cb43-4164-abd3-87230031c142","int_ip":"10.128.15.200","latency":620,"moduleid":2,"oid":"aac9c41d-e0a3-4e7e-88b8-33936ab93238","parent":"5e6b7b034a93c77d07a534f16818de60","plat":268435456,"sid":"c4ba6121-d13d-4871-82f8-4b5c5556761e","tags":["lc:testtag","windows"],"this":"ed86df7825ff803cb745d02c68479c05"},"ts":"2025-06-10 02:44:20"}
{"event":{"DNS_TYPE":1,"DOMAIN_NAME":"www3.l.google.com","IP_ADDRESS":"209.85.145.102","MESSAGE_ID":14472,"PROCESS_ID":1912},"routing":{"arch":2,"did":"","event_id":"c3cbb5fd-f306-4acc-9f6d-bd4a0feab629","event_time":1749523460647,"event_type":"DNS_REQUEST","ext_ip":"34.58.90.170","hostname":"desktop-c2a1841.c.lc-demo-infra.internal.","iid":"09774cc8-cb43-4164-abd3-87230031c142","int_ip":"10.128.15.200","latency":620,"moduleid":2,"oid":"aac9c41d-e0a3-4e7e-88b8-33936ab93238","parent":"5e6b7b034a93c77d07a534f16818de60","plat":268435456,"sid":"c4ba6121-d13d-4871-82f8-4b5c5556761e","tags":["lc:testtag","windows"],"this":"1111077b666bc797b4f00d7868479c05"},"ts":"2025-06-10 02:44:20"}
{"event":{"DNS_TYPE":1,"DOMAIN_NAME":"www3.l.google.com","IP_ADDRESS":"209.85.145.139","MESSAGE_ID":14472,"PROCESS_ID":1912},"routing":{"arch":2,"did":"","event_id":"0c6a4b33-3efa-4e13-9abd-7018dc08bbef","event_time":1749523460647,"event_type":"DNS_REQUEST","ext_ip":"34.58.90.170","hostname":"desktop-c2a1841.c.lc-demo-infra.internal.","iid":"09774cc8-cb43-4164-abd3-87230031c142","int_ip":"10.128.15.200","latency":620,"moduleid":2,"oid":"aac9c41d-e0a3-4e7e-88b8-33936ab93238","parent":"5e6b7b034a93c77d07a534f16818de60","plat":268435456,"sid":"c4ba6121-d13d-4871-82f8-4b5c5556761e","tags":["lc:testtag","windows"],"this":"9768125208cf6a2096117a2168479c05"},"ts":"2025-06-10 02:44:20"}
{"event":{"DNS_TYPE":1,"DOMAIN_NAME":"www3.l.google.com","IP_ADDRESS":"209.85.145.101","MESSAGE_ID":14472,"PROCESS_ID":1912},"routing":{"arch":2,"did":"","event_id":"f4a2decc-4512-4860-9b77-5bde2996472c","event_time":1749523460647,"event_type":"DNS_REQUEST","ext_ip":"34.58.90.170","hostname":"desktop-c2a1841.c.lc-demo-infra.internal.","iid":"09774cc8-cb43-4164-abd3-87230031c142","int_ip":"10.128.15.200","latency":620,"moduleid":2,"oid":"aac9c41d-e0a3-4e7e-88b8-33936ab93238","parent":"5e6b7b034a93c77d07a534f16818de60","plat":268435456,"sid":"c4ba6121-d13d-4871-82f8-4b5c5556761e","tags":["lc:testtag","windows"],"this":"cc1e4df4a4c8cf8cf2a7d13768479c05"},"ts":"2025-06-10 02:44:20"}
{"event":{"EVENT":{"EventData":{"AuthenticationPackageName":"NTLM","FailureReason":"%%2313","IpAddress":"45.227.253.61","IpPort":"0","KeyLength":"0","LmPackageName":"-","LogonProcessName":"NtLmSsp","LogonType":"3","ProcessId":"0x0","ProcessName":"-","Status":"0xc000006d","SubStatus":"0xc0000064","SubjectDomainName":"-","SubjectLogonId":"0x0","SubjectUserName":"-","SubjectUserSid":"S-1-0-0","TargetDomainName":"WINDOWS-SERVER-2022-AAC9C41D-E0A3-4E7E-88B8-33936AB93238-0","TargetUserName":"Admin","TargetUserSid":"S-1-0-0","TransmittedServices":"-","WorkstationName":"WIN-56DH2BBHACU"},"System":{"Channel":"Security","Computer":"windows-server-2022-aac9c41d-e0a3-4e7e-88b8-33936ab93238-0","Correlation":{"ActivityID":"{55ae049b-37ef-0001-ee39-a76a4ac5db01}"},"EventID":"4625","EventRecordID":"4417737","Execution":{"ProcessID":"648","ThreadID":"2096"},"Keywords":"0x8010000000000000","Level":"0","Opcode":"0","Provider":{"Guid":"{54849625-5478-4994-a5ba-3e3b0328c30d}","Name":"Microsoft-Windows-Security-Auditing"},"Security":"","Task":"12544","TimeCreated":{"SystemTime":"2025-06-10T02:44:18.4974453Z"},"Version":"0","_event_id":"4625"}}},"routing":{"arch":2,"did":"","event_id":"a8277eaa-562a-419c-aadb-c9a9a3cd5c59","event_time":1749523459512,"event_type":"WEL","ext_ip":"34.171.104.183","hostname":"windows-server-2022-aac9c41d-e0a3-4e7e-88b8-33936ab93238-0.c.lc-demo-infra.internal.","iid":"09774cc8-cb43-4164-abd3-87230031c142","int_ip":"10.128.15.201","latency":2,"moduleid":2,"oid":"aac9c41d-e0a3-4e7e-88b8-33936ab93238","plat":268435456,"sid":"17b8710a-7337-4e64-9c18-2955e86f2d0d","tags":["fim","lc:stable","windows"],"this":"ceb592531bb68ff2f7f5f0e968479c03"},"ts":"2025-06-10 02:44:19"}
{"event":{"BASE_ADDRESS":140699389984768,"COMMAND_LINE":"C:\\Windows\\system32\\wbem\\wmiprvse.exe -secured -Embedding","FILE_IS_SIGNED":1,"FILE_PATH":"C:\\Windows\\system32\\wbem\\wmiprvse.exe","HASH":"2198a7b58bccb758036b969ddae6cc2ece07565e2659a7c541a313a0492231a3","MEMORY_USAGE":10358784,"PARENT":{"BASE_ADDRESS":140700938862592,"COMMAND_LINE":"C:\\Windows\\system32\\svchost.exe -k DcomLaunch -p","CREATION_TIME":1734629975978,"FILE_IS_SIGNED":1,"FILE_PATH":"C:\\Windows\\system32\\svchost.exe","HASH":"add683a6910abbbf0e28b557fad0ba998166394932ae2aca069d9aa19ea8fe88","MEMORY_USAGE":73998336,"PARENT_ATOM":"132cae85f72455fc640afd1a6818de5e","PARENT_PROCESS_ID":624,"PROCESS_ID":752,"THIS_ATOM":"3e4851ea8ec1a98e49341a176818de5e","THREADS":11,"TIMESTAMP":1746460254443,"USER_NAME":"NT AUTHORITY\\SYSTEM"},"PARENT_PROCESS_ID":752,"PROCESS_ID":7580,"THREADS":9,"USER_NAME":"NT AUTHORITY\\NETWORK SERVICE"},"routing":{"arch":2,"did":"","event_id":"70af2b5a-b30e-4149-b828-4154f2c47dd4","event_time":1749523459769,"event_type":"NEW_PROCESS","ext_ip":"34.58.90.170","hostname":"desktop-c2a1841.c.lc-demo-infra.internal.","iid":"09774cc8-cb43-4164-abd3-87230031c142","int_ip":"10.128.15.200","latency":260,"moduleid":2,"oid":"aac9c41d-e0a3-4e7e-88b8-33936ab93238","parent":"3e4851ea8ec1a98e49341a176818de5e","plat":268435456,"sid":"c4ba6121-d13d-4871-82f8-4b5c5556761e","tags":["lc:testtag","windows"],"this":"705e409680b6f35486e98adf68479c04"},"ts":"2025-06-10 02:44:19"}
{"event":{"COMMAND_LINE":"C:\\ProgramData\\GooGet\\googet.exe installed","FILE_IS_SIGNED":0,"FILE_PATH":"C:\\ProgramData\\GooGet\\googet.exe","HASH":"9ab693244ec4fe589fc54720c12385d443f4703237d4a28803df765042780297","PARENT":{"BASE_ADDRESS":5570560,"COMMAND_LINE":"\"C:\\Program Files\\Google\\OSConfig\\google_osconfig_agent.exe\"","CREATION_TIME":1734629977340,"FILE_IS_SIGNED":1,"FILE_PATH":"C:\\Program Files\\Google\\OSConfig\\google_osconfig_agent.exe","HASH":"7c9caadf107fd9ace6dfe11c04fbea55794c0a61360c28c4c2715c3c296c7e6a","MEMORY_USAGE":8740864,"PARENT_ATOM":"132cae85f72455fc640afd1a6818de5e","PARENT_PROCESS_ID":624,"PROCESS_ID":1688,"THIS_ATOM":"8ad559d685b23631a0e32a616818de5f","THREADS":10,"TIMESTAMP":1746460255992,"USER_NAME":"NT AUTHORITY\\SYSTEM"},"PARENT_PROCESS_ID":1688,"PROCESS_ID":16612},"routing":{"arch":2,"did":"","event_id":"047c33d7-b100-436e-8b9d-ceeb956acbed","event_time":1749523459888,"event_type":"NEW_PROCESS","ext_ip":"34.58.90.170","hostname":"desktop-c2a1841.c.lc-demo-infra.internal.","iid":"09774cc8-cb43-4164-abd3-87230031c142","int_ip":"10.128.15.200","latency":142,"moduleid":2,"oid":"aac9c41d-e0a3-4e7e-88b8-33936ab93238","parent":"8ad559d685b23631a0e32a616818de5f","plat":268435456,"sid":"c4ba6121-d13d-4871-82f8-4b5c5556761e","tags":["lc:testtag","windows"],"this":"e5fd507f989b91b57d4c903368479c04"},"ts":"2025-06-10 02:44:19"}
{"event":{"COMMAND_LINE":"\\??\\C:\\Windows\\system32\\conhost.exe 0xffffffff -ForceV1","FILE_IS_SIGNED":1,"FILE_PATH":"C:\\Windows\\System32\\Conhost.exe","HASH":"3c1c6d813d2b031d988204155fc198fe4f32ff56c05dabbcfcd5486131f4fb9d","PARENT":{"COMMAND_LINE":"C:\\ProgramData\\GooGet\\googet.exe installed","FILE_IS_SIGNED":0,"FILE_PATH":"C:\\ProgramData\\GooGet\\googet.exe","HASH":"9ab693244ec4fe589fc54720c12385d443f4703237d4a28803df765042780297","PARENT_ATOM":"8ad559d685b23631a0e32a616818de5f","PARENT_PROCESS_ID":1688,"PROCESS_ID":16612,"THIS_ATOM":"e5fd507f989b91b57d4c903368479c04","TIMESTAMP":1749523459888},"PARENT_PROCESS_ID":16612,"PROCESS_ID":17228},"routing":{"arch":2,"did":"","event_id":"f76e9fbd-bdf3-4bcf-bae1-332d5feaa5b4","event_time":1749523459892,"event_type":"NEW_PROCESS","ext_ip":"34.58.90.170","hostname":"desktop-c2a1841.c.lc-demo-infra.internal.","iid":"09774cc8-cb43-4164-abd3-87230031c142","int_ip":"10.128.15.200","latency":139,"moduleid":2,"oid":"aac9c41d-e0a3-4e7e-88b8-33936ab93238","parent":"e5fd507f989b91b57d4c903368479c04","plat":268435456,"sid":"c4ba6121-d13d-4871-82f8-4b5c5556761e","tags":["lc:testtag","windows"],"this":"4fddf5149645906734c1754368479c04"},"ts":"2025-06-10 02:44:19"}
{"event":{"BASE_ADDRESS":5570560,"COMMAND_LINE":"\"C:\\Program Files\\Google\\OSConfig\\google_osconfig_agent.exe\" wuaupdates IsInstalled=1","FILE_IS_SIGNED":1,"FILE_PATH":"C:\\Program Files\\Google\\OSConfig\\google_osconfig_agent.exe","HASH":"7c9caadf107fd9ace6dfe11c04fbea55794c0a61360c28c4c2715c3c296c7e6a","MEMORY_USAGE":21348352,"PARENT":{"BASE_ADDRESS":5570560,"COMMAND_LINE":"\"C:\\Program Files\\Google\\OSConfig\\google_osconfig_agent.exe\"","CREATION_TIME":1734629977340,"FILE_IS_SIGNED":1,"FILE_PATH":"C:\\Program Files\\Google\\OSConfig\\google_osconfig_agent.exe","HASH":"7c9caadf107fd9ace6dfe11c04fbea55794c0a61360c28c4c2715c3c296c7e6a","MEMORY_USAGE":8740864,"PARENT_ATOM":"132cae85f72455fc640afd1a6818de5e","PARENT_PROCESS_ID":624,"PROCESS_ID":1688,"THIS_ATOM":"8ad559d685b23631a0e32a616818de5f","THREADS":10,"TIMESTAMP":1746460255992,"USER_NAME":"NT AUTHORITY\\SYSTEM"},"PARENT_PROCESS_ID":1688,"PROCESS_ID":8224,"THREADS":12,"USER_NAME":"NT AUTHORITY\\SYSTEM"},"routing":{"arch":2,"did":"","event_id":"14054685-44ba-492f-9404-c19a20f8f557","event_time":1749523459974,"event_type":"NEW_PROCESS","ext_ip":"34.58.90.170","hostname":"desktop-c2a1841.c.lc-demo-infra.internal.","iid":"09774cc8-cb43-4164-abd3-87230031c142","int_ip":"10.128.15.200","latency":64,"moduleid":2,"oid":"aac9c41d-e0a3-4e7e-88b8-33936ab93238","parent":"8ad559d685b23631a0e32a616818de5f","plat":268435456,"sid":"c4ba6121-d13d-4871-82f8-4b5c5556761e","tags":["lc:testtag","windows"],"this":"c1343988025de4d57cf9362668479c04"},"ts":"2025-06-10 02:44:19"}
{"event":{"BASE_ADDRESS":140698829848576,"COMMAND_LINE":"\\??\\C:\\Windows\\system32\\conhost.exe 0xffffffff -ForceV1","FILE_IS_SIGNED":1,"FILE_PATH":"C:\\Windows\\System32\\Conhost.exe","HASH":"3c1c6d813d2b031d988204155fc198fe4f32ff56c05dabbcfcd5486131f4fb9d","MEMORY_USAGE":13848576,"PARENT":{"BASE_ADDRESS":5570560,"COMMAND_LINE":"\"C:\\Program Files\\Google\\OSConfig\\google_osconfig_agent.exe\" wuaupdates IsInstalled=1","FILE_IS_SIGNED":1,"FILE_PATH":"C:\\Program Files\\Google\\OSConfig\\google_osconfig_agent.exe","HASH":"7c9caadf107fd9ace6dfe11c04fbea55794c0a61360c28c4c2715c3c296c7e6a","MEMORY_USAGE":21348352,"PARENT_ATOM":"8ad559d685b23631a0e32a616818de5f","PARENT_PROCESS_ID":1688,"PROCESS_ID":8224,"THIS_ATOM":"c1343988025de4d57cf9362668479c04","THREADS":12,"TIMESTAMP":1749523459974,"USER_NAME":"NT AUTHORITY\\SYSTEM"},"PARENT_PROCESS_ID":8224,"PROCESS_ID":14304,"THREADS":5,"USER_NAME":"NT AUTHORITY\\SYSTEM"},"routing":{"arch":2,"did":"","event_id":"7c23c857-d86d-4cf9-9083-b0548e2dd5cb","event_time":1749523459978,"event_type":"NEW_PROCESS","ext_ip":"34.58.90.170","hostname":"desktop-c2a1841.c.lc-demo-infra.internal.","iid":"09774cc8-cb43-4164-abd3-87230031c142","int_ip":"10.128.15.200","latency":74,"moduleid":2,"oid":"aac9c41d-e0a3-4e7e-88b8-33936ab93238","parent":"c1343988025de4d57cf9362668479c04","plat":268435456,"sid":"c4ba6121-d13d-4871-82f8-4b5c5556761e","tags":["lc:testtag","windows"],"this":"616f83c31bb2123c3df8ca9368479c04"},"ts":"2025-06-10 02:44:19"}
{"event":{"DNS_TYPE":1,"DOMAIN_NAME":"us-central1-a-osconfig.googleapis.com","IP_ADDRESS":"64.233.181.95","MESSAGE_ID":3505,"PROCESS_ID":1912},"routing":{"arch":2,"did":"","event_id":"a8589c71-aeab-45a7-be0c-cee292035ab4","event_time":1749523459751,"event_type":"DNS_REQUEST","ext_ip":"34.58.90.170","hostname":"desktop-c2a1841.c.lc-demo-infra.internal.","iid":"09774cc8-cb43-4164-abd3-87230031c142","int_ip":"10.128.15.200","latency":504,"moduleid":2,"oid":"aac9c41d-e0a3-4e7e-88b8-33936ab93238","parent":"5e6b7b034a93c77d07a534f16818de60","plat":268435456,"sid":"c4ba6121-d13d-4871-82f8-4b5c5556761e","tags":["lc:testtag","windows"],"this":"8e47b13d20b5c7f501b59e6668479c04"},"ts":"2025-06-10 02:44:19"}
{"event":{"DNS_TYPE":1,"DOMAIN_NAME":"us-central1-a-osconfig.googleapis.com","IP_ADDRESS":"142.251.183.95","MESSAGE_ID":3505,"PROCESS_ID":1912},"routing":{"arch":2,"did":"","event_id":"cf9d161c-0cb2-46c4-bba6-3d82a5e49e50","event_time":1749523459751,"event_type":"DNS_REQUEST","ext_ip":"34.58.90.170","hostname":"desktop-c2a1841.c.lc-demo-infra.internal.","iid":"09774cc8-cb43-4164-abd3-87230031c142","int_ip":"10.128.15.200","latency":505,"moduleid":2,"oid":"aac9c41d-e0a3-4e7e-88b8-33936ab93238","parent":"5e6b7b034a93c77d07a534f16818de60","plat":268435456,"sid":"c4ba6121-d13d-4871-82f8-4b5c5556761e","tags":["lc:testtag","windows"],"this":"f437caaffa9c65c06955543b68479c04"},"ts":"2025-06-10 02:44:19"}
{"event":{"DNS_TYPE":1,"DOMAIN_NAME":"us-central1-a-osconfig.googleapis.com","IP_ADDRESS":"64.233.179.95","MESSAGE_ID":3505,"PROCESS_ID":1912},"routing":{"arch":2,"did":"","event_id":"e6cf986f-6613-4883-8386-2612cbd7d201","event_time":1749523459751,"event_type":"DNS_REQUEST","ext_ip":"34.58.90.170","hostname":"desktop-c2a1841.c.lc-demo-infra.internal.","iid":"09774cc8-cb43-4164-abd3-87230031c142","int_ip":"10.128.15.200","latency":505,"moduleid":2,"oid":"aac9c41d-e0a3-4e7e-88b8-33936ab93238","parent":"5e6b7b034a93c77d07a534f16818de60","plat":268435456,"sid":"c4ba6121-d13d-4871-82f8-4b5c5556761e","tags":["lc:testtag","windows"],"this":"f0d41f2f1ea5937eda32ace768479c04"},"ts":"2025-06-10 02:44:19"}
{"event":{"DNS_TYPE":1,"DOMAIN_NAME":"us-central1-a-osconfig.googleapis.com","IP_ADDRESS":"173.194.193.95","MESSAGE_ID":3505,"PROCESS_ID":1912},"routing":{"arch":2,"did":"","event_id":"db80f235-2492-40c5-b5b2-52db54484377","event_time":1749523459751,"event_type":"DNS_REQUEST","ext_ip":"34.58.90.170","hostname":"desktop-c2a1841.c.lc-demo-infra.internal.","iid":"09774cc8-cb43-4164-abd3-87230031c142","int_ip":"10.128.15.200","latency":505,"moduleid":2,"oid":"aac9c41d-e0a3-4e7e-88b8-33936ab93238","parent":"5e6b7b034a93c77d07a534f16818de60","plat":268435456,"sid":"c4ba6121-d13d-4871-82f8-4b5c5556761e","tags":["lc:testtag","windows"],"this":"42937080fd4239a3a77dd3c568479c04"},"ts":"2025-06-10 02:44:19"}
{"event":{"DNS_TYPE":1,"DOMAIN_NAME":"us-central1-a-osconfig.googleapis.com","IP_ADDRESS":"173.194.194.95","MESSAGE_ID":3505,"PROCESS_ID":1912},"routing":{"arch":2,"did":"","event_id":"ae7a947a-1190-44f0-a633-25cc2c2f9122","event_time":1749523459751,"event_type":"DNS_REQUEST","ext_ip":"34.58.90.170","hostname":"desktop-c2a1841.c.lc-demo-infra.internal.","iid":"09774cc8-cb43-4164-abd3-87230031c142","int_ip":"10.128.15.200","latency":505,"moduleid":2,"oid":"aac9c41d-e0a3-4e7e-88b8-33936ab93238","parent":"5e6b7b034a93c77d07a534f16818de60","plat":268435456,"sid":"c4ba6121-d13d-4871-82f8-4b5c5556761e","tags":["lc:testtag","windows"],"this":"dd9cd20a3670733acef34ae068479c04"},"ts":"2025-06-10 02:44:19"}
{"event":{"DNS_TYPE":1,"DOMAIN_NAME":"us-central1-a-osconfig.googleapis.com","IP_ADDRESS":"173.194.195.95","MESSAGE_ID":3505,"PROCESS_ID":1912},"routing":{"arch":2,"did":"","event_id":"4ec7b5a1-53fc-4d23-a0de-607483448236","event_time":1749523459751,"event_type":"DNS_REQUEST","ext_ip":"34.58.90.170","hostname":"desktop-c2a1841.c.lc-demo-infra.internal.","iid":"09774cc8-cb43-4164-abd3-87230031c142","int_ip":"10.128.15.200","latency":505,"moduleid":2,"oid":"aac9c41d-e0a3-4e7e-88b8-33936ab93238","parent":"5e6b7b034a93c77d07a534f16818de60","plat":268435456,"sid":"c4ba6121-d13d-4871-82f8-4b5c5556761e","tags":["lc:testtag","windows"],"this":"0cf0f54ffcc070c0c9b9300668479c04"},"ts":"2025-06-10 02:44:19"}
{"event":{"DNS_TYPE":1,"DOMAIN_NAME":"us-central1-a-osconfig.googleapis.com","IP_ADDRESS":"172.217.214.95","MESSAGE_ID":3505,"PROCESS_ID":1912},"routing":{"arch":2,"did":"","event_id":"3c08d758-354d-416c-b858-50e370d94cce","event_time":1749523459751,"event_type":"DNS_REQUEST","ext_ip":"34.58.90.170","hostname":"desktop-c2a1841.c.lc-demo-infra.internal.","iid":"09774cc8-cb43-4164-abd3-87230031c142","int_ip":"10.128.15.200","latency":506,"moduleid":2,"oid":"aac9c41d-e0a3-4e7e-88b8-33936ab93238","parent":"5e6b7b034a93c77d07a534f16818de60","plat":268435456,"sid":"c4ba6121-d13d-4871-82f8-4b5c5556761e","tags":["lc:testtag","windows"],"this":"5442e08ec71ecc782cac7b6568479c04"},"ts":"2025-06-10 02:44:19"}
{"event":{"DNS_TYPE":1,"DOMAIN_NAME":"us-central1-a-osconfig.googleapis.com","IP_ADDRESS":"142.251.184.95","MESSAGE_ID":3505,"PROCESS_ID":1912},"routing":{"arch":2,"did":"","event_id":"0b9b6d5f-9baa-4de8-be45-0c9b1d5e95fc","event_time":1749523459751,"event_type":"DNS_REQUEST","ext_ip":"34.58.90.170","hostname":"desktop-c2a1841.c.lc-demo-infra.internal.","iid":"09774cc8-cb43-4164-abd3-87230031c142","int_ip":"10.128.15.200","latency":506,"moduleid":2,"oid":"aac9c41d-e0a3-4e7e-88b8-33936ab93238","parent":"5e6b7b034a93c77d07a534f16818de60","plat":268435456,"sid":"c4ba6121-d13d-4871-82f8-4b5c5556761e","tags":["lc:testtag","windows"],"this":"651ac71d5911b763d0a1e51968479c04"},"ts":"2025-06-10 02:44:19"}
{"event":{"DNS_TYPE":1,"DOMAIN_NAME":"us-central1-a-osconfig.googleapis.com","IP_ADDRESS":"142.251.189.95","MESSAGE_ID":3505,"PROCESS_ID":1912},"routing":{"arch":2,"did":"","event_id":"a48453f3-53dd-4ac6-b373-e4ba867c93ac","event_time":1749523459751,"event_type":"DNS_REQUEST","ext_ip":"34.58.90.170","hostname":"desktop-c2a1841.c.lc-demo-infra.internal.","iid":"09774cc8-cb43-4164-abd3-87230031c142","int_ip":"10.128.15.200","latency":506,"moduleid":2,"oid":"aac9c41d-e0a3-4e7e-88b8-33936ab93238","parent":"5e6b7b034a93c77d07a534f16818de60","plat":268435456,"sid":"c4ba6121-d13d-4871-82f8-4b5c5556761e","tags":["lc:testtag","windows"],"this":"507769a61532a35f7b40bde168479c04"},"ts":"2025-06-10 02:44:19"}
{"event":{"DNS_TYPE":1,"DOMAIN_NAME":"us-central1-a-osconfig.googleapis.com","IP_ADDRESS":"192.178.212.95","MESSAGE_ID":3505,"PROCESS_ID":1912},"routing":{"arch":2,"did":"","event_id":"11f59fde-c978-4091-930e-cd0cda57cd97","event_time":1749523459751,"event_type":"DNS_REQUEST","ext_ip":"34.58.90.170","hostname":"desktop-c2a1841.c.lc-demo-infra.internal.","iid":"09774cc8-cb43-4164-abd3-87230031c142","int_ip":"10.128.15.200","latency":507,"moduleid":2,"oid":"aac9c41d-e0a3-4e7e-88b8-33936ab93238","parent":"5e6b7b034a93c77d07a534f16818de60","plat":268435456,"sid":"c4ba6121-d13d-4871-82f8-4b5c5556761e","tags":["lc:testtag","windows"],"this":"3896170818979139a3ee5e1d68479c04"},"ts":"2025-06-10 02:44:19"}
{"event":{"DNS_TYPE":1,"DOMAIN_NAME":"us-central1-a-osconfig.googleapis.com","IP_ADDRESS":"173.194.64.95","MESSAGE_ID":3505,"PROCESS_ID":1912},"routing":{"arch":2,"did":"","event_id":"221b225f-9221-44e1-84a2-ef3261ce39ad","event_time":1749523459751,"event_type":"DNS_REQUEST","ext_ip":"34.58.90.170","hostname":"desktop-c2a1841.c.lc-demo-infra.internal.","iid":"09774cc8-cb43-4164-abd3-87230031c142","int_ip":"10.128.15.200","latency":506,"moduleid":2,"oid":"aac9c41d-e0a3-4e7e-88b8-33936ab93238","parent":"5e6b7b034a93c77d07a534f16818de60","plat":268435456,"sid":"c4ba6121-d13d-4871-82f8-4b5c5556761e","tags":["lc:testtag","windows"],"this":"7e34b790341b11cd382e425068479c04"},"ts":"2025-06-10 02:44:19"}
{"event":{"DNS_TYPE":1,"DOMAIN_NAME":"us-central1-a-osconfig.googleapis.com","IP_ADDRESS":"108.177.121.95","MESSAGE_ID":3505,"PROCESS_ID":1912},"routing":{"arch":2,"did":"","event_id":"8c1b5112-2662-4d38-a52f-1fdb41ce1ed5","event_time":1749523459751,"event_type":"DNS_REQUEST","ext_ip":"34.58.90.170","hostname":"desktop-c2a1841.c.lc-demo-infra.internal.","iid":"09774cc8-cb43-4164-abd3-87230031c142","int_ip":"10.128.15.200","latency":507,"moduleid":2,"oid":"aac9c41d-e0a3-4e7e-88b8-33936ab93238","parent":"5e6b7b034a93c77d07a534f16818de60","plat":268435456,"sid":"c4ba6121-d13d-4871-82f8-4b5c5556761e","tags":["lc:testtag","windows"],"this":"f574e62197c013497146b9e368479c04"},"ts":"2025-06-10 02:44:19"}
{"event":{"DNS_TYPE":1,"DOMAIN_NAME":"us-central1-a-osconfig.googleapis.com","IP_ADDRESS":"209.85.145.95","MESSAGE_ID":3505,"PROCESS_ID":1912},"routing":{"arch":2,"did":"","event_id":"daf2899b-c344-4423-88b1-503d7b76c859","event_time":1749523459751,"event_type":"DNS_REQUEST","ext_ip":"34.58.90.170","hostname":"desktop-c2a1841.c.lc-demo-infra.internal.","iid":"09774cc8-cb43-4164-abd3-87230031c142","int_ip":"10.128.15.200","latency":507,"moduleid":2,"oid":"aac9c41d-e0a3-4e7e-88b8-33936ab93238","parent":"5e6b7b034a93c77d07a534f16818de60","plat":268435456,"sid":"c4ba6121-d13d-4871-82f8-4b5c5556761e","tags":["lc:testtag","windows"],"this":"89d834d4a39f41d2e2a1729a68479c04"},"ts":"2025-06-10 02:44:19"}
{"event":{"DNS_TYPE":1,"DOMAIN_NAME":"us-central1-a-osconfig.googleapis.com","IP_ADDRESS":"142.250.152.95","MESSAGE_ID":3505,"PROCESS_ID":1912},"routing":{"arch":2,"did":"","event_id":"f84d2b6b-98e0-46d2-9774-34a421965e4e","event_time":1749523459751,"event_type":"DNS_REQUEST","ext_ip":"34.58.90.170","hostname":"desktop-c2a1841.c.lc-demo-infra.internal.","iid":"09774cc8-cb43-4164-abd3-87230031c142","int_ip":"10.128.15.200","latency":508,"moduleid":2,"oid":"aac9c41d-e0a3-4e7e-88b8-33936ab93238","parent":"5e6b7b034a93c77d07a534f16818de60","plat":268435456,"sid":"c4ba6121-d13d-4871-82f8-4b5c5556761e","tags":["lc:testtag","windows"],"this":"85c8b9cf86af04c004c992cb68479c04"},"ts":"2025-06-10 02:44:19"}
{"event":{"DNS_TYPE":1,"DOMAIN_NAME":"us-central1-a-osconfig.googleapis.com","IP_ADDRESS":"192.178.129.95","MESSAGE_ID":3505,"PROCESS_ID":1912},"routing":{"arch":2,"did":"","event_id":"e9093a09-047a-483d-8986-aacb0dd337a1","event_time":1749523459751,"event_type":"DNS_REQUEST","ext_ip":"34.58.90.170","hostname":"desktop-c2a1841.c.lc-demo-infra.internal.","iid":"09774cc8-cb43-4164-abd3-87230031c142","int_ip":"10.128.15.200","latency":508,"moduleid":2,"oid":"aac9c41d-e0a3-4e7e-88b8-33936ab93238","parent":"5e6b7b034a93c77d07a534f16818de60","plat":268435456,"sid":"c4ba6121-d13d-4871-82f8-4b5c5556761e","tags":["lc:testtag","windows"],"this":"78cc6c4ae52a88edfc6a17ed68479c04"},"ts":"2025-06-10 02:44:19"}
{"event":{"DNS_TYPE":1,"DOMAIN_NAME":"us-central1-a-osconfig.googleapis.com","IP_ADDRESS":"142.250.125.95","MESSAGE_ID":3505,"PROCESS_ID":1912},"routing":{"arch":2,"did":"","event_id":"b0ed6251-2a0f-4ec2-b46e-a628519e86a0","event_time":1749523459751,"event_type":"DNS_REQUEST","ext_ip":"34.58.90.170","hostname":"desktop-c2a1841.c.lc-demo-infra.internal.","iid":"09774cc8-cb43-4164-abd3-87230031c142","int_ip":"10.128.15.200","latency":508,"moduleid":2,"oid":"aac9c41d-e0a3-4e7e-88b8-33936ab93238","parent":"5e6b7b034a93c77d07a534f16818de60","plat":268435456,"sid":"c4ba6121-d13d-4871-82f8-4b5c5556761e","tags":["lc:testtag","windows"],"this":"3aa8a5280375c6c6712229a168479c04"},"ts":"2025-06-10 02:44:19"}
{"event":{"EVENT":{"EventData":{"AuthenticationPackageName":"NTLM","FailureReason":"%%2313","IpAddress":"45.227.253.61","IpPort":"0","KeyLength":"0","LmPackageName":"-","LogonProcessName":"NtLmSsp","LogonType":"3","ProcessId":"0x0","ProcessName":"-","Status":"0xc000006d","SubStatus":"0xc0000064","SubjectDomainName":"-","SubjectLogonId":"0x0","SubjectUserName":"-","SubjectUserSid":"S-1-0-0","TargetDomainName":"WINDOWS-SERVER-2022-AAC9C41D-E0A3-4E7E-88B8-33936AB93238-0","TargetUserName":"Admin","TargetUserSid":"S-1-0-0","TransmittedServices":"-","WorkstationName":"WIN-56DH2BBHACU"},"System":{"Channel":"Security","Computer":"windows-server-2022-aac9c41d-e0a3-4e7e-88b8-33936ab93238-0","Correlation":{"ActivityID":"{55ae049b-37ef-0001-ee39-a76a4ac5db01}"},"EventID":"4625","EventRecordID":"4417736","Execution":{"ProcessID":"648","ThreadID":"2096"},"Keywords":"0x8010000000000000","Level":"0","Opcode":"0","Provider":{"Guid":"{54849625-5478-4994-a5ba-3e3b0328c30d}","Name":"Microsoft-Windows-Security-Auditing"},"Security":"","Task":"12544","TimeCreated":{"SystemTime":"2025-06-10T02:44:16.7043796Z"},"Version":"0","_event_id":"4625"}}},"routing":{"arch":2,"did":"","event_id":"94fca5a2-675a-46dc-93b8-ee2aceec4323","event_time":1749523457714,"event_type":"WEL","ext_ip":"34.171.104.183","hostname":"windows-server-2022-aac9c41d-e0a3-4e7e-88b8-33936ab93238-0.c.lc-demo-infra.internal.","iid":"09774cc8-cb43-4164-abd3-87230031c142","int_ip":"10.128.15.201","latency":2,"moduleid":2,"oid":"aac9c41d-e0a3-4e7e-88b8-33936ab93238","plat":268435456,"sid":"17b8710a-7337-4e64-9c18-2955e86f2d0d","tags":["fim","lc:stable","windows"],"this":"7a3674ba075c89ed1feab91e68479c01"},"ts":"2025-06-10 02:44:17"}
{"event":{"COMMAND_LINE":"C:\\Windows\\System32\\svchost.exe -k termsvcs -s TermService","CREATION_TIME":1747280142928,"FILE_IS_SIGNED":1,"FILE_PATH":"C:\\Windows\\System32\\svchost.exe","HASH":"d7f10571f58adbe122f615b869eb42b05286770148067cbf88054c38f1bca4c4","NETWORK_ACTIVITY":[{"DESTINATION":{"IP_ADDRESS":"10.128.15.201","PORT":3389},"IS_OUTGOING":0,"PROTOCOL":"tcp4","SOURCE":{"IP_ADDRESS":"45.227.253.61","PORT":33503},"TIMESTAMP":1749523425284},{"DESTINATION":{"IP_ADDRESS":"10.128.15.201","PORT":3389},"IS_OUTGOING":0,"PROTOCOL":"tcp4","SOURCE":{"IP_ADDRESS":"45.227.253.61","PORT":49977},"TIMESTAMP":1749523427051},{"DESTINATION":{"IP_ADDRESS":"10.128.15.201","PORT":3389},"IS_OUTGOING":0,"PROTOCOL":"tcp4","SOURCE":{"IP_ADDRESS":"45.227.253.61","PORT":7047},"TIMESTAMP":1749523428864},{"DESTINATION":{"IP_ADDRESS":"10.128.15.201","PORT":3389},"IS_OUTGOING":0,"PROTOCOL":"tcp4","SOURCE":{"IP_ADDRESS":"194.180.48.29","PORT":53819},"TIMESTAMP":1749523429740},{"DESTINATION":{"IP_ADDRESS":"10.128.15.201","PORT":3389},"IS_OUTGOING":0,"PROTOCOL":"tcp4","SOURCE":{"IP_ADDRESS":"45.227.253.61","PORT":22724},"TIMESTAMP":1749523430662},{"DESTINATION":{"IP_ADDRESS":"10.128.15.201","PORT":3389},"IS_OUTGOING":0,"PROTOCOL":"tcp4","SOURCE":{"IP_ADDRESS":"45.227.253.61","PORT":39021},"TIMESTAMP":1749523432413},{"DESTINATION":{"IP_ADDRESS":"10.128.15.201","PORT":3389},"IS_OUTGOING":0,"PROTOCOL":"tcp4","SOURCE":{"IP_ADDRESS":"45.227.253.61","PORT":54791},"TIMESTAMP":1749523434164},{"DESTINATION":{"IP_ADDRESS":"10.128.15.201","PORT":3389},"IS_OUTGOING":0,"PROTOCOL":"tcp4","SOURCE":{"IP_ADDRESS":"45.227.253.61","PORT":12304},"TIMESTAMP":1749523435932},{"DESTINATION":{"IP_ADDRESS":"10.128.15.201","PORT":3389},"IS_OUTGOING":0,"PROTOCOL":"tcp4","SOURCE":{"IP_ADDRESS":"45.227.253.61","PORT":28324},"TIMESTAMP":1749523437714},{"DESTINATION":{"IP_ADDRESS":"10.128.15.201","PORT":3389},"IS_OUTGOING":0,"PROTOCOL":"tcp4","SOURCE":{"IP_ADDRESS":"45.227.253.61","PORT":44567},"TIMESTAMP":1749523439481},{"DESTINATION":{"IP_ADDRESS":"10.128.15.201","PORT":3389},"IS_OUTGOING":0,"PROTOCOL":"tcp4","SOURCE":{"IP_ADDRESS":"45.227.253.61","PORT":1435},"TIMESTAMP":1749523441248},{"DESTINATION":{"IP_ADDRESS":"10.128.15.201","PORT":3389},"IS_OUTGOING":0,"PROTOCOL":"tcp4","SOURCE":{"IP_ADDRESS":"194.180.48.29","PORT":29993},"TIMESTAMP":1749523441279},{"DESTINATION":{"IP_ADDRESS":"10.128.15.201","PORT":3389},"IS_OUTGOING":0,"PROTOCOL":"tcp4","SOURCE":{"IP_ADDRESS":"154.22.5.84","PORT":64747},"TIMESTAMP":1749523441436},{"DESTINATION":{"IP_ADDRESS":"10.128.15.201","PORT":3389},"IS_OUTGOING":0,"PROTOCOL":"tcp4","SOURCE":{"IP_ADDRESS":"41.59.227.213","PORT":55660},"TIMESTAMP":1749523441546},{"DESTINATION":{"IP_ADDRESS":"10.128.15.201","PORT":3389},"IS_OUTGOING":0,"PROTOCOL":"tcp4","SOURCE":{"IP_ADDRESS":"45.227.253.61","PORT":17924},"TIMESTAMP":1749523443093},{"DESTINATION":{"IP_ADDRESS":"10.128.15.201","PORT":3389},"IS_OUTGOING":0,"PROTOCOL":"tcp4","SOURCE":{"IP_ADDRESS":"45.227.253.61","PORT":34195},"TIMESTAMP":1749523444830},{"DESTINATION":{"IP_ADDRESS":"10.128.15.201","PORT":3389},"IS_OUTGOING":0,"PROTOCOL":"tcp4","SOURCE":{"IP_ADDRESS":"45.227.253.61","PORT":50210},"TIMESTAMP":1749523446581},{"DESTINATION":{"IP_ADDRESS":"10.128.15.201","PORT":3389},"IS_OUTGOING":0,"PROTOCOL":"tcp4","SOURCE":{"IP_ADDRESS":"45.227.253.61","PORT":11903},"TIMESTAMP":1749523448957},{"DESTINATION":{"IP_ADDRESS":"10.128.15.201","PORT":3389},"IS_OUTGOING":0,"PROTOCOL":"tcp4","SOURCE":{"IP_ADDRESS":"197.210.194.240","PORT":60159},"TIMESTAMP":1749523450646},{"DESTINATION":{"IP_ADDRESS":"10.128.15.201","PORT":3389},"IS_OUTGOING":0,"PROTOCOL":"tcp4","SOURCE":{"IP_ADDRESS":"45.227.253.61","PORT":27973},"TIMESTAMP":1749523450708},{"DESTINATION":{"IP_ADDRESS":"10.128.15.201","PORT":3389},"IS_OUTGOING":0,"PROTOCOL":"tcp4","SOURCE":{"IP_ADDRESS":"45.227.253.61","PORT":43796},"TIMESTAMP":1749523452537},{"DESTINATION":{"IP_ADDRESS":"10.128.15.201","PORT":3389},"IS_OUTGOING":0,"PROTOCOL":"tcp4","SOURCE":{"IP_ADDRESS":"45.227.253.61","PORT":1306},"TIMESTAMP":1749523454304}],"PARENT_PROCESS_ID":628,"PROCESS_ID":1000,"USER_NAME":"NT AUTHORITY\\NETWORK SERVICE"},"routing":{"arch":2,"did":"","event_id":"d43661b8-e371-4a3e-a2f3-151f9766fd58","event_time":1749523455666,"event_type":"NETWORK_CONNECTIONS","ext_ip":"34.171.104.183","hostname":"windows-server-2022-aac9c41d-e0a3-4e7e-88b8-33936ab93238-0.c.lc-demo-infra.internal.","iid":"09774cc8-cb43-4164-abd3-87230031c142","int_ip":"10.128.15.201","latency":6,"moduleid":2,"oid":"aac9c41d-e0a3-4e7e-88b8-33936ab93238","parent":"05ab479aa6538d9ae515552b68256120","plat":268435456,"sid":"17b8710a-7337-4e64-9c18-2955e86f2d0d","tags":["fim","lc:stable","windows"],"this":"3903d11592249e00134208da68479bff"},"ts":"2025-06-10 02:44:15"}
{"event":{"EVENT":{"EventData":{"AuthenticationPackageName":"NTLM","FailureReason":"%%2313","IpAddress":"45.227.253.61","IpPort":"0","KeyLength":"0","LmPackageName":"-","LogonProcessName":"NtLmSsp","LogonType":"3","ProcessId":"0x0","ProcessName":"-","Status":"0xc000006d","SubStatus":"0xc0000064","SubjectDomainName":"-","SubjectLogonId":"0x0","SubjectUserName":"-","SubjectUserSid":"S-1-0-0","TargetDomainName":"WINDOWS-SERVER-2022-AAC9C41D-E0A3-4E7E-88B8-33936AB93238-0","TargetUserName":"Admin","TargetUserSid":"S-1-0-0","TransmittedServices":"-","WorkstationName":"WIN-56DH2BBHACU"},"System":{"Channel":"Security","Computer":"windows-server-2022-aac9c41d-e0a3-4e7e-88b8-33936ab93238-0","Correlation":{"ActivityID":"{55ae049b-37ef-0001-ee39-a76a4ac5db01}"},"EventID":"4625","EventRecordID":"4417735","Execution":{"ProcessID":"648","ThreadID":"2096"},"Keywords":"0x8010000000000000","Level":"0","Opcode":"0","Provider":{"Guid":"{54849625-5478-4994-a5ba-3e3b0328c30d}","Name":"Microsoft-Windows-Security-Auditing"},"Security":"","Task":"12544","TimeCreated":{"SystemTime":"2025-06-10T02:44:14.9387219Z"},"Version":"0","_event_id":"4625"}}},"routing":{"arch":2,"did":"","event_id":"6556baf5-18ac-46de-8309-efda2b4ed686","event_time":1749523455932,"event_type":"WEL","ext_ip":"34.171.104.183","hostname":"windows-server-2022-aac9c41d-e0a3-4e7e-88b8-33936ab93238-0.c.lc-demo-infra.internal.","iid":"09774cc8-cb43-4164-abd3-87230031c142","int_ip":"10.128.15.201","latency":2,"moduleid":2,"oid":"aac9c41d-e0a3-4e7e-88b8-33936ab93238","plat":268435456,"sid":"17b8710a-7337-4e64-9c18-2955e86f2d0d","tags":["fim","lc:stable","windows"],"this":"ee8887745e52a3255cbdd1ab68479bff"},"ts":"2025-06-10 02:44:15"}
{"event":{"ACTION":"modified","FILE_PATH":"C:\\Windows\\System32\\winevt\\Logs\\Security.evtx","HASH":"35e04987f329d15cbbf493962873320d1c1e8986f6bb6148f1bb2cb8d228c691","PROCESS":{"BASE_ADDRESS":140699902017536,"COMMAND_LINE":"C:\\Windows\\System32\\svchost.exe -k LocalServiceNetworkRestricted -p -s EventLog","CREATION_TIME":1747280143315,"FILE_IS_SIGNED":1,"FILE_PATH":"C:\\Windows\\System32\\svchost.exe","HASH":"d7f10571f58adbe122f615b869eb42b05286770148067cbf88054c38f1bca4c4","MEMORY_USAGE":18825216,"PARENT_ATOM":"b56d4120493c4260490c5b186825611e","PARENT_PROCESS_ID":628,"PROCESS_ID":1164,"THIS_ATOM":"0abde42b2fc3298428bbe14d68256120","THREADS":11,"TIMESTAMP":1747280160351,"USER_NAME":"NT AUTHORITY\\LOCAL SERVICE"},"PROCESS_ID":1164},"routing":{"arch":2,"did":"","event_id":"01fb35a7-2995-4f45-8d17-8d853c1ab9b0","event_time":1749523455165,"event_type":"FIM_HIT","ext_ip":"34.171.104.183","hostname":"windows-server-2022-aac9c41d-e0a3-4e7e-88b8-33936ab93238-0.c.lc-demo-infra.internal.","iid":"09774cc8-cb43-4164-abd3-87230031c142","int_ip":"10.128.15.201","latency":1024,"moduleid":2,"oid":"aac9c41d-e0a3-4e7e-88b8-33936ab93238","parent":"0abde42b2fc3298428bbe14d68256120","plat":268435456,"sid":"17b8710a-7337-4e64-9c18-2955e86f2d0d","tags":["fim","lc:stable","windows"],"this":"76b16a6224b1c129d538e0d368479c00"},"ts":"2025-06-10 02:44:15"}
{"event":{"EVENT":{"EventData":{"AuthenticationPackageName":"NTLM","FailureReason":"%%2313","IpAddress":"197.210.194.240","IpPort":"0","KeyLength":"0","LmPackageName":"-","LogonProcessName":"NtLmSsp","LogonType":"3","ProcessId":"0x0","ProcessName":"-","Status":"0xc000006d","SubStatus":"0xc0000064","SubjectDomainName":"-","SubjectLogonId":"0x0","SubjectUserName":"-","SubjectUserSid":"S-1-0-0","TargetDomainName":"-","TargetUserName":"SERVICES","TargetUserSid":"S-1-0-0","TransmittedServices":"-","WorkstationName":"-"},"System":{"Channel":"Security","Computer":"windows-server-2022-aac9c41d-e0a3-4e7e-88b8-33936ab93238-0","Correlation":{"ActivityID":"{55ae049b-37ef-0001-ee39-a76a4ac5db01}"},"EventID":"4625","EventRecordID":"4417733","Execution":{"ProcessID":"648","ThreadID":"2096"},"Keywords":"0x8010000000000000","Level":"0","Opcode":"0","Provider":{"Guid":"{54849625-5478-4994-a5ba-3e3b0328c30d}","Name":"Microsoft-Windows-Security-Auditing"},"Security":"","Task":"12544","TimeCreated":{"SystemTime":"2025-06-10T02:44:12.5720548Z"},"Version":"0","_event_id":"4625"}}},"routing":{"arch":2,"did":"","event_id":"2ca0cc52-a979-4df7-96d7-d1d8edc237e3","event_time":1749523453569,"event_type":"WEL","ext_ip":"34.171.104.183","hostname":"windows-server-2022-aac9c41d-e0a3-4e7e-88b8-33936ab93238-0.c.lc-demo-infra.internal.","iid":"09774cc8-cb43-4164-abd3-87230031c142","int_ip":"10.128.15.201","latency":3,"moduleid":2,"oid":"aac9c41d-e0a3-4e7e-88b8-33936ab93238","plat":268435456,"sid":"17b8710a-7337-4e64-9c18-2955e86f2d0d","tags":["fim","lc:stable","windows"],"this":"6deec9eaab00313b7e4bff0f68479bfd"},"ts":"2025-06-10 02:44:13"}
{"event":{"EVENT":{"EventData":{"AuthenticationPackageName":"NTLM","FailureReason":"%%2313","IpAddress":"45.227.253.61","IpPort":"0","KeyLength":"0","LmPackageName":"-","LogonProcessName":"NtLmSsp","LogonType":"3","ProcessId":"0x0","ProcessName":"-","Status":"0xc000006d","SubStatus":"0xc0000064","SubjectDomainName":"-","SubjectLogonId":"0x0","SubjectUserName":"-","SubjectUserSid":"S-1-0-0","TargetDomainName":"WINDOWS-SERVER-2022-AAC9C41D-E0A3-4E7E-88B8-33936AB93238-0","TargetUserName":"Admin","TargetUserSid":"S-1-0-0","TransmittedServices":"-","WorkstationName":"WIN-56DH2BBHACU"},"System":{"Channel":"Security","Computer":"windows-server-2022-aac9c41d-e0a3-4e7e-88b8-33936ab93238-0","Correlation":{"ActivityID":"{55ae049b-37ef-0001-ee39-a76a4ac5db01}"},"EventID":"4625","EventRecordID":"4417734","Execution":{"ProcessID":"648","ThreadID":"2096"},"Keywords":"0x8010000000000000","Level":"0","Opcode":"0","Provider":{"Guid":"{54849625-5478-4994-a5ba-3e3b0328c30d}","Name":"Microsoft-Windows-Security-Auditing"},"Security":"","Task":"12544","TimeCreated":{"SystemTime":"2025-06-10T02:44:13.1858632Z"},"Version":"0","_event_id":"4625"}}},"routing":{"arch":2,"did":"","event_id":"3d069dc6-79b4-44fd-8d83-b61de41cbf50","event_time":1749523453569,"event_type":"WEL","ext_ip":"34.171.104.183","hostname":"windows-server-2022-aac9c41d-e0a3-4e7e-88b8-33936ab93238-0.c.lc-demo-infra.internal.","iid":"09774cc8-cb43-4164-abd3-87230031c142","int_ip":"10.128.15.201","latency":5,"moduleid":2,"oid":"aac9c41d-e0a3-4e7e-88b8-33936ab93238","plat":268435456,"sid":"17b8710a-7337-4e64-9c18-2955e86f2d0d","tags":["fim","lc:stable","windows"],"this":"fd5c73431e541ed416c156ad68479bfd"},"ts":"2025-06-10 02:44:13"}
{"event":{"EVENT":{"EventData":{"AuthenticationPackageName":"NTLM","FailureReason":"%%2313","IpAddress":"45.227.253.61","IpPort":"0","KeyLength":"0","LmPackageName":"-","LogonProcessName":"NtLmSsp","LogonType":"3","ProcessId":"0x0","ProcessName":"-","Status":"0xc000006d","SubStatus":"0xc0000064","SubjectDomainName":"-","SubjectLogonId":"0x0","SubjectUserName":"-","SubjectUserSid":"S-1-0-0","TargetDomainName":"WINDOWS-SERVER-2022-AAC9C41D-E0A3-4E7E-88B8-33936AB93238-0","TargetUserName":"Admin","TargetUserSid":"S-1-0-0","TransmittedServices":"-","WorkstationName":"WIN-56DH2BBHACU"},"System":{"Channel":"Security","Computer":"windows-server-2022-aac9c41d-e0a3-4e7e-88b8-33936ab93238-0","Correlation":{"ActivityID":"{55ae049b-37ef-0001-ee39-a76a4ac5db01}"},"EventID":"4625","EventRecordID":"4417732","Execution":{"ProcessID":"648","ThreadID":"2096"},"Keywords":"0x8010000000000000","Level":"0","Opcode":"0","Provider":{"Guid":"{54849625-5478-4994-a5ba-3e3b0328c30d}","Name":"Microsoft-Windows-Security-Auditing"},"Security":"","Task":"12544","TimeCreated":{"SystemTime":"2025-06-10T02:44:11.3439994Z"},"Version":"0","_event_id":"4625"}}},"routing":{"arch":2,"did":"","event_id":"25d536ee-4988-46d6-946a-f27a7c5757d9","event_time":1749523452334,"event_type":"WEL","ext_ip":"34.171.104.183","hostname":"windows-server-2022-aac9c41d-e0a3-4e7e-88b8-33936ab93238-0.c.lc-demo-infra.internal.","iid":"09774cc8-cb43-4164-abd3-87230031c142","int_ip":"10.128.15.201","latency":3,"moduleid":2,"oid":"aac9c41d-e0a3-4e7e-88b8-33936ab93238","plat":268435456,"sid":"17b8710a-7337-4e64-9c18-2955e86f2d0d","tags":["fim","lc:stable","windows"],"this":"163e767a36eb30c45070cef168479bfc"},"ts":"2025-06-10 02:44:12"}
{"event":{"COMMAND_LINE":"C:\\Windows\\System32\\svchost.exe -k NetworkService -s TermService","CREATION_TIME":1734629976659,"FILE_IS_SIGNED":1,"FILE_PATH":"C:\\Windows\\System32\\svchost.exe","HASH":"add683a6910abbbf0e28b557fad0ba998166394932ae2aca069d9aa19ea8fe88","NETWORK_ACTIVITY":[{"DESTINATION":{"IP_ADDRESS":"10.128.15.200","PORT":3389},"IS_OUTGOING":0,"PROTOCOL":"tcp4","SOURCE":{"IP_ADDRESS":"162.19.88.104","PORT":57487},"TIMESTAMP":1749523420126},{"DESTINATION":{"IP_ADDRESS":"10.128.15.200","PORT":3389},"IS_OUTGOING":0,"PROTOCOL":"tcp4","SOURCE":{"IP_ADDRESS":"85.215.181.94","PORT":50347},"TIMESTAMP":1749523423974},{"DESTINATION":{"IP_ADDRESS":"10.128.15.200","PORT":3389},"IS_OUTGOING":0,"PROTOCOL":"tcp4","SOURCE":{"IP_ADDRESS":"194.180.48.29","PORT":41953},"TIMESTAMP":1749523425960},{"DESTINATION":{"IP_ADDRESS":"10.128.15.200","PORT":3389},"IS_OUTGOING":0,"PROTOCOL":"tcp4","SOURCE":{"IP_ADDRESS":"58.97.5.203","PORT":58601},"TIMESTAMP":1749523434906},{"DESTINATION":{"IP_ADDRESS":"10.128.15.200","PORT":3389},"IS_OUTGOING":0,"PROTOCOL":"tcp4","SOURCE":{"IP_ADDRESS":"194.180.48.29","PORT":18335},"TIMESTAMP":1749523437440},{"DESTINATION":{"IP_ADDRESS":"10.128.15.200","PORT":3389},"IS_OUTGOING":0,"PROTOCOL":"tcp4","SOURCE":{"IP_ADDRESS":"85.10.147.82","PORT":57178},"TIMESTAMP":1749523447927},{"DESTINATION":{"IP_ADDRESS":"10.128.15.200","PORT":3389},"IS_OUTGOING":0,"PROTOCOL":"tcp4","SOURCE":{"IP_ADDRESS":"198.204.228.213","PORT":59433},"TIMESTAMP":1749523449114},{"DESTINATION":{"IP_ADDRESS":"10.128.15.200","PORT":3389},"IS_OUTGOING":0,"PROTOCOL":"tcp4","SOURCE":{"IP_ADDRESS":"107.155.48.141","PORT":55581},"TIMESTAMP":1749523450447}],"PARENT_PROCESS_ID":624,"PROCESS_ID":724,"USER_NAME":"NT AUTHORITY\\NETWORK SERVICE"},"routing":{"arch":2,"did":"","event_id":"2e479508-ada8-4ef6-9d64-fbff99424746","event_time":1749523451431,"event_type":"NETWORK_CONNECTIONS","ext_ip":"34.58.90.170","hostname":"desktop-c2a1841.c.lc-demo-infra.internal.","iid":"09774cc8-cb43-4164-abd3-87230031c142","int_ip":"10.128.15.200","latency":-30,"moduleid":2,"oid":"aac9c41d-e0a3-4e7e-88b8-33936ab93238","parent":"ebe07115d0a293acb22d4c106818de5e","plat":268435456,"sid":"c4ba6121-d13d-4871-82f8-4b5c5556761e","tags":["lc:testtag","windows"],"this":"5b4e7ba703e05a1f764b902d68479bfb"},"ts":"2025-06-10 02:44:11"}
{"event":{"EVENT":{"EventData":{"AuthenticationPackageName":"NTLM","FailureReason":"%%2313","IpAddress":"45.227.253.61","IpPort":"0","KeyLength":"0","LmPackageName":"-","LogonProcessName":"NtLmSsp","LogonType":"3","ProcessId":"0x0","ProcessName":"-","Status":"0xc000006d","SubStatus":"0xc0000064","SubjectDomainName":"-","SubjectLogonId":"0x0","SubjectUserName":"-","SubjectUserSid":"S-1-0-0","TargetDomainName":"WINDOWS-SERVER-2022-AAC9C41D-E0A3-4E7E-88B8-33936AB93238-0","TargetUserName":"Admin","TargetUserSid":"S-1-0-0","TransmittedServices":"-","WorkstationName":"WIN-56DH2BBHACU"},"System":{"Channel":"Security","Computer":"windows-server-2022-aac9c41d-e0a3-4e7e-88b8-33936ab93238-0","Correlation":{"ActivityID":"{55ae049b-37ef-0001-ee39-a76a4ac5db01}"},"EventID":"4625","EventRecordID":"4417731","Execution":{"ProcessID":"648","ThreadID":"2096"},"Keywords":"0x8010000000000000","Level":"0","Opcode":"0","Provider":{"Guid":"{54849625-5478-4994-a5ba-3e3b0328c30d}","Name":"Microsoft-Windows-Security-Auditing"},"Security":"","Task":"12544","TimeCreated":{"SystemTime":"2025-06-10T02:44:09.5932865Z"},"Version":"0","_event_id":"4625"}}},"routing":{"arch":2,"did":"","event_id":"1ab2248b-f5ac-4cde-b9dd-296d865e9ebb","event_time":1749523450583,"event_type":"WEL","ext_ip":"34.171.104.183","hostname":"windows-server-2022-aac9c41d-e0a3-4e7e-88b8-33936ab93238-0.c.lc-demo-infra.internal.","iid":"09774cc8-cb43-4164-abd3-87230031c142","int_ip":"10.128.15.201","latency":3,"moduleid":2,"oid":"aac9c41d-e0a3-4e7e-88b8-33936ab93238","plat":268435456,"sid":"17b8710a-7337-4e64-9c18-2955e86f2d0d","tags":["fim","lc:stable","windows"],"this":"61bfffbf6e95c1eab580f25268479bfa"},"ts":"2025-06-10 02:44:10"}
{"event":{"EVENT":{"EventData":{"AuthenticationPackageName":"NTLM","FailureReason":"%%2313","IpAddress":"85.10.147.82","IpPort":"0","KeyLength":"0","LmPackageName":"-","LogonProcessName":"NtLmSsp","LogonType":"3","ProcessId":"0x0","ProcessName":"-","Status":"0xc000006d","SubStatus":"0xc000006a","SubjectDomainName":"-","SubjectLogonId":"0x0","SubjectUserName":"-","SubjectUserSid":"S-1-0-0","TargetDomainName":"","TargetUserName":"ADMINISTRATOR","TargetUserSid":"S-1-0-0","TransmittedServices":"-","WorkstationName":"-"},"System":{"Channel":"Security","Computer":"DESKTOP-C2A1841","Correlation":{"ActivityID":"{352b8892-aa45-0001-ddca-25f63c52db01}"},"EventID":"4625","EventRecordID":"4683387","Execution":{"ProcessID":"648","ThreadID":"4000"},"Keywords":"0x8010000000000000","Level":"0","Opcode":"0","Provider":{"Guid":"{54849625-5478-4994-a5ba-3e3b0328c30d}","Name":"Microsoft-Windows-Security-Auditing"},"Security":"","Task":"12544","TimeCreated":{"SystemTime":"2025-06-10T02:44:07.5820730Z"},"Version":"0","_event_id":"4625"}}},"routing":{"arch":2,"did":"","event_id":"d08af23a-2f3b-41ec-87aa-550afffc687f","event_time":1749523449570,"event_type":"WEL","ext_ip":"34.58.90.170","hostname":"desktop-c2a1841.c.lc-demo-infra.internal.","iid":"09774cc8-cb43-4164-abd3-87230031c142","int_ip":"10.128.15.200","latency":-26,"moduleid":2,"oid":"aac9c41d-e0a3-4e7e-88b8-33936ab93238","plat":268435456,"sid":"c4ba6121-d13d-4871-82f8-4b5c5556761e","tags":["lc:testtag","windows"],"this":"b929b8ec82869cbed631e6c668479bf9"},"ts":"2025-06-10 02:44:09"}
{"event":{"EVENT":{"EventData":{"AuthenticationPackageName":"NTLM","FailureReason":"%%2313","IpAddress":"198.204.228.213","IpPort":"0","KeyLength":"0","LmPackageName":"-","LogonProcessName":"NtLmSsp","LogonType":"3","ProcessId":"0x0","ProcessName":"-","Status":"0xc000006d","SubStatus":"0xc000006a","SubjectDomainName":"-","SubjectLogonId":"0x0","SubjectUserName":"-","SubjectUserSid":"S-1-0-0","TargetDomainName":"","TargetUserName":"Administrator","TargetUserSid":"S-1-0-0","TransmittedServices":"-","WorkstationName":"workstation"},"System":{"Channel":"Security","Computer":"DESKTOP-C2A1841","Correlation":{"ActivityID":"{352b8892-aa45-0001-ddca-25f63c52db01}"},"EventID":"4625","EventRecordID":"4683388","Execution":{"ProcessID":"648","ThreadID":"4000"},"Keywords":"0x8010000000000000","Level":"0","Opcode":"0","Provider":{"Guid":"{54849625-5478-4994-a5ba-3e3b0328c30d}","Name":"Microsoft-Windows-Security-Auditing"},"Security":"","Task":"12544","TimeCreated":{"SystemTime":"2025-06-10T02:44:08.2507159Z"},"Version":"0","_event_id":"4625"}}},"routing":{"arch":2,"did":"","event_id":"ebf5aa49-3b95-49ff-983f-8bc7de3f36e2","event_time":1749523449570,"event_type":"WEL","ext_ip":"34.58.90.170","hostname":"desktop-c2a1841.c.lc-demo-infra.internal.","iid":"09774cc8-cb43-4164-abd3-87230031c142","int_ip":"10.128.15.200","latency":-25,"moduleid":2,"oid":"aac9c41d-e0a3-4e7e-88b8-33936ab93238","plat":268435456,"sid":"c4ba6121-d13d-4871-82f8-4b5c5556761e","tags":["lc:testtag","windows"],"this":"4325181ed11096d919bf32a268479bf9"},"ts":"2025-06-10 02:44:09"}
