{"event":{"FILE_PATH":"C:\\Windows\\System32\\sru\\SRU.log","HASH":"960bd538d3b107f8800e87887413e9f45c56b545bc81984e2694f9f2b662a868","PROCESS_ID":2028},"routing":{"arch":2,"did":"","event_id":"db57df92-79b5-4633-aad6-4cb13d5e0400","event_time":1749523740032,"event_type":"NEW_DOCUMENT","ext_ip":"34.171.104.183","hostname":"windows-server-2022-aac9c41d-e0a3-4e7e-88b8-33936ab93238-0.c.lc-demo-infra.internal.","iid":"09774cc8-cb43-4164-abd3-87230031c142","int_ip":"10.128.15.201","latency":339,"moduleid":2,"oid":"aac9c41d-e0a3-4e7e-88b8-33936ab93238","parent":"fff7e0224e72c5ee96fad48d68256189","plat":268435456,"sid":"17b8710a-7337-4e64-9c18-2955e86f2d0d","tags":["fim","lc:stable","windows"],"this":"8b2b0259e97cb6e9faa26bee68479d1c"},"ts":"2025-06-10 02:49:00"}
{"event":{"ACTION":"added","FILE_PATH":"C:\\Windows\\System32\\sru\\SRU.log","HASH":"960bd538d3b107f8800e87887413e9f45c56b545bc81984e2694f9f2b662a868","PROCESS":{"BASE_ADDRESS":140699902017536,"COMMAND_LINE":"C:\\Windows\\System32\\svchost.exe -k LocalServiceNoNetwork -p -s DPS","FILE_IS_SIGNED":1,"FILE_PATH":"C:\\Windows\\System32\\svchost.exe","HASH":"d7f10571f58adbe122f615b869eb42b05286770148067cbf88054c38f1bca4c4","MEMORY_USAGE":7254016,"PARENT_ATOM":"b56d4120493c4260490c5b186825611e","PARENT_PROCESS_ID":628,"PROCESS_ID":2028,"THIS_ATOM":"fff7e0224e72c5ee96fad48d68256189","THREADS":8,"TIMESTAMP":1747280265065,"USER_NAME":"NT AUTHORITY\\LOCAL SERVICE"},"PROCESS_ID":2028},"routing":{"arch":2,"did":"","event_id":"89d1d95a-eb65-44e3-b842-569c4101e45f","event_time":1749523740032,"event_type":"FIM_HIT","ext_ip":"34.171.104.183","hostname":"windows-server-2022-aac9c41d-e0a3-4e7e-88b8-33936ab93238-0.c.lc-demo-infra.internal.","iid":"09774cc8-cb43-4164-abd3-87230031c142","int_ip":"10.128.15.201","latency":339,"moduleid":2,"oid":"aac9c41d-e0a3-4e7e-88b8-33936ab93238","parent":"fff7e0224e72c5ee96fad48d68256189","plat":268435456,"sid":"17b8710a-7337-4e64-9c18-2955e86f2d0d","tags":["fim","lc:stable","windows"],"this":"024d47c98f5e6274567fa88868479d1c"},"ts":"2025-06-10 02:49:00"}
{"event":{"ACTION":"removed","FILE_PATH":"C:\\Windows\\System32\\sru\\SRU00C04.log","PROCESS":{"BASE_ADDRESS":140699902017536,"COMMAND_LINE":"C:\\Windows\\System32\\svchost.exe -k LocalServiceNoNetwork -p -s DPS","FILE_IS_SIGNED":1,"FILE_PATH":"C:\\Windows\\System32\\svchost.exe","HASH":"d7f10571f58adbe122f615b869eb42b05286770148067cbf88054c38f1bca4c4","MEMORY_USAGE":7254016,"PARENT_ATOM":"b56d4120493c4260490c5b186825611e","PARENT_PROCESS_ID":628,"PROCESS_ID":2028,"THIS_ATOM":"fff7e0224e72c5ee96fad48d68256189","THREADS":8,"TIMESTAMP":1747280265065,"USER_NAME":"NT AUTHORITY\\LOCAL SERVICE"},"PROCESS_ID":2028},"routing":{"arch":2,"did":"","event_id":"75fda1fb-86dc-42bc-90b3-3a8c0faa4ce7","event_time":1749523740032,"event_type":"FIM_HIT","ext_ip":"34.171.104.183","hostname":"windows-server-2022-aac9c41d-e0a3-4e7e-88b8-33936ab93238-0.c.lc-demo-infra.internal.","iid":"09774cc8-cb43-4164-abd3-87230031c142","int_ip":"10.128.15.201","latency":341,"moduleid":2,"oid":"aac9c41d-e0a3-4e7e-88b8-33936ab93238","parent":"fff7e0224e72c5ee96fad48d68256189","plat":268435456,"sid":"17b8710a-7337-4e64-9c18-2955e86f2d0d","tags":["fim","lc:stable","windows"],"this":"a2b6d6b21d5922bcc70f17dd68479d1c"},"ts":"2025-06-10 02:49:00"}
{"event":{"ACTION":"added","FILE_PATH":"C:\\Windows\\System32\\sru\\SRUtmp.log","HASH":"a4980ec8ee452a6cb4341f7c1e3dc4231068ee93179cdcdb0eac197f12437628","PROCESS":{"BASE_ADDRESS":140699902017536,"COMMAND_LINE":"C:\\Windows\\System32\\svchost.exe -k LocalServiceNoNetwork -p -s DPS","FILE_IS_SIGNED":1,"FILE_PATH":"C:\\Windows\\System32\\svchost.exe","HASH":"d7f10571f58adbe122f615b869eb42b05286770148067cbf88054c38f1bca4c4","MEMORY_USAGE":7254016,"PARENT_ATOM":"b56d4120493c4260490c5b186825611e","PARENT_PROCESS_ID":628,"PROCESS_ID":2028,"THIS_ATOM":"fff7e0224e72c5ee96fad48d68256189","THREADS":8,"TIMESTAMP":1747280265065,"USER_NAME":"NT AUTHORITY\\LOCAL SERVICE"},"PROCESS_ID":2028},"routing":{"arch":2,"did":"","event_id":"0f09b43a-0153-43f5-a295-3ef98f71fc60","event_time":1749523740032,"event_type":"FIM_HIT","ext_ip":"34.171.104.183","hostname":"windows-server-2022-aac9c41d-e0a3-4e7e-88b8-33936ab93238-0.c.lc-demo-infra.internal.","iid":"09774cc8-cb43-4164-abd3-87230031c142","int_ip":"10.128.15.201","latency":341,"moduleid":2,"oid":"aac9c41d-e0a3-4e7e-88b8-33936ab93238","parent":"fff7e0224e72c5ee96fad48d68256189","plat":268435456,"sid":"17b8710a-7337-4e64-9c18-2955e86f2d0d","tags":["fim","lc:stable","windows"],"this":"42c3242b240ee77fd7c648f368479d1c"},"ts":"2025-06-10 02:49:00"}
{"event":{"FILE_PATH":"C:\\Windows\\System32\\sru\\SRUtmp.log","HASH":"a4980ec8ee452a6cb4341f7c1e3dc4231068ee93179cdcdb0eac197f12437628","PROCESS_ID":2028},"routing":{"arch":2,"did":"","event_id":"674255e0-3a30-46d9-8933-599fbf79eb8d","event_time":1749523740032,"event_type":"NEW_DOCUMENT","ext_ip":"34.171.104.183","hostname":"windows-server-2022-aac9c41d-e0a3-4e7e-88b8-33936ab93238-0.c.lc-demo-infra.internal.","iid":"09774cc8-cb43-4164-abd3-87230031c142","int_ip":"10.128.15.201","latency":341,"moduleid":2,"oid":"aac9c41d-e0a3-4e7e-88b8-33936ab93238","parent":"fff7e0224e72c5ee96fad48d68256189","plat":268435456,"sid":"17b8710a-7337-4e64-9c18-2955e86f2d0d","tags":["fim","lc:stable","windows"],"this":"3822e65275f905c0531fce4568479d1c"},"ts":"2025-06-10 02:49:00"}
{"event":{"ACTION":"modified","FILE_PATH":"C:\\Windows\\System32\\sru\\SRUDB.jfm","HASH":"57a0192a611f70d90993e00c1727368cbb6ee6d4fd0dd3f35c428845751cd3ab","PROCESS":{"BASE_ADDRESS":140699902017536,"COMMAND_LINE":"C:\\Windows\\System32\\svchost.exe -k LocalServiceNoNetwork -p -s DPS","FILE_IS_SIGNED":1,"FILE_PATH":"C:\\Windows\\System32\\svchost.exe","HASH":"d7f10571f58adbe122f615b869eb42b05286770148067cbf88054c38f1bca4c4","MEMORY_USAGE":7254016,"PARENT_ATOM":"b56d4120493c4260490c5b186825611e","PARENT_PROCESS_ID":628,"PROCESS_ID":2028,"THIS_ATOM":"fff7e0224e72c5ee96fad48d68256189","THREADS":8,"TIMESTAMP":1747280265065,"USER_NAME":"NT AUTHORITY\\LOCAL SERVICE"},"PROCESS_ID":2028},"routing":{"arch":2,"did":"","event_id":"a359c8e7-9dd2-42da-a8c2-e54058fb60ad","event_time":1749523740032,"event_type":"FIM_HIT","ext_ip":"34.171.104.183","hostname":"windows-server-2022-aac9c41d-e0a3-4e7e-88b8-33936ab93238-0.c.lc-demo-infra.internal.","iid":"09774cc8-cb43-4164-abd3-87230031c142","int_ip":"10.128.15.201","latency":342,"moduleid":2,"oid":"aac9c41d-e0a3-4e7e-88b8-33936ab93238","parent":"fff7e0224e72c5ee96fad48d68256189","plat":268435456,"sid":"17b8710a-7337-4e64-9c18-2955e86f2d0d","tags":["fim","lc:stable","windows"],"this":"10ee5e629ab7d8c0cb4ba0ea68479d1c"},"ts":"2025-06-10 02:49:00"}
{"event":{"ACTION":"modified","FILE_PATH":"C:\\Windows\\System32\\sru\\SRUDB.dat","HASH":"6f147df3cf7f8946418f3017f151c8f52f5b4927937f1a3f191db1531337d1b3","PROCESS":{"BASE_ADDRESS":140699902017536,"COMMAND_LINE":"C:\\Windows\\System32\\svchost.exe -k LocalServiceNoNetwork -p -s DPS","FILE_IS_SIGNED":1,"FILE_PATH":"C:\\Windows\\System32\\svchost.exe","HASH":"d7f10571f58adbe122f615b869eb42b05286770148067cbf88054c38f1bca4c4","MEMORY_USAGE":7254016,"PARENT_ATOM":"b56d4120493c4260490c5b186825611e","PARENT_PROCESS_ID":628,"PROCESS_ID":2028,"THIS_ATOM":"fff7e0224e72c5ee96fad48d68256189","THREADS":8,"TIMESTAMP":1747280265065,"USER_NAME":"NT AUTHORITY\\LOCAL SERVICE"},"PROCESS_ID":2028},"routing":{"arch":2,"did":"","event_id":"5c1f3a39-d8fa-4d6b-a55e-4158b6141de9","event_time":1749523740032,"event_type":"FIM_HIT","ext_ip":"34.171.104.183","hostname":"windows-server-2022-aac9c41d-e0a3-4e7e-88b8-33936ab93238-0.c.lc-demo-infra.internal.","iid":"09774cc8-cb43-4164-abd3-87230031c142","int_ip":"10.128.15.201","latency":526,"moduleid":2,"oid":"aac9c41d-e0a3-4e7e-88b8-33936ab93238","parent":"fff7e0224e72c5ee96fad48d68256189","plat":268435456,"sid":"17b8710a-7337-4e64-9c18-2955e86f2d0d","tags":["fim","lc:stable","windows"],"this":"52f3693ebd68de82669264af68479d1c"},"ts":"2025-06-10 02:49:00"}
{"event":{"ACTION":"modified","FILE_PATH":"C:\\Windows\\ServiceState\\EventLog\\Data\\lastalive1.dat","HASH":"5ea0ea6967cfc442f8aada9e8d2e1cd8666a750894643266c7abc863370e4bbb","PROCESS":{"BASE_ADDRESS":140699902017536,"COMMAND_LINE":"C:\\Windows\\System32\\svchost.exe -k LocalServiceNetworkRestricted -p -s EventLog","CREATION_TIME":1747280143315,"FILE_IS_SIGNED":1,"FILE_PATH":"C:\\Windows\\System32\\svchost.exe","HASH":"d7f10571f58adbe122f615b869eb42b05286770148067cbf88054c38f1bca4c4","MEMORY_USAGE":18825216,"PARENT_ATOM":"b56d4120493c4260490c5b186825611e","PARENT_PROCESS_ID":628,"PROCESS_ID":1164,"THIS_ATOM":"0abde42b2fc3298428bbe14d68256120","THREADS":11,"TIMESTAMP":1747280160351,"USER_NAME":"NT AUTHORITY\\LOCAL SERVICE"},"PROCESS_ID":1164},"routing":{"arch":2,"did":"","event_id":"8b978d6f-d762-4ee4-a440-d93a49a7ecf2","event_time":1749523740610,"event_type":"FIM_HIT","ext_ip":"34.171.104.183","hostname":"windows-server-2022-aac9c41d-e0a3-4e7e-88b8-33936ab93238-0.c.lc-demo-infra.internal.","iid":"09774cc8-cb43-4164-abd3-87230031c142","int_ip":"10.128.15.201","latency":962,"moduleid":2,"oid":"aac9c41d-e0a3-4e7e-88b8-33936ab93238","parent":"0abde42b2fc3298428bbe14d68256120","plat":268435456,"sid":"17b8710a-7337-4e64-9c18-2955e86f2d0d","tags":["fim","lc:stable","windows"],"this":"6ca6f1c3c19ba9d51870764568479d1d"},"ts":"2025-06-10 02:49:00"}
{"event":{"EVENT":{"EventData":{"AuthenticationPackageName":"NTLM","FailureReason":"%%2313","IpAddress":"45.227.253.61","IpPort":"0","KeyLength":"0","LmPackageName":"-","LogonProcessName":"NtLmSsp","LogonType":"3","ProcessId":"0x0","ProcessName":"-","Status":"0xc000006d","SubStatus":"0xc0000064","SubjectDomainName":"-","SubjectLogonId":"0x0","SubjectUserName":"-","SubjectUserSid":"S-1-0-0","TargetDomainName":"WINDOWS-SERVER-2022-AAC9C41D-E0A3-4E7E-88B8-33936AB93238-0","TargetUserName":"Admin","TargetUserSid":"S-1-0-0","TransmittedServices":"-","WorkstationName":"WIN-56DH2BBHACU"},"System":{"Channel":"Security","Computer":"windows-server-2022-aac9c41d-e0a3-4e7e-88b8-33936ab93238-0","Correlation":{"ActivityID":"{55ae049b-37ef-0001-ee39-a76a4ac5db01}"},"EventID":"4625","EventRecordID":"4417931","Execution":{"ProcessID":"648","ThreadID":"2096"},"Keywords":"0x8010000000000000","Level":"0","Opcode":"0","Provider":{"Guid":"{54849625-5478-4994-a5ba-3e3b0328c30d}","Name":"Microsoft-Windows-Security-Auditing"},"Security":"","Task":"12544","TimeCreated":{"SystemTime":"2025-06-10T02:48:58.9925352Z"},"Version":"0","_event_id":"4625"}}},"routing":{"arch":2,"did":"","event_id":"f846ba90-b0cd-49a2-bb95-c3bd78e3d5db","event_time":1749523739985,"event_type":"WEL","ext_ip":"34.171.104.183","hostname":"windows-server-2022-aac9c41d-e0a3-4e7e-88b8-33936ab93238-0.c.lc-demo-infra.internal.","iid":"09774cc8-cb43-4164-abd3-87230031c142","int_ip":"10.128.15.201","latency":4,"moduleid":2,"oid":"aac9c41d-e0a3-4e7e-88b8-33936ab93238","plat":268435456,"sid":"17b8710a-7337-4e64-9c18-2955e86f2d0d","tags":["fim","lc:stable","windows"],"this":"49336a69ee4ce3c41bdbc22e68479d1b"},"ts":"2025-06-10 02:48:59"}
{"event":{"EVENT":{"EventData":{"AuthenticationPackageName":"NTLM","FailureReason":"%%2313","IpAddress":"45.227.253.61","IpPort":"0","KeyLength":"0","LmPackageName":"-","LogonProcessName":"NtLmSsp","LogonType":"3","ProcessId":"0x0","ProcessName":"-","Status":"0xc000006d","SubStatus":"0xc0000064","SubjectDomainName":"-","SubjectLogonId":"0x0","SubjectUserName":"-","SubjectUserSid":"S-1-0-0","TargetDomainName":"WINDOWS-SERVER-2022-AAC9C41D-E0A3-4E7E-88B8-33936AB93238-0","TargetUserName":"Admin","TargetUserSid":"S-1-0-0","TransmittedServices":"-","WorkstationName":"WIN-56DH2BBHACU"},"System":{"Channel":"Security","Computer":"windows-server-2022-aac9c41d-e0a3-4e7e-88b8-33936ab93238-0","Correlation":{"ActivityID":"{55ae049b-37ef-0001-ee39-a76a4ac5db01}"},"EventID":"4625","EventRecordID":"4417928","Execution":{"ProcessID":"648","ThreadID":"2096"},"Keywords":"0x8010000000000000","Level":"0","Opcode":"0","Provider":{"Guid":"{54849625-5478-4994-a5ba-3e3b0328c30d}","Name":"Microsoft-Windows-Security-Auditing"},"Security":"","Task":"12544","TimeCreated":{"SystemTime":"2025-06-10T02:48:57.2035085Z"},"Version":"0","_event_id":"4625"}}},"routing":{"arch":2,"did":"","event_id":"0113c22a-d15b-4c16-be8b-dc2a1fd470bd","event_time":1749523738203,"event_type":"WEL","ext_ip":"34.171.104.183","hostname":"windows-server-2022-aac9c41d-e0a3-4e7e-88b8-33936ab93238-0.c.lc-demo-infra.internal.","iid":"09774cc8-cb43-4164-abd3-87230031c142","int_ip":"10.128.15.201","latency":2,"moduleid":2,"oid":"aac9c41d-e0a3-4e7e-88b8-33936ab93238","plat":268435456,"sid":"17b8710a-7337-4e64-9c18-2955e86f2d0d","tags":["fim","lc:stable","windows"],"this":"0bbc611e20aa8557ef5b2f3568479d1a"},"ts":"2025-06-10 02:48:58"}
{"event":{"EVENT":{"EventData":{"AuthenticationPackageName":"NTLM","FailureReason":"%%2313","IpAddress":"38.255.59.5","IpPort":"0","KeyLength":"0","LmPackageName":"-","LogonProcessName":"NtLmSsp","LogonType":"3","ProcessId":"0x0","ProcessName":"-","Status":"0xc000006d","SubStatus":"0xc000006a","SubjectDomainName":"-","SubjectLogonId":"0x0","SubjectUserName":"-","SubjectUserSid":"S-1-0-0","TargetDomainName":"-","TargetUserName":"Administrator","TargetUserSid":"S-1-0-0","TransmittedServices":"-","WorkstationName":"workstation"},"System":{"Channel":"Security","Computer":"windows-server-2022-aac9c41d-e0a3-4e7e-88b8-33936ab93238-0","Correlation":{"ActivityID":"{55ae049b-37ef-0001-ee39-a76a4ac5db01}"},"EventID":"4625","EventRecordID":"4417929","Execution":{"ProcessID":"648","ThreadID":"2096"},"Keywords":"0x8010000000000000","Level":"0","Opcode":"0","Provider":{"Guid":"{54849625-5478-4994-a5ba-3e3b0328c30d}","Name":"Microsoft-Windows-Security-Auditing"},"Security":"","Task":"12544","TimeCreated":{"SystemTime":"2025-06-10T02:48:57.4522492Z"},"Version":"0","_event_id":"4625"}}},"routing":{"arch":2,"did":"","event_id":"d654e811-2d19-4dfe-b176-96e99c35db71","event_time":1749523738203,"event_type":"WEL","ext_ip":"34.171.104.183","hostname":"windows-server-2022-aac9c41d-e0a3-4e7e-88b8-33936ab93238-0.c.lc-demo-infra.internal.","iid":"09774cc8-cb43-4164-abd3-87230031c142","int_ip":"10.128.15.201","latency":3,"moduleid":2,"oid":"aac9c41d-e0a3-4e7e-88b8-33936ab93238","plat":268435456,"sid":"17b8710a-7337-4e64-9c18-2955e86f2d0d","tags":["fim","lc:stable","windows"],"this":"2419ccb399721cab9540ec1a68479d1a"},"ts":"2025-06-10 02:48:58"}
{"event":{"EVENT":{"EventData":{"AuthenticationPackageName":"NTLM","FailureReason":"%%2313","IpAddress":"197.210.194.240","IpPort":"0","KeyLength":"0","LmPackageName":"-","LogonProcessName":"NtLmSsp","LogonType":"3","ProcessId":"0x0","ProcessName":"-","Status":"0xc000006d","SubStatus":"0xc0000064","SubjectDomainName":"-","SubjectLogonId":"0x0","SubjectUserName":"-","SubjectUserSid":"S-1-0-0","TargetDomainName":"-","TargetUserName":"LABORATORY","TargetUserSid":"S-1-0-0","TransmittedServices":"-","WorkstationName":"-"},"System":{"Channel":"Security","Computer":"windows-server-2022-aac9c41d-e0a3-4e7e-88b8-33936ab93238-0","Correlation":{"ActivityID":"{55ae049b-37ef-0001-ee39-a76a4ac5db01}"},"EventID":"4625","EventRecordID":"4417930","Execution":{"ProcessID":"648","ThreadID":"2096"},"Keywords":"0x8010000000000000","Level":"0","Opcode":"0","Provider":{"Guid":"{54849625-5478-4994-a5ba-3e3b0328c30d}","Name":"Microsoft-Windows-Security-Auditing"},"Security":"","Task":"12544","TimeCreated":{"SystemTime":"2025-06-10T02:48:57.4597654Z"},"Version":"0","_event_id":"4625"}}},"routing":{"arch":2,"did":"","event_id":"d0a79ef4-6003-42ec-bc09-1e78218bdc03","event_time":1749523738203,"event_type":"WEL","ext_ip":"34.171.104.183","hostname":"windows-server-2022-aac9c41d-e0a3-4e7e-88b8-33936ab93238-0.c.lc-demo-infra.internal.","iid":"09774cc8-cb43-4164-abd3-87230031c142","int_ip":"10.128.15.201","latency":4,"moduleid":2,"oid":"aac9c41d-e0a3-4e7e-88b8-33936ab93238","plat":268435456,"sid":"17b8710a-7337-4e64-9c18-2955e86f2d0d","tags":["fim","lc:stable","windows"],"this":"17d9d8b37c3e875d0ed479a068479d1a"},"ts":"2025-06-10 02:48:58"}
{"event":{"EVENT":{"EventData":{"AuthenticationPackageName":"NTLM","FailureReason":"%%2313","IpAddress":"45.227.253.61","IpPort":"0","KeyLength":"0","LmPackageName":"-","LogonProcessName":"NtLmSsp","LogonType":"3","ProcessId":"0x0","ProcessName":"-","Status":"0xc000006d","SubStatus":"0xc0000064","SubjectDomainName":"-","SubjectLogonId":"0x0","SubjectUserName":"-","SubjectUserSid":"S-1-0-0","TargetDomainName":"WINDOWS-SERVER-2022-AAC9C41D-E0A3-4E7E-88B8-33936AB93238-0","TargetUserName":"Admin","TargetUserSid":"S-1-0-0","TransmittedServices":"-","WorkstationName":"WIN-56DH2BBHACU"},"System":{"Channel":"Security","Computer":"windows-server-2022-aac9c41d-e0a3-4e7e-88b8-33936ab93238-0","Correlation":{"ActivityID":"{55ae049b-37ef-0001-ee39-a76a4ac5db01}"},"EventID":"4625","EventRecordID":"4417927","Execution":{"ProcessID":"648","ThreadID":"2096"},"Keywords":"0x8010000000000000","Level":"0","Opcode":"0","Provider":{"Guid":"{54849625-5478-4994-a5ba-3e3b0328c30d}","Name":"Microsoft-Windows-Security-Auditing"},"Security":"","Task":"12544","TimeCreated":{"SystemTime":"2025-06-10T02:48:55.4408143Z"},"Version":"0","_event_id":"4625"}}},"routing":{"arch":2,"did":"","event_id":"121e05d1-2a89-4f79-ae61-8d501b2b9264","event_time":1749523736435,"event_type":"WEL","ext_ip":"34.171.104.183","hostname":"windows-server-2022-aac9c41d-e0a3-4e7e-88b8-33936ab93238-0.c.lc-demo-infra.internal.","iid":"09774cc8-cb43-4164-abd3-87230031c142","int_ip":"10.128.15.201","latency":38,"moduleid":2,"oid":"aac9c41d-e0a3-4e7e-88b8-33936ab93238","plat":268435456,"sid":"17b8710a-7337-4e64-9c18-2955e86f2d0d","tags":["fim","lc:stable","windows"],"this":"e54af807426a64440d8b098868479d18"},"ts":"2025-06-10 02:48:56"}
{"event":{"ACTION":"modified","FILE_PATH":"C:\\Windows\\Temp\\dns.log","HASH":"42d743b11ae7c9367b27ee3637348db836b3307dec21b4fa47eddc990d80eb03","PROCESS":{"BASE_ADDRESS":140695999414272,"COMMAND_LINE":"C:\\Windows\\system32\\dns.exe","CREATION_TIME":1747280144996,"FILE_IS_SIGNED":1,"FILE_PATH":"C:\\Windows\\system32\\dns.exe","HASH":"ee671e70fd8a09b27ca9f38fdca32bf4a98e1e4161abbaab7d4b4b90345cbe50","MEMORY_USAGE":129310720,"PARENT_ATOM":"b56d4120493c4260490c5b186825611e","PARENT_PROCESS_ID":628,"PROCESS_ID":2528,"THIS_ATOM":"9f3c43878ac9373681fe1f3368256120","THREADS":17,"TIMESTAMP":1747280160616,"USER_NAME":"NT AUTHORITY\\SYSTEM"},"PROCESS_ID":2528},"routing":{"arch":2,"did":"","event_id":"572c1ad6-c1ae-4a32-a7dc-d34eedfac77e","event_time":1749523735341,"event_type":"FIM_HIT","ext_ip":"34.171.104.183","hostname":"windows-server-2022-aac9c41d-e0a3-4e7e-88b8-33936ab93238-0.c.lc-demo-infra.internal.","iid":"09774cc8-cb43-4164-abd3-87230031c142","int_ip":"10.128.15.201","latency":33,"moduleid":2,"oid":"aac9c41d-e0a3-4e7e-88b8-33936ab93238","parent":"9f3c43878ac9373681fe1f3368256120","plat":268435456,"sid":"17b8710a-7337-4e64-9c18-2955e86f2d0d","tags":["fim","lc:stable","windows"],"this":"891596151cf8054db2b2f2e468479d17"},"ts":"2025-06-10 02:48:55"}
{"event":{"COMMAND_LINE":"\"C:\\Program Files\\Google\\OSConfig\\google_osconfig_agent.exe\"","CREATION_TIME":1747280143066,"FILE_IS_SIGNED":1,"FILE_PATH":"C:\\Program Files\\Google\\OSConfig\\google_osconfig_agent.exe","HASH":"5749b2693aaf2042fb068b00ee5b29614b738545f9f3bcc9028597a49d7a3714","NETWORK_ACTIVITY":[{"DESTINATION":{"IP_ADDRESS":"169.254.169.254","PORT":80},"IS_OUTGOING":1,"PROTOCOL":"tcp4","SOURCE":{"IP_ADDRESS":"10.128.15.201","PORT":59592},"TIMESTAMP":1749523718308}],"PARENT_PROCESS_ID":628,"PROCESS_ID":664,"USER_NAME":"NT AUTHORITY\\SYSTEM"},"routing":{"arch":2,"did":"","event_id":"22e77808-e48f-4884-a82b-3d110ff647df","event_time":1749523734401,"event_type":"NETWORK_CONNECTIONS","ext_ip":"34.171.104.183","hostname":"windows-server-2022-aac9c41d-e0a3-4e7e-88b8-33936ab93238-0.c.lc-demo-infra.internal.","iid":"09774cc8-cb43-4164-abd3-87230031c142","int_ip":"10.128.15.201","latency":2,"moduleid":2,"oid":"aac9c41d-e0a3-4e7e-88b8-33936ab93238","parent":"e583082c3131f150bbd6f25e6825611e","plat":268435456,"sid":"17b8710a-7337-4e64-9c18-2955e86f2d0d","tags":["fim","lc:stable","windows"],"this":"d6054b640b008440ddd74c5668479d16"},"ts":"2025-06-10 02:48:54"}
{"event":{"COMMAND_LINE":"C:\\Windows\\System32\\svchost.exe -k termsvcs -s TermService","CREATION_TIME":1747280142928,"FILE_IS_SIGNED":1,"FILE_PATH":"C:\\Windows\\System32\\svchost.exe","HASH":"d7f10571f58adbe122f615b869eb42b05286770148067cbf88054c38f1bca4c4","NETWORK_ACTIVITY":[{"DESTINATION":{"IP_ADDRESS":"10.128.15.201","PORT":3389},"IS_OUTGOING":0,"PROTOCOL":"tcp4","SOURCE":{"IP_ADDRESS":"45.227.253.61","PORT":36018},"TIMESTAMP":1749523704450},{"DESTINATION":{"IP_ADDRESS":"10.128.15.201","PORT":3389},"IS_OUTGOING":0,"PROTOCOL":"tcp4","SOURCE":{"IP_ADDRESS":"193.122.94.68","PORT":64616},"TIMESTAMP":1749523706062},{"DESTINATION":{"IP_ADDRESS":"10.128.15.201","PORT":3389},"IS_OUTGOING":0,"PROTOCOL":"tcp4","SOURCE":{"IP_ADDRESS":"45.227.253.61","PORT":51830},"TIMESTAMP":1749523706218},{"DESTINATION":{"IP_ADDRESS":"10.128.15.201","PORT":3389},"IS_OUTGOING":0,"PROTOCOL":"tcp4","SOURCE":{"IP_ADDRESS":"45.227.253.61","PORT":9093},"TIMESTAMP":1749523708047},{"DESTINATION":{"IP_ADDRESS":"10.128.15.201","PORT":3389},"IS_OUTGOING":0,"PROTOCOL":"tcp4","SOURCE":{"IP_ADDRESS":"45.227.253.61","PORT":24901},"TIMESTAMP":1749523709830},{"DESTINATION":{"IP_ADDRESS":"10.128.15.201","PORT":3389},"IS_OUTGOING":0,"PROTOCOL":"tcp4","SOURCE":{"IP_ADDRESS":"45.227.253.61","PORT":40493},"TIMESTAMP":1749523711596},{"DESTINATION":{"IP_ADDRESS":"10.128.15.201","PORT":3389},"IS_OUTGOING":0,"PROTOCOL":"tcp4","SOURCE":{"IP_ADDRESS":"45.227.253.61","PORT":56540},"TIMESTAMP":1749523713411},{"DESTINATION":{"IP_ADDRESS":"10.128.15.201","PORT":3389},"IS_OUTGOING":0,"PROTOCOL":"tcp4","SOURCE":{"IP_ADDRESS":"45.227.253.61","PORT":13297},"TIMESTAMP":1749523715195},{"DESTINATION":{"IP_ADDRESS":"10.128.15.201","PORT":3389},"IS_OUTGOING":0,"PROTOCOL":"tcp4","SOURCE":{"IP_ADDRESS":"45.227.253.61","PORT":28236},"TIMESTAMP":1749523716947},{"DESTINATION":{"IP_ADDRESS":"10.128.15.201","PORT":3389},"IS_OUTGOING":0,"PROTOCOL":"tcp4","SOURCE":{"IP_ADDRESS":"45.227.253.61","PORT":44688},"TIMESTAMP":1749523718718},{"DESTINATION":{"IP_ADDRESS":"10.128.15.201","PORT":3389},"IS_OUTGOING":0,"PROTOCOL":"tcp4","SOURCE":{"IP_ADDRESS":"45.227.253.61","PORT":1026},"TIMESTAMP":1749523720484},{"DESTINATION":{"IP_ADDRESS":"10.128.15.201","PORT":3389},"IS_OUTGOING":0,"PROTOCOL":"tcp4","SOURCE":{"IP_ADDRESS":"45.227.253.61","PORT":16836},"TIMESTAMP":1749523722235},{"DESTINATION":{"IP_ADDRESS":"10.128.15.201","PORT":3389},"IS_OUTGOING":0,"PROTOCOL":"tcp4","SOURCE":{"IP_ADDRESS":"45.227.253.61","PORT":32786},"TIMESTAMP":1749523724049},{"DESTINATION":{"IP_ADDRESS":"10.128.15.201","PORT":3389},"IS_OUTGOING":0,"PROTOCOL":"tcp4","SOURCE":{"IP_ADDRESS":"185.45.228.192","PORT":59727},"TIMESTAMP":1749523725005},{"DESTINATION":{"IP_ADDRESS":"10.128.15.201","PORT":3389},"IS_OUTGOING":0,"PROTOCOL":"tcp4","SOURCE":{"IP_ADDRESS":"45.227.253.61","PORT":48172},"TIMESTAMP":1749523725818},{"DESTINATION":{"IP_ADDRESS":"10.128.15.201","PORT":3389},"IS_OUTGOING":0,"PROTOCOL":"tcp4","SOURCE":{"IP_ADDRESS":"102.88.21.217","PORT":59377},"TIMESTAMP":1749523727382},{"DESTINATION":{"IP_ADDRESS":"10.128.15.201","PORT":3389},"IS_OUTGOING":0,"PROTOCOL":"tcp4","SOURCE":{"IP_ADDRESS":"45.227.253.61","PORT":5076},"TIMESTAMP":1749523727585},{"DESTINATION":{"IP_ADDRESS":"10.128.15.201","PORT":3389},"IS_OUTGOING":0,"PROTOCOL":"tcp4","SOURCE":{"IP_ADDRESS":"45.227.253.61","PORT":21247},"TIMESTAMP":1749523729430},{"DESTINATION":{"IP_ADDRESS":"10.128.15.201","PORT":3389},"IS_OUTGOING":0,"PROTOCOL":"tcp4","SOURCE":{"IP_ADDRESS":"45.227.253.61","PORT":36694},"TIMESTAMP":1749523731181},{"DESTINATION":{"IP_ADDRESS":"10.128.15.201","PORT":3389},"IS_OUTGOING":0,"PROTOCOL":"tcp4","SOURCE":{"IP_ADDRESS":"45.227.253.61","PORT":52756},"TIMESTAMP":1749523732994}],"PARENT_PROCESS_ID":628,"PROCESS_ID":1000,"USER_NAME":"NT AUTHORITY\\NETWORK SERVICE"},"routing":{"arch":2,"did":"","event_id":"52dd2712-5bfc-4482-8879-eb2d98407b77","event_time":1749523734401,"event_type":"NETWORK_CONNECTIONS","ext_ip":"34.171.104.183","hostname":"windows-server-2022-aac9c41d-e0a3-4e7e-88b8-33936ab93238-0.c.lc-demo-infra.internal.","iid":"09774cc8-cb43-4164-abd3-87230031c142","int_ip":"10.128.15.201","latency":4,"moduleid":2,"oid":"aac9c41d-e0a3-4e7e-88b8-33936ab93238","parent":"05ab479aa6538d9ae515552b68256120","plat":268435456,"sid":"17b8710a-7337-4e64-9c18-2955e86f2d0d","tags":["fim","lc:stable","windows"],"this":"b147226467c6c6352126487168479d16"},"ts":"2025-06-10 02:48:54"}
{"event":{"COMMAND_LINE":"C:\\Windows\\System32\\svchost.exe -k utcsvc -p","CREATION_TIME":1747280144982,"FILE_IS_SIGNED":1,"FILE_PATH":"C:\\Windows\\System32\\svchost.exe","HASH":"d7f10571f58adbe122f615b869eb42b05286770148067cbf88054c38f1bca4c4","NETWORK_ACTIVITY":[{"DESTINATION":{"IP_ADDRESS":"20.189.173.17","PORT":443},"IS_OUTGOING":1,"PROTOCOL":"tcp4","SOURCE":{"IP_ADDRESS":"10.128.15.201","PORT":59587},"TIMESTAMP":1749523703746},{"DESTINATION":{"IP_ADDRESS":"20.189.173.17","PORT":443},"IS_OUTGOING":1,"PROTOCOL":"tcp4","SOURCE":{"IP_ADDRESS":"10.128.15.201","PORT":59589},"TIMESTAMP":1749523704749},{"DESTINATION":{"IP_ADDRESS":"51.104.15.252","PORT":443},"IS_OUTGOING":1,"PROTOCOL":"tcp4","SOURCE":{"IP_ADDRESS":"10.128.15.201","PORT":59593},"TIMESTAMP":1749523719906}],"PARENT_PROCESS_ID":628,"PROCESS_ID":2504,"USER_NAME":"NT AUTHORITY\\SYSTEM"},"routing":{"arch":2,"did":"","event_id":"5915657a-9886-4d01-be37-4554d06c9abd","event_time":1749523734401,"event_type":"NETWORK_CONNECTIONS","ext_ip":"34.171.104.183","hostname":"windows-server-2022-aac9c41d-e0a3-4e7e-88b8-33936ab93238-0.c.lc-demo-infra.internal.","iid":"09774cc8-cb43-4164-abd3-87230031c142","int_ip":"10.128.15.201","latency":4,"moduleid":2,"oid":"aac9c41d-e0a3-4e7e-88b8-33936ab93238","parent":"bf2460adabfe277ff6f8ee7568256120","plat":268435456,"sid":"17b8710a-7337-4e64-9c18-2955e86f2d0d","tags":["fim","lc:stable","windows"],"this":"9b8482940d4a57d3b75d022b68479d16"},"ts":"2025-06-10 02:48:54"}
{"event":{"COMMAND_LINE":"C:\\Windows\\System32\\rundll32.exe","FILE_IS_SIGNED":1,"FILE_PATH":"C:\\Windows\\System32\\rundll32.exe","HASH":"02f6a04b3373f195152fb1b4aeafe25bf8ef4411dc020c2238c541bcc3dc309b","NETWORK_ACTIVITY":[{"DESTINATION":{"IP_ADDRESS":"35.232.8.38","PORT":80},"IS_OUTGOING":1,"PROTOCOL":"tcp4","SOURCE":{"IP_ADDRESS":"10.128.15.201","PORT":59590},"TIMESTAMP":1749523705624},{"DESTINATION":{"IP_ADDRESS":"35.232.8.38","PORT":80},"IS_OUTGOING":1,"PROTOCOL":"tcp4","SOURCE":{"IP_ADDRESS":"10.128.15.201","PORT":59591},"TIMESTAMP":1749523709392}],"PARENT_PROCESS_ID":4432,"PROCESS_ID":4576,"USER_NAME":"NT AUTHORITY\\SYSTEM"},"routing":{"arch":2,"did":"","event_id":"dc99d048-93b0-4223-99ad-e855303e8e75","event_time":1749523734401,"event_type":"NETWORK_CONNECTIONS","ext_ip":"34.171.104.183","hostname":"windows-server-2022-aac9c41d-e0a3-4e7e-88b8-33936ab93238-0.c.lc-demo-infra.internal.","iid":"09774cc8-cb43-4164-abd3-87230031c142","int_ip":"10.128.15.201","latency":4,"moduleid":2,"oid":"aac9c41d-e0a3-4e7e-88b8-33936ab93238","parent":"fdef27258c485456799b40c268256125","plat":268435456,"sid":"17b8710a-7337-4e64-9c18-2955e86f2d0d","tags":["fim","lc:stable","windows"],"this":"93738e9569fd7bfd59af3ea268479d16"},"ts":"2025-06-10 02:48:54"}
{"event":{"COMMAND_LINE":"C:\\Windows\\system32\\svchost.exe -k netsvcs -p -s wuauserv","FILE_IS_SIGNED":1,"FILE_PATH":"C:\\Windows\\system32\\svchost.exe","HASH":"d7f10571f58adbe122f615b869eb42b05286770148067cbf88054c38f1bca4c4","NETWORK_ACTIVITY":[{"DESTINATION":{"IP_ADDRESS":"134.33.185.96","PORT":443},"IS_OUTGOING":1,"PROTOCOL":"tcp4","SOURCE":{"IP_ADDRESS":"10.128.15.201","PORT":59586},"TIMESTAMP":1749523702855},{"DESTINATION":{"IP_ADDRESS":"20.242.39.171","PORT":443},"IS_OUTGOING":1,"PROTOCOL":"tcp4","SOURCE":{"IP_ADDRESS":"10.128.15.201","PORT":59588},"TIMESTAMP":1749523704028}],"PARENT_PROCESS_ID":628,"PROCESS_ID":5972,"USER_NAME":"NT AUTHORITY\\SYSTEM"},"routing":{"arch":2,"did":"","event_id":"cc415d14-8b56-4535-a082-1a385ac450a6","event_time":1749523734401,"event_type":"NETWORK_CONNECTIONS","ext_ip":"34.171.104.183","hostname":"windows-server-2022-aac9c41d-e0a3-4e7e-88b8-33936ab93238-0.c.lc-demo-infra.internal.","iid":"09774cc8-cb43-4164-abd3-87230031c142","int_ip":"10.128.15.201","latency":5,"moduleid":2,"oid":"aac9c41d-e0a3-4e7e-88b8-33936ab93238","parent":"e8698090a70b1d48652145dc68373e26","plat":268435456,"sid":"17b8710a-7337-4e64-9c18-2955e86f2d0d","tags":["fim","lc:stable","windows"],"this":"b18fdd4a28bc1f7c51bb738d68479d16"},"ts":"2025-06-10 02:48:54"}
{"event":{"EVENT":{"EventData":{"AuthenticationPackageName":"NTLM","FailureReason":"%%2313","IpAddress":"45.227.253.61","IpPort":"0","KeyLength":"0","LmPackageName":"-","LogonProcessName":"NtLmSsp","LogonType":"3","ProcessId":"0x0","ProcessName":"-","Status":"0xc000006d","SubStatus":"0xc0000064","SubjectDomainName":"-","SubjectLogonId":"0x0","SubjectUserName":"-","SubjectUserSid":"S-1-0-0","TargetDomainName":"WINDOWS-SERVER-2022-AAC9C41D-E0A3-4E7E-88B8-33936AB93238-0","TargetUserName":"Admin","TargetUserSid":"S-1-0-0","TransmittedServices":"-","WorkstationName":"WIN-56DH2BBHACU"},"System":{"Channel":"Security","Computer":"windows-server-2022-aac9c41d-e0a3-4e7e-88b8-33936ab93238-0","Correlation":{"ActivityID":"{55ae049b-37ef-0001-ee39-a76a4ac5db01}"},"EventID":"4625","EventRecordID":"4417926","Execution":{"ProcessID":"648","ThreadID":"2096"},"Keywords":"0x8010000000000000","Level":"0","Opcode":"0","Provider":{"Guid":"{54849625-5478-4994-a5ba-3e3b0328c30d}","Name":"Microsoft-Windows-Security-Auditing"},"Security":"","Task":"12544","TimeCreated":{"SystemTime":"2025-06-10T02:48:53.6787988Z"},"Version":"0","_event_id":"4625"}}},"routing":{"arch":2,"did":"","event_id":"602f7acb-a066-4008-a446-678ad382556e","event_time":1749523734668,"event_type":"WEL","ext_ip":"34.171.104.183","hostname":"windows-server-2022-aac9c41d-e0a3-4e7e-88b8-33936ab93238-0.c.lc-demo-infra.internal.","iid":"09774cc8-cb43-4164-abd3-87230031c142","int_ip":"10.128.15.201","latency":2,"moduleid":2,"oid":"aac9c41d-e0a3-4e7e-88b8-33936ab93238","plat":268435456,"sid":"17b8710a-7337-4e64-9c18-2955e86f2d0d","tags":["fim","lc:stable","windows"],"this":"3ae78afa4f0858ab59aeb67168479d16"},"ts":"2025-06-10 02:48:54"}
{"event":{"EVENT":{"EventData":{"param1":"Software Protection","param2":"stopped"},"System":{"Channel":"System","Computer":"windows-server-2022-aac9c41d-e0a3-4e7e-88b8-33936ab93238-0","Correlation":"","EventID":{"Qualifiers":"16384","content":"7036"},"EventRecordID":"83100","Execution":{"ProcessID":"628","ThreadID":"6064"},"Keywords":"0x8080000000000000","Level":"4","Opcode":"0","Provider":{"EventSourceName":"Service Control Manager","Guid":"{555908d1-a6d7-4695-8e1e-26931d2012f4}","Name":"Service Control Manager"},"Security":"","Task":"0","TimeCreated":{"SystemTime":"2025-06-10T02:48:53.6829682Z"},"Version":"0","_event_id":"7036"}}},"routing":{"arch":2,"did":"","event_id":"d4019d8e-e920-4590-af77-bf0511a28956","event_time":1749523734683,"event_type":"WEL","ext_ip":"34.171.104.183","hostname":"windows-server-2022-aac9c41d-e0a3-4e7e-88b8-33936ab93238-0.c.lc-demo-infra.internal.","iid":"09774cc8-cb43-4164-abd3-87230031c142","int_ip":"10.128.15.201","latency":3,"moduleid":2,"oid":"aac9c41d-e0a3-4e7e-88b8-33936ab93238","plat":268435456,"sid":"17b8710a-7337-4e64-9c18-2955e86f2d0d","tags":["fim","lc:stable","windows"],"this":"5fdf4706dceb550c5263e20668479d16"},"ts":"2025-06-10 02:48:54"}
{"event":{"PARENT_PROCESS_ID":628,"PROCESS_ID":1568},"routing":{"arch":2,"did":"","event_id":"07b97b89-e558-4e06-b66e-29521daaf67a","event_time":1749523734966,"event_type":"TERMINATE_PROCESS","ext_ip":"34.171.104.183","hostname":"windows-server-2022-aac9c41d-e0a3-4e7e-88b8-33936ab93238-0.c.lc-demo-infra.internal.","iid":"09774cc8-cb43-4164-abd3-87230031c142","int_ip":"10.128.15.201","latency":4005,"moduleid":2,"oid":"aac9c41d-e0a3-4e7e-88b8-33936ab93238","parent":"b361ae3af777675a2da5211468479cf0","plat":268435456,"sid":"17b8710a-7337-4e64-9c18-2955e86f2d0d","tags":["fim","lc:stable","windows"],"this":"beb26bab5d9ef20ac376986868479d1a"},"ts":"2025-06-10 02:48:54"}
{"event":{"EVENT":{"EventData":{"Data":["2025-06-11T03:36:53Z","RulesEngine"]},"System":{"Channel":"Application","Computer":"windows-server-2022-aac9c41d-e0a3-4e7e-88b8-33936ab93238-0","Correlation":"","EventID":{"Qualifiers":"16384","content":"16384"},"EventRecordID":"70357","Execution":{"ProcessID":"0","ThreadID":"0"},"Keywords":"0x80000000000000","Level":"4","Opcode":"0","Provider":{"EventSourceName":"Software Protection Platform Service","Guid":"{E23B33B0-C8C9-472C-A5F9-F2BDFEA0F156}","Name":"Microsoft-Windows-Security-SPP"},"Security":"","Task":"0","TimeCreated":{"SystemTime":"2025-06-10T02:48:53.5735957Z"},"Version":"0","_event_id":"16384"}}},"routing":{"arch":2,"did":"","event_id":"c7a36436-1c1f-4b88-b988-64b61a7f437c","event_time":1749523733573,"event_type":"WEL","ext_ip":"34.171.104.183","hostname":"windows-server-2022-aac9c41d-e0a3-4e7e-88b8-33936ab93238-0.c.lc-demo-infra.internal.","iid":"09774cc8-cb43-4164-abd3-87230031c142","int_ip":"10.128.15.201","latency":10,"moduleid":2,"oid":"aac9c41d-e0a3-4e7e-88b8-33936ab93238","plat":268435456,"sid":"17b8710a-7337-4e64-9c18-2955e86f2d0d","tags":["fim","lc:stable","windows"],"this":"a91a74515497d742eb3d600468479d15"},"ts":"2025-06-10 02:48:53"}
{"event":{"ACTION":"modified","FILE_PATH":"C:\\Windows\\System32\\Tasks\\Microsoft\\Windows\\SoftwareProtectionPlatform\\SvcRestartTask","HASH":"f1cb40940e135269c7af41f8a81526dc2294440d0410324f2a975923a33f0051","PROCESS":{"BASE_ADDRESS":140699902017536,"COMMAND_LINE":"C:\\Windows\\system32\\svchost.exe -k netsvcs -p -s Schedule","CREATION_TIME":1747280143737,"FILE_IS_SIGNED":1,"FILE_PATH":"C:\\Windows\\system32\\svchost.exe","HASH":"d7f10571f58adbe122f615b869eb42b05286770148067cbf88054c38f1bca4c4","MEMORY_USAGE":15282176,"PARENT_ATOM":"b56d4120493c4260490c5b186825611e","PARENT_PROCESS_ID":628,"PROCESS_ID":1548,"THIS_ATOM":"987f808a35ffef1e8b6e535868256120","THREADS":16,"TIMESTAMP":1747280160413,"USER_NAME":"NT AUTHORITY\\SYSTEM"},"PROCESS_ID":1548},"routing":{"arch":2,"did":"","event_id":"9aee06d9-25bd-4d8f-8e96-978808b3c9e0","event_time":1749523733573,"event_type":"FIM_HIT","ext_ip":"34.171.104.183","hostname":"windows-server-2022-aac9c41d-e0a3-4e7e-88b8-33936ab93238-0.c.lc-demo-infra.internal.","iid":"09774cc8-cb43-4164-abd3-87230031c142","int_ip":"10.128.15.201","latency":768,"moduleid":2,"oid":"aac9c41d-e0a3-4e7e-88b8-33936ab93238","parent":"987f808a35ffef1e8b6e535868256120","plat":268435456,"sid":"17b8710a-7337-4e64-9c18-2955e86f2d0d","tags":["fim","lc:stable","windows"],"this":"f913ef3644b3e9d665f74e3668479d16"},"ts":"2025-06-10 02:48:53"}
{"event":{"EVENT":{"EventData":{"AuthenticationPackageName":"NTLM","FailureReason":"%%2313","IpAddress":"45.227.253.61","IpPort":"0","KeyLength":"0","LmPackageName":"-","LogonProcessName":"NtLmSsp","LogonType":"3","ProcessId":"0x0","ProcessName":"-","Status":"0xc000006d","SubStatus":"0xc0000064","SubjectDomainName":"-","SubjectLogonId":"0x0","SubjectUserName":"-","SubjectUserSid":"S-1-0-0","TargetDomainName":"WINDOWS-SERVER-2022-AAC9C41D-E0A3-4E7E-88B8-33936AB93238-0","TargetUserName":"Admin","TargetUserSid":"S-1-0-0","TransmittedServices":"-","WorkstationName":"WIN-56DH2BBHACU"},"System":{"Channel":"Security","Computer":"windows-server-2022-aac9c41d-e0a3-4e7e-88b8-33936ab93238-0","Correlation":{"ActivityID":"{55ae049b-37ef-0001-ee39-a76a4ac5db01}"},"EventID":"4625","EventRecordID":"4417925","Execution":{"ProcessID":"648","ThreadID":"8848"},"Keywords":"0x8010000000000000","Level":"0","Opcode":"0","Provider":{"Guid":"{54849625-5478-4994-a5ba-3e3b0328c30d}","Name":"Microsoft-Windows-Security-Auditing"},"Security":"","Task":"12544","TimeCreated":{"SystemTime":"2025-06-10T02:48:51.8145792Z"},"Version":"0","_event_id":"4625"}}},"routing":{"arch":2,"did":"","event_id":"63b2834f-ffca-4d71-aa0e-dbe5909b513c","event_time":1749523732822,"event_type":"WEL","ext_ip":"34.171.104.183","hostname":"windows-server-2022-aac9c41d-e0a3-4e7e-88b8-33936ab93238-0.c.lc-demo-infra.internal.","iid":"09774cc8-cb43-4164-abd3-87230031c142","int_ip":"10.128.15.201","latency":3,"moduleid":2,"oid":"aac9c41d-e0a3-4e7e-88b8-33936ab93238","plat":268435456,"sid":"17b8710a-7337-4e64-9c18-2955e86f2d0d","tags":["fim","lc:stable","windows"],"this":"9d715c48cffa4c07c981c17968479d14"},"ts":"2025-06-10 02:48:52"}
{"event":{"EVENT":{"EventData":{"AuthenticationPackageName":"NTLM","FailureReason":"%%2313","IpAddress":"45.227.253.61","IpPort":"0","KeyLength":"0","LmPackageName":"-","LogonProcessName":"NtLmSsp","LogonType":"3","ProcessId":"0x0","ProcessName":"-","Status":"0xc000006d","SubStatus":"0xc0000064","SubjectDomainName":"-","SubjectLogonId":"0x0","SubjectUserName":"-","SubjectUserSid":"S-1-0-0","TargetDomainName":"WINDOWS-SERVER-2022-AAC9C41D-E0A3-4E7E-88B8-33936AB93238-0","TargetUserName":"Admin","TargetUserSid":"S-1-0-0","TransmittedServices":"-","WorkstationName":"WIN-56DH2BBHACU"},"System":{"Channel":"Security","Computer":"windows-server-2022-aac9c41d-e0a3-4e7e-88b8-33936ab93238-0","Correlation":{"ActivityID":"{55ae049b-37ef-0001-ee39-a76a4ac5db01}"},"EventID":"4625","EventRecordID":"4417924","Execution":{"ProcessID":"648","ThreadID":"8848"},"Keywords":"0x8010000000000000","Level":"0","Opcode":"0","Provider":{"Guid":"{54849625-5478-4994-a5ba-3e3b0328c30d}","Name":"Microsoft-Windows-Security-Auditing"},"Security":"","Task":"12544","TimeCreated":{"SystemTime":"2025-06-10T02:48:50.0644656Z"},"Version":"0","_event_id":"4625"}}},"routing":{"arch":2,"did":"","event_id":"19379ec5-26b2-4100-9cb4-0110aa6a1b56","event_time":1749523731071,"event_type":"WEL","ext_ip":"34.171.104.183","hostname":"windows-server-2022-aac9c41d-e0a3-4e7e-88b8-33936ab93238-0.c.lc-demo-infra.internal.","iid":"09774cc8-cb43-4164-abd3-87230031c142","int_ip":"10.128.15.201","latency":10,"moduleid":2,"oid":"aac9c41d-e0a3-4e7e-88b8-33936ab93238","plat":268435456,"sid":"17b8710a-7337-4e64-9c18-2955e86f2d0d","tags":["fim","lc:stable","windows"],"this":"9b0822b5e2f62350d0b3ec7468479d13"},"ts":"2025-06-10 02:48:51"}
{"event":{"COMMAND_LINE":"C:\\Windows\\System32\\svchost.exe -k NetworkService -s TermService","CREATION_TIME":1734629976659,"FILE_IS_SIGNED":1,"FILE_PATH":"C:\\Windows\\System32\\svchost.exe","HASH":"add683a6910abbbf0e28b557fad0ba998166394932ae2aca069d9aa19ea8fe88","NETWORK_ACTIVITY":[{"DESTINATION":{"IP_ADDRESS":"10.128.15.200","PORT":3389},"IS_OUTGOING":0,"PROTOCOL":"tcp4","SOURCE":{"IP_ADDRESS":"162.19.88.104","PORT":51973},"TIMESTAMP":1749523712779},{"DESTINATION":{"IP_ADDRESS":"10.128.15.200","PORT":3389},"IS_OUTGOING":0,"PROTOCOL":"tcp4","SOURCE":{"IP_ADDRESS":"104.161.43.115","PORT":64783},"TIMESTAMP":1749523718660}],"PARENT_PROCESS_ID":624,"PROCESS_ID":724,"USER_NAME":"NT AUTHORITY\\NETWORK SERVICE"},"routing":{"arch":2,"did":"","event_id":"28b3393d-46c9-43f5-88f6-27576c526457","event_time":1749523730613,"event_type":"NETWORK_CONNECTIONS","ext_ip":"34.58.90.170","hostname":"desktop-c2a1841.c.lc-demo-infra.internal.","iid":"09774cc8-cb43-4164-abd3-87230031c142","int_ip":"10.128.15.200","latency":-30,"moduleid":2,"oid":"aac9c41d-e0a3-4e7e-88b8-33936ab93238","parent":"ebe07115d0a293acb22d4c106818de5e","plat":268435456,"sid":"c4ba6121-d13d-4871-82f8-4b5c5556761e","tags":["lc:testtag","windows"],"this":"c15f7a47ebd945d248e010c268479d12"},"ts":"2025-06-10 02:48:50"}
{"event":{"COMMAND_LINE":"C:\\Windows\\System32\\rundll32.exe","CREATION_TIME":1734629995072,"FILE_IS_SIGNED":1,"FILE_PATH":"C:\\Windows\\System32\\rundll32.exe","HASH":"b53f3c0cd32d7f20849850768da6431e5f876b7bfa61db0aa0700b02873393fa","NETWORK_ACTIVITY":[{"DESTINATION":{"IP_ADDRESS":"35.232.8.38","PORT":80},"IS_OUTGOING":1,"PROTOCOL":"tcp4","SOURCE":{"IP_ADDRESS":"10.128.15.200","PORT":63530},"TIMESTAMP":1749523703378},{"DESTINATION":{"IP_ADDRESS":"35.232.8.38","PORT":80},"IS_OUTGOING":1,"PROTOCOL":"tcp4","SOURCE":{"IP_ADDRESS":"10.128.15.200","PORT":63531},"TIMESTAMP":1749523707255}],"PARENT_PROCESS_ID":2844,"PROCESS_ID":2232,"USER_NAME":"NT AUTHORITY\\SYSTEM"},"routing":{"arch":2,"did":"","event_id":"222d6e33-7368-4532-b65e-bb02ed67598f","event_time":1749523730613,"event_type":"NETWORK_CONNECTIONS","ext_ip":"34.58.90.170","hostname":"desktop-c2a1841.c.lc-demo-infra.internal.","iid":"09774cc8-cb43-4164-abd3-87230031c142","int_ip":"10.128.15.200","latency":-28,"moduleid":2,"oid":"aac9c41d-e0a3-4e7e-88b8-33936ab93238","parent":"1f7d51435a96b7487a36ddd86818de60","plat":268435456,"sid":"c4ba6121-d13d-4871-82f8-4b5c5556761e","tags":["lc:testtag","windows"],"this":"6fd868b74316f5a720ed577168479d12"},"ts":"2025-06-10 02:48:50"}
{"event":{"EVENT":{"EventData":{"AuthenticationPackageName":"NTLM","FailureReason":"%%2313","IpAddress":"45.227.253.61","IpPort":"0","KeyLength":"0","LmPackageName":"-","LogonProcessName":"NtLmSsp","LogonType":"3","ProcessId":"0x0","ProcessName":"-","Status":"0xc000006d","SubStatus":"0xc0000064","SubjectDomainName":"-","SubjectLogonId":"0x0","SubjectUserName":"-","SubjectUserSid":"S-1-0-0","TargetDomainName":"WINDOWS-SERVER-2022-AAC9C41D-E0A3-4E7E-88B8-33936AB93238-0","TargetUserName":"Admin","TargetUserSid":"S-1-0-0","TransmittedServices":"-","WorkstationName":"WIN-56DH2BBHACU"},"System":{"Channel":"Security","Computer":"windows-server-2022-aac9c41d-e0a3-4e7e-88b8-33936ab93238-0","Correlation":{"ActivityID":"{55ae049b-37ef-0001-ee39-a76a4ac5db01}"},"EventID":"4625","EventRecordID":"4417922","Execution":{"ProcessID":"648","ThreadID":"8848"},"Keywords":"0x8010000000000000","Level":"0","Opcode":"0","Provider":{"Guid":"{54849625-5478-4994-a5ba-3e3b0328c30d}","Name":"Microsoft-Windows-Security-Auditing"},"Security":"","Task":"12544","TimeCreated":{"SystemTime":"2025-06-10T02:48:48.3160051Z"},"Version":"0","_event_id":"4625"}}},"routing":{"arch":2,"did":"","event_id":"16710a87-f952-4978-abf1-1f97d2508a4f","event_time":1749523729320,"event_type":"WEL","ext_ip":"34.171.104.183","hostname":"windows-server-2022-aac9c41d-e0a3-4e7e-88b8-33936ab93238-0.c.lc-demo-infra.internal.","iid":"09774cc8-cb43-4164-abd3-87230031c142","int_ip":"10.128.15.201","latency":3,"moduleid":2,"oid":"aac9c41d-e0a3-4e7e-88b8-33936ab93238","plat":268435456,"sid":"17b8710a-7337-4e64-9c18-2955e86f2d0d","tags":["fim","lc:stable","windows"],"this":"66bd66a2baa3f62c97aada9b68479d11"},"ts":"2025-06-10 02:48:49"}
{"event":{"EVENT":{"EventData":{"AuthenticationPackageName":"NTLM","FailureReason":"%%2313","IpAddress":"102.88.21.217","IpPort":"0","KeyLength":"0","LmPackageName":"-","LogonProcessName":"NtLmSsp","LogonType":"3","ProcessId":"0x0","ProcessName":"-","Status":"0xc000006d","SubStatus":"0xc0000064","SubjectDomainName":"-","SubjectLogonId":"0x0","SubjectUserName":"-","SubjectUserSid":"S-1-0-0","TargetDomainName":"-","TargetUserName":"USER","TargetUserSid":"S-1-0-0","TransmittedServices":"-","WorkstationName":"-"},"System":{"Channel":"Security","Computer":"windows-server-2022-aac9c41d-e0a3-4e7e-88b8-33936ab93238-0","Correlation":{"ActivityID":"{55ae049b-37ef-0001-ee39-a76a4ac5db01}"},"EventID":"4625","EventRecordID":"4417923","Execution":{"ProcessID":"648","ThreadID":"8848"},"Keywords":"0x8010000000000000","Level":"0","Opcode":"0","Provider":{"Guid":"{54849625-5478-4994-a5ba-3e3b0328c30d}","Name":"Microsoft-Windows-Security-Auditing"},"Security":"","Task":"12544","TimeCreated":{"SystemTime":"2025-06-10T02:48:48.4090073Z"},"Version":"0","_event_id":"4625"}}},"routing":{"arch":2,"did":"","event_id":"7eb9ba45-f0e9-4178-b675-9bfa819973e3","event_time":1749523729320,"event_type":"WEL","ext_ip":"34.171.104.183","hostname":"windows-server-2022-aac9c41d-e0a3-4e7e-88b8-33936ab93238-0.c.lc-demo-infra.internal.","iid":"09774cc8-cb43-4164-abd3-87230031c142","int_ip":"10.128.15.201","latency":4,"moduleid":2,"oid":"aac9c41d-e0a3-4e7e-88b8-33936ab93238","plat":268435456,"sid":"17b8710a-7337-4e64-9c18-2955e86f2d0d","tags":["fim","lc:stable","windows"],"this":"d00bbc0de2c756f955623ef568479d11"},"ts":"2025-06-10 02:48:49"}
{"event":{"EVENT":{"EventData":{"AuthenticationPackageName":"NTLM","FailureReason":"%%2313","IpAddress":"45.227.253.61","IpPort":"0","KeyLength":"0","LmPackageName":"-","LogonProcessName":"NtLmSsp","LogonType":"3","ProcessId":"0x0","ProcessName":"-","Status":"0xc000006d","SubStatus":"0xc0000064","SubjectDomainName":"-","SubjectLogonId":"0x0","SubjectUserName":"-","SubjectUserSid":"S-1-0-0","TargetDomainName":"WINDOWS-SERVER-2022-AAC9C41D-E0A3-4E7E-88B8-33936AB93238-0","TargetUserName":"Admin","TargetUserSid":"S-1-0-0","TransmittedServices":"-","WorkstationName":"WIN-56DH2BBHACU"},"System":{"Channel":"Security","Computer":"windows-server-2022-aac9c41d-e0a3-4e7e-88b8-33936ab93238-0","Correlation":{"ActivityID":"{55ae049b-37ef-0001-ee39-a76a4ac5db01}"},"EventID":"4625","EventRecordID":"4417921","Execution":{"ProcessID":"648","ThreadID":"8848"},"Keywords":"0x8010000000000000","Level":"0","Opcode":"0","Provider":{"Guid":"{54849625-5478-4994-a5ba-3e3b0328c30d}","Name":"Microsoft-Windows-Security-Auditing"},"Security":"","Task":"12544","TimeCreated":{"SystemTime":"2025-06-10T02:48:46.4648586Z"},"Version":"0","_event_id":"4625"}}},"routing":{"arch":2,"did":"","event_id":"ff8a7c68-0856-4de3-abe6-6c146dec86c0","event_time":1749523727460,"event_type":"WEL","ext_ip":"34.171.104.183","hostname":"windows-server-2022-aac9c41d-e0a3-4e7e-88b8-33936ab93238-0.c.lc-demo-infra.internal.","iid":"09774cc8-cb43-4164-abd3-87230031c142","int_ip":"10.128.15.201","latency":2,"moduleid":2,"oid":"aac9c41d-e0a3-4e7e-88b8-33936ab93238","plat":268435456,"sid":"17b8710a-7337-4e64-9c18-2955e86f2d0d","tags":["fim","lc:stable","windows"],"this":"8ef1532544769bb45fa051d568479d0f"},"ts":"2025-06-10 02:48:47"}
{"event":{"ACTION":"modified","FILE_PATH":"C:\\Windows\\System32\\winevt\\Logs\\System.evtx","HASH":"04060bcfdb48eff70922d5215048717bf9c7fc61d98e5b2e1455e7b0c9224ee7","PROCESS":{"BASE_ADDRESS":140699902017536,"COMMAND_LINE":"C:\\Windows\\System32\\svchost.exe -k LocalServiceNetworkRestricted -p -s EventLog","CREATION_TIME":1747280143315,"FILE_IS_SIGNED":1,"FILE_PATH":"C:\\Windows\\System32\\svchost.exe","HASH":"d7f10571f58adbe122f615b869eb42b05286770148067cbf88054c38f1bca4c4","MEMORY_USAGE":18825216,"PARENT_ATOM":"b56d4120493c4260490c5b186825611e","PARENT_PROCESS_ID":628,"PROCESS_ID":1164,"THIS_ATOM":"0abde42b2fc3298428bbe14d68256120","THREADS":11,"TIMESTAMP":1747280160351,"USER_NAME":"NT AUTHORITY\\LOCAL SERVICE"},"PROCESS_ID":1164},"routing":{"arch":2,"did":"","event_id":"73bf1206-414f-4684-ba4b-b83b07210122","event_time":1749523727335,"event_type":"FIM_HIT","ext_ip":"34.171.104.183","hostname":"windows-server-2022-aac9c41d-e0a3-4e7e-88b8-33936ab93238-0.c.lc-demo-infra.internal.","iid":"09774cc8-cb43-4164-abd3-87230031c142","int_ip":"10.128.15.201","latency":963,"moduleid":2,"oid":"aac9c41d-e0a3-4e7e-88b8-33936ab93238","parent":"0abde42b2fc3298428bbe14d68256120","plat":268435456,"sid":"17b8710a-7337-4e64-9c18-2955e86f2d0d","tags":["fim","lc:stable","windows"],"this":"154c556972a087c483f6674768479d10"},"ts":"2025-06-10 02:48:47"}
{"event":{"ACTION":"modified","FILE_PATH":"C:\\Windows\\System32\\winevt\\Logs\\Security.evtx","HASH":"ab5e3e6668602a07e533211a52b9c8f76ab26feae4e3048a5c0ce14c75833776","PROCESS":{"BASE_ADDRESS":140699902017536,"COMMAND_LINE":"C:\\Windows\\System32\\svchost.exe -k LocalServiceNetworkRestricted -p -s EventLog","CREATION_TIME":1747280143315,"FILE_IS_SIGNED":1,"FILE_PATH":"C:\\Windows\\System32\\svchost.exe","HASH":"d7f10571f58adbe122f615b869eb42b05286770148067cbf88054c38f1bca4c4","MEMORY_USAGE":18825216,"PARENT_ATOM":"b56d4120493c4260490c5b186825611e","PARENT_PROCESS_ID":628,"PROCESS_ID":1164,"THIS_ATOM":"0abde42b2fc3298428bbe14d68256120","THREADS":11,"TIMESTAMP":1747280160351,"USER_NAME":"NT AUTHORITY\\LOCAL SERVICE"},"PROCESS_ID":1164},"routing":{"arch":2,"did":"","event_id":"44cfdc0a-7865-4f27-b4ba-3fdf7986aaef","event_time":1749523726584,"event_type":"FIM_HIT","ext_ip":"34.171.104.183","hostname":"windows-server-2022-aac9c41d-e0a3-4e7e-88b8-33936ab93238-0.c.lc-demo-infra.internal.","iid":"09774cc8-cb43-4164-abd3-87230031c142","int_ip":"10.128.15.201","latency":414,"moduleid":2,"oid":"aac9c41d-e0a3-4e7e-88b8-33936ab93238","parent":"0abde42b2fc3298428bbe14d68256120","plat":268435456,"sid":"17b8710a-7337-4e64-9c18-2955e86f2d0d","tags":["fim","lc:stable","windows"],"this":"0f60ec93bcae66a216861c2d68479d0e"},"ts":"2025-06-10 02:48:46"}
{"event":{"ACTION":"modified","FILE_PATH":"C:\\Windows\\System32\\winevt\\Logs\\Application.evtx","HASH":"dd9bcbb205feb1a52d6df274fa96d793e12731ed76088942d7f0bb829b748a5c","PROCESS":{"BASE_ADDRESS":140699902017536,"COMMAND_LINE":"C:\\Windows\\System32\\svchost.exe -k LocalServiceNetworkRestricted -p -s EventLog","CREATION_TIME":1747280143315,"FILE_IS_SIGNED":1,"FILE_PATH":"C:\\Windows\\System32\\svchost.exe","HASH":"d7f10571f58adbe122f615b869eb42b05286770148067cbf88054c38f1bca4c4","MEMORY_USAGE":18825216,"PARENT_ATOM":"b56d4120493c4260490c5b186825611e","PARENT_PROCESS_ID":628,"PROCESS_ID":1164,"THIS_ATOM":"0abde42b2fc3298428bbe14d68256120","THREADS":11,"TIMESTAMP":1747280160351,"USER_NAME":"NT AUTHORITY\\LOCAL SERVICE"},"PROCESS_ID":1164},"routing":{"arch":2,"did":"","event_id":"2bacd97c-df37-47cf-9796-9be3c520764b","event_time":1749523726788,"event_type":"FIM_HIT","ext_ip":"34.171.104.183","hostname":"windows-server-2022-aac9c41d-e0a3-4e7e-88b8-33936ab93238-0.c.lc-demo-infra.internal.","iid":"09774cc8-cb43-4164-abd3-87230031c142","int_ip":"10.128.15.201","latency":353,"moduleid":2,"oid":"aac9c41d-e0a3-4e7e-88b8-33936ab93238","parent":"0abde42b2fc3298428bbe14d68256120","plat":268435456,"sid":"17b8710a-7337-4e64-9c18-2955e86f2d0d","tags":["fim","lc:stable","windows"],"this":"92c566d503f59d4cae0351f568479d0f"},"ts":"2025-06-10 02:48:46"}
