{"event":{"PROCESS_ID":648,"REGISTRY_KEY":"\\REGISTRY\\MACHINE\\SAM\\SAM\\Domains\\Account\\Users\\000003E9\\F","REGISTRY_VALUE":"AwABAAAAAABJcLS4NJnaAQ==","SIZE":3,"TYPE":3},"routing":{"arch":2,"did":"","event_id":"20a0eeb2-be10-4ada-958f-1fdabae9caa1","event_time":1749602928887,"event_type":"REGISTRY_WRITE","ext_ip":"34.58.90.170","hostname":"desktop-c2a1841.c.lc-demo-infra.internal.","iid":"09774cc8-cb43-4164-abd3-87230031c142","int_ip":"10.128.15.200","latency":695,"moduleid":2,"oid":"aac9c41d-e0a3-4e7e-88b8-33936ab93238","parent":"8ced3bfcbf30b0dc5810c9e36818de5e","plat":268435456,"sid":"c4ba6121-d13d-4871-82f8-4b5c5556761e","tags":["lc:testtag","windows"],"this":"985fecc60fc059119dbe4e996848d271"},"ts":"2025-06-11 00:48:48"}
{"event":{"EVENT":{"EventData":{"AuthenticationPackageName":"NTLM","FailureReason":"%%2313","IpAddress":"58.97.5.203","IpPort":"0","KeyLength":"0","LmPackageName":"-","LogonProcessName":"NtLmSsp","LogonType":"3","ProcessId":"0x0","ProcessName":"-","Status":"0xc000006d","SubStatus":"0xc000006a","SubjectDomainName":"-","SubjectLogonId":"0x0","SubjectUserName":"-","SubjectUserSid":"S-1-0-0","TargetDomainName":"","TargetUserName":"ADMIN","TargetUserSid":"S-1-0-0","TransmittedServices":"-","WorkstationName":"-"},"System":{"Channel":"Security","Computer":"DESKTOP-C2A1841","Correlation":{"ActivityID":"{352b8892-aa45-0001-ddca-25f63c52db01}"},"EventID":"4625","EventRecordID":"4695570","Execution":{"ProcessID":"648","ThreadID":"4000"},"Keywords":"0x8010000000000000","Level":"0","Opcode":"0","Provider":{"Guid":"{54849625-5478-4994-a5ba-3e3b0328c30d}","Name":"Microsoft-Windows-Security-Auditing"},"Security":"","Task":"12544","TimeCreated":{"SystemTime":"2025-06-11T00:48:45.1022827Z"},"Version":"0","_event_id":"4625"}}},"routing":{"arch":2,"did":"","event_id":"09dcdcfb-c033-4a78-b1c2-d23c88182eb2","event_time":1749602927105,"event_type":"WEL","ext_ip":"34.58.90.170","hostname":"desktop-c2a1841.c.lc-demo-infra.internal.","iid":"09774cc8-cb43-4164-abd3-87230031c142","int_ip":"10.128.15.200","latency":-28,"moduleid":2,"oid":"aac9c41d-e0a3-4e7e-88b8-33936ab93238","plat":268435456,"sid":"c4ba6121-d13d-4871-82f8-4b5c5556761e","tags":["lc:testtag","windows"],"this":"723ac26943f3745ddb40420e6848d26f"},"ts":"2025-06-11 00:48:47"}
{"event":{"PROCESS_ID":648,"REGISTRY_KEY":"\\REGISTRY\\MACHINE\\SAM\\SAM\\Domains\\Account\\Users\\000001F4\\F","REGISTRY_VALUE":"AwABAAAAAAAAAAAAAAAAAA==","SIZE":3,"TYPE":3},"routing":{"arch":2,"did":"","event_id":"5a1ad730-9c51-4df9-9ea6-d918fb70e9d7","event_time":1749602927542,"event_type":"REGISTRY_WRITE","ext_ip":"34.58.90.170","hostname":"desktop-c2a1841.c.lc-demo-infra.internal.","iid":"09774cc8-cb43-4164-abd3-87230031c142","int_ip":"10.128.15.200","latency":18,"moduleid":2,"oid":"aac9c41d-e0a3-4e7e-88b8-33936ab93238","parent":"8ced3bfcbf30b0dc5810c9e36818de5e","plat":268435456,"sid":"c4ba6121-d13d-4871-82f8-4b5c5556761e","tags":["lc:testtag","windows"],"this":"8be8779144ed8077b9be03a86848d26f"},"ts":"2025-06-11 00:48:47"}
{"event":{"FILE_PATH":"C:\\ProgramData\\limacharlie\\hcp_hbs_status.json","PROCESS_ID":3216},"routing":{"arch":2,"did":"","event_id":"3931ef14-7c25-49a9-b717-31bf25449c02","event_time":1749602927573,"event_type":"FILE_MODIFIED","ext_ip":"34.58.90.170","hostname":"desktop-c2a1841.c.lc-demo-infra.internal.","iid":"09774cc8-cb43-4164-abd3-87230031c142","int_ip":"10.128.15.200","latency":720,"moduleid":2,"oid":"aac9c41d-e0a3-4e7e-88b8-33936ab93238","parent":"c3af4f132829cd072763d0706818de61","plat":268435456,"sid":"c4ba6121-d13d-4871-82f8-4b5c5556761e","tags":["lc:testtag","windows"],"this":"ddc983331967ece3df919f6c6848d270"},"ts":"2025-06-11 00:48:47"}
{"event":{"PROCESS_ID":648,"REGISTRY_KEY":"\\REGISTRY\\MACHINE\\SAM\\SAM\\Domains\\Account\\Users\\000003E9\\F","REGISTRY_VALUE":"AwABAAAAAABJcLS4NJnaAQ==","SIZE":3,"TYPE":3},"routing":{"arch":2,"did":"","event_id":"2273befb-9dec-45e9-aa09-d6f740f8529f","event_time":1749602926089,"event_type":"REGISTRY_WRITE","ext_ip":"34.58.90.170","hostname":"desktop-c2a1841.c.lc-demo-infra.internal.","iid":"09774cc8-cb43-4164-abd3-87230031c142","int_ip":"10.128.15.200","latency":455,"moduleid":2,"oid":"aac9c41d-e0a3-4e7e-88b8-33936ab93238","parent":"8ced3bfcbf30b0dc5810c9e36818de5e","plat":268435456,"sid":"c4ba6121-d13d-4871-82f8-4b5c5556761e","tags":["lc:testtag","windows"],"this":"f255407f74b6641718ab83556848d26e"},"ts":"2025-06-11 00:48:46"}
{"event":{"EVENT":{"EventData":{"AuthenticationPackageName":"NTLM","FailureReason":"%%2313","IpAddress":"1.189.78.134","IpPort":"0","KeyLength":"0","LmPackageName":"-","LogonProcessName":"NtLmSsp","LogonType":"3","ProcessId":"0x0","ProcessName":"-","Status":"0xc000006d","SubStatus":"0xc0000064","SubjectDomainName":"-","SubjectLogonId":"0x0","SubjectUserName":"-","SubjectUserSid":"S-1-0-0","TargetDomainName":"-","TargetUserName":"robert","TargetUserSid":"S-1-0-0","TransmittedServices":"-","WorkstationName":"workstation"},"System":{"Channel":"Security","Computer":"windows-server-2022-aac9c41d-e0a3-4e7e-88b8-33936ab93238-0","Correlation":{"ActivityID":"{55ae049b-37ef-0001-ee39-a76a4ac5db01}"},"EventID":"4625","EventRecordID":"4431833","Execution":{"ProcessID":"648","ThreadID":"7824"},"Keywords":"0x8010000000000000","Level":"0","Opcode":"0","Provider":{"Guid":"{54849625-5478-4994-a5ba-3e3b0328c30d}","Name":"Microsoft-Windows-Security-Auditing"},"Security":"","Task":"12544","TimeCreated":{"SystemTime":"2025-06-11T00:48:44.8171915Z"},"Version":"0","_event_id":"4625"}}},"routing":{"arch":2,"did":"","event_id":"93b9ee82-1c69-4dd2-a823-fe321cf05216","event_time":1749602925828,"event_type":"WEL","ext_ip":"34.171.104.183","hostname":"windows-server-2022-aac9c41d-e0a3-4e7e-88b8-33936ab93238-0.c.lc-demo-infra.internal.","iid":"09774cc8-cb43-4164-abd3-87230031c142","int_ip":"10.128.15.201","latency":5,"moduleid":2,"oid":"aac9c41d-e0a3-4e7e-88b8-33936ab93238","plat":268435456,"sid":"17b8710a-7337-4e64-9c18-2955e86f2d0d","tags":["fim","lc:stable","windows"],"this":"01bbdd7fbb6c46be0228e7e96848d26d"},"ts":"2025-06-11 00:48:45"}
{"event":{"EVENT":{"EventData":{"AuthenticationPackageName":"NTLM","FailureReason":"%%2313","IpAddress":"162.19.88.104","IpPort":"0","KeyLength":"0","LmPackageName":"-","LogonProcessName":"NtLmSsp","LogonType":"3","ProcessId":"0x0","ProcessName":"-","Status":"0xc000006d","SubStatus":"0xc000006a","SubjectDomainName":"-","SubjectLogonId":"0x0","SubjectUserName":"-","SubjectUserSid":"S-1-0-0","TargetDomainName":"","TargetUserName":"ADMINISTRATOR","TargetUserSid":"S-1-0-0","TransmittedServices":"-","WorkstationName":"-"},"System":{"Channel":"Security","Computer":"DESKTOP-C2A1841","Correlation":{"ActivityID":"{352b8892-aa45-0001-ddca-25f63c52db01}"},"EventID":"4625","EventRecordID":"4695569","Execution":{"ProcessID":"648","ThreadID":"4000"},"Keywords":"0x8010000000000000","Level":"0","Opcode":"0","Provider":{"Guid":"{54849625-5478-4994-a5ba-3e3b0328c30d}","Name":"Microsoft-Windows-Security-Auditing"},"Security":"","Task":"12544","TimeCreated":{"SystemTime":"2025-06-11T00:48:42.1203301Z"},"Version":"0","_event_id":"4625"}}},"routing":{"arch":2,"did":"","event_id":"47baacb6-ebb2-4ad0-8cc6-1a0daf0cdf8b","event_time":1749602924125,"event_type":"WEL","ext_ip":"34.58.90.170","hostname":"desktop-c2a1841.c.lc-demo-infra.internal.","iid":"09774cc8-cb43-4164-abd3-87230031c142","int_ip":"10.128.15.200","latency":-29,"moduleid":2,"oid":"aac9c41d-e0a3-4e7e-88b8-33936ab93238","plat":268435456,"sid":"c4ba6121-d13d-4871-82f8-4b5c5556761e","tags":["lc:testtag","windows"],"this":"eaa9c54583c2f88ed3eed7896848d26c"},"ts":"2025-06-11 00:48:44"}
{"event":{"PROCESS_ID":648,"REGISTRY_KEY":"\\REGISTRY\\MACHINE\\SAM\\SAM\\Domains\\Account\\Users\\000001F4\\F","REGISTRY_VALUE":"AwABAAAAAAAAAAAAAAAAAA==","SIZE":3,"TYPE":3},"routing":{"arch":2,"did":"","event_id":"fa38aa58-06af-464f-8cf6-b767beabc4fd","event_time":1749602923109,"event_type":"REGISTRY_WRITE","ext_ip":"34.58.90.170","hostname":"desktop-c2a1841.c.lc-demo-infra.internal.","iid":"09774cc8-cb43-4164-abd3-87230031c142","int_ip":"10.128.15.200","latency":408,"moduleid":2,"oid":"aac9c41d-e0a3-4e7e-88b8-33936ab93238","parent":"8ced3bfcbf30b0dc5810c9e36818de5e","plat":268435456,"sid":"c4ba6121-d13d-4871-82f8-4b5c5556761e","tags":["lc:testtag","windows"],"this":"b6607da1e05c3886278d6b266848d26b"},"ts":"2025-06-11 00:48:43"}
{"event":{"COMMAND_LINE":"C:\\Windows\\System32\\svchost.exe -k NetworkService -s TermService","CREATION_TIME":1734629976659,"FILE_IS_SIGNED":1,"FILE_PATH":"C:\\Windows\\System32\\svchost.exe","HASH":"add683a6910abbbf0e28b557fad0ba998166394932ae2aca069d9aa19ea8fe88","NETWORK_ACTIVITY":[{"DESTINATION":{"IP_ADDRESS":"10.128.15.200","PORT":3389},"IS_OUTGOING":0,"PROTOCOL":"tcp4","SOURCE":{"IP_ADDRESS":"85.10.147.82","PORT":60682},"TIMESTAMP":1749602896663},{"DESTINATION":{"IP_ADDRESS":"10.128.15.200","PORT":3389},"IS_OUTGOING":0,"PROTOCOL":"tcp4","SOURCE":{"IP_ADDRESS":"5.39.19.186","PORT":51126},"TIMESTAMP":1749602904552},{"DESTINATION":{"IP_ADDRESS":"10.128.15.200","PORT":3389},"IS_OUTGOING":0,"PROTOCOL":"tcp4","SOURCE":{"IP_ADDRESS":"141.147.135.155","PORT":59984},"TIMESTAMP":1749602907853},{"DESTINATION":{"IP_ADDRESS":"10.128.15.200","PORT":3389},"IS_OUTGOING":0,"PROTOCOL":"tcp4","SOURCE":{"IP_ADDRESS":"209.126.1.171","PORT":51763},"TIMESTAMP":1749602914731},{"DESTINATION":{"IP_ADDRESS":"10.128.15.200","PORT":3389},"IS_OUTGOING":0,"PROTOCOL":"tcp4","SOURCE":{"IP_ADDRESS":"141.147.135.155","PORT":60252},"TIMESTAMP":1749602916627}],"PARENT_PROCESS_ID":624,"PROCESS_ID":724,"USER_NAME":"NT AUTHORITY\\NETWORK SERVICE"},"routing":{"arch":2,"did":"","event_id":"5043e4ab-aaf8-4b04-8cee-f48ebfd0099a","event_time":1749602919005,"event_type":"NETWORK_CONNECTIONS","ext_ip":"34.58.90.170","hostname":"desktop-c2a1841.c.lc-demo-infra.internal.","iid":"09774cc8-cb43-4164-abd3-87230031c142","int_ip":"10.128.15.200","latency":-30,"moduleid":2,"oid":"aac9c41d-e0a3-4e7e-88b8-33936ab93238","parent":"ebe07115d0a293acb22d4c106818de5e","plat":268435456,"sid":"c4ba6121-d13d-4871-82f8-4b5c5556761e","tags":["lc:testtag","windows"],"this":"198eb8a3cbfb557d75ad9a2c6848d267"},"ts":"2025-06-11 00:48:39"}
{"event":{"COMMAND_LINE":"C:\\Windows\\System32\\rundll32.exe","CREATION_TIME":1734629995072,"FILE_IS_SIGNED":1,"FILE_PATH":"C:\\Windows\\System32\\rundll32.exe","HASH":"b53f3c0cd32d7f20849850768da6431e5f876b7bfa61db0aa0700b02873393fa","NETWORK_ACTIVITY":[{"DESTINATION":{"IP_ADDRESS":"35.232.8.38","PORT":80},"IS_OUTGOING":1,"PROTOCOL":"tcp4","SOURCE":{"IP_ADDRESS":"10.128.15.200","PORT":65027},"TIMESTAMP":1749602897226},{"DESTINATION":{"IP_ADDRESS":"35.232.8.38","PORT":80},"IS_OUTGOING":1,"PROTOCOL":"tcp4","SOURCE":{"IP_ADDRESS":"10.128.15.200","PORT":65028},"TIMESTAMP":1749602901364}],"PARENT_PROCESS_ID":2844,"PROCESS_ID":2232,"USER_NAME":"NT AUTHORITY\\SYSTEM"},"routing":{"arch":2,"did":"","event_id":"f5f528cf-8ce0-4960-bbda-5c824c89ed43","event_time":1749602919005,"event_type":"NETWORK_CONNECTIONS","ext_ip":"34.58.90.170","hostname":"desktop-c2a1841.c.lc-demo-infra.internal.","iid":"09774cc8-cb43-4164-abd3-87230031c142","int_ip":"10.128.15.200","latency":-29,"moduleid":2,"oid":"aac9c41d-e0a3-4e7e-88b8-33936ab93238","parent":"1f7d51435a96b7487a36ddd86818de60","plat":268435456,"sid":"c4ba6121-d13d-4871-82f8-4b5c5556761e","tags":["lc:testtag","windows"],"this":"e72ecb51e884b844c15bc46e6848d267"},"ts":"2025-06-11 00:48:39"}
{"event":{"EVENT":{"EventData":{"AuthenticationPackageName":"NTLM","FailureReason":"%%2313","IpAddress":"141.147.135.155","IpPort":"0","KeyLength":"0","LmPackageName":"-","LogonProcessName":"NtLmSsp","LogonType":"3","ProcessId":"0x0","ProcessName":"-","Status":"0xc000006d","SubStatus":"0xc000006a","SubjectDomainName":"-","SubjectLogonId":"0x0","SubjectUserName":"-","SubjectUserSid":"S-1-0-0","TargetDomainName":"domain","TargetUserName":"Administrator","TargetUserSid":"S-1-0-0","TransmittedServices":"-","WorkstationName":"-"},"System":{"Channel":"Security","Computer":"DESKTOP-C2A1841","Correlation":{"ActivityID":"{352b8892-aa45-0001-ddca-25f63c52db01}"},"EventID":"4625","EventRecordID":"4695568","Execution":{"ProcessID":"648","ThreadID":"4000"},"Keywords":"0x8010000000000000","Level":"0","Opcode":"0","Provider":{"Guid":"{54849625-5478-4994-a5ba-3e3b0328c30d}","Name":"Microsoft-Windows-Security-Auditing"},"Security":"","Task":"12544","TimeCreated":{"SystemTime":"2025-06-11T00:48:36.5975041Z"},"Version":"0","_event_id":"4625"}}},"routing":{"arch":2,"did":"","event_id":"9e1e7fd5-c5ae-40a0-8465-d4b524132b49","event_time":1749602918611,"event_type":"WEL","ext_ip":"34.58.90.170","hostname":"desktop-c2a1841.c.lc-demo-infra.internal.","iid":"09774cc8-cb43-4164-abd3-87230031c142","int_ip":"10.128.15.200","latency":-29,"moduleid":2,"oid":"aac9c41d-e0a3-4e7e-88b8-33936ab93238","plat":268435456,"sid":"c4ba6121-d13d-4871-82f8-4b5c5556761e","tags":["lc:testtag","windows"],"this":"9ba438128542a7f11276315d6848d266"},"ts":"2025-06-11 00:48:38"}
{"event":{"PROCESS_ID":648,"REGISTRY_KEY":"\\REGISTRY\\MACHINE\\SAM\\SAM\\Domains\\Account\\Users\\000001F4\\F","REGISTRY_VALUE":"AwABAAAAAAAAAAAAAAAAAA==","SIZE":3,"TYPE":3},"routing":{"arch":2,"did":"","event_id":"19d80b25-e1ba-4481-a661-cd42ab65cf6e","event_time":1749602917596,"event_type":"REGISTRY_WRITE","ext_ip":"34.58.90.170","hostname":"desktop-c2a1841.c.lc-demo-infra.internal.","iid":"09774cc8-cb43-4164-abd3-87230031c142","int_ip":"10.128.15.200","latency":861,"moduleid":2,"oid":"aac9c41d-e0a3-4e7e-88b8-33936ab93238","parent":"8ced3bfcbf30b0dc5810c9e36818de5e","plat":268435456,"sid":"c4ba6121-d13d-4871-82f8-4b5c5556761e","tags":["lc:testtag","windows"],"this":"0f1a3e01a290ad6a62c747d56848d266"},"ts":"2025-06-11 00:48:37"}
{"event":{"FILE_PATH":"C:\\Windows\\System32\\winevt\\Logs\\Security.evtx","PROCESS_ID":1124},"routing":{"arch":2,"did":"","event_id":"63e49046-e38f-4aef-832e-8134bee88f14","event_time":1749602915170,"event_type":"FILE_MODIFIED","ext_ip":"34.58.90.170","hostname":"desktop-c2a1841.c.lc-demo-infra.internal.","iid":"09774cc8-cb43-4164-abd3-87230031c142","int_ip":"10.128.15.200","latency":0,"moduleid":2,"oid":"aac9c41d-e0a3-4e7e-88b8-33936ab93238","parent":"61bdeee1e8f3f3b6abfc4e6b6818de5e","plat":268435456,"sid":"c4ba6121-d13d-4871-82f8-4b5c5556761e","tags":["lc:testtag","windows"],"this":"e1118a4ccaef8c37c44281486848d263"},"ts":"2025-06-11 00:48:35"}
{"event":{"EVENT":{"EventData":{"AuthenticationPackageName":"NTLM","FailureReason":"%%2313","IpAddress":"209.126.1.171","IpPort":"0","KeyLength":"0","LmPackageName":"-","LogonProcessName":"NtLmSsp","LogonType":"3","ProcessId":"0x0","ProcessName":"-","Status":"0xc000006d","SubStatus":"0xc000006a","SubjectDomainName":"-","SubjectLogonId":"0x0","SubjectUserName":"-","SubjectUserSid":"S-1-0-0","TargetDomainName":"","TargetUserName":"Administrator","TargetUserSid":"S-1-0-0","TransmittedServices":"-","WorkstationName":"workstation"},"System":{"Channel":"Security","Computer":"DESKTOP-C2A1841","Correlation":{"ActivityID":"{352b8892-aa45-0001-ddca-25f63c52db01}"},"EventID":"4625","EventRecordID":"4695567","Execution":{"ProcessID":"648","ThreadID":"4000"},"Keywords":"0x8010000000000000","Level":"0","Opcode":"0","Provider":{"Guid":"{54849625-5478-4994-a5ba-3e3b0328c30d}","Name":"Microsoft-Windows-Security-Auditing"},"Security":"","Task":"12544","TimeCreated":{"SystemTime":"2025-06-11T00:48:33.9000098Z"},"Version":"0","_event_id":"4625"}}},"routing":{"arch":2,"did":"","event_id":"a095cd87-4e49-4600-9e70-5ad246c5bee1","event_time":1749602915893,"event_type":"WEL","ext_ip":"34.58.90.170","hostname":"desktop-c2a1841.c.lc-demo-infra.internal.","iid":"09774cc8-cb43-4164-abd3-87230031c142","int_ip":"10.128.15.200","latency":-29,"moduleid":2,"oid":"aac9c41d-e0a3-4e7e-88b8-33936ab93238","plat":268435456,"sid":"c4ba6121-d13d-4871-82f8-4b5c5556761e","tags":["lc:testtag","windows"],"this":"133d086239e63f1a662556686848d263"},"ts":"2025-06-11 00:48:35"}
{"event":{"PROCESS_ID":648,"REGISTRY_KEY":"\\REGISTRY\\MACHINE\\SAM\\SAM\\Domains\\Account\\Users\\000001F4\\F","REGISTRY_VALUE":"AwABAAAAAAAAAAAAAAAAAA==","SIZE":3,"TYPE":3},"routing":{"arch":2,"did":"","event_id":"506348e6-1d3c-43e2-a79b-ff2e52a0955d","event_time":1749602914887,"event_type":"REGISTRY_WRITE","ext_ip":"34.58.90.170","hostname":"desktop-c2a1841.c.lc-demo-infra.internal.","iid":"09774cc8-cb43-4164-abd3-87230031c142","int_ip":"10.128.15.200","latency":523,"moduleid":2,"oid":"aac9c41d-e0a3-4e7e-88b8-33936ab93238","parent":"8ced3bfcbf30b0dc5810c9e36818de5e","plat":268435456,"sid":"c4ba6121-d13d-4871-82f8-4b5c5556761e","tags":["lc:testtag","windows"],"this":"8d09f444754149cd55f8581f6848d263"},"ts":"2025-06-11 00:48:34"}
{"event":{"ACTION":"modified","FILE_PATH":"C:\\Windows\\System32\\winevt\\Logs\\Security.evtx","HASH":"ea35ade27dddbcb6996b93165a4dd937172664ed4d0fb2875f110180ba2f3080","PROCESS":{"BASE_ADDRESS":140699902017536,"COMMAND_LINE":"C:\\Windows\\System32\\svchost.exe -k LocalServiceNetworkRestricted -p -s EventLog","CREATION_TIME":1747280143315,"FILE_IS_SIGNED":1,"FILE_PATH":"C:\\Windows\\System32\\svchost.exe","HASH":"d7f10571f58adbe122f615b869eb42b05286770148067cbf88054c38f1bca4c4","MEMORY_USAGE":18825216,"PARENT_ATOM":"b56d4120493c4260490c5b186825611e","PARENT_PROCESS_ID":628,"PROCESS_ID":1164,"THIS_ATOM":"0abde42b2fc3298428bbe14d68256120","THREADS":11,"TIMESTAMP":1747280160351,"USER_NAME":"NT AUTHORITY\\LOCAL SERVICE"},"PROCESS_ID":1164},"routing":{"arch":2,"did":"","event_id":"5c33bd7c-2256-4ecb-b53d-28254e575632","event_time":1749602913492,"event_type":"FIM_HIT","ext_ip":"34.171.104.183","hostname":"windows-server-2022-aac9c41d-e0a3-4e7e-88b8-33936ab93238-0.c.lc-demo-infra.internal.","iid":"09774cc8-cb43-4164-abd3-87230031c142","int_ip":"10.128.15.201","latency":302,"moduleid":2,"oid":"aac9c41d-e0a3-4e7e-88b8-33936ab93238","parent":"0abde42b2fc3298428bbe14d68256120","plat":268435456,"sid":"17b8710a-7337-4e64-9c18-2955e86f2d0d","tags":["fim","lc:stable","windows"],"this":"408a3d28cefef32a88bed0c16848d261"},"ts":"2025-06-11 00:48:33"}
{"event":{"COMMAND_LINE":"C:\\ProgramData\\GooGet\\googet.exe update","FILE_IS_SIGNED":0,"FILE_PATH":"C:\\ProgramData\\GooGet\\googet.exe","HASH":"9ab693244ec4fe589fc54720c12385d443f4703237d4a28803df765042780297","NETWORK_ACTIVITY":[{"DESTINATION":{"IP_ADDRESS":"173.194.64.139","PORT":443},"IS_OUTGOING":1,"PROTOCOL":"tcp4","SOURCE":{"IP_ADDRESS":"10.128.15.201","PORT":62017},"TIMESTAMP":1749602906257}],"PARENT_PROCESS_ID":664,"PROCESS_ID":936,"USER_NAME":"NT AUTHORITY\\SYSTEM"},"routing":{"arch":2,"did":"","event_id":"25136a09-1829-4337-8070-17a2a27ba1a9","event_time":1749602912305,"event_type":"NETWORK_CONNECTIONS","ext_ip":"34.171.104.183","hostname":"windows-server-2022-aac9c41d-e0a3-4e7e-88b8-33936ab93238-0.c.lc-demo-infra.internal.","iid":"09774cc8-cb43-4164-abd3-87230031c142","int_ip":"10.128.15.201","latency":1,"moduleid":2,"oid":"aac9c41d-e0a3-4e7e-88b8-33936ab93238","parent":"d2c2f3b8357ed1c99c49f89e6848d25a","plat":268435456,"sid":"17b8710a-7337-4e64-9c18-2955e86f2d0d","tags":["fim","lc:stable","windows"],"this":"0babdf67ccfe80bb5aff6e5f6848d260"},"ts":"2025-06-11 00:48:32"}
{"event":{"PARENT_PROCESS_ID":664,"PROCESS_ID":2080},"routing":{"arch":2,"did":"","event_id":"8f4b60ff-c41e-42cc-90f3-137f6a8d4f3c","event_time":1749602912289,"event_type":"TERMINATE_PROCESS","ext_ip":"34.171.104.183","hostname":"windows-server-2022-aac9c41d-e0a3-4e7e-88b8-33936ab93238-0.c.lc-demo-infra.internal.","iid":"09774cc8-cb43-4164-abd3-87230031c142","int_ip":"10.128.15.201","latency":4019,"moduleid":2,"oid":"aac9c41d-e0a3-4e7e-88b8-33936ab93238","parent":"45bd618507b4979e8fd706bb6848d25b","plat":268435456,"sid":"17b8710a-7337-4e64-9c18-2955e86f2d0d","tags":["fim","lc:stable","windows"],"this":"cde8093064897a8f9d190a7c6848d264"},"ts":"2025-06-11 00:48:32"}
{"event":{"PARENT_PROCESS_ID":2080,"PROCESS_ID":5224},"routing":{"arch":2,"did":"","event_id":"29c38703-d303-457a-828f-6317fc960446","event_time":1749602912289,"event_type":"TERMINATE_PROCESS","ext_ip":"34.171.104.183","hostname":"windows-server-2022-aac9c41d-e0a3-4e7e-88b8-33936ab93238-0.c.lc-demo-infra.internal.","iid":"09774cc8-cb43-4164-abd3-87230031c142","int_ip":"10.128.15.201","latency":4019,"moduleid":2,"oid":"aac9c41d-e0a3-4e7e-88b8-33936ab93238","parent":"c57cf0defd9e4cfe38dfcc9a6848d25b","plat":268435456,"sid":"17b8710a-7337-4e64-9c18-2955e86f2d0d","tags":["fim","lc:stable","windows"],"this":"3ff0b13cfc568b52ffc4a0d26848d264"},"ts":"2025-06-11 00:48:32"}
{"event":{"ACTION":"modified","FILE_PATH":"C:\\Windows\\SoftwareDistribution\\DataStore\\Logs\\edb.log","HASH":"6997ce2de09d7b8cfb23d6abbc0cbcccbad6c49f95d938798172b7513d2e758a","PROCESS":{"BASE_ADDRESS":140699902017536,"COMMAND_LINE":"C:\\Windows\\system32\\svchost.exe -k netsvcs -p -s wuauserv","FILE_IS_SIGNED":1,"FILE_PATH":"C:\\Windows\\system32\\svchost.exe","HASH":"d7f10571f58adbe122f615b869eb42b05286770148067cbf88054c38f1bca4c4","MEMORY_USAGE":26820608,"PARENT_ATOM":"b56d4120493c4260490c5b186825611e","PARENT_PROCESS_ID":628,"PROCESS_ID":5972,"THIS_ATOM":"e8698090a70b1d48652145dc68373e26","THREADS":20,"TIMESTAMP":1748450853376,"USER_NAME":"NT AUTHORITY\\SYSTEM"},"PROCESS_ID":5972},"routing":{"arch":2,"did":"","event_id":"d02f03a8-5ccd-433a-bf04-e053e17e1ae2","event_time":1749602909529,"event_type":"FIM_HIT","ext_ip":"34.171.104.183","hostname":"windows-server-2022-aac9c41d-e0a3-4e7e-88b8-33936ab93238-0.c.lc-demo-infra.internal.","iid":"09774cc8-cb43-4164-abd3-87230031c142","int_ip":"10.128.15.201","latency":97,"moduleid":2,"oid":"aac9c41d-e0a3-4e7e-88b8-33936ab93238","parent":"e8698090a70b1d48652145dc68373e26","plat":268435456,"sid":"17b8710a-7337-4e64-9c18-2955e86f2d0d","tags":["fim","lc:stable","windows"],"this":"c5e72e2cd0a64db814fa74256848d25d"},"ts":"2025-06-11 00:48:29"}
{"event":{"EVENT":{"EventData":{"AuthenticationPackageName":"NTLM","FailureReason":"%%2313","IpAddress":"141.147.135.155","IpPort":"0","KeyLength":"0","LmPackageName":"-","LogonProcessName":"NtLmSsp","LogonType":"3","ProcessId":"0x0","ProcessName":"-","Status":"0xc000006d","SubStatus":"0xc000006a","SubjectDomainName":"-","SubjectLogonId":"0x0","SubjectUserName":"-","SubjectUserSid":"S-1-0-0","TargetDomainName":"domain","TargetUserName":"Administrator","TargetUserSid":"S-1-0-0","TransmittedServices":"-","WorkstationName":"-"},"System":{"Channel":"Security","Computer":"DESKTOP-C2A1841","Correlation":{"ActivityID":"{352b8892-aa45-0001-ddca-25f63c52db01}"},"EventID":"4625","EventRecordID":"4695566","Execution":{"ProcessID":"648","ThreadID":"4000"},"Keywords":"0x8010000000000000","Level":"0","Opcode":"0","Provider":{"Guid":"{54849625-5478-4994-a5ba-3e3b0328c30d}","Name":"Microsoft-Windows-Security-Auditing"},"Security":"","Task":"12544","TimeCreated":{"SystemTime":"2025-06-11T00:48:27.8156746Z"},"Version":"0","_event_id":"4625"}}},"routing":{"arch":2,"did":"","event_id":"1a4dd5a8-4522-44ab-b3ad-f10deb4c1270","event_time":1749602909811,"event_type":"WEL","ext_ip":"34.58.90.170","hostname":"desktop-c2a1841.c.lc-demo-infra.internal.","iid":"09774cc8-cb43-4164-abd3-87230031c142","int_ip":"10.128.15.200","latency":-24,"moduleid":2,"oid":"aac9c41d-e0a3-4e7e-88b8-33936ab93238","plat":268435456,"sid":"c4ba6121-d13d-4871-82f8-4b5c5556761e","tags":["lc:testtag","windows"],"this":"2ddc0a9e61a23295b769d4f86848d25d"},"ts":"2025-06-11 00:48:29"}
{"event":{"FILE_PATH":"C:\\Windows\\Prefetch\\TRUSTEDINSTALLER.EXE-766EFF52.pf","PROCESS_ID":1748},"routing":{"arch":2,"did":"","event_id":"1a8823ed-9be6-44d3-8b56-3682189cb4bb","event_time":1749602909733,"event_type":"FILE_MODIFIED","ext_ip":"34.58.90.170","hostname":"desktop-c2a1841.c.lc-demo-infra.internal.","iid":"09774cc8-cb43-4164-abd3-87230031c142","int_ip":"10.128.15.200","latency":386,"moduleid":2,"oid":"aac9c41d-e0a3-4e7e-88b8-33936ab93238","parent":"55ff55c5f3c5efdfb63413c16818de60","plat":268435456,"sid":"c4ba6121-d13d-4871-82f8-4b5c5556761e","tags":["lc:testtag","windows"],"this":"c14a6d4ed69a5189882a1f006848d25e"},"ts":"2025-06-11 00:48:29"}
{"event":{"FILE_PATH":"C:\\Windows\\Prefetch\\TIWORKER.EXE-252288BE.pf","PROCESS_ID":1748},"routing":{"arch":2,"did":"","event_id":"19b15234-9c7d-404a-bf12-d51be56d0fd7","event_time":1749602909779,"event_type":"FILE_MODIFIED","ext_ip":"34.58.90.170","hostname":"desktop-c2a1841.c.lc-demo-infra.internal.","iid":"09774cc8-cb43-4164-abd3-87230031c142","int_ip":"10.128.15.200","latency":341,"moduleid":2,"oid":"aac9c41d-e0a3-4e7e-88b8-33936ab93238","parent":"55ff55c5f3c5efdfb63413c16818de60","plat":268435456,"sid":"c4ba6121-d13d-4871-82f8-4b5c5556761e","tags":["lc:testtag","windows"],"this":"2abd361720affa7dc58a3b006848d25e"},"ts":"2025-06-11 00:48:29"}
{"event":{"PROCESS_ID":648,"REGISTRY_KEY":"\\REGISTRY\\MACHINE\\SAM\\SAM\\Domains\\Account\\Users\\000001F4\\F","REGISTRY_VALUE":"AwABAAAAAAAAAAAAAAAAAA==","SIZE":3,"TYPE":3},"routing":{"arch":2,"did":"","event_id":"ddffe6f3-a74f-47c2-a8cd-8d3c707f33ca","event_time":1749602908808,"event_type":"REGISTRY_WRITE","ext_ip":"34.58.90.170","hostname":"desktop-c2a1841.c.lc-demo-infra.internal.","iid":"09774cc8-cb43-4164-abd3-87230031c142","int_ip":"10.128.15.200","latency":523,"moduleid":2,"oid":"aac9c41d-e0a3-4e7e-88b8-33936ab93238","parent":"8ced3bfcbf30b0dc5810c9e36818de5e","plat":268435456,"sid":"c4ba6121-d13d-4871-82f8-4b5c5556761e","tags":["lc:testtag","windows"],"this":"5724fdef2897d83abe25dbdf6848d25d"},"ts":"2025-06-11 00:48:28"}
{"event":{"PARENT_PROCESS_ID":664,"PROCESS_ID":936},"routing":{"arch":2,"did":"","event_id":"9f522774-5899-4e7f-bcef-849d5f504509","event_time":1749602908279,"event_type":"TERMINATE_PROCESS","ext_ip":"34.171.104.183","hostname":"windows-server-2022-aac9c41d-e0a3-4e7e-88b8-33936ab93238-0.c.lc-demo-infra.internal.","iid":"09774cc8-cb43-4164-abd3-87230031c142","int_ip":"10.128.15.201","latency":4012,"moduleid":2,"oid":"aac9c41d-e0a3-4e7e-88b8-33936ab93238","parent":"d2c2f3b8357ed1c99c49f89e6848d25a","plat":268435456,"sid":"17b8710a-7337-4e64-9c18-2955e86f2d0d","tags":["fim","lc:stable","windows"],"this":"3e12340bad4fcf66351b45c56848d260"},"ts":"2025-06-11 00:48:28"}
{"event":{"PARENT_PROCESS_ID":936,"PROCESS_ID":9012},"routing":{"arch":2,"did":"","event_id":"567c5e5f-ac38-4b50-9e48-a42311c9b287","event_time":1749602908279,"event_type":"TERMINATE_PROCESS","ext_ip":"34.171.104.183","hostname":"windows-server-2022-aac9c41d-e0a3-4e7e-88b8-33936ab93238-0.c.lc-demo-infra.internal.","iid":"09774cc8-cb43-4164-abd3-87230031c142","int_ip":"10.128.15.201","latency":4012,"moduleid":2,"oid":"aac9c41d-e0a3-4e7e-88b8-33936ab93238","parent":"d82e656366e37d88529438fc6848d25a","plat":268435456,"sid":"17b8710a-7337-4e64-9c18-2955e86f2d0d","tags":["fim","lc:stable","windows"],"this":"5e81c684432fe4dbcc03c3f36848d260"},"ts":"2025-06-11 00:48:28"}
{"event":{"FILE_PATH":"C:\\Windows\\Prefetch\\WMIPRVSE.EXE-E8B8DD29.pf","PROCESS_ID":1748},"routing":{"arch":2,"did":"","event_id":"35a6c934-d9d1-442a-bc6a-13491d9ed24c","event_time":1749602907525,"event_type":"FILE_MODIFIED","ext_ip":"34.58.90.170","hostname":"desktop-c2a1841.c.lc-demo-infra.internal.","iid":"09774cc8-cb43-4164-abd3-87230031c142","int_ip":"10.128.15.200","latency":579,"moduleid":2,"oid":"aac9c41d-e0a3-4e7e-88b8-33936ab93238","parent":"55ff55c5f3c5efdfb63413c16818de60","plat":268435456,"sid":"c4ba6121-d13d-4871-82f8-4b5c5556761e","tags":["lc:testtag","windows"],"this":"a13821fae891f88a3fa5d3f76848d25c"},"ts":"2025-06-11 00:48:27"}
{"event":{"ACTION":"modified","FILE_PATH":"C:\\Windows\\Logs\\CBS\\CBS.log","HASH":"941bc35462d3f98011cffe5df24791d171f9f6935c5520d6990e990468aa80b0","PROCESS":{"BASE_ADDRESS":140699317829632,"COMMAND_LINE":"C:\\Windows\\winsxs\\amd64_microsoft-windows-servicingstack_31bf3856ad364e35_10.0.20348.3691_none_b1bc9560f9934ed7\\TiWorker.exe -Embedding","FILE_IS_SIGNED":1,"FILE_PATH":"C:\\Windows\\winsxs\\amd64_microsoft-windows-servicingstack_31bf3856ad364e35_10.0.20348.3691_none_b1bc9560f9934ed7\\TiWorker.exe","HASH":"08301a417991545830b55eacf276dd3d47ad0a1559ae477c34a65031c4de3caf","MEMORY_USAGE":14659584,"PARENT_ATOM":"32ab94087088c4967913285d68256120","PARENT_PROCESS_ID":756,"PROCESS_ID":4176,"THIS_ATOM":"fc24472b0dd67983ebe5dfbd6848d237","THREADS":8,"TIMESTAMP":1749602871342,"USER_NAME":"NT AUTHORITY\\SYSTEM"},"PROCESS_ID":4176},"routing":{"arch":2,"did":"","event_id":"371fb8a2-a1f0-4a17-b981-6ddc8d1392fd","event_time":1749602907279,"event_type":"FIM_HIT","ext_ip":"34.171.104.183","hostname":"windows-server-2022-aac9c41d-e0a3-4e7e-88b8-33936ab93238-0.c.lc-demo-infra.internal.","iid":"09774cc8-cb43-4164-abd3-87230031c142","int_ip":"10.128.15.201","latency":1011,"moduleid":2,"oid":"aac9c41d-e0a3-4e7e-88b8-33936ab93238","parent":"fc24472b0dd67983ebe5dfbd6848d237","plat":268435456,"sid":"17b8710a-7337-4e64-9c18-2955e86f2d0d","tags":["fim","lc:stable","windows"],"this":"98240a059e318abb8ebddea56848d25c"},"ts":"2025-06-11 00:48:27"}
{"event":{"ACTION":"modified","FILE_PATH":"C:\\Windows\\Logs\\CBS\\CBS.log","HASH":"941bc35462d3f98011cffe5df24791d171f9f6935c5520d6990e990468aa80b0","PROCESS":{"BASE_ADDRESS":140698117144576,"COMMAND_LINE":"C:\\Windows\\servicing\\TrustedInstaller.exe","FILE_IS_SIGNED":1,"FILE_PATH":"C:\\Windows\\servicing\\TrustedInstaller.exe","HASH":"ecbddd355d829c616b3936887a77638806c589fb2ca8bd13aa75de2c549c2c3a","MEMORY_USAGE":7966720,"PARENT_ATOM":"b56d4120493c4260490c5b186825611e","PARENT_PROCESS_ID":628,"PROCESS_ID":4928,"THIS_ATOM":"8777ac1d9e4249d92d1f90f16848d237","THREADS":8,"TIMESTAMP":1749602871310,"USER_NAME":"NT AUTHORITY\\SYSTEM"},"PROCESS_ID":4928},"routing":{"arch":2,"did":"","event_id":"de0ae617-6200-4639-b15b-7d9fd7f9480d","event_time":1749602907279,"event_type":"FIM_HIT","ext_ip":"34.171.104.183","hostname":"windows-server-2022-aac9c41d-e0a3-4e7e-88b8-33936ab93238-0.c.lc-demo-infra.internal.","iid":"09774cc8-cb43-4164-abd3-87230031c142","int_ip":"10.128.15.201","latency":1114,"moduleid":2,"oid":"aac9c41d-e0a3-4e7e-88b8-33936ab93238","parent":"8777ac1d9e4249d92d1f90f16848d237","plat":268435456,"sid":"17b8710a-7337-4e64-9c18-2955e86f2d0d","tags":["fim","lc:stable","windows"],"this":"49e4e25e7f4d53a64c98bb2f6848d25c"},"ts":"2025-06-11 00:48:27"}
{"event":{"ACTION":"modified","FILE_PATH":"C:\\Windows\\Logs\\CBS\\CBS.log","HASH":"941bc35462d3f98011cffe5df24791d171f9f6935c5520d6990e990468aa80b0","PROCESS":{"BASE_ADDRESS":140699317829632,"COMMAND_LINE":"C:\\Windows\\winsxs\\amd64_microsoft-windows-servicingstack_31bf3856ad364e35_10.0.20348.3691_none_b1bc9560f9934ed7\\TiWorker.exe -Embedding","FILE_IS_SIGNED":1,"FILE_PATH":"C:\\Windows\\winsxs\\amd64_microsoft-windows-servicingstack_31bf3856ad364e35_10.0.20348.3691_none_b1bc9560f9934ed7\\TiWorker.exe","HASH":"08301a417991545830b55eacf276dd3d47ad0a1559ae477c34a65031c4de3caf","MEMORY_USAGE":14659584,"PARENT_ATOM":"32ab94087088c4967913285d68256120","PARENT_PROCESS_ID":756,"PROCESS_ID":4176,"THIS_ATOM":"fc24472b0dd67983ebe5dfbd6848d237","THREADS":8,"TIMESTAMP":1749602871342,"USER_NAME":"NT AUTHORITY\\SYSTEM"},"PROCESS_ID":4176},"routing":{"arch":2,"did":"","event_id":"e8c2bb6f-4b28-48f3-af05-bd7abd7cb5f5","event_time":1749602907279,"event_type":"FIM_HIT","ext_ip":"34.171.104.183","hostname":"windows-server-2022-aac9c41d-e0a3-4e7e-88b8-33936ab93238-0.c.lc-demo-infra.internal.","iid":"09774cc8-cb43-4164-abd3-87230031c142","int_ip":"10.128.15.201","latency":1220,"moduleid":2,"oid":"aac9c41d-e0a3-4e7e-88b8-33936ab93238","parent":"fc24472b0dd67983ebe5dfbd6848d237","plat":268435456,"sid":"17b8710a-7337-4e64-9c18-2955e86f2d0d","tags":["fim","lc:stable","windows"],"this":"10a40b25bbc32f3f5b25946c6848d25c"},"ts":"2025-06-11 00:48:27"}
{"event":{"ACTION":"modified","FILE_PATH":"C:\\Windows\\Logs\\CBS\\CBS.log","HASH":"941bc35462d3f98011cffe5df24791d171f9f6935c5520d6990e990468aa80b0","PROCESS":{"BASE_ADDRESS":140698117144576,"COMMAND_LINE":"C:\\Windows\\servicing\\TrustedInstaller.exe","FILE_IS_SIGNED":1,"FILE_PATH":"C:\\Windows\\servicing\\TrustedInstaller.exe","HASH":"ecbddd355d829c616b3936887a77638806c589fb2ca8bd13aa75de2c549c2c3a","MEMORY_USAGE":7966720,"PARENT_ATOM":"b56d4120493c4260490c5b186825611e","PARENT_PROCESS_ID":628,"PROCESS_ID":4928,"THIS_ATOM":"8777ac1d9e4249d92d1f90f16848d237","THREADS":8,"TIMESTAMP":1749602871310,"USER_NAME":"NT AUTHORITY\\SYSTEM"},"PROCESS_ID":4928},"routing":{"arch":2,"did":"","event_id":"0dd7acf0-c7e7-4df6-ac5a-bbd57afe839e","event_time":1749602907294,"event_type":"FIM_HIT","ext_ip":"34.171.104.183","hostname":"windows-server-2022-aac9c41d-e0a3-4e7e-88b8-33936ab93238-0.c.lc-demo-infra.internal.","iid":"09774cc8-cb43-4164-abd3-87230031c142","int_ip":"10.128.15.201","latency":1304,"moduleid":2,"oid":"aac9c41d-e0a3-4e7e-88b8-33936ab93238","parent":"8777ac1d9e4249d92d1f90f16848d237","plat":268435456,"sid":"17b8710a-7337-4e64-9c18-2955e86f2d0d","tags":["fim","lc:stable","windows"],"this":"6c457ed19a241083cb15b2826848d25c"},"ts":"2025-06-11 00:48:27"}
{"event":{"ACTION":"modified","FILE_PATH":"C:\\Windows\\SoftwareDistribution\\DataStore\\Logs\\edb.log","HASH":"b8b9df9e5daee0b2b11741a6c61b3c2e2beca6f72be8feaf45abc568f45d121c","PROCESS":{"BASE_ADDRESS":140699902017536,"COMMAND_LINE":"C:\\Windows\\system32\\svchost.exe -k netsvcs -p -s wuauserv","FILE_IS_SIGNED":1,"FILE_PATH":"C:\\Windows\\system32\\svchost.exe","HASH":"d7f10571f58adbe122f615b869eb42b05286770148067cbf88054c38f1bca4c4","MEMORY_USAGE":26820608,"PARENT_ATOM":"b56d4120493c4260490c5b186825611e","PARENT_PROCESS_ID":628,"PROCESS_ID":5972,"THIS_ATOM":"e8698090a70b1d48652145dc68373e26","THREADS":20,"TIMESTAMP":1748450853376,"USER_NAME":"NT AUTHORITY\\SYSTEM"},"PROCESS_ID":5972},"routing":{"arch":2,"did":"","event_id":"d54e3051-2489-4d54-bdce-2028dc510e29","event_time":1749602907810,"event_type":"FIM_HIT","ext_ip":"34.171.104.183","hostname":"windows-server-2022-aac9c41d-e0a3-4e7e-88b8-33936ab93238-0.c.lc-demo-infra.internal.","iid":"09774cc8-cb43-4164-abd3-87230031c142","int_ip":"10.128.15.201","latency":801,"moduleid":2,"oid":"aac9c41d-e0a3-4e7e-88b8-33936ab93238","parent":"e8698090a70b1d48652145dc68373e26","plat":268435456,"sid":"17b8710a-7337-4e64-9c18-2955e86f2d0d","tags":["fim","lc:stable","windows"],"this":"4d9fcd543a8aca59c6ef33256848d25c"},"ts":"2025-06-11 00:48:27"}
{"event":{"EVENT":{"EventData":{"AuthenticationPackageName":"NTLM","FailureReason":"%%2313","IpAddress":"5.39.19.186","IpPort":"0","KeyLength":"0","LmPackageName":"-","LogonProcessName":"NtLmSsp","LogonType":"3","ProcessId":"0x0","ProcessName":"-","Status":"0xc000006d","SubStatus":"0xc0000064","SubjectDomainName":"-","SubjectLogonId":"0x0","SubjectUserName":"-","SubjectUserSid":"S-1-0-0","TargetDomainName":"","TargetUserName":"USER","TargetUserSid":"S-1-0-0","TransmittedServices":"-","WorkstationName":"-"},"System":{"Channel":"Security","Computer":"DESKTOP-C2A1841","Correlation":{"ActivityID":"{352b8892-aa45-0001-ddca-25f63c52db01}"},"EventID":"4625","EventRecordID":"4695565","Execution":{"ProcessID":"648","ThreadID":"4000"},"Keywords":"0x8010000000000000","Level":"0","Opcode":"0","Provider":{"Guid":"{54849625-5478-4994-a5ba-3e3b0328c30d}","Name":"Microsoft-Windows-Security-Auditing"},"Security":"","Task":"12544","TimeCreated":{"SystemTime":"2025-06-11T00:48:24.1053786Z"},"Version":"0","_event_id":"4625"}}},"routing":{"arch":2,"did":"","event_id":"adabc7ce-b7b3-4d86-97fd-9b08432f0068","event_time":1749602906103,"event_type":"WEL","ext_ip":"34.58.90.170","hostname":"desktop-c2a1841.c.lc-demo-infra.internal.","iid":"09774cc8-cb43-4164-abd3-87230031c142","int_ip":"10.128.15.200","latency":-29,"moduleid":2,"oid":"aac9c41d-e0a3-4e7e-88b8-33936ab93238","plat":268435456,"sid":"c4ba6121-d13d-4871-82f8-4b5c5556761e","tags":["lc:testtag","windows"],"this":"756a9864470c41e047af77046848d25a"},"ts":"2025-06-11 00:48:26"}
{"event":{"EVENT":{"EventData":{"Data":"INFO : 2025/06/11 00:48:26.245986 client.go:185: Fetching repo content for https://packages.cloud.google.com/yuck/repos/google-compute-engine-stable, cache either doesn't exist or is older than 3m0s"},"System":{"Channel":"Application","Computer":"windows-server-2022-aac9c41d-e0a3-4e7e-88b8-33936ab93238-0","Correlation":"","EventID":{"Qualifiers":"0","content":"1"},"EventRecordID":"72889","Execution":{"ProcessID":"0","ThreadID":"0"},"Keywords":"0x80000000000000","Level":"4","Opcode":"0","Provider":{"Name":"GooGet"},"Security":"","Task":"0","TimeCreated":{"SystemTime":"2025-06-11T00:48:26.2469810Z"},"Version":"0","_event_id":"1"}}},"routing":{"arch":2,"did":"","event_id":"0b9eeca8-7c3e-4bd3-bfb0-ef94785682af","event_time":1749602906246,"event_type":"WEL","ext_ip":"34.171.104.183","hostname":"windows-server-2022-aac9c41d-e0a3-4e7e-88b8-33936ab93238-0.c.lc-demo-infra.internal.","iid":"09774cc8-cb43-4164-abd3-87230031c142","int_ip":"10.128.15.201","latency":2,"moduleid":2,"oid":"aac9c41d-e0a3-4e7e-88b8-33936ab93238","plat":268435456,"sid":"17b8710a-7337-4e64-9c18-2955e86f2d0d","tags":["fim","lc:stable","windows"],"this":"aea41e608536ee30937da1456848d25a"},"ts":"2025-06-11 00:48:26"}
{"event":{"EVENT":{"EventData":{"Data":"INFO : 2025/06/11 00:48:26.246981 client.go:247: Fetching \"https://packages.cloud.google.com/yuck/repos/google-compute-engine-stable/index.gz\""},"System":{"Channel":"Application","Computer":"windows-server-2022-aac9c41d-e0a3-4e7e-88b8-33936ab93238-0","Correlation":"","EventID":{"Qualifiers":"0","content":"1"},"EventRecordID":"72890","Execution":{"ProcessID":"0","ThreadID":"0"},"Keywords":"0x80000000000000","Level":"4","Opcode":"0","Provider":{"Name":"GooGet"},"Security":"","Task":"0","TimeCreated":{"SystemTime":"2025-06-11T00:48:26.2469810Z"},"Version":"0","_event_id":"1"}}},"routing":{"arch":2,"did":"","event_id":"4365a6d4-0eab-4f2b-821b-05472f40a881","event_time":1749602906247,"event_type":"WEL","ext_ip":"34.171.104.183","hostname":"windows-server-2022-aac9c41d-e0a3-4e7e-88b8-33936ab93238-0.c.lc-demo-infra.internal.","iid":"09774cc8-cb43-4164-abd3-87230031c142","int_ip":"10.128.15.201","latency":2,"moduleid":2,"oid":"aac9c41d-e0a3-4e7e-88b8-33936ab93238","plat":268435456,"sid":"17b8710a-7337-4e64-9c18-2955e86f2d0d","tags":["fim","lc:stable","windows"],"this":"e97df8ea85175523bcd5927b6848d25a"},"ts":"2025-06-11 00:48:26"}
{"event":{"BASE_ADDRESS":8388608,"COMMAND_LINE":"C:\\Windows\\temp\\totallylegitfile.exe hacktheplanet","FILE_IS_SIGNED":0,"FILE_PATH":"C:\\Windows\\temp\\totallylegitfile.exe","HASH":"8bbd76899cd45affea6a684b81c5bd9de73efbdeeee9946fe8b7afd7a06aafdd","MEMORY_USAGE":14802944,"PARENT":{"BASE_ADDRESS":2162688,"COMMAND_LINE":"\"C:\\Program Files\\Google\\OSConfig\\google_osconfig_agent.exe\"","CREATION_TIME":1747280143066,"FILE_IS_SIGNED":1,"FILE_PATH":"C:\\Program Files\\Google\\OSConfig\\google_osconfig_agent.exe","HASH":"5749b2693aaf2042fb068b00ee5b29614b738545f9f3bcc9028597a49d7a3714","MEMORY_USAGE":21397504,"PARENT_ATOM":"b56d4120493c4260490c5b186825611e","PARENT_PROCESS_ID":628,"PROCESS_ID":664,"THIS_ATOM":"e583082c3131f150bbd6f25e6825611e","THREADS":13,"TIMESTAMP":1747280158629,"USER_NAME":"NT AUTHORITY\\SYSTEM"},"PARENT_PROCESS_ID":664,"PROCESS_ID":936,"THREADS":7,"USER_NAME":"NT AUTHORITY\\SYSTEM"},"routing":{"arch":2,"did":"","event_id":"f09ec27b-6282-4bb2-9875-e96cb8c12ca0","event_time":1749602906186,"event_type":"NEW_PROCESS","ext_ip":"34.171.104.183","hostname":"windows-server-2022-aac9c41d-e0a3-4e7e-88b8-33936ab93238-0.c.lc-demo-infra.internal.","iid":"09774cc8-cb43-4164-abd3-87230031c142","int_ip":"10.128.15.201","latency":102,"moduleid":2,"oid":"aac9c41d-e0a3-4e7e-88b8-33936ab93238","parent":"e583082c3131f150bbd6f25e6825611e","plat":268435456,"sid":"17b8710a-7337-4e64-9c18-2955e86f2d0d","tags":["fim","lc:stable","windows"],"this":"d2c2f3b8357ed1c99c49f89e6848d25a"},"ts":"2025-06-11 00:48:26"}
{"event":{"BASE_ADDRESS":140700357165056,"COMMAND_LINE":"\\??\\C:\\Windows\\system32\\conhost.exe 0xffffffff -ForceV1","FILE_IS_SIGNED":1,"FILE_PATH":"C:\\Windows\\System32\\Conhost.exe","HASH":"91c5c21d07fbc2f5344dc2a5e9e0b83a9f051f92d3dc2b25ff1c18ad96ae773a","MEMORY_USAGE":13836288,"PARENT":{"BASE_ADDRESS":8388608,"COMMAND_LINE":"C:\\ProgramData\\GooGet\\googet.exe update","FILE_IS_SIGNED":0,"FILE_PATH":"C:\\ProgramData\\GooGet\\googet.exe","HASH":"9ab693244ec4fe589fc54720c12385d443f4703237d4a28803df765042780297","MEMORY_USAGE":14802944,"PARENT_ATOM":"e583082c3131f150bbd6f25e6825611e","PARENT_PROCESS_ID":664,"PROCESS_ID":936,"THIS_ATOM":"d2c2f3b8357ed1c99c49f89e6848d25a","THREADS":7,"TIMESTAMP":1749602906186,"USER_NAME":"NT AUTHORITY\\SYSTEM"},"PARENT_PROCESS_ID":936,"PROCESS_ID":9012,"THREADS":5,"USER_NAME":"NT AUTHORITY\\SYSTEM"},"routing":{"arch":2,"did":"","event_id":"515f1958-cd9d-4ccd-997f-479067d25aa5","event_time":1749602906190,"event_type":"NEW_PROCESS","ext_ip":"34.171.104.183","hostname":"windows-server-2022-aac9c41d-e0a3-4e7e-88b8-33936ab93238-0.c.lc-demo-infra.internal.","iid":"09774cc8-cb43-4164-abd3-87230031c142","int_ip":"10.128.15.201","latency":104,"moduleid":2,"oid":"aac9c41d-e0a3-4e7e-88b8-33936ab93238","parent":"d2c2f3b8357ed1c99c49f89e6848d25a","plat":268435456,"sid":"17b8710a-7337-4e64-9c18-2955e86f2d0d","tags":["fim","lc:stable","windows"],"this":"d82e656366e37d88529438fc6848d25a"},"ts":"2025-06-11 00:48:26"}
{"event":{"EVENT":{"EventData":{"Data":"INFO : 2025/06/11 00:48:26.347089 googet_update.go:126: certgen.x86_64 - latest version installed"},"System":{"Channel":"Application","Computer":"windows-server-2022-aac9c41d-e0a3-4e7e-88b8-33936ab93238-0","Correlation":"","EventID":{"Qualifiers":"0","content":"1"},"EventRecordID":"72891","Execution":{"ProcessID":"0","ThreadID":"0"},"Keywords":"0x80000000000000","Level":"4","Opcode":"0","Provider":{"Name":"GooGet"},"Security":"","Task":"0","TimeCreated":{"SystemTime":"2025-06-11T00:48:26.3470891Z"},"Version":"0","_event_id":"1"}}},"routing":{"arch":2,"did":"","event_id":"a127fda4-6c85-4016-ab97-683066898ee3","event_time":1749602906347,"event_type":"WEL","ext_ip":"34.171.104.183","hostname":"windows-server-2022-aac9c41d-e0a3-4e7e-88b8-33936ab93238-0.c.lc-demo-infra.internal.","iid":"09774cc8-cb43-4164-abd3-87230031c142","int_ip":"10.128.15.201","latency":2,"moduleid":2,"oid":"aac9c41d-e0a3-4e7e-88b8-33936ab93238","plat":268435456,"sid":"17b8710a-7337-4e64-9c18-2955e86f2d0d","tags":["fim","lc:stable","windows"],"this":"0dc9693e422b292c567813cb6848d25a"},"ts":"2025-06-11 00:48:26"}
{"event":{"EVENT":{"EventData":{"Data":"INFO : 2025/06/11 00:48:26.347753 googet_update.go:122: Update for package google-compute-engine-driver-gvnic.x86_64, 1.0.3@60 installed and 2.0.13@46 available from https://packages.cloud.google.com/yuck/repos/google-compute-engine-stable."},"System":{"Channel":"Application","Computer":"windows-server-2022-aac9c41d-e0a3-4e7e-88b8-33936ab93238-0","Correlation":"","EventID":{"Qualifiers":"0","content":"1"},"EventRecordID":"72892","Execution":{"ProcessID":"0","ThreadID":"0"},"Keywords":"0x80000000000000","Level":"4","Opcode":"0","Provider":{"Name":"GooGet"},"Security":"","Task":"0","TimeCreated":{"SystemTime":"2025-06-11T00:48:26.3477535Z"},"Version":"0","_event_id":"1"}}},"routing":{"arch":2,"did":"","event_id":"f82adf1a-1d9f-48b2-9481-29a15ab6b767","event_time":1749602906348,"event_type":"WEL","ext_ip":"34.171.104.183","hostname":"windows-server-2022-aac9c41d-e0a3-4e7e-88b8-33936ab93238-0.c.lc-demo-infra.internal.","iid":"09774cc8-cb43-4164-abd3-87230031c142","int_ip":"10.128.15.201","latency":1,"moduleid":2,"oid":"aac9c41d-e0a3-4e7e-88b8-33936ab93238","plat":268435456,"sid":"17b8710a-7337-4e64-9c18-2955e86f2d0d","tags":["fim","lc:stable","windows"],"this":"6b82658217046ffe2008ae0c6848d25a"},"ts":"2025-06-11 00:48:26"}
{"event":{"EVENT":{"EventData":{"Data":"INFO : 2025/06/11 00:48:26.348488 googet_update.go:122: Update for package google-compute-engine-driver-netkvm.x86_64, 16.1.3@18 installed and 16.1.8@76 available from https://packages.cloud.google.com/yuck/repos/google-compute-engine-stable."},"System":{"Channel":"Application","Computer":"windows-server-2022-aac9c41d-e0a3-4e7e-88b8-33936ab93238-0","Correlation":"","EventID":{"Qualifiers":"0","content":"1"},"EventRecordID":"72893","Execution":{"ProcessID":"0","ThreadID":"0"},"Keywords":"0x80000000000000","Level":"4","Opcode":"0","Provider":{"Name":"GooGet"},"Security":"","Task":"0","TimeCreated":{"SystemTime":"2025-06-11T00:48:26.3484887Z"},"Version":"0","_event_id":"1"}}},"routing":{"arch":2,"did":"","event_id":"3a5f4f06-7129-462c-8a07-4dbfebf48967","event_time":1749602906348,"event_type":"WEL","ext_ip":"34.171.104.183","hostname":"windows-server-2022-aac9c41d-e0a3-4e7e-88b8-33936ab93238-0.c.lc-demo-infra.internal.","iid":"09774cc8-cb43-4164-abd3-87230031c142","int_ip":"10.128.15.201","latency":2,"moduleid":2,"oid":"aac9c41d-e0a3-4e7e-88b8-33936ab93238","plat":268435456,"sid":"17b8710a-7337-4e64-9c18-2955e86f2d0d","tags":["fim","lc:stable","windows"],"this":"c7ce4eb72c73ba2d4400d7766848d25a"},"ts":"2025-06-11 00:48:26"}
{"event":{"EVENT":{"EventData":{"Data":"INFO : 2025/06/11 00:48:26.348751 googet_update.go:122: Update for package google-osconfig-agent.x86_64, 20230403.00.0+win@1 installed and 20250520.00.0+win@1 available from https://packages.cloud.google.com/yuck/repos/google-compute-engine-stable."},"System":{"Channel":"Application","Computer":"windows-server-2022-aac9c41d-e0a3-4e7e-88b8-33936ab93238-0","Correlation":"","EventID":{"Qualifiers":"0","content":"1"},"EventRecordID":"72894","Execution":{"ProcessID":"0","ThreadID":"0"},"Keywords":"0x80000000000000","Level":"4","Opcode":"0","Provider":{"Name":"GooGet"},"Security":"","Task":"0","TimeCreated":{"SystemTime":"2025-06-11T00:48:26.3487511Z"},"Version":"0","_event_id":"1"}}},"routing":{"arch":2,"did":"","event_id":"0c77ec96-561f-431a-868c-bfc216f1f064","event_time":1749602906350,"event_type":"WEL","ext_ip":"34.171.104.183","hostname":"windows-server-2022-aac9c41d-e0a3-4e7e-88b8-33936ab93238-0.c.lc-demo-infra.internal.","iid":"09774cc8-cb43-4164-abd3-87230031c142","int_ip":"10.128.15.201","latency":1,"moduleid":2,"oid":"aac9c41d-e0a3-4e7e-88b8-33936ab93238","plat":268435456,"sid":"17b8710a-7337-4e64-9c18-2955e86f2d0d","tags":["fim","lc:stable","windows"],"this":"04c0999fc6a401d8add628c66848d25a"},"ts":"2025-06-11 00:48:26"}
{"event":{"EVENT":{"EventData":{"Data":"INFO : 2025/06/11 00:48:26.348751 googet_update.go:126: googet.x86_64 - latest version installed"},"System":{"Channel":"Application","Computer":"windows-server-2022-aac9c41d-e0a3-4e7e-88b8-33936ab93238-0","Correlation":"","EventID":{"Qualifiers":"0","content":"1"},"EventRecordID":"72895","Execution":{"ProcessID":"0","ThreadID":"0"},"Keywords":"0x80000000000000","Level":"4","Opcode":"0","Provider":{"Name":"GooGet"},"Security":"","Task":"0","TimeCreated":{"SystemTime":"2025-06-11T00:48:26.3487511Z"},"Version":"0","_event_id":"1"}}},"routing":{"arch":2,"did":"","event_id":"f8de11be-9e48-47ea-8d23-24d686859ddf","event_time":1749602906350,"event_type":"WEL","ext_ip":"34.171.104.183","hostname":"windows-server-2022-aac9c41d-e0a3-4e7e-88b8-33936ab93238-0.c.lc-demo-infra.internal.","iid":"09774cc8-cb43-4164-abd3-87230031c142","int_ip":"10.128.15.201","latency":1,"moduleid":2,"oid":"aac9c41d-e0a3-4e7e-88b8-33936ab93238","plat":268435456,"sid":"17b8710a-7337-4e64-9c18-2955e86f2d0d","tags":["fim","lc:stable","windows"],"this":"b4c09b888b4e92f9ea5529ff6848d25a"},"ts":"2025-06-11 00:48:26"}
{"event":{"EVENT":{"EventData":{"Data":"INFO : 2025/06/11 00:48:26.348751 googet_update.go:126: google-compute-engine-diagnostics.x86_64 - latest version installed"},"System":{"Channel":"Application","Computer":"windows-server-2022-aac9c41d-e0a3-4e7e-88b8-33936ab93238-0","Correlation":"","EventID":{"Qualifiers":"0","content":"1"},"EventRecordID":"72896","Execution":{"ProcessID":"0","ThreadID":"0"},"Keywords":"0x80000000000000","Level":"4","Opcode":"0","Provider":{"Name":"GooGet"},"Security":"","Task":"0","TimeCreated":{"SystemTime":"2025-06-11T00:48:26.3495131Z"},"Version":"0","_event_id":"1"}}},"routing":{"arch":2,"did":"","event_id":"8e25debb-7cee-4117-9a65-817569737009","event_time":1749602906350,"event_type":"WEL","ext_ip":"34.171.104.183","hostname":"windows-server-2022-aac9c41d-e0a3-4e7e-88b8-33936ab93238-0.c.lc-demo-infra.internal.","iid":"09774cc8-cb43-4164-abd3-87230031c142","int_ip":"10.128.15.201","latency":2,"moduleid":2,"oid":"aac9c41d-e0a3-4e7e-88b8-33936ab93238","plat":268435456,"sid":"17b8710a-7337-4e64-9c18-2955e86f2d0d","tags":["fim","lc:stable","windows"],"this":"0608b1725abfa005bfe612a46848d25a"},"ts":"2025-06-11 00:48:26"}
{"event":{"EVENT":{"EventData":{"Data":"INFO : 2025/06/11 00:48:26.349513 googet_update.go:122: Update for package google-compute-engine-vss.x86_64, 1.1.9@56 installed and 1.1.10@3 available from https://packages.cloud.google.com/yuck/repos/google-compute-engine-stable."},"System":{"Channel":"Application","Computer":"windows-server-2022-aac9c41d-e0a3-4e7e-88b8-33936ab93238-0","Correlation":"","EventID":{"Qualifiers":"0","content":"1"},"EventRecordID":"72897","Execution":{"ProcessID":"0","ThreadID":"0"},"Keywords":"0x80000000000000","Level":"4","Opcode":"0","Provider":{"Name":"GooGet"},"Security":"","Task":"0","TimeCreated":{"SystemTime":"2025-06-11T00:48:26.3495131Z"},"Version":"0","_event_id":"1"}}},"routing":{"arch":2,"did":"","event_id":"2a936152-a025-49ea-84b0-33dd23a979ef","event_time":1749602906350,"event_type":"WEL","ext_ip":"34.171.104.183","hostname":"windows-server-2022-aac9c41d-e0a3-4e7e-88b8-33936ab93238-0.c.lc-demo-infra.internal.","iid":"09774cc8-cb43-4164-abd3-87230031c142","int_ip":"10.128.15.201","latency":3,"moduleid":2,"oid":"aac9c41d-e0a3-4e7e-88b8-33936ab93238","plat":268435456,"sid":"17b8710a-7337-4e64-9c18-2955e86f2d0d","tags":["fim","lc:stable","windows"],"this":"ab87a5cf9044e414509dd3436848d25a"},"ts":"2025-06-11 00:48:26"}
