{"event":{"CNAME":"logging-alv.googleapis.com","DNS_TYPE":5,"DOMAIN_NAME":"logging.googleapis.com","MESSAGE_ID":15956,"PROCESS_ID":1912},"routing":{"arch":2,"did":"","event_id":"8c7e8c5c-97d1-4071-8232-ddde7248c0e2","event_time":1749602671147,"event_type":"DNS_REQUEST","ext_ip":"34.58.90.170","hostname":"desktop-c2a1841.c.lc-demo-infra.internal.","iid":"09774cc8-cb43-4164-abd3-87230031c142","int_ip":"10.128.15.200","latency":834,"moduleid":2,"oid":"aac9c41d-e0a3-4e7e-88b8-33936ab93238","parent":"5e6b7b034a93c77d07a534f16818de60","plat":268435456,"sid":"c4ba6121-d13d-4871-82f8-4b5c5556761e","tags":["lc:testtag","windows"],"this":"2629d2160107ca54a137975e6848d170"},"ts":"2025-06-11 00:44:31"}
{"event":{"DNS_TYPE":1,"DOMAIN_NAME":"logging-alv.googleapis.com","IP_ADDRESS":"216.239.38.174","MESSAGE_ID":15956,"PROCESS_ID":1912},"routing":{"arch":2,"did":"","event_id":"d42afb0c-b307-41f3-8c3c-bf7426d74c37","event_time":1749602671147,"event_type":"DNS_REQUEST","ext_ip":"34.58.90.170","hostname":"desktop-c2a1841.c.lc-demo-infra.internal.","iid":"09774cc8-cb43-4164-abd3-87230031c142","int_ip":"10.128.15.200","latency":835,"moduleid":2,"oid":"aac9c41d-e0a3-4e7e-88b8-33936ab93238","parent":"5e6b7b034a93c77d07a534f16818de60","plat":268435456,"sid":"c4ba6121-d13d-4871-82f8-4b5c5556761e","tags":["lc:testtag","windows"],"this":"f754bcaedd7e3c694a85d05a6848d170"},"ts":"2025-06-11 00:44:31"}
{"event":{"DNS_TYPE":1,"DOMAIN_NAME":"logging-alv.googleapis.com","IP_ADDRESS":"216.239.36.174","MESSAGE_ID":15956,"PROCESS_ID":1912},"routing":{"arch":2,"did":"","event_id":"3534b6fc-1ca2-48aa-b547-20d259d76765","event_time":1749602671147,"event_type":"DNS_REQUEST","ext_ip":"34.58.90.170","hostname":"desktop-c2a1841.c.lc-demo-infra.internal.","iid":"09774cc8-cb43-4164-abd3-87230031c142","int_ip":"10.128.15.200","latency":837,"moduleid":2,"oid":"aac9c41d-e0a3-4e7e-88b8-33936ab93238","parent":"5e6b7b034a93c77d07a534f16818de60","plat":268435456,"sid":"c4ba6121-d13d-4871-82f8-4b5c5556761e","tags":["lc:testtag","windows"],"this":"39f762a03d1f89b8852108196848d170"},"ts":"2025-06-11 00:44:31"}
{"event":{"DNS_TYPE":1,"DOMAIN_NAME":"logging-alv.googleapis.com","IP_ADDRESS":"216.239.34.174","MESSAGE_ID":15956,"PROCESS_ID":1912},"routing":{"arch":2,"did":"","event_id":"a8fdd494-796a-439d-bfe8-473ad4872621","event_time":1749602671147,"event_type":"DNS_REQUEST","ext_ip":"34.58.90.170","hostname":"desktop-c2a1841.c.lc-demo-infra.internal.","iid":"09774cc8-cb43-4164-abd3-87230031c142","int_ip":"10.128.15.200","latency":838,"moduleid":2,"oid":"aac9c41d-e0a3-4e7e-88b8-33936ab93238","parent":"5e6b7b034a93c77d07a534f16818de60","plat":268435456,"sid":"c4ba6121-d13d-4871-82f8-4b5c5556761e","tags":["lc:testtag","windows"],"this":"b6e8445755d0c7b924ed0f9d6848d170"},"ts":"2025-06-11 00:44:31"}
{"event":{"DNS_TYPE":1,"DOMAIN_NAME":"logging-alv.googleapis.com","IP_ADDRESS":"216.239.32.174","MESSAGE_ID":15956,"PROCESS_ID":1912},"routing":{"arch":2,"did":"","event_id":"63b211d4-c7da-4a0e-9057-23cde8a70b21","event_time":1749602671147,"event_type":"DNS_REQUEST","ext_ip":"34.58.90.170","hostname":"desktop-c2a1841.c.lc-demo-infra.internal.","iid":"09774cc8-cb43-4164-abd3-87230031c142","int_ip":"10.128.15.200","latency":838,"moduleid":2,"oid":"aac9c41d-e0a3-4e7e-88b8-33936ab93238","parent":"5e6b7b034a93c77d07a534f16818de60","plat":268435456,"sid":"c4ba6121-d13d-4871-82f8-4b5c5556761e","tags":["lc:testtag","windows"],"this":"3afb1375db271d8321e377936848d170"},"ts":"2025-06-11 00:44:31"}
{"event":{"PROCESS_ID":648,"REGISTRY_KEY":"\\REGISTRY\\MACHINE\\SAM\\SAM\\Domains\\Account\\Users\\000001F4\\F","REGISTRY_VALUE":"AwABAAAAAAAAAAAAAAAAAA==","SIZE":3,"TYPE":3},"routing":{"arch":2,"did":"","event_id":"1a2acedf-5a96-43e5-abd6-6b3a54d97eac","event_time":1749602671112,"event_type":"REGISTRY_WRITE","ext_ip":"34.58.90.170","hostname":"desktop-c2a1841.c.lc-demo-infra.internal.","iid":"09774cc8-cb43-4164-abd3-87230031c142","int_ip":"10.128.15.200","latency":895,"moduleid":2,"oid":"aac9c41d-e0a3-4e7e-88b8-33936ab93238","parent":"8ced3bfcbf30b0dc5810c9e36818de5e","plat":268435456,"sid":"c4ba6121-d13d-4871-82f8-4b5c5556761e","tags":["lc:testtag","windows"],"this":"cf163413c78222f4cfae0df16848d170"},"ts":"2025-06-11 00:44:31"}
{"event":{"EVENT":{"EventData":{"Data":"2025-06-11T00:44:29.0628Z OSConfigAgent Error inventory.go:50: packages.GetInstalledPackages() error: error listing installed Windows updates: error running agent to query for WUA updates, err: exit status 1, stderr: \"error calling GetWUAUpdateCollection with query \\\"IsInstalled=1\\\": error calling method Search on IUpdateSearcher: Exception occurred. (The service cannot be started, either because it is disabled or because it has no enabled devices associated with it.\\r\\n) SCODE: 0x80070422\""},"System":{"Channel":"Application","Computer":"DESKTOP-C2A1841","Correlation":"","EventID":{"Qualifiers":"0","content":"882"},"EventRecordID":"28563","Execution":{"ProcessID":"0","ThreadID":"0"},"Keywords":"0x80000000000000","Level":"2","Opcode":"0","Provider":{"Name":"OSConfigAgent"},"Security":"","Task":"0","TimeCreated":{"SystemTime":"2025-06-11T00:44:29.0628372Z"},"Version":"0","_event_id":"882"}}},"routing":{"arch":2,"did":"","event_id":"376d0b2a-822d-4bb5-83bf-f4de34af1544","event_time":1749602670063,"event_type":"WEL","ext_ip":"34.58.90.170","hostname":"desktop-c2a1841.c.lc-demo-infra.internal.","iid":"09774cc8-cb43-4164-abd3-87230031c142","int_ip":"10.128.15.200","latency":-15,"moduleid":2,"oid":"aac9c41d-e0a3-4e7e-88b8-33936ab93238","plat":268435456,"sid":"c4ba6121-d13d-4871-82f8-4b5c5556761e","tags":["lc:testtag","windows"],"this":"68d82c299e273cda3559bd276848d16e"},"ts":"2025-06-11 00:44:30"}
{"event":{"EVENT":{"EventData":{"AuthenticationPackageName":"NTLM","FailureReason":"%%2313","IpAddress":"159.203.177.123","IpPort":"0","KeyLength":"0","LmPackageName":"-","LogonProcessName":"NtLmSsp","LogonType":"3","ProcessId":"0x0","ProcessName":"-","Status":"0xc000006d","SubStatus":"0xc000006a","SubjectDomainName":"-","SubjectLogonId":"0x0","SubjectUserName":"-","SubjectUserSid":"S-1-0-0","TargetDomainName":"","TargetUserName":"Administrator","TargetUserSid":"S-1-0-0","TransmittedServices":"-","WorkstationName":"workstation"},"System":{"Channel":"Security","Computer":"DESKTOP-C2A1841","Correlation":{"ActivityID":"{352b8892-aa45-0001-ddca-25f63c52db01}"},"EventID":"4625","EventRecordID":"4695522","Execution":{"ProcessID":"648","ThreadID":"4000"},"Keywords":"0x8010000000000000","Level":"0","Opcode":"0","Provider":{"Guid":"{54849625-5478-4994-a5ba-3e3b0328c30d}","Name":"Microsoft-Windows-Security-Auditing"},"Security":"","Task":"12544","TimeCreated":{"SystemTime":"2025-06-11T00:44:28.2085899Z"},"Version":"0","_event_id":"4625"}}},"routing":{"arch":2,"did":"","event_id":"2fce5b89-2d00-48c4-a079-0b4efa2ca134","event_time":1749602670204,"event_type":"WEL","ext_ip":"34.58.90.170","hostname":"desktop-c2a1841.c.lc-demo-infra.internal.","iid":"09774cc8-cb43-4164-abd3-87230031c142","int_ip":"10.128.15.200","latency":-22,"moduleid":2,"oid":"aac9c41d-e0a3-4e7e-88b8-33936ab93238","plat":268435456,"sid":"c4ba6121-d13d-4871-82f8-4b5c5556761e","tags":["lc:testtag","windows"],"this":"2a7b0a34a6bc463ccc9180a06848d16e"},"ts":"2025-06-11 00:44:30"}
{"event":{"EVENT":{"EventData":{"AuthenticationPackageName":"Negotiate","ElevatedToken":"%%1842","ImpersonationLevel":"%%1833","IpAddress":"-","IpPort":"-","KeyLength":"0","LmPackageName":"-","LogonGuid":"{00000000-0000-0000-0000-000000000000}","LogonProcessName":"Advapi","LogonType":"5","ProcessId":"0x270","ProcessName":"C:\\Windows\\System32\\services.exe","RestrictedAdminMode":"-","SubjectDomainName":"WORKGROUP","SubjectLogonId":"0x3e7","SubjectUserName":"DESKTOP-C2A1841$","SubjectUserSid":"S-1-5-18","TargetDomainName":"NT AUTHORITY","TargetLinkedLogonId":"0x0","TargetLogonId":"0x3e7","TargetOutboundDomainName":"-","TargetOutboundUserName":"-","TargetUserName":"SYSTEM","TargetUserSid":"S-1-5-18","TransmittedServices":"-","VirtualAccount":"%%1843","WorkstationName":"-"},"System":{"Channel":"Security","Computer":"DESKTOP-C2A1841","Correlation":{"ActivityID":"{352b8892-aa45-0001-ddca-25f63c52db01}"},"EventID":"4624","EventRecordID":"4695523","Execution":{"ProcessID":"648","ThreadID":"15328"},"Keywords":"0x8020000000000000","Level":"0","Opcode":"0","Provider":{"Guid":"{54849625-5478-4994-a5ba-3e3b0328c30d}","Name":"Microsoft-Windows-Security-Auditing"},"Security":"","Task":"12544","TimeCreated":{"SystemTime":"2025-06-11T00:44:28.7361118Z"},"Version":"2","_event_id":"4624"}}},"routing":{"arch":2,"did":"","event_id":"66fb54be-429d-4922-88ad-a3d1aca07b4b","event_time":1749602670206,"event_type":"WEL","ext_ip":"34.58.90.170","hostname":"desktop-c2a1841.c.lc-demo-infra.internal.","iid":"09774cc8-cb43-4164-abd3-87230031c142","int_ip":"10.128.15.200","latency":-21,"moduleid":2,"oid":"aac9c41d-e0a3-4e7e-88b8-33936ab93238","plat":268435456,"sid":"c4ba6121-d13d-4871-82f8-4b5c5556761e","tags":["lc:testtag","windows"],"this":"699122e108d52030fe182aa26848d16e"},"ts":"2025-06-11 00:44:30"}
{"event":{"EVENT":{"EventData":{"PrivilegeList":"SeAssignPrimaryTokenPrivilege\n\t\t\tSeTcbPrivilege\n\t\t\tSeSecurityPrivilege\n\t\t\tSeTakeOwnershipPrivilege\n\t\t\tSeLoadDriverPrivilege\n\t\t\tSeBackupPrivilege\n\t\t\tSeRestorePrivilege\n\t\t\tSeDebugPrivilege\n\t\t\tSeAuditPrivilege\n\t\t\tSeSystemEnvironmentPrivilege\n\t\t\tSeImpersonatePrivilege\n\t\t\tSeDelegateSessionUserImpersonatePrivilege","SubjectDomainName":"NT AUTHORITY","SubjectLogonId":"0x3e7","SubjectUserName":"SYSTEM","SubjectUserSid":"S-1-5-18"},"System":{"Channel":"Security","Computer":"DESKTOP-C2A1841","Correlation":{"ActivityID":"{352b8892-aa45-0001-ddca-25f63c52db01}"},"EventID":"4672","EventRecordID":"4695524","Execution":{"ProcessID":"648","ThreadID":"15328"},"Keywords":"0x8020000000000000","Level":"0","Opcode":"0","Provider":{"Guid":"{54849625-5478-4994-a5ba-3e3b0328c30d}","Name":"Microsoft-Windows-Security-Auditing"},"Security":"","Task":"12548","TimeCreated":{"SystemTime":"2025-06-11T00:44:28.7361245Z"},"Version":"0","_event_id":"4672"}}},"routing":{"arch":2,"did":"","event_id":"d68f6fa2-4b0a-44db-b876-9971f8658adb","event_time":1749602670206,"event_type":"WEL","ext_ip":"34.58.90.170","hostname":"desktop-c2a1841.c.lc-demo-infra.internal.","iid":"09774cc8-cb43-4164-abd3-87230031c142","int_ip":"10.128.15.200","latency":-18,"moduleid":2,"oid":"aac9c41d-e0a3-4e7e-88b8-33936ab93238","plat":268435456,"sid":"c4ba6121-d13d-4871-82f8-4b5c5556761e","tags":["lc:testtag","windows"],"this":"c04eea3686e768ec4698a95f6848d16e"},"ts":"2025-06-11 00:44:30"}
{"event":{"EVENT":{"EventData":{"Data":"INFO : 2025/06/11 00:44:29.202464 client.go:185: Fetching repo content for https://packages.cloud.google.com/yuck/repos/google-compute-engine-stable, cache either doesn't exist or is older than 3m0s"},"System":{"Channel":"Application","Computer":"DESKTOP-C2A1841","Correlation":"","EventID":{"Qualifiers":"0","content":"1"},"EventRecordID":"28564","Execution":{"ProcessID":"0","ThreadID":"0"},"Keywords":"0x80000000000000","Level":"4","Opcode":"0","Provider":{"Name":"GooGet"},"Security":"","Task":"0","TimeCreated":{"SystemTime":"2025-06-11T00:44:29.2424890Z"},"Version":"0","_event_id":"1"}}},"routing":{"arch":2,"did":"","event_id":"e1b5a9b8-8de1-4839-ab2f-c6beb5f8f7c7","event_time":1749602670243,"event_type":"WEL","ext_ip":"34.58.90.170","hostname":"desktop-c2a1841.c.lc-demo-infra.internal.","iid":"09774cc8-cb43-4164-abd3-87230031c142","int_ip":"10.128.15.200","latency":-30,"moduleid":2,"oid":"aac9c41d-e0a3-4e7e-88b8-33936ab93238","plat":268435456,"sid":"c4ba6121-d13d-4871-82f8-4b5c5556761e","tags":["lc:testtag","windows"],"this":"4ad3e747f4e20227655a44596848d16e"},"ts":"2025-06-11 00:44:30"}
{"event":{"EVENT":{"EventData":{"Data":"INFO : 2025/06/11 00:44:29.243477 client.go:247: Fetching \"https://packages.cloud.google.com/yuck/repos/google-compute-engine-stable/index.gz\""},"System":{"Channel":"Application","Computer":"DESKTOP-C2A1841","Correlation":"","EventID":{"Qualifiers":"0","content":"1"},"EventRecordID":"28565","Execution":{"ProcessID":"0","ThreadID":"0"},"Keywords":"0x80000000000000","Level":"4","Opcode":"0","Provider":{"Name":"GooGet"},"Security":"","Task":"0","TimeCreated":{"SystemTime":"2025-06-11T00:44:29.2434770Z"},"Version":"0","_event_id":"1"}}},"routing":{"arch":2,"did":"","event_id":"975e3c02-f4ee-4ec4-8cbc-68400ea1e8bd","event_time":1749602670244,"event_type":"WEL","ext_ip":"34.58.90.170","hostname":"desktop-c2a1841.c.lc-demo-infra.internal.","iid":"09774cc8-cb43-4164-abd3-87230031c142","int_ip":"10.128.15.200","latency":-29,"moduleid":2,"oid":"aac9c41d-e0a3-4e7e-88b8-33936ab93238","plat":268435456,"sid":"c4ba6121-d13d-4871-82f8-4b5c5556761e","tags":["lc:testtag","windows"],"this":"c31d7f989787befa7e28693e6848d16e"},"ts":"2025-06-11 00:44:30"}
{"event":{"EVENT":{"EventData":{"Data":"INFO : 2025/06/11 00:44:29.337230 googet_update.go:122: Update for package google-compute-engine-windows.x86_64, 20240109.00.0@1 installed and 20250414.00.0@1 available from https://packages.cloud.google.com/yuck/repos/google-compute-engine-stable."},"System":{"Channel":"Application","Computer":"DESKTOP-C2A1841","Correlation":"","EventID":{"Qualifiers":"0","content":"1"},"EventRecordID":"28566","Execution":{"ProcessID":"0","ThreadID":"0"},"Keywords":"0x80000000000000","Level":"4","Opcode":"0","Provider":{"Name":"GooGet"},"Security":"","Task":"0","TimeCreated":{"SystemTime":"2025-06-11T00:44:29.3372309Z"},"Version":"0","_event_id":"1"}}},"routing":{"arch":2,"did":"","event_id":"b44a877c-e1bf-41af-8179-1dca0e2de31d","event_time":1749602670338,"event_type":"WEL","ext_ip":"34.58.90.170","hostname":"desktop-c2a1841.c.lc-demo-infra.internal.","iid":"09774cc8-cb43-4164-abd3-87230031c142","int_ip":"10.128.15.200","latency":-29,"moduleid":2,"oid":"aac9c41d-e0a3-4e7e-88b8-33936ab93238","plat":268435456,"sid":"c4ba6121-d13d-4871-82f8-4b5c5556761e","tags":["lc:testtag","windows"],"this":"a6610843c7bb06f081936b586848d16e"},"ts":"2025-06-11 00:44:30"}
{"event":{"EVENT":{"EventData":{"Data":"INFO : 2025/06/11 00:44:29.338265 googet_update.go:122: Update for package google-compute-engine-sysprep.noarch, 20240122.00@1 installed and 20250414.00@1 available from https://packages.cloud.google.com/yuck/repos/google-compute-engine-stable."},"System":{"Channel":"Application","Computer":"DESKTOP-C2A1841","Correlation":"","EventID":{"Qualifiers":"0","content":"1"},"EventRecordID":"28567","Execution":{"ProcessID":"0","ThreadID":"0"},"Keywords":"0x80000000000000","Level":"4","Opcode":"0","Provider":{"Name":"GooGet"},"Security":"","Task":"0","TimeCreated":{"SystemTime":"2025-06-11T00:44:29.3382658Z"},"Version":"0","_event_id":"1"}}},"routing":{"arch":2,"did":"","event_id":"fe233484-20ac-415a-bfb5-42e468e10af4","event_time":1749602670339,"event_type":"WEL","ext_ip":"34.58.90.170","hostname":"desktop-c2a1841.c.lc-demo-infra.internal.","iid":"09774cc8-cb43-4164-abd3-87230031c142","int_ip":"10.128.15.200","latency":-29,"moduleid":2,"oid":"aac9c41d-e0a3-4e7e-88b8-33936ab93238","plat":268435456,"sid":"c4ba6121-d13d-4871-82f8-4b5c5556761e","tags":["lc:testtag","windows"],"this":"f25f0232abcb79043bcf54b46848d16e"},"ts":"2025-06-11 00:44:30"}
{"event":{"EVENT":{"EventData":{"Data":"INFO : 2025/06/11 00:44:29.338265 googet_update.go:126: google-compute-engine-driver-balloon.x86_64 - latest version installed"},"System":{"Channel":"Application","Computer":"DESKTOP-C2A1841","Correlation":"","EventID":{"Qualifiers":"0","content":"1"},"EventRecordID":"28568","Execution":{"ProcessID":"0","ThreadID":"0"},"Keywords":"0x80000000000000","Level":"4","Opcode":"0","Provider":{"Name":"GooGet"},"Security":"","Task":"0","TimeCreated":{"SystemTime":"2025-06-11T00:44:29.3382658Z"},"Version":"0","_event_id":"1"}}},"routing":{"arch":2,"did":"","event_id":"275df6b4-dc64-4a7d-bd1e-c7979755f6cb","event_time":1749602670339,"event_type":"WEL","ext_ip":"34.58.90.170","hostname":"desktop-c2a1841.c.lc-demo-infra.internal.","iid":"09774cc8-cb43-4164-abd3-87230031c142","int_ip":"10.128.15.200","latency":-27,"moduleid":2,"oid":"aac9c41d-e0a3-4e7e-88b8-33936ab93238","plat":268435456,"sid":"c4ba6121-d13d-4871-82f8-4b5c5556761e","tags":["lc:testtag","windows"],"this":"92bc8f84aa34608cbf3a23496848d16e"},"ts":"2025-06-11 00:44:30"}
{"event":{"EVENT":{"EventData":{"Data":"INFO : 2025/06/11 00:44:29.339430 googet_update.go:126: google-compute-engine-driver-pvpanic.x86_64 - latest version installed"},"System":{"Channel":"Application","Computer":"DESKTOP-C2A1841","Correlation":"","EventID":{"Qualifiers":"0","content":"1"},"EventRecordID":"28569","Execution":{"ProcessID":"0","ThreadID":"0"},"Keywords":"0x80000000000000","Level":"4","Opcode":"0","Provider":{"Name":"GooGet"},"Security":"","Task":"0","TimeCreated":{"SystemTime":"2025-06-11T00:44:29.3394302Z"},"Version":"0","_event_id":"1"}}},"routing":{"arch":2,"did":"","event_id":"c7a9d3e4-710c-4be3-8681-210461d13fe2","event_time":1749602670340,"event_type":"WEL","ext_ip":"34.58.90.170","hostname":"desktop-c2a1841.c.lc-demo-infra.internal.","iid":"09774cc8-cb43-4164-abd3-87230031c142","int_ip":"10.128.15.200","latency":-27,"moduleid":2,"oid":"aac9c41d-e0a3-4e7e-88b8-33936ab93238","plat":268435456,"sid":"c4ba6121-d13d-4871-82f8-4b5c5556761e","tags":["lc:testtag","windows"],"this":"b4185e468689e2bcfa5d39a16848d16e"},"ts":"2025-06-11 00:44:30"}
{"event":{"EVENT":{"EventData":{"Data":"INFO : 2025/06/11 00:44:29.339430 googet_update.go:122: Update for package google-osconfig-agent.x86_64, 20240320.00.0+win@1 installed and 20250520.00.0+win@1 available from https://packages.cloud.google.com/yuck/repos/google-compute-engine-stable."},"System":{"Channel":"Application","Computer":"DESKTOP-C2A1841","Correlation":"","EventID":{"Qualifiers":"0","content":"1"},"EventRecordID":"28570","Execution":{"ProcessID":"0","ThreadID":"0"},"Keywords":"0x80000000000000","Level":"4","Opcode":"0","Provider":{"Name":"GooGet"},"Security":"","Task":"0","TimeCreated":{"SystemTime":"2025-06-11T00:44:29.3394302Z"},"Version":"0","_event_id":"1"}}},"routing":{"arch":2,"did":"","event_id":"d83dfc34-8d9e-44dd-9987-e267f347ca20","event_time":1749602670340,"event_type":"WEL","ext_ip":"34.58.90.170","hostname":"desktop-c2a1841.c.lc-demo-infra.internal.","iid":"09774cc8-cb43-4164-abd3-87230031c142","int_ip":"10.128.15.200","latency":-26,"moduleid":2,"oid":"aac9c41d-e0a3-4e7e-88b8-33936ab93238","plat":268435456,"sid":"c4ba6121-d13d-4871-82f8-4b5c5556761e","tags":["lc:testtag","windows"],"this":"812be45b7630e6afa51ac5256848d16e"},"ts":"2025-06-11 00:44:30"}
{"event":{"EVENT":{"EventData":{"Data":"INFO : 2025/06/11 00:44:29.340107 googet_update.go:126: googet.x86_64 - latest version installed"},"System":{"Channel":"Application","Computer":"DESKTOP-C2A1841","Correlation":"","EventID":{"Qualifiers":"0","content":"1"},"EventRecordID":"28571","Execution":{"ProcessID":"0","ThreadID":"0"},"Keywords":"0x80000000000000","Level":"4","Opcode":"0","Provider":{"Name":"GooGet"},"Security":"","Task":"0","TimeCreated":{"SystemTime":"2025-06-11T00:44:29.3401074Z"},"Version":"0","_event_id":"1"}}},"routing":{"arch":2,"did":"","event_id":"05957b5f-36d3-4ed8-b9f7-8fc1d88f9b5a","event_time":1749602670341,"event_type":"WEL","ext_ip":"34.58.90.170","hostname":"desktop-c2a1841.c.lc-demo-infra.internal.","iid":"09774cc8-cb43-4164-abd3-87230031c142","int_ip":"10.128.15.200","latency":-25,"moduleid":2,"oid":"aac9c41d-e0a3-4e7e-88b8-33936ab93238","plat":268435456,"sid":"c4ba6121-d13d-4871-82f8-4b5c5556761e","tags":["lc:testtag","windows"],"this":"cbbc359f6a23a51a1e3b54b06848d16e"},"ts":"2025-06-11 00:44:30"}
{"event":{"EVENT":{"EventData":{"Data":"INFO : 2025/06/11 00:44:29.340362 googet_update.go:122: Update for package google-compute-engine-metadata-scripts.x86_64, 20240109.00.0@1 installed and 20250414.00.0@1 available from https://packages.cloud.google.com/yuck/repos/google-compute-engine-stable."},"System":{"Channel":"Application","Computer":"DESKTOP-C2A1841","Correlation":"","EventID":{"Qualifiers":"0","content":"1"},"EventRecordID":"28572","Execution":{"ProcessID":"0","ThreadID":"0"},"Keywords":"0x80000000000000","Level":"4","Opcode":"0","Provider":{"Name":"GooGet"},"Security":"","Task":"0","TimeCreated":{"SystemTime":"2025-06-11T00:44:29.3403625Z"},"Version":"0","_event_id":"1"}}},"routing":{"arch":2,"did":"","event_id":"a5f0f45c-8a48-4632-90fc-18aeae03ac4a","event_time":1749602670341,"event_type":"WEL","ext_ip":"34.58.90.170","hostname":"desktop-c2a1841.c.lc-demo-infra.internal.","iid":"09774cc8-cb43-4164-abd3-87230031c142","int_ip":"10.128.15.200","latency":-23,"moduleid":2,"oid":"aac9c41d-e0a3-4e7e-88b8-33936ab93238","plat":268435456,"sid":"c4ba6121-d13d-4871-82f8-4b5c5556761e","tags":["lc:testtag","windows"],"this":"e29af3653c98fb3e21b21b036848d16e"},"ts":"2025-06-11 00:44:30"}
{"event":{"EVENT":{"EventData":{"Data":"INFO : 2025/06/11 00:44:29.340362 googet_update.go:126: google-compute-engine-powershell.noarch - latest version installed"},"System":{"Channel":"Application","Computer":"DESKTOP-C2A1841","Correlation":"","EventID":{"Qualifiers":"0","content":"1"},"EventRecordID":"28573","Execution":{"ProcessID":"0","ThreadID":"0"},"Keywords":"0x80000000000000","Level":"4","Opcode":"0","Provider":{"Name":"GooGet"},"Security":"","Task":"0","TimeCreated":{"SystemTime":"2025-06-11T00:44:29.3403625Z"},"Version":"0","_event_id":"1"}}},"routing":{"arch":2,"did":"","event_id":"5e96919e-6246-4a27-8698-e2d3ce18c100","event_time":1749602670341,"event_type":"WEL","ext_ip":"34.58.90.170","hostname":"desktop-c2a1841.c.lc-demo-infra.internal.","iid":"09774cc8-cb43-4164-abd3-87230031c142","int_ip":"10.128.15.200","latency":-22,"moduleid":2,"oid":"aac9c41d-e0a3-4e7e-88b8-33936ab93238","plat":268435456,"sid":"c4ba6121-d13d-4871-82f8-4b5c5556761e","tags":["lc:testtag","windows"],"this":"30f11585881ab00b76169d1d6848d16e"},"ts":"2025-06-11 00:44:30"}
{"event":{"EVENT":{"EventData":{"Data":"INFO : 2025/06/11 00:44:29.341196 googet_update.go:126: certgen.x86_64 - latest version installed"},"System":{"Channel":"Application","Computer":"DESKTOP-C2A1841","Correlation":"","EventID":{"Qualifiers":"0","content":"1"},"EventRecordID":"28574","Execution":{"ProcessID":"0","ThreadID":"0"},"Keywords":"0x80000000000000","Level":"4","Opcode":"0","Provider":{"Name":"GooGet"},"Security":"","Task":"0","TimeCreated":{"SystemTime":"2025-06-11T00:44:29.3411965Z"},"Version":"0","_event_id":"1"}}},"routing":{"arch":2,"did":"","event_id":"7b9c3f80-5eb8-4894-8b7b-934aa6022246","event_time":1749602670342,"event_type":"WEL","ext_ip":"34.58.90.170","hostname":"desktop-c2a1841.c.lc-demo-infra.internal.","iid":"09774cc8-cb43-4164-abd3-87230031c142","int_ip":"10.128.15.200","latency":-22,"moduleid":2,"oid":"aac9c41d-e0a3-4e7e-88b8-33936ab93238","plat":268435456,"sid":"c4ba6121-d13d-4871-82f8-4b5c5556761e","tags":["lc:testtag","windows"],"this":"0ff6d20d56c798e59505798a6848d16e"},"ts":"2025-06-11 00:44:30"}
{"event":{"EVENT":{"EventData":{"Data":"2025-06-11T00:44:29.4999Z OSConfigAgent Error inventory.go:55: packages.GetPackageUpdates() error: error listing installed Windows updates: error running agent to query for WUA updates, err: exit status 1, stderr: \"error calling GetWUAUpdateCollection with query \\\"IsInstalled=0\\\": error calling method Search on IUpdateSearcher: Exception occurred. (The service cannot be started, either because it is disabled or because it has no enabled devices associated with it.\\r\\n) SCODE: 0x80070422\""},"System":{"Channel":"Application","Computer":"DESKTOP-C2A1841","Correlation":"","EventID":{"Qualifiers":"0","content":"882"},"EventRecordID":"28575","Execution":{"ProcessID":"0","ThreadID":"0"},"Keywords":"0x80000000000000","Level":"2","Opcode":"0","Provider":{"Name":"OSConfigAgent"},"Security":"","Task":"0","TimeCreated":{"SystemTime":"2025-06-11T00:44:29.4999566Z"},"Version":"0","_event_id":"882"}}},"routing":{"arch":2,"did":"","event_id":"f482a3f7-d103-481d-83c8-69fc1c2ce54a","event_time":1749602670499,"event_type":"WEL","ext_ip":"34.58.90.170","hostname":"desktop-c2a1841.c.lc-demo-infra.internal.","iid":"09774cc8-cb43-4164-abd3-87230031c142","int_ip":"10.128.15.200","latency":-15,"moduleid":2,"oid":"aac9c41d-e0a3-4e7e-88b8-33936ab93238","plat":268435456,"sid":"c4ba6121-d13d-4871-82f8-4b5c5556761e","tags":["lc:testtag","windows"],"this":"fe0d11cf6e88715cd4b0db246848d16e"},"ts":"2025-06-11 00:44:30"}
{"event":{"ENVIRONMENT_VARIABLES":["ALLUSERSPROFILE=C:\\ProgramData","APPDATA=C:\\Windows\\system32\\config\\systemprofile\\AppData\\Roaming","CommonProgramFiles=C:\\Program Files\\Common Files","CommonProgramFiles(x86)=C:\\Program Files (x86)\\Common Files","CommonProgramW6432=C:\\Program Files\\Common Files","COMPUTERNAME=DESKTOP-C2A1841","ComSpec=C:\\Windows\\system32\\cmd.exe","DriverData=C:\\Windows\\System32\\Drivers\\DriverData","GooGetRoot=C:\\ProgramData\\GooGet","LOCALAPPDATA=C:\\Windows\\system32\\config\\systemprofile\\AppData\\Local","NUMBER_OF_PROCESSORS=2","OS=Windows_NT","Path=C:\\Windows\\system32;C:\\Windows;C:\\Windows\\System32\\Wbem;C:\\Windows\\System32\\WindowsPowerShell\\v1.0\\;C:\\Windows\\System32\\OpenSSH\\;C:\\ProgramData\\GooGet;C:\\Program Files\\Google\\Compute Engine\\metadata_scripts;C:\\Program Files\\Google\\Compute Engine\\sysprep;C:\\Windows\\system32\\config\\systemprofile\\AppData\\Local\\Microsoft\\WindowsApps","PATHEXT=.COM;.EXE;.BAT;.CMD;.VBS;.VBE;.JS;.JSE;.WSF;.WSH;.MSC","PROCESSOR_ARCHITECTURE=AMD64","PROCESSOR_IDENTIFIER=Intel64 Family 6 Model 79 Stepping 0, GenuineIntel","PROCESSOR_LEVEL=6","PROCESSOR_REVISION=4f00","ProgramData=C:\\ProgramData","ProgramFiles=C:\\Program Files","ProgramFiles(x86)=C:\\Program Files (x86)","ProgramW6432=C:\\Program Files","PSModulePath=%ProgramFiles%\\WindowsPowerShell\\Modules;C:\\Windows\\system32\\WindowsPowerShell\\v1.0\\Modules","PUBLIC=C:\\Users\\Public","SystemDrive=C:","SystemRoot=C:\\Windows","TEMP=C:\\Windows\\TEMP","TMP=C:\\Windows\\TEMP","USERDOMAIN=WORKGROUP","USERNAME=DESKTOP-C2A1841$","USERPROFILE=C:\\Windows\\system32\\config\\systemprofile","windir=C:\\Windows"],"PROCESS_ID":18064},"routing":{"arch":2,"did":"","event_id":"f651318b-6c3c-4811-bcc0-2d2533f5f8cf","event_time":1749602670763,"event_type":"PROCESS_ENVIRONMENT","ext_ip":"34.58.90.170","hostname":"desktop-c2a1841.c.lc-demo-infra.internal.","iid":"09774cc8-cb43-4164-abd3-87230031c142","int_ip":"10.128.15.200","latency":37,"moduleid":2,"oid":"aac9c41d-e0a3-4e7e-88b8-33936ab93238","parent":"25a1c592b13320b7fd6a9c996848d16e","plat":268435456,"sid":"c4ba6121-d13d-4871-82f8-4b5c5556761e","tags":["lc:testtag","windows"],"this":"714281e81cc61bfdfeaa17f46848d16e"},"ts":"2025-06-11 00:44:30"}
{"event":{"ENVIRONMENT_VARIABLES":["ALLUSERSPROFILE=C:\\ProgramData","APPDATA=C:\\Windows\\system32\\config\\systemprofile\\AppData\\Roaming","CommonProgramFiles=C:\\Program Files\\Common Files","CommonProgramFiles(x86)=C:\\Program Files (x86)\\Common Files","CommonProgramW6432=C:\\Program Files\\Common Files","COMPUTERNAME=DESKTOP-C2A1841","ComSpec=C:\\Windows\\system32\\cmd.exe","DriverData=C:\\Windows\\System32\\Drivers\\DriverData","GooGetRoot=C:\\ProgramData\\GooGet","LOCALAPPDATA=C:\\Windows\\system32\\config\\systemprofile\\AppData\\Local","NUMBER_OF_PROCESSORS=2","OS=Windows_NT","Path=C:\\Windows\\system32;C:\\Windows;C:\\Windows\\System32\\Wbem;C:\\Windows\\System32\\WindowsPowerShell\\v1.0\\;C:\\Windows\\System32\\OpenSSH\\;C:\\ProgramData\\GooGet;C:\\Program Files\\Google\\Compute Engine\\metadata_scripts;C:\\Program Files\\Google\\Compute Engine\\sysprep;C:\\Windows\\system32\\config\\systemprofile\\AppData\\Local\\Microsoft\\WindowsApps","PATHEXT=.COM;.EXE;.BAT;.CMD;.VBS;.VBE;.JS;.JSE;.WSF;.WSH;.MSC","PROCESSOR_ARCHITECTURE=AMD64","PROCESSOR_IDENTIFIER=Intel64 Family 6 Model 79 Stepping 0, GenuineIntel","PROCESSOR_LEVEL=6","PROCESSOR_REVISION=4f00","ProgramData=C:\\ProgramData","ProgramFiles=C:\\Program Files","ProgramFiles(x86)=C:\\Program Files (x86)","ProgramW6432=C:\\Program Files","PSModulePath=%ProgramFiles%\\WindowsPowerShell\\Modules;C:\\Windows\\system32\\WindowsPowerShell\\v1.0\\Modules","PUBLIC=C:\\Users\\Public","SystemDrive=C:","SystemRoot=C:\\Windows","TEMP=C:\\Windows\\TEMP","TMP=C:\\Windows\\TEMP","USERDOMAIN=WORKGROUP","USERNAME=DESKTOP-C2A1841$","USERPROFILE=C:\\Windows\\system32\\config\\systemprofile","windir=C:\\Windows"],"PROCESS_ID":2052},"routing":{"arch":2,"did":"","event_id":"cb4e2683-af21-4323-b4da-b2cce87743b2","event_time":1749602670779,"event_type":"PROCESS_ENVIRONMENT","ext_ip":"34.58.90.170","hostname":"desktop-c2a1841.c.lc-demo-infra.internal.","iid":"09774cc8-cb43-4164-abd3-87230031c142","int_ip":"10.128.15.200","latency":44,"moduleid":2,"oid":"aac9c41d-e0a3-4e7e-88b8-33936ab93238","parent":"ec50314662a25c5865c32aae6848d16e","plat":268435456,"sid":"c4ba6121-d13d-4871-82f8-4b5c5556761e","tags":["lc:testtag","windows"],"this":"2d4912f8171affe44d6dfbba6848d16e"},"ts":"2025-06-11 00:44:30"}
{"event":{"COMMAND_LINE":"C:\\ProgramData\\GooGet\\googet.exe update","FILE_IS_SIGNED":0,"FILE_PATH":"C:\\ProgramData\\GooGet\\googet.exe","HASH":"9ab693244ec4fe589fc54720c12385d443f4703237d4a28803df765042780297","PARENT":{"BASE_ADDRESS":5570560,"COMMAND_LINE":"\"C:\\Program Files\\Google\\OSConfig\\google_osconfig_agent.exe\"","CREATION_TIME":1734629977340,"FILE_IS_SIGNED":1,"FILE_PATH":"C:\\Program Files\\Google\\OSConfig\\google_osconfig_agent.exe","HASH":"7c9caadf107fd9ace6dfe11c04fbea55794c0a61360c28c4c2715c3c296c7e6a","MEMORY_USAGE":8740864,"PARENT_ATOM":"132cae85f72455fc640afd1a6818de5e","PARENT_PROCESS_ID":624,"PROCESS_ID":1688,"THIS_ATOM":"8ad559d685b23631a0e32a616818de5f","THREADS":10,"TIMESTAMP":1746460255992,"USER_NAME":"NT AUTHORITY\\SYSTEM"},"PARENT_PROCESS_ID":1688,"PROCESS_ID":18568},"routing":{"arch":2,"did":"","event_id":"7248eb3e-02ab-4f78-b7a5-c42ba3a1ab24","event_time":1749602670142,"event_type":"NEW_PROCESS","ext_ip":"34.58.90.170","hostname":"desktop-c2a1841.c.lc-demo-infra.internal.","iid":"09774cc8-cb43-4164-abd3-87230031c142","int_ip":"10.128.15.200","latency":681,"moduleid":2,"oid":"aac9c41d-e0a3-4e7e-88b8-33936ab93238","parent":"8ad559d685b23631a0e32a616818de5f","plat":268435456,"sid":"c4ba6121-d13d-4871-82f8-4b5c5556761e","tags":["lc:testtag","windows"],"this":"42c7be570b465c9ced2e17706848d16e"},"ts":"2025-06-11 00:44:30"}
{"event":{"COMMAND_LINE":"\\??\\C:\\Windows\\system32\\conhost.exe 0xffffffff -ForceV1","FILE_IS_SIGNED":1,"FILE_PATH":"C:\\Windows\\System32\\Conhost.exe","HASH":"3c1c6d813d2b031d988204155fc198fe4f32ff56c05dabbcfcd5486131f4fb9d","PARENT":{"COMMAND_LINE":"C:\\ProgramData\\GooGet\\googet.exe update","FILE_IS_SIGNED":0,"FILE_PATH":"C:\\ProgramData\\GooGet\\googet.exe","HASH":"9ab693244ec4fe589fc54720c12385d443f4703237d4a28803df765042780297","PARENT_ATOM":"8ad559d685b23631a0e32a616818de5f","PARENT_PROCESS_ID":1688,"PROCESS_ID":18568,"THIS_ATOM":"42c7be570b465c9ced2e17706848d16e","TIMESTAMP":1749602670142},"PARENT_PROCESS_ID":18568,"PROCESS_ID":18988},"routing":{"arch":2,"did":"","event_id":"95aa696e-354f-4443-98a3-6d5f068dd60a","event_time":1749602670146,"event_type":"NEW_PROCESS","ext_ip":"34.58.90.170","hostname":"desktop-c2a1841.c.lc-demo-infra.internal.","iid":"09774cc8-cb43-4164-abd3-87230031c142","int_ip":"10.128.15.200","latency":686,"moduleid":2,"oid":"aac9c41d-e0a3-4e7e-88b8-33936ab93238","parent":"42c7be570b465c9ced2e17706848d16e","plat":268435456,"sid":"c4ba6121-d13d-4871-82f8-4b5c5556761e","tags":["lc:testtag","windows"],"this":"7800acb2ccdaff5472a4f5e96848d16e"},"ts":"2025-06-11 00:44:30"}
{"event":{"COMMAND_LINE":"\"C:\\Program Files\\Google\\OSConfig\\google_osconfig_agent.exe\" wuaupdates IsInstalled=0","FILE_IS_SIGNED":1,"FILE_PATH":"C:\\Program Files\\Google\\OSConfig\\google_osconfig_agent.exe","HASH":"7c9caadf107fd9ace6dfe11c04fbea55794c0a61360c28c4c2715c3c296c7e6a","PARENT":{"BASE_ADDRESS":5570560,"COMMAND_LINE":"\"C:\\Program Files\\Google\\OSConfig\\google_osconfig_agent.exe\"","CREATION_TIME":1734629977340,"FILE_IS_SIGNED":1,"FILE_PATH":"C:\\Program Files\\Google\\OSConfig\\google_osconfig_agent.exe","HASH":"7c9caadf107fd9ace6dfe11c04fbea55794c0a61360c28c4c2715c3c296c7e6a","MEMORY_USAGE":8740864,"PARENT_ATOM":"132cae85f72455fc640afd1a6818de5e","PARENT_PROCESS_ID":624,"PROCESS_ID":1688,"THIS_ATOM":"8ad559d685b23631a0e32a616818de5f","THREADS":10,"TIMESTAMP":1746460255992,"USER_NAME":"NT AUTHORITY\\SYSTEM"},"PARENT_PROCESS_ID":1688,"PROCESS_ID":856},"routing":{"arch":2,"did":"","event_id":"002edecf-c847-433b-a7a0-d9d7f9b861e1","event_time":1749602670366,"event_type":"NEW_PROCESS","ext_ip":"34.58.90.170","hostname":"desktop-c2a1841.c.lc-demo-infra.internal.","iid":"09774cc8-cb43-4164-abd3-87230031c142","int_ip":"10.128.15.200","latency":520,"moduleid":2,"oid":"aac9c41d-e0a3-4e7e-88b8-33936ab93238","parent":"8ad559d685b23631a0e32a616818de5f","plat":268435456,"sid":"c4ba6121-d13d-4871-82f8-4b5c5556761e","tags":["lc:testtag","windows"],"this":"81d631bbd466994be05044df6848d16e"},"ts":"2025-06-11 00:44:30"}
{"event":{"FILE_PATH":"\\Device\\NamedPipe\\srvsvc","PROCESS_ID":17128},"routing":{"arch":2,"did":"","event_id":"cef8c127-4e50-4a62-879d-460f53aceb86","event_time":1749602670597,"event_type":"OPEN_NAMED_PIPE","ext_ip":"34.58.90.170","hostname":"desktop-c2a1841.c.lc-demo-infra.internal.","iid":"09774cc8-cb43-4164-abd3-87230031c142","int_ip":"10.128.15.200","latency":332,"moduleid":2,"oid":"aac9c41d-e0a3-4e7e-88b8-33936ab93238","parent":"e39903b06c31f6d50811eec06848d16d","plat":268435456,"sid":"c4ba6121-d13d-4871-82f8-4b5c5556761e","tags":["lc:testtag","windows"],"this":"c3350f27cd499865af4d55596848d16e"},"ts":"2025-06-11 00:44:30"}
{"event":{"FILE_PATH":"\\Device\\NamedPipe\\srvsvc","PROCESS_ID":17128},"routing":{"arch":2,"did":"","event_id":"72497477-8d45-45e7-817f-8521a26345cb","event_time":1749602670597,"event_type":"OPEN_NAMED_PIPE","ext_ip":"34.58.90.170","hostname":"desktop-c2a1841.c.lc-demo-infra.internal.","iid":"09774cc8-cb43-4164-abd3-87230031c142","int_ip":"10.128.15.200","latency":332,"moduleid":2,"oid":"aac9c41d-e0a3-4e7e-88b8-33936ab93238","parent":"e39903b06c31f6d50811eec06848d16d","plat":268435456,"sid":"c4ba6121-d13d-4871-82f8-4b5c5556761e","tags":["lc:testtag","windows"],"this":"67e89ea4c37257d06bb4fe1a6848d16e"},"ts":"2025-06-11 00:44:30"}
{"event":{"COMMAND_LINE":"\\??\\C:\\Windows\\system32\\conhost.exe 0xffffffff -ForceV1","FILE_IS_SIGNED":1,"FILE_PATH":"C:\\Windows\\System32\\Conhost.exe","HASH":"3c1c6d813d2b031d988204155fc198fe4f32ff56c05dabbcfcd5486131f4fb9d","PARENT":{"COMMAND_LINE":"\"C:\\Program Files\\Google\\OSConfig\\google_osconfig_agent.exe\" wuaupdates IsInstalled=0","FILE_IS_SIGNED":1,"FILE_PATH":"C:\\Program Files\\Google\\OSConfig\\google_osconfig_agent.exe","HASH":"7c9caadf107fd9ace6dfe11c04fbea55794c0a61360c28c4c2715c3c296c7e6a","PARENT_ATOM":"8ad559d685b23631a0e32a616818de5f","PARENT_PROCESS_ID":1688,"PROCESS_ID":856,"THIS_ATOM":"81d631bbd466994be05044df6848d16e","TIMESTAMP":1749602670366},"PARENT_PROCESS_ID":856,"PROCESS_ID":18544},"routing":{"arch":2,"did":"","event_id":"c4cab3e9-5a5a-4798-886a-e6afe05fc965","event_time":1749602670369,"event_type":"NEW_PROCESS","ext_ip":"34.58.90.170","hostname":"desktop-c2a1841.c.lc-demo-infra.internal.","iid":"09774cc8-cb43-4164-abd3-87230031c142","int_ip":"10.128.15.200","latency":551,"moduleid":2,"oid":"aac9c41d-e0a3-4e7e-88b8-33936ab93238","parent":"81d631bbd466994be05044df6848d16e","plat":268435456,"sid":"c4ba6121-d13d-4871-82f8-4b5c5556761e","tags":["lc:testtag","windows"],"this":"af283c86cc642803dd967ab16848d16e"},"ts":"2025-06-11 00:44:30"}
{"event":{"FILE_PATH":"\\Device\\NamedPipe\\wkssvc","PROCESS_ID":17128},"routing":{"arch":2,"did":"","event_id":"e54d073e-4d0d-4bd0-bb3c-1a27c9ac0b37","event_time":1749602670597,"event_type":"OPEN_NAMED_PIPE","ext_ip":"34.58.90.170","hostname":"desktop-c2a1841.c.lc-demo-infra.internal.","iid":"09774cc8-cb43-4164-abd3-87230031c142","int_ip":"10.128.15.200","latency":332,"moduleid":2,"oid":"aac9c41d-e0a3-4e7e-88b8-33936ab93238","parent":"e39903b06c31f6d50811eec06848d16d","plat":268435456,"sid":"c4ba6121-d13d-4871-82f8-4b5c5556761e","tags":["lc:testtag","windows"],"this":"a49046c5fa801097a3f477306848d16e"},"ts":"2025-06-11 00:44:30"}
{"event":{"CNAME":"www3.l.google.com","DNS_TYPE":5,"DOMAIN_NAME":"packages.cloud.google.com","MESSAGE_ID":30465,"PROCESS_ID":1912},"routing":{"arch":2,"did":"","event_id":"40f4fa6c-25ef-45d5-9f5d-9e00fd0f9b9c","event_time":1749602670251,"event_type":"DNS_REQUEST","ext_ip":"34.58.90.170","hostname":"desktop-c2a1841.c.lc-demo-infra.internal.","iid":"09774cc8-cb43-4164-abd3-87230031c142","int_ip":"10.128.15.200","latency":731,"moduleid":2,"oid":"aac9c41d-e0a3-4e7e-88b8-33936ab93238","parent":"5e6b7b034a93c77d07a534f16818de60","plat":268435456,"sid":"c4ba6121-d13d-4871-82f8-4b5c5556761e","tags":["lc:testtag","windows"],"this":"164538002232f0f4c84b6e626848d16e"},"ts":"2025-06-11 00:44:30"}
{"event":{"DNS_TYPE":1,"DOMAIN_NAME":"www3.l.google.com","IP_ADDRESS":"209.85.200.138","MESSAGE_ID":30465,"PROCESS_ID":1912},"routing":{"arch":2,"did":"","event_id":"4ecca9a9-b7ee-4189-9810-85cc5f344ece","event_time":1749602670251,"event_type":"DNS_REQUEST","ext_ip":"34.58.90.170","hostname":"desktop-c2a1841.c.lc-demo-infra.internal.","iid":"09774cc8-cb43-4164-abd3-87230031c142","int_ip":"10.128.15.200","latency":732,"moduleid":2,"oid":"aac9c41d-e0a3-4e7e-88b8-33936ab93238","parent":"5e6b7b034a93c77d07a534f16818de60","plat":268435456,"sid":"c4ba6121-d13d-4871-82f8-4b5c5556761e","tags":["lc:testtag","windows"],"this":"3f956ade06c675c48715e4f86848d16e"},"ts":"2025-06-11 00:44:30"}
{"event":{"DNS_TYPE":1,"DOMAIN_NAME":"www3.l.google.com","IP_ADDRESS":"209.85.200.113","MESSAGE_ID":30465,"PROCESS_ID":1912},"routing":{"arch":2,"did":"","event_id":"89f02656-cfc9-4e62-9905-5e84bcb66509","event_time":1749602670251,"event_type":"DNS_REQUEST","ext_ip":"34.58.90.170","hostname":"desktop-c2a1841.c.lc-demo-infra.internal.","iid":"09774cc8-cb43-4164-abd3-87230031c142","int_ip":"10.128.15.200","latency":732,"moduleid":2,"oid":"aac9c41d-e0a3-4e7e-88b8-33936ab93238","parent":"5e6b7b034a93c77d07a534f16818de60","plat":268435456,"sid":"c4ba6121-d13d-4871-82f8-4b5c5556761e","tags":["lc:testtag","windows"],"this":"c9a7dfc3d469d0cb58c2bb1f6848d16e"},"ts":"2025-06-11 00:44:30"}
{"event":{"DNS_TYPE":1,"DOMAIN_NAME":"www3.l.google.com","IP_ADDRESS":"209.85.200.101","MESSAGE_ID":30465,"PROCESS_ID":1912},"routing":{"arch":2,"did":"","event_id":"11c8e1fc-b296-454e-89ec-7e814827d24d","event_time":1749602670251,"event_type":"DNS_REQUEST","ext_ip":"34.58.90.170","hostname":"desktop-c2a1841.c.lc-demo-infra.internal.","iid":"09774cc8-cb43-4164-abd3-87230031c142","int_ip":"10.128.15.200","latency":732,"moduleid":2,"oid":"aac9c41d-e0a3-4e7e-88b8-33936ab93238","parent":"5e6b7b034a93c77d07a534f16818de60","plat":268435456,"sid":"c4ba6121-d13d-4871-82f8-4b5c5556761e","tags":["lc:testtag","windows"],"this":"d4818cd366af49ba734c961c6848d16e"},"ts":"2025-06-11 00:44:30"}
{"event":{"DNS_TYPE":1,"DOMAIN_NAME":"www3.l.google.com","IP_ADDRESS":"209.85.200.100","MESSAGE_ID":30465,"PROCESS_ID":1912},"routing":{"arch":2,"did":"","event_id":"6658adee-cc22-4799-a43e-6b3cf00c5988","event_time":1749602670251,"event_type":"DNS_REQUEST","ext_ip":"34.58.90.170","hostname":"desktop-c2a1841.c.lc-demo-infra.internal.","iid":"09774cc8-cb43-4164-abd3-87230031c142","int_ip":"10.128.15.200","latency":732,"moduleid":2,"oid":"aac9c41d-e0a3-4e7e-88b8-33936ab93238","parent":"5e6b7b034a93c77d07a534f16818de60","plat":268435456,"sid":"c4ba6121-d13d-4871-82f8-4b5c5556761e","tags":["lc:testtag","windows"],"this":"51916ccdbb963ce248e724546848d16e"},"ts":"2025-06-11 00:44:30"}
{"event":{"DNS_TYPE":1,"DOMAIN_NAME":"www3.l.google.com","IP_ADDRESS":"209.85.200.102","MESSAGE_ID":30465,"PROCESS_ID":1912},"routing":{"arch":2,"did":"","event_id":"b036af36-fef8-4f1f-864e-1bd71a57a089","event_time":1749602670251,"event_type":"DNS_REQUEST","ext_ip":"34.58.90.170","hostname":"desktop-c2a1841.c.lc-demo-infra.internal.","iid":"09774cc8-cb43-4164-abd3-87230031c142","int_ip":"10.128.15.200","latency":732,"moduleid":2,"oid":"aac9c41d-e0a3-4e7e-88b8-33936ab93238","parent":"5e6b7b034a93c77d07a534f16818de60","plat":268435456,"sid":"c4ba6121-d13d-4871-82f8-4b5c5556761e","tags":["lc:testtag","windows"],"this":"9c704604e86ec7674e13a6496848d16e"},"ts":"2025-06-11 00:44:30"}
{"event":{"DNS_TYPE":1,"DOMAIN_NAME":"www3.l.google.com","IP_ADDRESS":"209.85.200.139","MESSAGE_ID":30465,"PROCESS_ID":1912},"routing":{"arch":2,"did":"","event_id":"c3ab7436-6464-40d4-9405-8677a8ad6a7d","event_time":1749602670251,"event_type":"DNS_REQUEST","ext_ip":"34.58.90.170","hostname":"desktop-c2a1841.c.lc-demo-infra.internal.","iid":"09774cc8-cb43-4164-abd3-87230031c142","int_ip":"10.128.15.200","latency":733,"moduleid":2,"oid":"aac9c41d-e0a3-4e7e-88b8-33936ab93238","parent":"5e6b7b034a93c77d07a534f16818de60","plat":268435456,"sid":"c4ba6121-d13d-4871-82f8-4b5c5556761e","tags":["lc:testtag","windows"],"this":"032feaf80c7cd72d4498187b6848d16e"},"ts":"2025-06-11 00:44:30"}
{"event":{"PARENT_PROCESS_ID":1688,"PROCESS_ID":18936},"routing":{"arch":2,"did":"","event_id":"2bc64cb7-404c-4044-acab-a899c3e469ca","event_time":1749602670234,"event_type":"TERMINATE_PROCESS","ext_ip":"34.58.90.170","hostname":"desktop-c2a1841.c.lc-demo-infra.internal.","iid":"09774cc8-cb43-4164-abd3-87230031c142","int_ip":"10.128.15.200","latency":3991,"moduleid":2,"oid":"aac9c41d-e0a3-4e7e-88b8-33936ab93238","parent":"b9bbe0095d15fa6f5736491c6848d16d","plat":268435456,"sid":"c4ba6121-d13d-4871-82f8-4b5c5556761e","tags":["lc:testtag","windows"],"this":"b3f1f551ec19b45008f1e11e6848d172"},"ts":"2025-06-11 00:44:30"}
{"event":{"PARENT_PROCESS_ID":18936,"PROCESS_ID":5480},"routing":{"arch":2,"did":"","event_id":"f100cf64-2f33-4625-a791-ed74aae3504f","event_time":1749602670234,"event_type":"TERMINATE_PROCESS","ext_ip":"34.58.90.170","hostname":"desktop-c2a1841.c.lc-demo-infra.internal.","iid":"09774cc8-cb43-4164-abd3-87230031c142","int_ip":"10.128.15.200","latency":3992,"moduleid":2,"oid":"aac9c41d-e0a3-4e7e-88b8-33936ab93238","parent":"01f478c18a87d545a475464c6848d16d","plat":268435456,"sid":"c4ba6121-d13d-4871-82f8-4b5c5556761e","tags":["lc:testtag","windows"],"this":"4f959ad616d00fde349fad826848d172"},"ts":"2025-06-11 00:44:30"}
{"event":{"PARENT_PROCESS_ID":1688,"PROCESS_ID":19100},"routing":{"arch":2,"did":"","event_id":"ecb0661e-2b7a-49d2-ab81-b4b04d15e555","event_time":1749602670234,"event_type":"TERMINATE_PROCESS","ext_ip":"34.58.90.170","hostname":"desktop-c2a1841.c.lc-demo-infra.internal.","iid":"09774cc8-cb43-4164-abd3-87230031c142","int_ip":"10.128.15.200","latency":3993,"moduleid":2,"oid":"aac9c41d-e0a3-4e7e-88b8-33936ab93238","parent":"a030833a12fba2ada5a770156848d16d","plat":268435456,"sid":"c4ba6121-d13d-4871-82f8-4b5c5556761e","tags":["lc:testtag","windows"],"this":"2869872206e43e63628dae2e6848d172"},"ts":"2025-06-11 00:44:30"}
{"event":{"PARENT_PROCESS_ID":19100,"PROCESS_ID":17900},"routing":{"arch":2,"did":"","event_id":"1b8062c3-3514-494c-bb40-584638bd5ba6","event_time":1749602670234,"event_type":"TERMINATE_PROCESS","ext_ip":"34.58.90.170","hostname":"desktop-c2a1841.c.lc-demo-infra.internal.","iid":"09774cc8-cb43-4164-abd3-87230031c142","int_ip":"10.128.15.200","latency":3993,"moduleid":2,"oid":"aac9c41d-e0a3-4e7e-88b8-33936ab93238","parent":"8ea6e719a1450e6d2f50bf9d6848d16d","plat":268435456,"sid":"c4ba6121-d13d-4871-82f8-4b5c5556761e","tags":["lc:testtag","windows"],"this":"65ce6ccca5fe16d947cf71f96848d172"},"ts":"2025-06-11 00:44:30"}
{"event":{"ENVIRONMENT_VARIABLES":["ALLUSERSPROFILE=C:\\ProgramData","APPDATA=C:\\Windows\\system32\\config\\systemprofile\\AppData\\Roaming","CommonProgramFiles=C:\\Program Files\\Common Files","CommonProgramFiles(x86)=C:\\Program Files (x86)\\Common Files","CommonProgramW6432=C:\\Program Files\\Common Files","COMPUTERNAME=DESKTOP-C2A1841","ComSpec=C:\\Windows\\system32\\cmd.exe","DriverData=C:\\Windows\\System32\\Drivers\\DriverData","GooGetRoot=C:\\ProgramData\\GooGet","LOCALAPPDATA=C:\\Windows\\system32\\config\\systemprofile\\AppData\\Local","NUMBER_OF_PROCESSORS=2","OS=Windows_NT","Path=C:\\Windows\\system32;C:\\Windows;C:\\Windows\\System32\\Wbem;C:\\Windows\\System32\\WindowsPowerShell\\v1.0\\;C:\\Windows\\System32\\OpenSSH\\;C:\\ProgramData\\GooGet;C:\\Program Files\\Google\\Compute Engine\\metadata_scripts;C:\\Program Files\\Google\\Compute Engine\\sysprep;C:\\Windows\\system32\\config\\systemprofile\\AppData\\Local\\Microsoft\\WindowsApps","PATHEXT=.COM;.EXE;.BAT;.CMD;.VBS;.VBE;.JS;.JSE;.WSF;.WSH;.MSC","PROCESSOR_ARCHITECTURE=AMD64","PROCESSOR_IDENTIFIER=Intel64 Family 6 Model 79 Stepping 0, GenuineIntel","PROCESSOR_LEVEL=6","PROCESSOR_REVISION=4f00","ProgramData=C:\\ProgramData","ProgramFiles=C:\\Program Files","ProgramFiles(x86)=C:\\Program Files (x86)","ProgramW6432=C:\\Program Files","PSModulePath=%ProgramFiles%\\WindowsPowerShell\\Modules;C:\\Windows\\system32\\WindowsPowerShell\\v1.0\\Modules","PUBLIC=C:\\Users\\Public","SystemDrive=C:","SystemRoot=C:\\Windows","TEMP=C:\\Windows\\TEMP","TMP=C:\\Windows\\TEMP","USERDOMAIN=WORKGROUP","USERNAME=DESKTOP-C2A1841$","USERPROFILE=C:\\Windows\\system32\\config\\systemprofile","windir=C:\\Windows"],"PROCESS_ID":17128},"routing":{"arch":2,"did":"","event_id":"b4ee836a-c527-4f03-af09-625b51bd4582","event_time":1749602669734,"event_type":"PROCESS_ENVIRONMENT","ext_ip":"34.58.90.170","hostname":"desktop-c2a1841.c.lc-demo-infra.internal.","iid":"09774cc8-cb43-4164-abd3-87230031c142","int_ip":"10.128.15.200","latency":0,"moduleid":2,"oid":"aac9c41d-e0a3-4e7e-88b8-33936ab93238","parent":"e39903b06c31f6d50811eec06848d16d","plat":268435456,"sid":"c4ba6121-d13d-4871-82f8-4b5c5556761e","tags":["lc:testtag","windows"],"this":"5b672a21df68e35ba37ea8156848d16d"},"ts":"2025-06-11 00:44:29"}
{"event":{"BASE_ADDRESS":140699389984768,"COMMAND_LINE":"C:\\Windows\\system32\\wbem\\wmiprvse.exe -secured -Embedding","FILE_IS_SIGNED":1,"FILE_PATH":"C:\\Windows\\system32\\wbem\\wmiprvse.exe","HASH":"2198a7b58bccb758036b969ddae6cc2ece07565e2659a7c541a313a0492231a3","MEMORY_USAGE":10178560,"PARENT":{"BASE_ADDRESS":140700938862592,"COMMAND_LINE":"C:\\Windows\\system32\\svchost.exe -k DcomLaunch -p","CREATION_TIME":1734629975978,"FILE_IS_SIGNED":1,"FILE_PATH":"C:\\Windows\\system32\\svchost.exe","HASH":"add683a6910abbbf0e28b557fad0ba998166394932ae2aca069d9aa19ea8fe88","MEMORY_USAGE":73998336,"PARENT_ATOM":"132cae85f72455fc640afd1a6818de5e","PARENT_PROCESS_ID":624,"PROCESS_ID":752,"THIS_ATOM":"3e4851ea8ec1a98e49341a176818de5e","THREADS":11,"TIMESTAMP":1746460254443,"USER_NAME":"NT AUTHORITY\\SYSTEM"},"PARENT_PROCESS_ID":752,"PROCESS_ID":17128,"THREADS":9,"USER_NAME":"NT AUTHORITY\\NETWORK SERVICE"},"routing":{"arch":2,"did":"","event_id":"a938c7d3-31ab-40fb-948f-0b94d234e6e3","event_time":1749602669365,"event_type":"NEW_PROCESS","ext_ip":"34.58.90.170","hostname":"desktop-c2a1841.c.lc-demo-infra.internal.","iid":"09774cc8-cb43-4164-abd3-87230031c142","int_ip":"10.128.15.200","latency":350,"moduleid":2,"oid":"aac9c41d-e0a3-4e7e-88b8-33936ab93238","parent":"3e4851ea8ec1a98e49341a176818de5e","plat":268435456,"sid":"c4ba6121-d13d-4871-82f8-4b5c5556761e","tags":["lc:testtag","windows"],"this":"e39903b06c31f6d50811eec06848d16d"},"ts":"2025-06-11 00:44:29"}
{"event":{"COMMAND_LINE":"C:\\ProgramData\\GooGet\\googet.exe installed","FILE_IS_SIGNED":0,"FILE_PATH":"C:\\ProgramData\\GooGet\\googet.exe","HASH":"9ab693244ec4fe589fc54720c12385d443f4703237d4a28803df765042780297","PARENT":{"BASE_ADDRESS":5570560,"COMMAND_LINE":"\"C:\\Program Files\\Google\\OSConfig\\google_osconfig_agent.exe\"","CREATION_TIME":1734629977340,"FILE_IS_SIGNED":1,"FILE_PATH":"C:\\Program Files\\Google\\OSConfig\\google_osconfig_agent.exe","HASH":"7c9caadf107fd9ace6dfe11c04fbea55794c0a61360c28c4c2715c3c296c7e6a","MEMORY_USAGE":8740864,"PARENT_ATOM":"132cae85f72455fc640afd1a6818de5e","PARENT_PROCESS_ID":624,"PROCESS_ID":1688,"THIS_ATOM":"8ad559d685b23631a0e32a616818de5f","THREADS":10,"TIMESTAMP":1746460255992,"USER_NAME":"NT AUTHORITY\\SYSTEM"},"PARENT_PROCESS_ID":1688,"PROCESS_ID":18936},"routing":{"arch":2,"did":"","event_id":"56efd192-5044-41cd-a254-ecab647579e1","event_time":1749602669487,"event_type":"NEW_PROCESS","ext_ip":"34.58.90.170","hostname":"desktop-c2a1841.c.lc-demo-infra.internal.","iid":"09774cc8-cb43-4164-abd3-87230031c142","int_ip":"10.128.15.200","latency":247,"moduleid":2,"oid":"aac9c41d-e0a3-4e7e-88b8-33936ab93238","parent":"8ad559d685b23631a0e32a616818de5f","plat":268435456,"sid":"c4ba6121-d13d-4871-82f8-4b5c5556761e","tags":["lc:testtag","windows"],"this":"b9bbe0095d15fa6f5736491c6848d16d"},"ts":"2025-06-11 00:44:29"}
{"event":{"COMMAND_LINE":"\\??\\C:\\Windows\\system32\\conhost.exe 0xffffffff -ForceV1","FILE_IS_SIGNED":1,"FILE_PATH":"C:\\Windows\\System32\\Conhost.exe","HASH":"3c1c6d813d2b031d988204155fc198fe4f32ff56c05dabbcfcd5486131f4fb9d","PARENT":{"COMMAND_LINE":"C:\\ProgramData\\GooGet\\googet.exe installed","FILE_IS_SIGNED":0,"FILE_PATH":"C:\\ProgramData\\GooGet\\googet.exe","HASH":"9ab693244ec4fe589fc54720c12385d443f4703237d4a28803df765042780297","PARENT_ATOM":"8ad559d685b23631a0e32a616818de5f","PARENT_PROCESS_ID":1688,"PROCESS_ID":18936,"THIS_ATOM":"b9bbe0095d15fa6f5736491c6848d16d","TIMESTAMP":1749602669487},"PARENT_PROCESS_ID":18936,"PROCESS_ID":5480},"routing":{"arch":2,"did":"","event_id":"687a66de-a335-40ae-b4a8-e76706c6d987","event_time":1749602669491,"event_type":"NEW_PROCESS","ext_ip":"34.58.90.170","hostname":"desktop-c2a1841.c.lc-demo-infra.internal.","iid":"09774cc8-cb43-4164-abd3-87230031c142","int_ip":"10.128.15.200","latency":315,"moduleid":2,"oid":"aac9c41d-e0a3-4e7e-88b8-33936ab93238","parent":"b9bbe0095d15fa6f5736491c6848d16d","plat":268435456,"sid":"c4ba6121-d13d-4871-82f8-4b5c5556761e","tags":["lc:testtag","windows"],"this":"01f478c18a87d545a475464c6848d16d"},"ts":"2025-06-11 00:44:29"}
