{"event":{"PARENT_PROCESS_ID":752,"PROCESS_ID":10264},"routing":{"arch":2,"did":"","event_id":"ebd92c95-04cf-4a32-a524-e06fa855829d","event_time":1749602638098,"event_type":"TERMINATE_PROCESS","ext_ip":"34.58.90.170","hostname":"desktop-c2a1841.c.lc-demo-infra.internal.","iid":"09774cc8-cb43-4164-abd3-87230031c142","int_ip":"10.128.15.200","latency":3994,"moduleid":2,"oid":"aac9c41d-e0a3-4e7e-88b8-33936ab93238","parent":"0bd44c40c4023c87519019f36848d123","plat":268435456,"sid":"c4ba6121-d13d-4871-82f8-4b5c5556761e","tags":["lc:testtag","windows"],"this":"d3181e723f1b3e66c32eb6c26848d152"},"ts":"2025-06-11 00:43:58"}
{"event":{"PARENT_PROCESS_ID":752,"PROCESS_ID":1132},"routing":{"arch":2,"did":"","event_id":"3c6e3655-edc3-4210-8751-6198af1e0a43","event_time":1749602638098,"event_type":"TERMINATE_PROCESS","ext_ip":"34.58.90.170","hostname":"desktop-c2a1841.c.lc-demo-infra.internal.","iid":"09774cc8-cb43-4164-abd3-87230031c142","int_ip":"10.128.15.200","latency":3994,"moduleid":2,"oid":"aac9c41d-e0a3-4e7e-88b8-33936ab93238","parent":"adc9aa8818132bfa12331e5a6848d123","plat":268435456,"sid":"c4ba6121-d13d-4871-82f8-4b5c5556761e","tags":["lc:testtag","windows"],"this":"f727519f01d7c316d79c6df16848d152"},"ts":"2025-06-11 00:43:58"}
{"event":{"FILE_PATH":"C:\\Windows\\Prefetch\\WMIPRVSE.EXE-E8B8DD29.pf","PROCESS_ID":1748},"routing":{"arch":2,"did":"","event_id":"6a04b507-529f-4944-a56a-5604a4401a53","event_time":1749602637458,"event_type":"FILE_MODIFIED","ext_ip":"34.58.90.170","hostname":"desktop-c2a1841.c.lc-demo-infra.internal.","iid":"09774cc8-cb43-4164-abd3-87230031c142","int_ip":"10.128.15.200","latency":63,"moduleid":2,"oid":"aac9c41d-e0a3-4e7e-88b8-33936ab93238","parent":"55ff55c5f3c5efdfb63413c16818de60","plat":268435456,"sid":"c4ba6121-d13d-4871-82f8-4b5c5556761e","tags":["lc:testtag","windows"],"this":"7432062641a4c3d34130282c6848d14d"},"ts":"2025-06-11 00:43:57"}
{"event":{"EVENT":{"EventData":{"AuthenticationPackageName":"NTLM","FailureReason":"%%2313","IpAddress":"45.88.228.145","IpPort":"0","KeyLength":"0","LmPackageName":"-","LogonProcessName":"NtLmSsp","LogonType":"3","ProcessId":"0x0","ProcessName":"-","Status":"0xc000006d","SubStatus":"0xc000006a","SubjectDomainName":"-","SubjectLogonId":"0x0","SubjectUserName":"-","SubjectUserSid":"S-1-0-0","TargetDomainName":"-","TargetUserName":"Administrator","TargetUserSid":"S-1-0-0","TransmittedServices":"-","WorkstationName":"workstation"},"System":{"Channel":"Security","Computer":"windows-server-2022-aac9c41d-e0a3-4e7e-88b8-33936ab93238-0","Correlation":{"ActivityID":"{55ae049b-37ef-0001-ee39-a76a4ac5db01}"},"EventID":"4625","EventRecordID":"4431802","Execution":{"ProcessID":"648","ThreadID":"8728"},"Keywords":"0x8010000000000000","Level":"0","Opcode":"0","Provider":{"Guid":"{54849625-5478-4994-a5ba-3e3b0328c30d}","Name":"Microsoft-Windows-Security-Auditing"},"Security":"","Task":"12544","TimeCreated":{"SystemTime":"2025-06-11T00:43:55.1195305Z"},"Version":"0","_event_id":"4625"}}},"routing":{"arch":2,"did":"","event_id":"e3990efe-2678-4bf1-9685-9c4ed4d56583","event_time":1749602636119,"event_type":"WEL","ext_ip":"34.171.104.183","hostname":"windows-server-2022-aac9c41d-e0a3-4e7e-88b8-33936ab93238-0.c.lc-demo-infra.internal.","iid":"09774cc8-cb43-4164-abd3-87230031c142","int_ip":"10.128.15.201","latency":2,"moduleid":2,"oid":"aac9c41d-e0a3-4e7e-88b8-33936ab93238","plat":268435456,"sid":"17b8710a-7337-4e64-9c18-2955e86f2d0d","tags":["fim","lc:stable","windows"],"this":"cdbadd3e3ca99aae10ae0d986848d14c"},"ts":"2025-06-11 00:43:56"}
{"event":{"EVENT":{"EventData":{"AuthenticationPackageName":"NTLM","FailureReason":"%%2313","IpAddress":"104.234.124.155","IpPort":"0","KeyLength":"0","LmPackageName":"-","LogonProcessName":"NtLmSsp","LogonType":"3","ProcessId":"0x0","ProcessName":"-","Status":"0xc000006d","SubStatus":"0xc000006a","SubjectDomainName":"-","SubjectLogonId":"0x0","SubjectUserName":"-","SubjectUserSid":"S-1-0-0","TargetDomainName":"","TargetUserName":"Administrator","TargetUserSid":"S-1-0-0","TransmittedServices":"-","WorkstationName":"workstation"},"System":{"Channel":"Security","Computer":"DESKTOP-C2A1841","Correlation":{"ActivityID":"{352b8892-aa45-0001-ddca-25f63c52db01}"},"EventID":"4625","EventRecordID":"4695518","Execution":{"ProcessID":"648","ThreadID":"4000"},"Keywords":"0x8010000000000000","Level":"0","Opcode":"0","Provider":{"Guid":"{54849625-5478-4994-a5ba-3e3b0328c30d}","Name":"Microsoft-Windows-Security-Auditing"},"Security":"","Task":"12544","TimeCreated":{"SystemTime":"2025-06-11T00:43:53.7578609Z"},"Version":"0","_event_id":"4625"}}},"routing":{"arch":2,"did":"","event_id":"0fb85cd7-ca51-49be-85b1-43a43f0576ed","event_time":1749602635755,"event_type":"WEL","ext_ip":"34.58.90.170","hostname":"desktop-c2a1841.c.lc-demo-infra.internal.","iid":"09774cc8-cb43-4164-abd3-87230031c142","int_ip":"10.128.15.200","latency":-28,"moduleid":2,"oid":"aac9c41d-e0a3-4e7e-88b8-33936ab93238","plat":268435456,"sid":"c4ba6121-d13d-4871-82f8-4b5c5556761e","tags":["lc:testtag","windows"],"this":"cf090a6ac76f714ceeeb59876848d14b"},"ts":"2025-06-11 00:43:55"}
{"event":{"EVENT":{"EventData":{"AuthenticationPackageName":"NTLM","FailureReason":"%%2313","IpAddress":"194.180.48.29","IpPort":"0","KeyLength":"0","LmPackageName":"-","LogonProcessName":"NtLmSsp","LogonType":"3","ProcessId":"0x0","ProcessName":"-","Status":"0xc000006d","SubStatus":"0xc000006a","SubjectDomainName":"-","SubjectLogonId":"0x0","SubjectUserName":"-","SubjectUserSid":"S-1-0-0","TargetDomainName":"-","TargetUserName":"ADMINISTRATOR","TargetUserSid":"S-1-0-0","TransmittedServices":"-","WorkstationName":"-"},"System":{"Channel":"Security","Computer":"windows-server-2022-aac9c41d-e0a3-4e7e-88b8-33936ab93238-0","Correlation":{"ActivityID":"{55ae049b-37ef-0001-ee39-a76a4ac5db01}"},"EventID":"4625","EventRecordID":"4431801","Execution":{"ProcessID":"648","ThreadID":"8728"},"Keywords":"0x8010000000000000","Level":"0","Opcode":"0","Provider":{"Guid":"{54849625-5478-4994-a5ba-3e3b0328c30d}","Name":"Microsoft-Windows-Security-Auditing"},"Security":"","Task":"12544","TimeCreated":{"SystemTime":"2025-06-11T00:43:53.2948170Z"},"Version":"0","_event_id":"4625"}}},"routing":{"arch":2,"did":"","event_id":"886a7ede-0fd7-4530-8039-10dcb57a9c1c","event_time":1749602634305,"event_type":"WEL","ext_ip":"34.171.104.183","hostname":"windows-server-2022-aac9c41d-e0a3-4e7e-88b8-33936ab93238-0.c.lc-demo-infra.internal.","iid":"09774cc8-cb43-4164-abd3-87230031c142","int_ip":"10.128.15.201","latency":2,"moduleid":2,"oid":"aac9c41d-e0a3-4e7e-88b8-33936ab93238","plat":268435456,"sid":"17b8710a-7337-4e64-9c18-2955e86f2d0d","tags":["fim","lc:stable","windows"],"this":"c9893b694e67ed4d5f5785296848d14a"},"ts":"2025-06-11 00:43:54"}
{"event":{"PROCESS_ID":648,"REGISTRY_KEY":"\\REGISTRY\\MACHINE\\SAM\\SAM\\Domains\\Account\\Users\\000001F4\\F","REGISTRY_VALUE":"AwABAAAAAAAAAAAAAAAAAA==","SIZE":3,"TYPE":3},"routing":{"arch":2,"did":"","event_id":"e073f393-07c4-42c6-8ac1-69d9a8fcc448","event_time":1749602634752,"event_type":"REGISTRY_WRITE","ext_ip":"34.58.90.170","hostname":"desktop-c2a1841.c.lc-demo-infra.internal.","iid":"09774cc8-cb43-4164-abd3-87230031c142","int_ip":"10.128.15.200","latency":974,"moduleid":2,"oid":"aac9c41d-e0a3-4e7e-88b8-33936ab93238","parent":"8ced3bfcbf30b0dc5810c9e36818de5e","plat":268435456,"sid":"c4ba6121-d13d-4871-82f8-4b5c5556761e","tags":["lc:testtag","windows"],"this":"58005574d9b4a253b97a23996848d14b"},"ts":"2025-06-11 00:43:54"}
{"event":{"EVENT":{"EventData":{"AuthenticationPackageName":"NTLM","FailureReason":"%%2313","IpAddress":"162.19.88.104","IpPort":"0","KeyLength":"0","LmPackageName":"-","LogonProcessName":"NtLmSsp","LogonType":"3","ProcessId":"0x0","ProcessName":"-","Status":"0xc000006d","SubStatus":"0xc000006a","SubjectDomainName":"-","SubjectLogonId":"0x0","SubjectUserName":"-","SubjectUserSid":"S-1-0-0","TargetDomainName":"","TargetUserName":"ADMIN","TargetUserSid":"S-1-0-0","TransmittedServices":"-","WorkstationName":"-"},"System":{"Channel":"Security","Computer":"DESKTOP-C2A1841","Correlation":{"ActivityID":"{352b8892-aa45-0001-ddca-25f63c52db01}"},"EventID":"4625","EventRecordID":"4695517","Execution":{"ProcessID":"648","ThreadID":"4000"},"Keywords":"0x8010000000000000","Level":"0","Opcode":"0","Provider":{"Guid":"{54849625-5478-4994-a5ba-3e3b0328c30d}","Name":"Microsoft-Windows-Security-Auditing"},"Security":"","Task":"12544","TimeCreated":{"SystemTime":"2025-06-11T00:43:49.6891101Z"},"Version":"0","_event_id":"4625"}}},"routing":{"arch":2,"did":"","event_id":"a8db166c-da77-49e3-af66-9aa5da317e7a","event_time":1749602631703,"event_type":"WEL","ext_ip":"34.58.90.170","hostname":"desktop-c2a1841.c.lc-demo-infra.internal.","iid":"09774cc8-cb43-4164-abd3-87230031c142","int_ip":"10.128.15.200","latency":-29,"moduleid":2,"oid":"aac9c41d-e0a3-4e7e-88b8-33936ab93238","plat":268435456,"sid":"c4ba6121-d13d-4871-82f8-4b5c5556761e","tags":["lc:testtag","windows"],"this":"ebd1a6390aa91eef5fe9d0a76848d147"},"ts":"2025-06-11 00:43:51"}
{"event":{"PROCESS_ID":648,"REGISTRY_KEY":"\\REGISTRY\\MACHINE\\SAM\\SAM\\Domains\\Account\\Users\\000003E9\\F","REGISTRY_VALUE":"AwABAAAAAABJcLS4NJnaAQ==","SIZE":3,"TYPE":3},"routing":{"arch":2,"did":"","event_id":"1ae6ec1a-bac0-423b-a26d-a2e604e5b130","event_time":1749602630688,"event_type":"REGISTRY_WRITE","ext_ip":"34.58.90.170","hostname":"desktop-c2a1841.c.lc-demo-infra.internal.","iid":"09774cc8-cb43-4164-abd3-87230031c142","int_ip":"10.128.15.200","latency":-5,"moduleid":2,"oid":"aac9c41d-e0a3-4e7e-88b8-33936ab93238","parent":"8ced3bfcbf30b0dc5810c9e36818de5e","plat":268435456,"sid":"c4ba6121-d13d-4871-82f8-4b5c5556761e","tags":["lc:testtag","windows"],"this":"f33d0d808736b0f217cbcab66848d146"},"ts":"2025-06-11 00:43:50"}
{"event":{"EVENT":{"EventData":{"AuthenticationPackageName":"NTLM","FailureReason":"%%2313","IpAddress":"107.167.81.4","IpPort":"0","KeyLength":"0","LmPackageName":"-","LogonProcessName":"NtLmSsp","LogonType":"3","ProcessId":"0x0","ProcessName":"-","Status":"0xc000006d","SubStatus":"0xc000006a","SubjectDomainName":"-","SubjectLogonId":"0x0","SubjectUserName":"-","SubjectUserSid":"S-1-0-0","TargetDomainName":"-","TargetUserName":"Administrator","TargetUserSid":"S-1-0-0","TransmittedServices":"-","WorkstationName":"workstation"},"System":{"Channel":"Security","Computer":"windows-server-2022-aac9c41d-e0a3-4e7e-88b8-33936ab93238-0","Correlation":{"ActivityID":"{55ae049b-37ef-0001-ee39-a76a4ac5db01}"},"EventID":"4625","EventRecordID":"4431800","Execution":{"ProcessID":"648","ThreadID":"8728"},"Keywords":"0x8010000000000000","Level":"0","Opcode":"0","Provider":{"Guid":"{54849625-5478-4994-a5ba-3e3b0328c30d}","Name":"Microsoft-Windows-Security-Auditing"},"Security":"","Task":"12544","TimeCreated":{"SystemTime":"2025-06-11T00:43:48.2382473Z"},"Version":"0","_event_id":"4625"}}},"routing":{"arch":2,"did":"","event_id":"fd66d4e6-3795-46b2-9b46-7ae2d11e29f7","event_time":1749602629238,"event_type":"WEL","ext_ip":"34.171.104.183","hostname":"windows-server-2022-aac9c41d-e0a3-4e7e-88b8-33936ab93238-0.c.lc-demo-infra.internal.","iid":"09774cc8-cb43-4164-abd3-87230031c142","int_ip":"10.128.15.201","latency":46,"moduleid":2,"oid":"aac9c41d-e0a3-4e7e-88b8-33936ab93238","plat":268435456,"sid":"17b8710a-7337-4e64-9c18-2955e86f2d0d","tags":["fim","lc:stable","windows"],"this":"fa952f176536161587e3afd06848d145"},"ts":"2025-06-11 00:43:49"}
{"event":{"FILE_PATH":"C:\\Windows\\System32\\winevt\\Logs\\Application.evtx","PROCESS_ID":1124},"routing":{"arch":2,"did":"","event_id":"1e201b52-a0af-47bf-8e72-378270d6088a","event_time":1749602629028,"event_type":"FILE_MODIFIED","ext_ip":"34.58.90.170","hostname":"desktop-c2a1841.c.lc-demo-infra.internal.","iid":"09774cc8-cb43-4164-abd3-87230031c142","int_ip":"10.128.15.200","latency":408,"moduleid":2,"oid":"aac9c41d-e0a3-4e7e-88b8-33936ab93238","parent":"61bdeee1e8f3f3b6abfc4e6b6818de5e","plat":268435456,"sid":"c4ba6121-d13d-4871-82f8-4b5c5556761e","tags":["lc:testtag","windows"],"this":"d10f7b5e1eda939003d440a06848d145"},"ts":"2025-06-11 00:43:49"}
{"event":{"EVENT":{"EventData":{"AuthenticationPackageName":"NTLM","FailureReason":"%%2313","IpAddress":"194.180.48.29","IpPort":"0","KeyLength":"0","LmPackageName":"-","LogonProcessName":"NtLmSsp","LogonType":"3","ProcessId":"0x0","ProcessName":"-","Status":"0xc000006d","SubStatus":"0xc000006a","SubjectDomainName":"-","SubjectLogonId":"0x0","SubjectUserName":"-","SubjectUserSid":"S-1-0-0","TargetDomainName":"","TargetUserName":"ADMINISTRATOR","TargetUserSid":"S-1-0-0","TransmittedServices":"-","WorkstationName":"-"},"System":{"Channel":"Security","Computer":"DESKTOP-C2A1841","Correlation":{"ActivityID":"{352b8892-aa45-0001-ddca-25f63c52db01}"},"EventID":"4625","EventRecordID":"4695516","Execution":{"ProcessID":"648","ThreadID":"4000"},"Keywords":"0x8010000000000000","Level":"0","Opcode":"0","Provider":{"Guid":"{54849625-5478-4994-a5ba-3e3b0328c30d}","Name":"Microsoft-Windows-Security-Auditing"},"Security":"","Task":"12544","TimeCreated":{"SystemTime":"2025-06-11T00:43:47.7602255Z"},"Version":"0","_event_id":"4625"}}},"routing":{"arch":2,"did":"","event_id":"1c6dabc0-1263-4a70-a98a-5626ee2ecd10","event_time":1749602629763,"event_type":"WEL","ext_ip":"34.58.90.170","hostname":"desktop-c2a1841.c.lc-demo-infra.internal.","iid":"09774cc8-cb43-4164-abd3-87230031c142","int_ip":"10.128.15.200","latency":24,"moduleid":2,"oid":"aac9c41d-e0a3-4e7e-88b8-33936ab93238","plat":268435456,"sid":"c4ba6121-d13d-4871-82f8-4b5c5556761e","tags":["lc:testtag","windows"],"this":"f97bc1b35055f4421b49d1766848d145"},"ts":"2025-06-11 00:43:49"}
{"event":{"ACTION":"modified","FILE_PATH":"C:\\Windows\\System32\\winevt\\Logs\\System.evtx","HASH":"8409d7c529a072290dfc710de816935700892fcd1f7e176eb685e0f561a511ce","PROCESS":{"BASE_ADDRESS":140699902017536,"COMMAND_LINE":"C:\\Windows\\System32\\svchost.exe -k LocalServiceNetworkRestricted -p -s EventLog","CREATION_TIME":1747280143315,"FILE_IS_SIGNED":1,"FILE_PATH":"C:\\Windows\\System32\\svchost.exe","HASH":"d7f10571f58adbe122f615b869eb42b05286770148067cbf88054c38f1bca4c4","MEMORY_USAGE":18825216,"PARENT_ATOM":"b56d4120493c4260490c5b186825611e","PARENT_PROCESS_ID":628,"PROCESS_ID":1164,"THIS_ATOM":"0abde42b2fc3298428bbe14d68256120","THREADS":11,"TIMESTAMP":1747280160351,"USER_NAME":"NT AUTHORITY\\LOCAL SERVICE"},"PROCESS_ID":1164},"routing":{"arch":2,"did":"","event_id":"e603888b-ef7e-4b43-99dd-1925a7ea0dea","event_time":1749602629801,"event_type":"FIM_HIT","ext_ip":"34.171.104.183","hostname":"windows-server-2022-aac9c41d-e0a3-4e7e-88b8-33936ab93238-0.c.lc-demo-infra.internal.","iid":"09774cc8-cb43-4164-abd3-87230031c142","int_ip":"10.128.15.201","latency":990,"moduleid":2,"oid":"aac9c41d-e0a3-4e7e-88b8-33936ab93238","parent":"0abde42b2fc3298428bbe14d68256120","plat":268435456,"sid":"17b8710a-7337-4e64-9c18-2955e86f2d0d","tags":["fim","lc:stable","windows"],"this":"e7ac59e40a15280212dc3c796848d146"},"ts":"2025-06-11 00:43:49"}
{"event":{"ENVIRONMENT_VARIABLES":["ALLUSERSPROFILE=C:\\ProgramData","APPDATA=C:\\Windows\\system32\\config\\systemprofile\\AppData\\Roaming","CommonProgramFiles=C:\\Program Files\\Common Files","CommonProgramFiles(x86)=C:\\Program Files (x86)\\Common Files","CommonProgramW6432=C:\\Program Files\\Common Files","COMPUTERNAME=DESKTOP-C2A1841","ComSpec=C:\\Windows\\system32\\cmd.exe","DriverData=C:\\Windows\\System32\\Drivers\\DriverData","GooGetRoot=C:\\ProgramData\\GooGet","LOCALAPPDATA=C:\\Windows\\system32\\config\\systemprofile\\AppData\\Local","NUMBER_OF_PROCESSORS=2","OS=Windows_NT","Path=C:\\Windows\\system32;C:\\Windows;C:\\Windows\\System32\\Wbem;C:\\Windows\\System32\\WindowsPowerShell\\v1.0\\;C:\\Windows\\System32\\OpenSSH\\;C:\\ProgramData\\GooGet;C:\\Program Files\\Google\\Compute Engine\\metadata_scripts;C:\\Program Files\\Google\\Compute Engine\\sysprep;C:\\Windows\\system32\\config\\systemprofile\\AppData\\Local\\Microsoft\\WindowsApps","PATHEXT=.COM;.EXE;.BAT;.CMD;.VBS;.VBE;.JS;.JSE;.WSF;.WSH;.MSC","PROCESSOR_ARCHITECTURE=AMD64","PROCESSOR_IDENTIFIER=Intel64 Family 6 Model 79 Stepping 0, GenuineIntel","PROCESSOR_LEVEL=6","PROCESSOR_REVISION=4f00","ProgramData=C:\\ProgramData","ProgramFiles=C:\\Program Files","ProgramFiles(x86)=C:\\Program Files (x86)","ProgramW6432=C:\\Program Files","PSModulePath=%ProgramFiles%\\WindowsPowerShell\\Modules;C:\\Windows\\system32\\WindowsPowerShell\\v1.0\\Modules","PUBLIC=C:\\Users\\Public","SystemDrive=C:","SystemRoot=C:\\Windows","TEMP=C:\\Windows\\TEMP","TMP=C:\\Windows\\TEMP","USERDOMAIN=WORKGROUP","USERNAME=DESKTOP-C2A1841$","USERPROFILE=C:\\Windows\\system32\\config\\systemprofile","windir=C:\\Windows"],"PROCESS_ID":18844},"routing":{"arch":2,"did":"","event_id":"be05be23-ed1e-4bde-a0df-351dd0a5beba","event_time":1749602628290,"event_type":"PROCESS_ENVIRONMENT","ext_ip":"34.58.90.170","hostname":"desktop-c2a1841.c.lc-demo-infra.internal.","iid":"09774cc8-cb43-4164-abd3-87230031c142","int_ip":"10.128.15.200","latency":10,"moduleid":2,"oid":"aac9c41d-e0a3-4e7e-88b8-33936ab93238","parent":"fa2d2cb10b391984e29821256848d144","plat":268435456,"sid":"c4ba6121-d13d-4871-82f8-4b5c5556761e","tags":["lc:testtag","windows"],"this":"98a527957908e10e917368cf6848d144"},"ts":"2025-06-11 00:43:48"}
{"event":{"PROCESS_ID":648,"REGISTRY_KEY":"\\REGISTRY\\MACHINE\\SAM\\SAM\\Domains\\Account\\Users\\000001F4\\F","REGISTRY_VALUE":"AwABAAAAAAAAAAAAAAAAAA==","SIZE":3,"TYPE":3},"routing":{"arch":2,"did":"","event_id":"82a78c5c-5c4f-4a4b-9ff7-3b84c2418b50","event_time":1749602628759,"event_type":"REGISTRY_WRITE","ext_ip":"34.58.90.170","hostname":"desktop-c2a1841.c.lc-demo-infra.internal.","iid":"09774cc8-cb43-4164-abd3-87230031c142","int_ip":"10.128.15.200","latency":922,"moduleid":2,"oid":"aac9c41d-e0a3-4e7e-88b8-33936ab93238","parent":"8ced3bfcbf30b0dc5810c9e36818de5e","plat":268435456,"sid":"c4ba6121-d13d-4871-82f8-4b5c5556761e","tags":["lc:testtag","windows"],"this":"447121efc585f89d2598922c6848d145"},"ts":"2025-06-11 00:43:48"}
{"event":{"FILE_PATH":"C:\\ProgramData\\limacharlie\\hcp_hbs_status.json","PROCESS_ID":3216},"routing":{"arch":2,"did":"","event_id":"0ebec74d-fec3-462f-8664-fe8a0d0accb7","event_time":1749602627384,"event_type":"FILE_MODIFIED","ext_ip":"34.58.90.170","hostname":"desktop-c2a1841.c.lc-demo-infra.internal.","iid":"09774cc8-cb43-4164-abd3-87230031c142","int_ip":"10.128.15.200","latency":48,"moduleid":2,"oid":"aac9c41d-e0a3-4e7e-88b8-33936ab93238","parent":"c3af4f132829cd072763d0706818de61","plat":268435456,"sid":"c4ba6121-d13d-4871-82f8-4b5c5556761e","tags":["lc:testtag","windows"],"this":"b277e038bb7c3793ba1c86836848d143"},"ts":"2025-06-11 00:43:47"}
{"event":{"BASE_ADDRESS":140699389984768,"COMMAND_LINE":"C:\\Windows\\system32\\wbem\\wmiprvse.exe -secured -Embedding","FILE_IS_SIGNED":1,"FILE_PATH":"C:\\Windows\\system32\\wbem\\wmiprvse.exe","HASH":"2198a7b58bccb758036b969ddae6cc2ece07565e2659a7c541a313a0492231a3","MEMORY_USAGE":11718656,"PARENT":{"BASE_ADDRESS":140700938862592,"COMMAND_LINE":"C:\\Windows\\system32\\svchost.exe -k DcomLaunch -p","CREATION_TIME":1734629975978,"FILE_IS_SIGNED":1,"FILE_PATH":"C:\\Windows\\system32\\svchost.exe","HASH":"add683a6910abbbf0e28b557fad0ba998166394932ae2aca069d9aa19ea8fe88","MEMORY_USAGE":73998336,"PARENT_ATOM":"132cae85f72455fc640afd1a6818de5e","PARENT_PROCESS_ID":624,"PROCESS_ID":752,"THIS_ATOM":"3e4851ea8ec1a98e49341a176818de5e","THREADS":11,"TIMESTAMP":1746460254443,"USER_NAME":"NT AUTHORITY\\SYSTEM"},"PARENT_PROCESS_ID":752,"PROCESS_ID":18844,"THREADS":9,"USER_NAME":"NT AUTHORITY\\LOCAL SERVICE"},"routing":{"arch":2,"did":"","event_id":"b3c49964-16d4-486f-a2db-b6ac669a7059","event_time":1749602627368,"event_type":"NEW_PROCESS","ext_ip":"34.58.90.170","hostname":"desktop-c2a1841.c.lc-demo-infra.internal.","iid":"09774cc8-cb43-4164-abd3-87230031c142","int_ip":"10.128.15.200","latency":913,"moduleid":2,"oid":"aac9c41d-e0a3-4e7e-88b8-33936ab93238","parent":"3e4851ea8ec1a98e49341a176818de5e","plat":268435456,"sid":"c4ba6121-d13d-4871-82f8-4b5c5556761e","tags":["lc:testtag","windows"],"this":"fa2d2cb10b391984e29821256848d144"},"ts":"2025-06-11 00:43:47"}
{"event":{"EVENT":{"EventData":{"AuthenticationPackageName":"NTLM","FailureReason":"%%2313","IpAddress":"47.115.157.55","IpPort":"0","KeyLength":"0","LmPackageName":"-","LogonProcessName":"NtLmSsp","LogonType":"3","ProcessId":"0x0","ProcessName":"-","Status":"0xc000006d","SubStatus":"0xc0000064","SubjectDomainName":"-","SubjectLogonId":"0x0","SubjectUserName":"-","SubjectUserSid":"S-1-0-0","TargetDomainName":"","TargetUserName":"robert","TargetUserSid":"S-1-0-0","TransmittedServices":"-","WorkstationName":"workstation"},"System":{"Channel":"Security","Computer":"DESKTOP-C2A1841","Correlation":{"ActivityID":"{352b8892-aa45-0001-ddca-25f63c52db01}"},"EventID":"4625","EventRecordID":"4695515","Execution":{"ProcessID":"648","ThreadID":"4000"},"Keywords":"0x8010000000000000","Level":"0","Opcode":"0","Provider":{"Guid":"{54849625-5478-4994-a5ba-3e3b0328c30d}","Name":"Microsoft-Windows-Security-Auditing"},"Security":"","Task":"12544","TimeCreated":{"SystemTime":"2025-06-11T00:43:43.6466528Z"},"Version":"0","_event_id":"4625"}}},"routing":{"arch":2,"did":"","event_id":"5738797f-ae0d-4492-ba11-e10e64f8486b","event_time":1749602625634,"event_type":"WEL","ext_ip":"34.58.90.170","hostname":"desktop-c2a1841.c.lc-demo-infra.internal.","iid":"09774cc8-cb43-4164-abd3-87230031c142","int_ip":"10.128.15.200","latency":-27,"moduleid":2,"oid":"aac9c41d-e0a3-4e7e-88b8-33936ab93238","plat":268435456,"sid":"c4ba6121-d13d-4871-82f8-4b5c5556761e","tags":["lc:testtag","windows"],"this":"9babd84435dce7332c769c866848d141"},"ts":"2025-06-11 00:43:45"}
{"event":{"COMMAND_LINE":"C:\\Windows\\System32\\svchost.exe -k termsvcs -s TermService","CREATION_TIME":1747280142928,"FILE_IS_SIGNED":1,"FILE_PATH":"C:\\Windows\\System32\\svchost.exe","HASH":"d7f10571f58adbe122f615b869eb42b05286770148067cbf88054c38f1bca4c4","NETWORK_ACTIVITY":[{"DESTINATION":{"IP_ADDRESS":"10.128.15.201","PORT":3389},"IS_OUTGOING":0,"PROTOCOL":"tcp4","SOURCE":{"IP_ADDRESS":"196.188.118.232","PORT":49758},"TIMESTAMP":1749602592816},{"DESTINATION":{"IP_ADDRESS":"10.128.15.201","PORT":3389},"IS_OUTGOING":0,"PROTOCOL":"tcp4","SOURCE":{"IP_ADDRESS":"194.180.48.29","PORT":36313},"TIMESTAMP":1749602608325},{"DESTINATION":{"IP_ADDRESS":"10.128.15.201","PORT":3389},"IS_OUTGOING":0,"PROTOCOL":"tcp4","SOURCE":{"IP_ADDRESS":"194.180.48.29","PORT":25127},"TIMESTAMP":1749602619951}],"PARENT_PROCESS_ID":628,"PROCESS_ID":1000,"USER_NAME":"NT AUTHORITY\\NETWORK SERVICE"},"routing":{"arch":2,"did":"","event_id":"7c410d09-6a4a-49c0-8787-95fddb5d2c6c","event_time":1749602622923,"event_type":"NETWORK_CONNECTIONS","ext_ip":"34.171.104.183","hostname":"windows-server-2022-aac9c41d-e0a3-4e7e-88b8-33936ab93238-0.c.lc-demo-infra.internal.","iid":"09774cc8-cb43-4164-abd3-87230031c142","int_ip":"10.128.15.201","latency":1,"moduleid":2,"oid":"aac9c41d-e0a3-4e7e-88b8-33936ab93238","parent":"05ab479aa6538d9ae515552b68256120","plat":268435456,"sid":"17b8710a-7337-4e64-9c18-2955e86f2d0d","tags":["fim","lc:stable","windows"],"this":"abfc7012f555fb6e0c01177f6848d13e"},"ts":"2025-06-11 00:43:42"}
{"event":{"EVENT":{"EventData":{"AuthenticationPackageName":"NTLM","FailureReason":"%%2313","IpAddress":"194.180.48.29","IpPort":"0","KeyLength":"0","LmPackageName":"-","LogonProcessName":"NtLmSsp","LogonType":"3","ProcessId":"0x0","ProcessName":"-","Status":"0xc000006d","SubStatus":"0xc000006a","SubjectDomainName":"-","SubjectLogonId":"0x0","SubjectUserName":"-","SubjectUserSid":"S-1-0-0","TargetDomainName":"-","TargetUserName":"ADMINISTRATOR","TargetUserSid":"S-1-0-0","TransmittedServices":"-","WorkstationName":"-"},"System":{"Channel":"Security","Computer":"windows-server-2022-aac9c41d-e0a3-4e7e-88b8-33936ab93238-0","Correlation":{"ActivityID":"{55ae049b-37ef-0001-ee39-a76a4ac5db01}"},"EventID":"4625","EventRecordID":"4431799","Execution":{"ProcessID":"648","ThreadID":"8728"},"Keywords":"0x8010000000000000","Level":"0","Opcode":"0","Provider":{"Guid":"{54849625-5478-4994-a5ba-3e3b0328c30d}","Name":"Microsoft-Windows-Security-Auditing"},"Security":"","Task":"12544","TimeCreated":{"SystemTime":"2025-06-11T00:43:40.6457213Z"},"Version":"0","_event_id":"4625"}}},"routing":{"arch":2,"did":"","event_id":"2f15a85d-4641-4819-ac7a-d9cbfc8afab3","event_time":1749602621642,"event_type":"WEL","ext_ip":"34.171.104.183","hostname":"windows-server-2022-aac9c41d-e0a3-4e7e-88b8-33936ab93238-0.c.lc-demo-infra.internal.","iid":"09774cc8-cb43-4164-abd3-87230031c142","int_ip":"10.128.15.201","latency":2,"moduleid":2,"oid":"aac9c41d-e0a3-4e7e-88b8-33936ab93238","plat":268435456,"sid":"17b8710a-7337-4e64-9c18-2955e86f2d0d","tags":["fim","lc:stable","windows"],"this":"451ac233367b6211a80428ba6848d13d"},"ts":"2025-06-11 00:43:41"}
{"event":{"EVENT":{"EventData":{"AuthenticationPackageName":"NTLM","FailureReason":"%%2313","IpAddress":"194.180.48.29","IpPort":"0","KeyLength":"0","LmPackageName":"-","LogonProcessName":"NtLmSsp","LogonType":"3","ProcessId":"0x0","ProcessName":"-","Status":"0xc000006d","SubStatus":"0xc000006a","SubjectDomainName":"-","SubjectLogonId":"0x0","SubjectUserName":"-","SubjectUserSid":"S-1-0-0","TargetDomainName":"","TargetUserName":"ADMINISTRATOR","TargetUserSid":"S-1-0-0","TransmittedServices":"-","WorkstationName":"-"},"System":{"Channel":"Security","Computer":"DESKTOP-C2A1841","Correlation":{"ActivityID":"{352b8892-aa45-0001-ddca-25f63c52db01}"},"EventID":"4625","EventRecordID":"4695514","Execution":{"ProcessID":"648","ThreadID":"4000"},"Keywords":"0x8010000000000000","Level":"0","Opcode":"0","Provider":{"Guid":"{54849625-5478-4994-a5ba-3e3b0328c30d}","Name":"Microsoft-Windows-Security-Auditing"},"Security":"","Task":"12544","TimeCreated":{"SystemTime":"2025-06-11T00:43:35.1151167Z"},"Version":"0","_event_id":"4625"}}},"routing":{"arch":2,"did":"","event_id":"863cd832-9869-4673-aac4-bd30eb28e109","event_time":1749602617123,"event_type":"WEL","ext_ip":"34.58.90.170","hostname":"desktop-c2a1841.c.lc-demo-infra.internal.","iid":"09774cc8-cb43-4164-abd3-87230031c142","int_ip":"10.128.15.200","latency":-29,"moduleid":2,"oid":"aac9c41d-e0a3-4e7e-88b8-33936ab93238","plat":268435456,"sid":"c4ba6121-d13d-4871-82f8-4b5c5556761e","tags":["lc:testtag","windows"],"this":"980cf421e6d5a3439d1fc3e16848d139"},"ts":"2025-06-11 00:43:37"}
{"event":{"PROCESS_ID":648,"REGISTRY_KEY":"\\REGISTRY\\MACHINE\\SAM\\SAM\\Domains\\Account\\Users\\000001F4\\F","REGISTRY_VALUE":"AwABAAAAAAAAAAAAAAAAAA==","SIZE":3,"TYPE":3},"routing":{"arch":2,"did":"","event_id":"a28c3b82-e168-4c9b-92bb-f913d38f57cc","event_time":1749602616108,"event_type":"REGISTRY_WRITE","ext_ip":"34.58.90.170","hostname":"desktop-c2a1841.c.lc-demo-infra.internal.","iid":"09774cc8-cb43-4164-abd3-87230031c142","int_ip":"10.128.15.200","latency":441,"moduleid":2,"oid":"aac9c41d-e0a3-4e7e-88b8-33936ab93238","parent":"8ced3bfcbf30b0dc5810c9e36818de5e","plat":268435456,"sid":"c4ba6121-d13d-4871-82f8-4b5c5556761e","tags":["lc:testtag","windows"],"this":"17e95a252419f8917af9261e6848d138"},"ts":"2025-06-11 00:43:36"}
{"event":{"ACTION":"modified","FILE_PATH":"C:\\Windows\\System32\\winevt\\Logs\\Security.evtx","HASH":"79b95f416bac969dea30ba554b329309fd92fc112ecfc85bc0eac43def145c3f","PROCESS":{"BASE_ADDRESS":140699902017536,"COMMAND_LINE":"C:\\Windows\\System32\\svchost.exe -k LocalServiceNetworkRestricted -p -s EventLog","CREATION_TIME":1747280143315,"FILE_IS_SIGNED":1,"FILE_PATH":"C:\\Windows\\System32\\svchost.exe","HASH":"d7f10571f58adbe122f615b869eb42b05286770148067cbf88054c38f1bca4c4","MEMORY_USAGE":18825216,"PARENT_ATOM":"b56d4120493c4260490c5b186825611e","PARENT_PROCESS_ID":628,"PROCESS_ID":1164,"THIS_ATOM":"0abde42b2fc3298428bbe14d68256120","THREADS":11,"TIMESTAMP":1747280160351,"USER_NAME":"NT AUTHORITY\\LOCAL SERVICE"},"PROCESS_ID":1164},"routing":{"arch":2,"did":"","event_id":"7dd3321f-fe7d-4d1c-a5a0-c6f70aa21065","event_time":1749602614978,"event_type":"FIM_HIT","ext_ip":"34.171.104.183","hostname":"windows-server-2022-aac9c41d-e0a3-4e7e-88b8-33936ab93238-0.c.lc-demo-infra.internal.","iid":"09774cc8-cb43-4164-abd3-87230031c142","int_ip":"10.128.15.201","latency":558,"moduleid":2,"oid":"aac9c41d-e0a3-4e7e-88b8-33936ab93238","parent":"0abde42b2fc3298428bbe14d68256120","plat":268435456,"sid":"17b8710a-7337-4e64-9c18-2955e86f2d0d","tags":["fim","lc:stable","windows"],"this":"c6d7142f5cc4c3c5a03316c56848d137"},"ts":"2025-06-11 00:43:34"}
{"event":{"EVENT":{"EventData":{"AuthenticationPackageName":"NTLM","FailureReason":"%%2313","IpAddress":"194.180.48.29","IpPort":"0","KeyLength":"0","LmPackageName":"-","LogonProcessName":"NtLmSsp","LogonType":"3","ProcessId":"0x0","ProcessName":"-","Status":"0xc000006d","SubStatus":"0xc000006a","SubjectDomainName":"-","SubjectLogonId":"0x0","SubjectUserName":"-","SubjectUserSid":"S-1-0-0","TargetDomainName":"-","TargetUserName":"ADMINISTRATOR","TargetUserSid":"S-1-0-0","TransmittedServices":"-","WorkstationName":"-"},"System":{"Channel":"Security","Computer":"windows-server-2022-aac9c41d-e0a3-4e7e-88b8-33936ab93238-0","Correlation":{"ActivityID":"{55ae049b-37ef-0001-ee39-a76a4ac5db01}"},"EventID":"4625","EventRecordID":"4431798","Execution":{"ProcessID":"648","ThreadID":"8728"},"Keywords":"0x8010000000000000","Level":"0","Opcode":"0","Provider":{"Guid":"{54849625-5478-4994-a5ba-3e3b0328c30d}","Name":"Microsoft-Windows-Security-Auditing"},"Security":"","Task":"12544","TimeCreated":{"SystemTime":"2025-06-11T00:43:29.0589677Z"},"Version":"0","_event_id":"4625"}}},"routing":{"arch":2,"did":"","event_id":"f11817b8-9ba4-423d-9877-b329fa8315bc","event_time":1749602610045,"event_type":"WEL","ext_ip":"34.171.104.183","hostname":"windows-server-2022-aac9c41d-e0a3-4e7e-88b8-33936ab93238-0.c.lc-demo-infra.internal.","iid":"09774cc8-cb43-4164-abd3-87230031c142","int_ip":"10.128.15.201","latency":38,"moduleid":2,"oid":"aac9c41d-e0a3-4e7e-88b8-33936ab93238","plat":268435456,"sid":"17b8710a-7337-4e64-9c18-2955e86f2d0d","tags":["fim","lc:stable","windows"],"this":"7ea4a97ef3c7c32de3b26abf6848d132"},"ts":"2025-06-11 00:43:30"}
{"event":{"COMMAND_LINE":"C:\\Windows\\System32\\svchost.exe -k NetworkService -s TermService","CREATION_TIME":1734629976659,"FILE_IS_SIGNED":1,"FILE_PATH":"C:\\Windows\\System32\\svchost.exe","HASH":"add683a6910abbbf0e28b557fad0ba998166394932ae2aca069d9aa19ea8fe88","NETWORK_ACTIVITY":[{"DESTINATION":{"IP_ADDRESS":"10.128.15.200","PORT":3389},"IS_OUTGOING":0,"PROTOCOL":"tcp4","SOURCE":{"IP_ADDRESS":"220.127.122.171","PORT":23100},"TIMESTAMP":1749602586156},{"DESTINATION":{"IP_ADDRESS":"10.128.15.200","PORT":3389},"IS_OUTGOING":0,"PROTOCOL":"tcp4","SOURCE":{"IP_ADDRESS":"85.10.147.82","PORT":62852},"TIMESTAMP":1749602586562},{"DESTINATION":{"IP_ADDRESS":"10.128.15.200","PORT":3389},"IS_OUTGOING":0,"PROTOCOL":"tcp4","SOURCE":{"IP_ADDRESS":"141.147.135.155","PORT":53916},"TIMESTAMP":1749602590570},{"DESTINATION":{"IP_ADDRESS":"10.128.15.200","PORT":3389},"IS_OUTGOING":0,"PROTOCOL":"tcp4","SOURCE":{"IP_ADDRESS":"196.188.118.232","PORT":55537},"TIMESTAMP":1749602594603},{"DESTINATION":{"IP_ADDRESS":"10.128.15.200","PORT":3389},"IS_OUTGOING":0,"PROTOCOL":"tcp4","SOURCE":{"IP_ADDRESS":"66.129.87.228","PORT":59824},"TIMESTAMP":1749602596137},{"DESTINATION":{"IP_ADDRESS":"10.128.15.200","PORT":3389},"IS_OUTGOING":0,"PROTOCOL":"tcp4","SOURCE":{"IP_ADDRESS":"141.147.135.155","PORT":54206},"TIMESTAMP":1749602598780},{"DESTINATION":{"IP_ADDRESS":"10.128.15.200","PORT":3389},"IS_OUTGOING":0,"PROTOCOL":"tcp4","SOURCE":{"IP_ADDRESS":"194.180.48.29","PORT":18601},"TIMESTAMP":1749602604005}],"PARENT_PROCESS_ID":624,"PROCESS_ID":724,"USER_NAME":"NT AUTHORITY\\NETWORK SERVICE"},"routing":{"arch":2,"did":"","event_id":"739e0df4-217e-4d20-acbb-4c23833fe47a","event_time":1749602609875,"event_type":"NETWORK_CONNECTIONS","ext_ip":"34.58.90.170","hostname":"desktop-c2a1841.c.lc-demo-infra.internal.","iid":"09774cc8-cb43-4164-abd3-87230031c142","int_ip":"10.128.15.200","latency":6,"moduleid":2,"oid":"aac9c41d-e0a3-4e7e-88b8-33936ab93238","parent":"ebe07115d0a293acb22d4c106818de5e","plat":268435456,"sid":"c4ba6121-d13d-4871-82f8-4b5c5556761e","tags":["lc:testtag","windows"],"this":"b6ff742b74355fc031e0b0596848d131"},"ts":"2025-06-11 00:43:29"}
{"event":{"COMMAND_LINE":"C:\\Windows\\System32\\rundll32.exe","CREATION_TIME":1734629995072,"FILE_IS_SIGNED":1,"FILE_PATH":"C:\\Windows\\System32\\rundll32.exe","HASH":"b53f3c0cd32d7f20849850768da6431e5f876b7bfa61db0aa0700b02873393fa","NETWORK_ACTIVITY":[{"DESTINATION":{"IP_ADDRESS":"35.232.8.38","PORT":80},"IS_OUTGOING":1,"PROTOCOL":"tcp4","SOURCE":{"IP_ADDRESS":"10.128.15.200","PORT":65020},"TIMESTAMP":1749602597168}],"PARENT_PROCESS_ID":2844,"PROCESS_ID":2232,"USER_NAME":"NT AUTHORITY\\SYSTEM"},"routing":{"arch":2,"did":"","event_id":"2a0a9f6c-1e06-4dbc-b2ad-f8f0f724f7f1","event_time":1749602609875,"event_type":"NETWORK_CONNECTIONS","ext_ip":"34.58.90.170","hostname":"desktop-c2a1841.c.lc-demo-infra.internal.","iid":"09774cc8-cb43-4164-abd3-87230031c142","int_ip":"10.128.15.200","latency":8,"moduleid":2,"oid":"aac9c41d-e0a3-4e7e-88b8-33936ab93238","parent":"1f7d51435a96b7487a36ddd86818de60","plat":268435456,"sid":"c4ba6121-d13d-4871-82f8-4b5c5556761e","tags":["lc:testtag","windows"],"this":"a31ce8a9a4165823c81bd5826848d131"},"ts":"2025-06-11 00:43:29"}
{"event":{"FILE_PATH":"C:\\Windows\\Prefetch\\RUNTIMEBROKER.EXE-67310593.pf","PROCESS_ID":1748},"routing":{"arch":2,"did":"","event_id":"b625915e-96cd-40c4-a6aa-c27973761499","event_time":1749602605104,"event_type":"FILE_MODIFIED","ext_ip":"34.58.90.170","hostname":"desktop-c2a1841.c.lc-demo-infra.internal.","iid":"09774cc8-cb43-4164-abd3-87230031c142","int_ip":"10.128.15.200","latency":96,"moduleid":2,"oid":"aac9c41d-e0a3-4e7e-88b8-33936ab93238","parent":"55ff55c5f3c5efdfb63413c16818de60","plat":268435456,"sid":"c4ba6121-d13d-4871-82f8-4b5c5556761e","tags":["lc:testtag","windows"],"this":"18711d0a478bbc477b699cd96848d12d"},"ts":"2025-06-11 00:43:25"}
{"event":{"EVENT":{"EventData":{"AuthenticationPackageName":"NTLM","FailureReason":"%%2313","IpAddress":"194.180.48.29","IpPort":"0","KeyLength":"0","LmPackageName":"-","LogonProcessName":"NtLmSsp","LogonType":"3","ProcessId":"0x0","ProcessName":"-","Status":"0xc000006d","SubStatus":"0xc000006a","SubjectDomainName":"-","SubjectLogonId":"0x0","SubjectUserName":"-","SubjectUserSid":"S-1-0-0","TargetDomainName":"","TargetUserName":"ADMINISTRATOR","TargetUserSid":"S-1-0-0","TransmittedServices":"-","WorkstationName":"-"},"System":{"Channel":"Security","Computer":"DESKTOP-C2A1841","Correlation":{"ActivityID":"{352b8892-aa45-0001-ddca-25f63c52db01}"},"EventID":"4625","EventRecordID":"4695513","Execution":{"ProcessID":"648","ThreadID":"4000"},"Keywords":"0x8010000000000000","Level":"0","Opcode":"0","Provider":{"Guid":"{54849625-5478-4994-a5ba-3e3b0328c30d}","Name":"Microsoft-Windows-Security-Auditing"},"Security":"","Task":"12544","TimeCreated":{"SystemTime":"2025-06-11T00:43:23.6319840Z"},"Version":"0","_event_id":"4625"}}},"routing":{"arch":2,"did":"","event_id":"4cfa3b01-fde0-4bf8-98d2-3c0e8c55b502","event_time":1749602605620,"event_type":"WEL","ext_ip":"34.58.90.170","hostname":"desktop-c2a1841.c.lc-demo-infra.internal.","iid":"09774cc8-cb43-4164-abd3-87230031c142","int_ip":"10.128.15.200","latency":-29,"moduleid":2,"oid":"aac9c41d-e0a3-4e7e-88b8-33936ab93238","plat":268435456,"sid":"c4ba6121-d13d-4871-82f8-4b5c5556761e","tags":["lc:testtag","windows"],"this":"2dc0448ec41830c7664c6e896848d12d"},"ts":"2025-06-11 00:43:25"}
{"event":{"FILE_PATH":"C:\\Windows\\Prefetch\\RUNTIMEBROKER.EXE-D2EE0952.pf","PROCESS_ID":1748},"routing":{"arch":2,"did":"","event_id":"850b34da-7407-44d1-ae23-fac9d5e7a2de","event_time":1749602605245,"event_type":"FILE_MODIFIED","ext_ip":"34.58.90.170","hostname":"desktop-c2a1841.c.lc-demo-infra.internal.","iid":"09774cc8-cb43-4164-abd3-87230031c142","int_ip":"10.128.15.200","latency":969,"moduleid":2,"oid":"aac9c41d-e0a3-4e7e-88b8-33936ab93238","parent":"55ff55c5f3c5efdfb63413c16818de60","plat":268435456,"sid":"c4ba6121-d13d-4871-82f8-4b5c5556761e","tags":["lc:testtag","windows"],"this":"bf1569d891db9581cb9d37bf6848d12e"},"ts":"2025-06-11 00:43:25"}
{"event":{"FILE_PATH":"C:\\Windows\\Prefetch\\SVCHOST.EXE-DB425447.pf","PROCESS_ID":1748},"routing":{"arch":2,"did":"","event_id":"f4ffb278-6149-46dc-9591-eeacad3f4b18","event_time":1749602604633,"event_type":"FILE_MODIFIED","ext_ip":"34.58.90.170","hostname":"desktop-c2a1841.c.lc-demo-infra.internal.","iid":"09774cc8-cb43-4164-abd3-87230031c142","int_ip":"10.128.15.200","latency":566,"moduleid":2,"oid":"aac9c41d-e0a3-4e7e-88b8-33936ab93238","parent":"55ff55c5f3c5efdfb63413c16818de60","plat":268435456,"sid":"c4ba6121-d13d-4871-82f8-4b5c5556761e","tags":["lc:testtag","windows"],"this":"93339184e4f2fe6c0a4e24c06848d12d"},"ts":"2025-06-11 00:43:24"}
{"event":{"PROCESS_ID":648,"REGISTRY_KEY":"\\REGISTRY\\MACHINE\\SAM\\SAM\\Domains\\Account\\Users\\000001F4\\F","REGISTRY_VALUE":"AwABAAAAAAAAAAAAAAAAAA==","SIZE":3,"TYPE":3},"routing":{"arch":2,"did":"","event_id":"546c632a-1732-46ca-afa6-9d1d3aeae945","event_time":1749602604617,"event_type":"REGISTRY_WRITE","ext_ip":"34.58.90.170","hostname":"desktop-c2a1841.c.lc-demo-infra.internal.","iid":"09774cc8-cb43-4164-abd3-87230031c142","int_ip":"10.128.15.200","latency":817,"moduleid":2,"oid":"aac9c41d-e0a3-4e7e-88b8-33936ab93238","parent":"8ced3bfcbf30b0dc5810c9e36818de5e","plat":268435456,"sid":"c4ba6121-d13d-4871-82f8-4b5c5556761e","tags":["lc:testtag","windows"],"this":"9ca66a993a0e6c8f81591f456848d12d"},"ts":"2025-06-11 00:43:24"}
{"event":{"ACTION":"modified","FILE_PATH":"C:\\Windows\\ServiceState\\EventLog\\Data\\lastalive1.dat","HASH":"a3ae2998b4dee18d8c4e2d780c2e32919889995c974fdccafe1ed4fc7fb54e98","PROCESS":{"BASE_ADDRESS":140699902017536,"COMMAND_LINE":"C:\\Windows\\System32\\svchost.exe -k LocalServiceNetworkRestricted -p -s EventLog","CREATION_TIME":1747280143315,"FILE_IS_SIGNED":1,"FILE_PATH":"C:\\Windows\\System32\\svchost.exe","HASH":"d7f10571f58adbe122f615b869eb42b05286770148067cbf88054c38f1bca4c4","MEMORY_USAGE":18825216,"PARENT_ATOM":"b56d4120493c4260490c5b186825611e","PARENT_PROCESS_ID":628,"PROCESS_ID":1164,"THIS_ATOM":"0abde42b2fc3298428bbe14d68256120","THREADS":11,"TIMESTAMP":1747280160351,"USER_NAME":"NT AUTHORITY\\LOCAL SERVICE"},"PROCESS_ID":1164},"routing":{"arch":2,"did":"","event_id":"e8a5c95a-4cd6-4cd2-974c-7fda3ed075fc","event_time":1749602601900,"event_type":"FIM_HIT","ext_ip":"34.171.104.183","hostname":"windows-server-2022-aac9c41d-e0a3-4e7e-88b8-33936ab93238-0.c.lc-demo-infra.internal.","iid":"09774cc8-cb43-4164-abd3-87230031c142","int_ip":"10.128.15.201","latency":381,"moduleid":2,"oid":"aac9c41d-e0a3-4e7e-88b8-33936ab93238","parent":"0abde42b2fc3298428bbe14d68256120","plat":268435456,"sid":"17b8710a-7337-4e64-9c18-2955e86f2d0d","tags":["fim","lc:stable","windows"],"this":"872a3bf5cddecf25254ff44d6848d12a"},"ts":"2025-06-11 00:43:21"}
{"event":{"PARENT_PROCESS_ID":628,"PROCESS_ID":288},"routing":{"arch":2,"did":"","event_id":"20253065-97dc-4dfd-9074-14bf64e4d64d","event_time":1749602601525,"event_type":"TERMINATE_PROCESS","ext_ip":"34.171.104.183","hostname":"windows-server-2022-aac9c41d-e0a3-4e7e-88b8-33936ab93238-0.c.lc-demo-infra.internal.","iid":"09774cc8-cb43-4164-abd3-87230031c142","int_ip":"10.128.15.201","latency":4018,"moduleid":2,"oid":"aac9c41d-e0a3-4e7e-88b8-33936ab93238","parent":"8cd3d444753c2cdfeca31f276848d072","plat":268435456,"sid":"17b8710a-7337-4e64-9c18-2955e86f2d0d","tags":["fim","lc:stable","windows"],"this":"2a240fd1475432249d0f6cf56848d12d"},"ts":"2025-06-11 00:43:21"}
{"event":{"EVENT":{"EventData":{"AuthenticationPackageName":"NTLM","FailureReason":"%%2313","IpAddress":"141.147.135.155","IpPort":"0","KeyLength":"0","LmPackageName":"-","LogonProcessName":"NtLmSsp","LogonType":"3","ProcessId":"0x0","ProcessName":"-","Status":"0xc000006d","SubStatus":"0xc000006a","SubjectDomainName":"-","SubjectLogonId":"0x0","SubjectUserName":"-","SubjectUserSid":"S-1-0-0","TargetDomainName":"domain","TargetUserName":"Administrator","TargetUserSid":"S-1-0-0","TransmittedServices":"-","WorkstationName":"-"},"System":{"Channel":"Security","Computer":"DESKTOP-C2A1841","Correlation":{"ActivityID":"{352b8892-aa45-0001-ddca-25f63c52db01}"},"EventID":"4625","EventRecordID":"4695512","Execution":{"ProcessID":"648","ThreadID":"4000"},"Keywords":"0x8010000000000000","Level":"0","Opcode":"0","Provider":{"Guid":"{54849625-5478-4994-a5ba-3e3b0328c30d}","Name":"Microsoft-Windows-Security-Auditing"},"Security":"","Task":"12544","TimeCreated":{"SystemTime":"2025-06-11T00:43:18.7111565Z"},"Version":"0","_event_id":"4625"}}},"routing":{"arch":2,"did":"","event_id":"ca3babf8-8beb-41f8-ae7c-16323f6b76b8","event_time":1749602600723,"event_type":"WEL","ext_ip":"34.58.90.170","hostname":"desktop-c2a1841.c.lc-demo-infra.internal.","iid":"09774cc8-cb43-4164-abd3-87230031c142","int_ip":"10.128.15.200","latency":6,"moduleid":2,"oid":"aac9c41d-e0a3-4e7e-88b8-33936ab93238","plat":268435456,"sid":"c4ba6121-d13d-4871-82f8-4b5c5556761e","tags":["lc:testtag","windows"],"this":"eda53ec2ef9e3c6f5df1fbb36848d128"},"ts":"2025-06-11 00:43:20"}
