{"event":{"ENVIRONMENT_VARIABLES":["ALLUSERSPROFILE=C:\\ProgramData","APPDATA=C:\\Users\\cbot\\AppData\\Roaming","CommonProgramFiles=C:\\Program Files\\Common Files","CommonProgramFiles(x86)=C:\\Program Files (x86)\\Common Files","CommonProgramW6432=C:\\Program Files\\Common Files","COMPUTERNAME=DESKTOP-C2A1841","ComSpec=C:\\Windows\\system32\\cmd.exe","DriverData=C:\\Windows\\System32\\Drivers\\DriverData","GooGetRoot=C:\\ProgramData\\GooGet","HOMEDRIVE=C:","HOMEPATH=\\Users\\cbot","LOCALAPPDATA=C:\\Users\\cbot\\AppData\\Local\\Packages\\microsoft.windows.contentdeliverymanager_cw5n1h2txyewy\\AC","LOGONSERVER=\\\\DESKTOP-C2A1841","NUMBER_OF_PROCESSORS=2","OneDrive=C:\\Users\\cbot\\OneDrive","OS=Windows_NT","Path=C:\\Windows\\system32;C:\\Windows;C:\\Windows\\System32\\Wbem;C:\\Windows\\System32\\WindowsPowerShell\\v1.0\\;C:\\Windows\\System32\\OpenSSH\\;C:\\ProgramData\\GooGet;C:\\Program Files\\Google\\Compute Engine\\metadata_scripts;C:\\Program Files\\Google\\Compute Engine\\sysprep;C:\\Users\\cbot\\AppData\\Local\\Microsoft\\WindowsApps","PATHEXT=.COM;.EXE;.BAT;.CMD;.VBS;.VBE;.JS;.JSE;.WSF;.WSH;.MSC","PROCESSOR_ARCHITECTURE=AMD64","PROCESSOR_IDENTIFIER=Intel64 Family 6 Model 79 Stepping 0, GenuineIntel","PROCESSOR_LEVEL=6","PROCESSOR_REVISION=4f00","ProgramData=C:\\ProgramData","ProgramFiles=C:\\Program Files","ProgramFiles(x86)=C:\\Program Files (x86)","ProgramW6432=C:\\Program Files","PSModulePath=%ProgramFiles%\\WindowsPowerShell\\Modules;C:\\Windows\\system32\\WindowsPowerShell\\v1.0\\Modules","PUBLIC=C:\\Users\\Public","SystemDrive=C:","SystemRoot=C:\\Windows","TEMP=C:\\Users\\cbot\\AppData\\Local\\Packages\\microsoft.windows.contentdeliverymanager_cw5n1h2txyewy\\AC\\Temp","TMP=C:\\Users\\cbot\\AppData\\Local\\Packages\\microsoft.windows.contentdeliverymanager_cw5n1h2txyewy\\AC\\Temp","USERDOMAIN=DESKTOP-C2A1841","USERDOMAIN_ROAMINGPROFILE=DESKTOP-C2A1841","USERNAME=cbot","USERPROFILE=C:\\Users\\cbot","windir=C:\\Windows"],"PROCESS_ID":18832},"routing":{"arch":2,"did":"","event_id":"201d53f3-cc3d-458c-aab6-be006082f9fe","event_time":1749602594868,"event_type":"PROCESS_ENVIRONMENT","ext_ip":"34.58.90.170","hostname":"desktop-c2a1841.c.lc-demo-infra.internal.","iid":"09774cc8-cb43-4164-abd3-87230031c142","int_ip":"10.128.15.200","latency":-16,"moduleid":2,"oid":"aac9c41d-e0a3-4e7e-88b8-33936ab93238","parent":"7eef6302598079c56afcabce6848d122","plat":268435456,"sid":"c4ba6121-d13d-4871-82f8-4b5c5556761e","tags":["lc:testtag","windows"],"this":"ba62ef4556f4c32e4172f4916848d122"},"ts":"2025-06-11 00:43:14"}
{"event":{"EVENT":{"EventData":{"AuthenticationPackageName":"NTLM","FailureReason":"%%2313","IpAddress":"196.188.118.232","IpPort":"0","KeyLength":"0","LmPackageName":"-","LogonProcessName":"NtLmSsp","LogonType":"3","ProcessId":"0x0","ProcessName":"-","Status":"0xc000006d","SubStatus":"0xc000006a","SubjectDomainName":"-","SubjectLogonId":"0x0","SubjectUserName":"-","SubjectUserSid":"S-1-0-0","TargetDomainName":"-","TargetUserName":"Administrator","TargetUserSid":"S-1-0-0","TransmittedServices":"-","WorkstationName":"workstation"},"System":{"Channel":"Security","Computer":"windows-server-2022-aac9c41d-e0a3-4e7e-88b8-33936ab93238-0","Correlation":{"ActivityID":"{55ae049b-37ef-0001-ee39-a76a4ac5db01}"},"EventID":"4625","EventRecordID":"4431797","Execution":{"ProcessID":"648","ThreadID":"8728"},"Keywords":"0x8010000000000000","Level":"0","Opcode":"0","Provider":{"Guid":"{54849625-5478-4994-a5ba-3e3b0328c30d}","Name":"Microsoft-Windows-Security-Auditing"},"Security":"","Task":"12544","TimeCreated":{"SystemTime":"2025-06-11T00:43:13.9693024Z"},"Version":"0","_event_id":"4625"}}},"routing":{"arch":2,"did":"","event_id":"33106d64-5216-4dd4-883e-52fcc7338881","event_time":1749602594957,"event_type":"WEL","ext_ip":"34.171.104.183","hostname":"windows-server-2022-aac9c41d-e0a3-4e7e-88b8-33936ab93238-0.c.lc-demo-infra.internal.","iid":"09774cc8-cb43-4164-abd3-87230031c142","int_ip":"10.128.15.201","latency":2,"moduleid":2,"oid":"aac9c41d-e0a3-4e7e-88b8-33936ab93238","plat":268435456,"sid":"17b8710a-7337-4e64-9c18-2955e86f2d0d","tags":["fim","lc:stable","windows"],"this":"c8d1547528e0f026006e8c306848d122"},"ts":"2025-06-11 00:43:14"}
{"event":{"PROCESS_ID":752,"REGISTRY_KEY":"\\REGISTRY\\A\\{46654135-aa5f-457e-a712-01cbddf1a790}\\WorkItems\\{50e7bbd7-6cb7-49eb-a4e1-cc04a5cd87b6}"},"routing":{"arch":2,"did":"","event_id":"0835a9e5-60b1-46dc-8c5e-13ab502d7767","event_time":1749602594462,"event_type":"REGISTRY_DELETE","ext_ip":"34.58.90.170","hostname":"desktop-c2a1841.c.lc-demo-infra.internal.","iid":"09774cc8-cb43-4164-abd3-87230031c142","int_ip":"10.128.15.200","latency":852,"moduleid":2,"oid":"aac9c41d-e0a3-4e7e-88b8-33936ab93238","parent":"3e4851ea8ec1a98e49341a176818de5e","plat":268435456,"sid":"c4ba6121-d13d-4871-82f8-4b5c5556761e","tags":["lc:testtag","windows"],"this":"0d3f2cbebebff8b456b7ef436848d123"},"ts":"2025-06-11 00:43:14"}
{"event":{"PROCESS_ID":752,"REGISTRY_KEY":"\\REGISTRY\\MACHINE\\SOFTWARE\\Microsoft\\Windows NT\\CurrentVersion\\VolatileNotifications\\41C64E6D07A6E855","REGISTRY_VALUE":"AQAEgEQAAABQAAAAAAAAAA==","SIZE":3,"TYPE":3},"routing":{"arch":2,"did":"","event_id":"649c1d20-6e70-4b50-bb7f-0afa951f5759","event_time":1749602594572,"event_type":"REGISTRY_WRITE","ext_ip":"34.58.90.170","hostname":"desktop-c2a1841.c.lc-demo-infra.internal.","iid":"09774cc8-cb43-4164-abd3-87230031c142","int_ip":"10.128.15.200","latency":743,"moduleid":2,"oid":"aac9c41d-e0a3-4e7e-88b8-33936ab93238","parent":"3e4851ea8ec1a98e49341a176818de5e","plat":268435456,"sid":"c4ba6121-d13d-4871-82f8-4b5c5556761e","tags":["lc:testtag","windows"],"this":"41cf4d914fcb7c3c25f9750b6848d123"},"ts":"2025-06-11 00:43:14"}
{"event":{"PROCESS_ID":752,"REGISTRY_KEY":"\\REGISTRY\\USER\\S-1-5-21-3366594239-1480668941-3885086479-1002_Classes\\Local Settings\\Software\\Microsoft\\Windows\\CurrentVersion\\AppModel\\SystemAppData\\Microsoft.Windows.ContentDeliveryManager_cw5n1h2txyewy\\HAM\\AUI\\App\\V1\\LU\\PCT","REGISTRY_VALUE":"RnYk0Gna2wE=","SIZE":11,"TYPE":11},"routing":{"arch":2,"did":"","event_id":"36faf7b5-fd1d-4436-86a6-bfafd1e6fb52","event_time":1749602594603,"event_type":"REGISTRY_WRITE","ext_ip":"34.58.90.170","hostname":"desktop-c2a1841.c.lc-demo-infra.internal.","iid":"09774cc8-cb43-4164-abd3-87230031c142","int_ip":"10.128.15.200","latency":713,"moduleid":2,"oid":"aac9c41d-e0a3-4e7e-88b8-33936ab93238","parent":"3e4851ea8ec1a98e49341a176818de5e","plat":268435456,"sid":"c4ba6121-d13d-4871-82f8-4b5c5556761e","tags":["lc:testtag","windows"],"this":"bf8f5aca92132060d4bfc1106848d123"},"ts":"2025-06-11 00:43:14"}
{"event":{"PROCESS_ID":18832,"REGISTRY_KEY":"\\REGISTRY\\A\\{0b1feb63-00e3-480d-2b32-d907748f0eaf}\\LocalState\\Common\\TaskExecutionCountLastResetTime","REGISTRY_VALUE":"TCc10Gna2wFMJzXQadrbAQ==","SIZE":100000007,"TYPE":100000007},"routing":{"arch":2,"did":"","event_id":"676b6bb6-5970-4dcc-839d-19183b42d17e","event_time":1749602594712,"event_type":"REGISTRY_WRITE","ext_ip":"34.58.90.170","hostname":"desktop-c2a1841.c.lc-demo-infra.internal.","iid":"09774cc8-cb43-4164-abd3-87230031c142","int_ip":"10.128.15.200","latency":604,"moduleid":2,"oid":"aac9c41d-e0a3-4e7e-88b8-33936ab93238","parent":"7eef6302598079c56afcabce6848d122","plat":268435456,"sid":"c4ba6121-d13d-4871-82f8-4b5c5556761e","tags":["lc:testtag","windows"],"this":"b2b1161fc332d66078b7ee056848d123"},"ts":"2025-06-11 00:43:14"}
{"event":{"PROCESS_ID":18832,"REGISTRY_KEY":"\\REGISTRY\\A\\{0b1feb63-00e3-480d-2b32-d907748f0eaf}\\LocalState\\Common\\TaskExecutionCountSinceLastReset","REGISTRY_VALUE":"AAAAAEwnNdBp2tsB","SIZE":100000005,"TYPE":100000005},"routing":{"arch":2,"did":"","event_id":"df7f35bd-b0ed-4b42-b6cc-8692e6604ccd","event_time":1749602594712,"event_type":"REGISTRY_WRITE","ext_ip":"34.58.90.170","hostname":"desktop-c2a1841.c.lc-demo-infra.internal.","iid":"09774cc8-cb43-4164-abd3-87230031c142","int_ip":"10.128.15.200","latency":604,"moduleid":2,"oid":"aac9c41d-e0a3-4e7e-88b8-33936ab93238","parent":"7eef6302598079c56afcabce6848d122","plat":268435456,"sid":"c4ba6121-d13d-4871-82f8-4b5c5556761e","tags":["lc:testtag","windows"],"this":"53a9454d095e54011c9a7c9f6848d123"},"ts":"2025-06-11 00:43:14"}
{"event":{"PROCESS_ID":18832,"REGISTRY_KEY":"\\REGISTRY\\A\\{0b1feb63-00e3-480d-2b32-d907748f0eaf}\\LocalState\\Common\\TaskWatchdog\\ContentDeliveryManager.Background.SubscribedContent-338388.UpdatePlacementTask","REGISTRY_VALUE":"vAAAAAwAAAAIAAAAVABhAA==","SIZE":100000013,"TYPE":100000013},"routing":{"arch":2,"did":"","event_id":"3d2fabcd-3627-43e3-be48-d81a47dacec1","event_time":1749602594712,"event_type":"REGISTRY_WRITE","ext_ip":"34.58.90.170","hostname":"desktop-c2a1841.c.lc-demo-infra.internal.","iid":"09774cc8-cb43-4164-abd3-87230031c142","int_ip":"10.128.15.200","latency":605,"moduleid":2,"oid":"aac9c41d-e0a3-4e7e-88b8-33936ab93238","parent":"7eef6302598079c56afcabce6848d122","plat":268435456,"sid":"c4ba6121-d13d-4871-82f8-4b5c5556761e","tags":["lc:testtag","windows"],"this":"821e2635fccd58d843c986166848d123"},"ts":"2025-06-11 00:43:14"}
{"event":{"PROCESS_ID":752,"REGISTRY_KEY":"\\REGISTRY\\A\\{46654135-aa5f-457e-a712-01cbddf1a790}\\Events\\{fdf3cd42-ca51-4364-8c34-39db6aa7f032}"},"routing":{"arch":2,"did":"","event_id":"cf96481e-d539-47dd-af55-b171d9d6f22d","event_time":1749602594743,"event_type":"REGISTRY_CREATE","ext_ip":"34.58.90.170","hostname":"desktop-c2a1841.c.lc-demo-infra.internal.","iid":"09774cc8-cb43-4164-abd3-87230031c142","int_ip":"10.128.15.200","latency":574,"moduleid":2,"oid":"aac9c41d-e0a3-4e7e-88b8-33936ab93238","parent":"3e4851ea8ec1a98e49341a176818de5e","plat":268435456,"sid":"c4ba6121-d13d-4871-82f8-4b5c5556761e","tags":["lc:testtag","windows"],"this":"2796ac839646d9325f1a85a96848d123"},"ts":"2025-06-11 00:43:14"}
{"event":{"PROCESS_ID":752,"REGISTRY_KEY":"\\REGISTRY\\A\\{46654135-aa5f-457e-a712-01cbddf1a790}\\Events\\{fdf3cd42-ca51-4364-8c34-39db6aa7f032}\\BrokerId","REGISTRY_VALUE":"{\u0000b\u00005\u0000c\u0000c\u0000d\u00005\u0000e\u0000","SIZE":1,"TYPE":1},"routing":{"arch":2,"did":"","event_id":"27aa2a47-61e0-4660-8e1d-c6ebe25c1e77","event_time":1749602594743,"event_type":"REGISTRY_WRITE","ext_ip":"34.58.90.170","hostname":"desktop-c2a1841.c.lc-demo-infra.internal.","iid":"09774cc8-cb43-4164-abd3-87230031c142","int_ip":"10.128.15.200","latency":574,"moduleid":2,"oid":"aac9c41d-e0a3-4e7e-88b8-33936ab93238","parent":"3e4851ea8ec1a98e49341a176818de5e","plat":268435456,"sid":"c4ba6121-d13d-4871-82f8-4b5c5556761e","tags":["lc:testtag","windows"],"this":"b4caac78663e97f68ef09c0f6848d123"},"ts":"2025-06-11 00:43:14"}
{"event":{"PROCESS_ID":752,"REGISTRY_KEY":"\\REGISTRY\\A\\{46654135-aa5f-457e-a712-01cbddf1a790}\\Events\\{fdf3cd42-ca51-4364-8c34-39db6aa7f032}\\EventParameters","REGISTRY_VALUE":"AQAFADoAAAAAAAAAAABEAA==","SIZE":3,"TYPE":3},"routing":{"arch":2,"did":"","event_id":"40e10876-bb01-4791-853c-ccc6763c6f98","event_time":1749602594743,"event_type":"REGISTRY_WRITE","ext_ip":"34.58.90.170","hostname":"desktop-c2a1841.c.lc-demo-infra.internal.","iid":"09774cc8-cb43-4164-abd3-87230031c142","int_ip":"10.128.15.200","latency":574,"moduleid":2,"oid":"aac9c41d-e0a3-4e7e-88b8-33936ab93238","parent":"3e4851ea8ec1a98e49341a176818de5e","plat":268435456,"sid":"c4ba6121-d13d-4871-82f8-4b5c5556761e","tags":["lc:testtag","windows"],"this":"eebd95402f02b93db1d58f466848d123"},"ts":"2025-06-11 00:43:14"}
{"event":{"PROCESS_ID":752,"REGISTRY_KEY":"\\REGISTRY\\A\\{46654135-aa5f-457e-a712-01cbddf1a790}\\Events\\{fdf3cd42-ca51-4364-8c34-39db6aa7f032}\\Flags","REGISTRY_VALUE":"BAYAAA==","SIZE":4,"TYPE":4},"routing":{"arch":2,"did":"","event_id":"f8c227b4-3737-444e-b84b-263ce4b3db47","event_time":1749602594743,"event_type":"REGISTRY_WRITE","ext_ip":"34.58.90.170","hostname":"desktop-c2a1841.c.lc-demo-infra.internal.","iid":"09774cc8-cb43-4164-abd3-87230031c142","int_ip":"10.128.15.200","latency":575,"moduleid":2,"oid":"aac9c41d-e0a3-4e7e-88b8-33936ab93238","parent":"3e4851ea8ec1a98e49341a176818de5e","plat":268435456,"sid":"c4ba6121-d13d-4871-82f8-4b5c5556761e","tags":["lc:testtag","windows"],"this":"130fb25625849ee57b7c200c6848d123"},"ts":"2025-06-11 00:43:14"}
{"event":{"PROCESS_ID":752,"REGISTRY_KEY":"\\REGISTRY\\A\\{46654135-aa5f-457e-a712-01cbddf1a790}\\Events\\{fdf3cd42-ca51-4364-8c34-39db6aa7f032}\\PackageFullName","REGISTRY_VALUE":"M\u0000i\u0000c\u0000r\u0000o\u0000s\u0000o\u0000f\u0000","SIZE":1,"TYPE":1},"routing":{"arch":2,"did":"","event_id":"16770c29-6761-4920-bfd5-5cd6a00f90de","event_time":1749602594743,"event_type":"REGISTRY_WRITE","ext_ip":"34.58.90.170","hostname":"desktop-c2a1841.c.lc-demo-infra.internal.","iid":"09774cc8-cb43-4164-abd3-87230031c142","int_ip":"10.128.15.200","latency":575,"moduleid":2,"oid":"aac9c41d-e0a3-4e7e-88b8-33936ab93238","parent":"3e4851ea8ec1a98e49341a176818de5e","plat":268435456,"sid":"c4ba6121-d13d-4871-82f8-4b5c5556761e","tags":["lc:testtag","windows"],"this":"17c09ba09c82caf18e761fcd6848d123"},"ts":"2025-06-11 00:43:14"}
{"event":{"PROCESS_ID":752,"REGISTRY_KEY":"\\REGISTRY\\A\\{46654135-aa5f-457e-a712-01cbddf1a790}\\Events\\{fdf3cd42-ca51-4364-8c34-39db6aa7f032}\\UserSid","REGISTRY_VALUE":"AQUAAAAAAAUVAAAAvyaqyA==","SIZE":3,"TYPE":3},"routing":{"arch":2,"did":"","event_id":"5d5313d3-8dfe-4ba9-ac2f-074e0c0d6b65","event_time":1749602594743,"event_type":"REGISTRY_WRITE","ext_ip":"34.58.90.170","hostname":"desktop-c2a1841.c.lc-demo-infra.internal.","iid":"09774cc8-cb43-4164-abd3-87230031c142","int_ip":"10.128.15.200","latency":576,"moduleid":2,"oid":"aac9c41d-e0a3-4e7e-88b8-33936ab93238","parent":"3e4851ea8ec1a98e49341a176818de5e","plat":268435456,"sid":"c4ba6121-d13d-4871-82f8-4b5c5556761e","tags":["lc:testtag","windows"],"this":"6efe5ec2d187ac92a569b5226848d123"},"ts":"2025-06-11 00:43:14"}
{"event":{"PROCESS_ID":752,"REGISTRY_KEY":"\\REGISTRY\\A\\{46654135-aa5f-457e-a712-01cbddf1a790}\\Events\\{8a228ee3-2ccc-413d-9983-d8f339063c17}"},"routing":{"arch":2,"did":"","event_id":"99590ce6-5d1f-4f60-8dd0-afd83cb1b3b6","event_time":1749602594759,"event_type":"REGISTRY_CREATE","ext_ip":"34.58.90.170","hostname":"desktop-c2a1841.c.lc-demo-infra.internal.","iid":"09774cc8-cb43-4164-abd3-87230031c142","int_ip":"10.128.15.200","latency":560,"moduleid":2,"oid":"aac9c41d-e0a3-4e7e-88b8-33936ab93238","parent":"3e4851ea8ec1a98e49341a176818de5e","plat":268435456,"sid":"c4ba6121-d13d-4871-82f8-4b5c5556761e","tags":["lc:testtag","windows"],"this":"36212632c63c9dec922e4f196848d123"},"ts":"2025-06-11 00:43:14"}
{"event":{"PROCESS_ID":752,"REGISTRY_KEY":"\\REGISTRY\\A\\{46654135-aa5f-457e-a712-01cbddf1a790}\\Events\\{8a228ee3-2ccc-413d-9983-d8f339063c17}\\BrokerId","REGISTRY_VALUE":"{\u00007\u0000c\u0000d\u00004\u0000a\u00006\u00008\u0000","SIZE":1,"TYPE":1},"routing":{"arch":2,"did":"","event_id":"3f1812b0-7fe5-40ac-829d-2d439ed411aa","event_time":1749602594759,"event_type":"REGISTRY_WRITE","ext_ip":"34.58.90.170","hostname":"desktop-c2a1841.c.lc-demo-infra.internal.","iid":"09774cc8-cb43-4164-abd3-87230031c142","int_ip":"10.128.15.200","latency":560,"moduleid":2,"oid":"aac9c41d-e0a3-4e7e-88b8-33936ab93238","parent":"3e4851ea8ec1a98e49341a176818de5e","plat":268435456,"sid":"c4ba6121-d13d-4871-82f8-4b5c5556761e","tags":["lc:testtag","windows"],"this":"f0232a19af26b9afe919c8596848d123"},"ts":"2025-06-11 00:43:14"}
{"event":{"PROCESS_ID":752,"REGISTRY_KEY":"\\REGISTRY\\A\\{46654135-aa5f-457e-a712-01cbddf1a790}\\Events\\{8a228ee3-2ccc-413d-9983-d8f339063c17}\\EventParameters","REGISTRY_VALUE":"AQACABgAAAAAABsAAAAiAA==","SIZE":3,"TYPE":3},"routing":{"arch":2,"did":"","event_id":"f28e6de6-715c-42ee-89cc-2f61715a0ecc","event_time":1749602594759,"event_type":"REGISTRY_WRITE","ext_ip":"34.58.90.170","hostname":"desktop-c2a1841.c.lc-demo-infra.internal.","iid":"09774cc8-cb43-4164-abd3-87230031c142","int_ip":"10.128.15.200","latency":560,"moduleid":2,"oid":"aac9c41d-e0a3-4e7e-88b8-33936ab93238","parent":"3e4851ea8ec1a98e49341a176818de5e","plat":268435456,"sid":"c4ba6121-d13d-4871-82f8-4b5c5556761e","tags":["lc:testtag","windows"],"this":"550d00356bbc509e80eaafdb6848d123"},"ts":"2025-06-11 00:43:14"}
{"event":{"PROCESS_ID":752,"REGISTRY_KEY":"\\REGISTRY\\A\\{46654135-aa5f-457e-a712-01cbddf1a790}\\Events\\{8a228ee3-2ccc-413d-9983-d8f339063c17}\\Flags","REGISTRY_VALUE":"AQYAAA==","SIZE":4,"TYPE":4},"routing":{"arch":2,"did":"","event_id":"8eb2d1e6-4ca9-44bb-afd7-4a651497474b","event_time":1749602594759,"event_type":"REGISTRY_WRITE","ext_ip":"34.58.90.170","hostname":"desktop-c2a1841.c.lc-demo-infra.internal.","iid":"09774cc8-cb43-4164-abd3-87230031c142","int_ip":"10.128.15.200","latency":560,"moduleid":2,"oid":"aac9c41d-e0a3-4e7e-88b8-33936ab93238","parent":"3e4851ea8ec1a98e49341a176818de5e","plat":268435456,"sid":"c4ba6121-d13d-4871-82f8-4b5c5556761e","tags":["lc:testtag","windows"],"this":"749114b027ce40f89b52ac4a6848d123"},"ts":"2025-06-11 00:43:14"}
{"event":{"PROCESS_ID":752,"REGISTRY_KEY":"\\REGISTRY\\A\\{46654135-aa5f-457e-a712-01cbddf1a790}\\Events\\{8a228ee3-2ccc-413d-9983-d8f339063c17}\\PackageFullName","REGISTRY_VALUE":"M\u0000i\u0000c\u0000r\u0000o\u0000s\u0000o\u0000f\u0000","SIZE":1,"TYPE":1},"routing":{"arch":2,"did":"","event_id":"bf931c9b-02f2-47d9-ad3b-cdb8df3946d4","event_time":1749602594759,"event_type":"REGISTRY_WRITE","ext_ip":"34.58.90.170","hostname":"desktop-c2a1841.c.lc-demo-infra.internal.","iid":"09774cc8-cb43-4164-abd3-87230031c142","int_ip":"10.128.15.200","latency":560,"moduleid":2,"oid":"aac9c41d-e0a3-4e7e-88b8-33936ab93238","parent":"3e4851ea8ec1a98e49341a176818de5e","plat":268435456,"sid":"c4ba6121-d13d-4871-82f8-4b5c5556761e","tags":["lc:testtag","windows"],"this":"fd99fb3351b382c71c42fb216848d123"},"ts":"2025-06-11 00:43:14"}
{"event":{"PROCESS_ID":752,"REGISTRY_KEY":"\\REGISTRY\\A\\{46654135-aa5f-457e-a712-01cbddf1a790}\\Events\\{8a228ee3-2ccc-413d-9983-d8f339063c17}\\UserSid","REGISTRY_VALUE":"AQUAAAAAAAUVAAAAvyaqyA==","SIZE":3,"TYPE":3},"routing":{"arch":2,"did":"","event_id":"7283bd9d-f894-4aa0-a2ed-2c6cf61d471b","event_time":1749602594759,"event_type":"REGISTRY_WRITE","ext_ip":"34.58.90.170","hostname":"desktop-c2a1841.c.lc-demo-infra.internal.","iid":"09774cc8-cb43-4164-abd3-87230031c142","int_ip":"10.128.15.200","latency":561,"moduleid":2,"oid":"aac9c41d-e0a3-4e7e-88b8-33936ab93238","parent":"3e4851ea8ec1a98e49341a176818de5e","plat":268435456,"sid":"c4ba6121-d13d-4871-82f8-4b5c5556761e","tags":["lc:testtag","windows"],"this":"70ccc7120df4710bcb2211a46848d123"},"ts":"2025-06-11 00:43:14"}
{"event":{"PROCESS_ID":752,"REGISTRY_KEY":"\\REGISTRY\\A\\{46654135-aa5f-457e-a712-01cbddf1a790}\\WorkItems\\{2feaaf27-54b7-4055-bd9a-dfcf295b0e97}"},"routing":{"arch":2,"did":"","event_id":"ec0275d1-c0f0-4938-8248-f3f439ae2d25","event_time":1749602594759,"event_type":"REGISTRY_CREATE","ext_ip":"34.58.90.170","hostname":"desktop-c2a1841.c.lc-demo-infra.internal.","iid":"09774cc8-cb43-4164-abd3-87230031c142","int_ip":"10.128.15.200","latency":561,"moduleid":2,"oid":"aac9c41d-e0a3-4e7e-88b8-33936ab93238","parent":"3e4851ea8ec1a98e49341a176818de5e","plat":268435456,"sid":"c4ba6121-d13d-4871-82f8-4b5c5556761e","tags":["lc:testtag","windows"],"this":"5a95b376cac645af644031916848d123"},"ts":"2025-06-11 00:43:14"}
{"event":{"PROCESS_ID":752,"REGISTRY_KEY":"\\REGISTRY\\A\\{46654135-aa5f-457e-a712-01cbddf1a790}\\WorkItems\\{2feaaf27-54b7-4055-bd9a-dfcf295b0e97}\\ActivationType","REGISTRY_VALUE":"AAAAAA==","SIZE":4,"TYPE":4},"routing":{"arch":2,"did":"","event_id":"c0b6f2e5-a7b1-450a-bcd3-1949dd77497b","event_time":1749602594759,"event_type":"REGISTRY_WRITE","ext_ip":"34.58.90.170","hostname":"desktop-c2a1841.c.lc-demo-infra.internal.","iid":"09774cc8-cb43-4164-abd3-87230031c142","int_ip":"10.128.15.200","latency":561,"moduleid":2,"oid":"aac9c41d-e0a3-4e7e-88b8-33936ab93238","parent":"3e4851ea8ec1a98e49341a176818de5e","plat":268435456,"sid":"c4ba6121-d13d-4871-82f8-4b5c5556761e","tags":["lc:testtag","windows"],"this":"27dcb2dda5282d4ce4cfa0d56848d123"},"ts":"2025-06-11 00:43:14"}
{"event":{"PROCESS_ID":752,"REGISTRY_KEY":"\\REGISTRY\\A\\{46654135-aa5f-457e-a712-01cbddf1a790}\\WorkItems\\{2feaaf27-54b7-4055-bd9a-dfcf295b0e97}\\Conditions","REGISTRY_VALUE":"ewA4AGEAMgAyADgAZQBlAA==","SIZE":7,"TYPE":7},"routing":{"arch":2,"did":"","event_id":"675dbe72-de7a-4efb-869e-0f770cabab61","event_time":1749602594759,"event_type":"REGISTRY_WRITE","ext_ip":"34.58.90.170","hostname":"desktop-c2a1841.c.lc-demo-infra.internal.","iid":"09774cc8-cb43-4164-abd3-87230031c142","int_ip":"10.128.15.200","latency":561,"moduleid":2,"oid":"aac9c41d-e0a3-4e7e-88b8-33936ab93238","parent":"3e4851ea8ec1a98e49341a176818de5e","plat":268435456,"sid":"c4ba6121-d13d-4871-82f8-4b5c5556761e","tags":["lc:testtag","windows"],"this":"3e8a09631118b41064908d2a6848d123"},"ts":"2025-06-11 00:43:14"}
{"event":{"PROCESS_ID":752,"REGISTRY_KEY":"\\REGISTRY\\A\\{46654135-aa5f-457e-a712-01cbddf1a790}\\WorkItems\\{2feaaf27-54b7-4055-bd9a-dfcf295b0e97}\\Flags","REGISTRY_VALUE":"AAAAAA==","SIZE":4,"TYPE":4},"routing":{"arch":2,"did":"","event_id":"bc8b515c-2c0b-4fa4-9864-613f47dafbe5","event_time":1749602594759,"event_type":"REGISTRY_WRITE","ext_ip":"34.58.90.170","hostname":"desktop-c2a1841.c.lc-demo-infra.internal.","iid":"09774cc8-cb43-4164-abd3-87230031c142","int_ip":"10.128.15.200","latency":561,"moduleid":2,"oid":"aac9c41d-e0a3-4e7e-88b8-33936ab93238","parent":"3e4851ea8ec1a98e49341a176818de5e","plat":268435456,"sid":"c4ba6121-d13d-4871-82f8-4b5c5556761e","tags":["lc:testtag","windows"],"this":"0a96d30b76edb5d227a786036848d123"},"ts":"2025-06-11 00:43:14"}
{"event":{"PROCESS_ID":752,"REGISTRY_KEY":"\\REGISTRY\\A\\{46654135-aa5f-457e-a712-01cbddf1a790}\\WorkItems\\{2feaaf27-54b7-4055-bd9a-dfcf295b0e97}\\Name","REGISTRY_VALUE":"C\u0000o\u0000n\u0000t\u0000e\u0000n\u0000t\u0000D\u0000","SIZE":1,"TYPE":1},"routing":{"arch":2,"did":"","event_id":"aaf9806b-2a0e-4009-bfdd-7dea6a83d199","event_time":1749602594759,"event_type":"REGISTRY_WRITE","ext_ip":"34.58.90.170","hostname":"desktop-c2a1841.c.lc-demo-infra.internal.","iid":"09774cc8-cb43-4164-abd3-87230031c142","int_ip":"10.128.15.200","latency":562,"moduleid":2,"oid":"aac9c41d-e0a3-4e7e-88b8-33936ab93238","parent":"3e4851ea8ec1a98e49341a176818de5e","plat":268435456,"sid":"c4ba6121-d13d-4871-82f8-4b5c5556761e","tags":["lc:testtag","windows"],"this":"b79fc9272c56f72d3c1a79cb6848d123"},"ts":"2025-06-11 00:43:14"}
{"event":{"PROCESS_ID":752,"REGISTRY_KEY":"\\REGISTRY\\A\\{46654135-aa5f-457e-a712-01cbddf1a790}\\WorkItems\\{2feaaf27-54b7-4055-bd9a-dfcf295b0e97}\\TriggerEvent","REGISTRY_VALUE":"{\u0000f\u0000d\u0000f\u00003\u0000c\u0000d\u00004\u0000","SIZE":1,"TYPE":1},"routing":{"arch":2,"did":"","event_id":"c43ac1a4-4098-4161-ad28-5e582c51e964","event_time":1749602594759,"event_type":"REGISTRY_WRITE","ext_ip":"34.58.90.170","hostname":"desktop-c2a1841.c.lc-demo-infra.internal.","iid":"09774cc8-cb43-4164-abd3-87230031c142","int_ip":"10.128.15.200","latency":562,"moduleid":2,"oid":"aac9c41d-e0a3-4e7e-88b8-33936ab93238","parent":"3e4851ea8ec1a98e49341a176818de5e","plat":268435456,"sid":"c4ba6121-d13d-4871-82f8-4b5c5556761e","tags":["lc:testtag","windows"],"this":"8ccdb887c6bac88baee923206848d123"},"ts":"2025-06-11 00:43:14"}
{"event":{"PROCESS_ID":752,"REGISTRY_KEY":"\\REGISTRY\\A\\{46654135-aa5f-457e-a712-01cbddf1a790}\\WorkItems\\{2feaaf27-54b7-4055-bd9a-dfcf295b0e97}\\TaskEntryPoint","REGISTRY_VALUE":"C\u0000o\u0000n\u0000t\u0000e\u0000n\u0000t\u0000D\u0000","SIZE":1,"TYPE":1},"routing":{"arch":2,"did":"","event_id":"c0fa5d9c-0be5-4549-93ea-b8145742725c","event_time":1749602594759,"event_type":"REGISTRY_WRITE","ext_ip":"34.58.90.170","hostname":"desktop-c2a1841.c.lc-demo-infra.internal.","iid":"09774cc8-cb43-4164-abd3-87230031c142","int_ip":"10.128.15.200","latency":562,"moduleid":2,"oid":"aac9c41d-e0a3-4e7e-88b8-33936ab93238","parent":"3e4851ea8ec1a98e49341a176818de5e","plat":268435456,"sid":"c4ba6121-d13d-4871-82f8-4b5c5556761e","tags":["lc:testtag","windows"],"this":"4600b02697e06cdab92acbd96848d123"},"ts":"2025-06-11 00:43:14"}
{"event":{"PROCESS_ID":752,"REGISTRY_KEY":"\\REGISTRY\\A\\{46654135-aa5f-457e-a712-01cbddf1a790}\\WorkItems\\{2feaaf27-54b7-4055-bd9a-dfcf295b0e97}\\PackageRelativeAppName","REGISTRY_VALUE":"A\u0000p\u0000p\u0000\u0000\u0000","SIZE":1,"TYPE":1},"routing":{"arch":2,"did":"","event_id":"540ddd0b-bd13-4e04-adf0-6e88a09ca218","event_time":1749602594759,"event_type":"REGISTRY_WRITE","ext_ip":"34.58.90.170","hostname":"desktop-c2a1841.c.lc-demo-infra.internal.","iid":"09774cc8-cb43-4164-abd3-87230031c142","int_ip":"10.128.15.200","latency":562,"moduleid":2,"oid":"aac9c41d-e0a3-4e7e-88b8-33936ab93238","parent":"3e4851ea8ec1a98e49341a176818de5e","plat":268435456,"sid":"c4ba6121-d13d-4871-82f8-4b5c5556761e","tags":["lc:testtag","windows"],"this":"3ce82644ce6888b9b4bfdc8b6848d123"},"ts":"2025-06-11 00:43:14"}
{"event":{"PROCESS_ID":752,"REGISTRY_KEY":"\\REGISTRY\\A\\{46654135-aa5f-457e-a712-01cbddf1a790}\\WorkItems\\{2feaaf27-54b7-4055-bd9a-dfcf295b0e97}\\PsmActivationType","REGISTRY_VALUE":"AgAAAA==","SIZE":4,"TYPE":4},"routing":{"arch":2,"did":"","event_id":"4803d52b-e8a9-43d5-a2b2-9a00436406be","event_time":1749602594759,"event_type":"REGISTRY_WRITE","ext_ip":"34.58.90.170","hostname":"desktop-c2a1841.c.lc-demo-infra.internal.","iid":"09774cc8-cb43-4164-abd3-87230031c142","int_ip":"10.128.15.200","latency":562,"moduleid":2,"oid":"aac9c41d-e0a3-4e7e-88b8-33936ab93238","parent":"3e4851ea8ec1a98e49341a176818de5e","plat":268435456,"sid":"c4ba6121-d13d-4871-82f8-4b5c5556761e","tags":["lc:testtag","windows"],"this":"ec72862e3cdcca2f82cca01c6848d123"},"ts":"2025-06-11 00:43:14"}
{"event":{"PROCESS_ID":752,"REGISTRY_KEY":"\\REGISTRY\\A\\{46654135-aa5f-457e-a712-01cbddf1a790}\\WorkItems\\{2feaaf27-54b7-4055-bd9a-dfcf295b0e97}\\PackageFlags","REGISTRY_VALUE":"AAAAAA==","SIZE":4,"TYPE":4},"routing":{"arch":2,"did":"","event_id":"114ffe6a-e590-4f46-8aec-50204ed8dae3","event_time":1749602594759,"event_type":"REGISTRY_WRITE","ext_ip":"34.58.90.170","hostname":"desktop-c2a1841.c.lc-demo-infra.internal.","iid":"09774cc8-cb43-4164-abd3-87230031c142","int_ip":"10.128.15.200","latency":562,"moduleid":2,"oid":"aac9c41d-e0a3-4e7e-88b8-33936ab93238","parent":"3e4851ea8ec1a98e49341a176818de5e","plat":268435456,"sid":"c4ba6121-d13d-4871-82f8-4b5c5556761e","tags":["lc:testtag","windows"],"this":"c773316a393b7aaa41a63ad96848d123"},"ts":"2025-06-11 00:43:14"}
{"event":{"PROCESS_ID":752,"REGISTRY_KEY":"\\REGISTRY\\A\\{46654135-aa5f-457e-a712-01cbddf1a790}\\WorkItems\\{2feaaf27-54b7-4055-bd9a-dfcf295b0e97}\\ExtendedRegistrationData","REGISTRY_VALUE":"AAAAAQAAAAwAAAANU2NoZQ==","SIZE":3,"TYPE":3},"routing":{"arch":2,"did":"","event_id":"8b6e9fb0-316a-421f-98b4-f183af32ece6","event_time":1749602594759,"event_type":"REGISTRY_WRITE","ext_ip":"34.58.90.170","hostname":"desktop-c2a1841.c.lc-demo-infra.internal.","iid":"09774cc8-cb43-4164-abd3-87230031c142","int_ip":"10.128.15.200","latency":563,"moduleid":2,"oid":"aac9c41d-e0a3-4e7e-88b8-33936ab93238","parent":"3e4851ea8ec1a98e49341a176818de5e","plat":268435456,"sid":"c4ba6121-d13d-4871-82f8-4b5c5556761e","tags":["lc:testtag","windows"],"this":"03bb56aef71177b13b5e19286848d123"},"ts":"2025-06-11 00:43:14"}
{"event":{"PROCESS_ID":752,"REGISTRY_KEY":"\\REGISTRY\\A\\{46654135-aa5f-457e-a712-01cbddf1a790}\\Events\\{fdf3cd42-ca51-4364-8c34-39db6aa7f032}\\EventType","REGISTRY_VALUE":"ygAAAA==","SIZE":4,"TYPE":4},"routing":{"arch":2,"did":"","event_id":"2b62f9fe-cf9f-402f-bc90-a9a347190d00","event_time":1749602594759,"event_type":"REGISTRY_WRITE","ext_ip":"34.58.90.170","hostname":"desktop-c2a1841.c.lc-demo-infra.internal.","iid":"09774cc8-cb43-4164-abd3-87230031c142","int_ip":"10.128.15.200","latency":563,"moduleid":2,"oid":"aac9c41d-e0a3-4e7e-88b8-33936ab93238","parent":"3e4851ea8ec1a98e49341a176818de5e","plat":268435456,"sid":"c4ba6121-d13d-4871-82f8-4b5c5556761e","tags":["lc:testtag","windows"],"this":"1c65ab25d2a4dc153946b36a6848d123"},"ts":"2025-06-11 00:43:14"}
{"event":{"PROCESS_ID":752,"REGISTRY_KEY":"\\REGISTRY\\A\\{46654135-aa5f-457e-a712-01cbddf1a790}\\Events\\{8a228ee3-2ccc-413d-9983-d8f339063c17}\\EventType","REGISTRY_VALUE":"CAAAAA==","SIZE":4,"TYPE":4},"routing":{"arch":2,"did":"","event_id":"e5a56f64-d9a1-4f96-aa74-6eda78750aeb","event_time":1749602594759,"event_type":"REGISTRY_WRITE","ext_ip":"34.58.90.170","hostname":"desktop-c2a1841.c.lc-demo-infra.internal.","iid":"09774cc8-cb43-4164-abd3-87230031c142","int_ip":"10.128.15.200","latency":563,"moduleid":2,"oid":"aac9c41d-e0a3-4e7e-88b8-33936ab93238","parent":"3e4851ea8ec1a98e49341a176818de5e","plat":268435456,"sid":"c4ba6121-d13d-4871-82f8-4b5c5556761e","tags":["lc:testtag","windows"],"this":"9f24aca41af61f4b9ba666866848d123"},"ts":"2025-06-11 00:43:14"}
{"event":{"PROCESS_ID":18832,"REGISTRY_KEY":"\\REGISTRY\\A\\{0b1feb63-00e3-480d-2b32-d907748f0eaf}\\LocalState\\Placements\\SubscribedContent-338388\\RetryUpdateRenderTriggers","REGISTRY_VALUE":"AAAAAGJPPNBp2tsB","SIZE":100000005,"TYPE":100000005},"routing":{"arch":2,"did":"","event_id":"2591fac3-b3f7-400d-8de5-3c1888d25c58","event_time":1749602594759,"event_type":"REGISTRY_WRITE","ext_ip":"34.58.90.170","hostname":"desktop-c2a1841.c.lc-demo-infra.internal.","iid":"09774cc8-cb43-4164-abd3-87230031c142","int_ip":"10.128.15.200","latency":563,"moduleid":2,"oid":"aac9c41d-e0a3-4e7e-88b8-33936ab93238","parent":"7eef6302598079c56afcabce6848d122","plat":268435456,"sid":"c4ba6121-d13d-4871-82f8-4b5c5556761e","tags":["lc:testtag","windows"],"this":"0fa33ab89c2e4960d95534136848d123"},"ts":"2025-06-11 00:43:14"}
{"event":{"PROCESS_ID":18832,"REGISTRY_KEY":"\\REGISTRY\\A\\{0b1feb63-00e3-480d-2b32-d907748f0eaf}\\LocalState\\Placements\\SubscribedContent-338388\\RetryUpdateRenderTriggers","REGISTRY_VALUE":"AQAAAEgUQdBp2tsB","SIZE":100000005,"TYPE":100000005},"routing":{"arch":2,"did":"","event_id":"07ee0f5d-f8d4-4816-8b2c-30544f9e28d0","event_time":1749602594790,"event_type":"REGISTRY_WRITE","ext_ip":"34.58.90.170","hostname":"desktop-c2a1841.c.lc-demo-infra.internal.","iid":"09774cc8-cb43-4164-abd3-87230031c142","int_ip":"10.128.15.200","latency":532,"moduleid":2,"oid":"aac9c41d-e0a3-4e7e-88b8-33936ab93238","parent":"7eef6302598079c56afcabce6848d122","plat":268435456,"sid":"c4ba6121-d13d-4871-82f8-4b5c5556761e","tags":["lc:testtag","windows"],"this":"8d21ea121412659f663305f66848d123"},"ts":"2025-06-11 00:43:14"}
{"event":{"PROCESS_ID":752,"REGISTRY_KEY":"\\REGISTRY\\MACHINE\\SOFTWARE\\Microsoft\\Windows NT\\CurrentVersion\\VolatileNotifications\\41C64E6D07A74055","REGISTRY_VALUE":"AQAEgEQAAABQAAAAAAAAAA==","SIZE":3,"TYPE":3},"routing":{"arch":2,"did":"","event_id":"96cae8eb-81d7-4883-be74-fcb9de580117","event_time":1749602594901,"event_type":"REGISTRY_WRITE","ext_ip":"34.58.90.170","hostname":"desktop-c2a1841.c.lc-demo-infra.internal.","iid":"09774cc8-cb43-4164-abd3-87230031c142","int_ip":"10.128.15.200","latency":421,"moduleid":2,"oid":"aac9c41d-e0a3-4e7e-88b8-33936ab93238","parent":"3e4851ea8ec1a98e49341a176818de5e","plat":268435456,"sid":"c4ba6121-d13d-4871-82f8-4b5c5556761e","tags":["lc:testtag","windows"],"this":"80e80ded782597bb810785ed6848d123"},"ts":"2025-06-11 00:43:14"}
{"event":{"PROCESS_ID":752,"REGISTRY_KEY":"\\REGISTRY\\USER\\S-1-5-21-3366594239-1480668941-3885086479-1002_Classes\\Local Settings\\Software\\Microsoft\\Windows\\CurrentVersion\\AppModel\\SystemAppData\\Microsoft.AAD.BrokerPlugin_cw5n1h2txyewy\\HAM\\AUI\\App\\V1\\LU\\PCT","REGISTRY_VALUE":"1V5U0Gna2wE=","SIZE":11,"TYPE":11},"routing":{"arch":2,"did":"","event_id":"69c87378-c11a-4c0a-b281-61ef034f6197","event_time":1749602594917,"event_type":"REGISTRY_WRITE","ext_ip":"34.58.90.170","hostname":"desktop-c2a1841.c.lc-demo-infra.internal.","iid":"09774cc8-cb43-4164-abd3-87230031c142","int_ip":"10.128.15.200","latency":405,"moduleid":2,"oid":"aac9c41d-e0a3-4e7e-88b8-33936ab93238","parent":"3e4851ea8ec1a98e49341a176818de5e","plat":268435456,"sid":"c4ba6121-d13d-4871-82f8-4b5c5556761e","tags":["lc:testtag","windows"],"this":"8d2431587293d7430d7928a16848d123"},"ts":"2025-06-11 00:43:14"}
{"event":{"COMMAND_LINE":"\"C:\\Windows\\system32\\BackgroundTaskHost.exe\" -ServerName:BackgroundTaskHost.WebAccountProvider","FILE_IS_SIGNED":1,"FILE_PATH":"C:\\Windows\\system32\\BackgroundTaskHost.exe","HASH":"20330d3ca71d58f4aeb432676cb6a3d5b97005954e45132fb083e90782efdd50","PARENT":{"BASE_ADDRESS":140700938862592,"COMMAND_LINE":"C:\\Windows\\system32\\svchost.exe -k DcomLaunch -p","CREATION_TIME":1734629975978,"FILE_IS_SIGNED":1,"FILE_PATH":"C:\\Windows\\system32\\svchost.exe","HASH":"add683a6910abbbf0e28b557fad0ba998166394932ae2aca069d9aa19ea8fe88","MEMORY_USAGE":73998336,"PARENT_ATOM":"132cae85f72455fc640afd1a6818de5e","PARENT_PROCESS_ID":624,"PROCESS_ID":752,"THIS_ATOM":"3e4851ea8ec1a98e49341a176818de5e","THREADS":11,"TIMESTAMP":1746460254443,"USER_NAME":"NT AUTHORITY\\SYSTEM"},"PARENT_PROCESS_ID":752,"PROCESS_ID":18032},"routing":{"arch":2,"did":"","event_id":"2810ad9c-7dc6-4abf-9485-8c9080566da4","event_time":1749602594917,"event_type":"NEW_PROCESS","ext_ip":"34.58.90.170","hostname":"desktop-c2a1841.c.lc-demo-infra.internal.","iid":"09774cc8-cb43-4164-abd3-87230031c142","int_ip":"10.128.15.200","latency":942,"moduleid":2,"oid":"aac9c41d-e0a3-4e7e-88b8-33936ab93238","parent":"3e4851ea8ec1a98e49341a176818de5e","plat":268435456,"sid":"c4ba6121-d13d-4871-82f8-4b5c5556761e","tags":["lc:testtag","windows"],"this":"884fa154821ca3cab68464bc6848d123"},"ts":"2025-06-11 00:43:14"}
{"event":{"BASE_ADDRESS":140700172812288,"COMMAND_LINE":"C:\\Windows\\System32\\RuntimeBroker.exe -Embedding","FILE_IS_SIGNED":1,"FILE_PATH":"C:\\Windows\\System32\\RuntimeBroker.exe","HASH":"e86870769ee6c797e09457bd99c58d9bf2303cf0193a24ef9b1222c2c3daf628","MEMORY_USAGE":8306688,"PARENT":{"BASE_ADDRESS":140700938862592,"COMMAND_LINE":"C:\\Windows\\system32\\svchost.exe -k DcomLaunch -p","CREATION_TIME":1734629975978,"FILE_IS_SIGNED":1,"FILE_PATH":"C:\\Windows\\system32\\svchost.exe","HASH":"add683a6910abbbf0e28b557fad0ba998166394932ae2aca069d9aa19ea8fe88","MEMORY_USAGE":73998336,"PARENT_ATOM":"132cae85f72455fc640afd1a6818de5e","PARENT_PROCESS_ID":624,"PROCESS_ID":752,"THIS_ATOM":"3e4851ea8ec1a98e49341a176818de5e","THREADS":11,"TIMESTAMP":1746460254443,"USER_NAME":"NT AUTHORITY\\SYSTEM"},"PARENT_PROCESS_ID":752,"PROCESS_ID":10264,"THREADS":7,"USER_NAME":"DESKTOP-C2A1841\\cbot"},"routing":{"arch":2,"did":"","event_id":"c93331a9-9361-4506-939d-b4fe7512f145","event_time":1749602594996,"event_type":"NEW_PROCESS","ext_ip":"34.58.90.170","hostname":"desktop-c2a1841.c.lc-demo-infra.internal.","iid":"09774cc8-cb43-4164-abd3-87230031c142","int_ip":"10.128.15.200","latency":883,"moduleid":2,"oid":"aac9c41d-e0a3-4e7e-88b8-33936ab93238","parent":"3e4851ea8ec1a98e49341a176818de5e","plat":268435456,"sid":"c4ba6121-d13d-4871-82f8-4b5c5556761e","tags":["lc:testtag","windows"],"this":"0bd44c40c4023c87519019f36848d123"},"ts":"2025-06-11 00:43:14"}
{"event":{"EVENT":{"EventData":{"AuthenticationPackageName":"NTLM","FailureReason":"%%2313","IpAddress":"141.147.135.155","IpPort":"0","KeyLength":"0","LmPackageName":"-","LogonProcessName":"NtLmSsp","LogonType":"3","ProcessId":"0x0","ProcessName":"-","Status":"0xc000006d","SubStatus":"0xc000006a","SubjectDomainName":"-","SubjectLogonId":"0x0","SubjectUserName":"-","SubjectUserSid":"S-1-0-0","TargetDomainName":"domain","TargetUserName":"Administrator","TargetUserSid":"S-1-0-0","TransmittedServices":"-","WorkstationName":"-"},"System":{"Channel":"Security","Computer":"DESKTOP-C2A1841","Correlation":{"ActivityID":"{352b8892-aa45-0001-ddca-25f63c52db01}"},"EventID":"4625","EventRecordID":"4695507","Execution":{"ProcessID":"648","ThreadID":"4000"},"Keywords":"0x8010000000000000","Level":"0","Opcode":"0","Provider":{"Guid":"{54849625-5478-4994-a5ba-3e3b0328c30d}","Name":"Microsoft-Windows-Security-Auditing"},"Security":"","Task":"12544","TimeCreated":{"SystemTime":"2025-06-11T00:43:10.4930941Z"},"Version":"0","_event_id":"4625"}}},"routing":{"arch":2,"did":"","event_id":"9213877f-9d80-44aa-a058-d8e618de58d1","event_time":1749602592507,"event_type":"WEL","ext_ip":"34.58.90.170","hostname":"desktop-c2a1841.c.lc-demo-infra.internal.","iid":"09774cc8-cb43-4164-abd3-87230031c142","int_ip":"10.128.15.200","latency":-29,"moduleid":2,"oid":"aac9c41d-e0a3-4e7e-88b8-33936ab93238","plat":268435456,"sid":"c4ba6121-d13d-4871-82f8-4b5c5556761e","tags":["lc:testtag","windows"],"this":"47d713789ee41eee7b6b53606848d120"},"ts":"2025-06-11 00:43:12"}
{"event":{"COMMAND_LINE":"C:\\Windows\\System32\\svchost.exe -k termsvcs -s TermService","CREATION_TIME":1747280142928,"FILE_IS_SIGNED":1,"FILE_PATH":"C:\\Windows\\System32\\svchost.exe","HASH":"d7f10571f58adbe122f615b869eb42b05286770148067cbf88054c38f1bca4c4","NETWORK_ACTIVITY":[{"DESTINATION":{"IP_ADDRESS":"10.128.15.201","PORT":3389},"IS_OUTGOING":0,"PROTOCOL":"tcp4","SOURCE":{"IP_ADDRESS":"14.103.163.238","PORT":54315},"TIMESTAMP":1749602560463},{"DESTINATION":{"IP_ADDRESS":"10.128.15.201","PORT":3389},"IS_OUTGOING":0,"PROTOCOL":"tcp4","SOURCE":{"IP_ADDRESS":"162.244.210.216","PORT":57940},"TIMESTAMP":1749602566609},{"DESTINATION":{"IP_ADDRESS":"10.128.15.201","PORT":3389},"IS_OUTGOING":0,"PROTOCOL":"tcp4","SOURCE":{"IP_ADDRESS":"102.88.21.217","PORT":54484},"TIMESTAMP":1749602582965}],"PARENT_PROCESS_ID":628,"PROCESS_ID":1000,"USER_NAME":"NT AUTHORITY\\NETWORK SERVICE"},"routing":{"arch":2,"did":"","event_id":"75262d71-65b0-4596-90dc-922034a883cd","event_time":1749602591675,"event_type":"NETWORK_CONNECTIONS","ext_ip":"34.171.104.183","hostname":"windows-server-2022-aac9c41d-e0a3-4e7e-88b8-33936ab93238-0.c.lc-demo-infra.internal.","iid":"09774cc8-cb43-4164-abd3-87230031c142","int_ip":"10.128.15.201","latency":1,"moduleid":2,"oid":"aac9c41d-e0a3-4e7e-88b8-33936ab93238","parent":"05ab479aa6538d9ae515552b68256120","plat":268435456,"sid":"17b8710a-7337-4e64-9c18-2955e86f2d0d","tags":["fim","lc:stable","windows"],"this":"628da88a6e9d3b9c72c2a1326848d11f"},"ts":"2025-06-11 00:43:11"}
{"event":{"COMMAND_LINE":"C:\\Windows\\system32\\svchost.exe -k NetworkService -p -s Dnscache","CREATION_TIME":1747280143905,"FILE_IS_SIGNED":1,"FILE_PATH":"C:\\Windows\\system32\\svchost.exe","HASH":"d7f10571f58adbe122f615b869eb42b05286770148067cbf88054c38f1bca4c4","NETWORK_ACTIVITY":[{"DESTINATION":{"IP_ADDRESS":"10.128.0.1","PORT":53},"IS_OUTGOING":1,"PROTOCOL":"udp4","SOURCE":{"IP_ADDRESS":"10.128.15.201","PORT":65337},"TIMESTAMP":1749602563450}],"PARENT_PROCESS_ID":628,"PROCESS_ID":1664,"USER_NAME":"NT AUTHORITY\\NETWORK SERVICE"},"routing":{"arch":2,"did":"","event_id":"7999b168-2387-4e1e-a310-b8a119c4143f","event_time":1749602591675,"event_type":"NETWORK_CONNECTIONS","ext_ip":"34.171.104.183","hostname":"windows-server-2022-aac9c41d-e0a3-4e7e-88b8-33936ab93238-0.c.lc-demo-infra.internal.","iid":"09774cc8-cb43-4164-abd3-87230031c142","int_ip":"10.128.15.201","latency":2,"moduleid":2,"oid":"aac9c41d-e0a3-4e7e-88b8-33936ab93238","parent":"c5c7b27cabe36d9ede5463b468256120","plat":268435456,"sid":"17b8710a-7337-4e64-9c18-2955e86f2d0d","tags":["fim","lc:stable","windows"],"this":"ff0ce529179c3334d084335b6848d11f"},"ts":"2025-06-11 00:43:11"}
{"event":{"COMMAND_LINE":"C:\\Windows\\System32\\rundll32.exe","FILE_IS_SIGNED":1,"FILE_PATH":"C:\\Windows\\System32\\rundll32.exe","HASH":"02f6a04b3373f195152fb1b4aeafe25bf8ef4411dc020c2238c541bcc3dc309b","NETWORK_ACTIVITY":[{"DESTINATION":{"IP_ADDRESS":"35.232.8.38","PORT":80},"IS_OUTGOING":1,"PROTOCOL":"tcp4","SOURCE":{"IP_ADDRESS":"10.128.15.201","PORT":62007},"TIMESTAMP":1749602569047}],"PARENT_PROCESS_ID":4432,"PROCESS_ID":4576,"USER_NAME":"NT AUTHORITY\\SYSTEM"},"routing":{"arch":2,"did":"","event_id":"d81c558f-c11c-4c9b-9b28-f42b29f7fb24","event_time":1749602591675,"event_type":"NETWORK_CONNECTIONS","ext_ip":"34.171.104.183","hostname":"windows-server-2022-aac9c41d-e0a3-4e7e-88b8-33936ab93238-0.c.lc-demo-infra.internal.","iid":"09774cc8-cb43-4164-abd3-87230031c142","int_ip":"10.128.15.201","latency":2,"moduleid":2,"oid":"aac9c41d-e0a3-4e7e-88b8-33936ab93238","parent":"fdef27258c485456799b40c268256125","plat":268435456,"sid":"17b8710a-7337-4e64-9c18-2955e86f2d0d","tags":["fim","lc:stable","windows"],"this":"f55e4dbcd45c3aa4e15d5aa16848d11f"},"ts":"2025-06-11 00:43:11"}
