{"event":{"PROCESS_ID":648,"REGISTRY_KEY":"\\REGISTRY\\MACHINE\\SAM\\SAM\\Domains\\Account\\Users\\000003E9\\F","REGISTRY_VALUE":"AwABAAAAAABJcLS4NJnaAQ==","SIZE":3,"TYPE":3},"routing":{"arch":2,"did":"","event_id":"1ab71719-4416-4db7-b9c9-8d26e0b1611d","event_time":1749602726167,"event_type":"REGISTRY_WRITE","ext_ip":"34.58.90.170","hostname":"desktop-c2a1841.c.lc-demo-infra.internal.","iid":"09774cc8-cb43-4164-abd3-87230031c142","int_ip":"10.128.15.200","latency":408,"moduleid":2,"oid":"aac9c41d-e0a3-4e7e-88b8-33936ab93238","parent":"8ced3bfcbf30b0dc5810c9e36818de5e","plat":268435456,"sid":"c4ba6121-d13d-4871-82f8-4b5c5556761e","tags":["lc:testtag","windows"],"this":"87aaf6cfbd130fc2a967b9f86848d1a6"},"ts":"2025-06-11 00:45:26"}
{"event":{"EVENT":{"EventData":{"AuthenticationPackageName":"NTLM","FailureReason":"%%2313","IpAddress":"31.43.100.170","IpPort":"0","KeyLength":"0","LmPackageName":"-","LogonProcessName":"NtLmSsp","LogonType":"3","ProcessId":"0x0","ProcessName":"-","Status":"0xc000006d","SubStatus":"0xc000006a","SubjectDomainName":"-","SubjectLogonId":"0x0","SubjectUserName":"-","SubjectUserSid":"S-1-0-0","TargetDomainName":"-","TargetUserName":"Administrator","TargetUserSid":"S-1-0-0","TransmittedServices":"-","WorkstationName":"workstation"},"System":{"Channel":"Security","Computer":"windows-server-2022-aac9c41d-e0a3-4e7e-88b8-33936ab93238-0","Correlation":{"ActivityID":"{55ae049b-37ef-0001-ee39-a76a4ac5db01}"},"EventID":"4625","EventRecordID":"4431809","Execution":{"ProcessID":"648","ThreadID":"2096"},"Keywords":"0x8010000000000000","Level":"0","Opcode":"0","Provider":{"Guid":"{54849625-5478-4994-a5ba-3e3b0328c30d}","Name":"Microsoft-Windows-Security-Auditing"},"Security":"","Task":"12544","TimeCreated":{"SystemTime":"2025-06-11T00:45:25.9806406Z"},"Version":"0","_event_id":"4625"}}},"routing":{"arch":2,"did":"","event_id":"59c9067d-788c-4ccc-900f-d9d40a2929c2","event_time":1749602726966,"event_type":"WEL","ext_ip":"34.171.104.183","hostname":"windows-server-2022-aac9c41d-e0a3-4e7e-88b8-33936ab93238-0.c.lc-demo-infra.internal.","iid":"09774cc8-cb43-4164-abd3-87230031c142","int_ip":"10.128.15.201","latency":2,"moduleid":2,"oid":"aac9c41d-e0a3-4e7e-88b8-33936ab93238","plat":268435456,"sid":"17b8710a-7337-4e64-9c18-2955e86f2d0d","tags":["fim","lc:stable","windows"],"this":"ad52c606ca74c29f13042f556848d1a6"},"ts":"2025-06-11 00:45:26"}
{"event":{"EVENT":{"EventData":{"AuthenticationPackageName":"NTLM","FailureReason":"%%2313","IpAddress":"102.88.21.217","IpPort":"0","KeyLength":"0","LmPackageName":"-","LogonProcessName":"NtLmSsp","LogonType":"3","ProcessId":"0x0","ProcessName":"-","Status":"0xc000006d","SubStatus":"0xc000006a","SubjectDomainName":"-","SubjectLogonId":"0x0","SubjectUserName":"-","SubjectUserSid":"S-1-0-0","TargetDomainName":"-","TargetUserName":"ADMINISTRATOR","TargetUserSid":"S-1-0-0","TransmittedServices":"-","WorkstationName":"-"},"System":{"Channel":"Security","Computer":"windows-server-2022-aac9c41d-e0a3-4e7e-88b8-33936ab93238-0","Correlation":{"ActivityID":"{55ae049b-37ef-0001-ee39-a76a4ac5db01}"},"EventID":"4625","EventRecordID":"4431808","Execution":{"ProcessID":"648","ThreadID":"2096"},"Keywords":"0x8010000000000000","Level":"0","Opcode":"0","Provider":{"Guid":"{54849625-5478-4994-a5ba-3e3b0328c30d}","Name":"Microsoft-Windows-Security-Auditing"},"Security":"","Task":"12544","TimeCreated":{"SystemTime":"2025-06-11T00:45:23.6450253Z"},"Version":"0","_event_id":"4625"}}},"routing":{"arch":2,"did":"","event_id":"b80cd218-4119-4b8a-837f-6562aaf2bf04","event_time":1749602724636,"event_type":"WEL","ext_ip":"34.171.104.183","hostname":"windows-server-2022-aac9c41d-e0a3-4e7e-88b8-33936ab93238-0.c.lc-demo-infra.internal.","iid":"09774cc8-cb43-4164-abd3-87230031c142","int_ip":"10.128.15.201","latency":5,"moduleid":2,"oid":"aac9c41d-e0a3-4e7e-88b8-33936ab93238","plat":268435456,"sid":"17b8710a-7337-4e64-9c18-2955e86f2d0d","tags":["fim","lc:stable","windows"],"this":"78eba2a11bb667dba1c98c716848d1a4"},"ts":"2025-06-11 00:45:24"}
{"event":{"EVENT":{"EventData":{"AuthenticationPackageName":"NTLM","FailureReason":"%%2313","IpAddress":"66.129.87.228","IpPort":"0","KeyLength":"0","LmPackageName":"-","LogonProcessName":"NtLmSsp","LogonType":"3","ProcessId":"0x0","ProcessName":"-","Status":"0xc000006d","SubStatus":"0xc0000064","SubjectDomainName":"-","SubjectLogonId":"0x0","SubjectUserName":"-","SubjectUserSid":"S-1-0-0","TargetDomainName":"","TargetUserName":"robert","TargetUserSid":"S-1-0-0","TransmittedServices":"-","WorkstationName":"workstation"},"System":{"Channel":"Security","Computer":"DESKTOP-C2A1841","Correlation":{"ActivityID":"{352b8892-aa45-0001-ddca-25f63c52db01}"},"EventID":"4625","EventRecordID":"4695532","Execution":{"ProcessID":"648","ThreadID":"15328"},"Keywords":"0x8010000000000000","Level":"0","Opcode":"0","Provider":{"Guid":"{54849625-5478-4994-a5ba-3e3b0328c30d}","Name":"Microsoft-Windows-Security-Auditing"},"Security":"","Task":"12544","TimeCreated":{"SystemTime":"2025-06-11T00:45:20.8865296Z"},"Version":"0","_event_id":"4625"}}},"routing":{"arch":2,"did":"","event_id":"69cabfdb-6759-4565-9e72-75a61a864e04","event_time":1749602722894,"event_type":"WEL","ext_ip":"34.58.90.170","hostname":"desktop-c2a1841.c.lc-demo-infra.internal.","iid":"09774cc8-cb43-4164-abd3-87230031c142","int_ip":"10.128.15.200","latency":-29,"moduleid":2,"oid":"aac9c41d-e0a3-4e7e-88b8-33936ab93238","plat":268435456,"sid":"c4ba6121-d13d-4871-82f8-4b5c5556761e","tags":["lc:testtag","windows"],"this":"a8e4c87a0f91c1336273467c6848d1a2"},"ts":"2025-06-11 00:45:22"}
{"event":{"ACTION":"modified","FILE_PATH":"C:\\Windows\\System32\\winevt\\Logs\\Security.evtx","HASH":"f40e514cecbd3abc906e5cd9a5246dedf3638f7f37f463e3af4fb51705f57c44","PROCESS":{"BASE_ADDRESS":140699902017536,"COMMAND_LINE":"C:\\Windows\\System32\\svchost.exe -k LocalServiceNetworkRestricted -p -s EventLog","CREATION_TIME":1747280143315,"FILE_IS_SIGNED":1,"FILE_PATH":"C:\\Windows\\System32\\svchost.exe","HASH":"d7f10571f58adbe122f615b869eb42b05286770148067cbf88054c38f1bca4c4","MEMORY_USAGE":18825216,"PARENT_ATOM":"b56d4120493c4260490c5b186825611e","PARENT_PROCESS_ID":628,"PROCESS_ID":1164,"THIS_ATOM":"0abde42b2fc3298428bbe14d68256120","THREADS":11,"TIMESTAMP":1747280160351,"USER_NAME":"NT AUTHORITY\\LOCAL SERVICE"},"PROCESS_ID":1164},"routing":{"arch":2,"did":"","event_id":"344aef2d-ad2a-4054-9313-dd4657b4ac20","event_time":1749602721760,"event_type":"FIM_HIT","ext_ip":"34.171.104.183","hostname":"windows-server-2022-aac9c41d-e0a3-4e7e-88b8-33936ab93238-0.c.lc-demo-infra.internal.","iid":"09774cc8-cb43-4164-abd3-87230031c142","int_ip":"10.128.15.201","latency":1146,"moduleid":2,"oid":"aac9c41d-e0a3-4e7e-88b8-33936ab93238","parent":"0abde42b2fc3298428bbe14d68256120","plat":268435456,"sid":"17b8710a-7337-4e64-9c18-2955e86f2d0d","tags":["fim","lc:stable","windows"],"this":"66e63b37c1d581c8bb99d9266848d1a2"},"ts":"2025-06-11 00:45:21"}
{"event":{"ACTION":"modified","FILE_PATH":"C:\\Windows\\ServiceState\\EventLog\\Data\\lastalive1.dat","HASH":"aecf1147e55b5f527aca03d40eaf9cd50394929b85f90c9779be81e2ba160ded","PROCESS":{"BASE_ADDRESS":140699902017536,"COMMAND_LINE":"C:\\Windows\\System32\\svchost.exe -k LocalServiceNetworkRestricted -p -s EventLog","CREATION_TIME":1747280143315,"FILE_IS_SIGNED":1,"FILE_PATH":"C:\\Windows\\System32\\svchost.exe","HASH":"d7f10571f58adbe122f615b869eb42b05286770148067cbf88054c38f1bca4c4","MEMORY_USAGE":18825216,"PARENT_ATOM":"b56d4120493c4260490c5b186825611e","PARENT_PROCESS_ID":628,"PROCESS_ID":1164,"THIS_ATOM":"0abde42b2fc3298428bbe14d68256120","THREADS":11,"TIMESTAMP":1747280160351,"USER_NAME":"NT AUTHORITY\\LOCAL SERVICE"},"PROCESS_ID":1164},"routing":{"arch":2,"did":"","event_id":"49969625-1533-4812-a634-d259e176b946","event_time":1749602721916,"event_type":"FIM_HIT","ext_ip":"34.171.104.183","hostname":"windows-server-2022-aac9c41d-e0a3-4e7e-88b8-33936ab93238-0.c.lc-demo-infra.internal.","iid":"09774cc8-cb43-4164-abd3-87230031c142","int_ip":"10.128.15.201","latency":991,"moduleid":2,"oid":"aac9c41d-e0a3-4e7e-88b8-33936ab93238","parent":"0abde42b2fc3298428bbe14d68256120","plat":268435456,"sid":"17b8710a-7337-4e64-9c18-2955e86f2d0d","tags":["fim","lc:stable","windows"],"this":"0a09e9c427cbbd30f49f53656848d1a2"},"ts":"2025-06-11 00:45:21"}
{"event":{"EVENT":{"EventData":{"AuthenticationPackageName":"NTLM","FailureReason":"%%2313","IpAddress":"47.115.157.55","IpPort":"0","KeyLength":"0","LmPackageName":"-","LogonProcessName":"NtLmSsp","LogonType":"3","ProcessId":"0x0","ProcessName":"-","Status":"0xc000006d","SubStatus":"0xc0000064","SubjectDomainName":"-","SubjectLogonId":"0x0","SubjectUserName":"-","SubjectUserSid":"S-1-0-0","TargetDomainName":"-","TargetUserName":"robert","TargetUserSid":"S-1-0-0","TransmittedServices":"-","WorkstationName":"workstation"},"System":{"Channel":"Security","Computer":"windows-server-2022-aac9c41d-e0a3-4e7e-88b8-33936ab93238-0","Correlation":{"ActivityID":"{55ae049b-37ef-0001-ee39-a76a4ac5db01}"},"EventID":"4625","EventRecordID":"4431807","Execution":{"ProcessID":"648","ThreadID":"2096"},"Keywords":"0x8010000000000000","Level":"0","Opcode":"0","Provider":{"Guid":"{54849625-5478-4994-a5ba-3e3b0328c30d}","Name":"Microsoft-Windows-Security-Auditing"},"Security":"","Task":"12544","TimeCreated":{"SystemTime":"2025-06-11T00:45:17.2858555Z"},"Version":"0","_event_id":"4625"}}},"routing":{"arch":2,"did":"","event_id":"4bc85b89-38ff-4b0b-9f97-523ee7b0e5e9","event_time":1749602718288,"event_type":"WEL","ext_ip":"34.171.104.183","hostname":"windows-server-2022-aac9c41d-e0a3-4e7e-88b8-33936ab93238-0.c.lc-demo-infra.internal.","iid":"09774cc8-cb43-4164-abd3-87230031c142","int_ip":"10.128.15.201","latency":2,"moduleid":2,"oid":"aac9c41d-e0a3-4e7e-88b8-33936ab93238","plat":268435456,"sid":"17b8710a-7337-4e64-9c18-2955e86f2d0d","tags":["fim","lc:stable","windows"],"this":"e1bfe0db760e4bb95a95f3fd6848d19e"},"ts":"2025-06-11 00:45:18"}
{"event":{"PARENT_PROCESS_ID":752,"PROCESS_ID":18844},"routing":{"arch":2,"did":"","event_id":"29415034-7d1c-47f5-a58d-59b229a97df0","event_time":1749602718433,"event_type":"TERMINATE_PROCESS","ext_ip":"34.58.90.170","hostname":"desktop-c2a1841.c.lc-demo-infra.internal.","iid":"09774cc8-cb43-4164-abd3-87230031c142","int_ip":"10.128.15.200","latency":3995,"moduleid":2,"oid":"aac9c41d-e0a3-4e7e-88b8-33936ab93238","parent":"fa2d2cb10b391984e29821256848d144","plat":268435456,"sid":"c4ba6121-d13d-4871-82f8-4b5c5556761e","tags":["lc:testtag","windows"],"this":"642021c14cf63962654717af6848d1a2"},"ts":"2025-06-11 00:45:18"}
{"event":{"COMMAND_LINE":"C:\\Windows\\system32\\svchost.exe -k LocalService -s w32time","CREATION_TIME":1747280143073,"FILE_IS_SIGNED":1,"FILE_PATH":"C:\\Windows\\system32\\svchost.exe","HASH":"d7f10571f58adbe122f615b869eb42b05286770148067cbf88054c38f1bca4c4","NETWORK_ACTIVITY":[{"DESTINATION":{"IP_ADDRESS":"169.254.169.254","PORT":123},"IS_OUTGOING":1,"PROTOCOL":"udp4","SOURCE":{"IP_ADDRESS":"10.128.15.201","PORT":123},"TIMESTAMP":1749602699430}],"PARENT_PROCESS_ID":628,"PROCESS_ID":600,"USER_NAME":"NT AUTHORITY\\LOCAL SERVICE"},"routing":{"arch":2,"did":"","event_id":"46c7cd30-18cb-480f-a061-5f810d599b0f","event_time":1749602715614,"event_type":"NETWORK_CONNECTIONS","ext_ip":"34.171.104.183","hostname":"windows-server-2022-aac9c41d-e0a3-4e7e-88b8-33936ab93238-0.c.lc-demo-infra.internal.","iid":"09774cc8-cb43-4164-abd3-87230031c142","int_ip":"10.128.15.201","latency":4,"moduleid":2,"oid":"aac9c41d-e0a3-4e7e-88b8-33936ab93238","parent":"6e7ba7000ff486fa136e7cd268256121","plat":268435456,"sid":"17b8710a-7337-4e64-9c18-2955e86f2d0d","tags":["fim","lc:stable","windows"],"this":"097918dbc574ca2ca62c36be6848d19b"},"ts":"2025-06-11 00:45:15"}
{"event":{"COMMAND_LINE":"C:\\Windows\\System32\\svchost.exe -k termsvcs -s TermService","CREATION_TIME":1747280142928,"FILE_IS_SIGNED":1,"FILE_PATH":"C:\\Windows\\System32\\svchost.exe","HASH":"d7f10571f58adbe122f615b869eb42b05286770148067cbf88054c38f1bca4c4","NETWORK_ACTIVITY":[{"DESTINATION":{"IP_ADDRESS":"10.128.15.201","PORT":3389},"IS_OUTGOING":0,"PROTOCOL":"tcp4","SOURCE":{"IP_ADDRESS":"38.255.44.84","PORT":62332},"TIMESTAMP":1749602690487}],"PARENT_PROCESS_ID":628,"PROCESS_ID":1000,"USER_NAME":"NT AUTHORITY\\NETWORK SERVICE"},"routing":{"arch":2,"did":"","event_id":"e7d0ebf1-f20c-4f52-9bc6-978e7dd5c0ab","event_time":1749602715614,"event_type":"NETWORK_CONNECTIONS","ext_ip":"34.171.104.183","hostname":"windows-server-2022-aac9c41d-e0a3-4e7e-88b8-33936ab93238-0.c.lc-demo-infra.internal.","iid":"09774cc8-cb43-4164-abd3-87230031c142","int_ip":"10.128.15.201","latency":5,"moduleid":2,"oid":"aac9c41d-e0a3-4e7e-88b8-33936ab93238","parent":"05ab479aa6538d9ae515552b68256120","plat":268435456,"sid":"17b8710a-7337-4e64-9c18-2955e86f2d0d","tags":["fim","lc:stable","windows"],"this":"bae39b43ebdd3376b3b22d186848d19b"},"ts":"2025-06-11 00:45:15"}
{"event":{"FILE_PATH":"C:\\Windows\\ServiceState\\EventLog\\Data\\lastalive1.dat","PROCESS_ID":1124},"routing":{"arch":2,"did":"","event_id":"043fa68a-5c61-4860-b251-53325b5ad8c6","event_time":1749602713898,"event_type":"FILE_MODIFIED","ext_ip":"34.58.90.170","hostname":"desktop-c2a1841.c.lc-demo-infra.internal.","iid":"09774cc8-cb43-4164-abd3-87230031c142","int_ip":"10.128.15.200","latency":383,"moduleid":2,"oid":"aac9c41d-e0a3-4e7e-88b8-33936ab93238","parent":"61bdeee1e8f3f3b6abfc4e6b6818de5e","plat":268435456,"sid":"c4ba6121-d13d-4871-82f8-4b5c5556761e","tags":["lc:testtag","windows"],"this":"850df2140168e6063852d0d56848d19a"},"ts":"2025-06-11 00:45:13"}
{"event":{"EVENT":{"EventData":{"AuthenticationPackageName":"NTLM","FailureReason":"%%2313","IpAddress":"196.189.89.247","IpPort":"0","KeyLength":"0","LmPackageName":"-","LogonProcessName":"NtLmSsp","LogonType":"3","ProcessId":"0x0","ProcessName":"-","Status":"0xc000006d","SubStatus":"0xc000006a","SubjectDomainName":"-","SubjectLogonId":"0x0","SubjectUserName":"-","SubjectUserSid":"S-1-0-0","TargetDomainName":"","TargetUserName":"Administrator","TargetUserSid":"S-1-0-0","TransmittedServices":"-","WorkstationName":"workstation"},"System":{"Channel":"Security","Computer":"DESKTOP-C2A1841","Correlation":{"ActivityID":"{352b8892-aa45-0001-ddca-25f63c52db01}"},"EventID":"4625","EventRecordID":"4695531","Execution":{"ProcessID":"648","ThreadID":"15328"},"Keywords":"0x8010000000000000","Level":"0","Opcode":"0","Provider":{"Guid":"{54849625-5478-4994-a5ba-3e3b0328c30d}","Name":"Microsoft-Windows-Security-Auditing"},"Security":"","Task":"12544","TimeCreated":{"SystemTime":"2025-06-11T00:45:10.3140128Z"},"Version":"0","_event_id":"4625"}}},"routing":{"arch":2,"did":"","event_id":"88b3d796-3fb6-47a5-a24b-1a65dfb8be66","event_time":1749602712319,"event_type":"WEL","ext_ip":"34.58.90.170","hostname":"desktop-c2a1841.c.lc-demo-infra.internal.","iid":"09774cc8-cb43-4164-abd3-87230031c142","int_ip":"10.128.15.200","latency":-26,"moduleid":2,"oid":"aac9c41d-e0a3-4e7e-88b8-33936ab93238","plat":268435456,"sid":"c4ba6121-d13d-4871-82f8-4b5c5556761e","tags":["lc:testtag","windows"],"this":"ce2b078050657fb931b994136848d198"},"ts":"2025-06-11 00:45:12"}
{"event":{"PROCESS_ID":648,"REGISTRY_KEY":"\\REGISTRY\\MACHINE\\SAM\\SAM\\Domains\\Account\\Users\\000001F4\\F","REGISTRY_VALUE":"AwABAAAAAAAAAAAAAAAAAA==","SIZE":3,"TYPE":3},"routing":{"arch":2,"did":"","event_id":"7ff5a462-86a2-4ab2-83ad-4b67f4b3abf7","event_time":1749602711303,"event_type":"REGISTRY_WRITE","ext_ip":"34.58.90.170","hostname":"desktop-c2a1841.c.lc-demo-infra.internal.","iid":"09774cc8-cb43-4164-abd3-87230031c142","int_ip":"10.128.15.200","latency":114,"moduleid":2,"oid":"aac9c41d-e0a3-4e7e-88b8-33936ab93238","parent":"8ced3bfcbf30b0dc5810c9e36818de5e","plat":268435456,"sid":"c4ba6121-d13d-4871-82f8-4b5c5556761e","tags":["lc:testtag","windows"],"this":"d8144e0554d52b45299bfcb56848d197"},"ts":"2025-06-11 00:45:11"}
{"event":{"EVENT":{"EventData":{"AuthenticationPackageName":"NTLM","FailureReason":"%%2313","IpAddress":"141.147.135.155","IpPort":"0","KeyLength":"0","LmPackageName":"-","LogonProcessName":"NtLmSsp","LogonType":"3","ProcessId":"0x0","ProcessName":"-","Status":"0xc000006d","SubStatus":"0xc000006a","SubjectDomainName":"-","SubjectLogonId":"0x0","SubjectUserName":"-","SubjectUserSid":"S-1-0-0","TargetDomainName":"domain","TargetUserName":"Administrator","TargetUserSid":"S-1-0-0","TransmittedServices":"-","WorkstationName":"-"},"System":{"Channel":"Security","Computer":"DESKTOP-C2A1841","Correlation":{"ActivityID":"{352b8892-aa45-0001-ddca-25f63c52db01}"},"EventID":"4625","EventRecordID":"4695530","Execution":{"ProcessID":"648","ThreadID":"15328"},"Keywords":"0x8010000000000000","Level":"0","Opcode":"0","Provider":{"Guid":"{54849625-5478-4994-a5ba-3e3b0328c30d}","Name":"Microsoft-Windows-Security-Auditing"},"Security":"","Task":"12544","TimeCreated":{"SystemTime":"2025-06-11T00:45:03.0076755Z"},"Version":"0","_event_id":"4625"}}},"routing":{"arch":2,"did":"","event_id":"ad40572f-698a-44b8-8bca-8ac71b1d5c7c","event_time":1749602705013,"event_type":"WEL","ext_ip":"34.58.90.170","hostname":"desktop-c2a1841.c.lc-demo-infra.internal.","iid":"09774cc8-cb43-4164-abd3-87230031c142","int_ip":"10.128.15.200","latency":-29,"moduleid":2,"oid":"aac9c41d-e0a3-4e7e-88b8-33936ab93238","plat":268435456,"sid":"c4ba6121-d13d-4871-82f8-4b5c5556761e","tags":["lc:testtag","windows"],"this":"caa9927159bea06b5afd64476848d191"},"ts":"2025-06-11 00:45:05"}
{"event":{"PROCESS_ID":648,"REGISTRY_KEY":"\\REGISTRY\\MACHINE\\SAM\\SAM\\Domains\\Account\\Users\\000001F4\\F","REGISTRY_VALUE":"AwABAAAAAAAAAAAAAAAAAA==","SIZE":3,"TYPE":3},"routing":{"arch":2,"did":"","event_id":"06aea56c-b183-4a05-ad5d-833617344377","event_time":1749602703995,"event_type":"REGISTRY_WRITE","ext_ip":"34.58.90.170","hostname":"desktop-c2a1841.c.lc-demo-infra.internal.","iid":"09774cc8-cb43-4164-abd3-87230031c142","int_ip":"10.128.15.200","latency":431,"moduleid":2,"oid":"aac9c41d-e0a3-4e7e-88b8-33936ab93238","parent":"8ced3bfcbf30b0dc5810c9e36818de5e","plat":268435456,"sid":"c4ba6121-d13d-4871-82f8-4b5c5556761e","tags":["lc:testtag","windows"],"this":"3bc8b402496cd7f42b4bbe026848d190"},"ts":"2025-06-11 00:45:03"}
{"event":{"COMMAND_LINE":"C:\\Windows\\System32\\svchost.exe -k NetworkService -s TermService","CREATION_TIME":1734629976659,"FILE_IS_SIGNED":1,"FILE_PATH":"C:\\Windows\\System32\\svchost.exe","HASH":"add683a6910abbbf0e28b557fad0ba998166394932ae2aca069d9aa19ea8fe88","NETWORK_ACTIVITY":[{"DESTINATION":{"IP_ADDRESS":"10.128.15.200","PORT":3389},"IS_OUTGOING":0,"PROTOCOL":"tcp4","SOURCE":{"IP_ADDRESS":"66.129.87.228","PORT":50518},"TIMESTAMP":1749602675446},{"DESTINATION":{"IP_ADDRESS":"10.128.15.200","PORT":3389},"IS_OUTGOING":0,"PROTOCOL":"tcp4","SOURCE":{"IP_ADDRESS":"220.127.122.171","PORT":2262},"TIMESTAMP":1749602686021},{"DESTINATION":{"IP_ADDRESS":"10.128.15.200","PORT":3389},"IS_OUTGOING":0,"PROTOCOL":"tcp4","SOURCE":{"IP_ADDRESS":"85.215.181.94","PORT":64561},"TIMESTAMP":1749602688866},{"DESTINATION":{"IP_ADDRESS":"10.128.15.200","PORT":3389},"IS_OUTGOING":0,"PROTOCOL":"tcp4","SOURCE":{"IP_ADDRESS":"141.147.135.155","PORT":61408},"TIMESTAMP":1749602694749}],"PARENT_PROCESS_ID":624,"PROCESS_ID":724,"USER_NAME":"NT AUTHORITY\\NETWORK SERVICE"},"routing":{"arch":2,"did":"","event_id":"63fe36a3-f89e-44e7-96bf-bd71cf9b0755","event_time":1749602702823,"event_type":"NETWORK_CONNECTIONS","ext_ip":"34.58.90.170","hostname":"desktop-c2a1841.c.lc-demo-infra.internal.","iid":"09774cc8-cb43-4164-abd3-87230031c142","int_ip":"10.128.15.200","latency":7,"moduleid":2,"oid":"aac9c41d-e0a3-4e7e-88b8-33936ab93238","parent":"ebe07115d0a293acb22d4c106818de5e","plat":268435456,"sid":"c4ba6121-d13d-4871-82f8-4b5c5556761e","tags":["lc:testtag","windows"],"this":"a4a4222947569d0f588c3e316848d18e"},"ts":"2025-06-11 00:45:02"}
{"event":{"COMMAND_LINE":"\"C:\\Program Files\\Google\\OSConfig\\google_osconfig_agent.exe\"","CREATION_TIME":1734629977340,"FILE_IS_SIGNED":1,"FILE_PATH":"C:\\Program Files\\Google\\OSConfig\\google_osconfig_agent.exe","HASH":"7c9caadf107fd9ace6dfe11c04fbea55794c0a61360c28c4c2715c3c296c7e6a","NETWORK_ACTIVITY":[{"DESTINATION":{"IP_ADDRESS":"216.239.38.174","PORT":443},"IS_OUTGOING":1,"PROTOCOL":"tcp4","SOURCE":{"IP_ADDRESS":"10.128.15.200","PORT":65026},"TIMESTAMP":1749602671148}],"PARENT_PROCESS_ID":624,"PROCESS_ID":1688,"USER_NAME":"NT AUTHORITY\\SYSTEM"},"routing":{"arch":2,"did":"","event_id":"c634ef76-3022-4480-9643-18a78c06a070","event_time":1749602702823,"event_type":"NETWORK_CONNECTIONS","ext_ip":"34.58.90.170","hostname":"desktop-c2a1841.c.lc-demo-infra.internal.","iid":"09774cc8-cb43-4164-abd3-87230031c142","int_ip":"10.128.15.200","latency":210,"moduleid":2,"oid":"aac9c41d-e0a3-4e7e-88b8-33936ab93238","parent":"8ad559d685b23631a0e32a616818de5f","plat":268435456,"sid":"c4ba6121-d13d-4871-82f8-4b5c5556761e","tags":["lc:testtag","windows"],"this":"edf6e1d29250b82f654259f16848d18e"},"ts":"2025-06-11 00:45:02"}
{"event":{"COMMAND_LINE":"C:\\Windows\\system32\\svchost.exe -k NetworkService -p -s Dnscache","CREATION_TIME":1734629977475,"FILE_IS_SIGNED":1,"FILE_PATH":"C:\\Windows\\system32\\svchost.exe","HASH":"add683a6910abbbf0e28b557fad0ba998166394932ae2aca069d9aa19ea8fe88","NETWORK_ACTIVITY":[{"DESTINATION":{"IP_ADDRESS":"10.128.0.1","PORT":53},"IS_OUTGOING":1,"PROTOCOL":"udp4","SOURCE":{"IP_ADDRESS":"10.128.15.200","PORT":58473},"TIMESTAMP":1749602671144}],"PARENT_PROCESS_ID":624,"PROCESS_ID":1912,"USER_NAME":"NT AUTHORITY\\NETWORK SERVICE"},"routing":{"arch":2,"did":"","event_id":"e0af07b6-1641-4588-a542-ac8a49f2a184","event_time":1749602702823,"event_type":"NETWORK_CONNECTIONS","ext_ip":"34.58.90.170","hostname":"desktop-c2a1841.c.lc-demo-infra.internal.","iid":"09774cc8-cb43-4164-abd3-87230031c142","int_ip":"10.128.15.200","latency":294,"moduleid":2,"oid":"aac9c41d-e0a3-4e7e-88b8-33936ab93238","parent":"5e6b7b034a93c77d07a534f16818de60","plat":268435456,"sid":"c4ba6121-d13d-4871-82f8-4b5c5556761e","tags":["lc:testtag","windows"],"this":"a6a7fa327c2d70786f543ddf6848d18e"},"ts":"2025-06-11 00:45:02"}
{"event":{"PROCESS_ID":2984,"REGISTRY_KEY":"\\REGISTRY\\MACHINE\\SOFTWARE\\Microsoft\\Windows\\CurrentVersion\\VFUProvider\\StartTime","REGISTRY_VALUE":"3vuQD2ra2wE=","SIZE":11,"TYPE":11},"routing":{"arch":2,"did":"","event_id":"c3fc3d58-e2e3-4ea7-bdb7-5cb9a03dbbe5","event_time":1749602701011,"event_type":"REGISTRY_WRITE","ext_ip":"34.58.90.170","hostname":"desktop-c2a1841.c.lc-demo-infra.internal.","iid":"09774cc8-cb43-4164-abd3-87230031c142","int_ip":"10.128.15.200","latency":371,"moduleid":2,"oid":"aac9c41d-e0a3-4e7e-88b8-33936ab93238","parent":"2521d6d91fb817eb51c5271a6818de61","plat":268435456,"sid":"c4ba6121-d13d-4871-82f8-4b5c5556761e","tags":["lc:testtag","windows"],"this":"2b8cbe5a968fa678bd83b9306848d18d"},"ts":"2025-06-11 00:45:01"}
{"event":{"EVENT":{"EventData":{"AuthenticationPackageName":"NTLM","FailureReason":"%%2313","IpAddress":"141.147.135.155","IpPort":"0","KeyLength":"0","LmPackageName":"-","LogonProcessName":"NtLmSsp","LogonType":"3","ProcessId":"0x0","ProcessName":"-","Status":"0xc000006d","SubStatus":"0xc000006a","SubjectDomainName":"-","SubjectLogonId":"0x0","SubjectUserName":"-","SubjectUserSid":"S-1-0-0","TargetDomainName":"domain","TargetUserName":"Administrator","TargetUserSid":"S-1-0-0","TransmittedServices":"-","WorkstationName":"-"},"System":{"Channel":"Security","Computer":"DESKTOP-C2A1841","Correlation":{"ActivityID":"{352b8892-aa45-0001-ddca-25f63c52db01}"},"EventID":"4625","EventRecordID":"4695529","Execution":{"ProcessID":"648","ThreadID":"15328"},"Keywords":"0x8010000000000000","Level":"0","Opcode":"0","Provider":{"Guid":"{54849625-5478-4994-a5ba-3e3b0328c30d}","Name":"Microsoft-Windows-Security-Auditing"},"Security":"","Task":"12544","TimeCreated":{"SystemTime":"2025-06-11T00:44:54.6910032Z"},"Version":"0","_event_id":"4625"}}},"routing":{"arch":2,"did":"","event_id":"c8b2a10b-8fc1-4099-a2d7-3f25059e18de","event_time":1749602696704,"event_type":"WEL","ext_ip":"34.58.90.170","hostname":"desktop-c2a1841.c.lc-demo-infra.internal.","iid":"09774cc8-cb43-4164-abd3-87230031c142","int_ip":"10.128.15.200","latency":-22,"moduleid":2,"oid":"aac9c41d-e0a3-4e7e-88b8-33936ab93238","plat":268435456,"sid":"c4ba6121-d13d-4871-82f8-4b5c5556761e","tags":["lc:testtag","windows"],"this":"dbf6620f3eb257bb79ba7e0f6848d188"},"ts":"2025-06-11 00:44:56"}
{"event":{"PROCESS_ID":648,"REGISTRY_KEY":"\\REGISTRY\\MACHINE\\SAM\\SAM\\Domains\\Account\\Users\\000001F4\\F","REGISTRY_VALUE":"AwABAAAAAAAAAAAAAAAAAA==","SIZE":3,"TYPE":3},"routing":{"arch":2,"did":"","event_id":"a5d5a858-0e8b-4e33-a89a-d11a014daa98","event_time":1749602695689,"event_type":"REGISTRY_WRITE","ext_ip":"34.58.90.170","hostname":"desktop-c2a1841.c.lc-demo-infra.internal.","iid":"09774cc8-cb43-4164-abd3-87230031c142","int_ip":"10.128.15.200","latency":593,"moduleid":2,"oid":"aac9c41d-e0a3-4e7e-88b8-33936ab93238","parent":"8ced3bfcbf30b0dc5810c9e36818de5e","plat":268435456,"sid":"c4ba6121-d13d-4871-82f8-4b5c5556761e","tags":["lc:testtag","windows"],"this":"a516b97d7dcbcbf80f723da86848d188"},"ts":"2025-06-11 00:44:55"}
{"event":{"EVENT":{"EventData":{"AuthenticationPackageName":"NTLM","FailureReason":"%%2313","IpAddress":"85.215.181.94","IpPort":"0","KeyLength":"0","LmPackageName":"-","LogonProcessName":"NtLmSsp","LogonType":"3","ProcessId":"0x0","ProcessName":"-","Status":"0xc000006d","SubStatus":"0xc000006a","SubjectDomainName":"-","SubjectLogonId":"0x0","SubjectUserName":"-","SubjectUserSid":"S-1-0-0","TargetDomainName":"","TargetUserName":"ADMINISTRATOR","TargetUserSid":"S-1-0-0","TransmittedServices":"-","WorkstationName":"-"},"System":{"Channel":"Security","Computer":"DESKTOP-C2A1841","Correlation":{"ActivityID":"{352b8892-aa45-0001-ddca-25f63c52db01}"},"EventID":"4625","EventRecordID":"4695528","Execution":{"ProcessID":"648","ThreadID":"15328"},"Keywords":"0x8010000000000000","Level":"0","Opcode":"0","Provider":{"Guid":"{54849625-5478-4994-a5ba-3e3b0328c30d}","Name":"Microsoft-Windows-Security-Auditing"},"Security":"","Task":"12544","TimeCreated":{"SystemTime":"2025-06-11T00:44:49.6609724Z"},"Version":"0","_event_id":"4625"}}},"routing":{"arch":2,"did":"","event_id":"c7dd8350-a671-484d-9b90-e4b970bbd4e3","event_time":1749602691669,"event_type":"WEL","ext_ip":"34.58.90.170","hostname":"desktop-c2a1841.c.lc-demo-infra.internal.","iid":"09774cc8-cb43-4164-abd3-87230031c142","int_ip":"10.128.15.200","latency":-29,"moduleid":2,"oid":"aac9c41d-e0a3-4e7e-88b8-33936ab93238","plat":268435456,"sid":"c4ba6121-d13d-4871-82f8-4b5c5556761e","tags":["lc:testtag","windows"],"this":"a69f12eecb1c60aca2c4997c6848d183"},"ts":"2025-06-11 00:44:51"}
{"event":{"EVENT":{"EventData":{"AuthenticationPackageName":"NTLM","FailureReason":"%%2313","IpAddress":"38.255.44.84","IpPort":"0","KeyLength":"0","LmPackageName":"-","LogonProcessName":"NtLmSsp","LogonType":"3","ProcessId":"0x0","ProcessName":"-","Status":"0xc000006d","SubStatus":"0xc000006a","SubjectDomainName":"-","SubjectLogonId":"0x0","SubjectUserName":"-","SubjectUserSid":"S-1-0-0","TargetDomainName":"-","TargetUserName":"Administrator","TargetUserSid":"S-1-0-0","TransmittedServices":"-","WorkstationName":"workstation"},"System":{"Channel":"Security","Computer":"windows-server-2022-aac9c41d-e0a3-4e7e-88b8-33936ab93238-0","Correlation":{"ActivityID":"{55ae049b-37ef-0001-ee39-a76a4ac5db01}"},"EventID":"4625","EventRecordID":"4431806","Execution":{"ProcessID":"648","ThreadID":"2096"},"Keywords":"0x8010000000000000","Level":"0","Opcode":"0","Provider":{"Guid":"{54849625-5478-4994-a5ba-3e3b0328c30d}","Name":"Microsoft-Windows-Security-Auditing"},"Security":"","Task":"12544","TimeCreated":{"SystemTime":"2025-06-11T00:44:50.7616911Z"},"Version":"0","_event_id":"4625"}}},"routing":{"arch":2,"did":"","event_id":"f6b1c63d-745d-4e22-9951-650b80db4e53","event_time":1749602691755,"event_type":"WEL","ext_ip":"34.171.104.183","hostname":"windows-server-2022-aac9c41d-e0a3-4e7e-88b8-33936ab93238-0.c.lc-demo-infra.internal.","iid":"09774cc8-cb43-4164-abd3-87230031c142","int_ip":"10.128.15.201","latency":29,"moduleid":2,"oid":"aac9c41d-e0a3-4e7e-88b8-33936ab93238","plat":268435456,"sid":"17b8710a-7337-4e64-9c18-2955e86f2d0d","tags":["fim","lc:stable","windows"],"this":"a050acb23e2bca771530ae886848d183"},"ts":"2025-06-11 00:44:51"}
{"event":{"PROCESS_ID":648,"REGISTRY_KEY":"\\REGISTRY\\MACHINE\\SAM\\SAM\\Domains\\Account\\Users\\000001F4\\F","REGISTRY_VALUE":"AwABAAAAAAAAAAAAAAAAAA==","SIZE":3,"TYPE":3},"routing":{"arch":2,"did":"","event_id":"39f07a83-6583-4313-9542-17a206e9b900","event_time":1749602690653,"event_type":"REGISTRY_WRITE","ext_ip":"34.58.90.170","hostname":"desktop-c2a1841.c.lc-demo-infra.internal.","iid":"09774cc8-cb43-4164-abd3-87230031c142","int_ip":"10.128.15.200","latency":564,"moduleid":2,"oid":"aac9c41d-e0a3-4e7e-88b8-33936ab93238","parent":"8ced3bfcbf30b0dc5810c9e36818de5e","plat":268435456,"sid":"c4ba6121-d13d-4871-82f8-4b5c5556761e","tags":["lc:testtag","windows"],"this":"b37826ebe06491e7accda86e6848d183"},"ts":"2025-06-11 00:44:50"}
{"event":{"EVENT":{"EventData":{"AuthenticationPackageName":"NTLM","FailureReason":"%%2313","IpAddress":"220.127.122.171","IpPort":"0","KeyLength":"0","LmPackageName":"-","LogonProcessName":"NtLmSsp","LogonType":"3","ProcessId":"0x0","ProcessName":"-","Status":"0xc000006d","SubStatus":"0xc0000064","SubjectDomainName":"-","SubjectLogonId":"0x0","SubjectUserName":"-","SubjectUserSid":"S-1-0-0","TargetDomainName":"","TargetUserName":"INFORM","TargetUserSid":"S-1-0-0","TransmittedServices":"-","WorkstationName":"-"},"System":{"Channel":"Security","Computer":"DESKTOP-C2A1841","Correlation":{"ActivityID":"{352b8892-aa45-0001-ddca-25f63c52db01}"},"EventID":"4625","EventRecordID":"4695527","Execution":{"ProcessID":"648","ThreadID":"15328"},"Keywords":"0x8010000000000000","Level":"0","Opcode":"0","Provider":{"Guid":"{54849625-5478-4994-a5ba-3e3b0328c30d}","Name":"Microsoft-Windows-Security-Auditing"},"Security":"","Task":"12544","TimeCreated":{"SystemTime":"2025-06-11T00:44:45.9400828Z"},"Version":"0","_event_id":"4625"}}},"routing":{"arch":2,"did":"","event_id":"f5575e29-e61b-4ff4-93b0-f48c29841f27","event_time":1749602687943,"event_type":"WEL","ext_ip":"34.58.90.170","hostname":"desktop-c2a1841.c.lc-demo-infra.internal.","iid":"09774cc8-cb43-4164-abd3-87230031c142","int_ip":"10.128.15.200","latency":-27,"moduleid":2,"oid":"aac9c41d-e0a3-4e7e-88b8-33936ab93238","plat":268435456,"sid":"c4ba6121-d13d-4871-82f8-4b5c5556761e","tags":["lc:testtag","windows"],"this":"6c08c8230f59d2f0db3b136e6848d17f"},"ts":"2025-06-11 00:44:47"}
{"event":{"COMMAND_LINE":"C:\\Windows\\System32\\svchost.exe -k termsvcs -s TermService","CREATION_TIME":1747280142928,"FILE_IS_SIGNED":1,"FILE_PATH":"C:\\Windows\\System32\\svchost.exe","HASH":"d7f10571f58adbe122f615b869eb42b05286770148067cbf88054c38f1bca4c4","NETWORK_ACTIVITY":[{"DESTINATION":{"IP_ADDRESS":"10.128.15.201","PORT":3389},"IS_OUTGOING":0,"PROTOCOL":"tcp4","SOURCE":{"IP_ADDRESS":"47.101.205.247","PORT":58920},"TIMESTAMP":1749602660401}],"PARENT_PROCESS_ID":628,"PROCESS_ID":1000,"USER_NAME":"NT AUTHORITY\\NETWORK SERVICE"},"routing":{"arch":2,"did":"","event_id":"f54944a8-7299-4561-913f-fb54445cca4a","event_time":1749602684372,"event_type":"NETWORK_CONNECTIONS","ext_ip":"34.171.104.183","hostname":"windows-server-2022-aac9c41d-e0a3-4e7e-88b8-33936ab93238-0.c.lc-demo-infra.internal.","iid":"09774cc8-cb43-4164-abd3-87230031c142","int_ip":"10.128.15.201","latency":3,"moduleid":2,"oid":"aac9c41d-e0a3-4e7e-88b8-33936ab93238","parent":"05ab479aa6538d9ae515552b68256120","plat":268435456,"sid":"17b8710a-7337-4e64-9c18-2955e86f2d0d","tags":["fim","lc:stable","windows"],"this":"2c9f5b0ccd054599b134bb4a6848d17c"},"ts":"2025-06-11 00:44:44"}
{"event":{"ACTION":"modified","FILE_PATH":"C:\\Windows\\System32\\winevt\\Logs\\Security.evtx","HASH":"0164be28c45740192461a2e308587aae426ac9fa9fa443adacb0e4923f197e54","PROCESS":{"BASE_ADDRESS":140699902017536,"COMMAND_LINE":"C:\\Windows\\System32\\svchost.exe -k LocalServiceNetworkRestricted -p -s EventLog","CREATION_TIME":1747280143315,"FILE_IS_SIGNED":1,"FILE_PATH":"C:\\Windows\\System32\\svchost.exe","HASH":"d7f10571f58adbe122f615b869eb42b05286770148067cbf88054c38f1bca4c4","MEMORY_USAGE":18825216,"PARENT_ATOM":"b56d4120493c4260490c5b186825611e","PARENT_PROCESS_ID":628,"PROCESS_ID":1164,"THIS_ATOM":"0abde42b2fc3298428bbe14d68256120","THREADS":11,"TIMESTAMP":1747280160351,"USER_NAME":"NT AUTHORITY\\LOCAL SERVICE"},"PROCESS_ID":1164},"routing":{"arch":2,"did":"","event_id":"c48eb0cd-987e-44c2-86fb-472fb1f0c54f","event_time":1749602684419,"event_type":"FIM_HIT","ext_ip":"34.171.104.183","hostname":"windows-server-2022-aac9c41d-e0a3-4e7e-88b8-33936ab93238-0.c.lc-demo-infra.internal.","iid":"09774cc8-cb43-4164-abd3-87230031c142","int_ip":"10.128.15.201","latency":1036,"moduleid":2,"oid":"aac9c41d-e0a3-4e7e-88b8-33936ab93238","parent":"0abde42b2fc3298428bbe14d68256120","plat":268435456,"sid":"17b8710a-7337-4e64-9c18-2955e86f2d0d","tags":["fim","lc:stable","windows"],"this":"037c89c35ace2e71ff3b6a026848d17d"},"ts":"2025-06-11 00:44:44"}
{"event":{"FILE_PATH":"C:\\Windows\\Prefetch\\TRUSTEDINSTALLER.EXE-766EFF52.pf","PROCESS_ID":1748},"routing":{"arch":2,"did":"","event_id":"620730a4-6b15-4a3d-98a9-e9d0324f4e69","event_time":1749602679841,"event_type":"FILE_MODIFIED","ext_ip":"34.58.90.170","hostname":"desktop-c2a1841.c.lc-demo-infra.internal.","iid":"09774cc8-cb43-4164-abd3-87230031c142","int_ip":"10.128.15.200","latency":95,"moduleid":2,"oid":"aac9c41d-e0a3-4e7e-88b8-33936ab93238","parent":"55ff55c5f3c5efdfb63413c16818de60","plat":268435456,"sid":"c4ba6121-d13d-4871-82f8-4b5c5556761e","tags":["lc:testtag","windows"],"this":"8d08cfa687c946ff321856826848d177"},"ts":"2025-06-11 00:44:39"}
{"event":{"FILE_PATH":"C:\\Windows\\Prefetch\\TIWORKER.EXE-252288BE.pf","PROCESS_ID":1748},"routing":{"arch":2,"did":"","event_id":"67cc76cb-4414-4265-829d-f810480ce17a","event_time":1749602679857,"event_type":"FILE_MODIFIED","ext_ip":"34.58.90.170","hostname":"desktop-c2a1841.c.lc-demo-infra.internal.","iid":"09774cc8-cb43-4164-abd3-87230031c142","int_ip":"10.128.15.200","latency":80,"moduleid":2,"oid":"aac9c41d-e0a3-4e7e-88b8-33936ab93238","parent":"55ff55c5f3c5efdfb63413c16818de60","plat":268435456,"sid":"c4ba6121-d13d-4871-82f8-4b5c5556761e","tags":["lc:testtag","windows"],"this":"6518a0028afbf3f3c5318eca6848d177"},"ts":"2025-06-11 00:44:39"}
{"event":{"EVENT":{"EventData":{"AuthenticationPackageName":"NTLM","FailureReason":"%%2313","IpAddress":"66.129.87.228","IpPort":"0","KeyLength":"0","LmPackageName":"-","LogonProcessName":"NtLmSsp","LogonType":"3","ProcessId":"0x0","ProcessName":"-","Status":"0xc000006d","SubStatus":"0xc0000064","SubjectDomainName":"-","SubjectLogonId":"0x0","SubjectUserName":"-","SubjectUserSid":"S-1-0-0","TargetDomainName":"","TargetUserName":"robert","TargetUserSid":"S-1-0-0","TransmittedServices":"-","WorkstationName":"workstation"},"System":{"Channel":"Security","Computer":"DESKTOP-C2A1841","Correlation":{"ActivityID":"{352b8892-aa45-0001-ddca-25f63c52db01}"},"EventID":"4625","EventRecordID":"4695526","Execution":{"ProcessID":"648","ThreadID":"15328"},"Keywords":"0x8010000000000000","Level":"0","Opcode":"0","Provider":{"Guid":"{54849625-5478-4994-a5ba-3e3b0328c30d}","Name":"Microsoft-Windows-Security-Auditing"},"Security":"","Task":"12544","TimeCreated":{"SystemTime":"2025-06-11T00:44:34.6976821Z"},"Version":"0","_event_id":"4625"}}},"routing":{"arch":2,"did":"","event_id":"8a042b0e-bdec-458f-8e2e-f433bac2c847","event_time":1749602676712,"event_type":"WEL","ext_ip":"34.58.90.170","hostname":"desktop-c2a1841.c.lc-demo-infra.internal.","iid":"09774cc8-cb43-4164-abd3-87230031c142","int_ip":"10.128.15.200","latency":-29,"moduleid":2,"oid":"aac9c41d-e0a3-4e7e-88b8-33936ab93238","plat":268435456,"sid":"c4ba6121-d13d-4871-82f8-4b5c5556761e","tags":["lc:testtag","windows"],"this":"cb2b4cd4e306a293bc12116f6848d174"},"ts":"2025-06-11 00:44:36"}
{"event":{"EVENT":{"EventData":{"AuthenticationPackageName":"NTLM","FailureReason":"%%2313","IpAddress":"103.127.198.210","IpPort":"0","KeyLength":"0","LmPackageName":"-","LogonProcessName":"NtLmSsp","LogonType":"3","ProcessId":"0x0","ProcessName":"-","Status":"0xc000006d","SubStatus":"0xc000006a","SubjectDomainName":"-","SubjectLogonId":"0x0","SubjectUserName":"-","SubjectUserSid":"S-1-0-0","TargetDomainName":"","TargetUserName":"ADMINISTRATOR","TargetUserSid":"S-1-0-0","TransmittedServices":"-","WorkstationName":"-"},"System":{"Channel":"Security","Computer":"DESKTOP-C2A1841","Correlation":{"ActivityID":"{352b8892-aa45-0001-ddca-25f63c52db01}"},"EventID":"4625","EventRecordID":"4695525","Execution":{"ProcessID":"648","ThreadID":"15328"},"Keywords":"0x8010000000000000","Level":"0","Opcode":"0","Provider":{"Guid":"{54849625-5478-4994-a5ba-3e3b0328c30d}","Name":"Microsoft-Windows-Security-Auditing"},"Security":"","Task":"12544","TimeCreated":{"SystemTime":"2025-06-11T00:44:30.1169726Z"},"Version":"0","_event_id":"4625"}}},"routing":{"arch":2,"did":"","event_id":"3e0c22a7-ebe6-48c4-b540-6bf466f25e4a","event_time":1749602672115,"event_type":"WEL","ext_ip":"34.58.90.170","hostname":"desktop-c2a1841.c.lc-demo-infra.internal.","iid":"09774cc8-cb43-4164-abd3-87230031c142","int_ip":"10.128.15.200","latency":-4,"moduleid":2,"oid":"aac9c41d-e0a3-4e7e-88b8-33936ab93238","plat":268435456,"sid":"c4ba6121-d13d-4871-82f8-4b5c5556761e","tags":["lc:testtag","windows"],"this":"62c7b0255aaee9749af8f1f06848d170"},"ts":"2025-06-11 00:44:32"}
{"event":{"PARENT_PROCESS_ID":1688,"PROCESS_ID":18568},"routing":{"arch":2,"did":"","event_id":"dad87df2-ef09-4abe-99d7-d5be6dca273f","event_time":1749602672240,"event_type":"TERMINATE_PROCESS","ext_ip":"34.58.90.170","hostname":"desktop-c2a1841.c.lc-demo-infra.internal.","iid":"09774cc8-cb43-4164-abd3-87230031c142","int_ip":"10.128.15.200","latency":3988,"moduleid":2,"oid":"aac9c41d-e0a3-4e7e-88b8-33936ab93238","parent":"42c7be570b465c9ced2e17706848d16e","plat":268435456,"sid":"c4ba6121-d13d-4871-82f8-4b5c5556761e","tags":["lc:testtag","windows"],"this":"acb888987ddd80767990a7636848d174"},"ts":"2025-06-11 00:44:32"}
{"event":{"PARENT_PROCESS_ID":18568,"PROCESS_ID":18988},"routing":{"arch":2,"did":"","event_id":"1751348d-b5c3-4e86-93db-7eae5320befb","event_time":1749602672240,"event_type":"TERMINATE_PROCESS","ext_ip":"34.58.90.170","hostname":"desktop-c2a1841.c.lc-demo-infra.internal.","iid":"09774cc8-cb43-4164-abd3-87230031c142","int_ip":"10.128.15.200","latency":3989,"moduleid":2,"oid":"aac9c41d-e0a3-4e7e-88b8-33936ab93238","parent":"7800acb2ccdaff5472a4f5e96848d16e","plat":268435456,"sid":"c4ba6121-d13d-4871-82f8-4b5c5556761e","tags":["lc:testtag","windows"],"this":"f27f232182e04ae9b3ef27456848d174"},"ts":"2025-06-11 00:44:32"}
{"event":{"PARENT_PROCESS_ID":1688,"PROCESS_ID":856},"routing":{"arch":2,"did":"","event_id":"41328468-370b-4537-a68c-15d7c983d78f","event_time":1749602672240,"event_type":"TERMINATE_PROCESS","ext_ip":"34.58.90.170","hostname":"desktop-c2a1841.c.lc-demo-infra.internal.","iid":"09774cc8-cb43-4164-abd3-87230031c142","int_ip":"10.128.15.200","latency":3990,"moduleid":2,"oid":"aac9c41d-e0a3-4e7e-88b8-33936ab93238","parent":"81d631bbd466994be05044df6848d16e","plat":268435456,"sid":"c4ba6121-d13d-4871-82f8-4b5c5556761e","tags":["lc:testtag","windows"],"this":"5e94ec13ee782a974359104c6848d174"},"ts":"2025-06-11 00:44:32"}
{"event":{"PARENT_PROCESS_ID":856,"PROCESS_ID":18544},"routing":{"arch":2,"did":"","event_id":"1a3e9624-d0b1-42b9-bcaf-11ce0a552f83","event_time":1749602672240,"event_type":"TERMINATE_PROCESS","ext_ip":"34.58.90.170","hostname":"desktop-c2a1841.c.lc-demo-infra.internal.","iid":"09774cc8-cb43-4164-abd3-87230031c142","int_ip":"10.128.15.200","latency":3990,"moduleid":2,"oid":"aac9c41d-e0a3-4e7e-88b8-33936ab93238","parent":"af283c86cc642803dd967ab16848d16e","plat":268435456,"sid":"c4ba6121-d13d-4871-82f8-4b5c5556761e","tags":["lc:testtag","windows"],"this":"e62db34ef92632b436d0a7176848d174"},"ts":"2025-06-11 00:44:32"}
{"event":{"COMMAND_LINE":"C:\\Windows\\System32\\svchost.exe -k NetworkService -s TermService","CREATION_TIME":1734629976659,"FILE_IS_SIGNED":1,"FILE_PATH":"C:\\Windows\\System32\\svchost.exe","HASH":"add683a6910abbbf0e28b557fad0ba998166394932ae2aca069d9aa19ea8fe88","NETWORK_ACTIVITY":[{"DESTINATION":{"IP_ADDRESS":"10.128.15.200","PORT":3389},"IS_OUTGOING":0,"PROTOCOL":"tcp4","SOURCE":{"IP_ADDRESS":"194.180.48.29","PORT":56680},"TIMESTAMP":1749602642512},{"DESTINATION":{"IP_ADDRESS":"10.128.15.200","PORT":3389},"IS_OUTGOING":0,"PROTOCOL":"tcp4","SOURCE":{"IP_ADDRESS":"58.97.5.203","PORT":50151},"TIMESTAMP":1749602655852},{"DESTINATION":{"IP_ADDRESS":"10.128.15.200","PORT":3389},"IS_OUTGOING":0,"PROTOCOL":"tcp4","SOURCE":{"IP_ADDRESS":"79.72.61.221","PORT":64167},"TIMESTAMP":1749602658165},{"DESTINATION":{"IP_ADDRESS":"10.128.15.200","PORT":3389},"IS_OUTGOING":0,"PROTOCOL":"tcp4","SOURCE":{"IP_ADDRESS":"159.203.177.123","PORT":55627},"TIMESTAMP":1749602668974},{"DESTINATION":{"IP_ADDRESS":"10.128.15.200","PORT":3389},"IS_OUTGOING":0,"PROTOCOL":"tcp4","SOURCE":{"IP_ADDRESS":"103.127.198.210","PORT":58464},"TIMESTAMP":1749602670052}],"PARENT_PROCESS_ID":624,"PROCESS_ID":724,"USER_NAME":"NT AUTHORITY\\NETWORK SERVICE"},"routing":{"arch":2,"did":"","event_id":"2604225a-79c7-446f-9f02-3ccdf7cbf108","event_time":1749602671490,"event_type":"NETWORK_CONNECTIONS","ext_ip":"34.58.90.170","hostname":"desktop-c2a1841.c.lc-demo-infra.internal.","iid":"09774cc8-cb43-4164-abd3-87230031c142","int_ip":"10.128.15.200","latency":-7,"moduleid":2,"oid":"aac9c41d-e0a3-4e7e-88b8-33936ab93238","parent":"ebe07115d0a293acb22d4c106818de5e","plat":268435456,"sid":"c4ba6121-d13d-4871-82f8-4b5c5556761e","tags":["lc:testtag","windows"],"this":"aadd4e5f653fd6ef602a84386848d16f"},"ts":"2025-06-11 00:44:31"}
{"event":{"COMMAND_LINE":"\"C:\\Program Files\\Google\\OSConfig\\google_osconfig_agent.exe\"","CREATION_TIME":1734629977340,"FILE_IS_SIGNED":1,"FILE_PATH":"C:\\Program Files\\Google\\OSConfig\\google_osconfig_agent.exe","HASH":"7c9caadf107fd9ace6dfe11c04fbea55794c0a61360c28c4c2715c3c296c7e6a","NETWORK_ACTIVITY":[{"DESTINATION":{"IP_ADDRESS":"74.125.201.95","PORT":443},"IS_OUTGOING":1,"PROTOCOL":"tcp4","SOURCE":{"IP_ADDRESS":"10.128.15.200","PORT":65021},"TIMESTAMP":1749602669347},{"DESTINATION":{"IP_ADDRESS":"169.254.169.254","PORT":80},"IS_OUTGOING":1,"PROTOCOL":"tcp4","SOURCE":{"IP_ADDRESS":"10.128.15.200","PORT":65022},"TIMESTAMP":1749602669483},{"DESTINATION":{"IP_ADDRESS":"74.125.201.95","PORT":443},"IS_OUTGOING":1,"PROTOCOL":"tcp4","SOURCE":{"IP_ADDRESS":"10.128.15.200","PORT":65023},"TIMESTAMP":1749602669487},{"DESTINATION":{"IP_ADDRESS":"169.254.169.254","PORT":80},"IS_OUTGOING":1,"PROTOCOL":"tcp4","SOURCE":{"IP_ADDRESS":"10.128.15.200","PORT":65025},"TIMESTAMP":1749602670612}],"PARENT_PROCESS_ID":624,"PROCESS_ID":1688,"USER_NAME":"NT AUTHORITY\\SYSTEM"},"routing":{"arch":2,"did":"","event_id":"52f93e07-9504-4773-ade0-3c69b9383368","event_time":1749602671490,"event_type":"NETWORK_CONNECTIONS","ext_ip":"34.58.90.170","hostname":"desktop-c2a1841.c.lc-demo-infra.internal.","iid":"09774cc8-cb43-4164-abd3-87230031c142","int_ip":"10.128.15.200","latency":-4,"moduleid":2,"oid":"aac9c41d-e0a3-4e7e-88b8-33936ab93238","parent":"8ad559d685b23631a0e32a616818de5f","plat":268435456,"sid":"c4ba6121-d13d-4871-82f8-4b5c5556761e","tags":["lc:testtag","windows"],"this":"d959ac8fafada6154904ef5d6848d16f"},"ts":"2025-06-11 00:44:31"}
{"event":{"COMMAND_LINE":"C:\\ProgramData\\GooGet\\googet.exe update","FILE_IS_SIGNED":0,"FILE_PATH":"C:\\ProgramData\\GooGet\\googet.exe","HASH":"9ab693244ec4fe589fc54720c12385d443f4703237d4a28803df765042780297","NETWORK_ACTIVITY":[{"DESTINATION":{"IP_ADDRESS":"209.85.200.138","PORT":443},"IS_OUTGOING":1,"PROTOCOL":"tcp4","SOURCE":{"IP_ADDRESS":"10.128.15.200","PORT":65024},"TIMESTAMP":1749602670254}],"PARENT_PROCESS_ID":1688,"PROCESS_ID":18568},"routing":{"arch":2,"did":"","event_id":"69daebf2-83c6-4de9-9221-f6431fbd64a3","event_time":1749602671490,"event_type":"NETWORK_CONNECTIONS","ext_ip":"34.58.90.170","hostname":"desktop-c2a1841.c.lc-demo-infra.internal.","iid":"09774cc8-cb43-4164-abd3-87230031c142","int_ip":"10.128.15.200","latency":0,"moduleid":2,"oid":"aac9c41d-e0a3-4e7e-88b8-33936ab93238","parent":"42c7be570b465c9ced2e17706848d16e","plat":268435456,"sid":"c4ba6121-d13d-4871-82f8-4b5c5556761e","tags":["lc:testtag","windows"],"this":"7624adacb813ccaac3715b1c6848d16f"},"ts":"2025-06-11 00:44:31"}
{"event":{"COMMAND_LINE":"C:\\Windows\\system32\\svchost.exe -k NetworkService -p -s Dnscache","CREATION_TIME":1734629977475,"FILE_IS_SIGNED":1,"FILE_PATH":"C:\\Windows\\system32\\svchost.exe","HASH":"add683a6910abbbf0e28b557fad0ba998166394932ae2aca069d9aa19ea8fe88","NETWORK_ACTIVITY":[{"DESTINATION":{"IP_ADDRESS":"10.128.0.1","PORT":53},"IS_OUTGOING":1,"PROTOCOL":"udp4","SOURCE":{"IP_ADDRESS":"10.128.15.200","PORT":51370},"TIMESTAMP":1749602669342},{"DESTINATION":{"IP_ADDRESS":"10.128.0.1","PORT":53},"IS_OUTGOING":1,"PROTOCOL":"udp4","SOURCE":{"IP_ADDRESS":"10.128.15.200","PORT":55734},"TIMESTAMP":1749602670249}],"PARENT_PROCESS_ID":624,"PROCESS_ID":1912,"USER_NAME":"NT AUTHORITY\\NETWORK SERVICE"},"routing":{"arch":2,"did":"","event_id":"b389f482-a37e-4fcd-830b-0072c104081a","event_time":1749602671490,"event_type":"NETWORK_CONNECTIONS","ext_ip":"34.58.90.170","hostname":"desktop-c2a1841.c.lc-demo-infra.internal.","iid":"09774cc8-cb43-4164-abd3-87230031c142","int_ip":"10.128.15.200","latency":-2,"moduleid":2,"oid":"aac9c41d-e0a3-4e7e-88b8-33936ab93238","parent":"5e6b7b034a93c77d07a534f16818de60","plat":268435456,"sid":"c4ba6121-d13d-4871-82f8-4b5c5556761e","tags":["lc:testtag","windows"],"this":"3afeaf722e3f24806ed0fd506848d16f"},"ts":"2025-06-11 00:44:31"}
