{"event":{"PARENT_PROCESS_ID":4576,"PROCESS_ID":6688},"routing":{"arch":2,"did":"","event_id":"7256f7eb-aef9-4037-8710-290225344654","event_time":1749602870137,"event_type":"TERMINATE_PROCESS","ext_ip":"34.171.104.183","hostname":"windows-server-2022-aac9c41d-e0a3-4e7e-88b8-33936ab93238-0.c.lc-demo-infra.internal.","iid":"09774cc8-cb43-4164-abd3-87230031c142","int_ip":"10.128.15.201","latency":4021,"moduleid":2,"oid":"aac9c41d-e0a3-4e7e-88b8-33936ab93238","parent":"2eabf4c52df6da8dd7aa1b556848d235","plat":268435456,"sid":"17b8710a-7337-4e64-9c18-2955e86f2d0d","tags":["fim","lc:stable","windows"],"this":"c5ab548f2de319cffb1a3f5a6848d23a"},"ts":"2025-06-11 00:47:50"}
{"event":{"PARENT_PROCESS_ID":6688,"PROCESS_ID":5304},"routing":{"arch":2,"did":"","event_id":"ce6a2e7a-4f83-4339-86dc-564ee693ffd3","event_time":1749602870137,"event_type":"TERMINATE_PROCESS","ext_ip":"34.171.104.183","hostname":"windows-server-2022-aac9c41d-e0a3-4e7e-88b8-33936ab93238-0.c.lc-demo-infra.internal.","iid":"09774cc8-cb43-4164-abd3-87230031c142","int_ip":"10.128.15.201","latency":4022,"moduleid":2,"oid":"aac9c41d-e0a3-4e7e-88b8-33936ab93238","parent":"e01d70716d1da27a9f474b4c6848d235","plat":268435456,"sid":"17b8710a-7337-4e64-9c18-2955e86f2d0d","tags":["fim","lc:stable","windows"],"this":"c8224681498a7e84df23b1ac6848d23a"},"ts":"2025-06-11 00:47:50"}
{"event":{"PARENT_PROCESS_ID":6688,"PROCESS_ID":1252},"routing":{"arch":2,"did":"","event_id":"457a2429-cc29-4b22-92de-83918fc27514","event_time":1749602870137,"event_type":"TERMINATE_PROCESS","ext_ip":"34.171.104.183","hostname":"windows-server-2022-aac9c41d-e0a3-4e7e-88b8-33936ab93238-0.c.lc-demo-infra.internal.","iid":"09774cc8-cb43-4164-abd3-87230031c142","int_ip":"10.128.15.201","latency":4022,"moduleid":2,"oid":"aac9c41d-e0a3-4e7e-88b8-33936ab93238","parent":"6d7d79b3b5981a2d1b3116666848d235","plat":268435456,"sid":"17b8710a-7337-4e64-9c18-2955e86f2d0d","tags":["fim","lc:stable","windows"],"this":"d7e8f4ec4b176c0cf66b0f526848d23a"},"ts":"2025-06-11 00:47:50"}
{"event":{"PARENT_PROCESS_ID":4576,"PROCESS_ID":440},"routing":{"arch":2,"did":"","event_id":"47095118-5916-4e17-ae19-12f11468b5ef","event_time":1749602870137,"event_type":"TERMINATE_PROCESS","ext_ip":"34.171.104.183","hostname":"windows-server-2022-aac9c41d-e0a3-4e7e-88b8-33936ab93238-0.c.lc-demo-infra.internal.","iid":"09774cc8-cb43-4164-abd3-87230031c142","int_ip":"10.128.15.201","latency":4022,"moduleid":2,"oid":"aac9c41d-e0a3-4e7e-88b8-33936ab93238","parent":"a6330b612d0acb9024b434d96848d235","plat":268435456,"sid":"17b8710a-7337-4e64-9c18-2955e86f2d0d","tags":["fim","lc:stable","windows"],"this":"3609940bb8d5dd7a5b8290226848d23a"},"ts":"2025-06-11 00:47:50"}
{"event":{"PARENT_PROCESS_ID":440,"PROCESS_ID":9036},"routing":{"arch":2,"did":"","event_id":"a62e755c-e2bc-4015-8edc-351f12a5c6e8","event_time":1749602870137,"event_type":"TERMINATE_PROCESS","ext_ip":"34.171.104.183","hostname":"windows-server-2022-aac9c41d-e0a3-4e7e-88b8-33936ab93238-0.c.lc-demo-infra.internal.","iid":"09774cc8-cb43-4164-abd3-87230031c142","int_ip":"10.128.15.201","latency":4022,"moduleid":2,"oid":"aac9c41d-e0a3-4e7e-88b8-33936ab93238","parent":"20a25eb6bb4386fb87537c3a6848d235","plat":268435456,"sid":"17b8710a-7337-4e64-9c18-2955e86f2d0d","tags":["fim","lc:stable","windows"],"this":"bd2495696d3be29586cf3f916848d23a"},"ts":"2025-06-11 00:47:50"}
{"event":{"PARENT_PROCESS_ID":440,"PROCESS_ID":8580},"routing":{"arch":2,"did":"","event_id":"ab2480a4-10a3-41db-91f4-c93ba6907822","event_time":1749602870137,"event_type":"TERMINATE_PROCESS","ext_ip":"34.171.104.183","hostname":"windows-server-2022-aac9c41d-e0a3-4e7e-88b8-33936ab93238-0.c.lc-demo-infra.internal.","iid":"09774cc8-cb43-4164-abd3-87230031c142","int_ip":"10.128.15.201","latency":4023,"moduleid":2,"oid":"aac9c41d-e0a3-4e7e-88b8-33936ab93238","parent":"0cf5c905f58f6499191630326848d235","plat":268435456,"sid":"17b8710a-7337-4e64-9c18-2955e86f2d0d","tags":["fim","lc:stable","windows"],"this":"c76424bbb7ab0a941f465d7c6848d23a"},"ts":"2025-06-11 00:47:50"}
{"event":{"COMMAND_LINE":"C:\\Windows\\system32\\cmd.exe /C whoami /groups","FILE_IS_SIGNED":1,"FILE_PATH":"C:\\Windows\\system32\\cmd.exe","HASH":"fc45691495eec0f9de50ccd574ead3a2d83e3088f1a3ad514f46ed84a70efa21","MEMORY_USAGE":36864,"PARENT":{"BASE_ADDRESS":140699920498688,"COMMAND_LINE":"C:\\Windows\\System32\\rundll32.exe","FILE_IS_SIGNED":1,"FILE_PATH":"C:\\Windows\\System32\\rundll32.exe","HASH":"02f6a04b3373f195152fb1b4aeafe25bf8ef4411dc020c2238c541bcc3dc309b","MEMORY_USAGE":10584064,"PARENT_ATOM":"ea0e323ff091a2712a29c65f68256125","PARENT_PROCESS_ID":4432,"PROCESS_ID":4576,"THIS_ATOM":"fdef27258c485456799b40c268256125","THREADS":6,"TIMESTAMP":1747280158786,"USER_NAME":"NT AUTHORITY\\SYSTEM"},"PARENT_PROCESS_ID":4576,"PROCESS_ID":6688,"USER_NAME":"NT AUTHORITY\\SYSTEM"},"routing":{"arch":2,"did":"","event_id":"eec5109e-2df0-4d0e-959c-808755828f07","event_time":1749602869134,"event_type":"NEW_PROCESS","ext_ip":"34.171.104.183","hostname":"windows-server-2022-aac9c41d-e0a3-4e7e-88b8-33936ab93238-0.c.lc-demo-infra.internal.","iid":"09774cc8-cb43-4164-abd3-87230031c142","int_ip":"10.128.15.201","latency":296,"moduleid":2,"oid":"aac9c41d-e0a3-4e7e-88b8-33936ab93238","parent":"fdef27258c485456799b40c268256125","plat":268435456,"sid":"17b8710a-7337-4e64-9c18-2955e86f2d0d","tags":["fim","lc:stable","windows"],"this":"2eabf4c52df6da8dd7aa1b556848d235"},"ts":"2025-06-11 00:47:49"}
{"event":{"COMMAND_LINE":"\\??\\C:\\Windows\\system32\\conhost.exe 0xffffffff -ForceV1","FILE_IS_SIGNED":1,"FILE_PATH":"C:\\Windows\\System32\\Conhost.exe","HASH":"91c5c21d07fbc2f5344dc2a5e9e0b83a9f051f92d3dc2b25ff1c18ad96ae773a","PARENT":{"COMMAND_LINE":"C:\\Windows\\system32\\cmd.exe /C whoami /groups","FILE_IS_SIGNED":1,"FILE_PATH":"C:\\Windows\\system32\\cmd.exe","HASH":"fc45691495eec0f9de50ccd574ead3a2d83e3088f1a3ad514f46ed84a70efa21","MEMORY_USAGE":36864,"PARENT_ATOM":"fdef27258c485456799b40c268256125","PARENT_PROCESS_ID":4576,"PROCESS_ID":6688,"THIS_ATOM":"2eabf4c52df6da8dd7aa1b556848d235","TIMESTAMP":1749602869134,"USER_NAME":"NT AUTHORITY\\SYSTEM"},"PARENT_PROCESS_ID":6688,"PROCESS_ID":5304},"routing":{"arch":2,"did":"","event_id":"7af85892-f356-4740-9722-087c203d830a","event_time":1749602869134,"event_type":"NEW_PROCESS","ext_ip":"34.171.104.183","hostname":"windows-server-2022-aac9c41d-e0a3-4e7e-88b8-33936ab93238-0.c.lc-demo-infra.internal.","iid":"09774cc8-cb43-4164-abd3-87230031c142","int_ip":"10.128.15.201","latency":361,"moduleid":2,"oid":"aac9c41d-e0a3-4e7e-88b8-33936ab93238","parent":"2eabf4c52df6da8dd7aa1b556848d235","plat":268435456,"sid":"17b8710a-7337-4e64-9c18-2955e86f2d0d","tags":["fim","lc:stable","windows"],"this":"e01d70716d1da27a9f474b4c6848d235"},"ts":"2025-06-11 00:47:49"}
{"event":{"COMMAND_LINE":"whoami  /groups","FILE_IS_SIGNED":1,"FILE_PATH":"C:\\Windows\\system32\\whoami.exe","HASH":"a703fcbc2159f86fd6f7bdfdcb6140042eece715b108de843575b5d688adfbf5","MEMORY_USAGE":36864,"PARENT":{"COMMAND_LINE":"C:\\Windows\\system32\\cmd.exe /C whoami /groups","FILE_IS_SIGNED":1,"FILE_PATH":"C:\\Windows\\system32\\cmd.exe","HASH":"fc45691495eec0f9de50ccd574ead3a2d83e3088f1a3ad514f46ed84a70efa21","MEMORY_USAGE":36864,"PARENT_ATOM":"fdef27258c485456799b40c268256125","PARENT_PROCESS_ID":4576,"PROCESS_ID":6688,"THIS_ATOM":"2eabf4c52df6da8dd7aa1b556848d235","TIMESTAMP":1749602869134,"USER_NAME":"NT AUTHORITY\\SYSTEM"},"PARENT_PROCESS_ID":6688,"PROCESS_ID":1252,"USER_NAME":"NT AUTHORITY\\SYSTEM"},"routing":{"arch":2,"did":"","event_id":"55bbf124-82b2-4735-a0ee-618c02d49d9f","event_time":1749602869165,"event_type":"NEW_PROCESS","ext_ip":"34.171.104.183","hostname":"windows-server-2022-aac9c41d-e0a3-4e7e-88b8-33936ab93238-0.c.lc-demo-infra.internal.","iid":"09774cc8-cb43-4164-abd3-87230031c142","int_ip":"10.128.15.201","latency":336,"moduleid":2,"oid":"aac9c41d-e0a3-4e7e-88b8-33936ab93238","parent":"2eabf4c52df6da8dd7aa1b556848d235","plat":268435456,"sid":"17b8710a-7337-4e64-9c18-2955e86f2d0d","tags":["fim","lc:stable","windows"],"this":"6d7d79b3b5981a2d1b3116666848d235"},"ts":"2025-06-11 00:47:49"}
{"event":{"BASE_ADDRESS":140696877596672,"COMMAND_LINE":"C:\\Windows\\system32\\cmd.exe /C tasklist /v","FILE_IS_SIGNED":1,"FILE_PATH":"C:\\Windows\\system32\\cmd.exe","HASH":"fc45691495eec0f9de50ccd574ead3a2d83e3088f1a3ad514f46ed84a70efa21","MEMORY_USAGE":4263936,"PARENT":{"BASE_ADDRESS":140699920498688,"COMMAND_LINE":"C:\\Windows\\System32\\rundll32.exe","FILE_IS_SIGNED":1,"FILE_PATH":"C:\\Windows\\System32\\rundll32.exe","HASH":"02f6a04b3373f195152fb1b4aeafe25bf8ef4411dc020c2238c541bcc3dc309b","MEMORY_USAGE":10584064,"PARENT_ATOM":"ea0e323ff091a2712a29c65f68256125","PARENT_PROCESS_ID":4432,"PROCESS_ID":4576,"THIS_ATOM":"fdef27258c485456799b40c268256125","THREADS":6,"TIMESTAMP":1747280158786,"USER_NAME":"NT AUTHORITY\\SYSTEM"},"PARENT_PROCESS_ID":4576,"PROCESS_ID":440,"THREADS":3,"USER_NAME":"NT AUTHORITY\\SYSTEM"},"routing":{"arch":2,"did":"","event_id":"d42eb0bd-7372-4750-86f7-8fce3fbe7800","event_time":1749602869197,"event_type":"NEW_PROCESS","ext_ip":"34.171.104.183","hostname":"windows-server-2022-aac9c41d-e0a3-4e7e-88b8-33936ab93238-0.c.lc-demo-infra.internal.","iid":"09774cc8-cb43-4164-abd3-87230031c142","int_ip":"10.128.15.201","latency":383,"moduleid":2,"oid":"aac9c41d-e0a3-4e7e-88b8-33936ab93238","parent":"fdef27258c485456799b40c268256125","plat":268435456,"sid":"17b8710a-7337-4e64-9c18-2955e86f2d0d","tags":["fim","lc:stable","windows"],"this":"a6330b612d0acb9024b434d96848d235"},"ts":"2025-06-11 00:47:49"}
{"event":{"BASE_ADDRESS":140700357165056,"COMMAND_LINE":"\\??\\C:\\Windows\\system32\\conhost.exe 0xffffffff -ForceV1","FILE_IS_SIGNED":1,"FILE_PATH":"C:\\Windows\\System32\\Conhost.exe","HASH":"91c5c21d07fbc2f5344dc2a5e9e0b83a9f051f92d3dc2b25ff1c18ad96ae773a","MEMORY_USAGE":11755520,"PARENT":{"BASE_ADDRESS":140696877596672,"COMMAND_LINE":"C:\\Windows\\system32\\cmd.exe /C tasklist /v","FILE_IS_SIGNED":1,"FILE_PATH":"C:\\Windows\\system32\\cmd.exe","HASH":"fc45691495eec0f9de50ccd574ead3a2d83e3088f1a3ad514f46ed84a70efa21","MEMORY_USAGE":4263936,"PARENT_ATOM":"fdef27258c485456799b40c268256125","PARENT_PROCESS_ID":4576,"PROCESS_ID":440,"THIS_ATOM":"a6330b612d0acb9024b434d96848d235","THREADS":3,"TIMESTAMP":1749602869197,"USER_NAME":"NT AUTHORITY\\SYSTEM"},"PARENT_PROCESS_ID":440,"PROCESS_ID":9036,"THREADS":5,"USER_NAME":"NT AUTHORITY\\SYSTEM"},"routing":{"arch":2,"did":"","event_id":"7053dd10-790a-4a58-b8e0-cc8203aa78c8","event_time":1749602869197,"event_type":"NEW_PROCESS","ext_ip":"34.171.104.183","hostname":"windows-server-2022-aac9c41d-e0a3-4e7e-88b8-33936ab93238-0.c.lc-demo-infra.internal.","iid":"09774cc8-cb43-4164-abd3-87230031c142","int_ip":"10.128.15.201","latency":388,"moduleid":2,"oid":"aac9c41d-e0a3-4e7e-88b8-33936ab93238","parent":"a6330b612d0acb9024b434d96848d235","plat":268435456,"sid":"17b8710a-7337-4e64-9c18-2955e86f2d0d","tags":["fim","lc:stable","windows"],"this":"20a25eb6bb4386fb87537c3a6848d235"},"ts":"2025-06-11 00:47:49"}
{"event":{"BASE_ADDRESS":140694994681856,"COMMAND_LINE":"tasklist  /v","FILE_IS_SIGNED":1,"FILE_PATH":"C:\\Windows\\system32\\tasklist.exe","HASH":"31e6a056eb1e722d8ec8c7e152e6a410b12d6055140bc38ffa1ccbd56ad4e623","MEMORY_USAGE":9019392,"PARENT":{"BASE_ADDRESS":140696877596672,"COMMAND_LINE":"C:\\Windows\\system32\\cmd.exe /C tasklist /v","FILE_IS_SIGNED":1,"FILE_PATH":"C:\\Windows\\system32\\cmd.exe","HASH":"fc45691495eec0f9de50ccd574ead3a2d83e3088f1a3ad514f46ed84a70efa21","MEMORY_USAGE":4263936,"PARENT_ATOM":"fdef27258c485456799b40c268256125","PARENT_PROCESS_ID":4576,"PROCESS_ID":440,"THIS_ATOM":"a6330b612d0acb9024b434d96848d235","THREADS":3,"TIMESTAMP":1749602869197,"USER_NAME":"NT AUTHORITY\\SYSTEM"},"PARENT_PROCESS_ID":440,"PROCESS_ID":8580,"THREADS":6,"USER_NAME":"NT AUTHORITY\\SYSTEM"},"routing":{"arch":2,"did":"","event_id":"d8ecdeb1-b2ba-40d5-a465-656d696af101","event_time":1749602869228,"event_type":"NEW_PROCESS","ext_ip":"34.171.104.183","hostname":"windows-server-2022-aac9c41d-e0a3-4e7e-88b8-33936ab93238-0.c.lc-demo-infra.internal.","iid":"09774cc8-cb43-4164-abd3-87230031c142","int_ip":"10.128.15.201","latency":365,"moduleid":2,"oid":"aac9c41d-e0a3-4e7e-88b8-33936ab93238","parent":"a6330b612d0acb9024b434d96848d235","plat":268435456,"sid":"17b8710a-7337-4e64-9c18-2955e86f2d0d","tags":["fim","lc:stable","windows"],"this":"0cf5c905f58f6499191630326848d235"},"ts":"2025-06-11 00:47:49"}
{"event":{"BASE_ADDRESS":140698767654912,"COMMAND_LINE":"C:\\Windows\\system32\\wbem\\wmiprvse.exe -secured -Embedding","FILE_IS_SIGNED":1,"FILE_PATH":"C:\\Windows\\system32\\wbem\\wmiprvse.exe","HASH":"1792731e030b7fe35a7eb21c9f907eae6e4ac381de918003f2709185c4ce0a5a","MEMORY_USAGE":10559488,"PARENT":{"BASE_ADDRESS":140699902017536,"COMMAND_LINE":"C:\\Windows\\system32\\svchost.exe -k DcomLaunch -p","CREATION_TIME":1747280142240,"FILE_IS_SIGNED":1,"FILE_PATH":"C:\\Windows\\system32\\svchost.exe","HASH":"d7f10571f58adbe122f615b869eb42b05286770148067cbf88054c38f1bca4c4","MEMORY_USAGE":14282752,"PARENT_ATOM":"b56d4120493c4260490c5b186825611e","PARENT_PROCESS_ID":628,"PROCESS_ID":756,"THIS_ATOM":"32ab94087088c4967913285d68256120","THREADS":15,"TIMESTAMP":1747280160281,"USER_NAME":"NT AUTHORITY\\SYSTEM"},"PARENT_PROCESS_ID":756,"PROCESS_ID":1904,"THREADS":9,"USER_NAME":"NT AUTHORITY\\NETWORK SERVICE"},"routing":{"arch":2,"did":"","event_id":"7ce78551-3259-4c0f-b977-1f200228643b","event_time":1749602869275,"event_type":"NEW_PROCESS","ext_ip":"34.171.104.183","hostname":"windows-server-2022-aac9c41d-e0a3-4e7e-88b8-33936ab93238-0.c.lc-demo-infra.internal.","iid":"09774cc8-cb43-4164-abd3-87230031c142","int_ip":"10.128.15.201","latency":324,"moduleid":2,"oid":"aac9c41d-e0a3-4e7e-88b8-33936ab93238","parent":"32ab94087088c4967913285d68256120","plat":268435456,"sid":"17b8710a-7337-4e64-9c18-2955e86f2d0d","tags":["fim","lc:stable","windows"],"this":"9278132f2d6b33c635de94606848d235"},"ts":"2025-06-11 00:47:49"}
{"event":{"EVENTS":[{"event":{"BASE_ADDRESS":140694709731328,"COMMAND_LINE":"C:\\Windows\\system32\\lsass.exe","CREATION_TIME":1747280141656,"FILE_IS_SIGNED":1,"FILE_PATH":"C:\\Windows\\system32\\lsass.exe","HASH":"2f5eee700a18d1457bcf1a27b23d721bb762ccfc1e6f82ae7df27cb2e4a88ce5","MEMORY_USAGE":16502784,"PARENT":{"FILE_IS_SIGNED":1,"FILE_PATH":"\\Device\\HarddiskVolume3\\Windows\\System32\\wininit.exe","HASH":"6a427b5aea3c30ba91dc2ed1014561ea9226483e11fb48fc9ede07a42376cf14","MEMORY_USAGE":7421952,"PARENT_PROCESS_ID":408,"PROCESS_ID":488,"THIS_ATOM":"30f4c8d36afcbb0f8b6f1f6b6825611e","THREADS":8,"TIMESTAMP":1747280158426,"USER_NAME":"NT AUTHORITY\\SYSTEM"},"PARENT_PROCESS_ID":488,"PROCESS_ID":648,"THREADS":12,"USER_NAME":"NT AUTHORITY\\SYSTEM"},"routing":{"arch":2,"did":"","event_id":"c4c49475-7900-464b-9d91-55ca7aae7488","event_time":1747280158614,"event_type":"EXISTING_PROCESS","ext_ip":"34.171.104.183","hostname":"windows-server-2022-aac9c41d-e0a3-4e7e-88b8-33936ab93238-0.c.lc-demo-infra.internal.","iid":"09774cc8-cb43-4164-abd3-87230031c142","int_ip":"10.128.15.201","latency":2322711309,"moduleid":2,"oid":"aac9c41d-e0a3-4e7e-88b8-33936ab93238","parent":"30f4c8d36afcbb0f8b6f1f6b6825611e","plat":268435456,"sid":"17b8710a-7337-4e64-9c18-2955e86f2d0d","tags":["fim","lc:stable","windows"],"this":"e8c31d58de119f51f86baa856825611e"}},{"event":{"ACCESS_FLAGS":5136,"PARENT_PROCESS_ID":1904,"PROCESS_ID":648,"SOURCE":{"BASE_ADDRESS":140698767654912,"COMMAND_LINE":"C:\\Windows\\system32\\wbem\\wmiprvse.exe -secured -Embedding","FILE_IS_SIGNED":1,"FILE_PATH":"C:\\Windows\\system32\\wbem\\wmiprvse.exe","HASH":"1792731e030b7fe35a7eb21c9f907eae6e4ac381de918003f2709185c4ce0a5a","MEMORY_USAGE":10559488,"PARENT_ATOM":"32ab94087088c4967913285d68256120","PARENT_PROCESS_ID":756,"PROCESS_ID":1904,"THIS_ATOM":"9278132f2d6b33c635de94606848d235","THREADS":9,"TIMESTAMP":1749602869275,"USER_NAME":"NT AUTHORITY\\NETWORK SERVICE"},"TARGET":{"BASE_ADDRESS":140694709731328,"COMMAND_LINE":"C:\\Windows\\system32\\lsass.exe","CREATION_TIME":1747280141656,"FILE_IS_SIGNED":1,"FILE_PATH":"C:\\Windows\\system32\\lsass.exe","HASH":"2f5eee700a18d1457bcf1a27b23d721bb762ccfc1e6f82ae7df27cb2e4a88ce5","MEMORY_USAGE":16502784,"PARENT_ATOM":"30f4c8d36afcbb0f8b6f1f6b6825611e","PARENT_PROCESS_ID":488,"PROCESS_ID":648,"THIS_ATOM":"e8c31d58de119f51f86baa856825611e","THREADS":12,"TIMESTAMP":1747280158614,"USER_NAME":"NT AUTHORITY\\SYSTEM"}},"routing":{"arch":2,"did":"","event_id":"a4e22215-9b60-4038-b736-dd4509af8b08","event_time":1749602869337,"event_type":"REMOTE_PROCESS_HANDLE","ext_ip":"34.171.104.183","hostname":"windows-server-2022-aac9c41d-e0a3-4e7e-88b8-33936ab93238-0.c.lc-demo-infra.internal.","iid":"09774cc8-cb43-4164-abd3-87230031c142","int_ip":"10.128.15.201","latency":586,"moduleid":2,"oid":"aac9c41d-e0a3-4e7e-88b8-33936ab93238","parent":"9278132f2d6b33c635de94606848d235","plat":268435456,"sid":"17b8710a-7337-4e64-9c18-2955e86f2d0d","tags":["fim","lc:stable","windows"],"target":"e8c31d58de119f51f86baa856825611e","this":"687bb7c8a293a00d558e202b6848d235"}}]},"routing":{"arch":2,"did":"","event_id":"97c7c84f-fe11-413b-aa13-79d26e3a9d54","event_time":1749602869918,"event_type":"SENSITIVE_PROCESS_ACCESS","ext_ip":"34.171.104.183","hostname":"windows-server-2022-aac9c41d-e0a3-4e7e-88b8-33936ab93238-0.c.lc-demo-infra.internal.","iid":"09774cc8-cb43-4164-abd3-87230031c142","int_ip":"10.128.15.201","latency":5,"moduleid":2,"oid":"aac9c41d-e0a3-4e7e-88b8-33936ab93238","parent":"9278132f2d6b33c635de94606848d235","plat":268435456,"sid":"17b8710a-7337-4e64-9c18-2955e86f2d0d","tags":["fim","lc:stable","windows"],"target":"e8c31d58de119f51f86baa856825611e","this":"9a63e8a705226972a849ad906848d235"},"ts":"2025-06-11 00:47:49"}
{"event":{"COMMAND_LINE":"C:\\Windows\\system32\\cmd.exe /C netstat -na | findstr \"EST\"","FILE_IS_SIGNED":1,"FILE_PATH":"C:\\Windows\\system32\\cmd.exe","HASH":"fc45691495eec0f9de50ccd574ead3a2d83e3088f1a3ad514f46ed84a70efa21","MEMORY_USAGE":36864,"PARENT":{"BASE_ADDRESS":140699920498688,"COMMAND_LINE":"C:\\Windows\\System32\\rundll32.exe","FILE_IS_SIGNED":1,"FILE_PATH":"C:\\Windows\\System32\\rundll32.exe","HASH":"02f6a04b3373f195152fb1b4aeafe25bf8ef4411dc020c2238c541bcc3dc309b","MEMORY_USAGE":10584064,"PARENT_ATOM":"ea0e323ff091a2712a29c65f68256125","PARENT_PROCESS_ID":4432,"PROCESS_ID":4576,"THIS_ATOM":"fdef27258c485456799b40c268256125","THREADS":6,"TIMESTAMP":1747280158786,"USER_NAME":"NT AUTHORITY\\SYSTEM"},"PARENT_PROCESS_ID":4576,"PROCESS_ID":5420,"USER_NAME":"NT AUTHORITY\\SYSTEM"},"routing":{"arch":2,"did":"","event_id":"450d57e7-7027-499b-b580-89ccd5ab1a1d","event_time":1749602869640,"event_type":"NEW_PROCESS","ext_ip":"34.171.104.183","hostname":"windows-server-2022-aac9c41d-e0a3-4e7e-88b8-33936ab93238-0.c.lc-demo-infra.internal.","iid":"09774cc8-cb43-4164-abd3-87230031c142","int_ip":"10.128.15.201","latency":970,"moduleid":2,"oid":"aac9c41d-e0a3-4e7e-88b8-33936ab93238","parent":"fdef27258c485456799b40c268256125","plat":268435456,"sid":"17b8710a-7337-4e64-9c18-2955e86f2d0d","tags":["fim","lc:stable","windows"],"this":"c343e82dcceb222ec7930fed6848d236"},"ts":"2025-06-11 00:47:49"}
{"event":{"COMMAND_LINE":"\\??\\C:\\Windows\\system32\\conhost.exe 0xffffffff -ForceV1","FILE_IS_SIGNED":1,"FILE_PATH":"C:\\Windows\\System32\\Conhost.exe","HASH":"91c5c21d07fbc2f5344dc2a5e9e0b83a9f051f92d3dc2b25ff1c18ad96ae773a","PARENT":{"COMMAND_LINE":"C:\\Windows\\system32\\cmd.exe /C netstat -na | findstr \"EST\"","FILE_IS_SIGNED":1,"FILE_PATH":"C:\\Windows\\system32\\cmd.exe","HASH":"fc45691495eec0f9de50ccd574ead3a2d83e3088f1a3ad514f46ed84a70efa21","MEMORY_USAGE":36864,"PARENT_ATOM":"fdef27258c485456799b40c268256125","PARENT_PROCESS_ID":4576,"PROCESS_ID":5420,"THIS_ATOM":"c343e82dcceb222ec7930fed6848d236","TIMESTAMP":1749602869640,"USER_NAME":"NT AUTHORITY\\SYSTEM"},"PARENT_PROCESS_ID":5420,"PROCESS_ID":6424},"routing":{"arch":2,"did":"","event_id":"43984487-fcd3-4cbb-adcb-d40fb678f43a","event_time":1749602869640,"event_type":"NEW_PROCESS","ext_ip":"34.171.104.183","hostname":"windows-server-2022-aac9c41d-e0a3-4e7e-88b8-33936ab93238-0.c.lc-demo-infra.internal.","iid":"09774cc8-cb43-4164-abd3-87230031c142","int_ip":"10.128.15.201","latency":1046,"moduleid":2,"oid":"aac9c41d-e0a3-4e7e-88b8-33936ab93238","parent":"c343e82dcceb222ec7930fed6848d236","plat":268435456,"sid":"17b8710a-7337-4e64-9c18-2955e86f2d0d","tags":["fim","lc:stable","windows"],"this":"6dc6872c1456569191c330ba6848d236"},"ts":"2025-06-11 00:47:49"}
{"event":{"COMMAND_LINE":"netstat  -na ","FILE_IS_SIGNED":1,"FILE_PATH":"C:\\Windows\\system32\\NETSTAT.EXE","HASH":"8ad63014d94cf150b19b3af2e9c5ff5ec19b7acaff49d97afd3ac4c34b9df4f8","PARENT":{"COMMAND_LINE":"C:\\Windows\\system32\\cmd.exe /C netstat -na | findstr \"EST\"","FILE_IS_SIGNED":1,"FILE_PATH":"C:\\Windows\\system32\\cmd.exe","HASH":"fc45691495eec0f9de50ccd574ead3a2d83e3088f1a3ad514f46ed84a70efa21","MEMORY_USAGE":36864,"PARENT_ATOM":"fdef27258c485456799b40c268256125","PARENT_PROCESS_ID":4576,"PROCESS_ID":5420,"THIS_ATOM":"c343e82dcceb222ec7930fed6848d236","TIMESTAMP":1749602869640,"USER_NAME":"NT AUTHORITY\\SYSTEM"},"PARENT_PROCESS_ID":5420,"PROCESS_ID":5352},"routing":{"arch":2,"did":"","event_id":"519b6653-b6f9-4234-a939-37b998bd703d","event_time":1749602869668,"event_type":"NEW_PROCESS","ext_ip":"34.171.104.183","hostname":"windows-server-2022-aac9c41d-e0a3-4e7e-88b8-33936ab93238-0.c.lc-demo-infra.internal.","iid":"09774cc8-cb43-4164-abd3-87230031c142","int_ip":"10.128.15.201","latency":1019,"moduleid":2,"oid":"aac9c41d-e0a3-4e7e-88b8-33936ab93238","parent":"c343e82dcceb222ec7930fed6848d236","plat":268435456,"sid":"17b8710a-7337-4e64-9c18-2955e86f2d0d","tags":["fim","lc:stable","windows"],"this":"0ae22a6125fc69244e5b403b6848d236"},"ts":"2025-06-11 00:47:49"}
{"event":{"COMMAND_LINE":"findstr  \"EST\"","FILE_IS_SIGNED":1,"FILE_PATH":"C:\\Windows\\system32\\findstr.exe","HASH":"940cbec6750076f2a191cbc8da96aae1905f7d9709b48c839bbd52884eff1a45","MEMORY_USAGE":36864,"PARENT":{"COMMAND_LINE":"C:\\Windows\\system32\\cmd.exe /C netstat -na | findstr \"EST\"","FILE_IS_SIGNED":1,"FILE_PATH":"C:\\Windows\\system32\\cmd.exe","HASH":"fc45691495eec0f9de50ccd574ead3a2d83e3088f1a3ad514f46ed84a70efa21","MEMORY_USAGE":36864,"PARENT_ATOM":"fdef27258c485456799b40c268256125","PARENT_PROCESS_ID":4576,"PROCESS_ID":5420,"THIS_ATOM":"c343e82dcceb222ec7930fed6848d236","TIMESTAMP":1749602869640,"USER_NAME":"NT AUTHORITY\\SYSTEM"},"PARENT_PROCESS_ID":5420,"PROCESS_ID":6552,"USER_NAME":"NT AUTHORITY\\SYSTEM"},"routing":{"arch":2,"did":"","event_id":"33ec79ff-95d7-45ac-b609-21c375232df3","event_time":1749602869684,"event_type":"NEW_PROCESS","ext_ip":"34.171.104.183","hostname":"windows-server-2022-aac9c41d-e0a3-4e7e-88b8-33936ab93238-0.c.lc-demo-infra.internal.","iid":"09774cc8-cb43-4164-abd3-87230031c142","int_ip":"10.128.15.201","latency":1008,"moduleid":2,"oid":"aac9c41d-e0a3-4e7e-88b8-33936ab93238","parent":"c343e82dcceb222ec7930fed6848d236","plat":268435456,"sid":"17b8710a-7337-4e64-9c18-2955e86f2d0d","tags":["fim","lc:stable","windows"],"this":"4252ecd41387d011d63d49036848d236"},"ts":"2025-06-11 00:47:49"}
{"event":{"BASE_ADDRESS":140696877596672,"COMMAND_LINE":"C:\\Windows\\system32\\cmd.exe /C systeminfo","FILE_IS_SIGNED":1,"FILE_PATH":"C:\\Windows\\system32\\cmd.exe","HASH":"fc45691495eec0f9de50ccd574ead3a2d83e3088f1a3ad514f46ed84a70efa21","MEMORY_USAGE":4259840,"PARENT":{"BASE_ADDRESS":140699920498688,"COMMAND_LINE":"C:\\Windows\\System32\\rundll32.exe","FILE_IS_SIGNED":1,"FILE_PATH":"C:\\Windows\\System32\\rundll32.exe","HASH":"02f6a04b3373f195152fb1b4aeafe25bf8ef4411dc020c2238c541bcc3dc309b","MEMORY_USAGE":10584064,"PARENT_ATOM":"ea0e323ff091a2712a29c65f68256125","PARENT_PROCESS_ID":4432,"PROCESS_ID":4576,"THIS_ATOM":"fdef27258c485456799b40c268256125","THREADS":6,"TIMESTAMP":1747280158786,"USER_NAME":"NT AUTHORITY\\SYSTEM"},"PARENT_PROCESS_ID":4576,"PROCESS_ID":8972,"THREADS":3,"USER_NAME":"NT AUTHORITY\\SYSTEM"},"routing":{"arch":2,"did":"","event_id":"b817138a-222d-44d6-8bbe-1852f8ed7683","event_time":1749602869824,"event_type":"NEW_PROCESS","ext_ip":"34.171.104.183","hostname":"windows-server-2022-aac9c41d-e0a3-4e7e-88b8-33936ab93238-0.c.lc-demo-infra.internal.","iid":"09774cc8-cb43-4164-abd3-87230031c142","int_ip":"10.128.15.201","latency":955,"moduleid":2,"oid":"aac9c41d-e0a3-4e7e-88b8-33936ab93238","parent":"fdef27258c485456799b40c268256125","plat":268435456,"sid":"17b8710a-7337-4e64-9c18-2955e86f2d0d","tags":["fim","lc:stable","windows"],"this":"ddfc564bc27480f8b0c52cc96848d236"},"ts":"2025-06-11 00:47:49"}
{"event":{"BASE_ADDRESS":140700357165056,"COMMAND_LINE":"\\??\\C:\\Windows\\system32\\conhost.exe 0xffffffff -ForceV1","FILE_IS_SIGNED":1,"FILE_PATH":"C:\\Windows\\System32\\Conhost.exe","HASH":"91c5c21d07fbc2f5344dc2a5e9e0b83a9f051f92d3dc2b25ff1c18ad96ae773a","MEMORY_USAGE":11743232,"PARENT":{"BASE_ADDRESS":140696877596672,"COMMAND_LINE":"C:\\Windows\\system32\\cmd.exe /C systeminfo","FILE_IS_SIGNED":1,"FILE_PATH":"C:\\Windows\\system32\\cmd.exe","HASH":"fc45691495eec0f9de50ccd574ead3a2d83e3088f1a3ad514f46ed84a70efa21","MEMORY_USAGE":4259840,"PARENT_ATOM":"fdef27258c485456799b40c268256125","PARENT_PROCESS_ID":4576,"PROCESS_ID":8972,"THIS_ATOM":"ddfc564bc27480f8b0c52cc96848d236","THREADS":3,"TIMESTAMP":1749602869824,"USER_NAME":"NT AUTHORITY\\SYSTEM"},"PARENT_PROCESS_ID":8972,"PROCESS_ID":5628,"THREADS":5,"USER_NAME":"NT AUTHORITY\\SYSTEM"},"routing":{"arch":2,"did":"","event_id":"bb8739ae-8e0b-477a-9bc5-6686ccb98f41","event_time":1749602869824,"event_type":"NEW_PROCESS","ext_ip":"34.171.104.183","hostname":"windows-server-2022-aac9c41d-e0a3-4e7e-88b8-33936ab93238-0.c.lc-demo-infra.internal.","iid":"09774cc8-cb43-4164-abd3-87230031c142","int_ip":"10.128.15.201","latency":960,"moduleid":2,"oid":"aac9c41d-e0a3-4e7e-88b8-33936ab93238","parent":"ddfc564bc27480f8b0c52cc96848d236","plat":268435456,"sid":"17b8710a-7337-4e64-9c18-2955e86f2d0d","tags":["fim","lc:stable","windows"],"this":"26223bc47796851f899eab326848d236"},"ts":"2025-06-11 00:47:49"}
{"event":{"BASE_ADDRESS":140696290328576,"COMMAND_LINE":"systeminfo","FILE_IS_SIGNED":1,"FILE_PATH":"C:\\Windows\\system32\\systeminfo.exe","HASH":"2e85eaa3f38d773daf91846563e2fc466358db78cd4b73ba2dddb46edaed7238","MEMORY_USAGE":8593408,"PARENT":{"BASE_ADDRESS":140696877596672,"COMMAND_LINE":"C:\\Windows\\system32\\cmd.exe /C systeminfo","FILE_IS_SIGNED":1,"FILE_PATH":"C:\\Windows\\system32\\cmd.exe","HASH":"fc45691495eec0f9de50ccd574ead3a2d83e3088f1a3ad514f46ed84a70efa21","MEMORY_USAGE":4259840,"PARENT_ATOM":"fdef27258c485456799b40c268256125","PARENT_PROCESS_ID":4576,"PROCESS_ID":8972,"THIS_ATOM":"ddfc564bc27480f8b0c52cc96848d236","THREADS":3,"TIMESTAMP":1749602869824,"USER_NAME":"NT AUTHORITY\\SYSTEM"},"PARENT_PROCESS_ID":8972,"PROCESS_ID":5004,"THREADS":6,"USER_NAME":"NT AUTHORITY\\SYSTEM"},"routing":{"arch":2,"did":"","event_id":"7fbd4429-d5c5-4761-8463-98633db807c4","event_time":1749602869855,"event_type":"NEW_PROCESS","ext_ip":"34.171.104.183","hostname":"windows-server-2022-aac9c41d-e0a3-4e7e-88b8-33936ab93238-0.c.lc-demo-infra.internal.","iid":"09774cc8-cb43-4164-abd3-87230031c142","int_ip":"10.128.15.201","latency":930,"moduleid":2,"oid":"aac9c41d-e0a3-4e7e-88b8-33936ab93238","parent":"ddfc564bc27480f8b0c52cc96848d236","plat":268435456,"sid":"17b8710a-7337-4e64-9c18-2955e86f2d0d","tags":["fim","lc:stable","windows"],"this":"bbb383352d9a98afddec354d6848d236"},"ts":"2025-06-11 00:47:49"}
{"event":{"EVENT":{"EventData":{"AuthenticationPackageName":"NTLM","FailureReason":"%%2313","IpAddress":"102.88.21.217","IpPort":"0","KeyLength":"0","LmPackageName":"-","LogonProcessName":"NtLmSsp","LogonType":"3","ProcessId":"0x0","ProcessName":"-","Status":"0xc000006d","SubStatus":"0xc0000064","SubjectDomainName":"-","SubjectLogonId":"0x0","SubjectUserName":"-","SubjectUserSid":"S-1-0-0","TargetDomainName":"-","TargetUserName":"USER","TargetUserSid":"S-1-0-0","TransmittedServices":"-","WorkstationName":"-"},"System":{"Channel":"Security","Computer":"windows-server-2022-aac9c41d-e0a3-4e7e-88b8-33936ab93238-0","Correlation":{"ActivityID":"{55ae049b-37ef-0001-ee39-a76a4ac5db01}"},"EventID":"4625","EventRecordID":"4431827","Execution":{"ProcessID":"648","ThreadID":"7824"},"Keywords":"0x8010000000000000","Level":"0","Opcode":"0","Provider":{"Guid":"{54849625-5478-4994-a5ba-3e3b0328c30d}","Name":"Microsoft-Windows-Security-Auditing"},"Security":"","Task":"12544","TimeCreated":{"SystemTime":"2025-06-11T00:47:44.8643554Z"},"Version":"0","_event_id":"4625"}}},"routing":{"arch":2,"did":"","event_id":"f5cc258a-0bb2-493f-a157-92e549fcb170","event_time":1749602865867,"event_type":"WEL","ext_ip":"34.171.104.183","hostname":"windows-server-2022-aac9c41d-e0a3-4e7e-88b8-33936ab93238-0.c.lc-demo-infra.internal.","iid":"09774cc8-cb43-4164-abd3-87230031c142","int_ip":"10.128.15.201","latency":4,"moduleid":2,"oid":"aac9c41d-e0a3-4e7e-88b8-33936ab93238","plat":268435456,"sid":"17b8710a-7337-4e64-9c18-2955e86f2d0d","tags":["fim","lc:stable","windows"],"this":"ddd55597775482cc20a2ed836848d231"},"ts":"2025-06-11 00:47:45"}
{"event":{"EVENT":{"EventData":{"AuthenticationPackageName":"NTLM","FailureReason":"%%2313","IpAddress":"172.81.128.225","IpPort":"0","KeyLength":"0","LmPackageName":"-","LogonProcessName":"NtLmSsp","LogonType":"3","ProcessId":"0x0","ProcessName":"-","Status":"0xc000006d","SubStatus":"0xc000006a","SubjectDomainName":"-","SubjectLogonId":"0x0","SubjectUserName":"-","SubjectUserSid":"S-1-0-0","TargetDomainName":"","TargetUserName":"Administrator","TargetUserSid":"S-1-0-0","TransmittedServices":"-","WorkstationName":"workstation"},"System":{"Channel":"Security","Computer":"DESKTOP-C2A1841","Correlation":{"ActivityID":"{352b8892-aa45-0001-ddca-25f63c52db01}"},"EventID":"4625","EventRecordID":"4695559","Execution":{"ProcessID":"648","ThreadID":"15328"},"Keywords":"0x8010000000000000","Level":"0","Opcode":"0","Provider":{"Guid":"{54849625-5478-4994-a5ba-3e3b0328c30d}","Name":"Microsoft-Windows-Security-Auditing"},"Security":"","Task":"12544","TimeCreated":{"SystemTime":"2025-06-11T00:47:41.5232512Z"},"Version":"0","_event_id":"4625"}}},"routing":{"arch":2,"did":"","event_id":"341c6b4c-4790-460b-9c68-f43f2f7748fa","event_time":1749602863528,"event_type":"WEL","ext_ip":"34.58.90.170","hostname":"desktop-c2a1841.c.lc-demo-infra.internal.","iid":"09774cc8-cb43-4164-abd3-87230031c142","int_ip":"10.128.15.200","latency":-29,"moduleid":2,"oid":"aac9c41d-e0a3-4e7e-88b8-33936ab93238","plat":268435456,"sid":"c4ba6121-d13d-4871-82f8-4b5c5556761e","tags":["lc:testtag","windows"],"this":"5586431e6b155a8d34891a086848d22f"},"ts":"2025-06-11 00:47:43"}
{"event":{"EVENT":{"EventData":{"AuthenticationPackageName":"NTLM","FailureReason":"%%2313","IpAddress":"220.127.122.171","IpPort":"0","KeyLength":"0","LmPackageName":"-","LogonProcessName":"NtLmSsp","LogonType":"3","ProcessId":"0x0","ProcessName":"-","Status":"0xc000006d","SubStatus":"0xc0000064","SubjectDomainName":"-","SubjectLogonId":"0x0","SubjectUserName":"-","SubjectUserSid":"S-1-0-0","TargetDomainName":"","TargetUserName":"DIMITRIS","TargetUserSid":"S-1-0-0","TransmittedServices":"-","WorkstationName":"-"},"System":{"Channel":"Security","Computer":"DESKTOP-C2A1841","Correlation":{"ActivityID":"{352b8892-aa45-0001-ddca-25f63c52db01}"},"EventID":"4625","EventRecordID":"4695560","Execution":{"ProcessID":"648","ThreadID":"15328"},"Keywords":"0x8010000000000000","Level":"0","Opcode":"0","Provider":{"Guid":"{54849625-5478-4994-a5ba-3e3b0328c30d}","Name":"Microsoft-Windows-Security-Auditing"},"Security":"","Task":"12544","TimeCreated":{"SystemTime":"2025-06-11T00:47:41.7856120Z"},"Version":"0","_event_id":"4625"}}},"routing":{"arch":2,"did":"","event_id":"19eead4c-e889-4cfa-97a0-a7368031f4df","event_time":1749602863528,"event_type":"WEL","ext_ip":"34.58.90.170","hostname":"desktop-c2a1841.c.lc-demo-infra.internal.","iid":"09774cc8-cb43-4164-abd3-87230031c142","int_ip":"10.128.15.200","latency":-28,"moduleid":2,"oid":"aac9c41d-e0a3-4e7e-88b8-33936ab93238","plat":268435456,"sid":"c4ba6121-d13d-4871-82f8-4b5c5556761e","tags":["lc:testtag","windows"],"this":"7dcb4c3ab9ad4c9c8c8efe2c6848d22f"},"ts":"2025-06-11 00:47:43"}
{"event":{"PROCESS_ID":648,"REGISTRY_KEY":"\\REGISTRY\\MACHINE\\SAM\\SAM\\Domains\\Account\\Users\\000001F4\\F","REGISTRY_VALUE":"AwABAAAAAAAAAAAAAAAAAA==","SIZE":3,"TYPE":3},"routing":{"arch":2,"did":"","event_id":"ebe35da7-b79e-46c3-9672-cd13bb4be3f2","event_time":1749602862512,"event_type":"REGISTRY_WRITE","ext_ip":"34.58.90.170","hostname":"desktop-c2a1841.c.lc-demo-infra.internal.","iid":"09774cc8-cb43-4164-abd3-87230031c142","int_ip":"10.128.15.200","latency":396,"moduleid":2,"oid":"aac9c41d-e0a3-4e7e-88b8-33936ab93238","parent":"8ced3bfcbf30b0dc5810c9e36818de5e","plat":268435456,"sid":"c4ba6121-d13d-4871-82f8-4b5c5556761e","tags":["lc:testtag","windows"],"this":"91d0d3c3f1232c67942c61346848d22e"},"ts":"2025-06-11 00:47:42"}
{"event":{"COMMAND_LINE":"C:\\Windows\\System32\\svchost.exe -k NetworkService -s TermService","CREATION_TIME":1734629976659,"FILE_IS_SIGNED":1,"FILE_PATH":"C:\\Windows\\System32\\svchost.exe","HASH":"add683a6910abbbf0e28b557fad0ba998166394932ae2aca069d9aa19ea8fe88","NETWORK_ACTIVITY":[{"DESTINATION":{"IP_ADDRESS":"10.128.15.200","PORT":3389},"IS_OUTGOING":0,"PROTOCOL":"tcp4","SOURCE":{"IP_ADDRESS":"212.84.174.78","PORT":56009},"TIMESTAMP":1749602826996},{"DESTINATION":{"IP_ADDRESS":"10.128.15.200","PORT":3389},"IS_OUTGOING":0,"PROTOCOL":"tcp4","SOURCE":{"IP_ADDRESS":"194.180.48.29","PORT":34187},"TIMESTAMP":1749602828387},{"DESTINATION":{"IP_ADDRESS":"10.128.15.200","PORT":3389},"IS_OUTGOING":0,"PROTOCOL":"tcp4","SOURCE":{"IP_ADDRESS":"220.127.122.171","PORT":5253},"TIMESTAMP":1749602836523},{"DESTINATION":{"IP_ADDRESS":"10.128.15.200","PORT":3389},"IS_OUTGOING":0,"PROTOCOL":"tcp4","SOURCE":{"IP_ADDRESS":"163.123.193.32","PORT":52259},"TIMESTAMP":1749602842202},{"DESTINATION":{"IP_ADDRESS":"10.128.15.200","PORT":3389},"IS_OUTGOING":0,"PROTOCOL":"tcp4","SOURCE":{"IP_ADDRESS":"220.127.122.171","PORT":24461},"TIMESTAMP":1749602848961},{"DESTINATION":{"IP_ADDRESS":"10.128.15.200","PORT":3389},"IS_OUTGOING":0,"PROTOCOL":"tcp4","SOURCE":{"IP_ADDRESS":"85.215.181.94","PORT":50820},"TIMESTAMP":1749602855175}],"PARENT_PROCESS_ID":624,"PROCESS_ID":724,"USER_NAME":"NT AUTHORITY\\NETWORK SERVICE"},"routing":{"arch":2,"did":"","event_id":"13d5d0f5-acd9-40be-be01-39b17985ef30","event_time":1749602857333,"event_type":"NETWORK_CONNECTIONS","ext_ip":"34.58.90.170","hostname":"desktop-c2a1841.c.lc-demo-infra.internal.","iid":"09774cc8-cb43-4164-abd3-87230031c142","int_ip":"10.128.15.200","latency":-29,"moduleid":2,"oid":"aac9c41d-e0a3-4e7e-88b8-33936ab93238","parent":"ebe07115d0a293acb22d4c106818de5e","plat":268435456,"sid":"c4ba6121-d13d-4871-82f8-4b5c5556761e","tags":["lc:testtag","windows"],"this":"967c97d4c259bd3ed45973a06848d229"},"ts":"2025-06-11 00:47:37"}
{"event":{"EVENT":{"EventData":{"AuthenticationPackageName":"NTLM","FailureReason":"%%2313","IpAddress":"85.215.181.94","IpPort":"0","KeyLength":"0","LmPackageName":"-","LogonProcessName":"NtLmSsp","LogonType":"3","ProcessId":"0x0","ProcessName":"-","Status":"0xc000006d","SubStatus":"0xc000006a","SubjectDomainName":"-","SubjectLogonId":"0x0","SubjectUserName":"-","SubjectUserSid":"S-1-0-0","TargetDomainName":"","TargetUserName":"ADMIN","TargetUserSid":"S-1-0-0","TransmittedServices":"-","WorkstationName":"-"},"System":{"Channel":"Security","Computer":"DESKTOP-C2A1841","Correlation":{"ActivityID":"{352b8892-aa45-0001-ddca-25f63c52db01}"},"EventID":"4625","EventRecordID":"4695558","Execution":{"ProcessID":"648","ThreadID":"15328"},"Keywords":"0x8010000000000000","Level":"0","Opcode":"0","Provider":{"Guid":"{54849625-5478-4994-a5ba-3e3b0328c30d}","Name":"Microsoft-Windows-Security-Auditing"},"Security":"","Task":"12544","TimeCreated":{"SystemTime":"2025-06-11T00:47:35.8271599Z"},"Version":"0","_event_id":"4625"}}},"routing":{"arch":2,"did":"","event_id":"6d1906e9-18eb-4cbe-98a5-378b5c3d6887","event_time":1749602857833,"event_type":"WEL","ext_ip":"34.58.90.170","hostname":"desktop-c2a1841.c.lc-demo-infra.internal.","iid":"09774cc8-cb43-4164-abd3-87230031c142","int_ip":"10.128.15.200","latency":-29,"moduleid":2,"oid":"aac9c41d-e0a3-4e7e-88b8-33936ab93238","plat":268435456,"sid":"c4ba6121-d13d-4871-82f8-4b5c5556761e","tags":["lc:testtag","windows"],"this":"1e1fe8711197a4ed94c22e8f6848d229"},"ts":"2025-06-11 00:47:37"}
{"event":{"PROCESS_ID":648,"REGISTRY_KEY":"\\REGISTRY\\MACHINE\\SAM\\SAM\\Domains\\Account\\Users\\000003E9\\F","REGISTRY_VALUE":"AwABAAAAAABJcLS4NJnaAQ==","SIZE":3,"TYPE":3},"routing":{"arch":2,"did":"","event_id":"224b62ce-c4e5-4d59-8732-52280b804e2f","event_time":1749602856818,"event_type":"REGISTRY_WRITE","ext_ip":"34.58.90.170","hostname":"desktop-c2a1841.c.lc-demo-infra.internal.","iid":"09774cc8-cb43-4164-abd3-87230031c142","int_ip":"10.128.15.200","latency":35,"moduleid":2,"oid":"aac9c41d-e0a3-4e7e-88b8-33936ab93238","parent":"8ced3bfcbf30b0dc5810c9e36818de5e","plat":268435456,"sid":"c4ba6121-d13d-4871-82f8-4b5c5556761e","tags":["lc:testtag","windows"],"this":"0ed5b272da8919d6c45f39df6848d228"},"ts":"2025-06-11 00:47:36"}
{"event":{"EVENT":{"EventData":{"AuthenticationPackageName":"NTLM","FailureReason":"%%2313","IpAddress":"220.127.122.171","IpPort":"0","KeyLength":"0","LmPackageName":"-","LogonProcessName":"NtLmSsp","LogonType":"3","ProcessId":"0x0","ProcessName":"-","Status":"0xc000006d","SubStatus":"0xc0000064","SubjectDomainName":"-","SubjectLogonId":"0x0","SubjectUserName":"-","SubjectUserSid":"S-1-0-0","TargetDomainName":"","TargetUserName":"DIMITRIS","TargetUserSid":"S-1-0-0","TransmittedServices":"-","WorkstationName":"-"},"System":{"Channel":"Security","Computer":"DESKTOP-C2A1841","Correlation":{"ActivityID":"{352b8892-aa45-0001-ddca-25f63c52db01}"},"EventID":"4625","EventRecordID":"4695557","Execution":{"ProcessID":"648","ThreadID":"15328"},"Keywords":"0x8010000000000000","Level":"0","Opcode":"0","Provider":{"Guid":"{54849625-5478-4994-a5ba-3e3b0328c30d}","Name":"Microsoft-Windows-Security-Auditing"},"Security":"","Task":"12544","TimeCreated":{"SystemTime":"2025-06-11T00:47:28.8582073Z"},"Version":"0","_event_id":"4625"}}},"routing":{"arch":2,"did":"","event_id":"181b2545-cc6e-46eb-8e45-bea6296cb837","event_time":1749602850864,"event_type":"WEL","ext_ip":"34.58.90.170","hostname":"desktop-c2a1841.c.lc-demo-infra.internal.","iid":"09774cc8-cb43-4164-abd3-87230031c142","int_ip":"10.128.15.200","latency":-26,"moduleid":2,"oid":"aac9c41d-e0a3-4e7e-88b8-33936ab93238","plat":268435456,"sid":"c4ba6121-d13d-4871-82f8-4b5c5556761e","tags":["lc:testtag","windows"],"this":"55bca794697c204119406ec76848d222"},"ts":"2025-06-11 00:47:30"}
{"event":{"EVENT":{"EventData":{"AuthenticationPackageName":"NTLM","FailureReason":"%%2313","IpAddress":"23.97.176.32","IpPort":"0","KeyLength":"0","LmPackageName":"-","LogonProcessName":"NtLmSsp","LogonType":"3","ProcessId":"0x0","ProcessName":"-","Status":"0xc000006d","SubStatus":"0xc0000064","SubjectDomainName":"-","SubjectLogonId":"0x0","SubjectUserName":"-","SubjectUserSid":"S-1-0-0","TargetDomainName":"-","TargetUserName":"robert","TargetUserSid":"S-1-0-0","TransmittedServices":"-","WorkstationName":"workstation"},"System":{"Channel":"Security","Computer":"windows-server-2022-aac9c41d-e0a3-4e7e-88b8-33936ab93238-0","Correlation":{"ActivityID":"{55ae049b-37ef-0001-ee39-a76a4ac5db01}"},"EventID":"4625","EventRecordID":"4431826","Execution":{"ProcessID":"648","ThreadID":"7824"},"Keywords":"0x8010000000000000","Level":"0","Opcode":"0","Provider":{"Guid":"{54849625-5478-4994-a5ba-3e3b0328c30d}","Name":"Microsoft-Windows-Security-Auditing"},"Security":"","Task":"12544","TimeCreated":{"SystemTime":"2025-06-11T00:47:25.7160282Z"},"Version":"0","_event_id":"4625"}}},"routing":{"arch":2,"did":"","event_id":"ea0a58bd-3b29-4b49-889c-ee3c0fa13ccb","event_time":1749602846712,"event_type":"WEL","ext_ip":"34.171.104.183","hostname":"windows-server-2022-aac9c41d-e0a3-4e7e-88b8-33936ab93238-0.c.lc-demo-infra.internal.","iid":"09774cc8-cb43-4164-abd3-87230031c142","int_ip":"10.128.15.201","latency":3,"moduleid":2,"oid":"aac9c41d-e0a3-4e7e-88b8-33936ab93238","plat":268435456,"sid":"17b8710a-7337-4e64-9c18-2955e86f2d0d","tags":["fim","lc:stable","windows"],"this":"c9b20a1397e3c688ab17832b6848d21e"},"ts":"2025-06-11 00:47:26"}
{"event":{"ACTION":"modified","FILE_PATH":"C:\\Windows\\System32\\winevt\\Logs\\Security.evtx","HASH":"a21bd5672b4a7acf529487c9bdf06f2d907884d821955d5a2179ec0672d9435b","PROCESS":{"BASE_ADDRESS":140699902017536,"COMMAND_LINE":"C:\\Windows\\System32\\svchost.exe -k LocalServiceNetworkRestricted -p -s EventLog","CREATION_TIME":1747280143315,"FILE_IS_SIGNED":1,"FILE_PATH":"C:\\Windows\\System32\\svchost.exe","HASH":"d7f10571f58adbe122f615b869eb42b05286770148067cbf88054c38f1bca4c4","MEMORY_USAGE":18825216,"PARENT_ATOM":"b56d4120493c4260490c5b186825611e","PARENT_PROCESS_ID":628,"PROCESS_ID":1164,"THIS_ATOM":"0abde42b2fc3298428bbe14d68256120","THREADS":11,"TIMESTAMP":1747280160351,"USER_NAME":"NT AUTHORITY\\LOCAL SERVICE"},"PROCESS_ID":1164},"routing":{"arch":2,"did":"","event_id":"f48d1563-d7af-4908-a56a-0e95e0580e44","event_time":1749602844788,"event_type":"FIM_HIT","ext_ip":"34.171.104.183","hostname":"windows-server-2022-aac9c41d-e0a3-4e7e-88b8-33936ab93238-0.c.lc-demo-infra.internal.","iid":"09774cc8-cb43-4164-abd3-87230031c142","int_ip":"10.128.15.201","latency":497,"moduleid":2,"oid":"aac9c41d-e0a3-4e7e-88b8-33936ab93238","parent":"0abde42b2fc3298428bbe14d68256120","plat":268435456,"sid":"17b8710a-7337-4e64-9c18-2955e86f2d0d","tags":["fim","lc:stable","windows"],"this":"d3233ae7033d310b1f70ff046848d21d"},"ts":"2025-06-11 00:47:24"}
{"event":{"EVENT":{"EventData":{"AuthenticationPackageName":"NTLM","FailureReason":"%%2313","IpAddress":"163.123.193.32","IpPort":"0","KeyLength":"0","LmPackageName":"-","LogonProcessName":"NtLmSsp","LogonType":"3","ProcessId":"0x0","ProcessName":"-","Status":"0xc000006d","SubStatus":"0xc000006a","SubjectDomainName":"-","SubjectLogonId":"0x0","SubjectUserName":"-","SubjectUserSid":"S-1-0-0","TargetDomainName":"","TargetUserName":"ADMINISTRATOR","TargetUserSid":"S-1-0-0","TransmittedServices":"-","WorkstationName":"-"},"System":{"Channel":"Security","Computer":"DESKTOP-C2A1841","Correlation":{"ActivityID":"{352b8892-aa45-0001-ddca-25f63c52db01}"},"EventID":"4625","EventRecordID":"4695556","Execution":{"ProcessID":"648","ThreadID":"15328"},"Keywords":"0x8010000000000000","Level":"0","Opcode":"0","Provider":{"Guid":"{54849625-5478-4994-a5ba-3e3b0328c30d}","Name":"Microsoft-Windows-Security-Auditing"},"Security":"","Task":"12544","TimeCreated":{"SystemTime":"2025-06-11T00:47:21.7823798Z"},"Version":"0","_event_id":"4625"}}},"routing":{"arch":2,"did":"","event_id":"9159ef64-7b5c-4fdd-be4d-3fcb969942d4","event_time":1749602843796,"event_type":"WEL","ext_ip":"34.58.90.170","hostname":"desktop-c2a1841.c.lc-demo-infra.internal.","iid":"09774cc8-cb43-4164-abd3-87230031c142","int_ip":"10.128.15.200","latency":-11,"moduleid":2,"oid":"aac9c41d-e0a3-4e7e-88b8-33936ab93238","plat":268435456,"sid":"c4ba6121-d13d-4871-82f8-4b5c5556761e","tags":["lc:testtag","windows"],"this":"3896c224e42b10289096af5d6848d21b"},"ts":"2025-06-11 00:47:23"}
{"event":{"PROCESS_ID":648,"REGISTRY_KEY":"\\REGISTRY\\MACHINE\\SAM\\SAM\\Domains\\Account\\Users\\000001F4\\F","REGISTRY_VALUE":"AwABAAAAAAAAAAAAAAAAAA==","SIZE":3,"TYPE":3},"routing":{"arch":2,"did":"","event_id":"9fd57ece-c67b-4da1-9b0c-dea8b85de39e","event_time":1749602842780,"event_type":"REGISTRY_WRITE","ext_ip":"34.58.90.170","hostname":"desktop-c2a1841.c.lc-demo-infra.internal.","iid":"09774cc8-cb43-4164-abd3-87230031c142","int_ip":"10.128.15.200","latency":939,"moduleid":2,"oid":"aac9c41d-e0a3-4e7e-88b8-33936ab93238","parent":"8ced3bfcbf30b0dc5810c9e36818de5e","plat":268435456,"sid":"c4ba6121-d13d-4871-82f8-4b5c5556761e","tags":["lc:testtag","windows"],"this":"54ad2120a303c5a57618793f6848d21b"},"ts":"2025-06-11 00:47:22"}
{"event":{"ACTION":"modified","FILE_PATH":"C:\\Windows\\ServiceState\\EventLog\\Data\\lastalive1.dat","HASH":"91207ba5eaef7cc61d1d574b29bb0c00ea6b3d1e14da0e4e86d1e3419a859f7b","PROCESS":{"BASE_ADDRESS":140699902017536,"COMMAND_LINE":"C:\\Windows\\System32\\svchost.exe -k LocalServiceNetworkRestricted -p -s EventLog","CREATION_TIME":1747280143315,"FILE_IS_SIGNED":1,"FILE_PATH":"C:\\Windows\\System32\\svchost.exe","HASH":"d7f10571f58adbe122f615b869eb42b05286770148067cbf88054c38f1bca4c4","MEMORY_USAGE":18825216,"PARENT_ATOM":"b56d4120493c4260490c5b186825611e","PARENT_PROCESS_ID":628,"PROCESS_ID":1164,"THIS_ATOM":"0abde42b2fc3298428bbe14d68256120","THREADS":11,"TIMESTAMP":1747280160351,"USER_NAME":"NT AUTHORITY\\LOCAL SERVICE"},"PROCESS_ID":1164},"routing":{"arch":2,"did":"","event_id":"467b1270-4388-4671-b8f1-0bad2969b83f","event_time":1749602841944,"event_type":"FIM_HIT","ext_ip":"34.171.104.183","hostname":"windows-server-2022-aac9c41d-e0a3-4e7e-88b8-33936ab93238-0.c.lc-demo-infra.internal.","iid":"09774cc8-cb43-4164-abd3-87230031c142","int_ip":"10.128.15.201","latency":128,"moduleid":2,"oid":"aac9c41d-e0a3-4e7e-88b8-33936ab93238","parent":"0abde42b2fc3298428bbe14d68256120","plat":268435456,"sid":"17b8710a-7337-4e64-9c18-2955e86f2d0d","tags":["fim","lc:stable","windows"],"this":"a2bc73daa1525ba5b1e3bdd16848d21a"},"ts":"2025-06-11 00:47:21"}
{"event":{"COMMAND_LINE":"C:\\Windows\\System32\\svchost.exe -k termsvcs -s TermService","CREATION_TIME":1747280142928,"FILE_IS_SIGNED":1,"FILE_PATH":"C:\\Windows\\System32\\svchost.exe","HASH":"d7f10571f58adbe122f615b869eb42b05286770148067cbf88054c38f1bca4c4","NETWORK_ACTIVITY":[{"DESTINATION":{"IP_ADDRESS":"10.128.15.201","PORT":3389},"IS_OUTGOING":0,"PROTOCOL":"tcp4","SOURCE":{"IP_ADDRESS":"123.30.186.151","PORT":51475},"TIMESTAMP":1749602812734},{"DESTINATION":{"IP_ADDRESS":"10.128.15.201","PORT":3389},"IS_OUTGOING":0,"PROTOCOL":"tcp4","SOURCE":{"IP_ADDRESS":"5.161.180.34","PORT":50658},"TIMESTAMP":1749602813562},{"DESTINATION":{"IP_ADDRESS":"10.128.15.201","PORT":3389},"IS_OUTGOING":0,"PROTOCOL":"tcp4","SOURCE":{"IP_ADDRESS":"114.67.192.66","PORT":55462},"TIMESTAMP":1749602813828},{"DESTINATION":{"IP_ADDRESS":"10.128.15.201","PORT":3389},"IS_OUTGOING":0,"PROTOCOL":"tcp4","SOURCE":{"IP_ADDRESS":"194.180.48.29","PORT":53384},"TIMESTAMP":1749602818362},{"DESTINATION":{"IP_ADDRESS":"10.128.15.201","PORT":3389},"IS_OUTGOING":0,"PROTOCOL":"tcp4","SOURCE":{"IP_ADDRESS":"194.180.48.29","PORT":52932},"TIMESTAMP":1749602832905}],"PARENT_PROCESS_ID":628,"PROCESS_ID":1000,"USER_NAME":"NT AUTHORITY\\NETWORK SERVICE"},"routing":{"arch":2,"did":"","event_id":"2fc51ebf-c9d5-4f04-997e-52f18fa1062c","event_time":1749602839580,"event_type":"NETWORK_CONNECTIONS","ext_ip":"34.171.104.183","hostname":"windows-server-2022-aac9c41d-e0a3-4e7e-88b8-33936ab93238-0.c.lc-demo-infra.internal.","iid":"09774cc8-cb43-4164-abd3-87230031c142","int_ip":"10.128.15.201","latency":9,"moduleid":2,"oid":"aac9c41d-e0a3-4e7e-88b8-33936ab93238","parent":"05ab479aa6538d9ae515552b68256120","plat":268435456,"sid":"17b8710a-7337-4e64-9c18-2955e86f2d0d","tags":["fim","lc:stable","windows"],"this":"f388d656589aae5eec7794e36848d217"},"ts":"2025-06-11 00:47:19"}
{"event":{"EVENT":{"EventData":{"AuthenticationPackageName":"NTLM","FailureReason":"%%2313","IpAddress":"220.127.122.171","IpPort":"0","KeyLength":"0","LmPackageName":"-","LogonProcessName":"NtLmSsp","LogonType":"3","ProcessId":"0x0","ProcessName":"-","Status":"0xc000006d","SubStatus":"0xc0000064","SubjectDomainName":"-","SubjectLogonId":"0x0","SubjectUserName":"-","SubjectUserSid":"S-1-0-0","TargetDomainName":"","TargetUserName":"SV","TargetUserSid":"S-1-0-0","TransmittedServices":"-","WorkstationName":"-"},"System":{"Channel":"Security","Computer":"DESKTOP-C2A1841","Correlation":{"ActivityID":"{352b8892-aa45-0001-ddca-25f63c52db01}"},"EventID":"4625","EventRecordID":"4695555","Execution":{"ProcessID":"648","ThreadID":"15328"},"Keywords":"0x8010000000000000","Level":"0","Opcode":"0","Provider":{"Guid":"{54849625-5478-4994-a5ba-3e3b0328c30d}","Name":"Microsoft-Windows-Security-Auditing"},"Security":"","Task":"12544","TimeCreated":{"SystemTime":"2025-06-11T00:47:16.4245688Z"},"Version":"0","_event_id":"4625"}}},"routing":{"arch":2,"did":"","event_id":"e26d7ed6-f098-4972-a586-9b31cfbfc6ec","event_time":1749602838429,"event_type":"WEL","ext_ip":"34.58.90.170","hostname":"desktop-c2a1841.c.lc-demo-infra.internal.","iid":"09774cc8-cb43-4164-abd3-87230031c142","int_ip":"10.128.15.200","latency":-26,"moduleid":2,"oid":"aac9c41d-e0a3-4e7e-88b8-33936ab93238","plat":268435456,"sid":"c4ba6121-d13d-4871-82f8-4b5c5556761e","tags":["lc:testtag","windows"],"this":"1eafe2f1835ee746fa8c82de6848d216"},"ts":"2025-06-11 00:47:18"}
