{"event":{"BASE_ADDRESS":140696983568384,"COMMAND_LINE":"systeminfo","FILE_IS_SIGNED":1,"FILE_PATH":"C:\\Windows\\system32\\systeminfo.exe","HASH":"6f87caa51bdea802045bb281fc2686a3c76364c26a3ffe6c2ccac4af5f9db37b","MEMORY_USAGE":8687616,"PARENT":{"BASE_ADDRESS":140703021793280,"COMMAND_LINE":"C:\\Windows\\system32\\cmd.exe /C systeminfo","FILE_IS_SIGNED":1,"FILE_PATH":"C:\\Windows\\system32\\cmd.exe","HASH":"b99d61d874728edc0918ca0eb10eab93d381e7367e377406e65963366c874450","MEMORY_USAGE":4022272,"PARENT_ATOM":"1f7d51435a96b7487a36ddd86818de60","PARENT_PROCESS_ID":2232,"PROCESS_ID":15448,"THIS_ATOM":"228921f2958cabe9cd876fc56848d252","THREADS":3,"TIMESTAMP":1749602897851,"USER_NAME":"NT AUTHORITY\\SYSTEM"},"PARENT_PROCESS_ID":15448,"PROCESS_ID":17968,"THREADS":6,"USER_NAME":"NT AUTHORITY\\SYSTEM"},"routing":{"arch":2,"did":"","event_id":"35b3351f-494d-4c55-b394-020462afe23c","event_time":1749602897913,"event_type":"NEW_PROCESS","ext_ip":"34.58.90.170","hostname":"desktop-c2a1841.c.lc-demo-infra.internal.","iid":"09774cc8-cb43-4164-abd3-87230031c142","int_ip":"10.128.15.200","latency":824,"moduleid":2,"oid":"aac9c41d-e0a3-4e7e-88b8-33936ab93238","parent":"228921f2958cabe9cd876fc56848d252","plat":268435456,"sid":"c4ba6121-d13d-4871-82f8-4b5c5556761e","tags":["lc:testtag","windows"],"this":"eac217b2726e0eb41ea4b59f6848d252"},"ts":"2025-06-11 00:48:17"}
{"event":{"DLL":"%SystemRoot%\\System32\\NetSetupSvc.dll","EXECUTABLE":"%SystemRoot%\\System32\\svchost.exe -k netsvcs -p","FILE_IS_SIGNED":1,"HASH":"672a9e9e37f264b5f78b61b56d5c77605b43d355dea9165cf2876594a1ade9cf","PROCESS_ID":0,"SVC_DISPLAY_NAME":"Network Setup Service","SVC_NAME":"NetSetupSvc","SVC_STATE":1,"SVC_TYPE":48},"routing":{"arch":2,"did":"","event_id":"d0e10fa1-d137-4f63-b3ac-b007d2738149","event_time":1749602895016,"event_type":"SERVICE_CHANGE","ext_ip":"34.171.104.183","hostname":"windows-server-2022-aac9c41d-e0a3-4e7e-88b8-33936ab93238-0.c.lc-demo-infra.internal.","iid":"09774cc8-cb43-4164-abd3-87230031c142","int_ip":"10.128.15.201","latency":7,"moduleid":2,"oid":"aac9c41d-e0a3-4e7e-88b8-33936ab93238","plat":268435456,"sid":"17b8710a-7337-4e64-9c18-2955e86f2d0d","tags":["fim","lc:stable","windows"],"this":"6bdbf5d55ba9811aa6ad12a66848d24f"},"ts":"2025-06-11 00:48:15"}
{"event":{"EXECUTABLE":"%SystemRoot%\\servicing\\TrustedInstaller.exe","FILE_IS_SIGNED":1,"HASH":"ecbddd355d829c616b3936887a77638806c589fb2ca8bd13aa75de2c549c2c3a","PROCESS_ID":4928,"SVC_DISPLAY_NAME":"Windows Modules Installer","SVC_NAME":"TrustedInstaller","SVC_STATE":4,"SVC_TYPE":16},"routing":{"arch":2,"did":"","event_id":"bdfce6ff-4e2c-4897-9c8a-d357ffd038ed","event_time":1749602895016,"event_type":"SERVICE_CHANGE","ext_ip":"34.171.104.183","hostname":"windows-server-2022-aac9c41d-e0a3-4e7e-88b8-33936ab93238-0.c.lc-demo-infra.internal.","iid":"09774cc8-cb43-4164-abd3-87230031c142","int_ip":"10.128.15.201","latency":7,"moduleid":2,"oid":"aac9c41d-e0a3-4e7e-88b8-33936ab93238","plat":268435456,"sid":"17b8710a-7337-4e64-9c18-2955e86f2d0d","tags":["fim","lc:stable","windows"],"this":"610919a1d3aa85d7cbec1bd26848d24f"},"ts":"2025-06-11 00:48:15"}
{"event":{"PROCESS_ID":648,"REGISTRY_KEY":"\\REGISTRY\\MACHINE\\SYSTEM\\ControlSet001\\Services\\W32Time\\SecureTimeLimits\\SecureTimeHigh","REGISTRY_VALUE":"h2wD4nLa2wE=","SIZE":11,"TYPE":11},"routing":{"arch":2,"did":"","event_id":"02fac71e-66f0-416a-afbe-29108520e9ae","event_time":1749602890219,"event_type":"REGISTRY_WRITE","ext_ip":"34.58.90.170","hostname":"desktop-c2a1841.c.lc-demo-infra.internal.","iid":"09774cc8-cb43-4164-abd3-87230031c142","int_ip":"10.128.15.200","latency":895,"moduleid":2,"oid":"aac9c41d-e0a3-4e7e-88b8-33936ab93238","parent":"8ced3bfcbf30b0dc5810c9e36818de5e","plat":268435456,"sid":"c4ba6121-d13d-4871-82f8-4b5c5556761e","tags":["lc:testtag","windows"],"this":"7e164783290a6569021070fd6848d24b"},"ts":"2025-06-11 00:48:10"}
{"event":{"PROCESS_ID":648,"REGISTRY_KEY":"\\REGISTRY\\MACHINE\\SYSTEM\\ControlSet001\\Services\\W32Time\\SecureTimeLimits\\SecureTimeEstimated","REGISTRY_VALUE":"hwQ/gGra2wE=","SIZE":11,"TYPE":11},"routing":{"arch":2,"did":"","event_id":"da01f086-65f4-481b-9c44-025b5b7d8846","event_time":1749602890219,"event_type":"REGISTRY_WRITE","ext_ip":"34.58.90.170","hostname":"desktop-c2a1841.c.lc-demo-infra.internal.","iid":"09774cc8-cb43-4164-abd3-87230031c142","int_ip":"10.128.15.200","latency":895,"moduleid":2,"oid":"aac9c41d-e0a3-4e7e-88b8-33936ab93238","parent":"8ced3bfcbf30b0dc5810c9e36818de5e","plat":268435456,"sid":"c4ba6121-d13d-4871-82f8-4b5c5556761e","tags":["lc:testtag","windows"],"this":"d956c9c9d17125fdfded44b26848d24b"},"ts":"2025-06-11 00:48:10"}
{"event":{"PROCESS_ID":648,"REGISTRY_KEY":"\\REGISTRY\\MACHINE\\SYSTEM\\ControlSet001\\Services\\W32Time\\SecureTimeLimits\\SecureTimeLow","REGISTRY_VALUE":"h5x6HmLa2wE=","SIZE":11,"TYPE":11},"routing":{"arch":2,"did":"","event_id":"e9c07060-79f5-4860-99f6-a6eb1e775791","event_time":1749602890219,"event_type":"REGISTRY_WRITE","ext_ip":"34.58.90.170","hostname":"desktop-c2a1841.c.lc-demo-infra.internal.","iid":"09774cc8-cb43-4164-abd3-87230031c142","int_ip":"10.128.15.200","latency":896,"moduleid":2,"oid":"aac9c41d-e0a3-4e7e-88b8-33936ab93238","parent":"8ced3bfcbf30b0dc5810c9e36818de5e","plat":268435456,"sid":"c4ba6121-d13d-4871-82f8-4b5c5556761e","tags":["lc:testtag","windows"],"this":"9f3c1f8d39bb18c4016384016848d24b"},"ts":"2025-06-11 00:48:10"}
{"event":{"PROCESS_ID":648,"REGISTRY_KEY":"\\REGISTRY\\MACHINE\\SYSTEM\\ControlSet001\\Services\\W32Time\\SecureTimeLimits\\RunTime\\SecureTimeTickCount","REGISTRY_VALUE":"o+tdfAMAAAA=","SIZE":11,"TYPE":11},"routing":{"arch":2,"did":"","event_id":"742de274-3073-4256-be0d-d24b76d3a01a","event_time":1749602890219,"event_type":"REGISTRY_WRITE","ext_ip":"34.58.90.170","hostname":"desktop-c2a1841.c.lc-demo-infra.internal.","iid":"09774cc8-cb43-4164-abd3-87230031c142","int_ip":"10.128.15.200","latency":896,"moduleid":2,"oid":"aac9c41d-e0a3-4e7e-88b8-33936ab93238","parent":"8ced3bfcbf30b0dc5810c9e36818de5e","plat":268435456,"sid":"c4ba6121-d13d-4871-82f8-4b5c5556761e","tags":["lc:testtag","windows"],"this":"944ad5258ae6688875d1ff4f6848d24b"},"ts":"2025-06-11 00:48:10"}
{"event":{"PROCESS_ID":648,"REGISTRY_KEY":"\\REGISTRY\\MACHINE\\SYSTEM\\ControlSet001\\Services\\W32Time\\SecureTimeLimits\\RunTime\\SecureTimeConfidence","REGISTRY_VALUE":"CAAAAA==","SIZE":4,"TYPE":4},"routing":{"arch":2,"did":"","event_id":"a8079ede-a76e-474d-b1d3-d4a64f6114cd","event_time":1749602890219,"event_type":"REGISTRY_WRITE","ext_ip":"34.58.90.170","hostname":"desktop-c2a1841.c.lc-demo-infra.internal.","iid":"09774cc8-cb43-4164-abd3-87230031c142","int_ip":"10.128.15.200","latency":896,"moduleid":2,"oid":"aac9c41d-e0a3-4e7e-88b8-33936ab93238","parent":"8ced3bfcbf30b0dc5810c9e36818de5e","plat":268435456,"sid":"c4ba6121-d13d-4871-82f8-4b5c5556761e","tags":["lc:testtag","windows"],"this":"13d6f9892cf20c42ace4453a6848d24b"},"ts":"2025-06-11 00:48:10"}
{"event":{"PROCESS_ID":648,"REGISTRY_KEY":"\\REGISTRY\\MACHINE\\SYSTEM\\ControlSet001\\Services\\W32Time\\SecureTimeLimits\\SecureTimeHigh","REGISTRY_VALUE":"h2wD4nLa2wE=","SIZE":11,"TYPE":11},"routing":{"arch":2,"did":"","event_id":"56dbd667-1813-4eeb-9e05-39cf0bb1465c","event_time":1749602890219,"event_type":"REGISTRY_WRITE","ext_ip":"34.58.90.170","hostname":"desktop-c2a1841.c.lc-demo-infra.internal.","iid":"09774cc8-cb43-4164-abd3-87230031c142","int_ip":"10.128.15.200","latency":896,"moduleid":2,"oid":"aac9c41d-e0a3-4e7e-88b8-33936ab93238","parent":"8ced3bfcbf30b0dc5810c9e36818de5e","plat":268435456,"sid":"c4ba6121-d13d-4871-82f8-4b5c5556761e","tags":["lc:testtag","windows"],"this":"cde4a5e20f47005716eb05be6848d24b"},"ts":"2025-06-11 00:48:10"}
{"event":{"PROCESS_ID":648,"REGISTRY_KEY":"\\REGISTRY\\MACHINE\\SYSTEM\\ControlSet001\\Services\\W32Time\\SecureTimeLimits\\SecureTimeEstimated","REGISTRY_VALUE":"hwQ/gGra2wE=","SIZE":11,"TYPE":11},"routing":{"arch":2,"did":"","event_id":"ac00f732-4664-42b7-a995-2a233ce76c40","event_time":1749602890219,"event_type":"REGISTRY_WRITE","ext_ip":"34.58.90.170","hostname":"desktop-c2a1841.c.lc-demo-infra.internal.","iid":"09774cc8-cb43-4164-abd3-87230031c142","int_ip":"10.128.15.200","latency":897,"moduleid":2,"oid":"aac9c41d-e0a3-4e7e-88b8-33936ab93238","parent":"8ced3bfcbf30b0dc5810c9e36818de5e","plat":268435456,"sid":"c4ba6121-d13d-4871-82f8-4b5c5556761e","tags":["lc:testtag","windows"],"this":"c2743524756ce64466b1b7546848d24b"},"ts":"2025-06-11 00:48:10"}
{"event":{"PROCESS_ID":648,"REGISTRY_KEY":"\\REGISTRY\\MACHINE\\SYSTEM\\ControlSet001\\Services\\W32Time\\SecureTimeLimits\\SecureTimeLow","REGISTRY_VALUE":"h5x6HmLa2wE=","SIZE":11,"TYPE":11},"routing":{"arch":2,"did":"","event_id":"03fe8d8a-5b5a-498a-b6e7-efa5d0d649dc","event_time":1749602890219,"event_type":"REGISTRY_WRITE","ext_ip":"34.58.90.170","hostname":"desktop-c2a1841.c.lc-demo-infra.internal.","iid":"09774cc8-cb43-4164-abd3-87230031c142","int_ip":"10.128.15.200","latency":897,"moduleid":2,"oid":"aac9c41d-e0a3-4e7e-88b8-33936ab93238","parent":"8ced3bfcbf30b0dc5810c9e36818de5e","plat":268435456,"sid":"c4ba6121-d13d-4871-82f8-4b5c5556761e","tags":["lc:testtag","windows"],"this":"7722279dc6c29e6c9b0181606848d24b"},"ts":"2025-06-11 00:48:10"}
{"event":{"PROCESS_ID":648,"REGISTRY_KEY":"\\REGISTRY\\MACHINE\\SYSTEM\\ControlSet001\\Services\\W32Time\\SecureTimeLimits\\RunTime\\SecureTimeTickCount","REGISTRY_VALUE":"o+tdfAMAAAA=","SIZE":11,"TYPE":11},"routing":{"arch":2,"did":"","event_id":"bee02973-a655-411e-b133-6a253fa6f8e1","event_time":1749602890219,"event_type":"REGISTRY_WRITE","ext_ip":"34.58.90.170","hostname":"desktop-c2a1841.c.lc-demo-infra.internal.","iid":"09774cc8-cb43-4164-abd3-87230031c142","int_ip":"10.128.15.200","latency":897,"moduleid":2,"oid":"aac9c41d-e0a3-4e7e-88b8-33936ab93238","parent":"8ced3bfcbf30b0dc5810c9e36818de5e","plat":268435456,"sid":"c4ba6121-d13d-4871-82f8-4b5c5556761e","tags":["lc:testtag","windows"],"this":"c00b320d311b43eee563cf526848d24b"},"ts":"2025-06-11 00:48:10"}
{"event":{"PROCESS_ID":648,"REGISTRY_KEY":"\\REGISTRY\\MACHINE\\SYSTEM\\ControlSet001\\Services\\W32Time\\SecureTimeLimits\\RunTime\\SecureTimeConfidence","REGISTRY_VALUE":"CAAAAA==","SIZE":4,"TYPE":4},"routing":{"arch":2,"did":"","event_id":"c16b24f6-2a21-4879-a1b7-519251d6df51","event_time":1749602890219,"event_type":"REGISTRY_WRITE","ext_ip":"34.58.90.170","hostname":"desktop-c2a1841.c.lc-demo-infra.internal.","iid":"09774cc8-cb43-4164-abd3-87230031c142","int_ip":"10.128.15.200","latency":897,"moduleid":2,"oid":"aac9c41d-e0a3-4e7e-88b8-33936ab93238","parent":"8ced3bfcbf30b0dc5810c9e36818de5e","plat":268435456,"sid":"c4ba6121-d13d-4871-82f8-4b5c5556761e","tags":["lc:testtag","windows"],"this":"72a38500c40e4f5b787f6ec46848d24b"},"ts":"2025-06-11 00:48:10"}
{"event":{"COMMAND_LINE":"C:\\Windows\\System32\\svchost.exe -k NetworkService -s TermService","CREATION_TIME":1734629976659,"FILE_IS_SIGNED":1,"FILE_PATH":"C:\\Windows\\System32\\svchost.exe","HASH":"add683a6910abbbf0e28b557fad0ba998166394932ae2aca069d9aa19ea8fe88","NETWORK_ACTIVITY":[{"DESTINATION":{"IP_ADDRESS":"10.128.15.200","PORT":3389},"IS_OUTGOING":0,"PROTOCOL":"tcp4","SOURCE":{"IP_ADDRESS":"220.127.122.171","PORT":46475},"TIMESTAMP":1749602861887},{"DESTINATION":{"IP_ADDRESS":"10.128.15.200","PORT":3389},"IS_OUTGOING":0,"PROTOCOL":"tcp4","SOURCE":{"IP_ADDRESS":"172.81.128.225","PORT":61164},"TIMESTAMP":1749602862434},{"DESTINATION":{"IP_ADDRESS":"10.128.15.200","PORT":3389},"IS_OUTGOING":0,"PROTOCOL":"tcp4","SOURCE":{"IP_ADDRESS":"193.38.248.150","PORT":58639},"TIMESTAMP":1749602883849}],"PARENT_PROCESS_ID":624,"PROCESS_ID":724,"USER_NAME":"NT AUTHORITY\\NETWORK SERVICE"},"routing":{"arch":2,"did":"","event_id":"23db7af5-4c6e-4d70-9d21-2f48e389a71f","event_time":1749602888667,"event_type":"NETWORK_CONNECTIONS","ext_ip":"34.58.90.170","hostname":"desktop-c2a1841.c.lc-demo-infra.internal.","iid":"09774cc8-cb43-4164-abd3-87230031c142","int_ip":"10.128.15.200","latency":-30,"moduleid":2,"oid":"aac9c41d-e0a3-4e7e-88b8-33936ab93238","parent":"ebe07115d0a293acb22d4c106818de5e","plat":268435456,"sid":"c4ba6121-d13d-4871-82f8-4b5c5556761e","tags":["lc:testtag","windows"],"this":"3658bccf935170c103c74b0b6848d248"},"ts":"2025-06-11 00:48:08"}
{"event":{"EVENT":{"EventData":{"AuthenticationPackageName":"NTLM","FailureReason":"%%2313","IpAddress":"193.38.248.150","IpPort":"0","KeyLength":"0","LmPackageName":"-","LogonProcessName":"NtLmSsp","LogonType":"3","ProcessId":"0x0","ProcessName":"-","Status":"0xc000006d","SubStatus":"0xc000006a","SubjectDomainName":"-","SubjectLogonId":"0x0","SubjectUserName":"-","SubjectUserSid":"S-1-0-0","TargetDomainName":"","TargetUserName":"Administrator","TargetUserSid":"S-1-0-0","TransmittedServices":"-","WorkstationName":"workstation"},"System":{"Channel":"Security","Computer":"DESKTOP-C2A1841","Correlation":{"ActivityID":"{352b8892-aa45-0001-ddca-25f63c52db01}"},"EventID":"4625","EventRecordID":"4695561","Execution":{"ProcessID":"648","ThreadID":"15328"},"Keywords":"0x8010000000000000","Level":"0","Opcode":"0","Provider":{"Guid":"{54849625-5478-4994-a5ba-3e3b0328c30d}","Name":"Microsoft-Windows-Security-Auditing"},"Security":"","Task":"12544","TimeCreated":{"SystemTime":"2025-06-11T00:48:03.1570406Z"},"Version":"0","_event_id":"4625"}}},"routing":{"arch":2,"did":"","event_id":"4fcf899d-057c-44e4-a904-334e3c6e0f6e","event_time":1749602885165,"event_type":"WEL","ext_ip":"34.58.90.170","hostname":"desktop-c2a1841.c.lc-demo-infra.internal.","iid":"09774cc8-cb43-4164-abd3-87230031c142","int_ip":"10.128.15.200","latency":-28,"moduleid":2,"oid":"aac9c41d-e0a3-4e7e-88b8-33936ab93238","plat":268435456,"sid":"c4ba6121-d13d-4871-82f8-4b5c5556761e","tags":["lc:testtag","windows"],"this":"cf68f2b0034237840142f8896848d245"},"ts":"2025-06-11 00:48:05"}
{"event":{"PROCESS_ID":648,"REGISTRY_KEY":"\\REGISTRY\\MACHINE\\SAM\\SAM\\Domains\\Account\\Users\\000001F4\\F","REGISTRY_VALUE":"AwABAAAAAAAAAAAAAAAAAA==","SIZE":3,"TYPE":3},"routing":{"arch":2,"did":"","event_id":"4b368307-c9fd-464b-b388-490490c24946","event_time":1749602884147,"event_type":"REGISTRY_WRITE","ext_ip":"34.58.90.170","hostname":"desktop-c2a1841.c.lc-demo-infra.internal.","iid":"09774cc8-cb43-4164-abd3-87230031c142","int_ip":"10.128.15.200","latency":926,"moduleid":2,"oid":"aac9c41d-e0a3-4e7e-88b8-33936ab93238","parent":"8ced3bfcbf30b0dc5810c9e36818de5e","plat":268435456,"sid":"c4ba6121-d13d-4871-82f8-4b5c5556761e","tags":["lc:testtag","windows"],"this":"5653d393053b4b096b32c8a96848d245"},"ts":"2025-06-11 00:48:04"}
{"event":{"EVENT":{"EventData":{"AuthenticationPackageName":"NTLM","FailureReason":"%%2313","IpAddress":"193.38.248.150","IpPort":"0","KeyLength":"0","LmPackageName":"-","LogonProcessName":"NtLmSsp","LogonType":"3","ProcessId":"0x0","ProcessName":"-","Status":"0xc000006d","SubStatus":"0xc000006a","SubjectDomainName":"-","SubjectLogonId":"0x0","SubjectUserName":"-","SubjectUserSid":"S-1-0-0","TargetDomainName":"-","TargetUserName":"Administrator","TargetUserSid":"S-1-0-0","TransmittedServices":"-","WorkstationName":"workstation"},"System":{"Channel":"Security","Computer":"windows-server-2022-aac9c41d-e0a3-4e7e-88b8-33936ab93238-0","Correlation":{"ActivityID":"{55ae049b-37ef-0001-ee39-a76a4ac5db01}"},"EventID":"4625","EventRecordID":"4431831","Execution":{"ProcessID":"648","ThreadID":"9068"},"Keywords":"0x8010000000000000","Level":"0","Opcode":"0","Provider":{"Guid":"{54849625-5478-4994-a5ba-3e3b0328c30d}","Name":"Microsoft-Windows-Security-Auditing"},"Security":"","Task":"12544","TimeCreated":{"SystemTime":"2025-06-11T00:48:02.4656475Z"},"Version":"0","_event_id":"4625"}}},"routing":{"arch":2,"did":"","event_id":"5c870337-7970-4ba3-aaa9-c76f3a166969","event_time":1749602883475,"event_type":"WEL","ext_ip":"34.171.104.183","hostname":"windows-server-2022-aac9c41d-e0a3-4e7e-88b8-33936ab93238-0.c.lc-demo-infra.internal.","iid":"09774cc8-cb43-4164-abd3-87230031c142","int_ip":"10.128.15.201","latency":6,"moduleid":2,"oid":"aac9c41d-e0a3-4e7e-88b8-33936ab93238","plat":268435456,"sid":"17b8710a-7337-4e64-9c18-2955e86f2d0d","tags":["fim","lc:stable","windows"],"this":"cc3b48ce0ecd40b991effab76848d243"},"ts":"2025-06-11 00:48:03"}
{"event":{"PROCESS_ID":2984,"REGISTRY_KEY":"\\REGISTRY\\MACHINE\\SOFTWARE\\Microsoft\\Windows\\CurrentVersion\\VFUProvider\\StartTime","REGISTRY_VALUE":"pG7cemra2wE=","SIZE":11,"TYPE":11},"routing":{"arch":2,"did":"","event_id":"ad6b7813-fa5a-4b4a-86d0-f29142e96b7b","event_time":1749602881021,"event_type":"REGISTRY_WRITE","ext_ip":"34.58.90.170","hostname":"desktop-c2a1841.c.lc-demo-infra.internal.","iid":"09774cc8-cb43-4164-abd3-87230031c142","int_ip":"10.128.15.200","latency":21,"moduleid":2,"oid":"aac9c41d-e0a3-4e7e-88b8-33936ab93238","parent":"2521d6d91fb817eb51c5271a6818de61","plat":268435456,"sid":"c4ba6121-d13d-4871-82f8-4b5c5556761e","tags":["lc:testtag","windows"],"this":"310798d8315ad2a1bf5aff2b6848d241"},"ts":"2025-06-11 00:48:01"}
{"event":{"ACTION":"modified","FILE_PATH":"C:\\Windows\\System32\\winevt\\Logs\\Application.evtx","HASH":"b3b5fd31b582e780d54eb4f4eee20bbdea593590533996a65bcf28d0c15c925e","PROCESS":{"BASE_ADDRESS":140699902017536,"COMMAND_LINE":"C:\\Windows\\System32\\svchost.exe -k LocalServiceNetworkRestricted -p -s EventLog","CREATION_TIME":1747280143315,"FILE_IS_SIGNED":1,"FILE_PATH":"C:\\Windows\\System32\\svchost.exe","HASH":"d7f10571f58adbe122f615b869eb42b05286770148067cbf88054c38f1bca4c4","MEMORY_USAGE":18825216,"PARENT_ATOM":"b56d4120493c4260490c5b186825611e","PARENT_PROCESS_ID":628,"PROCESS_ID":1164,"THIS_ATOM":"0abde42b2fc3298428bbe14d68256120","THREADS":11,"TIMESTAMP":1747280160351,"USER_NAME":"NT AUTHORITY\\LOCAL SERVICE"},"PROCESS_ID":1164},"routing":{"arch":2,"did":"","event_id":"cc68b18a-3cc7-4527-8bf4-0d0e4a45cdfa","event_time":1749602881099,"event_type":"FIM_HIT","ext_ip":"34.171.104.183","hostname":"windows-server-2022-aac9c41d-e0a3-4e7e-88b8-33936ab93238-0.c.lc-demo-infra.internal.","iid":"09774cc8-cb43-4164-abd3-87230031c142","int_ip":"10.128.15.201","latency":650,"moduleid":2,"oid":"aac9c41d-e0a3-4e7e-88b8-33936ab93238","parent":"0abde42b2fc3298428bbe14d68256120","plat":268435456,"sid":"17b8710a-7337-4e64-9c18-2955e86f2d0d","tags":["fim","lc:stable","windows"],"this":"eb6dc4aa3818d0668b48aced6848d241"},"ts":"2025-06-11 00:48:01"}
{"event":{"ACTION":"modified","FILE_PATH":"C:\\Windows\\System32\\winevt\\Logs\\Microsoft-Windows-ServerManager-MultiMachine%4Operational.evtx","HASH":"79e8efea548b55f9640174d0b33aa086d84b6b4b3f3f91a88e7c7ad602b7cb5f","PROCESS":{"BASE_ADDRESS":140699902017536,"COMMAND_LINE":"C:\\Windows\\System32\\svchost.exe -k LocalServiceNetworkRestricted -p -s EventLog","CREATION_TIME":1747280143315,"FILE_IS_SIGNED":1,"FILE_PATH":"C:\\Windows\\System32\\svchost.exe","HASH":"d7f10571f58adbe122f615b869eb42b05286770148067cbf88054c38f1bca4c4","MEMORY_USAGE":18825216,"PARENT_ATOM":"b56d4120493c4260490c5b186825611e","PARENT_PROCESS_ID":628,"PROCESS_ID":1164,"THIS_ATOM":"0abde42b2fc3298428bbe14d68256120","THREADS":11,"TIMESTAMP":1747280160351,"USER_NAME":"NT AUTHORITY\\LOCAL SERVICE"},"PROCESS_ID":1164},"routing":{"arch":2,"did":"","event_id":"42f2ef07-5962-427c-a91f-34a45136228a","event_time":1749602881099,"event_type":"FIM_HIT","ext_ip":"34.171.104.183","hostname":"windows-server-2022-aac9c41d-e0a3-4e7e-88b8-33936ab93238-0.c.lc-demo-infra.internal.","iid":"09774cc8-cb43-4164-abd3-87230031c142","int_ip":"10.128.15.201","latency":685,"moduleid":2,"oid":"aac9c41d-e0a3-4e7e-88b8-33936ab93238","parent":"0abde42b2fc3298428bbe14d68256120","plat":268435456,"sid":"17b8710a-7337-4e64-9c18-2955e86f2d0d","tags":["fim","lc:stable","windows"],"this":"b2870ffaadd01eb3bc3b0b606848d241"},"ts":"2025-06-11 00:48:01"}
{"event":{"ACTION":"modified","FILE_PATH":"C:\\Windows\\System32\\winevt\\Logs\\Security.evtx","HASH":"eb64ae9e2c354ef2b37b262f300588060b43ba2442de93126317aaa76902413b","PROCESS":{"BASE_ADDRESS":140699902017536,"COMMAND_LINE":"C:\\Windows\\System32\\svchost.exe -k LocalServiceNetworkRestricted -p -s EventLog","CREATION_TIME":1747280143315,"FILE_IS_SIGNED":1,"FILE_PATH":"C:\\Windows\\System32\\svchost.exe","HASH":"d7f10571f58adbe122f615b869eb42b05286770148067cbf88054c38f1bca4c4","MEMORY_USAGE":18825216,"PARENT_ATOM":"b56d4120493c4260490c5b186825611e","PARENT_PROCESS_ID":628,"PROCESS_ID":1164,"THIS_ATOM":"0abde42b2fc3298428bbe14d68256120","THREADS":11,"TIMESTAMP":1747280160351,"USER_NAME":"NT AUTHORITY\\LOCAL SERVICE"},"PROCESS_ID":1164},"routing":{"arch":2,"did":"","event_id":"e599b64b-6b71-43a9-906b-4df3d68d4fed","event_time":1749602876721,"event_type":"FIM_HIT","ext_ip":"34.171.104.183","hostname":"windows-server-2022-aac9c41d-e0a3-4e7e-88b8-33936ab93238-0.c.lc-demo-infra.internal.","iid":"09774cc8-cb43-4164-abd3-87230031c142","int_ip":"10.128.15.201","latency":875,"moduleid":2,"oid":"aac9c41d-e0a3-4e7e-88b8-33936ab93238","parent":"0abde42b2fc3298428bbe14d68256120","plat":268435456,"sid":"17b8710a-7337-4e64-9c18-2955e86f2d0d","tags":["fim","lc:stable","windows"],"this":"4d05845027b2a5afd90eb28e6848d23d"},"ts":"2025-06-11 00:47:56"}
{"event":{"PARENT_PROCESS_ID":4576,"PROCESS_ID":5760},"routing":{"arch":2,"did":"","event_id":"34c926af-08c1-404e-b8a4-e56922669013","event_time":1749602874155,"event_type":"TERMINATE_PROCESS","ext_ip":"34.171.104.183","hostname":"windows-server-2022-aac9c41d-e0a3-4e7e-88b8-33936ab93238-0.c.lc-demo-infra.internal.","iid":"09774cc8-cb43-4164-abd3-87230031c142","int_ip":"10.128.15.201","latency":4027,"moduleid":2,"oid":"aac9c41d-e0a3-4e7e-88b8-33936ab93238","parent":"896f537e416c034db4d60dca6848d238","plat":268435456,"sid":"17b8710a-7337-4e64-9c18-2955e86f2d0d","tags":["fim","lc:stable","windows"],"this":"7d49685e9e01add61ba782586848d23e"},"ts":"2025-06-11 00:47:54"}
{"event":{"EVENT":{"EventData":{"AuthenticationPackageName":"Negotiate","ElevatedToken":"%%1842","ImpersonationLevel":"%%1833","IpAddress":"-","IpPort":"-","KeyLength":"0","LmPackageName":"-","LogonGuid":"{00000000-0000-0000-0000-000000000000}","LogonProcessName":"Advapi","LogonType":"5","ProcessId":"0x274","ProcessName":"C:\\Windows\\System32\\services.exe","RestrictedAdminMode":"-","SubjectDomainName":"WORKGROUP","SubjectLogonId":"0x3e7","SubjectUserName":"WINDOWS-SERVER-$","SubjectUserSid":"S-1-5-18","TargetDomainName":"NT AUTHORITY","TargetLinkedLogonId":"0x0","TargetLogonId":"0x3e7","TargetOutboundDomainName":"-","TargetOutboundUserName":"-","TargetUserName":"SYSTEM","TargetUserSid":"S-1-5-18","TransmittedServices":"-","VirtualAccount":"%%1843","WorkstationName":"-"},"System":{"Channel":"Security","Computer":"windows-server-2022-aac9c41d-e0a3-4e7e-88b8-33936ab93238-0","Correlation":{"ActivityID":"{55ae049b-37ef-0001-ee39-a76a4ac5db01}"},"EventID":"4624","EventRecordID":"4431828","Execution":{"ProcessID":"648","ThreadID":"9068"},"Keywords":"0x8020000000000000","Level":"0","Opcode":"0","Provider":{"Guid":"{54849625-5478-4994-a5ba-3e3b0328c30d}","Name":"Microsoft-Windows-Security-Auditing"},"Security":"","Task":"12544","TimeCreated":{"SystemTime":"2025-06-11T00:47:51.3204607Z"},"Version":"2","_event_id":"4624"}}},"routing":{"arch":2,"did":"","event_id":"06f1162e-6f0f-4d2d-907f-ce23cf7986a0","event_time":1749602872311,"event_type":"WEL","ext_ip":"34.171.104.183","hostname":"windows-server-2022-aac9c41d-e0a3-4e7e-88b8-33936ab93238-0.c.lc-demo-infra.internal.","iid":"09774cc8-cb43-4164-abd3-87230031c142","int_ip":"10.128.15.201","latency":2,"moduleid":2,"oid":"aac9c41d-e0a3-4e7e-88b8-33936ab93238","plat":268435456,"sid":"17b8710a-7337-4e64-9c18-2955e86f2d0d","tags":["fim","lc:stable","windows"],"this":"83ec7a82923e592fcbd66e546848d238"},"ts":"2025-06-11 00:47:52"}
{"event":{"EVENT":{"EventData":{"PrivilegeList":"SeAssignPrimaryTokenPrivilege\n\t\t\tSeTcbPrivilege\n\t\t\tSeSecurityPrivilege\n\t\t\tSeTakeOwnershipPrivilege\n\t\t\tSeLoadDriverPrivilege\n\t\t\tSeBackupPrivilege\n\t\t\tSeRestorePrivilege\n\t\t\tSeDebugPrivilege\n\t\t\tSeAuditPrivilege\n\t\t\tSeSystemEnvironmentPrivilege\n\t\t\tSeImpersonatePrivilege\n\t\t\tSeDelegateSessionUserImpersonatePrivilege","SubjectDomainName":"NT AUTHORITY","SubjectLogonId":"0x3e7","SubjectUserName":"SYSTEM","SubjectUserSid":"S-1-5-18"},"System":{"Channel":"Security","Computer":"windows-server-2022-aac9c41d-e0a3-4e7e-88b8-33936ab93238-0","Correlation":{"ActivityID":"{55ae049b-37ef-0001-ee39-a76a4ac5db01}"},"EventID":"4672","EventRecordID":"4431829","Execution":{"ProcessID":"648","ThreadID":"9068"},"Keywords":"0x8020000000000000","Level":"0","Opcode":"0","Provider":{"Guid":"{54849625-5478-4994-a5ba-3e3b0328c30d}","Name":"Microsoft-Windows-Security-Auditing"},"Security":"","Task":"12548","TimeCreated":{"SystemTime":"2025-06-11T00:47:51.3204682Z"},"Version":"0","_event_id":"4672"}}},"routing":{"arch":2,"did":"","event_id":"98917573-f39c-4d0a-890e-7ef5f7fba4b2","event_time":1749602872311,"event_type":"WEL","ext_ip":"34.171.104.183","hostname":"windows-server-2022-aac9c41d-e0a3-4e7e-88b8-33936ab93238-0.c.lc-demo-infra.internal.","iid":"09774cc8-cb43-4164-abd3-87230031c142","int_ip":"10.128.15.201","latency":3,"moduleid":2,"oid":"aac9c41d-e0a3-4e7e-88b8-33936ab93238","plat":268435456,"sid":"17b8710a-7337-4e64-9c18-2955e86f2d0d","tags":["fim","lc:stable","windows"],"this":"4f9e45559343fb53d47273f06848d238"},"ts":"2025-06-11 00:47:52"}
{"event":{"EVENT":{"EventData":{"AuthenticationPackageName":"NTLM","FailureReason":"%%2313","IpAddress":"196.223.146.155","IpPort":"0","KeyLength":"0","LmPackageName":"-","LogonProcessName":"NtLmSsp","LogonType":"3","ProcessId":"0x0","ProcessName":"-","Status":"0xc000006d","SubStatus":"0xc000006a","SubjectDomainName":"-","SubjectLogonId":"0x0","SubjectUserName":"-","SubjectUserSid":"S-1-0-0","TargetDomainName":"-","TargetUserName":"Administrator","TargetUserSid":"S-1-0-0","TransmittedServices":"-","WorkstationName":"workstation"},"System":{"Channel":"Security","Computer":"windows-server-2022-aac9c41d-e0a3-4e7e-88b8-33936ab93238-0","Correlation":{"ActivityID":"{55ae049b-37ef-0001-ee39-a76a4ac5db01}"},"EventID":"4625","EventRecordID":"4431830","Execution":{"ProcessID":"648","ThreadID":"9068"},"Keywords":"0x8010000000000000","Level":"0","Opcode":"0","Provider":{"Guid":"{54849625-5478-4994-a5ba-3e3b0328c30d}","Name":"Microsoft-Windows-Security-Auditing"},"Security":"","Task":"12544","TimeCreated":{"SystemTime":"2025-06-11T00:47:51.4611447Z"},"Version":"0","_event_id":"4625"}}},"routing":{"arch":2,"did":"","event_id":"72c9cc8f-28f6-4ffd-a123-cf8695d90654","event_time":1749602872311,"event_type":"WEL","ext_ip":"34.171.104.183","hostname":"windows-server-2022-aac9c41d-e0a3-4e7e-88b8-33936ab93238-0.c.lc-demo-infra.internal.","iid":"09774cc8-cb43-4164-abd3-87230031c142","int_ip":"10.128.15.201","latency":3,"moduleid":2,"oid":"aac9c41d-e0a3-4e7e-88b8-33936ab93238","plat":268435456,"sid":"17b8710a-7337-4e64-9c18-2955e86f2d0d","tags":["fim","lc:stable","windows"],"this":"6373530d7bd58d65c2a465876848d238"},"ts":"2025-06-11 00:47:52"}
{"event":{"EVENT":{"EventData":{"param1":"Windows Modules Installer","param2":"running"},"System":{"Channel":"System","Computer":"windows-server-2022-aac9c41d-e0a3-4e7e-88b8-33936ab93238-0","Correlation":"","EventID":{"Qualifiers":"16384","content":"7036"},"EventRecordID":"83843","Execution":{"ProcessID":"628","ThreadID":"2580"},"Keywords":"0x8080000000000000","Level":"4","Opcode":"0","Provider":{"EventSourceName":"Service Control Manager","Guid":"{555908d1-a6d7-4695-8e1e-26931d2012f4}","Name":"Service Control Manager"},"Security":"","Task":"0","TimeCreated":{"SystemTime":"2025-06-11T00:47:51.3265714Z"},"Version":"0","_event_id":"7036"}}},"routing":{"arch":2,"did":"","event_id":"1da5ca4a-057d-408d-9c71-b6120fa182cb","event_time":1749602872343,"event_type":"WEL","ext_ip":"34.171.104.183","hostname":"windows-server-2022-aac9c41d-e0a3-4e7e-88b8-33936ab93238-0.c.lc-demo-infra.internal.","iid":"09774cc8-cb43-4164-abd3-87230031c142","int_ip":"10.128.15.201","latency":1,"moduleid":2,"oid":"aac9c41d-e0a3-4e7e-88b8-33936ab93238","plat":268435456,"sid":"17b8710a-7337-4e64-9c18-2955e86f2d0d","tags":["fim","lc:stable","windows"],"this":"643a94e7097bb2f178d2f1e76848d238"},"ts":"2025-06-11 00:47:52"}
{"event":{"EVENTS":[{"event":{"BASE_ADDRESS":140694709731328,"COMMAND_LINE":"C:\\Windows\\system32\\lsass.exe","CREATION_TIME":1747280141656,"FILE_IS_SIGNED":1,"FILE_PATH":"C:\\Windows\\system32\\lsass.exe","HASH":"2f5eee700a18d1457bcf1a27b23d721bb762ccfc1e6f82ae7df27cb2e4a88ce5","MEMORY_USAGE":16502784,"PARENT":{"FILE_IS_SIGNED":1,"FILE_PATH":"\\Device\\HarddiskVolume3\\Windows\\System32\\wininit.exe","HASH":"6a427b5aea3c30ba91dc2ed1014561ea9226483e11fb48fc9ede07a42376cf14","MEMORY_USAGE":7421952,"PARENT_PROCESS_ID":408,"PROCESS_ID":488,"THIS_ATOM":"30f4c8d36afcbb0f8b6f1f6b6825611e","THREADS":8,"TIMESTAMP":1747280158426,"USER_NAME":"NT AUTHORITY\\SYSTEM"},"PARENT_PROCESS_ID":488,"PROCESS_ID":648,"THREADS":12,"USER_NAME":"NT AUTHORITY\\SYSTEM"},"routing":{"arch":2,"did":"","event_id":"c9659007-2813-42d0-9946-e41030e52c69","event_time":1747280158614,"event_type":"EXISTING_PROCESS","ext_ip":"34.171.104.183","hostname":"windows-server-2022-aac9c41d-e0a3-4e7e-88b8-33936ab93238-0.c.lc-demo-infra.internal.","iid":"09774cc8-cb43-4164-abd3-87230031c142","int_ip":"10.128.15.201","latency":2322714373,"moduleid":2,"oid":"aac9c41d-e0a3-4e7e-88b8-33936ab93238","parent":"30f4c8d36afcbb0f8b6f1f6b6825611e","plat":268435456,"sid":"17b8710a-7337-4e64-9c18-2955e86f2d0d","tags":["fim","lc:stable","windows"],"this":"e8c31d58de119f51f86baa856825611e"}},{"event":{"ACCESS_FLAGS":4112,"PARENT_PROCESS_ID":5760,"PROCESS_ID":648,"SOURCE":{"BASE_ADDRESS":140699920498688,"COMMAND_LINE":"C:\\Windows\\system32\\rundll32.exe","FILE_IS_SIGNED":1,"FILE_PATH":"C:\\Windows\\system32\\rundll32.exe","HASH":"02f6a04b3373f195152fb1b4aeafe25bf8ef4411dc020c2238c541bcc3dc309b","MEMORY_USAGE":9773056,"PARENT_ATOM":"fdef27258c485456799b40c268256125","PARENT_PROCESS_ID":4576,"PROCESS_ID":5760,"THIS_ATOM":"896f537e416c034db4d60dca6848d238","THREADS":3,"TIMESTAMP":1749602871890,"USER_NAME":"NT AUTHORITY\\SYSTEM"},"TARGET":{"BASE_ADDRESS":140694709731328,"COMMAND_LINE":"C:\\Windows\\system32\\lsass.exe","CREATION_TIME":1747280141656,"FILE_IS_SIGNED":1,"FILE_PATH":"C:\\Windows\\system32\\lsass.exe","HASH":"2f5eee700a18d1457bcf1a27b23d721bb762ccfc1e6f82ae7df27cb2e4a88ce5","MEMORY_USAGE":16502784,"PARENT_ATOM":"30f4c8d36afcbb0f8b6f1f6b6825611e","PARENT_PROCESS_ID":488,"PROCESS_ID":648,"THIS_ATOM":"e8c31d58de119f51f86baa856825611e","THREADS":12,"TIMESTAMP":1747280158614,"USER_NAME":"NT AUTHORITY\\SYSTEM"}},"routing":{"arch":2,"did":"","event_id":"94dfe207-9047-4cf3-8207-d2c8645a1903","event_time":1749602872515,"event_type":"REMOTE_PROCESS_HANDLE","ext_ip":"34.171.104.183","hostname":"windows-server-2022-aac9c41d-e0a3-4e7e-88b8-33936ab93238-0.c.lc-demo-infra.internal.","iid":"09774cc8-cb43-4164-abd3-87230031c142","int_ip":"10.128.15.201","latency":472,"moduleid":2,"oid":"aac9c41d-e0a3-4e7e-88b8-33936ab93238","parent":"896f537e416c034db4d60dca6848d238","plat":268435456,"sid":"17b8710a-7337-4e64-9c18-2955e86f2d0d","tags":["fim","lc:stable","windows"],"target":"e8c31d58de119f51f86baa856825611e","this":"9502b9fe5c6aae010d9867fc6848d238"}}]},"routing":{"arch":2,"did":"","event_id":"eb8aaeac-f125-4828-b2a9-b316919af168","event_time":1749602872983,"event_type":"SENSITIVE_PROCESS_ACCESS","ext_ip":"34.171.104.183","hostname":"windows-server-2022-aac9c41d-e0a3-4e7e-88b8-33936ab93238-0.c.lc-demo-infra.internal.","iid":"09774cc8-cb43-4164-abd3-87230031c142","int_ip":"10.128.15.201","latency":4,"moduleid":2,"oid":"aac9c41d-e0a3-4e7e-88b8-33936ab93238","parent":"896f537e416c034db4d60dca6848d238","plat":268435456,"sid":"17b8710a-7337-4e64-9c18-2955e86f2d0d","tags":["fim","lc:stable","windows"],"target":"e8c31d58de119f51f86baa856825611e","this":"89c76526a42e563c14501d836848d238"},"ts":"2025-06-11 00:47:52"}
{"event":{"PARENT_PROCESS_ID":4576,"PROCESS_ID":5420},"routing":{"arch":2,"did":"","event_id":"2f81584b-419c-4468-8880-20bf21ac52fe","event_time":1749602872140,"event_type":"TERMINATE_PROCESS","ext_ip":"34.171.104.183","hostname":"windows-server-2022-aac9c41d-e0a3-4e7e-88b8-33936ab93238-0.c.lc-demo-infra.internal.","iid":"09774cc8-cb43-4164-abd3-87230031c142","int_ip":"10.128.15.201","latency":4019,"moduleid":2,"oid":"aac9c41d-e0a3-4e7e-88b8-33936ab93238","parent":"c343e82dcceb222ec7930fed6848d236","plat":268435456,"sid":"17b8710a-7337-4e64-9c18-2955e86f2d0d","tags":["fim","lc:stable","windows"],"this":"bd892016ff8684d91e5e1b336848d23c"},"ts":"2025-06-11 00:47:52"}
{"event":{"PARENT_PROCESS_ID":5420,"PROCESS_ID":6424},"routing":{"arch":2,"did":"","event_id":"415614ff-565f-4df9-b069-cf58a1349609","event_time":1749602872140,"event_type":"TERMINATE_PROCESS","ext_ip":"34.171.104.183","hostname":"windows-server-2022-aac9c41d-e0a3-4e7e-88b8-33936ab93238-0.c.lc-demo-infra.internal.","iid":"09774cc8-cb43-4164-abd3-87230031c142","int_ip":"10.128.15.201","latency":4019,"moduleid":2,"oid":"aac9c41d-e0a3-4e7e-88b8-33936ab93238","parent":"6dc6872c1456569191c330ba6848d236","plat":268435456,"sid":"17b8710a-7337-4e64-9c18-2955e86f2d0d","tags":["fim","lc:stable","windows"],"this":"23829304c38abe8a636cd4a96848d23c"},"ts":"2025-06-11 00:47:52"}
{"event":{"PARENT_PROCESS_ID":5420,"PROCESS_ID":5352},"routing":{"arch":2,"did":"","event_id":"d5b6f0b0-05c1-495b-9dd5-4656e83f9ee8","event_time":1749602872140,"event_type":"TERMINATE_PROCESS","ext_ip":"34.171.104.183","hostname":"windows-server-2022-aac9c41d-e0a3-4e7e-88b8-33936ab93238-0.c.lc-demo-infra.internal.","iid":"09774cc8-cb43-4164-abd3-87230031c142","int_ip":"10.128.15.201","latency":4019,"moduleid":2,"oid":"aac9c41d-e0a3-4e7e-88b8-33936ab93238","parent":"0ae22a6125fc69244e5b403b6848d236","plat":268435456,"sid":"17b8710a-7337-4e64-9c18-2955e86f2d0d","tags":["fim","lc:stable","windows"],"this":"d13a597199f7a4f7f0b02f1e6848d23c"},"ts":"2025-06-11 00:47:52"}
{"event":{"PARENT_PROCESS_ID":5420,"PROCESS_ID":6552},"routing":{"arch":2,"did":"","event_id":"939d96e7-89d1-4a19-b4e8-03d8b77b5daa","event_time":1749602872140,"event_type":"TERMINATE_PROCESS","ext_ip":"34.171.104.183","hostname":"windows-server-2022-aac9c41d-e0a3-4e7e-88b8-33936ab93238-0.c.lc-demo-infra.internal.","iid":"09774cc8-cb43-4164-abd3-87230031c142","int_ip":"10.128.15.201","latency":4020,"moduleid":2,"oid":"aac9c41d-e0a3-4e7e-88b8-33936ab93238","parent":"4252ecd41387d011d63d49036848d236","plat":268435456,"sid":"17b8710a-7337-4e64-9c18-2955e86f2d0d","tags":["fim","lc:stable","windows"],"this":"c02a73ba295700f2dd9b85516848d23c"},"ts":"2025-06-11 00:47:52"}
{"event":{"PARENT_PROCESS_ID":4576,"PROCESS_ID":8972},"routing":{"arch":2,"did":"","event_id":"f549fc36-481c-41eb-8ab4-1687d8005fbb","event_time":1749602872140,"event_type":"TERMINATE_PROCESS","ext_ip":"34.171.104.183","hostname":"windows-server-2022-aac9c41d-e0a3-4e7e-88b8-33936ab93238-0.c.lc-demo-infra.internal.","iid":"09774cc8-cb43-4164-abd3-87230031c142","int_ip":"10.128.15.201","latency":4020,"moduleid":2,"oid":"aac9c41d-e0a3-4e7e-88b8-33936ab93238","parent":"ddfc564bc27480f8b0c52cc96848d236","plat":268435456,"sid":"17b8710a-7337-4e64-9c18-2955e86f2d0d","tags":["fim","lc:stable","windows"],"this":"dc5a23231d9d56047e7a7c516848d23c"},"ts":"2025-06-11 00:47:52"}
{"event":{"PARENT_PROCESS_ID":8972,"PROCESS_ID":5628},"routing":{"arch":2,"did":"","event_id":"7dd4109a-15df-4d0b-a202-b8722f6d99bf","event_time":1749602872140,"event_type":"TERMINATE_PROCESS","ext_ip":"34.171.104.183","hostname":"windows-server-2022-aac9c41d-e0a3-4e7e-88b8-33936ab93238-0.c.lc-demo-infra.internal.","iid":"09774cc8-cb43-4164-abd3-87230031c142","int_ip":"10.128.15.201","latency":4020,"moduleid":2,"oid":"aac9c41d-e0a3-4e7e-88b8-33936ab93238","parent":"26223bc47796851f899eab326848d236","plat":268435456,"sid":"17b8710a-7337-4e64-9c18-2955e86f2d0d","tags":["fim","lc:stable","windows"],"this":"db3bb3029fd55f1dca5774776848d23c"},"ts":"2025-06-11 00:47:52"}
{"event":{"PARENT_PROCESS_ID":8972,"PROCESS_ID":5004},"routing":{"arch":2,"did":"","event_id":"8bc9e373-aeac-4f36-befb-9517e0235080","event_time":1749602872140,"event_type":"TERMINATE_PROCESS","ext_ip":"34.171.104.183","hostname":"windows-server-2022-aac9c41d-e0a3-4e7e-88b8-33936ab93238-0.c.lc-demo-infra.internal.","iid":"09774cc8-cb43-4164-abd3-87230031c142","int_ip":"10.128.15.201","latency":4020,"moduleid":2,"oid":"aac9c41d-e0a3-4e7e-88b8-33936ab93238","parent":"bbb383352d9a98afddec354d6848d236","plat":268435456,"sid":"17b8710a-7337-4e64-9c18-2955e86f2d0d","tags":["fim","lc:stable","windows"],"this":"ca1ecca9c335c42eba3a59fc6848d23c"},"ts":"2025-06-11 00:47:52"}
{"event":{"BASE_ADDRESS":140698767654912,"COMMAND_LINE":"C:\\Windows\\system32\\wbem\\wmiprvse.exe -secured -Embedding","FILE_IS_SIGNED":1,"FILE_PATH":"C:\\Windows\\system32\\wbem\\wmiprvse.exe","HASH":"1792731e030b7fe35a7eb21c9f907eae6e4ac381de918003f2709185c4ce0a5a","MEMORY_USAGE":8867840,"PARENT":{"BASE_ADDRESS":140699902017536,"COMMAND_LINE":"C:\\Windows\\system32\\svchost.exe -k DcomLaunch -p","CREATION_TIME":1747280142240,"FILE_IS_SIGNED":1,"FILE_PATH":"C:\\Windows\\system32\\svchost.exe","HASH":"d7f10571f58adbe122f615b869eb42b05286770148067cbf88054c38f1bca4c4","MEMORY_USAGE":14282752,"PARENT_ATOM":"b56d4120493c4260490c5b186825611e","PARENT_PROCESS_ID":628,"PROCESS_ID":756,"THIS_ATOM":"32ab94087088c4967913285d68256120","THREADS":15,"TIMESTAMP":1747280160281,"USER_NAME":"NT AUTHORITY\\SYSTEM"},"PARENT_PROCESS_ID":756,"PROCESS_ID":8708,"THREADS":8,"USER_NAME":"NT AUTHORITY\\LOCAL SERVICE"},"routing":{"arch":2,"did":"","event_id":"18ec8e34-8254-465d-bf8c-56ca1bbb7762","event_time":1749602871226,"event_type":"NEW_PROCESS","ext_ip":"34.171.104.183","hostname":"windows-server-2022-aac9c41d-e0a3-4e7e-88b8-33936ab93238-0.c.lc-demo-infra.internal.","iid":"09774cc8-cb43-4164-abd3-87230031c142","int_ip":"10.128.15.201","latency":575,"moduleid":2,"oid":"aac9c41d-e0a3-4e7e-88b8-33936ab93238","parent":"32ab94087088c4967913285d68256120","plat":268435456,"sid":"17b8710a-7337-4e64-9c18-2955e86f2d0d","tags":["fim","lc:stable","windows"],"this":"ece5393377d7f5bf7a0c1d026848d237"},"ts":"2025-06-11 00:47:51"}
{"event":{"BASE_ADDRESS":140698117144576,"COMMAND_LINE":"C:\\Windows\\servicing\\TrustedInstaller.exe","FILE_IS_SIGNED":1,"FILE_PATH":"C:\\Windows\\servicing\\TrustedInstaller.exe","HASH":"ecbddd355d829c616b3936887a77638806c589fb2ca8bd13aa75de2c549c2c3a","MEMORY_USAGE":7966720,"PARENT":{"FILE_IS_SIGNED":1,"FILE_PATH":"\\Device\\HarddiskVolume3\\Windows\\System32\\services.exe","HASH":"61480752127c47ea71a61217dd2d46fda104b0b48af9905ded6c607b946da3d1","MEMORY_USAGE":9588736,"PARENT_ATOM":"30f4c8d36afcbb0f8b6f1f6b6825611e","PARENT_PROCESS_ID":488,"PROCESS_ID":628,"THIS_ATOM":"b56d4120493c4260490c5b186825611e","THREADS":37,"TIMESTAMP":1747280158567,"USER_NAME":"NT AUTHORITY\\SYSTEM"},"PARENT_PROCESS_ID":628,"PROCESS_ID":4928,"THREADS":8,"USER_NAME":"NT AUTHORITY\\SYSTEM"},"routing":{"arch":2,"did":"","event_id":"0e01a64d-a1ff-4cf2-9fe1-89698c5e4fc3","event_time":1749602871310,"event_type":"NEW_PROCESS","ext_ip":"34.171.104.183","hostname":"windows-server-2022-aac9c41d-e0a3-4e7e-88b8-33936ab93238-0.c.lc-demo-infra.internal.","iid":"09774cc8-cb43-4164-abd3-87230031c142","int_ip":"10.128.15.201","latency":498,"moduleid":2,"oid":"aac9c41d-e0a3-4e7e-88b8-33936ab93238","parent":"b56d4120493c4260490c5b186825611e","plat":268435456,"sid":"17b8710a-7337-4e64-9c18-2955e86f2d0d","tags":["fim","lc:stable","windows"],"this":"8777ac1d9e4249d92d1f90f16848d237"},"ts":"2025-06-11 00:47:51"}
{"event":{"ACTION":"modified","FILE_PATH":"C:\\Windows\\Logs\\CBS\\CBS.log","HASH":"710d254527fc6a7053fb0614e5431887b847d9c47e852fce744cc22bb4d0b323","PROCESS":{"BASE_ADDRESS":140698117144576,"COMMAND_LINE":"C:\\Windows\\servicing\\TrustedInstaller.exe","FILE_IS_SIGNED":1,"FILE_PATH":"C:\\Windows\\servicing\\TrustedInstaller.exe","HASH":"ecbddd355d829c616b3936887a77638806c589fb2ca8bd13aa75de2c549c2c3a","MEMORY_USAGE":7966720,"PARENT_ATOM":"b56d4120493c4260490c5b186825611e","PARENT_PROCESS_ID":628,"PROCESS_ID":4928,"THIS_ATOM":"8777ac1d9e4249d92d1f90f16848d237","THREADS":8,"TIMESTAMP":1749602871310,"USER_NAME":"NT AUTHORITY\\SYSTEM"},"PROCESS_ID":4928},"routing":{"arch":2,"did":"","event_id":"dc2c9411-8abe-467e-8852-af8583074ae6","event_time":1749602871326,"event_type":"FIM_HIT","ext_ip":"34.171.104.183","hostname":"windows-server-2022-aac9c41d-e0a3-4e7e-88b8-33936ab93238-0.c.lc-demo-infra.internal.","iid":"09774cc8-cb43-4164-abd3-87230031c142","int_ip":"10.128.15.201","latency":569,"moduleid":2,"oid":"aac9c41d-e0a3-4e7e-88b8-33936ab93238","parent":"8777ac1d9e4249d92d1f90f16848d237","plat":268435456,"sid":"17b8710a-7337-4e64-9c18-2955e86f2d0d","tags":["fim","lc:stable","windows"],"this":"471d9ea352eb5527be97108c6848d237"},"ts":"2025-06-11 00:47:51"}
{"event":{"BASE_ADDRESS":140699317829632,"COMMAND_LINE":"C:\\Windows\\winsxs\\amd64_microsoft-windows-servicingstack_31bf3856ad364e35_10.0.20348.3691_none_b1bc9560f9934ed7\\TiWorker.exe -Embedding","FILE_IS_SIGNED":1,"FILE_PATH":"C:\\Windows\\winsxs\\amd64_microsoft-windows-servicingstack_31bf3856ad364e35_10.0.20348.3691_none_b1bc9560f9934ed7\\TiWorker.exe","HASH":"08301a417991545830b55eacf276dd3d47ad0a1559ae477c34a65031c4de3caf","MEMORY_USAGE":14659584,"PARENT":{"BASE_ADDRESS":140699902017536,"COMMAND_LINE":"C:\\Windows\\system32\\svchost.exe -k DcomLaunch -p","CREATION_TIME":1747280142240,"FILE_IS_SIGNED":1,"FILE_PATH":"C:\\Windows\\system32\\svchost.exe","HASH":"d7f10571f58adbe122f615b869eb42b05286770148067cbf88054c38f1bca4c4","MEMORY_USAGE":14282752,"PARENT_ATOM":"b56d4120493c4260490c5b186825611e","PARENT_PROCESS_ID":628,"PROCESS_ID":756,"THIS_ATOM":"32ab94087088c4967913285d68256120","THREADS":15,"TIMESTAMP":1747280160281,"USER_NAME":"NT AUTHORITY\\SYSTEM"},"PARENT_PROCESS_ID":756,"PROCESS_ID":4176,"THREADS":8,"USER_NAME":"NT AUTHORITY\\SYSTEM"},"routing":{"arch":2,"did":"","event_id":"8446d4ce-5a2e-4dba-890a-c0789eddf7d2","event_time":1749602871342,"event_type":"NEW_PROCESS","ext_ip":"34.171.104.183","hostname":"windows-server-2022-aac9c41d-e0a3-4e7e-88b8-33936ab93238-0.c.lc-demo-infra.internal.","iid":"09774cc8-cb43-4164-abd3-87230031c142","int_ip":"10.128.15.201","latency":558,"moduleid":2,"oid":"aac9c41d-e0a3-4e7e-88b8-33936ab93238","parent":"32ab94087088c4967913285d68256120","plat":268435456,"sid":"17b8710a-7337-4e64-9c18-2955e86f2d0d","tags":["fim","lc:stable","windows"],"this":"fc24472b0dd67983ebe5dfbd6848d237"},"ts":"2025-06-11 00:47:51"}
{"event":{"ACTION":"modified","FILE_PATH":"C:\\Windows\\Logs\\CBS\\CBS.log","HASH":"710d254527fc6a7053fb0614e5431887b847d9c47e852fce744cc22bb4d0b323","PROCESS":{"BASE_ADDRESS":140699317829632,"COMMAND_LINE":"C:\\Windows\\winsxs\\amd64_microsoft-windows-servicingstack_31bf3856ad364e35_10.0.20348.3691_none_b1bc9560f9934ed7\\TiWorker.exe -Embedding","FILE_IS_SIGNED":1,"FILE_PATH":"C:\\Windows\\winsxs\\amd64_microsoft-windows-servicingstack_31bf3856ad364e35_10.0.20348.3691_none_b1bc9560f9934ed7\\TiWorker.exe","HASH":"08301a417991545830b55eacf276dd3d47ad0a1559ae477c34a65031c4de3caf","MEMORY_USAGE":14659584,"PARENT_ATOM":"32ab94087088c4967913285d68256120","PARENT_PROCESS_ID":756,"PROCESS_ID":4176,"THIS_ATOM":"fc24472b0dd67983ebe5dfbd6848d237","THREADS":8,"TIMESTAMP":1749602871342,"USER_NAME":"NT AUTHORITY\\SYSTEM"},"PROCESS_ID":4176},"routing":{"arch":2,"did":"","event_id":"b9697661-f80b-4ac1-8985-487536f67167","event_time":1749602871357,"event_type":"FIM_HIT","ext_ip":"34.171.104.183","hostname":"windows-server-2022-aac9c41d-e0a3-4e7e-88b8-33936ab93238-0.c.lc-demo-infra.internal.","iid":"09774cc8-cb43-4164-abd3-87230031c142","int_ip":"10.128.15.201","latency":596,"moduleid":2,"oid":"aac9c41d-e0a3-4e7e-88b8-33936ab93238","parent":"fc24472b0dd67983ebe5dfbd6848d237","plat":268435456,"sid":"17b8710a-7337-4e64-9c18-2955e86f2d0d","tags":["fim","lc:stable","windows"],"this":"6a744b4d6c6edf24d2b4f3cb6848d237"},"ts":"2025-06-11 00:47:51"}
{"event":{"BASE_ADDRESS":140699920498688,"COMMAND_LINE":"C:\\Windows\\system32\\rundll32.exe","FILE_IS_SIGNED":1,"FILE_PATH":"C:\\Windows\\system32\\rundll32.exe","HASH":"02f6a04b3373f195152fb1b4aeafe25bf8ef4411dc020c2238c541bcc3dc309b","MEMORY_USAGE":9773056,"PARENT":{"BASE_ADDRESS":140699920498688,"COMMAND_LINE":"C:\\Windows\\System32\\rundll32.exe","FILE_IS_SIGNED":1,"FILE_PATH":"C:\\Windows\\System32\\rundll32.exe","HASH":"02f6a04b3373f195152fb1b4aeafe25bf8ef4411dc020c2238c541bcc3dc309b","MEMORY_USAGE":10584064,"PARENT_ATOM":"ea0e323ff091a2712a29c65f68256125","PARENT_PROCESS_ID":4432,"PROCESS_ID":4576,"THIS_ATOM":"fdef27258c485456799b40c268256125","THREADS":6,"TIMESTAMP":1747280158786,"USER_NAME":"NT AUTHORITY\\SYSTEM"},"PARENT_PROCESS_ID":4576,"PROCESS_ID":5760,"THREADS":3,"USER_NAME":"NT AUTHORITY\\SYSTEM"},"routing":{"arch":2,"did":"","event_id":"3c858839-c7f4-40d8-8f7f-7aac7fa75de7","event_time":1749602871890,"event_type":"NEW_PROCESS","ext_ip":"34.171.104.183","hostname":"windows-server-2022-aac9c41d-e0a3-4e7e-88b8-33936ab93238-0.c.lc-demo-infra.internal.","iid":"09774cc8-cb43-4164-abd3-87230031c142","int_ip":"10.128.15.201","latency":1095,"moduleid":2,"oid":"aac9c41d-e0a3-4e7e-88b8-33936ab93238","parent":"fdef27258c485456799b40c268256125","plat":268435456,"sid":"17b8710a-7337-4e64-9c18-2955e86f2d0d","tags":["fim","lc:stable","windows"],"this":"896f537e416c034db4d60dca6848d238"},"ts":"2025-06-11 00:47:51"}
{"event":{"COMMAND_LINE":"C:\\Windows\\System32\\svchost.exe -k termsvcs -s TermService","CREATION_TIME":1747280142928,"FILE_IS_SIGNED":1,"FILE_PATH":"C:\\Windows\\System32\\svchost.exe","HASH":"d7f10571f58adbe122f615b869eb42b05286770148067cbf88054c38f1bca4c4","NETWORK_ACTIVITY":[{"DESTINATION":{"IP_ADDRESS":"10.128.15.201","PORT":3389},"IS_OUTGOING":0,"PROTOCOL":"tcp4","SOURCE":{"IP_ADDRESS":"23.97.176.32","PORT":1856},"TIMESTAMP":1749602844835},{"DESTINATION":{"IP_ADDRESS":"10.128.15.201","PORT":3389},"IS_OUTGOING":0,"PROTOCOL":"tcp4","SOURCE":{"IP_ADDRESS":"102.88.21.217","PORT":52829},"TIMESTAMP":1749602863881}],"PARENT_PROCESS_ID":628,"PROCESS_ID":1000,"USER_NAME":"NT AUTHORITY\\NETWORK SERVICE"},"routing":{"arch":2,"did":"","event_id":"aa67b82c-23b6-44f0-927c-3b1e610db258","event_time":1749602870825,"event_type":"NETWORK_CONNECTIONS","ext_ip":"34.171.104.183","hostname":"windows-server-2022-aac9c41d-e0a3-4e7e-88b8-33936ab93238-0.c.lc-demo-infra.internal.","iid":"09774cc8-cb43-4164-abd3-87230031c142","int_ip":"10.128.15.201","latency":1,"moduleid":2,"oid":"aac9c41d-e0a3-4e7e-88b8-33936ab93238","parent":"05ab479aa6538d9ae515552b68256120","plat":268435456,"sid":"17b8710a-7337-4e64-9c18-2955e86f2d0d","tags":["fim","lc:stable","windows"],"this":"76b87d919681a0e768fc0f7c6848d236"},"ts":"2025-06-11 00:47:50"}
{"event":{"COMMAND_LINE":"C:\\Windows\\System32\\rundll32.exe","FILE_IS_SIGNED":1,"FILE_PATH":"C:\\Windows\\System32\\rundll32.exe","HASH":"02f6a04b3373f195152fb1b4aeafe25bf8ef4411dc020c2238c541bcc3dc309b","NETWORK_ACTIVITY":[{"DESTINATION":{"IP_ADDRESS":"35.232.8.38","PORT":80},"IS_OUTGOING":1,"PROTOCOL":"tcp4","SOURCE":{"IP_ADDRESS":"10.128.15.201","PORT":62008},"TIMESTAMP":1749602869087}],"PARENT_PROCESS_ID":4432,"PROCESS_ID":4576,"USER_NAME":"NT AUTHORITY\\SYSTEM"},"routing":{"arch":2,"did":"","event_id":"02fd084f-3f03-4785-bfe6-fe5b83c88470","event_time":1749602870825,"event_type":"NETWORK_CONNECTIONS","ext_ip":"34.171.104.183","hostname":"windows-server-2022-aac9c41d-e0a3-4e7e-88b8-33936ab93238-0.c.lc-demo-infra.internal.","iid":"09774cc8-cb43-4164-abd3-87230031c142","int_ip":"10.128.15.201","latency":2,"moduleid":2,"oid":"aac9c41d-e0a3-4e7e-88b8-33936ab93238","parent":"fdef27258c485456799b40c268256125","plat":268435456,"sid":"17b8710a-7337-4e64-9c18-2955e86f2d0d","tags":["fim","lc:stable","windows"],"this":"d4fc6b3eecfe453970f084c16848d236"},"ts":"2025-06-11 00:47:50"}
