{"event":{"COMMAND_LINE":"\"C:\\Program Files\\Google\\OSConfig\\google_osconfig_agent.exe\" wuaupdates IsInstalled=1","FILE_IS_SIGNED":1,"FILE_PATH":"C:\\Program Files\\Google\\OSConfig\\google_osconfig_agent.exe","HASH":"7c9caadf107fd9ace6dfe11c04fbea55794c0a61360c28c4c2715c3c296c7e6a","PARENT":{"BASE_ADDRESS":5570560,"COMMAND_LINE":"\"C:\\Program Files\\Google\\OSConfig\\google_osconfig_agent.exe\"","CREATION_TIME":1734629977340,"FILE_IS_SIGNED":1,"FILE_PATH":"C:\\Program Files\\Google\\OSConfig\\google_osconfig_agent.exe","HASH":"7c9caadf107fd9ace6dfe11c04fbea55794c0a61360c28c4c2715c3c296c7e6a","MEMORY_USAGE":8740864,"PARENT_ATOM":"132cae85f72455fc640afd1a6818de5e","PARENT_PROCESS_ID":624,"PROCESS_ID":1688,"THIS_ATOM":"8ad559d685b23631a0e32a616818de5f","THREADS":10,"TIMESTAMP":1746460255992,"USER_NAME":"NT AUTHORITY\\SYSTEM"},"PARENT_PROCESS_ID":1688,"PROCESS_ID":19100},"routing":{"arch":2,"did":"","event_id":"35516b87-2023-4f8b-b0a3-2813977a8ada","event_time":1749602669574,"event_type":"NEW_PROCESS","ext_ip":"34.58.90.170","hostname":"desktop-c2a1841.c.lc-demo-infra.internal.","iid":"09774cc8-cb43-4164-abd3-87230031c142","int_ip":"10.128.15.200","latency":242,"moduleid":2,"oid":"aac9c41d-e0a3-4e7e-88b8-33936ab93238","parent":"8ad559d685b23631a0e32a616818de5f","plat":268435456,"sid":"c4ba6121-d13d-4871-82f8-4b5c5556761e","tags":["lc:testtag","windows"],"this":"a030833a12fba2ada5a770156848d16d"},"ts":"2025-06-11 00:44:29"}
{"event":{"COMMAND_LINE":"\\??\\C:\\Windows\\system32\\conhost.exe 0xffffffff -ForceV1","FILE_IS_SIGNED":1,"FILE_PATH":"C:\\Windows\\System32\\Conhost.exe","HASH":"3c1c6d813d2b031d988204155fc198fe4f32ff56c05dabbcfcd5486131f4fb9d","PARENT":{"COMMAND_LINE":"\"C:\\Program Files\\Google\\OSConfig\\google_osconfig_agent.exe\" wuaupdates IsInstalled=1","FILE_IS_SIGNED":1,"FILE_PATH":"C:\\Program Files\\Google\\OSConfig\\google_osconfig_agent.exe","HASH":"7c9caadf107fd9ace6dfe11c04fbea55794c0a61360c28c4c2715c3c296c7e6a","PARENT_ATOM":"8ad559d685b23631a0e32a616818de5f","PARENT_PROCESS_ID":1688,"PROCESS_ID":19100,"THIS_ATOM":"a030833a12fba2ada5a770156848d16d","TIMESTAMP":1749602669574},"PARENT_PROCESS_ID":19100,"PROCESS_ID":17900},"routing":{"arch":2,"did":"","event_id":"9862c152-f106-4570-bd69-72f7af87eebf","event_time":1749602669578,"event_type":"NEW_PROCESS","ext_ip":"34.58.90.170","hostname":"desktop-c2a1841.c.lc-demo-infra.internal.","iid":"09774cc8-cb43-4164-abd3-87230031c142","int_ip":"10.128.15.200","latency":268,"moduleid":2,"oid":"aac9c41d-e0a3-4e7e-88b8-33936ab93238","parent":"a030833a12fba2ada5a770156848d16d","plat":268435456,"sid":"c4ba6121-d13d-4871-82f8-4b5c5556761e","tags":["lc:testtag","windows"],"this":"8ea6e719a1450e6d2f50bf9d6848d16d"},"ts":"2025-06-11 00:44:29"}
{"event":{"DNS_TYPE":1,"DOMAIN_NAME":"us-central1-a-osconfig.googleapis.com","IP_ADDRESS":"74.125.201.95","MESSAGE_ID":53259,"PROCESS_ID":1912},"routing":{"arch":2,"did":"","event_id":"22e16021-5647-4b7c-b3b6-977d0bfc776f","event_time":1749602669345,"event_type":"DNS_REQUEST","ext_ip":"34.58.90.170","hostname":"desktop-c2a1841.c.lc-demo-infra.internal.","iid":"09774cc8-cb43-4164-abd3-87230031c142","int_ip":"10.128.15.200","latency":639,"moduleid":2,"oid":"aac9c41d-e0a3-4e7e-88b8-33936ab93238","parent":"5e6b7b034a93c77d07a534f16818de60","plat":268435456,"sid":"c4ba6121-d13d-4871-82f8-4b5c5556761e","tags":["lc:testtag","windows"],"this":"97566d25dbfaf70c2bcd53d86848d16d"},"ts":"2025-06-11 00:44:29"}
{"event":{"DNS_TYPE":1,"DOMAIN_NAME":"us-central1-a-osconfig.googleapis.com","IP_ADDRESS":"74.125.202.95","MESSAGE_ID":53259,"PROCESS_ID":1912},"routing":{"arch":2,"did":"","event_id":"273f4b72-2ee9-4267-8f6e-053fbfb6a038","event_time":1749602669345,"event_type":"DNS_REQUEST","ext_ip":"34.58.90.170","hostname":"desktop-c2a1841.c.lc-demo-infra.internal.","iid":"09774cc8-cb43-4164-abd3-87230031c142","int_ip":"10.128.15.200","latency":639,"moduleid":2,"oid":"aac9c41d-e0a3-4e7e-88b8-33936ab93238","parent":"5e6b7b034a93c77d07a534f16818de60","plat":268435456,"sid":"c4ba6121-d13d-4871-82f8-4b5c5556761e","tags":["lc:testtag","windows"],"this":"987e1819e33a91df43b793356848d16d"},"ts":"2025-06-11 00:44:29"}
{"event":{"DNS_TYPE":1,"DOMAIN_NAME":"us-central1-a-osconfig.googleapis.com","IP_ADDRESS":"74.125.69.95","MESSAGE_ID":53259,"PROCESS_ID":1912},"routing":{"arch":2,"did":"","event_id":"d8f1c167-69ac-411c-b05c-d001e589f030","event_time":1749602669345,"event_type":"DNS_REQUEST","ext_ip":"34.58.90.170","hostname":"desktop-c2a1841.c.lc-demo-infra.internal.","iid":"09774cc8-cb43-4164-abd3-87230031c142","int_ip":"10.128.15.200","latency":639,"moduleid":2,"oid":"aac9c41d-e0a3-4e7e-88b8-33936ab93238","parent":"5e6b7b034a93c77d07a534f16818de60","plat":268435456,"sid":"c4ba6121-d13d-4871-82f8-4b5c5556761e","tags":["lc:testtag","windows"],"this":"471676d10985b692bd63fd8b6848d16d"},"ts":"2025-06-11 00:44:29"}
{"event":{"DNS_TYPE":1,"DOMAIN_NAME":"us-central1-a-osconfig.googleapis.com","IP_ADDRESS":"64.233.181.95","MESSAGE_ID":53259,"PROCESS_ID":1912},"routing":{"arch":2,"did":"","event_id":"f06dae66-1159-4250-b892-a9f8db102620","event_time":1749602669345,"event_type":"DNS_REQUEST","ext_ip":"34.58.90.170","hostname":"desktop-c2a1841.c.lc-demo-infra.internal.","iid":"09774cc8-cb43-4164-abd3-87230031c142","int_ip":"10.128.15.200","latency":639,"moduleid":2,"oid":"aac9c41d-e0a3-4e7e-88b8-33936ab93238","parent":"5e6b7b034a93c77d07a534f16818de60","plat":268435456,"sid":"c4ba6121-d13d-4871-82f8-4b5c5556761e","tags":["lc:testtag","windows"],"this":"67b3b8ff8e66e61450821a116848d16d"},"ts":"2025-06-11 00:44:29"}
{"event":{"DNS_TYPE":1,"DOMAIN_NAME":"us-central1-a-osconfig.googleapis.com","IP_ADDRESS":"142.251.183.95","MESSAGE_ID":53259,"PROCESS_ID":1912},"routing":{"arch":2,"did":"","event_id":"e92f4613-c1b4-4f7f-b1ea-25d6270e22b2","event_time":1749602669345,"event_type":"DNS_REQUEST","ext_ip":"34.58.90.170","hostname":"desktop-c2a1841.c.lc-demo-infra.internal.","iid":"09774cc8-cb43-4164-abd3-87230031c142","int_ip":"10.128.15.200","latency":639,"moduleid":2,"oid":"aac9c41d-e0a3-4e7e-88b8-33936ab93238","parent":"5e6b7b034a93c77d07a534f16818de60","plat":268435456,"sid":"c4ba6121-d13d-4871-82f8-4b5c5556761e","tags":["lc:testtag","windows"],"this":"fb48d4ac1c466d3334b1890b6848d16d"},"ts":"2025-06-11 00:44:29"}
{"event":{"DNS_TYPE":1,"DOMAIN_NAME":"us-central1-a-osconfig.googleapis.com","IP_ADDRESS":"64.233.179.95","MESSAGE_ID":53259,"PROCESS_ID":1912},"routing":{"arch":2,"did":"","event_id":"ca2d2f91-25b4-46e5-b62e-fbfe6d02e037","event_time":1749602669345,"event_type":"DNS_REQUEST","ext_ip":"34.58.90.170","hostname":"desktop-c2a1841.c.lc-demo-infra.internal.","iid":"09774cc8-cb43-4164-abd3-87230031c142","int_ip":"10.128.15.200","latency":640,"moduleid":2,"oid":"aac9c41d-e0a3-4e7e-88b8-33936ab93238","parent":"5e6b7b034a93c77d07a534f16818de60","plat":268435456,"sid":"c4ba6121-d13d-4871-82f8-4b5c5556761e","tags":["lc:testtag","windows"],"this":"3f8199ab5b45f96127cb2aad6848d16d"},"ts":"2025-06-11 00:44:29"}
{"event":{"DNS_TYPE":1,"DOMAIN_NAME":"us-central1-a-osconfig.googleapis.com","IP_ADDRESS":"173.194.193.95","MESSAGE_ID":53259,"PROCESS_ID":1912},"routing":{"arch":2,"did":"","event_id":"be40e3eb-cce0-4d66-b27a-554480705539","event_time":1749602669345,"event_type":"DNS_REQUEST","ext_ip":"34.58.90.170","hostname":"desktop-c2a1841.c.lc-demo-infra.internal.","iid":"09774cc8-cb43-4164-abd3-87230031c142","int_ip":"10.128.15.200","latency":640,"moduleid":2,"oid":"aac9c41d-e0a3-4e7e-88b8-33936ab93238","parent":"5e6b7b034a93c77d07a534f16818de60","plat":268435456,"sid":"c4ba6121-d13d-4871-82f8-4b5c5556761e","tags":["lc:testtag","windows"],"this":"e22d052c49e0a08ebc0360056848d16d"},"ts":"2025-06-11 00:44:29"}
{"event":{"DNS_TYPE":1,"DOMAIN_NAME":"us-central1-a-osconfig.googleapis.com","IP_ADDRESS":"173.194.194.95","MESSAGE_ID":53259,"PROCESS_ID":1912},"routing":{"arch":2,"did":"","event_id":"869db282-532a-4680-a4c1-57f298b682ba","event_time":1749602669345,"event_type":"DNS_REQUEST","ext_ip":"34.58.90.170","hostname":"desktop-c2a1841.c.lc-demo-infra.internal.","iid":"09774cc8-cb43-4164-abd3-87230031c142","int_ip":"10.128.15.200","latency":640,"moduleid":2,"oid":"aac9c41d-e0a3-4e7e-88b8-33936ab93238","parent":"5e6b7b034a93c77d07a534f16818de60","plat":268435456,"sid":"c4ba6121-d13d-4871-82f8-4b5c5556761e","tags":["lc:testtag","windows"],"this":"2b5925dbb68790b0ddfa5f6c6848d16d"},"ts":"2025-06-11 00:44:29"}
{"event":{"DNS_TYPE":1,"DOMAIN_NAME":"us-central1-a-osconfig.googleapis.com","IP_ADDRESS":"173.194.195.95","MESSAGE_ID":53259,"PROCESS_ID":1912},"routing":{"arch":2,"did":"","event_id":"eaa8ba73-c620-45a1-bf89-60f506e99d8f","event_time":1749602669345,"event_type":"DNS_REQUEST","ext_ip":"34.58.90.170","hostname":"desktop-c2a1841.c.lc-demo-infra.internal.","iid":"09774cc8-cb43-4164-abd3-87230031c142","int_ip":"10.128.15.200","latency":640,"moduleid":2,"oid":"aac9c41d-e0a3-4e7e-88b8-33936ab93238","parent":"5e6b7b034a93c77d07a534f16818de60","plat":268435456,"sid":"c4ba6121-d13d-4871-82f8-4b5c5556761e","tags":["lc:testtag","windows"],"this":"05cdc28a8b62e082a9cf580a6848d16d"},"ts":"2025-06-11 00:44:29"}
{"event":{"DNS_TYPE":1,"DOMAIN_NAME":"us-central1-a-osconfig.googleapis.com","IP_ADDRESS":"172.217.214.95","MESSAGE_ID":53259,"PROCESS_ID":1912},"routing":{"arch":2,"did":"","event_id":"6f4e6292-cca0-455b-8c28-4cff863f45d7","event_time":1749602669345,"event_type":"DNS_REQUEST","ext_ip":"34.58.90.170","hostname":"desktop-c2a1841.c.lc-demo-infra.internal.","iid":"09774cc8-cb43-4164-abd3-87230031c142","int_ip":"10.128.15.200","latency":640,"moduleid":2,"oid":"aac9c41d-e0a3-4e7e-88b8-33936ab93238","parent":"5e6b7b034a93c77d07a534f16818de60","plat":268435456,"sid":"c4ba6121-d13d-4871-82f8-4b5c5556761e","tags":["lc:testtag","windows"],"this":"f4dc95f5711a902a369554de6848d16d"},"ts":"2025-06-11 00:44:29"}
{"event":{"DNS_TYPE":1,"DOMAIN_NAME":"us-central1-a-osconfig.googleapis.com","IP_ADDRESS":"142.251.184.95","MESSAGE_ID":53259,"PROCESS_ID":1912},"routing":{"arch":2,"did":"","event_id":"0b3c022c-86b2-46c5-9e01-8856377c0676","event_time":1749602669345,"event_type":"DNS_REQUEST","ext_ip":"34.58.90.170","hostname":"desktop-c2a1841.c.lc-demo-infra.internal.","iid":"09774cc8-cb43-4164-abd3-87230031c142","int_ip":"10.128.15.200","latency":641,"moduleid":2,"oid":"aac9c41d-e0a3-4e7e-88b8-33936ab93238","parent":"5e6b7b034a93c77d07a534f16818de60","plat":268435456,"sid":"c4ba6121-d13d-4871-82f8-4b5c5556761e","tags":["lc:testtag","windows"],"this":"a5e649cfe403bb6ac84100dc6848d16d"},"ts":"2025-06-11 00:44:29"}
{"event":{"DNS_TYPE":1,"DOMAIN_NAME":"us-central1-a-osconfig.googleapis.com","IP_ADDRESS":"142.251.189.95","MESSAGE_ID":53259,"PROCESS_ID":1912},"routing":{"arch":2,"did":"","event_id":"c848e340-8f72-4358-a958-7bbfb05b0d40","event_time":1749602669345,"event_type":"DNS_REQUEST","ext_ip":"34.58.90.170","hostname":"desktop-c2a1841.c.lc-demo-infra.internal.","iid":"09774cc8-cb43-4164-abd3-87230031c142","int_ip":"10.128.15.200","latency":641,"moduleid":2,"oid":"aac9c41d-e0a3-4e7e-88b8-33936ab93238","parent":"5e6b7b034a93c77d07a534f16818de60","plat":268435456,"sid":"c4ba6121-d13d-4871-82f8-4b5c5556761e","tags":["lc:testtag","windows"],"this":"0f04c7aea8750c7f52e0d6db6848d16d"},"ts":"2025-06-11 00:44:29"}
{"event":{"DNS_TYPE":1,"DOMAIN_NAME":"us-central1-a-osconfig.googleapis.com","IP_ADDRESS":"173.194.64.95","MESSAGE_ID":53259,"PROCESS_ID":1912},"routing":{"arch":2,"did":"","event_id":"543af059-0d25-42b2-8191-c13feb997858","event_time":1749602669345,"event_type":"DNS_REQUEST","ext_ip":"34.58.90.170","hostname":"desktop-c2a1841.c.lc-demo-infra.internal.","iid":"09774cc8-cb43-4164-abd3-87230031c142","int_ip":"10.128.15.200","latency":641,"moduleid":2,"oid":"aac9c41d-e0a3-4e7e-88b8-33936ab93238","parent":"5e6b7b034a93c77d07a534f16818de60","plat":268435456,"sid":"c4ba6121-d13d-4871-82f8-4b5c5556761e","tags":["lc:testtag","windows"],"this":"49dfb5fe0fc1294132381a296848d16d"},"ts":"2025-06-11 00:44:29"}
{"event":{"DNS_TYPE":1,"DOMAIN_NAME":"us-central1-a-osconfig.googleapis.com","IP_ADDRESS":"108.177.121.95","MESSAGE_ID":53259,"PROCESS_ID":1912},"routing":{"arch":2,"did":"","event_id":"84305235-4321-46ea-8eaf-385b75412593","event_time":1749602669345,"event_type":"DNS_REQUEST","ext_ip":"34.58.90.170","hostname":"desktop-c2a1841.c.lc-demo-infra.internal.","iid":"09774cc8-cb43-4164-abd3-87230031c142","int_ip":"10.128.15.200","latency":641,"moduleid":2,"oid":"aac9c41d-e0a3-4e7e-88b8-33936ab93238","parent":"5e6b7b034a93c77d07a534f16818de60","plat":268435456,"sid":"c4ba6121-d13d-4871-82f8-4b5c5556761e","tags":["lc:testtag","windows"],"this":"196c9998974d49c7e3d4fa0a6848d16d"},"ts":"2025-06-11 00:44:29"}
{"event":{"DNS_TYPE":1,"DOMAIN_NAME":"us-central1-a-osconfig.googleapis.com","IP_ADDRESS":"209.85.145.95","MESSAGE_ID":53259,"PROCESS_ID":1912},"routing":{"arch":2,"did":"","event_id":"a3710640-c15a-4ab4-a37b-0815ff70784d","event_time":1749602669345,"event_type":"DNS_REQUEST","ext_ip":"34.58.90.170","hostname":"desktop-c2a1841.c.lc-demo-infra.internal.","iid":"09774cc8-cb43-4164-abd3-87230031c142","int_ip":"10.128.15.200","latency":641,"moduleid":2,"oid":"aac9c41d-e0a3-4e7e-88b8-33936ab93238","parent":"5e6b7b034a93c77d07a534f16818de60","plat":268435456,"sid":"c4ba6121-d13d-4871-82f8-4b5c5556761e","tags":["lc:testtag","windows"],"this":"7dbed6834e9666ab7f9371a76848d16d"},"ts":"2025-06-11 00:44:29"}
{"event":{"DNS_TYPE":1,"DOMAIN_NAME":"us-central1-a-osconfig.googleapis.com","IP_ADDRESS":"142.250.152.95","MESSAGE_ID":53259,"PROCESS_ID":1912},"routing":{"arch":2,"did":"","event_id":"0212472f-8a04-4f09-8048-b310653c0473","event_time":1749602669345,"event_type":"DNS_REQUEST","ext_ip":"34.58.90.170","hostname":"desktop-c2a1841.c.lc-demo-infra.internal.","iid":"09774cc8-cb43-4164-abd3-87230031c142","int_ip":"10.128.15.200","latency":642,"moduleid":2,"oid":"aac9c41d-e0a3-4e7e-88b8-33936ab93238","parent":"5e6b7b034a93c77d07a534f16818de60","plat":268435456,"sid":"c4ba6121-d13d-4871-82f8-4b5c5556761e","tags":["lc:testtag","windows"],"this":"bbc5eea6c31bb44096951d986848d16d"},"ts":"2025-06-11 00:44:29"}
{"event":{"PROCESS_ID":648,"REGISTRY_KEY":"\\REGISTRY\\MACHINE\\SAM\\SAM\\Domains\\Account\\Users\\000001F4\\F","REGISTRY_VALUE":"AwABAAAAAAAAAAAAAAAAAA==","SIZE":3,"TYPE":3},"routing":{"arch":2,"did":"","event_id":"3583e1ce-ddb5-47d8-b448-a71c6a03d8e0","event_time":1749602669194,"event_type":"REGISTRY_WRITE","ext_ip":"34.58.90.170","hostname":"desktop-c2a1841.c.lc-demo-infra.internal.","iid":"09774cc8-cb43-4164-abd3-87230031c142","int_ip":"10.128.15.200","latency":811,"moduleid":2,"oid":"aac9c41d-e0a3-4e7e-88b8-33936ab93238","parent":"8ced3bfcbf30b0dc5810c9e36818de5e","plat":268435456,"sid":"c4ba6121-d13d-4871-82f8-4b5c5556761e","tags":["lc:testtag","windows"],"this":"a9858046e773c768f38b80cb6848d16e"},"ts":"2025-06-11 00:44:29"}
{"event":{"BASE_ADDRESS":140699567259648,"COMMAND_LINE":"C:\\Windows\\servicing\\TrustedInstaller.exe","FILE_IS_SIGNED":1,"FILE_PATH":"C:\\Windows\\servicing\\TrustedInstaller.exe","HASH":"7f0e3e2682a24a6b27484226cc0c7b30f837ea08b01f82c7b7ac094bf0a88ce5","MEMORY_USAGE":7516160,"PARENT":{"FILE_IS_SIGNED":1,"FILE_PATH":"\\Device\\HarddiskVolume3\\Windows\\System32\\services.exe","HASH":"dfbea9e8c316d9bc118b454b0c722cd674c30d0a256340200e2c3a7480cba674","MEMORY_USAGE":7938048,"PARENT_ATOM":"2f4ae26b214080d8fe7e92e56818de5d","PARENT_PROCESS_ID":496,"PROCESS_ID":624,"THIS_ATOM":"132cae85f72455fc640afd1a6818de5e","THREADS":8,"TIMESTAMP":1746460254365,"USER_NAME":"NT AUTHORITY\\SYSTEM"},"PARENT_PROCESS_ID":624,"PROCESS_ID":18064,"THREADS":8,"USER_NAME":"NT AUTHORITY\\SYSTEM"},"routing":{"arch":2,"did":"","event_id":"0025514d-9b69-4302-b599-ff399e94d404","event_time":1749602669740,"event_type":"NEW_PROCESS","ext_ip":"34.58.90.170","hostname":"desktop-c2a1841.c.lc-demo-infra.internal.","iid":"09774cc8-cb43-4164-abd3-87230031c142","int_ip":"10.128.15.200","latency":1004,"moduleid":2,"oid":"aac9c41d-e0a3-4e7e-88b8-33936ab93238","parent":"132cae85f72455fc640afd1a6818de5e","plat":268435456,"sid":"c4ba6121-d13d-4871-82f8-4b5c5556761e","tags":["lc:testtag","windows"],"this":"25a1c592b13320b7fd6a9c996848d16e"},"ts":"2025-06-11 00:44:29"}
{"event":{"PROCESS_ID":18064,"REGISTRY_KEY":"\\REGISTRY\\MACHINE\\SOFTWARE\\Microsoft\\Windows\\CurrentVersion\\Component Based Servicing\\TiRunning"},"routing":{"arch":2,"did":"","event_id":"167cd35e-2c1b-4b8d-9745-32fcc2d6219d","event_time":1749602669740,"event_type":"REGISTRY_CREATE","ext_ip":"34.58.90.170","hostname":"desktop-c2a1841.c.lc-demo-infra.internal.","iid":"09774cc8-cb43-4164-abd3-87230031c142","int_ip":"10.128.15.200","latency":1060,"moduleid":2,"oid":"aac9c41d-e0a3-4e7e-88b8-33936ab93238","parent":"25a1c592b13320b7fd6a9c996848d16e","plat":268435456,"sid":"c4ba6121-d13d-4871-82f8-4b5c5556761e","tags":["lc:testtag","windows"],"this":"a84d7eb522ad75938f5f98986848d16e"},"ts":"2025-06-11 00:44:29"}
{"event":{"BASE_ADDRESS":140694916825088,"COMMAND_LINE":"C:\\Windows\\winsxs\\amd64_microsoft-windows-servicingstack_31bf3856ad364e35_10.0.19041.1940_none_7dd80d767cb5c7b0\\TiWorker.exe -Embedding","FILE_IS_SIGNED":1,"FILE_PATH":"C:\\Windows\\winsxs\\amd64_microsoft-windows-servicingstack_31bf3856ad364e35_10.0.19041.1940_none_7dd80d767cb5c7b0\\TiWorker.exe","HASH":"b87f907f63f3b6059759dbfbcef2a10a5745fa1bc35bdf28c300553922926864","MEMORY_USAGE":10829824,"PARENT":{"BASE_ADDRESS":140700938862592,"COMMAND_LINE":"C:\\Windows\\system32\\svchost.exe -k DcomLaunch -p","CREATION_TIME":1734629975978,"FILE_IS_SIGNED":1,"FILE_PATH":"C:\\Windows\\system32\\svchost.exe","HASH":"add683a6910abbbf0e28b557fad0ba998166394932ae2aca069d9aa19ea8fe88","MEMORY_USAGE":73998336,"PARENT_ATOM":"132cae85f72455fc640afd1a6818de5e","PARENT_PROCESS_ID":624,"PROCESS_ID":752,"THIS_ATOM":"3e4851ea8ec1a98e49341a176818de5e","THREADS":11,"TIMESTAMP":1746460254443,"USER_NAME":"NT AUTHORITY\\SYSTEM"},"PARENT_PROCESS_ID":752,"PROCESS_ID":2052,"THREADS":6,"USER_NAME":"NT AUTHORITY\\SYSTEM"},"routing":{"arch":2,"did":"","event_id":"27bc0864-a269-48a8-95e5-0591b454aa70","event_time":1749602669757,"event_type":"NEW_PROCESS","ext_ip":"34.58.90.170","hostname":"desktop-c2a1841.c.lc-demo-infra.internal.","iid":"09774cc8-cb43-4164-abd3-87230031c142","int_ip":"10.128.15.200","latency":1043,"moduleid":2,"oid":"aac9c41d-e0a3-4e7e-88b8-33936ab93238","parent":"3e4851ea8ec1a98e49341a176818de5e","plat":268435456,"sid":"c4ba6121-d13d-4871-82f8-4b5c5556761e","tags":["lc:testtag","windows"],"this":"ec50314662a25c5865c32aae6848d16e"},"ts":"2025-06-11 00:44:29"}
{"event":{"FILE_PATH":"C:\\Windows\\Logs\\CBS\\CBS.log","PROCESS_ID":2052},"routing":{"arch":2,"did":"","event_id":"ffea048b-1f6a-4671-b2f1-a0dedb3ea5bc","event_time":1749602669772,"event_type":"FILE_MODIFIED","ext_ip":"34.58.90.170","hostname":"desktop-c2a1841.c.lc-demo-infra.internal.","iid":"09774cc8-cb43-4164-abd3-87230031c142","int_ip":"10.128.15.200","latency":1050,"moduleid":2,"oid":"aac9c41d-e0a3-4e7e-88b8-33936ab93238","parent":"ec50314662a25c5865c32aae6848d16e","plat":268435456,"sid":"c4ba6121-d13d-4871-82f8-4b5c5556761e","tags":["lc:testtag","windows"],"this":"9c83f935c86122b8db0323656848d16e"},"ts":"2025-06-11 00:44:29"}
{"event":{"PROCESS_ID":2052,"REGISTRY_KEY":"\\REGISTRY\\MACHINE\\SOFTWARE\\Microsoft\\Windows\\CurrentVersion\\Component Based Servicing\\SessionIdHigh","REGISTRY_VALUE":"adrbAQ==","SIZE":4,"TYPE":4},"routing":{"arch":2,"did":"","event_id":"d2e21727-5c9e-4a0c-acfd-198bfa4033a7","event_time":1749602669788,"event_type":"REGISTRY_WRITE","ext_ip":"34.58.90.170","hostname":"desktop-c2a1841.c.lc-demo-infra.internal.","iid":"09774cc8-cb43-4164-abd3-87230031c142","int_ip":"10.128.15.200","latency":1034,"moduleid":2,"oid":"aac9c41d-e0a3-4e7e-88b8-33936ab93238","parent":"ec50314662a25c5865c32aae6848d16e","plat":268435456,"sid":"c4ba6121-d13d-4871-82f8-4b5c5556761e","tags":["lc:testtag","windows"],"this":"d91750aae52ada808d90c9926848d16e"},"ts":"2025-06-11 00:44:29"}
{"event":{"PROCESS_ID":2052,"REGISTRY_KEY":"\\REGISTRY\\MACHINE\\SOFTWARE\\Microsoft\\Windows\\CurrentVersion\\Component Based Servicing\\SessionIdLow","REGISTRY_VALUE":"qsn0/A==","SIZE":4,"TYPE":4},"routing":{"arch":2,"did":"","event_id":"1d26b719-362b-40aa-8c4c-ace7a75b026d","event_time":1749602669788,"event_type":"REGISTRY_WRITE","ext_ip":"34.58.90.170","hostname":"desktop-c2a1841.c.lc-demo-infra.internal.","iid":"09774cc8-cb43-4164-abd3-87230031c142","int_ip":"10.128.15.200","latency":1035,"moduleid":2,"oid":"aac9c41d-e0a3-4e7e-88b8-33936ab93238","parent":"ec50314662a25c5865c32aae6848d16e","plat":268435456,"sid":"c4ba6121-d13d-4871-82f8-4b5c5556761e","tags":["lc:testtag","windows"],"this":"415ad62146a080b08c2c73b16848d16e"},"ts":"2025-06-11 00:44:29"}
{"event":{"EVENT":{"EventData":{"AuthenticationPackageName":"NTLM","FailureReason":"%%2313","IpAddress":"47.101.205.247","IpPort":"0","KeyLength":"0","LmPackageName":"-","LogonProcessName":"NtLmSsp","LogonType":"3","ProcessId":"0x0","ProcessName":"-","Status":"0xc000006d","SubStatus":"0xc0000064","SubjectDomainName":"-","SubjectLogonId":"0x0","SubjectUserName":"-","SubjectUserSid":"S-1-0-0","TargetDomainName":"-","TargetUserName":"robert","TargetUserSid":"S-1-0-0","TransmittedServices":"-","WorkstationName":"workstation"},"System":{"Channel":"Security","Computer":"windows-server-2022-aac9c41d-e0a3-4e7e-88b8-33936ab93238-0","Correlation":{"ActivityID":"{55ae049b-37ef-0001-ee39-a76a4ac5db01}"},"EventID":"4625","EventRecordID":"4431805","Execution":{"ProcessID":"648","ThreadID":"2096"},"Keywords":"0x8010000000000000","Level":"0","Opcode":"0","Provider":{"Guid":"{54849625-5478-4994-a5ba-3e3b0328c30d}","Name":"Microsoft-Windows-Security-Auditing"},"Security":"","Task":"12544","TimeCreated":{"SystemTime":"2025-06-11T00:44:21.4337614Z"},"Version":"0","_event_id":"4625"}}},"routing":{"arch":2,"did":"","event_id":"29661a00-5966-4b8b-b0a0-207c4d5386ed","event_time":1749602662435,"event_type":"WEL","ext_ip":"34.171.104.183","hostname":"windows-server-2022-aac9c41d-e0a3-4e7e-88b8-33936ab93238-0.c.lc-demo-infra.internal.","iid":"09774cc8-cb43-4164-abd3-87230031c142","int_ip":"10.128.15.201","latency":2,"moduleid":2,"oid":"aac9c41d-e0a3-4e7e-88b8-33936ab93238","plat":268435456,"sid":"17b8710a-7337-4e64-9c18-2955e86f2d0d","tags":["fim","lc:stable","windows"],"this":"3130fcaf1eadb44f381ccbfa6848d166"},"ts":"2025-06-11 00:44:22"}
{"event":{"ACTION":"modified","FILE_PATH":"C:\\Windows\\ServiceState\\EventLog\\Data\\lastalive0.dat","HASH":"10a3f4a2504793f52cfc94d115e37493fbe54736187eca15e415dc37a72cef8f","PROCESS":{"BASE_ADDRESS":140699902017536,"COMMAND_LINE":"C:\\Windows\\System32\\svchost.exe -k LocalServiceNetworkRestricted -p -s EventLog","CREATION_TIME":1747280143315,"FILE_IS_SIGNED":1,"FILE_PATH":"C:\\Windows\\System32\\svchost.exe","HASH":"d7f10571f58adbe122f615b869eb42b05286770148067cbf88054c38f1bca4c4","MEMORY_USAGE":18825216,"PARENT_ATOM":"b56d4120493c4260490c5b186825611e","PARENT_PROCESS_ID":628,"PROCESS_ID":1164,"THIS_ATOM":"0abde42b2fc3298428bbe14d68256120","THREADS":11,"TIMESTAMP":1747280160351,"USER_NAME":"NT AUTHORITY\\LOCAL SERVICE"},"PROCESS_ID":1164},"routing":{"arch":2,"did":"","event_id":"87dde91a-2256-48d0-8ef8-6bc5d3eb977f","event_time":1749602661904,"event_type":"FIM_HIT","ext_ip":"34.171.104.183","hostname":"windows-server-2022-aac9c41d-e0a3-4e7e-88b8-33936ab93238-0.c.lc-demo-infra.internal.","iid":"09774cc8-cb43-4164-abd3-87230031c142","int_ip":"10.128.15.201","latency":278,"moduleid":2,"oid":"aac9c41d-e0a3-4e7e-88b8-33936ab93238","parent":"0abde42b2fc3298428bbe14d68256120","plat":268435456,"sid":"17b8710a-7337-4e64-9c18-2955e86f2d0d","tags":["fim","lc:stable","windows"],"this":"786790dcae9fa6a0329d8ebd6848d166"},"ts":"2025-06-11 00:44:21"}
{"event":{"EVENT":{"EventData":{"AuthenticationPackageName":"NTLM","FailureReason":"%%2313","IpAddress":"79.72.61.221","IpPort":"0","KeyLength":"0","LmPackageName":"-","LogonProcessName":"NtLmSsp","LogonType":"3","ProcessId":"0x0","ProcessName":"-","Status":"0xc000006d","SubStatus":"0xc000006a","SubjectDomainName":"-","SubjectLogonId":"0x0","SubjectUserName":"-","SubjectUserSid":"S-1-0-0","TargetDomainName":"","TargetUserName":"ADMINISTRATOR","TargetUserSid":"S-1-0-0","TransmittedServices":"-","WorkstationName":"-"},"System":{"Channel":"Security","Computer":"DESKTOP-C2A1841","Correlation":{"ActivityID":"{352b8892-aa45-0001-ddca-25f63c52db01}"},"EventID":"4625","EventRecordID":"4695520","Execution":{"ProcessID":"648","ThreadID":"4000"},"Keywords":"0x8010000000000000","Level":"0","Opcode":"0","Provider":{"Guid":"{54849625-5478-4994-a5ba-3e3b0328c30d}","Name":"Microsoft-Windows-Security-Auditing"},"Security":"","Task":"12544","TimeCreated":{"SystemTime":"2025-06-11T00:44:17.6880487Z"},"Version":"0","_event_id":"4625"}}},"routing":{"arch":2,"did":"","event_id":"5c735ae3-790d-4a01-89da-2f4500148a97","event_time":1749602659685,"event_type":"WEL","ext_ip":"34.58.90.170","hostname":"desktop-c2a1841.c.lc-demo-infra.internal.","iid":"09774cc8-cb43-4164-abd3-87230031c142","int_ip":"10.128.15.200","latency":6,"moduleid":2,"oid":"aac9c41d-e0a3-4e7e-88b8-33936ab93238","plat":268435456,"sid":"c4ba6121-d13d-4871-82f8-4b5c5556761e","tags":["lc:testtag","windows"],"this":"73956c552e45cc95759408cb6848d163"},"ts":"2025-06-11 00:44:19"}
{"event":{"EVENT":{"EventData":{"AuthenticationPackageName":"NTLM","FailureReason":"%%2313","IpAddress":"58.97.5.203","IpPort":"0","KeyLength":"0","LmPackageName":"-","LogonProcessName":"NtLmSsp","LogonType":"3","ProcessId":"0x0","ProcessName":"-","Status":"0xc000006d","SubStatus":"0xc000006a","SubjectDomainName":"-","SubjectLogonId":"0x0","SubjectUserName":"-","SubjectUserSid":"S-1-0-0","TargetDomainName":"","TargetUserName":"ADMINISTRATOR","TargetUserSid":"S-1-0-0","TransmittedServices":"-","WorkstationName":"-"},"System":{"Channel":"Security","Computer":"DESKTOP-C2A1841","Correlation":{"ActivityID":"{352b8892-aa45-0001-ddca-25f63c52db01}"},"EventID":"4625","EventRecordID":"4695521","Execution":{"ProcessID":"648","ThreadID":"4000"},"Keywords":"0x8010000000000000","Level":"0","Opcode":"0","Provider":{"Guid":"{54849625-5478-4994-a5ba-3e3b0328c30d}","Name":"Microsoft-Windows-Security-Auditing"},"Security":"","Task":"12544","TimeCreated":{"SystemTime":"2025-06-11T00:44:18.1965456Z"},"Version":"0","_event_id":"4625"}}},"routing":{"arch":2,"did":"","event_id":"79430cc5-b77c-4b14-85f9-4259d8e39c0b","event_time":1749602659685,"event_type":"WEL","ext_ip":"34.58.90.170","hostname":"desktop-c2a1841.c.lc-demo-infra.internal.","iid":"09774cc8-cb43-4164-abd3-87230031c142","int_ip":"10.128.15.200","latency":25,"moduleid":2,"oid":"aac9c41d-e0a3-4e7e-88b8-33936ab93238","plat":268435456,"sid":"c4ba6121-d13d-4871-82f8-4b5c5556761e","tags":["lc:testtag","windows"],"this":"ac15b37780d37d0f83c40fd46848d163"},"ts":"2025-06-11 00:44:19"}
{"event":{"PROCESS_ID":648,"REGISTRY_KEY":"\\REGISTRY\\MACHINE\\SAM\\SAM\\Domains\\Account\\Users\\000001F4\\F","REGISTRY_VALUE":"AwABAAAAAAAAAAAAAAAAAA==","SIZE":3,"TYPE":3},"routing":{"arch":2,"did":"","event_id":"a74ea14b-1bc2-45a5-ab0c-1492cf4afbdb","event_time":1749602659183,"event_type":"REGISTRY_WRITE","ext_ip":"34.58.90.170","hostname":"desktop-c2a1841.c.lc-demo-infra.internal.","iid":"09774cc8-cb43-4164-abd3-87230031c142","int_ip":"10.128.15.200","latency":739,"moduleid":2,"oid":"aac9c41d-e0a3-4e7e-88b8-33936ab93238","parent":"8ced3bfcbf30b0dc5810c9e36818de5e","plat":268435456,"sid":"c4ba6121-d13d-4871-82f8-4b5c5556761e","tags":["lc:testtag","windows"],"this":"3be478f13984f8c9df8ed7076848d163"},"ts":"2025-06-11 00:44:19"}
{"event":{"PROCESS_ID":648,"REGISTRY_KEY":"\\REGISTRY\\MACHINE\\SAM\\SAM\\Domains\\Account\\Users\\000001F4\\F","REGISTRY_VALUE":"AwABAAAAAAAAAAAAAAAAAA==","SIZE":3,"TYPE":3},"routing":{"arch":2,"did":"","event_id":"929d3461-069f-4bf8-a9ca-b4b623c90baf","event_time":1749602658680,"event_type":"REGISTRY_WRITE","ext_ip":"34.58.90.170","hostname":"desktop-c2a1841.c.lc-demo-infra.internal.","iid":"09774cc8-cb43-4164-abd3-87230031c142","int_ip":"10.128.15.200","latency":305,"moduleid":2,"oid":"aac9c41d-e0a3-4e7e-88b8-33936ab93238","parent":"8ced3bfcbf30b0dc5810c9e36818de5e","plat":268435456,"sid":"c4ba6121-d13d-4871-82f8-4b5c5556761e","tags":["lc:testtag","windows"],"this":"97400e85a6d6b2c3aced38006848d162"},"ts":"2025-06-11 00:44:18"}
{"event":{"EVENT":{"EventData":{"AuthenticationPackageName":"NTLM","FailureReason":"%%2313","IpAddress":"102.88.21.217","IpPort":"0","KeyLength":"0","LmPackageName":"-","LogonProcessName":"NtLmSsp","LogonType":"3","ProcessId":"0x0","ProcessName":"-","Status":"0xc000006d","SubStatus":"0xc0000064","SubjectDomainName":"-","SubjectLogonId":"0x0","SubjectUserName":"-","SubjectUserSid":"S-1-0-0","TargetDomainName":"-","TargetUserName":"USER","TargetUserSid":"S-1-0-0","TransmittedServices":"-","WorkstationName":"-"},"System":{"Channel":"Security","Computer":"windows-server-2022-aac9c41d-e0a3-4e7e-88b8-33936ab93238-0","Correlation":{"ActivityID":"{55ae049b-37ef-0001-ee39-a76a4ac5db01}"},"EventID":"4625","EventRecordID":"4431804","Execution":{"ProcessID":"648","ThreadID":"8728"},"Keywords":"0x8010000000000000","Level":"0","Opcode":"0","Provider":{"Guid":"{54849625-5478-4994-a5ba-3e3b0328c30d}","Name":"Microsoft-Windows-Security-Auditing"},"Security":"","Task":"12544","TimeCreated":{"SystemTime":"2025-06-11T00:44:13.3987561Z"},"Version":"0","_event_id":"4625"}}},"routing":{"arch":2,"did":"","event_id":"39a8f76d-0a70-43db-9f81-71f6693b5d8c","event_time":1749602654413,"event_type":"WEL","ext_ip":"34.171.104.183","hostname":"windows-server-2022-aac9c41d-e0a3-4e7e-88b8-33936ab93238-0.c.lc-demo-infra.internal.","iid":"09774cc8-cb43-4164-abd3-87230031c142","int_ip":"10.128.15.201","latency":1,"moduleid":2,"oid":"aac9c41d-e0a3-4e7e-88b8-33936ab93238","plat":268435456,"sid":"17b8710a-7337-4e64-9c18-2955e86f2d0d","tags":["fim","lc:stable","windows"],"this":"00ac914d039ae7f029a90cba6848d15e"},"ts":"2025-06-11 00:44:14"}
{"event":{"COMMAND_LINE":"C:\\Windows\\System32\\svchost.exe -k termsvcs -s TermService","CREATION_TIME":1747280142928,"FILE_IS_SIGNED":1,"FILE_PATH":"C:\\Windows\\System32\\svchost.exe","HASH":"d7f10571f58adbe122f615b869eb42b05286770148067cbf88054c38f1bca4c4","NETWORK_ACTIVITY":[{"DESTINATION":{"IP_ADDRESS":"10.128.15.201","PORT":3389},"IS_OUTGOING":0,"PROTOCOL":"tcp4","SOURCE":{"IP_ADDRESS":"107.167.81.4","PORT":58976},"TIMESTAMP":1749602627832},{"DESTINATION":{"IP_ADDRESS":"10.128.15.201","PORT":3389},"IS_OUTGOING":0,"PROTOCOL":"tcp4","SOURCE":{"IP_ADDRESS":"194.180.48.29","PORT":17294},"TIMESTAMP":1749602632586},{"DESTINATION":{"IP_ADDRESS":"10.128.15.201","PORT":3389},"IS_OUTGOING":0,"PROTOCOL":"tcp4","SOURCE":{"IP_ADDRESS":"45.88.228.145","PORT":63525},"TIMESTAMP":1749602634414},{"DESTINATION":{"IP_ADDRESS":"10.128.15.201","PORT":3389},"IS_OUTGOING":0,"PROTOCOL":"tcp4","SOURCE":{"IP_ADDRESS":"194.180.48.29","PORT":15994},"TIMESTAMP":1749602647034},{"DESTINATION":{"IP_ADDRESS":"10.128.15.201","PORT":3389},"IS_OUTGOING":0,"PROTOCOL":"tcp4","SOURCE":{"IP_ADDRESS":"102.88.21.217","PORT":54239},"TIMESTAMP":1749602652381}],"PARENT_PROCESS_ID":628,"PROCESS_ID":1000,"USER_NAME":"NT AUTHORITY\\NETWORK SERVICE"},"routing":{"arch":2,"did":"","event_id":"fcdd8091-98a6-4b3f-aa53-22df888ada27","event_time":1749602653131,"event_type":"NETWORK_CONNECTIONS","ext_ip":"34.171.104.183","hostname":"windows-server-2022-aac9c41d-e0a3-4e7e-88b8-33936ab93238-0.c.lc-demo-infra.internal.","iid":"09774cc8-cb43-4164-abd3-87230031c142","int_ip":"10.128.15.201","latency":2,"moduleid":2,"oid":"aac9c41d-e0a3-4e7e-88b8-33936ab93238","parent":"05ab479aa6538d9ae515552b68256120","plat":268435456,"sid":"17b8710a-7337-4e64-9c18-2955e86f2d0d","tags":["fim","lc:stable","windows"],"this":"c66cff1adb9e965c6b9106a66848d15d"},"ts":"2025-06-11 00:44:13"}
{"event":{"PROCESS_ID":5384,"REGISTRY_KEY":"\\REGISTRY\\MACHINE\\SOFTWARE\\Microsoft\\Windows NT\\CurrentVersion\\Notifications\\Data\\418A073AA3BC3475","REGISTRY_VALUE":"uQ8AAAAAAAAEAAQAAQICAA==","SIZE":3,"TYPE":3},"routing":{"arch":2,"did":"","event_id":"dac9c2bd-a255-486b-ba92-91f6dd846789","event_time":1749602652458,"event_type":"REGISTRY_WRITE","ext_ip":"34.58.90.170","hostname":"desktop-c2a1841.c.lc-demo-infra.internal.","iid":"09774cc8-cb43-4164-abd3-87230031c142","int_ip":"10.128.15.200","latency":427,"moduleid":2,"oid":"aac9c41d-e0a3-4e7e-88b8-33936ab93238","parent":"cf01ff02f788c646beed497b6818de62","plat":268435456,"sid":"c4ba6121-d13d-4871-82f8-4b5c5556761e","tags":["lc:testtag","windows"],"this":"07d2f9602dae8195698a7b1a6848d15c"},"ts":"2025-06-11 00:44:12"}
{"event":{"ACTION":"modified","FILE_PATH":"C:\\Windows\\System32\\winevt\\Logs\\Security.evtx","HASH":"cfffb8be790e2428f9639e9ec6406866d1417c6f7bb18025b6c05d5d1164d667","PROCESS":{"BASE_ADDRESS":140699902017536,"COMMAND_LINE":"C:\\Windows\\System32\\svchost.exe -k LocalServiceNetworkRestricted -p -s EventLog","CREATION_TIME":1747280143315,"FILE_IS_SIGNED":1,"FILE_PATH":"C:\\Windows\\System32\\svchost.exe","HASH":"d7f10571f58adbe122f615b869eb42b05286770148067cbf88054c38f1bca4c4","MEMORY_USAGE":18825216,"PARENT_ATOM":"b56d4120493c4260490c5b186825611e","PARENT_PROCESS_ID":628,"PROCESS_ID":1164,"THIS_ATOM":"0abde42b2fc3298428bbe14d68256120","THREADS":11,"TIMESTAMP":1747280160351,"USER_NAME":"NT AUTHORITY\\LOCAL SERVICE"},"PROCESS_ID":1164},"routing":{"arch":2,"did":"","event_id":"4f81bf0b-4bd7-4001-b304-3a555292720a","event_time":1749602651647,"event_type":"FIM_HIT","ext_ip":"34.171.104.183","hostname":"windows-server-2022-aac9c41d-e0a3-4e7e-88b8-33936ab93238-0.c.lc-demo-infra.internal.","iid":"09774cc8-cb43-4164-abd3-87230031c142","int_ip":"10.128.15.201","latency":423,"moduleid":2,"oid":"aac9c41d-e0a3-4e7e-88b8-33936ab93238","parent":"0abde42b2fc3298428bbe14d68256120","plat":268435456,"sid":"17b8710a-7337-4e64-9c18-2955e86f2d0d","tags":["fim","lc:stable","windows"],"this":"c66c7d0d0ebdfa53eafa09b86848d15c"},"ts":"2025-06-11 00:44:11"}
{"event":{"PARENT_PROCESS_ID":1548,"PROCESS_ID":5476},"routing":{"arch":2,"did":"","event_id":"17703220-82e3-46ff-9025-cdb25e175abc","event_time":1749602649644,"event_type":"TERMINATE_PROCESS","ext_ip":"34.171.104.183","hostname":"windows-server-2022-aac9c41d-e0a3-4e7e-88b8-33936ab93238-0.c.lc-demo-infra.internal.","iid":"09774cc8-cb43-4164-abd3-87230031c142","int_ip":"10.128.15.201","latency":4020,"moduleid":2,"oid":"aac9c41d-e0a3-4e7e-88b8-33936ab93238","parent":"385f018ec5b0d95e2af49e866848d157","plat":268435456,"sid":"17b8710a-7337-4e64-9c18-2955e86f2d0d","tags":["fim","lc:stable","windows"],"this":"f677d4c0839cc7077a9c1ff46848d15d"},"ts":"2025-06-11 00:44:09"}
{"event":{"EVENT":{"EventData":{"AuthenticationPackageName":"NTLM","FailureReason":"%%2313","IpAddress":"194.180.48.29","IpPort":"0","KeyLength":"0","LmPackageName":"-","LogonProcessName":"NtLmSsp","LogonType":"3","ProcessId":"0x0","ProcessName":"-","Status":"0xc000006d","SubStatus":"0xc000006a","SubjectDomainName":"-","SubjectLogonId":"0x0","SubjectUserName":"-","SubjectUserSid":"S-1-0-0","TargetDomainName":"-","TargetUserName":"ADMINISTRATOR","TargetUserSid":"S-1-0-0","TransmittedServices":"-","WorkstationName":"-"},"System":{"Channel":"Security","Computer":"windows-server-2022-aac9c41d-e0a3-4e7e-88b8-33936ab93238-0","Correlation":{"ActivityID":"{55ae049b-37ef-0001-ee39-a76a4ac5db01}"},"EventID":"4625","EventRecordID":"4431803","Execution":{"ProcessID":"648","ThreadID":"8728"},"Keywords":"0x8010000000000000","Level":"0","Opcode":"0","Provider":{"Guid":"{54849625-5478-4994-a5ba-3e3b0328c30d}","Name":"Microsoft-Windows-Security-Auditing"},"Security":"","Task":"12544","TimeCreated":{"SystemTime":"2025-06-11T00:44:07.7365453Z"},"Version":"0","_event_id":"4625"}}},"routing":{"arch":2,"did":"","event_id":"b24debb9-0f63-4ae5-9d0d-f807bb6ce5b3","event_time":1749602648737,"event_type":"WEL","ext_ip":"34.171.104.183","hostname":"windows-server-2022-aac9c41d-e0a3-4e7e-88b8-33936ab93238-0.c.lc-demo-infra.internal.","iid":"09774cc8-cb43-4164-abd3-87230031c142","int_ip":"10.128.15.201","latency":1,"moduleid":2,"oid":"aac9c41d-e0a3-4e7e-88b8-33936ab93238","plat":268435456,"sid":"17b8710a-7337-4e64-9c18-2955e86f2d0d","tags":["fim","lc:stable","windows"],"this":"3bb7cd26d579f122b2fe84616848d158"},"ts":"2025-06-11 00:44:08"}
{"event":{"COMMAND_LINE":"\"C:\\Windows\\system32\\wermgr.exe\" -upload","FILE_IS_SIGNED":1,"FILE_PATH":"C:\\Windows\\system32\\wermgr.exe","HASH":"4adb403fd7c542f779a72c283c9696e526dbcc0e4f0f53b71908d6332c118c49","PARENT":{"BASE_ADDRESS":140699902017536,"COMMAND_LINE":"C:\\Windows\\system32\\svchost.exe -k netsvcs -p -s Schedule","CREATION_TIME":1747280143737,"FILE_IS_SIGNED":1,"FILE_PATH":"C:\\Windows\\system32\\svchost.exe","HASH":"d7f10571f58adbe122f615b869eb42b05286770148067cbf88054c38f1bca4c4","MEMORY_USAGE":15282176,"PARENT_ATOM":"b56d4120493c4260490c5b186825611e","PARENT_PROCESS_ID":628,"PROCESS_ID":1548,"THIS_ATOM":"987f808a35ffef1e8b6e535868256120","THREADS":16,"TIMESTAMP":1747280160413,"USER_NAME":"NT AUTHORITY\\SYSTEM"},"PARENT_PROCESS_ID":1548,"PROCESS_ID":5476},"routing":{"arch":2,"did":"","event_id":"3bcf57fc-6cb5-4aee-acd5-85d83b249669","event_time":1749602647096,"event_type":"NEW_PROCESS","ext_ip":"34.171.104.183","hostname":"windows-server-2022-aac9c41d-e0a3-4e7e-88b8-33936ab93238-0.c.lc-demo-infra.internal.","iid":"09774cc8-cb43-4164-abd3-87230031c142","int_ip":"10.128.15.201","latency":627,"moduleid":2,"oid":"aac9c41d-e0a3-4e7e-88b8-33936ab93238","parent":"987f808a35ffef1e8b6e535868256120","plat":268435456,"sid":"17b8710a-7337-4e64-9c18-2955e86f2d0d","tags":["fim","lc:stable","windows"],"this":"385f018ec5b0d95e2af49e866848d157"},"ts":"2025-06-11 00:44:07"}
{"event":{"ACTION":"added","FILE_PATH":"C:\\ProgramData\\Microsoft\\Windows\\WER\\Temp\\ec601c44-c40e-444e-a37d-e11b1f1f99f3","PROCESS":{"COMMAND_LINE":"\"C:\\Windows\\system32\\wermgr.exe\" -upload","FILE_IS_SIGNED":1,"FILE_PATH":"C:\\Windows\\system32\\wermgr.exe","HASH":"4adb403fd7c542f779a72c283c9696e526dbcc0e4f0f53b71908d6332c118c49","PARENT_ATOM":"987f808a35ffef1e8b6e535868256120","PARENT_PROCESS_ID":1548,"PROCESS_ID":5476,"THIS_ATOM":"385f018ec5b0d95e2af49e866848d157","TIMESTAMP":1749602647096},"PROCESS_ID":5476},"routing":{"arch":2,"did":"","event_id":"29aafe69-da25-4a82-ae9a-af7eff59adff","event_time":1749602647159,"event_type":"FIM_HIT","ext_ip":"34.171.104.183","hostname":"windows-server-2022-aac9c41d-e0a3-4e7e-88b8-33936ab93238-0.c.lc-demo-infra.internal.","iid":"09774cc8-cb43-4164-abd3-87230031c142","int_ip":"10.128.15.201","latency":752,"moduleid":2,"oid":"aac9c41d-e0a3-4e7e-88b8-33936ab93238","parent":"385f018ec5b0d95e2af49e866848d157","plat":268435456,"sid":"17b8710a-7337-4e64-9c18-2955e86f2d0d","tags":["fim","lc:stable","windows"],"this":"e68012adbfde0c8366ef0e5c6848d157"},"ts":"2025-06-11 00:44:07"}
{"event":{"ACTION":"added","FILE_PATH":"C:\\ProgramData\\Microsoft\\Windows\\WER\\Temp\\228490cf-732b-4915-ad3e-24127d5112de","PROCESS":{"COMMAND_LINE":"\"C:\\Windows\\system32\\wermgr.exe\" -upload","FILE_IS_SIGNED":1,"FILE_PATH":"C:\\Windows\\system32\\wermgr.exe","HASH":"4adb403fd7c542f779a72c283c9696e526dbcc0e4f0f53b71908d6332c118c49","PARENT_ATOM":"987f808a35ffef1e8b6e535868256120","PARENT_PROCESS_ID":1548,"PROCESS_ID":5476,"THIS_ATOM":"385f018ec5b0d95e2af49e866848d157","TIMESTAMP":1749602647096},"PROCESS_ID":5476},"routing":{"arch":2,"did":"","event_id":"f262d04d-e6ce-4119-8d20-2a63f5fb3bdb","event_time":1749602647174,"event_type":"FIM_HIT","ext_ip":"34.171.104.183","hostname":"windows-server-2022-aac9c41d-e0a3-4e7e-88b8-33936ab93238-0.c.lc-demo-infra.internal.","iid":"09774cc8-cb43-4164-abd3-87230031c142","int_ip":"10.128.15.201","latency":737,"moduleid":2,"oid":"aac9c41d-e0a3-4e7e-88b8-33936ab93238","parent":"385f018ec5b0d95e2af49e866848d157","plat":268435456,"sid":"17b8710a-7337-4e64-9c18-2955e86f2d0d","tags":["fim","lc:stable","windows"],"this":"03a5b90491b3b0b5b0dbff036848d157"},"ts":"2025-06-11 00:44:07"}
{"event":{"ACTION":"removed","FILE_PATH":"C:\\ProgramData\\Microsoft\\Windows\\WER\\Temp\\228490cf-732b-4915-ad3e-24127d5112de","PROCESS":{"COMMAND_LINE":"\"C:\\Windows\\system32\\wermgr.exe\" -upload","FILE_IS_SIGNED":1,"FILE_PATH":"C:\\Windows\\system32\\wermgr.exe","HASH":"4adb403fd7c542f779a72c283c9696e526dbcc0e4f0f53b71908d6332c118c49","PARENT_ATOM":"987f808a35ffef1e8b6e535868256120","PARENT_PROCESS_ID":1548,"PROCESS_ID":5476,"THIS_ATOM":"385f018ec5b0d95e2af49e866848d157","TIMESTAMP":1749602647096},"PROCESS_ID":5476},"routing":{"arch":2,"did":"","event_id":"738094f9-7f6a-42f1-b249-4686c2a56cd8","event_time":1749602647174,"event_type":"FIM_HIT","ext_ip":"34.171.104.183","hostname":"windows-server-2022-aac9c41d-e0a3-4e7e-88b8-33936ab93238-0.c.lc-demo-infra.internal.","iid":"09774cc8-cb43-4164-abd3-87230031c142","int_ip":"10.128.15.201","latency":738,"moduleid":2,"oid":"aac9c41d-e0a3-4e7e-88b8-33936ab93238","parent":"385f018ec5b0d95e2af49e866848d157","plat":268435456,"sid":"17b8710a-7337-4e64-9c18-2955e86f2d0d","tags":["fim","lc:stable","windows"],"this":"3e17bfff4f1d79285d6d901e6848d157"},"ts":"2025-06-11 00:44:07"}
{"event":{"ACTION":"removed","FILE_PATH":"C:\\ProgramData\\Microsoft\\Windows\\WER\\Temp\\ec601c44-c40e-444e-a37d-e11b1f1f99f3","PROCESS":{"COMMAND_LINE":"\"C:\\Windows\\system32\\wermgr.exe\" -upload","FILE_IS_SIGNED":1,"FILE_PATH":"C:\\Windows\\system32\\wermgr.exe","HASH":"4adb403fd7c542f779a72c283c9696e526dbcc0e4f0f53b71908d6332c118c49","PARENT_ATOM":"987f808a35ffef1e8b6e535868256120","PARENT_PROCESS_ID":1548,"PROCESS_ID":5476,"THIS_ATOM":"385f018ec5b0d95e2af49e866848d157","TIMESTAMP":1749602647096},"PROCESS_ID":5476},"routing":{"arch":2,"did":"","event_id":"39d3e7f4-3426-478a-a2fc-f0c71b4622f2","event_time":1749602647221,"event_type":"FIM_HIT","ext_ip":"34.171.104.183","hostname":"windows-server-2022-aac9c41d-e0a3-4e7e-88b8-33936ab93238-0.c.lc-demo-infra.internal.","iid":"09774cc8-cb43-4164-abd3-87230031c142","int_ip":"10.128.15.201","latency":691,"moduleid":2,"oid":"aac9c41d-e0a3-4e7e-88b8-33936ab93238","parent":"385f018ec5b0d95e2af49e866848d157","plat":268435456,"sid":"17b8710a-7337-4e64-9c18-2955e86f2d0d","tags":["fim","lc:stable","windows"],"this":"cd5208661ffb0552e5b6da696848d157"},"ts":"2025-06-11 00:44:07"}
{"event":{"EVENT":{"EventData":{"AuthenticationPackageName":"NTLM","FailureReason":"%%2313","IpAddress":"194.180.48.29","IpPort":"0","KeyLength":"0","LmPackageName":"-","LogonProcessName":"NtLmSsp","LogonType":"3","ProcessId":"0x0","ProcessName":"-","Status":"0xc000006d","SubStatus":"0xc000006a","SubjectDomainName":"-","SubjectLogonId":"0x0","SubjectUserName":"-","SubjectUserSid":"S-1-0-0","TargetDomainName":"","TargetUserName":"ADMINISTRATOR","TargetUserSid":"S-1-0-0","TransmittedServices":"-","WorkstationName":"-"},"System":{"Channel":"Security","Computer":"DESKTOP-C2A1841","Correlation":{"ActivityID":"{352b8892-aa45-0001-ddca-25f63c52db01}"},"EventID":"4625","EventRecordID":"4695519","Execution":{"ProcessID":"648","ThreadID":"15328"},"Keywords":"0x8010000000000000","Level":"0","Opcode":"0","Provider":{"Guid":"{54849625-5478-4994-a5ba-3e3b0328c30d}","Name":"Microsoft-Windows-Security-Auditing"},"Security":"","Task":"12544","TimeCreated":{"SystemTime":"2025-06-11T00:44:02.1700830Z"},"Version":"0","_event_id":"4625"}}},"routing":{"arch":2,"did":"","event_id":"7aae96ed-5e72-4187-9403-d2c26d7ee703","event_time":1749602644168,"event_type":"WEL","ext_ip":"34.58.90.170","hostname":"desktop-c2a1841.c.lc-demo-infra.internal.","iid":"09774cc8-cb43-4164-abd3-87230031c142","int_ip":"10.128.15.200","latency":-28,"moduleid":2,"oid":"aac9c41d-e0a3-4e7e-88b8-33936ab93238","plat":268435456,"sid":"c4ba6121-d13d-4871-82f8-4b5c5556761e","tags":["lc:testtag","windows"],"this":"b4570155c3f75fd24f3510406848d154"},"ts":"2025-06-11 00:44:04"}
{"event":{"PROCESS_ID":648,"REGISTRY_KEY":"\\REGISTRY\\MACHINE\\SAM\\SAM\\Domains\\Account\\Users\\000001F4\\F","REGISTRY_VALUE":"AwABAAAAAAAAAAAAAAAAAA==","SIZE":3,"TYPE":3},"routing":{"arch":2,"did":"","event_id":"53645110-ce5b-4b3e-adab-1e66d0fcb6ed","event_time":1749602643168,"event_type":"REGISTRY_WRITE","ext_ip":"34.58.90.170","hostname":"desktop-c2a1841.c.lc-demo-infra.internal.","iid":"09774cc8-cb43-4164-abd3-87230031c142","int_ip":"10.128.15.200","latency":645,"moduleid":2,"oid":"aac9c41d-e0a3-4e7e-88b8-33936ab93238","parent":"8ced3bfcbf30b0dc5810c9e36818de5e","plat":268435456,"sid":"c4ba6121-d13d-4871-82f8-4b5c5556761e","tags":["lc:testtag","windows"],"this":"60dc67c5c00286df2da8ee476848d153"},"ts":"2025-06-11 00:44:03"}
{"event":{"PROCESS_ID":2984,"REGISTRY_KEY":"\\REGISTRY\\MACHINE\\SOFTWARE\\Microsoft\\Windows\\CurrentVersion\\VFUProvider\\StartTime","REGISTRY_VALUE":"KN/N62na2wE=","SIZE":11,"TYPE":11},"routing":{"arch":2,"did":"","event_id":"02e43a74-5fe4-48a9-a283-ed124dadd592","event_time":1749602641012,"event_type":"REGISTRY_WRITE","ext_ip":"34.58.90.170","hostname":"desktop-c2a1841.c.lc-demo-infra.internal.","iid":"09774cc8-cb43-4164-abd3-87230031c142","int_ip":"10.128.15.200","latency":769,"moduleid":2,"oid":"aac9c41d-e0a3-4e7e-88b8-33936ab93238","parent":"2521d6d91fb817eb51c5271a6818de61","plat":268435456,"sid":"c4ba6121-d13d-4871-82f8-4b5c5556761e","tags":["lc:testtag","windows"],"this":"4f1e7fac9ff4ae6e5b126c626848d151"},"ts":"2025-06-11 00:44:01"}
{"event":{"COMMAND_LINE":"C:\\Windows\\System32\\svchost.exe -k NetworkService -s TermService","CREATION_TIME":1734629976659,"FILE_IS_SIGNED":1,"FILE_PATH":"C:\\Windows\\System32\\svchost.exe","HASH":"add683a6910abbbf0e28b557fad0ba998166394932ae2aca069d9aa19ea8fe88","NETWORK_ACTIVITY":[{"DESTINATION":{"IP_ADDRESS":"10.128.15.200","PORT":3389},"IS_OUTGOING":0,"PROTOCOL":"tcp4","SOURCE":{"IP_ADDRESS":"194.180.48.29","PORT":6198},"TIMESTAMP":1749602615467},{"DESTINATION":{"IP_ADDRESS":"10.128.15.200","PORT":3389},"IS_OUTGOING":0,"PROTOCOL":"tcp4","SOURCE":{"IP_ADDRESS":"47.115.157.55","PORT":65028},"TIMESTAMP":1749602623566},{"DESTINATION":{"IP_ADDRESS":"10.128.15.200","PORT":3389},"IS_OUTGOING":0,"PROTOCOL":"tcp4","SOURCE":{"IP_ADDRESS":"194.180.48.29","PORT":57729},"TIMESTAMP":1749602628118},{"DESTINATION":{"IP_ADDRESS":"10.128.15.200","PORT":3389},"IS_OUTGOING":0,"PROTOCOL":"tcp4","SOURCE":{"IP_ADDRESS":"162.19.88.104","PORT":58186},"TIMESTAMP":1749602630140},{"DESTINATION":{"IP_ADDRESS":"10.128.15.200","PORT":3389},"IS_OUTGOING":0,"PROTOCOL":"tcp4","SOURCE":{"IP_ADDRESS":"104.234.124.155","PORT":59577},"TIMESTAMP":1749602634580}],"PARENT_PROCESS_ID":624,"PROCESS_ID":724,"USER_NAME":"NT AUTHORITY\\NETWORK SERVICE"},"routing":{"arch":2,"did":"","event_id":"a68ad835-8745-4ea9-99f0-dc36f1b49dde","event_time":1749602640137,"event_type":"NETWORK_CONNECTIONS","ext_ip":"34.58.90.170","hostname":"desktop-c2a1841.c.lc-demo-infra.internal.","iid":"09774cc8-cb43-4164-abd3-87230031c142","int_ip":"10.128.15.200","latency":-30,"moduleid":2,"oid":"aac9c41d-e0a3-4e7e-88b8-33936ab93238","parent":"ebe07115d0a293acb22d4c106818de5e","plat":268435456,"sid":"c4ba6121-d13d-4871-82f8-4b5c5556761e","tags":["lc:testtag","windows"],"this":"bb31f1ff897a1a479563cbe16848d150"},"ts":"2025-06-11 00:44:00"}
