{"event":{"CNAME":"fe2cr.update.msft.com.trafficmanager.net","DNS_TYPE":5,"DOMAIN_NAME":"fe2cr.update.microsoft.com","MESSAGE_ID":38634,"PROCESS_ID":1664},"routing":{"arch":2,"did":"","event_id":"afdfaeaa-3e71-4150-80c2-b57c8207f4c3","event_time":1749602902732,"event_type":"DNS_REQUEST","ext_ip":"34.171.104.183","hostname":"windows-server-2022-aac9c41d-e0a3-4e7e-88b8-33936ab93238-0.c.lc-demo-infra.internal.","iid":"09774cc8-cb43-4164-abd3-87230031c142","int_ip":"10.128.15.201","latency":95,"moduleid":2,"oid":"aac9c41d-e0a3-4e7e-88b8-33936ab93238","parent":"c5c7b27cabe36d9ede5463b468256120","plat":268435456,"sid":"17b8710a-7337-4e64-9c18-2955e86f2d0d","tags":["fim","lc:stable","windows"],"this":"9c52c63415ff4f68247bf4b26848d256"},"ts":"2025-06-11 00:48:22"}
{"event":{"DNS_TYPE":1,"DOMAIN_NAME":"fe2cr.update.msft.com.trafficmanager.net","IP_ADDRESS":"134.33.185.97","MESSAGE_ID":38634,"PROCESS_ID":1664},"routing":{"arch":2,"did":"","event_id":"b899aa42-aedf-4c23-b434-598e1b4af2fd","event_time":1749602902732,"event_type":"DNS_REQUEST","ext_ip":"34.171.104.183","hostname":"windows-server-2022-aac9c41d-e0a3-4e7e-88b8-33936ab93238-0.c.lc-demo-infra.internal.","iid":"09774cc8-cb43-4164-abd3-87230031c142","int_ip":"10.128.15.201","latency":95,"moduleid":2,"oid":"aac9c41d-e0a3-4e7e-88b8-33936ab93238","parent":"c5c7b27cabe36d9ede5463b468256120","plat":268435456,"sid":"17b8710a-7337-4e64-9c18-2955e86f2d0d","tags":["fim","lc:stable","windows"],"this":"df8b4c5d1922268711c5308d6848d256"},"ts":"2025-06-11 00:48:22"}
{"event":{"DNS_TYPE":1,"DOMAIN_NAME":"fe2cr.update.msft.com.trafficmanager.net","IP_ADDRESS":"134.33.4.19","MESSAGE_ID":38634,"PROCESS_ID":1664},"routing":{"arch":2,"did":"","event_id":"2b2bf30b-d798-46dd-84b8-50ca0bca1e8a","event_time":1749602902732,"event_type":"DNS_REQUEST","ext_ip":"34.171.104.183","hostname":"windows-server-2022-aac9c41d-e0a3-4e7e-88b8-33936ab93238-0.c.lc-demo-infra.internal.","iid":"09774cc8-cb43-4164-abd3-87230031c142","int_ip":"10.128.15.201","latency":95,"moduleid":2,"oid":"aac9c41d-e0a3-4e7e-88b8-33936ab93238","parent":"c5c7b27cabe36d9ede5463b468256120","plat":268435456,"sid":"17b8710a-7337-4e64-9c18-2955e86f2d0d","tags":["fim","lc:stable","windows"],"this":"9075f670d7565858e043a9456848d256"},"ts":"2025-06-11 00:48:22"}
{"event":{"ACTION":"modified","FILE_PATH":"C:\\Windows\\System32\\winevt\\Logs\\System.evtx","HASH":"228e134ff23507315e6ee0442315039e17a34321d76fa8ea6cfd6ccf78a6f3dc","PROCESS":{"BASE_ADDRESS":140699902017536,"COMMAND_LINE":"C:\\Windows\\System32\\svchost.exe -k LocalServiceNetworkRestricted -p -s EventLog","CREATION_TIME":1747280143315,"FILE_IS_SIGNED":1,"FILE_PATH":"C:\\Windows\\System32\\svchost.exe","HASH":"d7f10571f58adbe122f615b869eb42b05286770148067cbf88054c38f1bca4c4","MEMORY_USAGE":18825216,"PARENT_ATOM":"b56d4120493c4260490c5b186825611e","PARENT_PROCESS_ID":628,"PROCESS_ID":1164,"THIS_ATOM":"0abde42b2fc3298428bbe14d68256120","THREADS":11,"TIMESTAMP":1747280160351,"USER_NAME":"NT AUTHORITY\\LOCAL SERVICE"},"PROCESS_ID":1164},"routing":{"arch":2,"did":"","event_id":"91deb71d-42c0-4e7e-b400-d1d61a027676","event_time":1749602902357,"event_type":"FIM_HIT","ext_ip":"34.171.104.183","hostname":"windows-server-2022-aac9c41d-e0a3-4e7e-88b8-33936ab93238-0.c.lc-demo-infra.internal.","iid":"09774cc8-cb43-4164-abd3-87230031c142","int_ip":"10.128.15.201","latency":724,"moduleid":2,"oid":"aac9c41d-e0a3-4e7e-88b8-33936ab93238","parent":"0abde42b2fc3298428bbe14d68256120","plat":268435456,"sid":"17b8710a-7337-4e64-9c18-2955e86f2d0d","tags":["fim","lc:stable","windows"],"this":"cf223ff87ab6e67556e160ab6848d257"},"ts":"2025-06-11 00:48:22"}
{"event":{"FILE_PATH":"C:\\Windows\\Prefetch\\RUNDLL32.EXE-C9A39DDE.pf","PROCESS_ID":1748},"routing":{"arch":2,"did":"","event_id":"27dd93c3-6d77-4f74-9d92-62d2c4fc8122","event_time":1749602902380,"event_type":"FILE_MODIFIED","ext_ip":"34.58.90.170","hostname":"desktop-c2a1841.c.lc-demo-infra.internal.","iid":"09774cc8-cb43-4164-abd3-87230031c142","int_ip":"10.128.15.200","latency":701,"moduleid":2,"oid":"aac9c41d-e0a3-4e7e-88b8-33936ab93238","parent":"55ff55c5f3c5efdfb63413c16818de60","plat":268435456,"sid":"c4ba6121-d13d-4871-82f8-4b5c5556761e","tags":["lc:testtag","windows"],"this":"2fdc8b547dcec4c50e5e25de6848d257"},"ts":"2025-06-11 00:48:22"}
{"event":{"ACTION":"modified","FILE_PATH":"C:\\Windows\\Logs\\CBS\\CBS.log","HASH":"be353cd74334c8a2993602ba41850016a041064d942f6790e736a2ca5d8cd096","PROCESS":{"BASE_ADDRESS":140699317829632,"COMMAND_LINE":"C:\\Windows\\winsxs\\amd64_microsoft-windows-servicingstack_31bf3856ad364e35_10.0.20348.3691_none_b1bc9560f9934ed7\\TiWorker.exe -Embedding","FILE_IS_SIGNED":1,"FILE_PATH":"C:\\Windows\\winsxs\\amd64_microsoft-windows-servicingstack_31bf3856ad364e35_10.0.20348.3691_none_b1bc9560f9934ed7\\TiWorker.exe","HASH":"08301a417991545830b55eacf276dd3d47ad0a1559ae477c34a65031c4de3caf","MEMORY_USAGE":14659584,"PARENT_ATOM":"32ab94087088c4967913285d68256120","PARENT_PROCESS_ID":756,"PROCESS_ID":4176,"THIS_ATOM":"fc24472b0dd67983ebe5dfbd6848d237","THREADS":8,"TIMESTAMP":1749602871342,"USER_NAME":"NT AUTHORITY\\SYSTEM"},"PROCESS_ID":4176},"routing":{"arch":2,"did":"","event_id":"07158330-a8a2-41e4-8a21-429decd4a039","event_time":1749602902529,"event_type":"FIM_HIT","ext_ip":"34.171.104.183","hostname":"windows-server-2022-aac9c41d-e0a3-4e7e-88b8-33936ab93238-0.c.lc-demo-infra.internal.","iid":"09774cc8-cb43-4164-abd3-87230031c142","int_ip":"10.128.15.201","latency":607,"moduleid":2,"oid":"aac9c41d-e0a3-4e7e-88b8-33936ab93238","parent":"fc24472b0dd67983ebe5dfbd6848d237","plat":268435456,"sid":"17b8710a-7337-4e64-9c18-2955e86f2d0d","tags":["fim","lc:stable","windows"],"this":"cd3214406ac9d47f52b95d946848d257"},"ts":"2025-06-11 00:48:22"}
{"event":{"ACTION":"modified","FILE_PATH":"C:\\Windows\\Logs\\CBS\\CBS.log","HASH":"91b84a33eced3151ed5692fb6f5eaac06df1cbc38d4fc981479628d7c695afd6","PROCESS":{"BASE_ADDRESS":140698117144576,"COMMAND_LINE":"C:\\Windows\\servicing\\TrustedInstaller.exe","FILE_IS_SIGNED":1,"FILE_PATH":"C:\\Windows\\servicing\\TrustedInstaller.exe","HASH":"ecbddd355d829c616b3936887a77638806c589fb2ca8bd13aa75de2c549c2c3a","MEMORY_USAGE":7966720,"PARENT_ATOM":"b56d4120493c4260490c5b186825611e","PARENT_PROCESS_ID":628,"PROCESS_ID":4928,"THIS_ATOM":"8777ac1d9e4249d92d1f90f16848d237","THREADS":8,"TIMESTAMP":1749602871310,"USER_NAME":"NT AUTHORITY\\SYSTEM"},"PROCESS_ID":4928},"routing":{"arch":2,"did":"","event_id":"93b7cb0c-769f-4191-8366-d31fe0b9dbf4","event_time":1749602902529,"event_type":"FIM_HIT","ext_ip":"34.171.104.183","hostname":"windows-server-2022-aac9c41d-e0a3-4e7e-88b8-33936ab93238-0.c.lc-demo-infra.internal.","iid":"09774cc8-cb43-4164-abd3-87230031c142","int_ip":"10.128.15.201","latency":697,"moduleid":2,"oid":"aac9c41d-e0a3-4e7e-88b8-33936ab93238","parent":"8777ac1d9e4249d92d1f90f16848d237","plat":268435456,"sid":"17b8710a-7337-4e64-9c18-2955e86f2d0d","tags":["fim","lc:stable","windows"],"this":"e7d3fa7871f1f0ac246687646848d257"},"ts":"2025-06-11 00:48:22"}
{"event":{"ACTION":"modified","FILE_PATH":"C:\\Windows\\Logs\\CBS\\CBS.log","HASH":"91b84a33eced3151ed5692fb6f5eaac06df1cbc38d4fc981479628d7c695afd6","PROCESS":{"BASE_ADDRESS":140699317829632,"COMMAND_LINE":"C:\\Windows\\winsxs\\amd64_microsoft-windows-servicingstack_31bf3856ad364e35_10.0.20348.3691_none_b1bc9560f9934ed7\\TiWorker.exe -Embedding","FILE_IS_SIGNED":1,"FILE_PATH":"C:\\Windows\\winsxs\\amd64_microsoft-windows-servicingstack_31bf3856ad364e35_10.0.20348.3691_none_b1bc9560f9934ed7\\TiWorker.exe","HASH":"08301a417991545830b55eacf276dd3d47ad0a1559ae477c34a65031c4de3caf","MEMORY_USAGE":14659584,"PARENT_ATOM":"32ab94087088c4967913285d68256120","PARENT_PROCESS_ID":756,"PROCESS_ID":4176,"THIS_ATOM":"fc24472b0dd67983ebe5dfbd6848d237","THREADS":8,"TIMESTAMP":1749602871342,"USER_NAME":"NT AUTHORITY\\SYSTEM"},"PROCESS_ID":4176},"routing":{"arch":2,"did":"","event_id":"67fcce6d-c9eb-49a3-8d53-349d9dfcae17","event_time":1749602902529,"event_type":"FIM_HIT","ext_ip":"34.171.104.183","hostname":"windows-server-2022-aac9c41d-e0a3-4e7e-88b8-33936ab93238-0.c.lc-demo-infra.internal.","iid":"09774cc8-cb43-4164-abd3-87230031c142","int_ip":"10.128.15.201","latency":805,"moduleid":2,"oid":"aac9c41d-e0a3-4e7e-88b8-33936ab93238","parent":"fc24472b0dd67983ebe5dfbd6848d237","plat":268435456,"sid":"17b8710a-7337-4e64-9c18-2955e86f2d0d","tags":["fim","lc:stable","windows"],"this":"ed9eb69e2c52a6d3c9a16b476848d257"},"ts":"2025-06-11 00:48:22"}
{"event":{"ACTION":"modified","FILE_PATH":"C:\\Windows\\Logs\\CBS\\CBS.log","HASH":"91b84a33eced3151ed5692fb6f5eaac06df1cbc38d4fc981479628d7c695afd6","PROCESS":{"BASE_ADDRESS":140698117144576,"COMMAND_LINE":"C:\\Windows\\servicing\\TrustedInstaller.exe","FILE_IS_SIGNED":1,"FILE_PATH":"C:\\Windows\\servicing\\TrustedInstaller.exe","HASH":"ecbddd355d829c616b3936887a77638806c589fb2ca8bd13aa75de2c549c2c3a","MEMORY_USAGE":7966720,"PARENT_ATOM":"b56d4120493c4260490c5b186825611e","PARENT_PROCESS_ID":628,"PROCESS_ID":4928,"THIS_ATOM":"8777ac1d9e4249d92d1f90f16848d237","THREADS":8,"TIMESTAMP":1749602871310,"USER_NAME":"NT AUTHORITY\\SYSTEM"},"PROCESS_ID":4928},"routing":{"arch":2,"did":"","event_id":"3d550838-c346-4aa4-9a39-3a07c33ca81a","event_time":1749602902529,"event_type":"FIM_HIT","ext_ip":"34.171.104.183","hostname":"windows-server-2022-aac9c41d-e0a3-4e7e-88b8-33936ab93238-0.c.lc-demo-infra.internal.","iid":"09774cc8-cb43-4164-abd3-87230031c142","int_ip":"10.128.15.201","latency":906,"moduleid":2,"oid":"aac9c41d-e0a3-4e7e-88b8-33936ab93238","parent":"8777ac1d9e4249d92d1f90f16848d237","plat":268435456,"sid":"17b8710a-7337-4e64-9c18-2955e86f2d0d","tags":["fim","lc:stable","windows"],"this":"cd253d27da387a3d4dbfc2e06848d257"},"ts":"2025-06-11 00:48:22"}
{"event":{"CNAME":"win-global-asimov-leafs-events-data.trafficmanager.net","DNS_TYPE":5,"DOMAIN_NAME":"v10.events.data.microsoft.com","MESSAGE_ID":18504,"PROCESS_ID":1664},"routing":{"arch":2,"did":"","event_id":"4cd33ce6-6aed-4a80-83c0-7f472e6d0290","event_time":1749602902920,"event_type":"DNS_REQUEST","ext_ip":"34.171.104.183","hostname":"windows-server-2022-aac9c41d-e0a3-4e7e-88b8-33936ab93238-0.c.lc-demo-infra.internal.","iid":"09774cc8-cb43-4164-abd3-87230031c142","int_ip":"10.128.15.201","latency":923,"moduleid":2,"oid":"aac9c41d-e0a3-4e7e-88b8-33936ab93238","parent":"c5c7b27cabe36d9ede5463b468256120","plat":268435456,"sid":"17b8710a-7337-4e64-9c18-2955e86f2d0d","tags":["fim","lc:stable","windows"],"this":"9c2061da568fd6700682a82d6848d257"},"ts":"2025-06-11 00:48:22"}
{"event":{"CNAME":"onedscolprdwus14.westus.cloudapp.azure.com","DNS_TYPE":5,"DOMAIN_NAME":"win-global-asimov-leafs-events-data.trafficmanager.net","MESSAGE_ID":18504,"PROCESS_ID":1664},"routing":{"arch":2,"did":"","event_id":"fadb2e99-e077-4df8-9285-7d1e529fb9e4","event_time":1749602902920,"event_type":"DNS_REQUEST","ext_ip":"34.171.104.183","hostname":"windows-server-2022-aac9c41d-e0a3-4e7e-88b8-33936ab93238-0.c.lc-demo-infra.internal.","iid":"09774cc8-cb43-4164-abd3-87230031c142","int_ip":"10.128.15.201","latency":969,"moduleid":2,"oid":"aac9c41d-e0a3-4e7e-88b8-33936ab93238","parent":"c5c7b27cabe36d9ede5463b468256120","plat":268435456,"sid":"17b8710a-7337-4e64-9c18-2955e86f2d0d","tags":["fim","lc:stable","windows"],"this":"5a0b016b71a09a965e3f0d4d6848d257"},"ts":"2025-06-11 00:48:22"}
{"event":{"DNS_TYPE":1,"DOMAIN_NAME":"onedscolprdwus14.westus.cloudapp.azure.com","IP_ADDRESS":"20.189.173.15","MESSAGE_ID":18504,"PROCESS_ID":1664},"routing":{"arch":2,"did":"","event_id":"235c6c7a-20a5-46f9-84e1-d0d3b07a7d79","event_time":1749602902920,"event_type":"DNS_REQUEST","ext_ip":"34.171.104.183","hostname":"windows-server-2022-aac9c41d-e0a3-4e7e-88b8-33936ab93238-0.c.lc-demo-infra.internal.","iid":"09774cc8-cb43-4164-abd3-87230031c142","int_ip":"10.128.15.201","latency":970,"moduleid":2,"oid":"aac9c41d-e0a3-4e7e-88b8-33936ab93238","parent":"c5c7b27cabe36d9ede5463b468256120","plat":268435456,"sid":"17b8710a-7337-4e64-9c18-2955e86f2d0d","tags":["fim","lc:stable","windows"],"this":"cea7247bf5c5b04613dcc3936848d257"},"ts":"2025-06-11 00:48:22"}
{"event":{"PARENT_PROCESS_ID":664,"PROCESS_ID":1988},"routing":{"arch":2,"did":"","event_id":"0a9bed55-48be-4e71-81a0-c8150116b7e1","event_time":1749602902217,"event_type":"TERMINATE_PROCESS","ext_ip":"34.171.104.183","hostname":"windows-server-2022-aac9c41d-e0a3-4e7e-88b8-33936ab93238-0.c.lc-demo-infra.internal.","iid":"09774cc8-cb43-4164-abd3-87230031c142","int_ip":"10.128.15.201","latency":4019,"moduleid":2,"oid":"aac9c41d-e0a3-4e7e-88b8-33936ab93238","parent":"4d807101c8149f32db6700bf6848d255","plat":268435456,"sid":"17b8710a-7337-4e64-9c18-2955e86f2d0d","tags":["fim","lc:stable","windows"],"this":"1f5b1f08ad14351947bad9d56848d25a"},"ts":"2025-06-11 00:48:22"}
{"event":{"PARENT_PROCESS_ID":1988,"PROCESS_ID":5244},"routing":{"arch":2,"did":"","event_id":"472d2d4a-910c-402d-8074-e764292baa88","event_time":1749602902217,"event_type":"TERMINATE_PROCESS","ext_ip":"34.171.104.183","hostname":"windows-server-2022-aac9c41d-e0a3-4e7e-88b8-33936ab93238-0.c.lc-demo-infra.internal.","iid":"09774cc8-cb43-4164-abd3-87230031c142","int_ip":"10.128.15.201","latency":4020,"moduleid":2,"oid":"aac9c41d-e0a3-4e7e-88b8-33936ab93238","parent":"fb7430172e3184f0b937202b6848d255","plat":268435456,"sid":"17b8710a-7337-4e64-9c18-2955e86f2d0d","tags":["fim","lc:stable","windows"],"this":"0fc3825e764eb1c8cb38171d6848d25a"},"ts":"2025-06-11 00:48:22"}
{"event":{"COMMAND_LINE":"C:\\Windows\\System32\\rundll32.exe","FILE_IS_SIGNED":1,"FILE_PATH":"C:\\Windows\\System32\\rundll32.exe","HASH":"02f6a04b3373f195152fb1b4aeafe25bf8ef4411dc020c2238c541bcc3dc309b","NETWORK_ACTIVITY":[{"DESTINATION":{"IP_ADDRESS":"35.232.8.38","PORT":80},"IS_OUTGOING":1,"PROTOCOL":"tcp4","SOURCE":{"IP_ADDRESS":"10.128.15.201","PORT":62009},"TIMESTAMP":1749602873030}],"PARENT_PROCESS_ID":4432,"PROCESS_ID":4576,"USER_NAME":"NT AUTHORITY\\SYSTEM"},"routing":{"arch":2,"did":"","event_id":"8cab9e58-c230-48b3-a03b-3c8e73bd39a2","event_time":1749602901091,"event_type":"NETWORK_CONNECTIONS","ext_ip":"34.171.104.183","hostname":"windows-server-2022-aac9c41d-e0a3-4e7e-88b8-33936ab93238-0.c.lc-demo-infra.internal.","iid":"09774cc8-cb43-4164-abd3-87230031c142","int_ip":"10.128.15.201","latency":1,"moduleid":2,"oid":"aac9c41d-e0a3-4e7e-88b8-33936ab93238","parent":"fdef27258c485456799b40c268256125","plat":268435456,"sid":"17b8710a-7337-4e64-9c18-2955e86f2d0d","tags":["fim","lc:stable","windows"],"this":"4d990073eee71b5ff74a7b096848d255"},"ts":"2025-06-11 00:48:21"}
{"event":{"COMMAND_LINE":"C:\\Windows\\System32\\svchost.exe -k termsvcs -s TermService","CREATION_TIME":1747280142928,"FILE_IS_SIGNED":1,"FILE_PATH":"C:\\Windows\\System32\\svchost.exe","HASH":"d7f10571f58adbe122f615b869eb42b05286770148067cbf88054c38f1bca4c4","NETWORK_ACTIVITY":[{"DESTINATION":{"IP_ADDRESS":"10.128.15.201","PORT":3389},"IS_OUTGOING":0,"PROTOCOL":"tcp4","SOURCE":{"IP_ADDRESS":"196.223.146.155","PORT":54075},"TIMESTAMP":1749602870669},{"DESTINATION":{"IP_ADDRESS":"10.128.15.201","PORT":3389},"IS_OUTGOING":0,"PROTOCOL":"tcp4","SOURCE":{"IP_ADDRESS":"193.38.248.150","PORT":60510},"TIMESTAMP":1749602882147},{"DESTINATION":{"IP_ADDRESS":"10.128.15.201","PORT":3389},"IS_OUTGOING":0,"PROTOCOL":"tcp4","SOURCE":{"IP_ADDRESS":"45.88.228.145","PORT":57817},"TIMESTAMP":1749602899597}],"PARENT_PROCESS_ID":628,"PROCESS_ID":1000,"USER_NAME":"NT AUTHORITY\\NETWORK SERVICE"},"routing":{"arch":2,"did":"","event_id":"fcc2ee3f-0c04-4f50-8313-c7ab43f07923","event_time":1749602901090,"event_type":"NETWORK_CONNECTIONS","ext_ip":"34.171.104.183","hostname":"windows-server-2022-aac9c41d-e0a3-4e7e-88b8-33936ab93238-0.c.lc-demo-infra.internal.","iid":"09774cc8-cb43-4164-abd3-87230031c142","int_ip":"10.128.15.201","latency":1,"moduleid":2,"oid":"aac9c41d-e0a3-4e7e-88b8-33936ab93238","parent":"05ab479aa6538d9ae515552b68256120","plat":268435456,"sid":"17b8710a-7337-4e64-9c18-2955e86f2d0d","tags":["fim","lc:stable","windows"],"this":"f2c9a3ee4aa94dfca71242156848d255"},"ts":"2025-06-11 00:48:21"}
{"event":{"EVENTS":[{"event":{"BASE_ADDRESS":140695173398528,"COMMAND_LINE":"C:\\Windows\\system32\\lsass.exe","CREATION_TIME":1734629975444,"FILE_IS_SIGNED":1,"FILE_PATH":"C:\\Windows\\system32\\lsass.exe","HASH":"e69356111240657e6435edf2e3a4bbac9c89957ef2d34fc620b8b7dbf564a862","MEMORY_USAGE":23429120,"PARENT":{"FILE_IS_SIGNED":1,"FILE_PATH":"\\Device\\HarddiskVolume3\\Windows\\System32\\wininit.exe","HASH":"fe7a0b26e504062b3a424d540e3f1f5cab8f2db5a421fbbb8b779122d11bd2af","MEMORY_USAGE":1646592,"PARENT_PROCESS_ID":408,"PROCESS_ID":496,"THIS_ATOM":"2f4ae26b214080d8fe7e92e56818de5d","THREADS":3,"TIMESTAMP":1746460253959,"USER_NAME":"NT AUTHORITY\\SYSTEM"},"PARENT_PROCESS_ID":496,"PROCESS_ID":648,"THREADS":9,"USER_NAME":"NT AUTHORITY\\SYSTEM"},"routing":{"arch":2,"did":"","event_id":"876d7c46-a6af-47f2-8ae9-1460a1ff69d9","event_time":1746460254397,"event_type":"EXISTING_PROCESS","ext_ip":"34.58.90.170","hostname":"desktop-c2a1841.c.lc-demo-infra.internal.","iid":"09774cc8-cb43-4164-abd3-87230031c142","int_ip":"10.128.15.200","latency":3142646812,"moduleid":2,"oid":"aac9c41d-e0a3-4e7e-88b8-33936ab93238","parent":"2f4ae26b214080d8fe7e92e56818de5d","plat":268435456,"sid":"c4ba6121-d13d-4871-82f8-4b5c5556761e","tags":["lc:testtag","windows"],"this":"8ced3bfcbf30b0dc5810c9e36818de5e"}},{"event":{"ACCESS_FLAGS":4112,"PARENT_PROCESS_ID":19300,"PROCESS_ID":648,"SOURCE":{"BASE_ADDRESS":140698865238016,"COMMAND_LINE":"C:\\Windows\\system32\\rundll32.exe","FILE_IS_SIGNED":1,"FILE_PATH":"C:\\Windows\\system32\\rundll32.exe","HASH":"b53f3c0cd32d7f20849850768da6431e5f876b7bfa61db0aa0700b02873393fa","MEMORY_USAGE":8855552,"PARENT_ATOM":"1f7d51435a96b7487a36ddd86818de60","PARENT_PROCESS_ID":2232,"PROCESS_ID":19300,"THIS_ATOM":"f8635441211a0016ed10c7bc6848d254","THREADS":3,"TIMESTAMP":1749602900191,"USER_NAME":"NT AUTHORITY\\SYSTEM"},"TARGET":{"BASE_ADDRESS":140695173398528,"COMMAND_LINE":"C:\\Windows\\system32\\lsass.exe","CREATION_TIME":1734629975444,"FILE_IS_SIGNED":1,"FILE_PATH":"C:\\Windows\\system32\\lsass.exe","HASH":"e69356111240657e6435edf2e3a4bbac9c89957ef2d34fc620b8b7dbf564a862","MEMORY_USAGE":23429120,"PARENT_ATOM":"2f4ae26b214080d8fe7e92e56818de5d","PARENT_PROCESS_ID":496,"PROCESS_ID":648,"THIS_ATOM":"8ced3bfcbf30b0dc5810c9e36818de5e","THREADS":9,"TIMESTAMP":1746460254397,"USER_NAME":"NT AUTHORITY\\SYSTEM"}},"routing":{"arch":2,"did":"","event_id":"709f0286-1282-46d9-a03d-afa53b7c8194","event_time":1749602900848,"event_type":"REMOTE_PROCESS_HANDLE","ext_ip":"34.58.90.170","hostname":"desktop-c2a1841.c.lc-demo-infra.internal.","iid":"09774cc8-cb43-4164-abd3-87230031c142","int_ip":"10.128.15.200","latency":361,"moduleid":2,"oid":"aac9c41d-e0a3-4e7e-88b8-33936ab93238","parent":"f8635441211a0016ed10c7bc6848d254","plat":268435456,"sid":"c4ba6121-d13d-4871-82f8-4b5c5556761e","tags":["lc:testtag","windows"],"target":"8ced3bfcbf30b0dc5810c9e36818de5e","this":"bd20c10746d7a8c76d12cdf56848d255"}}]},"routing":{"arch":2,"did":"","event_id":"0b30002a-1d74-4d67-ae89-8cf1a30387ee","event_time":1749602901239,"event_type":"SENSITIVE_PROCESS_ACCESS","ext_ip":"34.58.90.170","hostname":"desktop-c2a1841.c.lc-demo-infra.internal.","iid":"09774cc8-cb43-4164-abd3-87230031c142","int_ip":"10.128.15.200","latency":-29,"moduleid":2,"oid":"aac9c41d-e0a3-4e7e-88b8-33936ab93238","parent":"f8635441211a0016ed10c7bc6848d254","plat":268435456,"sid":"c4ba6121-d13d-4871-82f8-4b5c5556761e","tags":["lc:testtag","windows"],"target":"8ced3bfcbf30b0dc5810c9e36818de5e","this":"8fa62ab39689b77312ed13246848d255"},"ts":"2025-06-11 00:48:21"}
{"event":{"EVENT":{"EventData":"","System":{"Channel":"Application","Computer":"windows-server-2022-aac9c41d-e0a3-4e7e-88b8-33936ab93238-0","Correlation":"","EventID":{"Qualifiers":"49152","content":"16394"},"EventRecordID":"72888","Execution":{"ProcessID":"0","ThreadID":"0"},"Keywords":"0x80000000000000","Level":"4","Opcode":"0","Provider":{"EventSourceName":"Software Protection Platform Service","Guid":"{E23B33B0-C8C9-472C-A5F9-F2BDFEA0F156}","Name":"Microsoft-Windows-Security-SPP"},"Security":"","Task":"0","TimeCreated":{"SystemTime":"2025-06-11T00:48:21.6859423Z"},"Version":"0","_event_id":"16394"}}},"routing":{"arch":2,"did":"","event_id":"84ebc60e-5422-48ad-9d09-1b0c4e5ba9ec","event_time":1749602901685,"event_type":"WEL","ext_ip":"34.171.104.183","hostname":"windows-server-2022-aac9c41d-e0a3-4e7e-88b8-33936ab93238-0.c.lc-demo-infra.internal.","iid":"09774cc8-cb43-4164-abd3-87230031c142","int_ip":"10.128.15.201","latency":18,"moduleid":2,"oid":"aac9c41d-e0a3-4e7e-88b8-33936ab93238","plat":268435456,"sid":"17b8710a-7337-4e64-9c18-2955e86f2d0d","tags":["fim","lc:stable","windows"],"this":"b6b4487f80f8e32638a056556848d255"},"ts":"2025-06-11 00:48:21"}
{"event":{"COMMAND_LINE":"C:\\Windows\\system32\\sppsvc.exe","FILE_IS_SIGNED":1,"FILE_PATH":"C:\\Windows\\system32\\sppsvc.exe","HASH":"73cf8f4b9ec87b65c6a9e16139e3f7b6ae82c18899abe47b9014e607eff1ea9a","MEMORY_USAGE":13324288,"PARENT":{"FILE_IS_SIGNED":1,"FILE_PATH":"\\Device\\HarddiskVolume3\\Windows\\System32\\services.exe","HASH":"61480752127c47ea71a61217dd2d46fda104b0b48af9905ded6c607b946da3d1","MEMORY_USAGE":9588736,"PARENT_ATOM":"30f4c8d36afcbb0f8b6f1f6b6825611e","PARENT_PROCESS_ID":488,"PROCESS_ID":628,"THIS_ATOM":"b56d4120493c4260490c5b186825611e","THREADS":37,"TIMESTAMP":1747280158567,"USER_NAME":"NT AUTHORITY\\SYSTEM"},"PARENT_PROCESS_ID":628,"PROCESS_ID":8888,"THREADS":9,"USER_NAME":"NT AUTHORITY\\NETWORK SERVICE"},"routing":{"arch":2,"did":"","event_id":"7fa76d12-0012-4439-a270-a6e0fc3d5bdc","event_time":1749602901278,"event_type":"NEW_PROCESS","ext_ip":"34.171.104.183","hostname":"windows-server-2022-aac9c41d-e0a3-4e7e-88b8-33936ab93238-0.c.lc-demo-infra.internal.","iid":"09774cc8-cb43-4164-abd3-87230031c142","int_ip":"10.128.15.201","latency":945,"moduleid":2,"oid":"aac9c41d-e0a3-4e7e-88b8-33936ab93238","parent":"b56d4120493c4260490c5b186825611e","plat":268435456,"sid":"17b8710a-7337-4e64-9c18-2955e86f2d0d","tags":["fim","lc:stable","windows"],"this":"0e38c9fd09c7192d4c454e416848d256"},"ts":"2025-06-11 00:48:21"}
{"event":{"ACTION":"modified","FILE_PATH":"C:\\Windows\\ServiceState\\EventLog\\Data\\lastalive0.dat","HASH":"620b7b110f711091aae376c642f5d9f42991db46ca42b993f583f469124e1f57","PROCESS":{"BASE_ADDRESS":140699902017536,"COMMAND_LINE":"C:\\Windows\\System32\\svchost.exe -k LocalServiceNetworkRestricted -p -s EventLog","CREATION_TIME":1747280143315,"FILE_IS_SIGNED":1,"FILE_PATH":"C:\\Windows\\System32\\svchost.exe","HASH":"d7f10571f58adbe122f615b869eb42b05286770148067cbf88054c38f1bca4c4","MEMORY_USAGE":18825216,"PARENT_ATOM":"b56d4120493c4260490c5b186825611e","PARENT_PROCESS_ID":628,"PROCESS_ID":1164,"THIS_ATOM":"0abde42b2fc3298428bbe14d68256120","THREADS":11,"TIMESTAMP":1747280160351,"USER_NAME":"NT AUTHORITY\\LOCAL SERVICE"},"PROCESS_ID":1164},"routing":{"arch":2,"did":"","event_id":"258d2614-97b4-4e6c-8a65-9c143ea8b1ac","event_time":1749602901951,"event_type":"FIM_HIT","ext_ip":"34.171.104.183","hostname":"windows-server-2022-aac9c41d-e0a3-4e7e-88b8-33936ab93238-0.c.lc-demo-infra.internal.","iid":"09774cc8-cb43-4164-abd3-87230031c142","int_ip":"10.128.15.201","latency":940,"moduleid":2,"oid":"aac9c41d-e0a3-4e7e-88b8-33936ab93238","parent":"0abde42b2fc3298428bbe14d68256120","plat":268435456,"sid":"17b8710a-7337-4e64-9c18-2955e86f2d0d","tags":["fim","lc:stable","windows"],"this":"13e5e5775b94696e0fb481f16848d256"},"ts":"2025-06-11 00:48:21"}
{"event":{"PARENT_PROCESS_ID":2232,"PROCESS_ID":15448},"routing":{"arch":2,"did":"","event_id":"14ec073e-1ad8-4a72-b335-ec2b855677e0","event_time":1749602901083,"event_type":"TERMINATE_PROCESS","ext_ip":"34.58.90.170","hostname":"desktop-c2a1841.c.lc-demo-infra.internal.","iid":"09774cc8-cb43-4164-abd3-87230031c142","int_ip":"10.128.15.200","latency":3998,"moduleid":2,"oid":"aac9c41d-e0a3-4e7e-88b8-33936ab93238","parent":"228921f2958cabe9cd876fc56848d252","plat":268435456,"sid":"c4ba6121-d13d-4871-82f8-4b5c5556761e","tags":["lc:testtag","windows"],"this":"9178bf9436e2e669e0aa77cc6848d259"},"ts":"2025-06-11 00:48:21"}
{"event":{"PARENT_PROCESS_ID":15448,"PROCESS_ID":17960},"routing":{"arch":2,"did":"","event_id":"fa944750-f273-4f83-aebc-868fdd7ac2cc","event_time":1749602901083,"event_type":"TERMINATE_PROCESS","ext_ip":"34.58.90.170","hostname":"desktop-c2a1841.c.lc-demo-infra.internal.","iid":"09774cc8-cb43-4164-abd3-87230031c142","int_ip":"10.128.15.200","latency":4002,"moduleid":2,"oid":"aac9c41d-e0a3-4e7e-88b8-33936ab93238","parent":"d988fe5023aaccae7393c7a06848d252","plat":268435456,"sid":"c4ba6121-d13d-4871-82f8-4b5c5556761e","tags":["lc:testtag","windows"],"this":"e7b52f9ff6bb58dcc971a5606848d259"},"ts":"2025-06-11 00:48:21"}
{"event":{"PARENT_PROCESS_ID":15448,"PROCESS_ID":17968},"routing":{"arch":2,"did":"","event_id":"126b6827-b50e-47d4-ba46-1298b455c040","event_time":1749602901083,"event_type":"TERMINATE_PROCESS","ext_ip":"34.58.90.170","hostname":"desktop-c2a1841.c.lc-demo-infra.internal.","iid":"09774cc8-cb43-4164-abd3-87230031c142","int_ip":"10.128.15.200","latency":4007,"moduleid":2,"oid":"aac9c41d-e0a3-4e7e-88b8-33936ab93238","parent":"eac217b2726e0eb41ea4b59f6848d252","plat":268435456,"sid":"c4ba6121-d13d-4871-82f8-4b5c5556761e","tags":["lc:testtag","windows"],"this":"fac471f980b38fa593f822276848d259"},"ts":"2025-06-11 00:48:21"}
{"event":{"EVENT":{"EventData":{"AuthenticationPackageName":"Negotiate","ElevatedToken":"%%1842","ImpersonationLevel":"%%1833","IpAddress":"-","IpPort":"-","KeyLength":"0","LmPackageName":"-","LogonGuid":"{00000000-0000-0000-0000-000000000000}","LogonProcessName":"Advapi","LogonType":"5","ProcessId":"0x270","ProcessName":"C:\\Windows\\System32\\services.exe","RestrictedAdminMode":"-","SubjectDomainName":"WORKGROUP","SubjectLogonId":"0x3e7","SubjectUserName":"DESKTOP-C2A1841$","SubjectUserSid":"S-1-5-18","TargetDomainName":"NT AUTHORITY","TargetLinkedLogonId":"0x0","TargetLogonId":"0x3e7","TargetOutboundDomainName":"-","TargetOutboundUserName":"-","TargetUserName":"SYSTEM","TargetUserSid":"S-1-5-18","TransmittedServices":"-","VirtualAccount":"%%1843","WorkstationName":"-"},"System":{"Channel":"Security","Computer":"DESKTOP-C2A1841","Correlation":{"ActivityID":"{352b8892-aa45-0001-ddca-25f63c52db01}"},"EventID":"4624","EventRecordID":"4695563","Execution":{"ProcessID":"648","ThreadID":"19432"},"Keywords":"0x8020000000000000","Level":"0","Opcode":"0","Provider":{"Guid":"{54849625-5478-4994-a5ba-3e3b0328c30d}","Name":"Microsoft-Windows-Security-Auditing"},"Security":"","Task":"12544","TimeCreated":{"SystemTime":"2025-06-11T00:48:18.6437216Z"},"Version":"2","_event_id":"4624"}}},"routing":{"arch":2,"did":"","event_id":"e9c0346c-b97a-44cc-a691-8e6996a71b81","event_time":1749602900645,"event_type":"WEL","ext_ip":"34.58.90.170","hostname":"desktop-c2a1841.c.lc-demo-infra.internal.","iid":"09774cc8-cb43-4164-abd3-87230031c142","int_ip":"10.128.15.200","latency":-29,"moduleid":2,"oid":"aac9c41d-e0a3-4e7e-88b8-33936ab93238","plat":268435456,"sid":"c4ba6121-d13d-4871-82f8-4b5c5556761e","tags":["lc:testtag","windows"],"this":"6d5052951e1d80ff95b1ca406848d254"},"ts":"2025-06-11 00:48:20"}
{"event":{"EVENT":{"EventData":{"PrivilegeList":"SeAssignPrimaryTokenPrivilege\n\t\t\tSeTcbPrivilege\n\t\t\tSeSecurityPrivilege\n\t\t\tSeTakeOwnershipPrivilege\n\t\t\tSeLoadDriverPrivilege\n\t\t\tSeBackupPrivilege\n\t\t\tSeRestorePrivilege\n\t\t\tSeDebugPrivilege\n\t\t\tSeAuditPrivilege\n\t\t\tSeSystemEnvironmentPrivilege\n\t\t\tSeImpersonatePrivilege\n\t\t\tSeDelegateSessionUserImpersonatePrivilege","SubjectDomainName":"NT AUTHORITY","SubjectLogonId":"0x3e7","SubjectUserName":"SYSTEM","SubjectUserSid":"S-1-5-18"},"System":{"Channel":"Security","Computer":"DESKTOP-C2A1841","Correlation":{"ActivityID":"{352b8892-aa45-0001-ddca-25f63c52db01}"},"EventID":"4672","EventRecordID":"4695564","Execution":{"ProcessID":"648","ThreadID":"19432"},"Keywords":"0x8020000000000000","Level":"0","Opcode":"0","Provider":{"Guid":"{54849625-5478-4994-a5ba-3e3b0328c30d}","Name":"Microsoft-Windows-Security-Auditing"},"Security":"","Task":"12548","TimeCreated":{"SystemTime":"2025-06-11T00:48:18.6437327Z"},"Version":"0","_event_id":"4672"}}},"routing":{"arch":2,"did":"","event_id":"974e5bc7-8001-474d-be02-591064ad470a","event_time":1749602900645,"event_type":"WEL","ext_ip":"34.58.90.170","hostname":"desktop-c2a1841.c.lc-demo-infra.internal.","iid":"09774cc8-cb43-4164-abd3-87230031c142","int_ip":"10.128.15.200","latency":-27,"moduleid":2,"oid":"aac9c41d-e0a3-4e7e-88b8-33936ab93238","plat":268435456,"sid":"c4ba6121-d13d-4871-82f8-4b5c5556761e","tags":["lc:testtag","windows"],"this":"bdea354fab79d5f86ae2c2de6848d254"},"ts":"2025-06-11 00:48:20"}
{"event":{"ENVIRONMENT_VARIABLES":["ALLUSERSPROFILE=C:\\ProgramData","APPDATA=C:\\Windows\\system32\\config\\systemprofile\\AppData\\Roaming","CommonProgramFiles=C:\\Program Files\\Common Files","CommonProgramFiles(x86)=C:\\Program Files (x86)\\Common Files","CommonProgramW6432=C:\\Program Files\\Common Files","COMPUTERNAME=DESKTOP-C2A1841","ComSpec=C:\\Windows\\system32\\cmd.exe","DriverData=C:\\Windows\\System32\\Drivers\\DriverData","FPS_BROWSER_APP_PROFILE_STRING=Internet Explorer","FPS_BROWSER_USER_PROFILE_STRING=Default","GooGetRoot=C:\\ProgramData\\GooGet","LOCALAPPDATA=C:\\Windows\\system32\\config\\systemprofile\\AppData\\Local","NUMBER_OF_PROCESSORS=2","OS=Windows_NT","Path=C:\\Windows\\system32;C:\\Windows;C:\\Windows\\System32\\Wbem;C:\\Windows\\System32\\WindowsPowerShell\\v1.0\\;C:\\Windows\\System32\\OpenSSH\\;C:\\ProgramData\\GooGet;C:\\Program Files\\Google\\Compute Engine\\metadata_scripts;C:\\Program Files\\Google\\Compute Engine\\sysprep;C:\\Windows\\system32\\config\\systemprofile\\AppData\\Local\\Microsoft\\WindowsApps","PATHEXT=.COM;.EXE;.BAT;.CMD;.VBS;.VBE;.JS;.JSE;.WSF;.WSH;.MSC","PROCESSOR_ARCHITECTURE=AMD64","PROCESSOR_IDENTIFIER=Intel64 Family 6 Model 79 Stepping 0, GenuineIntel","PROCESSOR_LEVEL=6","PROCESSOR_REVISION=4f00","ProgramData=C:\\ProgramData","ProgramFiles=C:\\Program Files","ProgramFiles(x86)=C:\\Program Files (x86)","ProgramW6432=C:\\Program Files","PSModulePath=C:\\Program Files\\WindowsPowerShell\\Modules;C:\\Windows\\system32\\WindowsPowerShell\\v1.0\\Modules","PUBLIC=C:\\Users\\Public","SystemDrive=C:","SystemRoot=C:\\Windows","TEMP=C:\\Windows\\TEMP","TMP=C:\\Windows\\TEMP","USERDOMAIN=WORKGROUP","USERNAME=DESKTOP-C2A1841$","USERPROFILE=C:\\Windows\\system32\\config\\systemprofile","windir=C:\\Windows"],"PROCESS_ID":19300},"routing":{"arch":2,"did":"","event_id":"c1af5af0-6911-4ce4-864f-a10210dc5d8b","event_time":1749602900848,"event_type":"PROCESS_ENVIRONMENT","ext_ip":"34.58.90.170","hostname":"desktop-c2a1841.c.lc-demo-infra.internal.","iid":"09774cc8-cb43-4164-abd3-87230031c142","int_ip":"10.128.15.200","latency":-15,"moduleid":2,"oid":"aac9c41d-e0a3-4e7e-88b8-33936ab93238","parent":"f8635441211a0016ed10c7bc6848d254","plat":268435456,"sid":"c4ba6121-d13d-4871-82f8-4b5c5556761e","tags":["lc:testtag","windows"],"this":"7b6d9d764ae445ac6229763a6848d254"},"ts":"2025-06-11 00:48:20"}
{"event":{"BASE_ADDRESS":140698865238016,"COMMAND_LINE":"C:\\Windows\\system32\\rundll32.exe","FILE_IS_SIGNED":1,"FILE_PATH":"C:\\Windows\\system32\\rundll32.exe","HASH":"b53f3c0cd32d7f20849850768da6431e5f876b7bfa61db0aa0700b02873393fa","MEMORY_USAGE":8855552,"PARENT":{"BASE_ADDRESS":140698865238016,"COMMAND_LINE":"C:\\Windows\\System32\\rundll32.exe","CREATION_TIME":1734629995072,"FILE_IS_SIGNED":1,"FILE_PATH":"C:\\Windows\\System32\\rundll32.exe","HASH":"b53f3c0cd32d7f20849850768da6431e5f876b7bfa61db0aa0700b02873393fa","MEMORY_USAGE":7294976,"PARENT_PROCESS_ID":2844,"PROCESS_ID":2232,"THIS_ATOM":"1f7d51435a96b7487a36ddd86818de60","THREADS":3,"TIMESTAMP":1746460256775,"USER_NAME":"NT AUTHORITY\\SYSTEM"},"PARENT_PROCESS_ID":2232,"PROCESS_ID":19300,"THREADS":3,"USER_NAME":"NT AUTHORITY\\SYSTEM"},"routing":{"arch":2,"did":"","event_id":"db8d0aee-d84f-4c04-824a-70288254aaff","event_time":1749602900191,"event_type":"NEW_PROCESS","ext_ip":"34.58.90.170","hostname":"desktop-c2a1841.c.lc-demo-infra.internal.","iid":"09774cc8-cb43-4164-abd3-87230031c142","int_ip":"10.128.15.200","latency":634,"moduleid":2,"oid":"aac9c41d-e0a3-4e7e-88b8-33936ab93238","parent":"1f7d51435a96b7487a36ddd86818de60","plat":268435456,"sid":"c4ba6121-d13d-4871-82f8-4b5c5556761e","tags":["lc:testtag","windows"],"this":"f8635441211a0016ed10c7bc6848d254"},"ts":"2025-06-11 00:48:20"}
{"event":{"EVENT":{"EventData":{"AuthenticationPackageName":"NTLM","FailureReason":"%%2313","IpAddress":"45.88.228.145","IpPort":"0","KeyLength":"0","LmPackageName":"-","LogonProcessName":"NtLmSsp","LogonType":"3","ProcessId":"0x0","ProcessName":"-","Status":"0xc000006d","SubStatus":"0xc000006a","SubjectDomainName":"-","SubjectLogonId":"0x0","SubjectUserName":"-","SubjectUserSid":"S-1-0-0","TargetDomainName":"-","TargetUserName":"Administrator","TargetUserSid":"S-1-0-0","TransmittedServices":"-","WorkstationName":"workstation"},"System":{"Channel":"Security","Computer":"windows-server-2022-aac9c41d-e0a3-4e7e-88b8-33936ab93238-0","Correlation":{"ActivityID":"{55ae049b-37ef-0001-ee39-a76a4ac5db01}"},"EventID":"4625","EventRecordID":"4431832","Execution":{"ProcessID":"648","ThreadID":"9068"},"Keywords":"0x8010000000000000","Level":"0","Opcode":"0","Provider":{"Guid":"{54849625-5478-4994-a5ba-3e3b0328c30d}","Name":"Microsoft-Windows-Security-Auditing"},"Security":"","Task":"12544","TimeCreated":{"SystemTime":"2025-06-11T00:48:19.9072359Z"},"Version":"0","_event_id":"4625"}}},"routing":{"arch":2,"did":"","event_id":"cf2c6699-0f1f-421f-adc5-915d3b667497","event_time":1749602900897,"event_type":"WEL","ext_ip":"34.171.104.183","hostname":"windows-server-2022-aac9c41d-e0a3-4e7e-88b8-33936ab93238-0.c.lc-demo-infra.internal.","iid":"09774cc8-cb43-4164-abd3-87230031c142","int_ip":"10.128.15.201","latency":2,"moduleid":2,"oid":"aac9c41d-e0a3-4e7e-88b8-33936ab93238","plat":268435456,"sid":"17b8710a-7337-4e64-9c18-2955e86f2d0d","tags":["fim","lc:stable","windows"],"this":"f98e6631d7db09eb4ec55e616848d254"},"ts":"2025-06-11 00:48:20"}
{"event":{"FILE_PATH":"\\Device\\NamedPipe\\lsass","PROCESS_ID":9144},"routing":{"arch":2,"did":"","event_id":"b64ea2ee-ca97-4ce7-a498-3502e1980b0a","event_time":1749602900175,"event_type":"OPEN_NAMED_PIPE","ext_ip":"34.58.90.170","hostname":"desktop-c2a1841.c.lc-demo-infra.internal.","iid":"09774cc8-cb43-4164-abd3-87230031c142","int_ip":"10.128.15.200","latency":846,"moduleid":2,"oid":"aac9c41d-e0a3-4e7e-88b8-33936ab93238","parent":"ffbfb46bea946942e01006366848d252","plat":268435456,"sid":"c4ba6121-d13d-4871-82f8-4b5c5556761e","tags":["lc:testtag","windows"],"this":"35b7511a9f6b4dc140ad22596848d255"},"ts":"2025-06-11 00:48:20"}
{"event":{"FILE_PATH":"\\Device\\NamedPipe\\srvsvc","PROCESS_ID":9144},"routing":{"arch":2,"did":"","event_id":"520896ca-cb19-4ce4-891d-14c65465f162","event_time":1749602900175,"event_type":"OPEN_NAMED_PIPE","ext_ip":"34.58.90.170","hostname":"desktop-c2a1841.c.lc-demo-infra.internal.","iid":"09774cc8-cb43-4164-abd3-87230031c142","int_ip":"10.128.15.200","latency":847,"moduleid":2,"oid":"aac9c41d-e0a3-4e7e-88b8-33936ab93238","parent":"ffbfb46bea946942e01006366848d252","plat":268435456,"sid":"c4ba6121-d13d-4871-82f8-4b5c5556761e","tags":["lc:testtag","windows"],"this":"157a6c1a6a76fe7a4a8f4eab6848d255"},"ts":"2025-06-11 00:48:20"}
{"event":{"FILE_PATH":"\\Device\\NamedPipe\\lsass","PROCESS_ID":9144},"routing":{"arch":2,"did":"","event_id":"0826b217-56ad-483b-9875-b41bc2bf6197","event_time":1749602900175,"event_type":"OPEN_NAMED_PIPE","ext_ip":"34.58.90.170","hostname":"desktop-c2a1841.c.lc-demo-infra.internal.","iid":"09774cc8-cb43-4164-abd3-87230031c142","int_ip":"10.128.15.200","latency":848,"moduleid":2,"oid":"aac9c41d-e0a3-4e7e-88b8-33936ab93238","parent":"ffbfb46bea946942e01006366848d252","plat":268435456,"sid":"c4ba6121-d13d-4871-82f8-4b5c5556761e","tags":["lc:testtag","windows"],"this":"3dd184ea73ebf4c35f135b2b6848d255"},"ts":"2025-06-11 00:48:20"}
{"event":{"FILE_PATH":"C:\\Windows\\Prefetch\\SYSTEMINFO.EXE-3EAAF1C2.pf","PROCESS_ID":1748},"routing":{"arch":2,"did":"","event_id":"2170878c-a275-45e0-9c10-8138f593d652","event_time":1749602900206,"event_type":"FILE_MODIFIED","ext_ip":"34.58.90.170","hostname":"desktop-c2a1841.c.lc-demo-infra.internal.","iid":"09774cc8-cb43-4164-abd3-87230031c142","int_ip":"10.128.15.200","latency":817,"moduleid":2,"oid":"aac9c41d-e0a3-4e7e-88b8-33936ab93238","parent":"55ff55c5f3c5efdfb63413c16818de60","plat":268435456,"sid":"c4ba6121-d13d-4871-82f8-4b5c5556761e","tags":["lc:testtag","windows"],"this":"4a884b89f6a12d1ddd0829656848d255"},"ts":"2025-06-11 00:48:20"}
{"event":{"FILE_PATH":"\\Device\\NamedPipe\\postex_350e","PROCESS_ID":19300},"routing":{"arch":2,"did":"","event_id":"49817678-5520-471c-bc09-d24001990dbf","event_time":1749602900333,"event_type":"NEW_NAMED_PIPE","ext_ip":"34.58.90.170","hostname":"desktop-c2a1841.c.lc-demo-infra.internal.","iid":"09774cc8-cb43-4164-abd3-87230031c142","int_ip":"10.128.15.200","latency":690,"moduleid":2,"oid":"aac9c41d-e0a3-4e7e-88b8-33936ab93238","parent":"f8635441211a0016ed10c7bc6848d254","plat":268435456,"sid":"c4ba6121-d13d-4871-82f8-4b5c5556761e","tags":["lc:testtag","windows"],"this":"522a38ccf7f4ff5fa751d89d6848d255"},"ts":"2025-06-11 00:48:20"}
{"event":{"FILE_PATH":"\\Device\\NamedPipe\\postex_350e","PROCESS_ID":2232},"routing":{"arch":2,"did":"","event_id":"16a10297-7a9b-4684-a2d1-b0a8e2c792a2","event_time":1749602900848,"event_type":"OPEN_NAMED_PIPE","ext_ip":"34.58.90.170","hostname":"desktop-c2a1841.c.lc-demo-infra.internal.","iid":"09774cc8-cb43-4164-abd3-87230031c142","int_ip":"10.128.15.200","latency":176,"moduleid":2,"oid":"aac9c41d-e0a3-4e7e-88b8-33936ab93238","parent":"1f7d51435a96b7487a36ddd86818de60","plat":268435456,"sid":"c4ba6121-d13d-4871-82f8-4b5c5556761e","tags":["lc:testtag","windows"],"this":"530597cad0a39674c9fbced56848d255"},"ts":"2025-06-11 00:48:20"}
{"event":{"COMMAND_LINE":"C:\\ProgramData\\GooGet\\googet.exe installed","FILE_IS_SIGNED":0,"FILE_PATH":"C:\\ProgramData\\GooGet\\googet.exe","HASH":"9ab693244ec4fe589fc54720c12385d443f4703237d4a28803df765042780297","PARENT":{"BASE_ADDRESS":2162688,"COMMAND_LINE":"\"C:\\Program Files\\Google\\OSConfig\\google_osconfig_agent.exe\"","CREATION_TIME":1747280143066,"FILE_IS_SIGNED":1,"FILE_PATH":"C:\\Program Files\\Google\\OSConfig\\google_osconfig_agent.exe","HASH":"5749b2693aaf2042fb068b00ee5b29614b738545f9f3bcc9028597a49d7a3714","MEMORY_USAGE":21397504,"PARENT_ATOM":"b56d4120493c4260490c5b186825611e","PARENT_PROCESS_ID":628,"PROCESS_ID":664,"THIS_ATOM":"e583082c3131f150bbd6f25e6825611e","THREADS":13,"TIMESTAMP":1747280158629,"USER_NAME":"NT AUTHORITY\\SYSTEM"},"PARENT_PROCESS_ID":664,"PROCESS_ID":1988},"routing":{"arch":2,"did":"","event_id":"751d399e-738b-41f0-84cc-a8870d7fb9d1","event_time":1749602900898,"event_type":"NEW_PROCESS","ext_ip":"34.171.104.183","hostname":"windows-server-2022-aac9c41d-e0a3-4e7e-88b8-33936ab93238-0.c.lc-demo-infra.internal.","iid":"09774cc8-cb43-4164-abd3-87230031c142","int_ip":"10.128.15.201","latency":300,"moduleid":2,"oid":"aac9c41d-e0a3-4e7e-88b8-33936ab93238","parent":"e583082c3131f150bbd6f25e6825611e","plat":268435456,"sid":"17b8710a-7337-4e64-9c18-2955e86f2d0d","tags":["fim","lc:stable","windows"],"this":"4d807101c8149f32db6700bf6848d255"},"ts":"2025-06-11 00:48:20"}
{"event":{"COMMAND_LINE":"\\??\\C:\\Windows\\system32\\conhost.exe 0xffffffff -ForceV1","FILE_IS_SIGNED":1,"FILE_PATH":"C:\\Windows\\System32\\Conhost.exe","HASH":"91c5c21d07fbc2f5344dc2a5e9e0b83a9f051f92d3dc2b25ff1c18ad96ae773a","PARENT":{"COMMAND_LINE":"C:\\ProgramData\\GooGet\\googet.exe installed","FILE_IS_SIGNED":0,"FILE_PATH":"C:\\ProgramData\\GooGet\\googet.exe","HASH":"9ab693244ec4fe589fc54720c12385d443f4703237d4a28803df765042780297","PARENT_ATOM":"e583082c3131f150bbd6f25e6825611e","PARENT_PROCESS_ID":664,"PROCESS_ID":1988,"THIS_ATOM":"4d807101c8149f32db6700bf6848d255","TIMESTAMP":1749602900898},"PARENT_PROCESS_ID":1988,"PROCESS_ID":5244},"routing":{"arch":2,"did":"","event_id":"fbfc31dc-5213-42eb-83d2-ad0621485766","event_time":1749602900902,"event_type":"NEW_PROCESS","ext_ip":"34.171.104.183","hostname":"windows-server-2022-aac9c41d-e0a3-4e7e-88b8-33936ab93238-0.c.lc-demo-infra.internal.","iid":"09774cc8-cb43-4164-abd3-87230031c142","int_ip":"10.128.15.201","latency":305,"moduleid":2,"oid":"aac9c41d-e0a3-4e7e-88b8-33936ab93238","parent":"4d807101c8149f32db6700bf6848d255","plat":268435456,"sid":"17b8710a-7337-4e64-9c18-2955e86f2d0d","tags":["fim","lc:stable","windows"],"this":"fb7430172e3184f0b937202b6848d255"},"ts":"2025-06-11 00:48:20"}
{"event":{"BASE_ADDRESS":2162688,"COMMAND_LINE":"\"C:\\Program Files\\Google\\OSConfig\\google_osconfig_agent.exe\" wuaupdates IsInstalled=1","FILE_IS_SIGNED":1,"FILE_PATH":"C:\\Program Files\\Google\\OSConfig\\google_osconfig_agent.exe","HASH":"5749b2693aaf2042fb068b00ee5b29614b738545f9f3bcc9028597a49d7a3714","MEMORY_USAGE":23556096,"PARENT":{"BASE_ADDRESS":2162688,"COMMAND_LINE":"\"C:\\Program Files\\Google\\OSConfig\\google_osconfig_agent.exe\"","CREATION_TIME":1747280143066,"FILE_IS_SIGNED":1,"FILE_PATH":"C:\\Program Files\\Google\\OSConfig\\google_osconfig_agent.exe","HASH":"5749b2693aaf2042fb068b00ee5b29614b738545f9f3bcc9028597a49d7a3714","MEMORY_USAGE":21397504,"PARENT_ATOM":"b56d4120493c4260490c5b186825611e","PARENT_PROCESS_ID":628,"PROCESS_ID":664,"THIS_ATOM":"e583082c3131f150bbd6f25e6825611e","THREADS":13,"TIMESTAMP":1747280158629,"USER_NAME":"NT AUTHORITY\\SYSTEM"},"PARENT_PROCESS_ID":664,"PROCESS_ID":7196,"THREADS":11,"USER_NAME":"NT AUTHORITY\\SYSTEM"},"routing":{"arch":2,"did":"","event_id":"60c06cc4-4f5e-4f05-ad1c-c8cf308dab15","event_time":1749602900978,"event_type":"NEW_PROCESS","ext_ip":"34.171.104.183","hostname":"windows-server-2022-aac9c41d-e0a3-4e7e-88b8-33936ab93238-0.c.lc-demo-infra.internal.","iid":"09774cc8-cb43-4164-abd3-87230031c142","int_ip":"10.128.15.201","latency":236,"moduleid":2,"oid":"aac9c41d-e0a3-4e7e-88b8-33936ab93238","parent":"e583082c3131f150bbd6f25e6825611e","plat":268435456,"sid":"17b8710a-7337-4e64-9c18-2955e86f2d0d","tags":["fim","lc:stable","windows"],"this":"cfe1a27950882e43637584376848d255"},"ts":"2025-06-11 00:48:20"}
