{"event":{"BASE_ADDRESS":140700357165056,"COMMAND_LINE":"\\??\\C:\\Windows\\system32\\conhost.exe 0xffffffff -ForceV1","FILE_IS_SIGNED":1,"FILE_PATH":"C:\\Windows\\System32\\Conhost.exe","HASH":"91c5c21d07fbc2f5344dc2a5e9e0b83a9f051f92d3dc2b25ff1c18ad96ae773a","MEMORY_USAGE":13836288,"PARENT":{"BASE_ADDRESS":2162688,"COMMAND_LINE":"\"C:\\Program Files\\Google\\OSConfig\\google_osconfig_agent.exe\" wuaupdates IsInstalled=1","FILE_IS_SIGNED":1,"FILE_PATH":"C:\\Program Files\\Google\\OSConfig\\google_osconfig_agent.exe","HASH":"5749b2693aaf2042fb068b00ee5b29614b738545f9f3bcc9028597a49d7a3714","MEMORY_USAGE":23556096,"PARENT_ATOM":"e583082c3131f150bbd6f25e6825611e","PARENT_PROCESS_ID":664,"PROCESS_ID":7196,"THIS_ATOM":"cfe1a27950882e43637584376848d255","THREADS":11,"TIMESTAMP":1749602900978,"USER_NAME":"NT AUTHORITY\\SYSTEM"},"PARENT_PROCESS_ID":7196,"PROCESS_ID":4172,"THREADS":5,"USER_NAME":"NT AUTHORITY\\SYSTEM"},"routing":{"arch":2,"did":"","event_id":"f50ca793-0750-40d8-b419-ffbdcba5f893","event_time":1749602900982,"event_type":"NEW_PROCESS","ext_ip":"34.171.104.183","hostname":"windows-server-2022-aac9c41d-e0a3-4e7e-88b8-33936ab93238-0.c.lc-demo-infra.internal.","iid":"09774cc8-cb43-4164-abd3-87230031c142","int_ip":"10.128.15.201","latency":238,"moduleid":2,"oid":"aac9c41d-e0a3-4e7e-88b8-33936ab93238","parent":"cfe1a27950882e43637584376848d255","plat":268435456,"sid":"17b8710a-7337-4e64-9c18-2955e86f2d0d","tags":["fim","lc:stable","windows"],"this":"8a996d5d44928de9f14a4bb66848d255"},"ts":"2025-06-11 00:48:20"}
{"event":{"DNS_TYPE":1,"DOMAIN_NAME":"us-central1-a-osconfig.googleapis.com","IP_ADDRESS":"172.217.214.95","MESSAGE_ID":39025,"PROCESS_ID":1664},"routing":{"arch":2,"did":"","event_id":"9f1face6-80a9-4ea3-92ce-1eb14be50b03","event_time":1749602900829,"event_type":"DNS_REQUEST","ext_ip":"34.171.104.183","hostname":"windows-server-2022-aac9c41d-e0a3-4e7e-88b8-33936ab93238-0.c.lc-demo-infra.internal.","iid":"09774cc8-cb43-4164-abd3-87230031c142","int_ip":"10.128.15.201","latency":989,"moduleid":2,"oid":"aac9c41d-e0a3-4e7e-88b8-33936ab93238","parent":"c5c7b27cabe36d9ede5463b468256120","plat":268435456,"sid":"17b8710a-7337-4e64-9c18-2955e86f2d0d","tags":["fim","lc:stable","windows"],"this":"9a035658b1da47cc4effa2ed6848d255"},"ts":"2025-06-11 00:48:20"}
{"event":{"DNS_TYPE":1,"DOMAIN_NAME":"us-central1-a-osconfig.googleapis.com","IP_ADDRESS":"142.251.184.95","MESSAGE_ID":39025,"PROCESS_ID":1664},"routing":{"arch":2,"did":"","event_id":"57eab2e6-1b2b-4a29-b67b-004e5ce27e26","event_time":1749602900829,"event_type":"DNS_REQUEST","ext_ip":"34.171.104.183","hostname":"windows-server-2022-aac9c41d-e0a3-4e7e-88b8-33936ab93238-0.c.lc-demo-infra.internal.","iid":"09774cc8-cb43-4164-abd3-87230031c142","int_ip":"10.128.15.201","latency":991,"moduleid":2,"oid":"aac9c41d-e0a3-4e7e-88b8-33936ab93238","parent":"c5c7b27cabe36d9ede5463b468256120","plat":268435456,"sid":"17b8710a-7337-4e64-9c18-2955e86f2d0d","tags":["fim","lc:stable","windows"],"this":"d9704393674c771b4fd6d5576848d255"},"ts":"2025-06-11 00:48:20"}
{"event":{"DNS_TYPE":1,"DOMAIN_NAME":"us-central1-a-osconfig.googleapis.com","IP_ADDRESS":"142.251.189.95","MESSAGE_ID":39025,"PROCESS_ID":1664},"routing":{"arch":2,"did":"","event_id":"35b56a43-81c1-46a1-b9e8-32286e98ea1b","event_time":1749602900829,"event_type":"DNS_REQUEST","ext_ip":"34.171.104.183","hostname":"windows-server-2022-aac9c41d-e0a3-4e7e-88b8-33936ab93238-0.c.lc-demo-infra.internal.","iid":"09774cc8-cb43-4164-abd3-87230031c142","int_ip":"10.128.15.201","latency":991,"moduleid":2,"oid":"aac9c41d-e0a3-4e7e-88b8-33936ab93238","parent":"c5c7b27cabe36d9ede5463b468256120","plat":268435456,"sid":"17b8710a-7337-4e64-9c18-2955e86f2d0d","tags":["fim","lc:stable","windows"],"this":"5e50e3da220b7f66cdde75b86848d255"},"ts":"2025-06-11 00:48:20"}
{"event":{"DNS_TYPE":1,"DOMAIN_NAME":"us-central1-a-osconfig.googleapis.com","IP_ADDRESS":"173.194.64.95","MESSAGE_ID":39025,"PROCESS_ID":1664},"routing":{"arch":2,"did":"","event_id":"22e09d9e-a128-4cb6-aead-d29328369141","event_time":1749602900829,"event_type":"DNS_REQUEST","ext_ip":"34.171.104.183","hostname":"windows-server-2022-aac9c41d-e0a3-4e7e-88b8-33936ab93238-0.c.lc-demo-infra.internal.","iid":"09774cc8-cb43-4164-abd3-87230031c142","int_ip":"10.128.15.201","latency":991,"moduleid":2,"oid":"aac9c41d-e0a3-4e7e-88b8-33936ab93238","parent":"c5c7b27cabe36d9ede5463b468256120","plat":268435456,"sid":"17b8710a-7337-4e64-9c18-2955e86f2d0d","tags":["fim","lc:stable","windows"],"this":"2c9fbe7f9ebf95e4fa2633c36848d255"},"ts":"2025-06-11 00:48:20"}
{"event":{"DNS_TYPE":1,"DOMAIN_NAME":"us-central1-a-osconfig.googleapis.com","IP_ADDRESS":"108.177.121.95","MESSAGE_ID":39025,"PROCESS_ID":1664},"routing":{"arch":2,"did":"","event_id":"2fc69def-3ab6-43a2-b24c-68acc4422ed6","event_time":1749602900829,"event_type":"DNS_REQUEST","ext_ip":"34.171.104.183","hostname":"windows-server-2022-aac9c41d-e0a3-4e7e-88b8-33936ab93238-0.c.lc-demo-infra.internal.","iid":"09774cc8-cb43-4164-abd3-87230031c142","int_ip":"10.128.15.201","latency":991,"moduleid":2,"oid":"aac9c41d-e0a3-4e7e-88b8-33936ab93238","parent":"c5c7b27cabe36d9ede5463b468256120","plat":268435456,"sid":"17b8710a-7337-4e64-9c18-2955e86f2d0d","tags":["fim","lc:stable","windows"],"this":"a4272d9cdf2b45355b5cf92d6848d255"},"ts":"2025-06-11 00:48:20"}
{"event":{"DNS_TYPE":1,"DOMAIN_NAME":"us-central1-a-osconfig.googleapis.com","IP_ADDRESS":"209.85.145.95","MESSAGE_ID":39025,"PROCESS_ID":1664},"routing":{"arch":2,"did":"","event_id":"4d8a3c4c-61d3-4abe-be54-cc1395153a4f","event_time":1749602900829,"event_type":"DNS_REQUEST","ext_ip":"34.171.104.183","hostname":"windows-server-2022-aac9c41d-e0a3-4e7e-88b8-33936ab93238-0.c.lc-demo-infra.internal.","iid":"09774cc8-cb43-4164-abd3-87230031c142","int_ip":"10.128.15.201","latency":991,"moduleid":2,"oid":"aac9c41d-e0a3-4e7e-88b8-33936ab93238","parent":"c5c7b27cabe36d9ede5463b468256120","plat":268435456,"sid":"17b8710a-7337-4e64-9c18-2955e86f2d0d","tags":["fim","lc:stable","windows"],"this":"3f96fb268e4fd48f32836b916848d255"},"ts":"2025-06-11 00:48:20"}
{"event":{"DNS_TYPE":1,"DOMAIN_NAME":"us-central1-a-osconfig.googleapis.com","IP_ADDRESS":"142.250.152.95","MESSAGE_ID":39025,"PROCESS_ID":1664},"routing":{"arch":2,"did":"","event_id":"4f6a9f62-4c85-4384-91ae-3e5ff1e9ef5e","event_time":1749602900829,"event_type":"DNS_REQUEST","ext_ip":"34.171.104.183","hostname":"windows-server-2022-aac9c41d-e0a3-4e7e-88b8-33936ab93238-0.c.lc-demo-infra.internal.","iid":"09774cc8-cb43-4164-abd3-87230031c142","int_ip":"10.128.15.201","latency":992,"moduleid":2,"oid":"aac9c41d-e0a3-4e7e-88b8-33936ab93238","parent":"c5c7b27cabe36d9ede5463b468256120","plat":268435456,"sid":"17b8710a-7337-4e64-9c18-2955e86f2d0d","tags":["fim","lc:stable","windows"],"this":"8275cce051c6dce44ad17b696848d255"},"ts":"2025-06-11 00:48:20"}
{"event":{"DNS_TYPE":1,"DOMAIN_NAME":"us-central1-a-osconfig.googleapis.com","IP_ADDRESS":"192.178.129.95","MESSAGE_ID":39025,"PROCESS_ID":1664},"routing":{"arch":2,"did":"","event_id":"5c4dc09c-c0a0-405e-a572-871b49224f51","event_time":1749602900829,"event_type":"DNS_REQUEST","ext_ip":"34.171.104.183","hostname":"windows-server-2022-aac9c41d-e0a3-4e7e-88b8-33936ab93238-0.c.lc-demo-infra.internal.","iid":"09774cc8-cb43-4164-abd3-87230031c142","int_ip":"10.128.15.201","latency":992,"moduleid":2,"oid":"aac9c41d-e0a3-4e7e-88b8-33936ab93238","parent":"c5c7b27cabe36d9ede5463b468256120","plat":268435456,"sid":"17b8710a-7337-4e64-9c18-2955e86f2d0d","tags":["fim","lc:stable","windows"],"this":"7cc65d268fcfdb693b8ee5356848d255"},"ts":"2025-06-11 00:48:20"}
{"event":{"DNS_TYPE":1,"DOMAIN_NAME":"us-central1-a-osconfig.googleapis.com","IP_ADDRESS":"142.250.125.95","MESSAGE_ID":39025,"PROCESS_ID":1664},"routing":{"arch":2,"did":"","event_id":"7a3a0383-fa73-4dee-b0e7-4fb6260b07c0","event_time":1749602900829,"event_type":"DNS_REQUEST","ext_ip":"34.171.104.183","hostname":"windows-server-2022-aac9c41d-e0a3-4e7e-88b8-33936ab93238-0.c.lc-demo-infra.internal.","iid":"09774cc8-cb43-4164-abd3-87230031c142","int_ip":"10.128.15.201","latency":992,"moduleid":2,"oid":"aac9c41d-e0a3-4e7e-88b8-33936ab93238","parent":"c5c7b27cabe36d9ede5463b468256120","plat":268435456,"sid":"17b8710a-7337-4e64-9c18-2955e86f2d0d","tags":["fim","lc:stable","windows"],"this":"5f68e4473998edf1769ef21b6848d255"},"ts":"2025-06-11 00:48:20"}
{"event":{"DNS_TYPE":1,"DOMAIN_NAME":"us-central1-a-osconfig.googleapis.com","IP_ADDRESS":"209.85.200.95","MESSAGE_ID":39025,"PROCESS_ID":1664},"routing":{"arch":2,"did":"","event_id":"355c5dbf-928e-485f-850a-fee761b70736","event_time":1749602900829,"event_type":"DNS_REQUEST","ext_ip":"34.171.104.183","hostname":"windows-server-2022-aac9c41d-e0a3-4e7e-88b8-33936ab93238-0.c.lc-demo-infra.internal.","iid":"09774cc8-cb43-4164-abd3-87230031c142","int_ip":"10.128.15.201","latency":992,"moduleid":2,"oid":"aac9c41d-e0a3-4e7e-88b8-33936ab93238","parent":"c5c7b27cabe36d9ede5463b468256120","plat":268435456,"sid":"17b8710a-7337-4e64-9c18-2955e86f2d0d","tags":["fim","lc:stable","windows"],"this":"cdbcbfc51dba6c7f30c5469f6848d255"},"ts":"2025-06-11 00:48:20"}
{"event":{"DNS_TYPE":1,"DOMAIN_NAME":"us-central1-a-osconfig.googleapis.com","IP_ADDRESS":"173.194.206.95","MESSAGE_ID":39025,"PROCESS_ID":1664},"routing":{"arch":2,"did":"","event_id":"9f90a688-6f22-472d-a89d-05552fc06590","event_time":1749602900829,"event_type":"DNS_REQUEST","ext_ip":"34.171.104.183","hostname":"windows-server-2022-aac9c41d-e0a3-4e7e-88b8-33936ab93238-0.c.lc-demo-infra.internal.","iid":"09774cc8-cb43-4164-abd3-87230031c142","int_ip":"10.128.15.201","latency":992,"moduleid":2,"oid":"aac9c41d-e0a3-4e7e-88b8-33936ab93238","parent":"c5c7b27cabe36d9ede5463b468256120","plat":268435456,"sid":"17b8710a-7337-4e64-9c18-2955e86f2d0d","tags":["fim","lc:stable","windows"],"this":"8f0ba7b4a2f723b1036664a06848d255"},"ts":"2025-06-11 00:48:20"}
{"event":{"DNS_TYPE":1,"DOMAIN_NAME":"us-central1-a-osconfig.googleapis.com","IP_ADDRESS":"74.125.126.95","MESSAGE_ID":39025,"PROCESS_ID":1664},"routing":{"arch":2,"did":"","event_id":"d45607c5-2870-4334-bbf1-aac938b83775","event_time":1749602900829,"event_type":"DNS_REQUEST","ext_ip":"34.171.104.183","hostname":"windows-server-2022-aac9c41d-e0a3-4e7e-88b8-33936ab93238-0.c.lc-demo-infra.internal.","iid":"09774cc8-cb43-4164-abd3-87230031c142","int_ip":"10.128.15.201","latency":992,"moduleid":2,"oid":"aac9c41d-e0a3-4e7e-88b8-33936ab93238","parent":"c5c7b27cabe36d9ede5463b468256120","plat":268435456,"sid":"17b8710a-7337-4e64-9c18-2955e86f2d0d","tags":["fim","lc:stable","windows"],"this":"251330c1495b60c87586eb3b6848d255"},"ts":"2025-06-11 00:48:20"}
{"event":{"DNS_TYPE":1,"DOMAIN_NAME":"us-central1-a-osconfig.googleapis.com","IP_ADDRESS":"74.125.132.95","MESSAGE_ID":39025,"PROCESS_ID":1664},"routing":{"arch":2,"did":"","event_id":"0c255a1f-0a33-4e03-b686-f5bac8243fec","event_time":1749602900829,"event_type":"DNS_REQUEST","ext_ip":"34.171.104.183","hostname":"windows-server-2022-aac9c41d-e0a3-4e7e-88b8-33936ab93238-0.c.lc-demo-infra.internal.","iid":"09774cc8-cb43-4164-abd3-87230031c142","int_ip":"10.128.15.201","latency":993,"moduleid":2,"oid":"aac9c41d-e0a3-4e7e-88b8-33936ab93238","parent":"c5c7b27cabe36d9ede5463b468256120","plat":268435456,"sid":"17b8710a-7337-4e64-9c18-2955e86f2d0d","tags":["fim","lc:stable","windows"],"this":"1ef72621c511d1bcea9eb51e6848d255"},"ts":"2025-06-11 00:48:20"}
{"event":{"DNS_TYPE":1,"DOMAIN_NAME":"us-central1-a-osconfig.googleapis.com","IP_ADDRESS":"74.125.201.95","MESSAGE_ID":39025,"PROCESS_ID":1664},"routing":{"arch":2,"did":"","event_id":"19ac1dbf-8b70-4b0f-8294-65cb0c3d3344","event_time":1749602900829,"event_type":"DNS_REQUEST","ext_ip":"34.171.104.183","hostname":"windows-server-2022-aac9c41d-e0a3-4e7e-88b8-33936ab93238-0.c.lc-demo-infra.internal.","iid":"09774cc8-cb43-4164-abd3-87230031c142","int_ip":"10.128.15.201","latency":993,"moduleid":2,"oid":"aac9c41d-e0a3-4e7e-88b8-33936ab93238","parent":"c5c7b27cabe36d9ede5463b468256120","plat":268435456,"sid":"17b8710a-7337-4e64-9c18-2955e86f2d0d","tags":["fim","lc:stable","windows"],"this":"b0056c0ad7713972404cb4e66848d255"},"ts":"2025-06-11 00:48:20"}
{"event":{"DNS_TYPE":1,"DOMAIN_NAME":"us-central1-a-osconfig.googleapis.com","IP_ADDRESS":"74.125.202.95","MESSAGE_ID":39025,"PROCESS_ID":1664},"routing":{"arch":2,"did":"","event_id":"4da3487b-a0f7-4a60-99cb-0000401255a3","event_time":1749602900829,"event_type":"DNS_REQUEST","ext_ip":"34.171.104.183","hostname":"windows-server-2022-aac9c41d-e0a3-4e7e-88b8-33936ab93238-0.c.lc-demo-infra.internal.","iid":"09774cc8-cb43-4164-abd3-87230031c142","int_ip":"10.128.15.201","latency":993,"moduleid":2,"oid":"aac9c41d-e0a3-4e7e-88b8-33936ab93238","parent":"c5c7b27cabe36d9ede5463b468256120","plat":268435456,"sid":"17b8710a-7337-4e64-9c18-2955e86f2d0d","tags":["fim","lc:stable","windows"],"this":"c9596f1232aca33f4c75331f6848d255"},"ts":"2025-06-11 00:48:20"}
{"event":{"DNS_TYPE":1,"DOMAIN_NAME":"us-central1-a-osconfig.googleapis.com","IP_ADDRESS":"74.125.69.95","MESSAGE_ID":39025,"PROCESS_ID":1664},"routing":{"arch":2,"did":"","event_id":"b078e00b-5669-450e-b472-a34f5f0136c0","event_time":1749602900829,"event_type":"DNS_REQUEST","ext_ip":"34.171.104.183","hostname":"windows-server-2022-aac9c41d-e0a3-4e7e-88b8-33936ab93238-0.c.lc-demo-infra.internal.","iid":"09774cc8-cb43-4164-abd3-87230031c142","int_ip":"10.128.15.201","latency":993,"moduleid":2,"oid":"aac9c41d-e0a3-4e7e-88b8-33936ab93238","parent":"c5c7b27cabe36d9ede5463b468256120","plat":268435456,"sid":"17b8710a-7337-4e64-9c18-2955e86f2d0d","tags":["fim","lc:stable","windows"],"this":"e5964d8c543402eab57a631d6848d255"},"ts":"2025-06-11 00:48:20"}
{"event":{"ACTION":"added","FILE_PATH":"C:\\ProgramData\\GooGet\\googet.lock","PROCESS":{"COMMAND_LINE":"C:\\ProgramData\\GooGet\\googet.exe installed","FILE_IS_SIGNED":0,"FILE_PATH":"C:\\ProgramData\\GooGet\\googet.exe","HASH":"9ab693244ec4fe589fc54720c12385d443f4703237d4a28803df765042780297","PARENT_ATOM":"e583082c3131f150bbd6f25e6825611e","PARENT_PROCESS_ID":664,"PROCESS_ID":1988,"THIS_ATOM":"4d807101c8149f32db6700bf6848d255","TIMESTAMP":1749602900898},"PROCESS_ID":1988},"routing":{"arch":2,"did":"","event_id":"21a9c20d-9b5c-4416-b38d-eccd86135605","event_time":1749602900958,"event_type":"FIM_HIT","ext_ip":"34.171.104.183","hostname":"windows-server-2022-aac9c41d-e0a3-4e7e-88b8-33936ab93238-0.c.lc-demo-infra.internal.","iid":"09774cc8-cb43-4164-abd3-87230031c142","int_ip":"10.128.15.201","latency":923,"moduleid":2,"oid":"aac9c41d-e0a3-4e7e-88b8-33936ab93238","parent":"4d807101c8149f32db6700bf6848d255","plat":268435456,"sid":"17b8710a-7337-4e64-9c18-2955e86f2d0d","tags":["fim","lc:stable","windows"],"this":"84db80a07ebf44d78e7b78416848d255"},"ts":"2025-06-11 00:48:20"}
{"event":{"ACTION":"removed","FILE_PATH":"C:\\ProgramData\\GooGet\\googet.lock","PROCESS":{"COMMAND_LINE":"C:\\ProgramData\\GooGet\\googet.exe installed","FILE_IS_SIGNED":0,"FILE_PATH":"C:\\ProgramData\\GooGet\\googet.exe","HASH":"9ab693244ec4fe589fc54720c12385d443f4703237d4a28803df765042780297","PARENT_ATOM":"e583082c3131f150bbd6f25e6825611e","PARENT_PROCESS_ID":664,"PROCESS_ID":1988,"THIS_ATOM":"4d807101c8149f32db6700bf6848d255","TIMESTAMP":1749602900898},"PROCESS_ID":1988},"routing":{"arch":2,"did":"","event_id":"29041892-0ed3-4c3b-9a17-b276c019e914","event_time":1749602900963,"event_type":"FIM_HIT","ext_ip":"34.171.104.183","hostname":"windows-server-2022-aac9c41d-e0a3-4e7e-88b8-33936ab93238-0.c.lc-demo-infra.internal.","iid":"09774cc8-cb43-4164-abd3-87230031c142","int_ip":"10.128.15.201","latency":924,"moduleid":2,"oid":"aac9c41d-e0a3-4e7e-88b8-33936ab93238","parent":"4d807101c8149f32db6700bf6848d255","plat":268435456,"sid":"17b8710a-7337-4e64-9c18-2955e86f2d0d","tags":["fim","lc:stable","windows"],"this":"885a1e198ed70fde24ba2ee06848d255"},"ts":"2025-06-11 00:48:20"}
{"event":{"EVENT":{"EventData":{"AuthenticationPackageName":"NTLM","FailureReason":"%%2313","IpAddress":"85.10.147.82","IpPort":"0","KeyLength":"0","LmPackageName":"-","LogonProcessName":"NtLmSsp","LogonType":"3","ProcessId":"0x0","ProcessName":"-","Status":"0xc000006d","SubStatus":"0xc000006a","SubjectDomainName":"-","SubjectLogonId":"0x0","SubjectUserName":"-","SubjectUserSid":"S-1-0-0","TargetDomainName":"","TargetUserName":"ADMIN","TargetUserSid":"S-1-0-0","TransmittedServices":"-","WorkstationName":"-"},"System":{"Channel":"Security","Computer":"DESKTOP-C2A1841","Correlation":{"ActivityID":"{352b8892-aa45-0001-ddca-25f63c52db01}"},"EventID":"4625","EventRecordID":"4695562","Execution":{"ProcessID":"648","ThreadID":"19432"},"Keywords":"0x8010000000000000","Level":"0","Opcode":"0","Provider":{"Guid":"{54849625-5478-4994-a5ba-3e3b0328c30d}","Name":"Microsoft-Windows-Security-Auditing"},"Security":"","Task":"12544","TimeCreated":{"SystemTime":"2025-06-11T00:48:17.4733983Z"},"Version":"0","_event_id":"4625"}}},"routing":{"arch":2,"did":"","event_id":"f147e4d5-2e85-4d74-b6e1-550411dd511b","event_time":1749602899510,"event_type":"WEL","ext_ip":"34.58.90.170","hostname":"desktop-c2a1841.c.lc-demo-infra.internal.","iid":"09774cc8-cb43-4164-abd3-87230031c142","int_ip":"10.128.15.200","latency":-25,"moduleid":2,"oid":"aac9c41d-e0a3-4e7e-88b8-33936ab93238","plat":268435456,"sid":"c4ba6121-d13d-4871-82f8-4b5c5556761e","tags":["lc:testtag","windows"],"this":"bb0c6df0cced68a3c7eab8376848d253"},"ts":"2025-06-11 00:48:19"}
{"event":{"ENVIRONMENT_VARIABLES":["ALLUSERSPROFILE=C:\\ProgramData","APPDATA=C:\\Windows\\system32\\config\\systemprofile\\AppData\\Roaming","CommonProgramFiles=C:\\Program Files\\Common Files","CommonProgramFiles(x86)=C:\\Program Files (x86)\\Common Files","CommonProgramW6432=C:\\Program Files\\Common Files","COMPUTERNAME=DESKTOP-C2A1841","ComSpec=C:\\Windows\\system32\\cmd.exe","DriverData=C:\\Windows\\System32\\Drivers\\DriverData","GooGetRoot=C:\\ProgramData\\GooGet","LOCALAPPDATA=C:\\Windows\\system32\\config\\systemprofile\\AppData\\Local","NUMBER_OF_PROCESSORS=2","OS=Windows_NT","Path=C:\\Windows\\system32;C:\\Windows;C:\\Windows\\System32\\Wbem;C:\\Windows\\System32\\WindowsPowerShell\\v1.0\\;C:\\Windows\\System32\\OpenSSH\\;C:\\ProgramData\\GooGet;C:\\Program Files\\Google\\Compute Engine\\metadata_scripts;C:\\Program Files\\Google\\Compute Engine\\sysprep;C:\\Windows\\system32\\config\\systemprofile\\AppData\\Local\\Microsoft\\WindowsApps","PATHEXT=.COM;.EXE;.BAT;.CMD;.VBS;.VBE;.JS;.JSE;.WSF;.WSH;.MSC","PROCESSOR_ARCHITECTURE=AMD64","PROCESSOR_IDENTIFIER=Intel64 Family 6 Model 79 Stepping 0, GenuineIntel","PROCESSOR_LEVEL=6","PROCESSOR_REVISION=4f00","ProgramData=C:\\ProgramData","ProgramFiles=C:\\Program Files","ProgramFiles(x86)=C:\\Program Files (x86)","ProgramW6432=C:\\Program Files","PSModulePath=%ProgramFiles%\\WindowsPowerShell\\Modules;C:\\Windows\\system32\\WindowsPowerShell\\v1.0\\Modules","PUBLIC=C:\\Users\\Public","SystemDrive=C:","SystemRoot=C:\\Windows","TEMP=C:\\Windows\\TEMP","TMP=C:\\Windows\\TEMP","USERDOMAIN=WORKGROUP","USERNAME=DESKTOP-C2A1841$","USERPROFILE=C:\\Windows\\system32\\config\\systemprofile","windir=C:\\Windows"],"PROCESS_ID":10048},"routing":{"arch":2,"did":"","event_id":"359e1333-0b00-43f3-84a3-ec6f29b8703f","event_time":1749602899793,"event_type":"PROCESS_ENVIRONMENT","ext_ip":"34.58.90.170","hostname":"desktop-c2a1841.c.lc-demo-infra.internal.","iid":"09774cc8-cb43-4164-abd3-87230031c142","int_ip":"10.128.15.200","latency":-22,"moduleid":2,"oid":"aac9c41d-e0a3-4e7e-88b8-33936ab93238","parent":"4d229b75d2446e870a8533f46848d253","plat":268435456,"sid":"c4ba6121-d13d-4871-82f8-4b5c5556761e","tags":["lc:testtag","windows"],"this":"5252d6ad14f57c47beb1ec496848d253"},"ts":"2025-06-11 00:48:19"}
{"event":{"BASE_ADDRESS":140699389984768,"COMMAND_LINE":"C:\\Windows\\system32\\wbem\\wmiprvse.exe -secured -Embedding","FILE_IS_SIGNED":1,"FILE_PATH":"C:\\Windows\\system32\\wbem\\wmiprvse.exe","HASH":"2198a7b58bccb758036b969ddae6cc2ece07565e2659a7c541a313a0492231a3","MEMORY_USAGE":8929280,"PARENT":{"BASE_ADDRESS":140700938862592,"COMMAND_LINE":"C:\\Windows\\system32\\svchost.exe -k DcomLaunch -p","CREATION_TIME":1734629975978,"FILE_IS_SIGNED":1,"FILE_PATH":"C:\\Windows\\system32\\svchost.exe","HASH":"add683a6910abbbf0e28b557fad0ba998166394932ae2aca069d9aa19ea8fe88","MEMORY_USAGE":73998336,"PARENT_ATOM":"132cae85f72455fc640afd1a6818de5e","PARENT_PROCESS_ID":624,"PROCESS_ID":752,"THIS_ATOM":"3e4851ea8ec1a98e49341a176818de5e","THREADS":11,"TIMESTAMP":1746460254443,"USER_NAME":"NT AUTHORITY\\SYSTEM"},"PARENT_PROCESS_ID":752,"PROCESS_ID":10048,"THREADS":11,"USER_NAME":"NT AUTHORITY\\LOCAL SERVICE"},"routing":{"arch":2,"did":"","event_id":"df442d70-7c04-4673-8f91-8fd70e006171","event_time":1749602899526,"event_type":"NEW_PROCESS","ext_ip":"34.58.90.170","hostname":"desktop-c2a1841.c.lc-demo-infra.internal.","iid":"09774cc8-cb43-4164-abd3-87230031c142","int_ip":"10.128.15.200","latency":243,"moduleid":2,"oid":"aac9c41d-e0a3-4e7e-88b8-33936ab93238","parent":"3e4851ea8ec1a98e49341a176818de5e","plat":268435456,"sid":"c4ba6121-d13d-4871-82f8-4b5c5556761e","tags":["lc:testtag","windows"],"this":"4d229b75d2446e870a8533f46848d253"},"ts":"2025-06-11 00:48:19"}
{"event":{"ENVIRONMENT_VARIABLES":["ALLUSERSPROFILE=C:\\ProgramData","APPDATA=C:\\Windows\\system32\\config\\systemprofile\\AppData\\Roaming","CommonProgramFiles=C:\\Program Files\\Common Files","CommonProgramFiles(x86)=C:\\Program Files (x86)\\Common Files","CommonProgramW6432=C:\\Program Files\\Common Files","COMPUTERNAME=DESKTOP-C2A1841","ComSpec=C:\\Windows\\system32\\cmd.exe","DriverData=C:\\Windows\\System32\\Drivers\\DriverData","GooGetRoot=C:\\ProgramData\\GooGet","LOCALAPPDATA=C:\\Windows\\system32\\config\\systemprofile\\AppData\\Local","NUMBER_OF_PROCESSORS=2","OS=Windows_NT","Path=C:\\Windows\\system32;C:\\Windows;C:\\Windows\\System32\\Wbem;C:\\Windows\\System32\\WindowsPowerShell\\v1.0\\;C:\\Windows\\System32\\OpenSSH\\;C:\\ProgramData\\GooGet;C:\\Program Files\\Google\\Compute Engine\\metadata_scripts;C:\\Program Files\\Google\\Compute Engine\\sysprep;C:\\Windows\\system32\\config\\systemprofile\\AppData\\Local\\Microsoft\\WindowsApps","PATHEXT=.COM;.EXE;.BAT;.CMD;.VBS;.VBE;.JS;.JSE;.WSF;.WSH;.MSC","PROCESSOR_ARCHITECTURE=AMD64","PROCESSOR_IDENTIFIER=Intel64 Family 6 Model 79 Stepping 0, GenuineIntel","PROCESSOR_LEVEL=6","PROCESSOR_REVISION=4f00","ProgramData=C:\\ProgramData","ProgramFiles=C:\\Program Files","ProgramFiles(x86)=C:\\Program Files (x86)","ProgramW6432=C:\\Program Files","PSModulePath=%ProgramFiles%\\WindowsPowerShell\\Modules;C:\\Windows\\system32\\WindowsPowerShell\\v1.0\\Modules","PUBLIC=C:\\Users\\Public","SystemDrive=C:","SystemRoot=C:\\Windows","TEMP=C:\\Windows\\TEMP","TMP=C:\\Windows\\TEMP","USERDOMAIN=WORKGROUP","USERNAME=DESKTOP-C2A1841$","USERPROFILE=C:\\Windows\\system32\\config\\systemprofile","windir=C:\\Windows"],"PROCESS_ID":18836},"routing":{"arch":2,"did":"","event_id":"a4145d20-a1bf-4baa-8061-b76ea3304264","event_time":1749602899808,"event_type":"PROCESS_ENVIRONMENT","ext_ip":"34.58.90.170","hostname":"desktop-c2a1841.c.lc-demo-infra.internal.","iid":"09774cc8-cb43-4164-abd3-87230031c142","int_ip":"10.128.15.200","latency":-23,"moduleid":2,"oid":"aac9c41d-e0a3-4e7e-88b8-33936ab93238","parent":"3b466a52afdf73a40e03ae436848d253","plat":268435456,"sid":"c4ba6121-d13d-4871-82f8-4b5c5556761e","tags":["lc:testtag","windows"],"this":"08bf03f8717c3e596944b1276848d253"},"ts":"2025-06-11 00:48:19"}
{"event":{"BASE_ADDRESS":140699567259648,"COMMAND_LINE":"C:\\Windows\\servicing\\TrustedInstaller.exe","FILE_IS_SIGNED":1,"FILE_PATH":"C:\\Windows\\servicing\\TrustedInstaller.exe","HASH":"7f0e3e2682a24a6b27484226cc0c7b30f837ea08b01f82c7b7ac094bf0a88ce5","MEMORY_USAGE":7467008,"PARENT":{"FILE_IS_SIGNED":1,"FILE_PATH":"\\Device\\HarddiskVolume3\\Windows\\System32\\services.exe","HASH":"dfbea9e8c316d9bc118b454b0c722cd674c30d0a256340200e2c3a7480cba674","MEMORY_USAGE":7938048,"PARENT_ATOM":"2f4ae26b214080d8fe7e92e56818de5d","PARENT_PROCESS_ID":496,"PROCESS_ID":624,"THIS_ATOM":"132cae85f72455fc640afd1a6818de5e","THREADS":8,"TIMESTAMP":1746460254365,"USER_NAME":"NT AUTHORITY\\SYSTEM"},"PARENT_PROCESS_ID":624,"PROCESS_ID":18836,"THREADS":8,"USER_NAME":"NT AUTHORITY\\SYSTEM"},"routing":{"arch":2,"did":"","event_id":"ff41415a-03d8-4851-be17-3e36c5a832f1","event_time":1749602899636,"event_type":"NEW_PROCESS","ext_ip":"34.58.90.170","hostname":"desktop-c2a1841.c.lc-demo-infra.internal.","iid":"09774cc8-cb43-4164-abd3-87230031c142","int_ip":"10.128.15.200","latency":146,"moduleid":2,"oid":"aac9c41d-e0a3-4e7e-88b8-33936ab93238","parent":"132cae85f72455fc640afd1a6818de5e","plat":268435456,"sid":"c4ba6121-d13d-4871-82f8-4b5c5556761e","tags":["lc:testtag","windows"],"this":"3b466a52afdf73a40e03ae436848d253"},"ts":"2025-06-11 00:48:19"}
{"event":{"ENVIRONMENT_VARIABLES":["ALLUSERSPROFILE=C:\\ProgramData","APPDATA=C:\\Windows\\system32\\config\\systemprofile\\AppData\\Roaming","CommonProgramFiles=C:\\Program Files\\Common Files","CommonProgramFiles(x86)=C:\\Program Files (x86)\\Common Files","CommonProgramW6432=C:\\Program Files\\Common Files","COMPUTERNAME=DESKTOP-C2A1841","ComSpec=C:\\Windows\\system32\\cmd.exe","DriverData=C:\\Windows\\System32\\Drivers\\DriverData","GooGetRoot=C:\\ProgramData\\GooGet","LOCALAPPDATA=C:\\Windows\\system32\\config\\systemprofile\\AppData\\Local","NUMBER_OF_PROCESSORS=2","OS=Windows_NT","Path=C:\\Windows\\system32;C:\\Windows;C:\\Windows\\System32\\Wbem;C:\\Windows\\System32\\WindowsPowerShell\\v1.0\\;C:\\Windows\\System32\\OpenSSH\\;C:\\ProgramData\\GooGet;C:\\Program Files\\Google\\Compute Engine\\metadata_scripts;C:\\Program Files\\Google\\Compute Engine\\sysprep;C:\\Windows\\system32\\config\\systemprofile\\AppData\\Local\\Microsoft\\WindowsApps","PATHEXT=.COM;.EXE;.BAT;.CMD;.VBS;.VBE;.JS;.JSE;.WSF;.WSH;.MSC","PROCESSOR_ARCHITECTURE=AMD64","PROCESSOR_IDENTIFIER=Intel64 Family 6 Model 79 Stepping 0, GenuineIntel","PROCESSOR_LEVEL=6","PROCESSOR_REVISION=4f00","ProgramData=C:\\ProgramData","ProgramFiles=C:\\Program Files","ProgramFiles(x86)=C:\\Program Files (x86)","ProgramW6432=C:\\Program Files","PSModulePath=%ProgramFiles%\\WindowsPowerShell\\Modules;C:\\Windows\\system32\\WindowsPowerShell\\v1.0\\Modules","PUBLIC=C:\\Users\\Public","SystemDrive=C:","SystemRoot=C:\\Windows","TEMP=C:\\Windows\\TEMP","TMP=C:\\Windows\\TEMP","USERDOMAIN=WORKGROUP","USERNAME=DESKTOP-C2A1841$","USERPROFILE=C:\\Windows\\system32\\config\\systemprofile","windir=C:\\Windows"],"PROCESS_ID":17284},"routing":{"arch":2,"did":"","event_id":"9227a4b6-bc8a-4241-9072-79379bed6ecb","event_time":1749602899824,"event_type":"PROCESS_ENVIRONMENT","ext_ip":"34.58.90.170","hostname":"desktop-c2a1841.c.lc-demo-infra.internal.","iid":"09774cc8-cb43-4164-abd3-87230031c142","int_ip":"10.128.15.200","latency":-25,"moduleid":2,"oid":"aac9c41d-e0a3-4e7e-88b8-33936ab93238","parent":"6914a7c8fa4595e725b6f3266848d253","plat":268435456,"sid":"c4ba6121-d13d-4871-82f8-4b5c5556761e","tags":["lc:testtag","windows"],"this":"fdc034afde964df8d64118526848d253"},"ts":"2025-06-11 00:48:19"}
{"event":{"BASE_ADDRESS":140694916825088,"COMMAND_LINE":"C:\\Windows\\winsxs\\amd64_microsoft-windows-servicingstack_31bf3856ad364e35_10.0.19041.1940_none_7dd80d767cb5c7b0\\TiWorker.exe -Embedding","FILE_IS_SIGNED":1,"FILE_PATH":"C:\\Windows\\winsxs\\amd64_microsoft-windows-servicingstack_31bf3856ad364e35_10.0.19041.1940_none_7dd80d767cb5c7b0\\TiWorker.exe","HASH":"b87f907f63f3b6059759dbfbcef2a10a5745fa1bc35bdf28c300553922926864","MEMORY_USAGE":10211328,"PARENT":{"BASE_ADDRESS":140700938862592,"COMMAND_LINE":"C:\\Windows\\system32\\svchost.exe -k DcomLaunch -p","CREATION_TIME":1734629975978,"FILE_IS_SIGNED":1,"FILE_PATH":"C:\\Windows\\system32\\svchost.exe","HASH":"add683a6910abbbf0e28b557fad0ba998166394932ae2aca069d9aa19ea8fe88","MEMORY_USAGE":73998336,"PARENT_ATOM":"132cae85f72455fc640afd1a6818de5e","PARENT_PROCESS_ID":624,"PROCESS_ID":752,"THIS_ATOM":"3e4851ea8ec1a98e49341a176818de5e","THREADS":11,"TIMESTAMP":1746460254443,"USER_NAME":"NT AUTHORITY\\SYSTEM"},"PARENT_PROCESS_ID":752,"PROCESS_ID":17284,"THREADS":7,"USER_NAME":"NT AUTHORITY\\SYSTEM"},"routing":{"arch":2,"did":"","event_id":"744c0e51-a6ae-4d5a-9973-5fe7d4b97c8a","event_time":1749602899668,"event_type":"NEW_PROCESS","ext_ip":"34.58.90.170","hostname":"desktop-c2a1841.c.lc-demo-infra.internal.","iid":"09774cc8-cb43-4164-abd3-87230031c142","int_ip":"10.128.15.200","latency":128,"moduleid":2,"oid":"aac9c41d-e0a3-4e7e-88b8-33936ab93238","parent":"3e4851ea8ec1a98e49341a176818de5e","plat":268435456,"sid":"c4ba6121-d13d-4871-82f8-4b5c5556761e","tags":["lc:testtag","windows"],"this":"6914a7c8fa4595e725b6f3266848d253"},"ts":"2025-06-11 00:48:19"}
