{"event":{"EVENT":{"EventData":{"Data":"INFO : 2025/06/11 00:48:26.349802 googet_update.go:122: Update for package google-compute-engine-windows.x86_64, 20230403.00.0@1 installed and 20250414.00.0@1 available from https://packages.cloud.google.com/yuck/repos/google-compute-engine-stable."},"System":{"Channel":"Application","Computer":"windows-server-2022-aac9c41d-e0a3-4e7e-88b8-33936ab93238-0","Correlation":"","EventID":{"Qualifiers":"0","content":"1"},"EventRecordID":"72898","Execution":{"ProcessID":"0","ThreadID":"0"},"Keywords":"0x80000000000000","Level":"4","Opcode":"0","Provider":{"Name":"GooGet"},"Security":"","Task":"0","TimeCreated":{"SystemTime":"2025-06-11T00:48:26.3498026Z"},"Version":"0","_event_id":"1"}}},"routing":{"arch":2,"did":"","event_id":"dfe3b981-c304-4f05-8e57-5c399478bba8","event_time":1749602906350,"event_type":"WEL","ext_ip":"34.171.104.183","hostname":"windows-server-2022-aac9c41d-e0a3-4e7e-88b8-33936ab93238-0.c.lc-demo-infra.internal.","iid":"09774cc8-cb43-4164-abd3-87230031c142","int_ip":"10.128.15.201","latency":3,"moduleid":2,"oid":"aac9c41d-e0a3-4e7e-88b8-33936ab93238","plat":268435456,"sid":"17b8710a-7337-4e64-9c18-2955e86f2d0d","tags":["fim","lc:stable","windows"],"this":"695aea0dc1a4aa4742f4fbf56848d25a"},"ts":"2025-06-11 00:48:26"}
{"event":{"EVENT":{"EventData":{"Data":"INFO : 2025/06/11 00:48:26.349802 googet_update.go:126: google-compute-engine-powershell.noarch - latest version installed"},"System":{"Channel":"Application","Computer":"windows-server-2022-aac9c41d-e0a3-4e7e-88b8-33936ab93238-0","Correlation":"","EventID":{"Qualifiers":"0","content":"1"},"EventRecordID":"72899","Execution":{"ProcessID":"0","ThreadID":"0"},"Keywords":"0x80000000000000","Level":"4","Opcode":"0","Provider":{"Name":"GooGet"},"Security":"","Task":"0","TimeCreated":{"SystemTime":"2025-06-11T00:48:26.3498026Z"},"Version":"0","_event_id":"1"}}},"routing":{"arch":2,"did":"","event_id":"750759f3-c773-4514-b685-cda9937a4586","event_time":1749602906350,"event_type":"WEL","ext_ip":"34.171.104.183","hostname":"windows-server-2022-aac9c41d-e0a3-4e7e-88b8-33936ab93238-0.c.lc-demo-infra.internal.","iid":"09774cc8-cb43-4164-abd3-87230031c142","int_ip":"10.128.15.201","latency":4,"moduleid":2,"oid":"aac9c41d-e0a3-4e7e-88b8-33936ab93238","plat":268435456,"sid":"17b8710a-7337-4e64-9c18-2955e86f2d0d","tags":["fim","lc:stable","windows"],"this":"0ffcb9222e6aa3ed5437c47b6848d25a"},"ts":"2025-06-11 00:48:26"}
{"event":{"EVENT":{"EventData":{"Data":"INFO : 2025/06/11 00:48:26.349802 googet_update.go:122: Update for package google-compute-engine-sysprep.noarch, 20221104.02@1 installed and 20250414.00@1 available from https://packages.cloud.google.com/yuck/repos/google-compute-engine-stable."},"System":{"Channel":"Application","Computer":"windows-server-2022-aac9c41d-e0a3-4e7e-88b8-33936ab93238-0","Correlation":"","EventID":{"Qualifiers":"0","content":"1"},"EventRecordID":"72900","Execution":{"ProcessID":"0","ThreadID":"0"},"Keywords":"0x80000000000000","Level":"4","Opcode":"0","Provider":{"Name":"GooGet"},"Security":"","Task":"0","TimeCreated":{"SystemTime":"2025-06-11T00:48:26.3504427Z"},"Version":"0","_event_id":"1"}}},"routing":{"arch":2,"did":"","event_id":"9b7beaa7-c567-4fde-8976-cb37f05ae689","event_time":1749602906351,"event_type":"WEL","ext_ip":"34.171.104.183","hostname":"windows-server-2022-aac9c41d-e0a3-4e7e-88b8-33936ab93238-0.c.lc-demo-infra.internal.","iid":"09774cc8-cb43-4164-abd3-87230031c142","int_ip":"10.128.15.201","latency":3,"moduleid":2,"oid":"aac9c41d-e0a3-4e7e-88b8-33936ab93238","plat":268435456,"sid":"17b8710a-7337-4e64-9c18-2955e86f2d0d","tags":["fim","lc:stable","windows"],"this":"05a5c2f5ed0fc0f81c8c50696848d25a"},"ts":"2025-06-11 00:48:26"}
{"event":{"EVENT":{"EventData":{"Data":"INFO : 2025/06/11 00:48:26.350891 googet_update.go:122: Update for package google-compute-engine-driver-vioscsi.x86_64, 16.1.3@18 installed and 16.1.11@23 available from https://packages.cloud.google.com/yuck/repos/google-compute-engine-stable."},"System":{"Channel":"Application","Computer":"windows-server-2022-aac9c41d-e0a3-4e7e-88b8-33936ab93238-0","Correlation":"","EventID":{"Qualifiers":"0","content":"1"},"EventRecordID":"72901","Execution":{"ProcessID":"0","ThreadID":"0"},"Keywords":"0x80000000000000","Level":"4","Opcode":"0","Provider":{"Name":"GooGet"},"Security":"","Task":"0","TimeCreated":{"SystemTime":"2025-06-11T00:48:26.3508910Z"},"Version":"0","_event_id":"1"}}},"routing":{"arch":2,"did":"","event_id":"4a61ad86-3cf5-4e4d-83d5-491bdd2ad506","event_time":1749602906352,"event_type":"WEL","ext_ip":"34.171.104.183","hostname":"windows-server-2022-aac9c41d-e0a3-4e7e-88b8-33936ab93238-0.c.lc-demo-infra.internal.","iid":"09774cc8-cb43-4164-abd3-87230031c142","int_ip":"10.128.15.201","latency":3,"moduleid":2,"oid":"aac9c41d-e0a3-4e7e-88b8-33936ab93238","plat":268435456,"sid":"17b8710a-7337-4e64-9c18-2955e86f2d0d","tags":["fim","lc:stable","windows"],"this":"f9dd694dddb135a3ece1b14f6848d25a"},"ts":"2025-06-11 00:48:26"}
{"event":{"EVENT":{"EventData":{"Data":"INFO : 2025/06/11 00:48:26.350891 googet_update.go:122: Update for package google-compute-engine-driver-balloon.x86_64, 16.1.6@49 installed and 16.1.8@9 available from https://packages.cloud.google.com/yuck/repos/google-compute-engine-stable."},"System":{"Channel":"Application","Computer":"windows-server-2022-aac9c41d-e0a3-4e7e-88b8-33936ab93238-0","Correlation":"","EventID":{"Qualifiers":"0","content":"1"},"EventRecordID":"72902","Execution":{"ProcessID":"0","ThreadID":"0"},"Keywords":"0x80000000000000","Level":"4","Opcode":"0","Provider":{"Name":"GooGet"},"Security":"","Task":"0","TimeCreated":{"SystemTime":"2025-06-11T00:48:26.3508910Z"},"Version":"0","_event_id":"1"}}},"routing":{"arch":2,"did":"","event_id":"0966b3f3-0348-476a-82db-eea8cd9c2703","event_time":1749602906352,"event_type":"WEL","ext_ip":"34.171.104.183","hostname":"windows-server-2022-aac9c41d-e0a3-4e7e-88b8-33936ab93238-0.c.lc-demo-infra.internal.","iid":"09774cc8-cb43-4164-abd3-87230031c142","int_ip":"10.128.15.201","latency":3,"moduleid":2,"oid":"aac9c41d-e0a3-4e7e-88b8-33936ab93238","plat":268435456,"sid":"17b8710a-7337-4e64-9c18-2955e86f2d0d","tags":["fim","lc:stable","windows"],"this":"06c7aec05b1dd9387cfc8ea56848d25a"},"ts":"2025-06-11 00:48:26"}
{"event":{"EVENT":{"EventData":{"Data":"INFO : 2025/06/11 00:48:26.351904 googet_update.go:122: Update for package google-compute-engine-metadata-scripts.x86_64, 20230403.00.0@1 installed and 20250414.00.0@1 available from https://packages.cloud.google.com/yuck/repos/google-compute-engine-stable."},"System":{"Channel":"Application","Computer":"windows-server-2022-aac9c41d-e0a3-4e7e-88b8-33936ab93238-0","Correlation":"","EventID":{"Qualifiers":"0","content":"1"},"EventRecordID":"72903","Execution":{"ProcessID":"0","ThreadID":"0"},"Keywords":"0x80000000000000","Level":"4","Opcode":"0","Provider":{"Name":"GooGet"},"Security":"","Task":"0","TimeCreated":{"SystemTime":"2025-06-11T00:48:26.3519049Z"},"Version":"0","_event_id":"1"}}},"routing":{"arch":2,"did":"","event_id":"ac3d3678-3231-400f-b093-5302ec4d32bf","event_time":1749602906352,"event_type":"WEL","ext_ip":"34.171.104.183","hostname":"windows-server-2022-aac9c41d-e0a3-4e7e-88b8-33936ab93238-0.c.lc-demo-infra.internal.","iid":"09774cc8-cb43-4164-abd3-87230031c142","int_ip":"10.128.15.201","latency":4,"moduleid":2,"oid":"aac9c41d-e0a3-4e7e-88b8-33936ab93238","plat":268435456,"sid":"17b8710a-7337-4e64-9c18-2955e86f2d0d","tags":["fim","lc:stable","windows"],"this":"5b87b2dadab79e5c3df17f266848d25a"},"ts":"2025-06-11 00:48:26"}
{"event":{"EVENT":{"EventData":{"Data":"INFO : 2025/06/11 00:48:26.352260 googet_update.go:122: Update for package google-compute-engine-driver-gga.x86_64, 1.1.5@37 installed and 1.1.9@23 available from https://packages.cloud.google.com/yuck/repos/google-compute-engine-stable."},"System":{"Channel":"Application","Computer":"windows-server-2022-aac9c41d-e0a3-4e7e-88b8-33936ab93238-0","Correlation":"","EventID":{"Qualifiers":"0","content":"1"},"EventRecordID":"72904","Execution":{"ProcessID":"0","ThreadID":"0"},"Keywords":"0x80000000000000","Level":"4","Opcode":"0","Provider":{"Name":"GooGet"},"Security":"","Task":"0","TimeCreated":{"SystemTime":"2025-06-11T00:48:26.3522603Z"},"Version":"0","_event_id":"1"}}},"routing":{"arch":2,"did":"","event_id":"6097e8d0-1716-4c9c-abf7-72204e1dfc4d","event_time":1749602906353,"event_type":"WEL","ext_ip":"34.171.104.183","hostname":"windows-server-2022-aac9c41d-e0a3-4e7e-88b8-33936ab93238-0.c.lc-demo-infra.internal.","iid":"09774cc8-cb43-4164-abd3-87230031c142","int_ip":"10.128.15.201","latency":3,"moduleid":2,"oid":"aac9c41d-e0a3-4e7e-88b8-33936ab93238","plat":268435456,"sid":"17b8710a-7337-4e64-9c18-2955e86f2d0d","tags":["fim","lc:stable","windows"],"this":"550afa84f82bdcfd4b1301a46848d25a"},"ts":"2025-06-11 00:48:26"}
{"event":{"EVENT":{"EventData":{"Data":"INFO : 2025/06/11 00:48:26.352884 googet_update.go:122: Update for package google-compute-engine-driver-pvpanic.x86_64, 16.1.6@49 installed and 16.1.8@9 available from https://packages.cloud.google.com/yuck/repos/google-compute-engine-stable."},"System":{"Channel":"Application","Computer":"windows-server-2022-aac9c41d-e0a3-4e7e-88b8-33936ab93238-0","Correlation":"","EventID":{"Qualifiers":"0","content":"1"},"EventRecordID":"72905","Execution":{"ProcessID":"0","ThreadID":"0"},"Keywords":"0x80000000000000","Level":"4","Opcode":"0","Provider":{"Name":"GooGet"},"Security":"","Task":"0","TimeCreated":{"SystemTime":"2025-06-11T00:48:26.3528847Z"},"Version":"0","_event_id":"1"}}},"routing":{"arch":2,"did":"","event_id":"48118ec2-b0bf-4ed8-a4fa-710e3a2ab986","event_time":1749602906354,"event_type":"WEL","ext_ip":"34.171.104.183","hostname":"windows-server-2022-aac9c41d-e0a3-4e7e-88b8-33936ab93238-0.c.lc-demo-infra.internal.","iid":"09774cc8-cb43-4164-abd3-87230031c142","int_ip":"10.128.15.201","latency":2,"moduleid":2,"oid":"aac9c41d-e0a3-4e7e-88b8-33936ab93238","plat":268435456,"sid":"17b8710a-7337-4e64-9c18-2955e86f2d0d","tags":["fim","lc:stable","windows"],"this":"5e4c581137a849c6058d396c6848d25a"},"ts":"2025-06-11 00:48:26"}
{"event":{"DNS_TYPE":1,"DOMAIN_NAME":"www3.l.google.com","IP_ADDRESS":"173.194.64.139","MESSAGE_ID":30290,"PROCESS_ID":1664},"routing":{"arch":2,"did":"","event_id":"8e961e0a-4d25-49bd-b080-b20d78563cb9","event_time":1749602906254,"event_type":"DNS_REQUEST","ext_ip":"34.171.104.183","hostname":"windows-server-2022-aac9c41d-e0a3-4e7e-88b8-33936ab93238-0.c.lc-demo-infra.internal.","iid":"09774cc8-cb43-4164-abd3-87230031c142","int_ip":"10.128.15.201","latency":636,"moduleid":2,"oid":"aac9c41d-e0a3-4e7e-88b8-33936ab93238","parent":"c5c7b27cabe36d9ede5463b468256120","plat":268435456,"sid":"17b8710a-7337-4e64-9c18-2955e86f2d0d","tags":["fim","lc:stable","windows"],"this":"7b097a4ba43fa41ab1934bca6848d25a"},"ts":"2025-06-11 00:48:26"}
{"event":{"CNAME":"www3.l.google.com","DNS_TYPE":5,"DOMAIN_NAME":"packages.cloud.google.com","MESSAGE_ID":30290,"PROCESS_ID":1664},"routing":{"arch":2,"did":"","event_id":"22338472-a0d0-4ac5-8d10-3a75e193ff08","event_time":1749602906254,"event_type":"DNS_REQUEST","ext_ip":"34.171.104.183","hostname":"windows-server-2022-aac9c41d-e0a3-4e7e-88b8-33936ab93238-0.c.lc-demo-infra.internal.","iid":"09774cc8-cb43-4164-abd3-87230031c142","int_ip":"10.128.15.201","latency":636,"moduleid":2,"oid":"aac9c41d-e0a3-4e7e-88b8-33936ab93238","parent":"c5c7b27cabe36d9ede5463b468256120","plat":268435456,"sid":"17b8710a-7337-4e64-9c18-2955e86f2d0d","tags":["fim","lc:stable","windows"],"this":"5931747099d09cb35f10a58b6848d25a"},"ts":"2025-06-11 00:48:26"}
{"event":{"DNS_TYPE":1,"DOMAIN_NAME":"www3.l.google.com","IP_ADDRESS":"173.194.64.101","MESSAGE_ID":30290,"PROCESS_ID":1664},"routing":{"arch":2,"did":"","event_id":"de0a6735-3c89-446b-9876-27cd63a9d75b","event_time":1749602906254,"event_type":"DNS_REQUEST","ext_ip":"34.171.104.183","hostname":"windows-server-2022-aac9c41d-e0a3-4e7e-88b8-33936ab93238-0.c.lc-demo-infra.internal.","iid":"09774cc8-cb43-4164-abd3-87230031c142","int_ip":"10.128.15.201","latency":636,"moduleid":2,"oid":"aac9c41d-e0a3-4e7e-88b8-33936ab93238","parent":"c5c7b27cabe36d9ede5463b468256120","plat":268435456,"sid":"17b8710a-7337-4e64-9c18-2955e86f2d0d","tags":["fim","lc:stable","windows"],"this":"dfb1ba2e9b6a5dc935586fed6848d25a"},"ts":"2025-06-11 00:48:26"}
{"event":{"DNS_TYPE":1,"DOMAIN_NAME":"www3.l.google.com","IP_ADDRESS":"173.194.64.100","MESSAGE_ID":30290,"PROCESS_ID":1664},"routing":{"arch":2,"did":"","event_id":"9e8e10fa-c450-4b9d-9964-742fcb40146b","event_time":1749602906254,"event_type":"DNS_REQUEST","ext_ip":"34.171.104.183","hostname":"windows-server-2022-aac9c41d-e0a3-4e7e-88b8-33936ab93238-0.c.lc-demo-infra.internal.","iid":"09774cc8-cb43-4164-abd3-87230031c142","int_ip":"10.128.15.201","latency":636,"moduleid":2,"oid":"aac9c41d-e0a3-4e7e-88b8-33936ab93238","parent":"c5c7b27cabe36d9ede5463b468256120","plat":268435456,"sid":"17b8710a-7337-4e64-9c18-2955e86f2d0d","tags":["fim","lc:stable","windows"],"this":"c4a7493f10e85c754aa63ef96848d25a"},"ts":"2025-06-11 00:48:26"}
{"event":{"DNS_TYPE":1,"DOMAIN_NAME":"www3.l.google.com","IP_ADDRESS":"173.194.64.138","MESSAGE_ID":30290,"PROCESS_ID":1664},"routing":{"arch":2,"did":"","event_id":"a479605f-d0e3-45bd-bb40-6803f8bf6ed7","event_time":1749602906254,"event_type":"DNS_REQUEST","ext_ip":"34.171.104.183","hostname":"windows-server-2022-aac9c41d-e0a3-4e7e-88b8-33936ab93238-0.c.lc-demo-infra.internal.","iid":"09774cc8-cb43-4164-abd3-87230031c142","int_ip":"10.128.15.201","latency":637,"moduleid":2,"oid":"aac9c41d-e0a3-4e7e-88b8-33936ab93238","parent":"c5c7b27cabe36d9ede5463b468256120","plat":268435456,"sid":"17b8710a-7337-4e64-9c18-2955e86f2d0d","tags":["fim","lc:stable","windows"],"this":"caaec14f501008a8cf2c67b86848d25a"},"ts":"2025-06-11 00:48:26"}
{"event":{"DNS_TYPE":1,"DOMAIN_NAME":"www3.l.google.com","IP_ADDRESS":"173.194.64.102","MESSAGE_ID":30290,"PROCESS_ID":1664},"routing":{"arch":2,"did":"","event_id":"98cab734-78d4-4d94-ab36-d9ebdfb65f32","event_time":1749602906254,"event_type":"DNS_REQUEST","ext_ip":"34.171.104.183","hostname":"windows-server-2022-aac9c41d-e0a3-4e7e-88b8-33936ab93238-0.c.lc-demo-infra.internal.","iid":"09774cc8-cb43-4164-abd3-87230031c142","int_ip":"10.128.15.201","latency":637,"moduleid":2,"oid":"aac9c41d-e0a3-4e7e-88b8-33936ab93238","parent":"c5c7b27cabe36d9ede5463b468256120","plat":268435456,"sid":"17b8710a-7337-4e64-9c18-2955e86f2d0d","tags":["fim","lc:stable","windows"],"this":"a7a5add06463d9b59bb71b7e6848d25a"},"ts":"2025-06-11 00:48:26"}
{"event":{"DNS_TYPE":1,"DOMAIN_NAME":"www3.l.google.com","IP_ADDRESS":"173.194.64.113","MESSAGE_ID":30290,"PROCESS_ID":1664},"routing":{"arch":2,"did":"","event_id":"452c24c4-2e17-4ccf-b4a8-b7c43672d299","event_time":1749602906254,"event_type":"DNS_REQUEST","ext_ip":"34.171.104.183","hostname":"windows-server-2022-aac9c41d-e0a3-4e7e-88b8-33936ab93238-0.c.lc-demo-infra.internal.","iid":"09774cc8-cb43-4164-abd3-87230031c142","int_ip":"10.128.15.201","latency":638,"moduleid":2,"oid":"aac9c41d-e0a3-4e7e-88b8-33936ab93238","parent":"c5c7b27cabe36d9ede5463b468256120","plat":268435456,"sid":"17b8710a-7337-4e64-9c18-2955e86f2d0d","tags":["fim","lc:stable","windows"],"this":"9419c2e3df7ae1064d2060146848d25a"},"ts":"2025-06-11 00:48:26"}
{"event":{"ACTION":"modified","FILE_PATH":"C:\\Windows\\Logs\\CBS\\CBS.log","HASH":"ed97e61d5096410082889fd7185238fc56d0ab7f5d8a5335607942878f4e6b3f","PROCESS":{"BASE_ADDRESS":140699317829632,"COMMAND_LINE":"C:\\Windows\\winsxs\\amd64_microsoft-windows-servicingstack_31bf3856ad364e35_10.0.20348.3691_none_b1bc9560f9934ed7\\TiWorker.exe -Embedding","FILE_IS_SIGNED":1,"FILE_PATH":"C:\\Windows\\winsxs\\amd64_microsoft-windows-servicingstack_31bf3856ad364e35_10.0.20348.3691_none_b1bc9560f9934ed7\\TiWorker.exe","HASH":"08301a417991545830b55eacf276dd3d47ad0a1559ae477c34a65031c4de3caf","MEMORY_USAGE":14659584,"PARENT_ATOM":"32ab94087088c4967913285d68256120","PARENT_PROCESS_ID":756,"PROCESS_ID":4176,"THIS_ATOM":"fc24472b0dd67983ebe5dfbd6848d237","THREADS":8,"TIMESTAMP":1749602871342,"USER_NAME":"NT AUTHORITY\\SYSTEM"},"PROCESS_ID":4176},"routing":{"arch":2,"did":"","event_id":"44a46973-92fe-4ddf-a29f-d97c45d77076","event_time":1749602906017,"event_type":"FIM_HIT","ext_ip":"34.171.104.183","hostname":"windows-server-2022-aac9c41d-e0a3-4e7e-88b8-33936ab93238-0.c.lc-demo-infra.internal.","iid":"09774cc8-cb43-4164-abd3-87230031c142","int_ip":"10.128.15.201","latency":1075,"moduleid":2,"oid":"aac9c41d-e0a3-4e7e-88b8-33936ab93238","parent":"fc24472b0dd67983ebe5dfbd6848d237","plat":268435456,"sid":"17b8710a-7337-4e64-9c18-2955e86f2d0d","tags":["fim","lc:stable","windows"],"this":"76fd72720f79d115b043f7656848d25b"},"ts":"2025-06-11 00:48:26"}
{"event":{"ACTION":"added","FILE_PATH":"C:\\ProgramData\\GooGet\\googet.lock","PROCESS":{"BASE_ADDRESS":8388608,"COMMAND_LINE":"C:\\ProgramData\\GooGet\\googet.exe update","FILE_IS_SIGNED":0,"FILE_PATH":"C:\\ProgramData\\GooGet\\googet.exe","HASH":"9ab693244ec4fe589fc54720c12385d443f4703237d4a28803df765042780297","MEMORY_USAGE":14802944,"PARENT_ATOM":"e583082c3131f150bbd6f25e6825611e","PARENT_PROCESS_ID":664,"PROCESS_ID":936,"THIS_ATOM":"d2c2f3b8357ed1c99c49f89e6848d25a","THREADS":7,"TIMESTAMP":1749602906186,"USER_NAME":"NT AUTHORITY\\SYSTEM"},"PROCESS_ID":936},"routing":{"arch":2,"did":"","event_id":"7ca5758e-e072-4971-a9e4-4ea10f0760b5","event_time":1749602906241,"event_type":"FIM_HIT","ext_ip":"34.171.104.183","hostname":"windows-server-2022-aac9c41d-e0a3-4e7e-88b8-33936ab93238-0.c.lc-demo-infra.internal.","iid":"09774cc8-cb43-4164-abd3-87230031c142","int_ip":"10.128.15.201","latency":851,"moduleid":2,"oid":"aac9c41d-e0a3-4e7e-88b8-33936ab93238","parent":"d2c2f3b8357ed1c99c49f89e6848d25a","plat":268435456,"sid":"17b8710a-7337-4e64-9c18-2955e86f2d0d","tags":["fim","lc:stable","windows"],"this":"76c879a8f8b76680c5df757d6848d25b"},"ts":"2025-06-11 00:48:26"}
{"event":{"ACTION":"modified","FILE_PATH":"C:\\ProgramData\\GooGet\\googet.log","HASH":"6a57297483be7a254970263ae3c00c0134b71902365baca8545965a61b895f50","PROCESS":{"BASE_ADDRESS":8388608,"COMMAND_LINE":"C:\\ProgramData\\GooGet\\googet.exe update","FILE_IS_SIGNED":0,"FILE_PATH":"C:\\ProgramData\\GooGet\\googet.exe","HASH":"9ab693244ec4fe589fc54720c12385d443f4703237d4a28803df765042780297","MEMORY_USAGE":14802944,"PARENT_ATOM":"e583082c3131f150bbd6f25e6825611e","PARENT_PROCESS_ID":664,"PROCESS_ID":936,"THIS_ATOM":"d2c2f3b8357ed1c99c49f89e6848d25a","THREADS":7,"TIMESTAMP":1749602906186,"USER_NAME":"NT AUTHORITY\\SYSTEM"},"PROCESS_ID":936},"routing":{"arch":2,"did":"","event_id":"c5bfd018-e47c-4258-9854-96bcde4f9ca1","event_time":1749602906246,"event_type":"FIM_HIT","ext_ip":"34.171.104.183","hostname":"windows-server-2022-aac9c41d-e0a3-4e7e-88b8-33936ab93238-0.c.lc-demo-infra.internal.","iid":"09774cc8-cb43-4164-abd3-87230031c142","int_ip":"10.128.15.201","latency":927,"moduleid":2,"oid":"aac9c41d-e0a3-4e7e-88b8-33936ab93238","parent":"d2c2f3b8357ed1c99c49f89e6848d25a","plat":268435456,"sid":"17b8710a-7337-4e64-9c18-2955e86f2d0d","tags":["fim","lc:stable","windows"],"this":"98bd2e5599e8e82c9a706c9c6848d25b"},"ts":"2025-06-11 00:48:26"}
{"event":{"ACTION":"modified","FILE_PATH":"C:\\ProgramData\\GooGet\\cache\\d1113db916c9bf34f48262f24f2e7e0392d14d5409e4dcff26b3aa26ef8ea1c4.rs","HASH":"062460287ccf5defb0e98dad59f17a62ab4731a6bdcb0a0a864a1104b2d9062f","PROCESS":{"BASE_ADDRESS":8388608,"COMMAND_LINE":"C:\\ProgramData\\GooGet\\googet.exe update","FILE_IS_SIGNED":0,"FILE_PATH":"C:\\ProgramData\\GooGet\\googet.exe","HASH":"9ab693244ec4fe589fc54720c12385d443f4703237d4a28803df765042780297","MEMORY_USAGE":14802944,"PARENT_ATOM":"e583082c3131f150bbd6f25e6825611e","PARENT_PROCESS_ID":664,"PROCESS_ID":936,"THIS_ATOM":"d2c2f3b8357ed1c99c49f89e6848d25a","THREADS":7,"TIMESTAMP":1749602906186,"USER_NAME":"NT AUTHORITY\\SYSTEM"},"PROCESS_ID":936},"routing":{"arch":2,"did":"","event_id":"1878c987-e331-4071-a817-05e998f93577","event_time":1749602906347,"event_type":"FIM_HIT","ext_ip":"34.171.104.183","hostname":"windows-server-2022-aac9c41d-e0a3-4e7e-88b8-33936ab93238-0.c.lc-demo-infra.internal.","iid":"09774cc8-cb43-4164-abd3-87230031c142","int_ip":"10.128.15.201","latency":828,"moduleid":2,"oid":"aac9c41d-e0a3-4e7e-88b8-33936ab93238","parent":"d2c2f3b8357ed1c99c49f89e6848d25a","plat":268435456,"sid":"17b8710a-7337-4e64-9c18-2955e86f2d0d","tags":["fim","lc:stable","windows"],"this":"718ee7160f15b158563d31cb6848d25b"},"ts":"2025-06-11 00:48:26"}
{"event":{"ACTION":"modified","FILE_PATH":"C:\\ProgramData\\GooGet\\cache\\d1113db916c9bf34f48262f24f2e7e0392d14d5409e4dcff26b3aa26ef8ea1c4.url","HASH":"d1113db916c9bf34f48262f24f2e7e0392d14d5409e4dcff26b3aa26ef8ea1c4","PROCESS":{"BASE_ADDRESS":8388608,"COMMAND_LINE":"C:\\ProgramData\\GooGet\\googet.exe update","FILE_IS_SIGNED":0,"FILE_PATH":"C:\\ProgramData\\GooGet\\googet.exe","HASH":"9ab693244ec4fe589fc54720c12385d443f4703237d4a28803df765042780297","MEMORY_USAGE":14802944,"PARENT_ATOM":"e583082c3131f150bbd6f25e6825611e","PARENT_PROCESS_ID":664,"PROCESS_ID":936,"THIS_ATOM":"d2c2f3b8357ed1c99c49f89e6848d25a","THREADS":7,"TIMESTAMP":1749602906186,"USER_NAME":"NT AUTHORITY\\SYSTEM"},"PROCESS_ID":936},"routing":{"arch":2,"did":"","event_id":"1c109ae6-8839-4290-89b9-36d258074b25","event_time":1749602906347,"event_type":"FIM_HIT","ext_ip":"34.171.104.183","hostname":"windows-server-2022-aac9c41d-e0a3-4e7e-88b8-33936ab93238-0.c.lc-demo-infra.internal.","iid":"09774cc8-cb43-4164-abd3-87230031c142","int_ip":"10.128.15.201","latency":828,"moduleid":2,"oid":"aac9c41d-e0a3-4e7e-88b8-33936ab93238","parent":"d2c2f3b8357ed1c99c49f89e6848d25a","plat":268435456,"sid":"17b8710a-7337-4e64-9c18-2955e86f2d0d","tags":["fim","lc:stable","windows"],"this":"f0b55b3e203f6d419417a0006848d25b"},"ts":"2025-06-11 00:48:26"}
{"event":{"ACTION":"removed","FILE_PATH":"C:\\ProgramData\\GooGet\\googet.lock","PROCESS":{"BASE_ADDRESS":8388608,"COMMAND_LINE":"C:\\ProgramData\\GooGet\\googet.exe update","FILE_IS_SIGNED":0,"FILE_PATH":"C:\\ProgramData\\GooGet\\googet.exe","HASH":"9ab693244ec4fe589fc54720c12385d443f4703237d4a28803df765042780297","MEMORY_USAGE":14802944,"PARENT_ATOM":"e583082c3131f150bbd6f25e6825611e","PARENT_PROCESS_ID":664,"PROCESS_ID":936,"THIS_ATOM":"d2c2f3b8357ed1c99c49f89e6848d25a","THREADS":7,"TIMESTAMP":1749602906186,"USER_NAME":"NT AUTHORITY\\SYSTEM"},"PROCESS_ID":936},"routing":{"arch":2,"did":"","event_id":"a009d0c4-121f-4412-9b79-fa715f5d4aee","event_time":1749602906353,"event_type":"FIM_HIT","ext_ip":"34.171.104.183","hostname":"windows-server-2022-aac9c41d-e0a3-4e7e-88b8-33936ab93238-0.c.lc-demo-infra.internal.","iid":"09774cc8-cb43-4164-abd3-87230031c142","int_ip":"10.128.15.201","latency":823,"moduleid":2,"oid":"aac9c41d-e0a3-4e7e-88b8-33936ab93238","parent":"d2c2f3b8357ed1c99c49f89e6848d25a","plat":268435456,"sid":"17b8710a-7337-4e64-9c18-2955e86f2d0d","tags":["fim","lc:stable","windows"],"this":"66f7c60cd9085d6faab996cf6848d25b"},"ts":"2025-06-11 00:48:26"}
{"event":{"BASE_ADDRESS":2162688,"COMMAND_LINE":"\"C:\\Program Files\\Google\\OSConfig\\google_osconfig_agent.exe\" wuaupdates IsInstalled=0","FILE_IS_SIGNED":1,"FILE_PATH":"C:\\Program Files\\Google\\OSConfig\\google_osconfig_agent.exe","HASH":"5749b2693aaf2042fb068b00ee5b29614b738545f9f3bcc9028597a49d7a3714","MEMORY_USAGE":23678976,"PARENT":{"BASE_ADDRESS":2162688,"COMMAND_LINE":"\"C:\\Program Files\\Google\\OSConfig\\google_osconfig_agent.exe\"","CREATION_TIME":1747280143066,"FILE_IS_SIGNED":1,"FILE_PATH":"C:\\Program Files\\Google\\OSConfig\\google_osconfig_agent.exe","HASH":"5749b2693aaf2042fb068b00ee5b29614b738545f9f3bcc9028597a49d7a3714","MEMORY_USAGE":21397504,"PARENT_ATOM":"b56d4120493c4260490c5b186825611e","PARENT_PROCESS_ID":628,"PROCESS_ID":664,"THIS_ATOM":"e583082c3131f150bbd6f25e6825611e","THREADS":13,"TIMESTAMP":1747280158629,"USER_NAME":"NT AUTHORITY\\SYSTEM"},"PARENT_PROCESS_ID":664,"PROCESS_ID":2080,"THREADS":12,"USER_NAME":"NT AUTHORITY\\SYSTEM"},"routing":{"arch":2,"did":"","event_id":"4e8d07b7-f94c-49d1-aed8-bd9a48d2856a","event_time":1749602906371,"event_type":"NEW_PROCESS","ext_ip":"34.171.104.183","hostname":"windows-server-2022-aac9c41d-e0a3-4e7e-88b8-33936ab93238-0.c.lc-demo-infra.internal.","iid":"09774cc8-cb43-4164-abd3-87230031c142","int_ip":"10.128.15.201","latency":961,"moduleid":2,"oid":"aac9c41d-e0a3-4e7e-88b8-33936ab93238","parent":"e583082c3131f150bbd6f25e6825611e","plat":268435456,"sid":"17b8710a-7337-4e64-9c18-2955e86f2d0d","tags":["fim","lc:stable","windows"],"this":"45bd618507b4979e8fd706bb6848d25b"},"ts":"2025-06-11 00:48:26"}
{"event":{"BASE_ADDRESS":140700357165056,"COMMAND_LINE":"\\??\\C:\\Windows\\system32\\conhost.exe 0xffffffff -ForceV1","FILE_IS_SIGNED":1,"FILE_PATH":"C:\\Windows\\System32\\Conhost.exe","HASH":"91c5c21d07fbc2f5344dc2a5e9e0b83a9f051f92d3dc2b25ff1c18ad96ae773a","MEMORY_USAGE":13856768,"PARENT":{"BASE_ADDRESS":2162688,"COMMAND_LINE":"\"C:\\Program Files\\Google\\OSConfig\\google_osconfig_agent.exe\" wuaupdates IsInstalled=0","FILE_IS_SIGNED":1,"FILE_PATH":"C:\\Program Files\\Google\\OSConfig\\google_osconfig_agent.exe","HASH":"5749b2693aaf2042fb068b00ee5b29614b738545f9f3bcc9028597a49d7a3714","MEMORY_USAGE":23678976,"PARENT_ATOM":"e583082c3131f150bbd6f25e6825611e","PARENT_PROCESS_ID":664,"PROCESS_ID":2080,"THIS_ATOM":"45bd618507b4979e8fd706bb6848d25b","THREADS":12,"TIMESTAMP":1749602906371,"USER_NAME":"NT AUTHORITY\\SYSTEM"},"PARENT_PROCESS_ID":2080,"PROCESS_ID":5224,"THREADS":6,"USER_NAME":"NT AUTHORITY\\SYSTEM"},"routing":{"arch":2,"did":"","event_id":"c3d25d92-9a6f-45e4-a206-068bdd0aa721","event_time":1749602906375,"event_type":"NEW_PROCESS","ext_ip":"34.171.104.183","hostname":"windows-server-2022-aac9c41d-e0a3-4e7e-88b8-33936ab93238-0.c.lc-demo-infra.internal.","iid":"09774cc8-cb43-4164-abd3-87230031c142","int_ip":"10.128.15.201","latency":965,"moduleid":2,"oid":"aac9c41d-e0a3-4e7e-88b8-33936ab93238","parent":"45bd618507b4979e8fd706bb6848d25b","plat":268435456,"sid":"17b8710a-7337-4e64-9c18-2955e86f2d0d","tags":["fim","lc:stable","windows"],"this":"c57cf0defd9e4cfe38dfcc9a6848d25b"},"ts":"2025-06-11 00:48:26"}
{"event":{"PARENT_PROCESS_ID":664,"PROCESS_ID":7196},"routing":{"arch":2,"did":"","event_id":"c2907a05-7d82-451a-8050-93dd1cc2b82b","event_time":1749602906233,"event_type":"TERMINATE_PROCESS","ext_ip":"34.171.104.183","hostname":"windows-server-2022-aac9c41d-e0a3-4e7e-88b8-33936ab93238-0.c.lc-demo-infra.internal.","iid":"09774cc8-cb43-4164-abd3-87230031c142","int_ip":"10.128.15.201","latency":4049,"moduleid":2,"oid":"aac9c41d-e0a3-4e7e-88b8-33936ab93238","parent":"cfe1a27950882e43637584376848d255","plat":268435456,"sid":"17b8710a-7337-4e64-9c18-2955e86f2d0d","tags":["fim","lc:stable","windows"],"this":"abbb624e41e78716835d6d8f6848d25e"},"ts":"2025-06-11 00:48:26"}
{"event":{"PARENT_PROCESS_ID":7196,"PROCESS_ID":4172},"routing":{"arch":2,"did":"","event_id":"d4fbd34e-3dde-42eb-8b2e-e4518649cd66","event_time":1749602906233,"event_type":"TERMINATE_PROCESS","ext_ip":"34.171.104.183","hostname":"windows-server-2022-aac9c41d-e0a3-4e7e-88b8-33936ab93238-0.c.lc-demo-infra.internal.","iid":"09774cc8-cb43-4164-abd3-87230031c142","int_ip":"10.128.15.201","latency":4049,"moduleid":2,"oid":"aac9c41d-e0a3-4e7e-88b8-33936ab93238","parent":"8a996d5d44928de9f14a4bb66848d255","plat":268435456,"sid":"17b8710a-7337-4e64-9c18-2955e86f2d0d","tags":["fim","lc:stable","windows"],"this":"3e0f3df291c86a954ec8922a6848d25e"},"ts":"2025-06-11 00:48:26"}
{"event":{"ACTION":"modified","FILE_PATH":"C:\\Windows\\SoftwareDistribution\\DataStore\\Logs\\edb.log","HASH":"f63b632ee9d386df492e9b60dbfcdb57ae3743e7977bc81523048f01a7435682","PROCESS":{"BASE_ADDRESS":140699902017536,"COMMAND_LINE":"C:\\Windows\\system32\\svchost.exe -k netsvcs -p -s wuauserv","FILE_IS_SIGNED":1,"FILE_PATH":"C:\\Windows\\system32\\svchost.exe","HASH":"d7f10571f58adbe122f615b869eb42b05286770148067cbf88054c38f1bca4c4","MEMORY_USAGE":26820608,"PARENT_ATOM":"b56d4120493c4260490c5b186825611e","PARENT_PROCESS_ID":628,"PROCESS_ID":5972,"THIS_ATOM":"e8698090a70b1d48652145dc68373e26","THREADS":20,"TIMESTAMP":1748450853376,"USER_NAME":"NT AUTHORITY\\SYSTEM"},"PROCESS_ID":5972},"routing":{"arch":2,"did":"","event_id":"16ba6f47-e656-43f4-95d9-85fd0ece299c","event_time":1749602905218,"event_type":"FIM_HIT","ext_ip":"34.171.104.183","hostname":"windows-server-2022-aac9c41d-e0a3-4e7e-88b8-33936ab93238-0.c.lc-demo-infra.internal.","iid":"09774cc8-cb43-4164-abd3-87230031c142","int_ip":"10.128.15.201","latency":680,"moduleid":2,"oid":"aac9c41d-e0a3-4e7e-88b8-33936ab93238","parent":"e8698090a70b1d48652145dc68373e26","plat":268435456,"sid":"17b8710a-7337-4e64-9c18-2955e86f2d0d","tags":["fim","lc:stable","windows"],"this":"21ef807d91f7d78466ff0f686848d259"},"ts":"2025-06-11 00:48:25"}
{"event":{"ACTION":"modified","FILE_PATH":"C:\\Windows\\Logs\\CBS\\CBS.log","HASH":"b80d512b3e384325bbd19246f5f2872d551444342d6786568e3f48a11c533e99","PROCESS":{"BASE_ADDRESS":140699317829632,"COMMAND_LINE":"C:\\Windows\\winsxs\\amd64_microsoft-windows-servicingstack_31bf3856ad364e35_10.0.20348.3691_none_b1bc9560f9934ed7\\TiWorker.exe -Embedding","FILE_IS_SIGNED":1,"FILE_PATH":"C:\\Windows\\winsxs\\amd64_microsoft-windows-servicingstack_31bf3856ad364e35_10.0.20348.3691_none_b1bc9560f9934ed7\\TiWorker.exe","HASH":"08301a417991545830b55eacf276dd3d47ad0a1559ae477c34a65031c4de3caf","MEMORY_USAGE":14659584,"PARENT_ATOM":"32ab94087088c4967913285d68256120","PARENT_PROCESS_ID":756,"PROCESS_ID":4176,"THIS_ATOM":"fc24472b0dd67983ebe5dfbd6848d237","THREADS":8,"TIMESTAMP":1749602871342,"USER_NAME":"NT AUTHORITY\\SYSTEM"},"PROCESS_ID":4176},"routing":{"arch":2,"did":"","event_id":"cc50c988-5d6d-4b17-96e6-88dcbc5c3a4e","event_time":1749602905789,"event_type":"FIM_HIT","ext_ip":"34.171.104.183","hostname":"windows-server-2022-aac9c41d-e0a3-4e7e-88b8-33936ab93238-0.c.lc-demo-infra.internal.","iid":"09774cc8-cb43-4164-abd3-87230031c142","int_ip":"10.128.15.201","latency":203,"moduleid":2,"oid":"aac9c41d-e0a3-4e7e-88b8-33936ab93238","parent":"fc24472b0dd67983ebe5dfbd6848d237","plat":268435456,"sid":"17b8710a-7337-4e64-9c18-2955e86f2d0d","tags":["fim","lc:stable","windows"],"this":"09ee61cf1753f10e2912505f6848d259"},"ts":"2025-06-11 00:48:25"}
{"event":{"CNAME":"fe3.delivery.mp.microsoft.com","DNS_TYPE":5,"DOMAIN_NAME":"fe3cr.delivery.mp.microsoft.com","MESSAGE_ID":55153,"PROCESS_ID":1664},"routing":{"arch":2,"did":"","event_id":"e667fbb8-c85a-4397-af10-5513eb503592","event_time":1749602904357,"event_type":"DNS_REQUEST","ext_ip":"34.171.104.183","hostname":"windows-server-2022-aac9c41d-e0a3-4e7e-88b8-33936ab93238-0.c.lc-demo-infra.internal.","iid":"09774cc8-cb43-4164-abd3-87230031c142","int_ip":"10.128.15.201","latency":531,"moduleid":2,"oid":"aac9c41d-e0a3-4e7e-88b8-33936ab93238","parent":"c5c7b27cabe36d9ede5463b468256120","plat":268435456,"sid":"17b8710a-7337-4e64-9c18-2955e86f2d0d","tags":["fim","lc:stable","windows"],"this":"4f3ce996d8eba30902a28e5e6848d258"},"ts":"2025-06-11 00:48:24"}
{"event":{"CNAME":"glb.cws.prod.dcat.dsp.trafficmanager.net","DNS_TYPE":5,"DOMAIN_NAME":"fe3.delivery.mp.microsoft.com","MESSAGE_ID":55153,"PROCESS_ID":1664},"routing":{"arch":2,"did":"","event_id":"2483e22b-c16d-449a-aa3d-3032a9e8b285","event_time":1749602904357,"event_type":"DNS_REQUEST","ext_ip":"34.171.104.183","hostname":"windows-server-2022-aac9c41d-e0a3-4e7e-88b8-33936ab93238-0.c.lc-demo-infra.internal.","iid":"09774cc8-cb43-4164-abd3-87230031c142","int_ip":"10.128.15.201","latency":548,"moduleid":2,"oid":"aac9c41d-e0a3-4e7e-88b8-33936ab93238","parent":"c5c7b27cabe36d9ede5463b468256120","plat":268435456,"sid":"17b8710a-7337-4e64-9c18-2955e86f2d0d","tags":["fim","lc:stable","windows"],"this":"5356fab55c2705d0e5b07b2d6848d258"},"ts":"2025-06-11 00:48:24"}
{"event":{"DNS_TYPE":1,"DOMAIN_NAME":"glb.cws.prod.dcat.dsp.trafficmanager.net","IP_ADDRESS":"13.85.23.206","MESSAGE_ID":55153,"PROCESS_ID":1664},"routing":{"arch":2,"did":"","event_id":"c9519a96-dc56-477e-b7f3-0ca395b66df6","event_time":1749602904357,"event_type":"DNS_REQUEST","ext_ip":"34.171.104.183","hostname":"windows-server-2022-aac9c41d-e0a3-4e7e-88b8-33936ab93238-0.c.lc-demo-infra.internal.","iid":"09774cc8-cb43-4164-abd3-87230031c142","int_ip":"10.128.15.201","latency":562,"moduleid":2,"oid":"aac9c41d-e0a3-4e7e-88b8-33936ab93238","parent":"c5c7b27cabe36d9ede5463b468256120","plat":268435456,"sid":"17b8710a-7337-4e64-9c18-2955e86f2d0d","tags":["fim","lc:stable","windows"],"this":"211686d916a72ba5a280bb876848d258"},"ts":"2025-06-11 00:48:24"}
{"event":{"ACTION":"modified","FILE_PATH":"C:\\Windows\\SoftwareDistribution\\DataStore\\Logs\\edb.chk","HASH":"49c994c687bd582b0276df922011501391672c3633336214a9104973a1536b3b","PROCESS":{"BASE_ADDRESS":140699902017536,"COMMAND_LINE":"C:\\Windows\\system32\\svchost.exe -k netsvcs -p -s wuauserv","FILE_IS_SIGNED":1,"FILE_PATH":"C:\\Windows\\system32\\svchost.exe","HASH":"d7f10571f58adbe122f615b869eb42b05286770148067cbf88054c38f1bca4c4","MEMORY_USAGE":26820608,"PARENT_ATOM":"b56d4120493c4260490c5b186825611e","PARENT_PROCESS_ID":628,"PROCESS_ID":5972,"THIS_ATOM":"e8698090a70b1d48652145dc68373e26","THREADS":20,"TIMESTAMP":1748450853376,"USER_NAME":"NT AUTHORITY\\SYSTEM"},"PROCESS_ID":5972},"routing":{"arch":2,"did":"","event_id":"f408b2d8-d77a-4eb7-8388-1abad26f2949","event_time":1749602904811,"event_type":"FIM_HIT","ext_ip":"34.171.104.183","hostname":"windows-server-2022-aac9c41d-e0a3-4e7e-88b8-33936ab93238-0.c.lc-demo-infra.internal.","iid":"09774cc8-cb43-4164-abd3-87230031c142","int_ip":"10.128.15.201","latency":1071,"moduleid":2,"oid":"aac9c41d-e0a3-4e7e-88b8-33936ab93238","parent":"e8698090a70b1d48652145dc68373e26","plat":268435456,"sid":"17b8710a-7337-4e64-9c18-2955e86f2d0d","tags":["fim","lc:stable","windows"],"this":"c6f1ff183b83cf17d414a57d6848d259"},"ts":"2025-06-11 00:48:24"}
{"event":{"EXECUTABLE":"%SystemRoot%\\servicing\\TrustedInstaller.exe","FILE_IS_SIGNED":1,"HASH":"7f0e3e2682a24a6b27484226cc0c7b30f837ea08b01f82c7b7ac094bf0a88ce5","PROCESS_ID":18064,"SVC_DISPLAY_NAME":"Windows Modules Installer","SVC_NAME":"TrustedInstaller","SVC_STATE":4,"SVC_TYPE":16},"routing":{"arch":2,"did":"","event_id":"a01e2481-6389-417b-acfb-c3af3864c941","event_time":1749602903051,"event_type":"SERVICE_CHANGE","ext_ip":"34.58.90.170","hostname":"desktop-c2a1841.c.lc-demo-infra.internal.","iid":"09774cc8-cb43-4164-abd3-87230031c142","int_ip":"10.128.15.200","latency":-29,"moduleid":2,"oid":"aac9c41d-e0a3-4e7e-88b8-33936ab93238","plat":268435456,"sid":"c4ba6121-d13d-4871-82f8-4b5c5556761e","tags":["lc:testtag","windows"],"this":"1e53ee3a7508eb78b463aef96848d257"},"ts":"2025-06-11 00:48:23"}
{"event":{"ACTION":"modified","FILE_PATH":"C:\\Windows\\SoftwareDistribution\\DataStore\\Logs\\edb.log","HASH":"33844babb8bbcdaed1699ec641aafeca76c3b95a45c5fe0243c76e251248487d","PROCESS":{"BASE_ADDRESS":140699902017536,"COMMAND_LINE":"C:\\Windows\\system32\\svchost.exe -k netsvcs -p -s wuauserv","FILE_IS_SIGNED":1,"FILE_PATH":"C:\\Windows\\system32\\svchost.exe","HASH":"d7f10571f58adbe122f615b869eb42b05286770148067cbf88054c38f1bca4c4","MEMORY_USAGE":26820608,"PARENT_ATOM":"b56d4120493c4260490c5b186825611e","PARENT_PROCESS_ID":628,"PROCESS_ID":5972,"THIS_ATOM":"e8698090a70b1d48652145dc68373e26","THREADS":20,"TIMESTAMP":1748450853376,"USER_NAME":"NT AUTHORITY\\SYSTEM"},"PROCESS_ID":5972},"routing":{"arch":2,"did":"","event_id":"d7205c7c-37d7-439c-8c33-cb48476b298d","event_time":1749602903092,"event_type":"FIM_HIT","ext_ip":"34.171.104.183","hostname":"windows-server-2022-aac9c41d-e0a3-4e7e-88b8-33936ab93238-0.c.lc-demo-infra.internal.","iid":"09774cc8-cb43-4164-abd3-87230031c142","int_ip":"10.128.15.201","latency":1390,"moduleid":2,"oid":"aac9c41d-e0a3-4e7e-88b8-33936ab93238","parent":"e8698090a70b1d48652145dc68373e26","plat":268435456,"sid":"17b8710a-7337-4e64-9c18-2955e86f2d0d","tags":["fim","lc:stable","windows"],"this":"1baa53a9a6c2c9229968ac056848d258"},"ts":"2025-06-11 00:48:23"}
{"event":{"ACTION":"modified","FILE_PATH":"C:\\Windows\\Logs\\CBS\\CBS.log","HASH":"91b84a33eced3151ed5692fb6f5eaac06df1cbc38d4fc981479628d7c695afd6","PROCESS":{"BASE_ADDRESS":140698117144576,"COMMAND_LINE":"C:\\Windows\\servicing\\TrustedInstaller.exe","FILE_IS_SIGNED":1,"FILE_PATH":"C:\\Windows\\servicing\\TrustedInstaller.exe","HASH":"ecbddd355d829c616b3936887a77638806c589fb2ca8bd13aa75de2c549c2c3a","MEMORY_USAGE":7966720,"PARENT_ATOM":"b56d4120493c4260490c5b186825611e","PARENT_PROCESS_ID":628,"PROCESS_ID":4928,"THIS_ATOM":"8777ac1d9e4249d92d1f90f16848d237","THREADS":8,"TIMESTAMP":1749602871310,"USER_NAME":"NT AUTHORITY\\SYSTEM"},"PROCESS_ID":4928},"routing":{"arch":2,"did":"","event_id":"27a62fb1-8f52-4216-ad69-27e75a8bc4ba","event_time":1749602903107,"event_type":"FIM_HIT","ext_ip":"34.171.104.183","hostname":"windows-server-2022-aac9c41d-e0a3-4e7e-88b8-33936ab93238-0.c.lc-demo-infra.internal.","iid":"09774cc8-cb43-4164-abd3-87230031c142","int_ip":"10.128.15.201","latency":1400,"moduleid":2,"oid":"aac9c41d-e0a3-4e7e-88b8-33936ab93238","parent":"8777ac1d9e4249d92d1f90f16848d237","plat":268435456,"sid":"17b8710a-7337-4e64-9c18-2955e86f2d0d","tags":["fim","lc:stable","windows"],"this":"13aa7ecd2d8695ab93d4cb836848d258"},"ts":"2025-06-11 00:48:23"}
{"event":{"ACTION":"modified","FILE_PATH":"C:\\Windows\\Logs\\CBS\\CBS.log","HASH":"91b84a33eced3151ed5692fb6f5eaac06df1cbc38d4fc981479628d7c695afd6","PROCESS":{"BASE_ADDRESS":140698117144576,"COMMAND_LINE":"C:\\Windows\\servicing\\TrustedInstaller.exe","FILE_IS_SIGNED":1,"FILE_PATH":"C:\\Windows\\servicing\\TrustedInstaller.exe","HASH":"ecbddd355d829c616b3936887a77638806c589fb2ca8bd13aa75de2c549c2c3a","MEMORY_USAGE":7966720,"PARENT_ATOM":"b56d4120493c4260490c5b186825611e","PARENT_PROCESS_ID":628,"PROCESS_ID":4928,"THIS_ATOM":"8777ac1d9e4249d92d1f90f16848d237","THREADS":8,"TIMESTAMP":1749602871310,"USER_NAME":"NT AUTHORITY\\SYSTEM"},"PROCESS_ID":4928},"routing":{"arch":2,"did":"","event_id":"d938a2b0-b94b-4367-af69-c6d77c9f4041","event_time":1749602903123,"event_type":"FIM_HIT","ext_ip":"34.171.104.183","hostname":"windows-server-2022-aac9c41d-e0a3-4e7e-88b8-33936ab93238-0.c.lc-demo-infra.internal.","iid":"09774cc8-cb43-4164-abd3-87230031c142","int_ip":"10.128.15.201","latency":1460,"moduleid":2,"oid":"aac9c41d-e0a3-4e7e-88b8-33936ab93238","parent":"8777ac1d9e4249d92d1f90f16848d237","plat":268435456,"sid":"17b8710a-7337-4e64-9c18-2955e86f2d0d","tags":["fim","lc:stable","windows"],"this":"2cc9660d656a6ef682c870cd6848d258"},"ts":"2025-06-11 00:48:23"}
{"event":{"ACTION":"modified","FILE_PATH":"C:\\Windows\\Logs\\CBS\\CBS.log","HASH":"91b84a33eced3151ed5692fb6f5eaac06df1cbc38d4fc981479628d7c695afd6","PROCESS":{"BASE_ADDRESS":140698117144576,"COMMAND_LINE":"C:\\Windows\\servicing\\TrustedInstaller.exe","FILE_IS_SIGNED":1,"FILE_PATH":"C:\\Windows\\servicing\\TrustedInstaller.exe","HASH":"ecbddd355d829c616b3936887a77638806c589fb2ca8bd13aa75de2c549c2c3a","MEMORY_USAGE":7966720,"PARENT_ATOM":"b56d4120493c4260490c5b186825611e","PARENT_PROCESS_ID":628,"PROCESS_ID":4928,"THIS_ATOM":"8777ac1d9e4249d92d1f90f16848d237","THREADS":8,"TIMESTAMP":1749602871310,"USER_NAME":"NT AUTHORITY\\SYSTEM"},"PROCESS_ID":4928},"routing":{"arch":2,"did":"","event_id":"bea8d87a-dddf-4299-9a95-8e41e1e43f22","event_time":1749602903123,"event_type":"FIM_HIT","ext_ip":"34.171.104.183","hostname":"windows-server-2022-aac9c41d-e0a3-4e7e-88b8-33936ab93238-0.c.lc-demo-infra.internal.","iid":"09774cc8-cb43-4164-abd3-87230031c142","int_ip":"10.128.15.201","latency":1491,"moduleid":2,"oid":"aac9c41d-e0a3-4e7e-88b8-33936ab93238","parent":"8777ac1d9e4249d92d1f90f16848d237","plat":268435456,"sid":"17b8710a-7337-4e64-9c18-2955e86f2d0d","tags":["fim","lc:stable","windows"],"this":"67bf36bb9560aeb403d977b16848d258"},"ts":"2025-06-11 00:48:23"}
{"event":{"ACTION":"modified","FILE_PATH":"C:\\Windows\\Logs\\CBS\\CBS.log","HASH":"91b84a33eced3151ed5692fb6f5eaac06df1cbc38d4fc981479628d7c695afd6","PROCESS":{"BASE_ADDRESS":140698117144576,"COMMAND_LINE":"C:\\Windows\\servicing\\TrustedInstaller.exe","FILE_IS_SIGNED":1,"FILE_PATH":"C:\\Windows\\servicing\\TrustedInstaller.exe","HASH":"ecbddd355d829c616b3936887a77638806c589fb2ca8bd13aa75de2c549c2c3a","MEMORY_USAGE":7966720,"PARENT_ATOM":"b56d4120493c4260490c5b186825611e","PARENT_PROCESS_ID":628,"PROCESS_ID":4928,"THIS_ATOM":"8777ac1d9e4249d92d1f90f16848d237","THREADS":8,"TIMESTAMP":1749602871310,"USER_NAME":"NT AUTHORITY\\SYSTEM"},"PROCESS_ID":4928},"routing":{"arch":2,"did":"","event_id":"4fdf315a-b3a9-40eb-99b1-ccb43179fff6","event_time":1749602903123,"event_type":"FIM_HIT","ext_ip":"34.171.104.183","hostname":"windows-server-2022-aac9c41d-e0a3-4e7e-88b8-33936ab93238-0.c.lc-demo-infra.internal.","iid":"09774cc8-cb43-4164-abd3-87230031c142","int_ip":"10.128.15.201","latency":1559,"moduleid":2,"oid":"aac9c41d-e0a3-4e7e-88b8-33936ab93238","parent":"8777ac1d9e4249d92d1f90f16848d237","plat":268435456,"sid":"17b8710a-7337-4e64-9c18-2955e86f2d0d","tags":["fim","lc:stable","windows"],"this":"b8066a0151c5e153f147cf2f6848d258"},"ts":"2025-06-11 00:48:23"}
{"event":{"ACTION":"modified","FILE_PATH":"C:\\Windows\\Logs\\CBS\\CBS.log","HASH":"91b84a33eced3151ed5692fb6f5eaac06df1cbc38d4fc981479628d7c695afd6","PROCESS":{"BASE_ADDRESS":140698117144576,"COMMAND_LINE":"C:\\Windows\\servicing\\TrustedInstaller.exe","FILE_IS_SIGNED":1,"FILE_PATH":"C:\\Windows\\servicing\\TrustedInstaller.exe","HASH":"ecbddd355d829c616b3936887a77638806c589fb2ca8bd13aa75de2c549c2c3a","MEMORY_USAGE":7966720,"PARENT_ATOM":"b56d4120493c4260490c5b186825611e","PARENT_PROCESS_ID":628,"PROCESS_ID":4928,"THIS_ATOM":"8777ac1d9e4249d92d1f90f16848d237","THREADS":8,"TIMESTAMP":1749602871310,"USER_NAME":"NT AUTHORITY\\SYSTEM"},"PROCESS_ID":4928},"routing":{"arch":2,"did":"","event_id":"17690a09-bb92-46ca-965f-c7701315333b","event_time":1749602903123,"event_type":"FIM_HIT","ext_ip":"34.171.104.183","hostname":"windows-server-2022-aac9c41d-e0a3-4e7e-88b8-33936ab93238-0.c.lc-demo-infra.internal.","iid":"09774cc8-cb43-4164-abd3-87230031c142","int_ip":"10.128.15.201","latency":1600,"moduleid":2,"oid":"aac9c41d-e0a3-4e7e-88b8-33936ab93238","parent":"8777ac1d9e4249d92d1f90f16848d237","plat":268435456,"sid":"17b8710a-7337-4e64-9c18-2955e86f2d0d","tags":["fim","lc:stable","windows"],"this":"2754cc413a8cb9b179d9b0826848d258"},"ts":"2025-06-11 00:48:23"}
{"event":{"ACTION":"modified","FILE_PATH":"C:\\Windows\\Logs\\CBS\\CBS.log","HASH":"91b84a33eced3151ed5692fb6f5eaac06df1cbc38d4fc981479628d7c695afd6","PROCESS":{"BASE_ADDRESS":140698117144576,"COMMAND_LINE":"C:\\Windows\\servicing\\TrustedInstaller.exe","FILE_IS_SIGNED":1,"FILE_PATH":"C:\\Windows\\servicing\\TrustedInstaller.exe","HASH":"ecbddd355d829c616b3936887a77638806c589fb2ca8bd13aa75de2c549c2c3a","MEMORY_USAGE":7966720,"PARENT_ATOM":"b56d4120493c4260490c5b186825611e","PARENT_PROCESS_ID":628,"PROCESS_ID":4928,"THIS_ATOM":"8777ac1d9e4249d92d1f90f16848d237","THREADS":8,"TIMESTAMP":1749602871310,"USER_NAME":"NT AUTHORITY\\SYSTEM"},"PROCESS_ID":4928},"routing":{"arch":2,"did":"","event_id":"c9b9af99-39c2-4c19-84ea-8d8d41143426","event_time":1749602903123,"event_type":"FIM_HIT","ext_ip":"34.171.104.183","hostname":"windows-server-2022-aac9c41d-e0a3-4e7e-88b8-33936ab93238-0.c.lc-demo-infra.internal.","iid":"09774cc8-cb43-4164-abd3-87230031c142","int_ip":"10.128.15.201","latency":1659,"moduleid":2,"oid":"aac9c41d-e0a3-4e7e-88b8-33936ab93238","parent":"8777ac1d9e4249d92d1f90f16848d237","plat":268435456,"sid":"17b8710a-7337-4e64-9c18-2955e86f2d0d","tags":["fim","lc:stable","windows"],"this":"b59fac1e0175339ca853cf826848d258"},"ts":"2025-06-11 00:48:23"}
{"event":{"ACTION":"modified","FILE_PATH":"C:\\Windows\\Logs\\CBS\\CBS.log","HASH":"91b84a33eced3151ed5692fb6f5eaac06df1cbc38d4fc981479628d7c695afd6","PROCESS":{"BASE_ADDRESS":140698117144576,"COMMAND_LINE":"C:\\Windows\\servicing\\TrustedInstaller.exe","FILE_IS_SIGNED":1,"FILE_PATH":"C:\\Windows\\servicing\\TrustedInstaller.exe","HASH":"ecbddd355d829c616b3936887a77638806c589fb2ca8bd13aa75de2c549c2c3a","MEMORY_USAGE":7966720,"PARENT_ATOM":"b56d4120493c4260490c5b186825611e","PARENT_PROCESS_ID":628,"PROCESS_ID":4928,"THIS_ATOM":"8777ac1d9e4249d92d1f90f16848d237","THREADS":8,"TIMESTAMP":1749602871310,"USER_NAME":"NT AUTHORITY\\SYSTEM"},"PROCESS_ID":4928},"routing":{"arch":2,"did":"","event_id":"6678ff38-3325-4f58-a89e-03612034f430","event_time":1749602903139,"event_type":"FIM_HIT","ext_ip":"34.171.104.183","hostname":"windows-server-2022-aac9c41d-e0a3-4e7e-88b8-33936ab93238-0.c.lc-demo-infra.internal.","iid":"09774cc8-cb43-4164-abd3-87230031c142","int_ip":"10.128.15.201","latency":1700,"moduleid":2,"oid":"aac9c41d-e0a3-4e7e-88b8-33936ab93238","parent":"8777ac1d9e4249d92d1f90f16848d237","plat":268435456,"sid":"17b8710a-7337-4e64-9c18-2955e86f2d0d","tags":["fim","lc:stable","windows"],"this":"6f615dc1034af3b916f3da636848d258"},"ts":"2025-06-11 00:48:23"}
{"event":{"ACTION":"removed","FILE_PATH":"C:\\Windows\\Logs\\WindowsUpdate\\WindowsUpdate.20250528.164733.392.1376.etl","PROCESS":{"BASE_ADDRESS":140699902017536,"COMMAND_LINE":"C:\\Windows\\system32\\svchost.exe -k netsvcs -p -s wuauserv","FILE_IS_SIGNED":1,"FILE_PATH":"C:\\Windows\\system32\\svchost.exe","HASH":"d7f10571f58adbe122f615b869eb42b05286770148067cbf88054c38f1bca4c4","MEMORY_USAGE":26820608,"PARENT_ATOM":"b56d4120493c4260490c5b186825611e","PARENT_PROCESS_ID":628,"PROCESS_ID":5972,"THIS_ATOM":"e8698090a70b1d48652145dc68373e26","THREADS":20,"TIMESTAMP":1748450853376,"USER_NAME":"NT AUTHORITY\\SYSTEM"},"PROCESS_ID":5972},"routing":{"arch":2,"did":"","event_id":"f3d19fb0-4704-41d8-bb8f-559cc645c69b","event_time":1749602903170,"event_type":"FIM_HIT","ext_ip":"34.171.104.183","hostname":"windows-server-2022-aac9c41d-e0a3-4e7e-88b8-33936ab93238-0.c.lc-demo-infra.internal.","iid":"09774cc8-cb43-4164-abd3-87230031c142","int_ip":"10.128.15.201","latency":1669,"moduleid":2,"oid":"aac9c41d-e0a3-4e7e-88b8-33936ab93238","parent":"e8698090a70b1d48652145dc68373e26","plat":268435456,"sid":"17b8710a-7337-4e64-9c18-2955e86f2d0d","tags":["fim","lc:stable","windows"],"this":"c2f901ee4e3c03dd19077d646848d258"},"ts":"2025-06-11 00:48:23"}
{"event":{"PARENT_PROCESS_ID":2232,"PROCESS_ID":19300},"routing":{"arch":2,"did":"","event_id":"7ec52bb8-6056-4725-abbd-6daf1b28eba7","event_time":1749602903098,"event_type":"TERMINATE_PROCESS","ext_ip":"34.58.90.170","hostname":"desktop-c2a1841.c.lc-demo-infra.internal.","iid":"09774cc8-cb43-4164-abd3-87230031c142","int_ip":"10.128.15.200","latency":3974,"moduleid":2,"oid":"aac9c41d-e0a3-4e7e-88b8-33936ab93238","parent":"f8635441211a0016ed10c7bc6848d254","plat":268435456,"sid":"c4ba6121-d13d-4871-82f8-4b5c5556761e","tags":["lc:testtag","windows"],"this":"b17a26c84ead60d233929f9d6848d25b"},"ts":"2025-06-11 00:48:23"}
{"event":{"EVENT":{"EventData":{"param1":"Software Protection","param2":"running"},"System":{"Channel":"System","Computer":"windows-server-2022-aac9c41d-e0a3-4e7e-88b8-33936ab93238-0","Correlation":"","EventID":{"Qualifiers":"16384","content":"7036"},"EventRecordID":"83844","Execution":{"ProcessID":"628","ThreadID":"6448"},"Keywords":"0x8080000000000000","Level":"4","Opcode":"0","Provider":{"EventSourceName":"Service Control Manager","Guid":"{555908d1-a6d7-4695-8e1e-26931d2012f4}","Name":"Service Control Manager"},"Security":"","Task":"0","TimeCreated":{"SystemTime":"2025-06-11T00:48:21.3256006Z"},"Version":"0","_event_id":"7036"}}},"routing":{"arch":2,"did":"","event_id":"4666b23e-f5cf-4b20-be6d-a6473295009e","event_time":1749602902248,"event_type":"WEL","ext_ip":"34.171.104.183","hostname":"windows-server-2022-aac9c41d-e0a3-4e7e-88b8-33936ab93238-0.c.lc-demo-infra.internal.","iid":"09774cc8-cb43-4164-abd3-87230031c142","int_ip":"10.128.15.201","latency":37,"moduleid":2,"oid":"aac9c41d-e0a3-4e7e-88b8-33936ab93238","plat":268435456,"sid":"17b8710a-7337-4e64-9c18-2955e86f2d0d","tags":["fim","lc:stable","windows"],"this":"cd455a0fb12044edf9f8a5716848d256"},"ts":"2025-06-11 00:48:22"}
